<?xml version="1.0" encoding="UTF-8"?>
<testsuite name="TestSuite" time="636.301" tests="1" errors="0" skipped="0" failures="1">
  <properties>
    <property name="java.runtime.name" value="Java(TM) SE Runtime Environment"/>
    <property name="sun.boot.library.path" value="C:\Program Files\Java\jdk1.8.0_261\jre\bin"/>
    <property name="java.vm.version" value="25.191-b12"/>
    <property name="java.vm.vendor" value="Oracle Corporation"/>
    <property name="maven.multiModuleProjectDirectory" value="D:\Users\VermaC\Workspace1\MeerQATS_Cucumber_RestAssured\MeerQATS_Cucumber_RestAssured"/>
    <property name="java.vendor.url" value="http://java.oracle.com/"/>
    <property name="path.separator" value=";"/>
    <property name="guice.disable.misplaced.annotation.check" value="true"/>
    <property name="java.vm.name" value="Java HotSpot(TM) 64-Bit Server VM"/>
    <property name="file.encoding.pkg" value="sun.io"/>
    <property name="user.script" value=""/>
    <property name="user.country" value="US"/>
    <property name="sun.java.launcher" value="SUN_STANDARD"/>
    <property name="sun.os.patch.level" value=""/>
    <property name="java.vm.specification.name" value="Java Virtual Machine Specification"/>
    <property name="user.dir" value="D:\Users\VermaC\Workspace1\MeerQATS_Cucumber_RestAssured\MeerQATS_Cucumber_RestAssured"/>
    <property name="java.runtime.version" value="1.8.0_191-b12"/>
    <property name="java.awt.graphicsenv" value="sun.awt.Win32GraphicsEnvironment"/>
    <property name="java.endorsed.dirs" value="C:\Program Files\Java\jdk1.8.0_261\jre\lib\endorsed"/>
    <property name="os.arch" value="amd64"/>
    <property name="java.io.tmpdir" value="D:\Users\VermaC\AppData\Local\Temp\1\"/>
    <property name="line.separator" value="&#10;"/>
    <property name="java.vm.specification.vendor" value="Oracle Corporation"/>
    <property name="user.variant" value=""/>
    <property name="os.name" value="Windows 10"/>
    <property name="classworlds.conf" value="D:\Users\VermaC\Workspace1\.metadata\.plugins\org.eclipse.m2e.launching\launches\m2conf804916390538952020.tmp"/>
    <property name="sun.jnu.encoding" value="Cp1252"/>
    <property name="java.library.path" value="C:\Program Files\Java\jdk1.8.0_261\bin;C:\Windows\Sun\Java\bin;C:\Windows\system32;C:\Windows;C:/Program Files/Java/jre1.8.0_261/bin/server;C:/Program Files/Java/jre1.8.0_261/bin;C:/Program Files/Java/jre1.8.0_261/lib/amd64;C:\Program Files (x86)\Common Files\Oracle\Java\javapath;C:\Progra~1\Sybase\DataAccess\ADONET\dll;C:\Progra~1\Sybase\DataAccess\ODBC\dll;C:\Progra~1\Sybase\DataAccess\OLEDB\dll;C:\Progra~1\Sybase\OCS-15_0\lib3p;C:\Progra~1\Sybase\OCS-15_0\dll;C:\Progra~1\Sybase\OCS-15_0\bin;C:\Windows\system32;C:\Windows;C:\Windows\System32\Wbem;C:\Windows\System32\WindowsPowerShell\v1.0\;C:\Windows\System32\OpenSSH\;C:\PROGRA~1\Mercury\PERFOR~1\java\J-INTE~1\com\bin;C:\PROGRA~1\Mercury\PERFOR~1\DbSetup;C:\PROGRA~1\Mercury\PERFOR~1\bin;C:\Program Files (x86)\Sennheiser\SoftphoneSDK\;C:\Program Files\dotnet\;C:\Program Files\Microsoft SQL Server\130\Tools\Binn\;C:\Program Files (x86)\Common Files\Hitachi ID\;C:\Program Files\Common Files\Hitachi ID\;D:\Users\VermaC\AppData\Local\Microsoft\WindowsApps;D:\Users\VermaC\workspace\MeerQATS\Git\cmd;C:\Program Files\Eclipse Jee Neon 3;;."/>
    <property name="java.specification.name" value="Java Platform API Specification"/>
    <property name="java.class.version" value="52.0"/>
    <property name="sun.management.compiler" value="HotSpot 64-Bit Tiered Compilers"/>
    <property name="os.version" value="10.0"/>
    <property name="user.home" value="D:\Users\VermaC"/>
    <property name="user.timezone" value="Asia/Calcutta"/>
    <property name="java.awt.printerjob" value="sun.awt.windows.WPrinterJob"/>
    <property name="java.specification.version" value="1.8"/>
    <property name="file.encoding" value="Cp1252"/>
    <property name="user.name" value="VermaC"/>
    <property name="java.class.path" value="/C:/Program Files/Eclipse Jee Neon 3/plugins/org.eclipse.m2e.maven.runtime_1.7.0.20160603-1931/jars/plexus-classworlds-2.5.2.jar"/>
    <property name="java.vm.specification.version" value="1.8"/>
    <property name="sun.arch.data.model" value="64"/>
    <property name="java.home" value="C:\Program Files\Java\jdk1.8.0_261\jre"/>
    <property name="sun.java.command" value="org.codehaus.plexus.classworlds.launcher.Launcher -B clean install"/>
    <property name="java.specification.vendor" value="Oracle Corporation"/>
    <property name="user.language" value="en"/>
    <property name="awt.toolkit" value="sun.awt.windows.WToolkit"/>
    <property name="java.vm.info" value="mixed mode"/>
    <property name="java.version" value="1.8.0_191"/>
    <property name="java.ext.dirs" value="C:\Program Files\Java\jdk1.8.0_261\jre\lib\ext;C:\Windows\Sun\Java\lib\ext"/>
    <property name="sun.boot.class.path" value="C:\Program Files\Java\jdk1.8.0_261\jre\lib\resources.jar;C:\Program Files\Java\jdk1.8.0_261\jre\lib\rt.jar;C:\Program Files\Java\jdk1.8.0_261\jre\lib\sunrsasign.jar;C:\Program Files\Java\jdk1.8.0_261\jre\lib\jsse.jar;C:\Program Files\Java\jdk1.8.0_261\jre\lib\jce.jar;C:\Program Files\Java\jdk1.8.0_261\jre\lib\charsets.jar;C:\Program Files\Java\jdk1.8.0_261\jre\lib\jfr.jar;C:\Program Files\Java\jdk1.8.0_261\jre\classes"/>
    <property name="java.vendor" value="Oracle Corporation"/>
    <property name="maven.home" value="D:\Users\VermaC\Workspace1\MeerQATS_Cucumber_RestAssured\MeerQATS_Cucumber_RestAssured\EMBEDDED"/>
    <property name="file.separator" value="\"/>
    <property name="java.vendor.url.bug" value="http://bugreport.sun.com/bugreport/"/>
    <property name="sun.cpu.endian" value="little"/>
    <property name="sun.io.unicode.encoding" value="UnicodeLittle"/>
    <property name="sun.desktop" value="windows"/>
    <property name="sun.cpu.isalist" value="amd64"/>
  </properties>
  <testcase name="feature" classname="com.moodys.meerqats.testrunner.Resttestrunner" time="636.301">
    <failure message="java.lang.AssertionError: 1 expectation failed.&#10;JSON path ratingActionID doesn&apos;t match.&#10;Expected: 3371271&#10;  Actual: [3318759, 3325243, 3329509, 3346017, 3371271, 3373783, 3374052, 3375156, 3375170, 3375201, 3376075, 3381022, 3383907, 3383986, 3383993, 3385652, 3393481, 3394715, 3396934, 3398123, 3400065, 3400077, 3400293, 3401494, 3401900, 3402839, 3418986, 3423753, 3424413, 3424413, 3425278, 3427740, 3427744, 3430533, 3433947, 3436316, 3437129, 3437632, 3438113, 3438118, 3438122, 3438419, 3439369, 3440084, 3440169, 3440475, 3440651, 3440779, 3440975, 3441068, 3441084, 3441164, 3442303, 3442401, 3442407, 3442411, 3442415, 3442422, 3442424, 3442426, 3442456, 3442462, 3442467, 3442475, 3443596, 3443606, 3443708, 3443711, 3443718, 3443723, 3443801, 3443898, 3443902, 3443907, 3443909, 3443911, 3443915, 3443916, 3443918, 3443934, 3443936, 3443938, 3443951, 3444518, 3444522, 3444524, 3444528, 3444534, 3444541, 3444543, 3444547, 3444549, 3444553, 3444571, 3444573, 3444577, 3444579, 3444585, 3444590, 3444598, 3444608, 3444794, 3445302, 3445307, 3445309, 3445315, 3445319, 3445331, 3445333, 3445337, 3445341, 3445343, 3445347, 3445349, 3445352, 3445354, 3445368, 3445566, 3445581, 3445603, 3445682, 3446178, 3446283, 3446298, 3446334, 3446340, 3446621, 3446876, 3446909, 3446933, 3446941, 3446957, 3446964, 3446998, 3447107, 3447109, 3447135, 3447288, 3447292, 3447295, 3447310, 3447325, 3447330, 3447349, 3447382, 3447384, 3447491, 3447622, 3447655, 3447788, 3447833, 3448146, 3448634, 3448710, 3448840, 3448851, 3448869, 3448950, 3449634, 3449927, 3449945, 3449952, 3449957, 3449967, 3449971, 3449980, 3449984, 3450002, 3450029, 3450031, 3450040, 3450045, 3450050, 3450052, 3450060, 3450062, 3450066, 3450068, 3450070, 3450072, 3450075, 3450078, 3450080, 3450086, 3450088, 3450090, 3450092, 3450109, 3450111, 3450113, 3450115, 3450119, 3450185, 3450305, 3450523, 3450538, 3450633, 3450774, 3450781, 3450788, 3450798, 3450803, 3450814, 3450826, 3450842, 3450851, 3450866, 3451241, 3451349, 3451382, 3451390, 3451398, 3451401, 3451403, 3451440, 3451454, 3451558, 3451595, 3451607, 3451705, 3451732, 3451744, 3451758, 3451761, 3451767, 3451991, 3452012, 3452073, 3452090, 3452208, 3452210, 3452224, 3452234, 3452314, 3452322, 3452428, 3452545, 3452583, 3453288, 3453345, 3453355, 3453538, 3453544, 3453627, 3453658, 3453674, 3453708, 3453776, 3453788, 3453837, 3453844, 3453966, 3454082, 3454140, 3454176, 3454336, 3454338, 3454551, 3454560, 3454595, 3454640, 3454723, 3454919, 3454941, 3455062, 3455070, 3455072, 3455082, 3455098, 3455121, 3455128, 3455139, 3455152, 3455154, 3455359, 3455363, 3455386, 3455396, 3455469, 3455493, 3455495, 3455513, 3455581, 3455585, 3455591, 3455620, 3456086, 3456178, 3456198, 3456222, 3456232, 3456367, 3456476, 3456502, 3456506, 3456538, 3456551, 3456590, 3456763, 3456772, 3456779, 3456798, 3456851, 3456859, 3456884, 3456912, 3456915, 3456933, 3456941, 3456941, 3456949, 3456963, 3456967, 3456980, 3456984, 3457009, 3457019, 3457064, 3457109, 3457189, 3457257, 3457265, 3457334, 3457337, 3457380, 3457470, 3457508, 3457516, 3457670, 3457681, 3457730, 3457736, 3457759, 3457816, 3457841, 3457921, 3458014, 3458018, 3458021, 3458031, 3458099, 3458185, 3458198, 3458245, 3458260, 3458284, 3458286, 3458319, 3458327, 3458331, 3458333, 3458339, 3458377, 3458384, 3458402, 3458407, 3458427, 3458464, 3458468, 3458477, 3458485, 3458665, 3458668, 3458676, 3458683, 3458718, 3458726, 3458734, 3458755, 3458797, 3458799, 3458808, 3458857, 3458881, 3458885, 3458892, 3458896, 3458898, 3458932, 3458937, 3458967, 3458971, 3458974, 3458993, 3458999, 3458999, 3459003, 3459035, 3459038, 3459040, 3459045, 3459048, 3459072, 3459079, 3459103, 3459115, 3459130, 3459137, 3459139, 3459146, 3459148, 3459180, 3459184, 3459219, 3459301, 3459369, 3459383, 3459405, 3459409, 3459411, 3459425, 3459428, 3459453, 3459455, 3459473, 3459489, 3459495, 3459525, 3459549, 3459785, 3459800, 3459803, 3459812, 3459818, 3459825, 3459833, 3459855, 3459896, 3459909, 3459934, 3459950, 3459968, 3459985, 3459987, 3460005, 3460015, 3460030, 3460036, 3460039, 3460050, 3460053, 3460056, 3460074, 3460082, 3460086, 3460090, 3460093, 3460107, 3460158, 3460184, 3460227, 3460264, 3460279, 3460339, 3460390, 3460401, 3460405, 3460419, 3460470, 3460485, 3460489, 3460508, 3460677, 3460705, 3460748, 3460915, 3460955, 3460962, 3461097]&#10;" type="cucumber.runtime.CucumberException">cucumber.runtime.CucumberException: java.lang.AssertionError: 1 expectation failed.
JSON path ratingActionID doesn't match.
Expected: 3371271
  Actual: [3318759, 3325243, 3329509, 3346017, 3371271, 3373783, 3374052, 3375156, 3375170, 3375201, 3376075, 3381022, 3383907, 3383986, 3383993, 3385652, 3393481, 3394715, 3396934, 3398123, 3400065, 3400077, 3400293, 3401494, 3401900, 3402839, 3418986, 3423753, 3424413, 3424413, 3425278, 3427740, 3427744, 3430533, 3433947, 3436316, 3437129, 3437632, 3438113, 3438118, 3438122, 3438419, 3439369, 3440084, 3440169, 3440475, 3440651, 3440779, 3440975, 3441068, 3441084, 3441164, 3442303, 3442401, 3442407, 3442411, 3442415, 3442422, 3442424, 3442426, 3442456, 3442462, 3442467, 3442475, 3443596, 3443606, 3443708, 3443711, 3443718, 3443723, 3443801, 3443898, 3443902, 3443907, 3443909, 3443911, 3443915, 3443916, 3443918, 3443934, 3443936, 3443938, 3443951, 3444518, 3444522, 3444524, 3444528, 3444534, 3444541, 3444543, 3444547, 3444549, 3444553, 3444571, 3444573, 3444577, 3444579, 3444585, 3444590, 3444598, 3444608, 3444794, 3445302, 3445307, 3445309, 3445315, 3445319, 3445331, 3445333, 3445337, 3445341, 3445343, 3445347, 3445349, 3445352, 3445354, 3445368, 3445566, 3445581, 3445603, 3445682, 3446178, 3446283, 3446298, 3446334, 3446340, 3446621, 3446876, 3446909, 3446933, 3446941, 3446957, 3446964, 3446998, 3447107, 3447109, 3447135, 3447288, 3447292, 3447295, 3447310, 3447325, 3447330, 3447349, 3447382, 3447384, 3447491, 3447622, 3447655, 3447788, 3447833, 3448146, 3448634, 3448710, 3448840, 3448851, 3448869, 3448950, 3449634, 3449927, 3449945, 3449952, 3449957, 3449967, 3449971, 3449980, 3449984, 3450002, 3450029, 3450031, 3450040, 3450045, 3450050, 3450052, 3450060, 3450062, 3450066, 3450068, 3450070, 3450072, 3450075, 3450078, 3450080, 3450086, 3450088, 3450090, 3450092, 3450109, 3450111, 3450113, 3450115, 3450119, 3450185, 3450305, 3450523, 3450538, 3450633, 3450774, 3450781, 3450788, 3450798, 3450803, 3450814, 3450826, 3450842, 3450851, 3450866, 3451241, 3451349, 3451382, 3451390, 3451398, 3451401, 3451403, 3451440, 3451454, 3451558, 3451595, 3451607, 3451705, 3451732, 3451744, 3451758, 3451761, 3451767, 3451991, 3452012, 3452073, 3452090, 3452208, 3452210, 3452224, 3452234, 3452314, 3452322, 3452428, 3452545, 3452583, 3453288, 3453345, 3453355, 3453538, 3453544, 3453627, 3453658, 3453674, 3453708, 3453776, 3453788, 3453837, 3453844, 3453966, 3454082, 3454140, 3454176, 3454336, 3454338, 3454551, 3454560, 3454595, 3454640, 3454723, 3454919, 3454941, 3455062, 3455070, 3455072, 3455082, 3455098, 3455121, 3455128, 3455139, 3455152, 3455154, 3455359, 3455363, 3455386, 3455396, 3455469, 3455493, 3455495, 3455513, 3455581, 3455585, 3455591, 3455620, 3456086, 3456178, 3456198, 3456222, 3456232, 3456367, 3456476, 3456502, 3456506, 3456538, 3456551, 3456590, 3456763, 3456772, 3456779, 3456798, 3456851, 3456859, 3456884, 3456912, 3456915, 3456933, 3456941, 3456941, 3456949, 3456963, 3456967, 3456980, 3456984, 3457009, 3457019, 3457064, 3457109, 3457189, 3457257, 3457265, 3457334, 3457337, 3457380, 3457470, 3457508, 3457516, 3457670, 3457681, 3457730, 3457736, 3457759, 3457816, 3457841, 3457921, 3458014, 3458018, 3458021, 3458031, 3458099, 3458185, 3458198, 3458245, 3458260, 3458284, 3458286, 3458319, 3458327, 3458331, 3458333, 3458339, 3458377, 3458384, 3458402, 3458407, 3458427, 3458464, 3458468, 3458477, 3458485, 3458665, 3458668, 3458676, 3458683, 3458718, 3458726, 3458734, 3458755, 3458797, 3458799, 3458808, 3458857, 3458881, 3458885, 3458892, 3458896, 3458898, 3458932, 3458937, 3458967, 3458971, 3458974, 3458993, 3458999, 3458999, 3459003, 3459035, 3459038, 3459040, 3459045, 3459048, 3459072, 3459079, 3459103, 3459115, 3459130, 3459137, 3459139, 3459146, 3459148, 3459180, 3459184, 3459219, 3459301, 3459369, 3459383, 3459405, 3459409, 3459411, 3459425, 3459428, 3459453, 3459455, 3459473, 3459489, 3459495, 3459525, 3459549, 3459785, 3459800, 3459803, 3459812, 3459818, 3459825, 3459833, 3459855, 3459896, 3459909, 3459934, 3459950, 3459968, 3459985, 3459987, 3460005, 3460015, 3460030, 3460036, 3460039, 3460050, 3460053, 3460056, 3460074, 3460082, 3460086, 3460090, 3460093, 3460107, 3460158, 3460184, 3460227, 3460264, 3460279, 3460339, 3460390, 3460401, 3460405, 3460419, 3460470, 3460485, 3460489, 3460508, 3460677, 3460705, 3460748, 3460915, 3460955, 3460962, 3461097]

	at cucumber.api.testng.TestNGCucumberRunner.runCucumber(TestNGCucumberRunner.java:69)
	at com.moodys.meerqats.testrunner.Resttestrunner.feature(Resttestrunner.java:38)
Caused by: java.lang.AssertionError: 1 expectation failed.
JSON path ratingActionID doesn't match.
Expected: 3371271
  Actual: [3318759, 3325243, 3329509, 3346017, 3371271, 3373783, 3374052, 3375156, 3375170, 3375201, 3376075, 3381022, 3383907, 3383986, 3383993, 3385652, 3393481, 3394715, 3396934, 3398123, 3400065, 3400077, 3400293, 3401494, 3401900, 3402839, 3418986, 3423753, 3424413, 3424413, 3425278, 3427740, 3427744, 3430533, 3433947, 3436316, 3437129, 3437632, 3438113, 3438118, 3438122, 3438419, 3439369, 3440084, 3440169, 3440475, 3440651, 3440779, 3440975, 3441068, 3441084, 3441164, 3442303, 3442401, 3442407, 3442411, 3442415, 3442422, 3442424, 3442426, 3442456, 3442462, 3442467, 3442475, 3443596, 3443606, 3443708, 3443711, 3443718, 3443723, 3443801, 3443898, 3443902, 3443907, 3443909, 3443911, 3443915, 3443916, 3443918, 3443934, 3443936, 3443938, 3443951, 3444518, 3444522, 3444524, 3444528, 3444534, 3444541, 3444543, 3444547, 3444549, 3444553, 3444571, 3444573, 3444577, 3444579, 3444585, 3444590, 3444598, 3444608, 3444794, 3445302, 3445307, 3445309, 3445315, 3445319, 3445331, 3445333, 3445337, 3445341, 3445343, 3445347, 3445349, 3445352, 3445354, 3445368, 3445566, 3445581, 3445603, 3445682, 3446178, 3446283, 3446298, 3446334, 3446340, 3446621, 3446876, 3446909, 3446933, 3446941, 3446957, 3446964, 3446998, 3447107, 3447109, 3447135, 3447288, 3447292, 3447295, 3447310, 3447325, 3447330, 3447349, 3447382, 3447384, 3447491, 3447622, 3447655, 3447788, 3447833, 3448146, 3448634, 3448710, 3448840, 3448851, 3448869, 3448950, 3449634, 3449927, 3449945, 3449952, 3449957, 3449967, 3449971, 3449980, 3449984, 3450002, 3450029, 3450031, 3450040, 3450045, 3450050, 3450052, 3450060, 3450062, 3450066, 3450068, 3450070, 3450072, 3450075, 3450078, 3450080, 3450086, 3450088, 3450090, 3450092, 3450109, 3450111, 3450113, 3450115, 3450119, 3450185, 3450305, 3450523, 3450538, 3450633, 3450774, 3450781, 3450788, 3450798, 3450803, 3450814, 3450826, 3450842, 3450851, 3450866, 3451241, 3451349, 3451382, 3451390, 3451398, 3451401, 3451403, 3451440, 3451454, 3451558, 3451595, 3451607, 3451705, 3451732, 3451744, 3451758, 3451761, 3451767, 3451991, 3452012, 3452073, 3452090, 3452208, 3452210, 3452224, 3452234, 3452314, 3452322, 3452428, 3452545, 3452583, 3453288, 3453345, 3453355, 3453538, 3453544, 3453627, 3453658, 3453674, 3453708, 3453776, 3453788, 3453837, 3453844, 3453966, 3454082, 3454140, 3454176, 3454336, 3454338, 3454551, 3454560, 3454595, 3454640, 3454723, 3454919, 3454941, 3455062, 3455070, 3455072, 3455082, 3455098, 3455121, 3455128, 3455139, 3455152, 3455154, 3455359, 3455363, 3455386, 3455396, 3455469, 3455493, 3455495, 3455513, 3455581, 3455585, 3455591, 3455620, 3456086, 3456178, 3456198, 3456222, 3456232, 3456367, 3456476, 3456502, 3456506, 3456538, 3456551, 3456590, 3456763, 3456772, 3456779, 3456798, 3456851, 3456859, 3456884, 3456912, 3456915, 3456933, 3456941, 3456941, 3456949, 3456963, 3456967, 3456980, 3456984, 3457009, 3457019, 3457064, 3457109, 3457189, 3457257, 3457265, 3457334, 3457337, 3457380, 3457470, 3457508, 3457516, 3457670, 3457681, 3457730, 3457736, 3457759, 3457816, 3457841, 3457921, 3458014, 3458018, 3458021, 3458031, 3458099, 3458185, 3458198, 3458245, 3458260, 3458284, 3458286, 3458319, 3458327, 3458331, 3458333, 3458339, 3458377, 3458384, 3458402, 3458407, 3458427, 3458464, 3458468, 3458477, 3458485, 3458665, 3458668, 3458676, 3458683, 3458718, 3458726, 3458734, 3458755, 3458797, 3458799, 3458808, 3458857, 3458881, 3458885, 3458892, 3458896, 3458898, 3458932, 3458937, 3458967, 3458971, 3458974, 3458993, 3458999, 3458999, 3459003, 3459035, 3459038, 3459040, 3459045, 3459048, 3459072, 3459079, 3459103, 3459115, 3459130, 3459137, 3459139, 3459146, 3459148, 3459180, 3459184, 3459219, 3459301, 3459369, 3459383, 3459405, 3459409, 3459411, 3459425, 3459428, 3459453, 3459455, 3459473, 3459489, 3459495, 3459525, 3459549, 3459785, 3459800, 3459803, 3459812, 3459818, 3459825, 3459833, 3459855, 3459896, 3459909, 3459934, 3459950, 3459968, 3459985, 3459987, 3460005, 3460015, 3460030, 3460036, 3460039, 3460050, 3460053, 3460056, 3460074, 3460082, 3460086, 3460090, 3460093, 3460107, 3460158, 3460184, 3460227, 3460264, 3460279, 3460339, 3460390, 3460401, 3460405, 3460419, 3460470, 3460485, 3460489, 3460508, 3460677, 3460705, 3460748, 3460915, 3460955, 3460962, 3461097]

	at sun.reflect.NativeConstructorAccessorImpl.newInstance0(Native Method)
	at sun.reflect.NativeConstructorAccessorImpl.newInstance(NativeConstructorAccessorImpl.java:62)
	at sun.reflect.DelegatingConstructorAccessorImpl.newInstance(DelegatingConstructorAccessorImpl.java:45)
	at java.lang.reflect.Constructor.newInstance(Constructor.java:423)
	at org.codehaus.groovy.reflection.CachedConstructor.invoke(CachedConstructor.java:83)
	at org.codehaus.groovy.reflection.CachedConstructor.doConstructorInvoke(CachedConstructor.java:77)
	at org.codehaus.groovy.runtime.callsite.ConstructorSite$ConstructorSiteNoUnwrap.callConstructor(ConstructorSite.java:84)
	at org.codehaus.groovy.runtime.callsite.CallSiteArray.defaultCallConstructor(CallSiteArray.java:59)
	at org.codehaus.groovy.runtime.callsite.AbstractCallSite.callConstructor(AbstractCallSite.java:238)
	at org.codehaus.groovy.runtime.callsite.AbstractCallSite.callConstructor(AbstractCallSite.java:250)
	at io.restassured.internal.ResponseSpecificationImpl$HamcrestAssertionClosure.validate(ResponseSpecificationImpl.groovy:494)
	at io.restassured.internal.ResponseSpecificationImpl$HamcrestAssertionClosure$validate$1.call(Unknown Source)
	at io.restassured.internal.ResponseSpecificationImpl.validateResponseIfRequired(ResponseSpecificationImpl.groovy:656)
	at sun.reflect.NativeMethodAccessorImpl.invoke0(Native Method)
	at sun.reflect.NativeMethodAccessorImpl.invoke(NativeMethodAccessorImpl.java:62)
	at sun.reflect.DelegatingMethodAccessorImpl.invoke(DelegatingMethodAccessorImpl.java:43)
	at java.lang.reflect.Method.invoke(Method.java:498)
	at org.codehaus.groovy.runtime.callsite.PogoMetaMethodSite$PogoCachedMethodSiteNoUnwrapNoCoerce.invoke(PogoMetaMethodSite.java:210)
	at org.codehaus.groovy.runtime.callsite.PogoMetaMethodSite.callCurrent(PogoMetaMethodSite.java:59)
	at org.codehaus.groovy.runtime.callsite.CallSiteArray.defaultCallCurrent(CallSiteArray.java:51)
	at org.codehaus.groovy.runtime.callsite.AbstractCallSite.callCurrent(AbstractCallSite.java:157)
	at org.codehaus.groovy.runtime.callsite.AbstractCallSite.callCurrent(AbstractCallSite.java:169)
	at io.restassured.internal.ResponseSpecificationImpl.content(ResponseSpecificationImpl.groovy:277)
	at io.restassured.specification.ResponseSpecification$content$1.callCurrent(Unknown Source)
	at org.codehaus.groovy.runtime.callsite.CallSiteArray.defaultCallCurrent(CallSiteArray.java:51)
	at org.codehaus.groovy.runtime.callsite.AbstractCallSite.callCurrent(AbstractCallSite.java:157)
	at org.codehaus.groovy.runtime.callsite.AbstractCallSite.callCurrent(AbstractCallSite.java:193)
	at io.restassured.internal.ResponseSpecificationImpl.body(ResponseSpecificationImpl.groovy:260)
	at io.restassured.internal.ValidatableResponseOptionsImpl.body(ValidatableResponseOptionsImpl.java:274)
	at com.moodys.meerqats.stepdefinitions.ACCURATE_NEW.response_includes_the_following(ACCURATE_NEW.java:48)
	at ✽.And response includes the following(src/main/java/Feature/ACCURATE_NEW.feature:6)
</failure>
    <system-out><![CDATA[Feature: Get Rating Actions For Accurate
[
    {
        "sourceSystem": "ACCURATE",
        "orgId": null,
        "ratingActionDesc": "Atmos Energy Corporation",
        "ratingActionID": "3318759",
        "ratingActionName": "Atmos Energy Corporation",
        "ratingCommitteeDate": null,
        "ratingOffice": "51",
        "ratingReleaseDate": "2020-09-25 10:36:41.0",
        "releaseDate": "2020-09-25 10:36:51.323",
        "lobname": "PPIF",
        "sublobname": "Infrastructure Finance",
        "region": "U.S.A. & Canada",
        "leadAnalystID": "31354",
        "leadAnalystName": "Robert Petrosino",
        "leadAnalystUniqueId": "petrosir",
        "analystEmail": "Robert.Petrosino@moodys.com",
        "analystLocation": "New York - 7 World Trade Center",
        "approverID": null,
        "approverName": " ",
        "officeName": "Moody's Investors Service, Inc.",
        "documentExceptionListingInd": "Y",
        "announcementInd": "",
        "automaticRating": "No",
        "definitiveRatingPrevProvisional": "No",
        "indicativeRatingInd": "N",
        "definitiveRatingInd": null,
        "linkedAnotherActionInd": "No",
        "privateRatingActionInd": "N",
        "provisionalRatingInd": "Y",
        "secondaryactionind": "No",
        "subsequentRatingInd": "Y",
        "contactPersonId": null,
        "complianceType": "CAMS",
        "complianceID": "",
        "ratingShellId": null,
        "ratingShellDS": null,
        "workItemStatus": null,
        "workItemType": null,
        "workItemSubType": null,
        "workItemReleaseDtm": null,
        "pressReleaseId": null,
        "securityClassNm": null,
        "shadowCd": null,
        "pressReleaseType": null,
        "pyrRatingType": null,
        "pacrEmail": null,
        "pacr": null,
        "chairEmail": null,
        "chair": null,
        "addendum": null,
        "addendumEmail": null
    },
    {
        "sourceSystem": "ACCURATE",
        "orgId": null,
        "ratingActionDesc": "Cars Alliance Auto Leases France V 2020-1",
        "ratingActionID": "3325243",
        "ratingActionName": "Cars Alliance Auto Leases France V 2020-1",
        "ratingCommitteeDate": "2020-09-21 00:00:00.0",
        "ratingOffice": "98",
        "ratingReleaseDate": "2020-09-23 17:17:01.0",
        "releaseDate": "2020-09-23 17:17:19.66",
        "lobname": "SFG",
        "sublobname": "NR-COS-RMBS",
        "region": "Europe",
        "leadAnalystID": "6463",
        "leadAnalystName": "Francesca Pilu",
        "leadAnalystUniqueId": "piluf",
        "analystEmail": "Francesca.Pilu@moodys.com",
        "analystLocation": "Milan - Corso di Porta Romana 68",
        "approverID": null,
        "approverName": " ",
        "officeName": "Moody's Italia S.r.l",
        "documentExceptionListingInd": "Y",
        "announcementInd": "",
        "automaticRating": "No",
        "definitiveRatingPrevProvisional": "No",
        "indicativeRatingInd": "N",
        "definitiveRatingInd": null,
        "linkedAnotherActionInd": "No",
        "privateRatingActionInd": "N",
        "provisionalRatingInd": "Y",
        "secondaryactionind": "No",
        "subsequentRatingInd": "N",
        "contactPersonId": null,
        "complianceType": "CAMS",
        "complianceID": "101294",
        "ratingShellId": null,
        "ratingShellDS": null,
        "workItemStatus": null,
        "workItemType": null,
        "workItemSubType": null,
        "workItemReleaseDtm": null,
        "pressReleaseId": null,
        "securityClassNm": null,
        "shadowCd": null,
        "pressReleaseType": null,
        "pyrRatingType": null,
        "pacrEmail": null,
        "pacr": null,
        "chairEmail": null,
        "chair": null,
        "addendum": null,
        "addendumEmail": null
    },
    {
        "sourceSystem": "ACCURATE",
        "orgId": null,
        "ratingActionDesc": "Standard Chartered Bank - 47",
        "ratingActionID": "3329509",
        "ratingActionName": "Standard Chartered Bank - 47",
        "ratingCommitteeDate": null,
        "ratingOffice": "81",
        "ratingReleaseDate": "2020-09-24 10:53:48.0",
        "releaseDate": "2020-09-24 10:53:54.953",
        "lobname": "FIG",
        "sublobname": "Banking",
        "region": "Asia Pacific",
        "leadAnalystID": "7111",
        "leadAnalystName": "Srikanth Vadlamani",
        "leadAnalystUniqueId": "vadlamas",
        "analystEmail": "Srikanth.Vadlamani@moodys.com",
        "analystLocation": "Singapore - 50 Raffles Place #23-06",
        "approverID": null,
        "approverName": " ",
        "officeName": "Moody's Investors Service Singapore Pte. Ltd.",
        "documentExceptionListingInd": "Y",
        "announcementInd": "",
        "automaticRating": "Yes",
        "definitiveRatingPrevProvisional": "No",
        "indicativeRatingInd": "N",
        "definitiveRatingInd": null,
        "linkedAnotherActionInd": "No",
        "privateRatingActionInd": "N",
        "provisionalRatingInd": "N",
        "secondaryactionind": "No",
        "subsequentRatingInd": "",
        "contactPersonId": null,
        "complianceType": "CAMS",
        "complianceID": "",
        "ratingShellId": null,
        "ratingShellDS": null,
        "workItemStatus": null,
        "workItemType": null,
        "workItemSubType": null,
        "workItemReleaseDtm": null,
        "pressReleaseId": null,
        "securityClassNm": null,
        "shadowCd": null,
        "pressReleaseType": null,
        "pyrRatingType": null,
        "pacrEmail": null,
        "pacr": null,
        "chairEmail": null,
        "chair": null,
        "addendum": null,
        "addendumEmail": null
    },
    {
        "sourceSystem": "ACCURATE",
        "orgId": null,
        "ratingActionDesc": "DZ BANK AG",
        "ratingActionID": "3346017",
        "ratingActionName": "DZ BANK AG",
        "ratingCommitteeDate": null,
        "ratingOffice": "41",
        "ratingReleaseDate": "2020-09-24 12:48:07.0",
        "releaseDate": "2020-09-24 12:48:27.51",
        "lobname": "FIG",
        "sublobname": "Banking",
        "region": "Europe",
        "leadAnalystID": "7188",
        "leadAnalystName": "Bernhard Held",
        "leadAnalystUniqueId": "heldb",
        "analystEmail": "Bernhard.Held@moodys.com",
        "analystLocation": "Frankfurt - An der Welle 5",
        "approverID": null,
        "approverName": " ",
        "officeName": "Moody's Deutschland GmbH",
        "documentExceptionListingInd": "",
        "announcementInd": "",
        "automaticRating": "No",
        "definitiveRatingPrevProvisional": "No",
        "indicativeRatingInd": "N",
        "definitiveRatingInd": null,
        "linkedAnotherActionInd": "No",
        "privateRatingActionInd": "N",
        "provisionalRatingInd": "N",
        "secondaryactionind": "No",
        "subsequentRatingInd": "Y",
        "contactPersonId": null,
        "complianceType": "CAMS",
        "complianceID": "",
        "ratingShellId": null,
        "ratingShellDS": null,
        "workItemStatus": null,
        "workItemType": null,
        "workItemSubType": null,
        "workItemReleaseDtm": null,
        "pressReleaseId": null,
        "securityClassNm": null,
        "shadowCd": null,
        "pressReleaseType": null,
        "pyrRatingType": null,
        "pacrEmail": null,
        "pacr": null,
        "chairEmail": null,
        "chair": null,
        "addendum": null,
        "addendumEmail": null
    },
    {
        "sourceSystem": "ACCURATE",
        "orgId": null,
        "ratingActionDesc": "UniCredit Bank AG - 47",
        "ratingActionID": "3371271",
        "ratingActionName": "UniCredit Bank AG - 47",
        "ratingCommitteeDate": null,
        "ratingOffice": "41",
        "ratingReleaseDate": "2020-09-24 11:14:29.0",
        "releaseDate": "2020-09-24 11:14:33.843",
        "lobname": "FIG",
        "sublobname": "Banking",
        "region": "Europe",
        "leadAnalystID": "7188",
        "leadAnalystName": "Bernhard Held",
        "leadAnalystUniqueId": "heldb",
        "analystEmail": "Bernhard.Held@moodys.com",
        "analystLocation": "Frankfurt - An der Welle 5",
        "approverID": null,
        "approverName": " ",
        "officeName": "Moody's Deutschland GmbH",
        "documentExceptionListingInd": "Y",
        "announcementInd": "",
        "automaticRating": "Yes",
        "definitiveRatingPrevProvisional": "No",
        "indicativeRatingInd": "N",
        "definitiveRatingInd": null,
        "linkedAnotherActionInd": "No",
        "privateRatingActionInd": "N",
        "provisionalRatingInd": "N",
        "secondaryactionind": "No",
        "subsequentRatingInd": "",
        "contactPersonId": null,
        "complianceType": "CAMS",
        "complianceID": "",
        "ratingShellId": null,
        "ratingShellDS": null,
        "workItemStatus": null,
        "workItemType": null,
        "workItemSubType": null,
        "workItemReleaseDtm": null,
        "pressReleaseId": null,
        "securityClassNm": null,
        "shadowCd": null,
        "pressReleaseType": null,
        "pyrRatingType": null,
        "pacrEmail": null,
        "pacr": null,
        "chairEmail": null,
        "chair": null,
        "addendum": null,
        "addendumEmail": null
    },
    {
        "sourceSystem": "ACCURATE",
        "orgId": null,
        "ratingActionDesc": "Morgan Stanley Finance LLC",
        "ratingActionID": "3373783",
        "ratingActionName": "Morgan Stanley Finance LLC",
        "ratingCommitteeDate": null,
        "ratingOffice": "51",
        "ratingReleaseDate": "2020-09-23 13:05:28.0",
        "releaseDate": "2020-09-23 13:05:39.29",
        "lobname": "FIG",
        "sublobname": "Banking",
        "region": "U.S.A. & Canada",
        "leadAnalystID": "7106",
        "leadAnalystName": "Donald Robertson",
        "leadAnalystUniqueId": "robertsd",
        "analystEmail": "Donald.Robertson@moodys.com",
        "analystLocation": "New York - 7 World Trade Center",
        "approverID": null,
        "approverName": " ",
        "officeName": "Moody's Investors Service, Inc.",
        "documentExceptionListingInd": "",
        "announcementInd": "",
        "automaticRating": "No",
        "definitiveRatingPrevProvisional": "No",
        "indicativeRatingInd": "N",
        "definitiveRatingInd": null,
        "linkedAnotherActionInd": "No",
        "privateRatingActionInd": "N",
        "provisionalRatingInd": "N",
        "secondaryactionind": "No",
        "subsequentRatingInd": "Y",
        "contactPersonId": null,
        "complianceType": "CAMS",
        "complianceID": "",
        "ratingShellId": null,
        "ratingShellDS": null,
        "workItemStatus": null,
        "workItemType": null,
        "workItemSubType": null,
        "workItemReleaseDtm": null,
        "pressReleaseId": null,
        "securityClassNm": null,
        "shadowCd": null,
        "pressReleaseType": null,
        "pyrRatingType": null,
        "pacrEmail": null,
        "pacr": null,
        "chairEmail": null,
        "chair": null,
        "addendum": null,
        "addendumEmail": null
    },
    {
        "sourceSystem": "ACCURATE",
        "orgId": null,
        "ratingActionDesc": "Symphony CLO XVI, Ltd.",
        "ratingActionID": "3374052",
        "ratingActionName": "Symphony CLO XVI, Ltd.",
        "ratingCommitteeDate": "2020-09-23 00:00:00.0",
        "ratingOffice": "51",
        "ratingReleaseDate": "2020-09-24 17:08:03.0",
        "releaseDate": "2020-09-24 17:08:09.64",
        "lobname": "SFG",
        "sublobname": "Surv-COR-SC",
        "region": "U.S.A. & Canada",
        "leadAnalystID": "31000",
        "leadAnalystName": "Mario Jadotte",
        "leadAnalystUniqueId": "jadottem",
        "analystEmail": "Mario.Jadotte@moodys.com",
        "analystLocation": "New York - 7 World Trade Center",
        "approverID": null,
        "approverName": " ",
        "officeName": "Moody's Investors Service, Inc.",
        "documentExceptionListingInd": "",
        "announcementInd": "",
        "automaticRating": "No",
        "definitiveRatingPrevProvisional": "No",
        "indicativeRatingInd": "N",
        "definitiveRatingInd": null,
        "linkedAnotherActionInd": "No",
        "privateRatingActionInd": "N",
        "provisionalRatingInd": "N",
        "secondaryactionind": "No",
        "subsequentRatingInd": "N",
        "contactPersonId": null,
        "complianceType": "CAMS",
        "complianceID": "98492",
        "ratingShellId": null,
        "ratingShellDS": null,
        "workItemStatus": null,
        "workItemType": null,
        "workItemSubType": null,
        "workItemReleaseDtm": null,
        "pressReleaseId": null,
        "securityClassNm": null,
        "shadowCd": null,
        "pressReleaseType": null,
        "pyrRatingType": null,
        "pacrEmail": null,
        "pacr": null,
        "chairEmail": null,
        "chair": null,
        "addendum": "Mario Jadotte ",
        "addendumEmail": "JadotteM@moodys.com"
    },
    {
        "sourceSystem": "ACCURATE",
        "orgId": null,
        "ratingActionDesc": "Marble Point CLO X Ltd.",
        "ratingActionID": "3375156",
        "ratingActionName": "Marble Point CLO X Ltd.",
        "ratingCommitteeDate": "2020-09-21 00:00:00.0",
        "ratingOffice": "51",
        "ratingReleaseDate": "2020-09-23 15:36:19.0",
        "releaseDate": "2020-09-23 15:36:24.71",
        "lobname": "SFG",
        "sublobname": "Surv-COR-SC",
        "region": "U.S.A. & Canada",
        "leadAnalystID": "32225",
        "leadAnalystName": "Veronica Shim",
        "leadAnalystUniqueId": "yoov",
        "analystEmail": "Veronica.Shim@moodys.com",
        "analystLocation": "New York - 7 World Trade Center",
        "approverID": null,
        "approverName": " ",
        "officeName": "Moody's Investors Service, Inc.",
        "documentExceptionListingInd": "",
        "announcementInd": "",
        "automaticRating": "No",
        "definitiveRatingPrevProvisional": "No",
        "indicativeRatingInd": "N",
        "definitiveRatingInd": null,
        "linkedAnotherActionInd": "No",
        "privateRatingActionInd": "N",
        "provisionalRatingInd": "N",
        "secondaryactionind": "No",
        "subsequentRatingInd": "N",
        "contactPersonId": null,
        "complianceType": "CAMS",
        "complianceID": "104312",
        "ratingShellId": null,
        "ratingShellDS": null,
        "workItemStatus": null,
        "workItemType": null,
        "workItemSubType": null,
        "workItemReleaseDtm": null,
        "pressReleaseId": null,
        "securityClassNm": null,
        "shadowCd": null,
        "pressReleaseType": null,
        "pyrRatingType": null,
        "pacrEmail": null,
        "pacr": null,
        "chairEmail": null,
        "chair": null,
        "addendum": null,
        "addendumEmail": null
    },
    {
        "sourceSystem": "ACCURATE",
        "orgId": null,
        "ratingActionDesc": "Mountain View CLO XIV Ltd.",
        "ratingActionID": "3375170",
        "ratingActionName": "Mountain View CLO XIV Ltd.",
        "ratingCommitteeDate": "2020-09-21 00:00:00.0",
        "ratingOffice": "51",
        "ratingReleaseDate": "2020-09-24 17:13:07.0",
        "releaseDate": "2020-09-24 17:13:12.603",
        "lobname": "SFG",
        "sublobname": "Surv-COR-SC",
        "region": "U.S.A. & Canada",
        "leadAnalystID": "7845",
        "leadAnalystName": "John McDonald",
        "leadAnalystUniqueId": "mcdonalj",
        "analystEmail": "John.McDonald@moodys.com",
        "analystLocation": "New York - 7 World Trade Center",
        "approverID": null,
        "approverName": " ",
        "officeName": "Moody's Investors Service, Inc.",
        "documentExceptionListingInd": "",
        "announcementInd": "",
        "automaticRating": "No",
        "definitiveRatingPrevProvisional": "No",
        "indicativeRatingInd": "N",
        "definitiveRatingInd": null,
        "linkedAnotherActionInd": "No",
        "privateRatingActionInd": "N",
        "provisionalRatingInd": "N",
        "secondaryactionind": "No",
        "subsequentRatingInd": "N",
        "contactPersonId": null,
        "complianceType": "CAMS",
        "complianceID": "103812",
        "ratingShellId": null,
        "ratingShellDS": null,
        "workItemStatus": null,
        "workItemType": null,
        "workItemSubType": null,
        "workItemReleaseDtm": null,
        "pressReleaseId": null,
        "securityClassNm": null,
        "shadowCd": null,
        "pressReleaseType": null,
        "pyrRatingType": null,
        "pacrEmail": null,
        "pacr": null,
        "chairEmail": null,
        "chair": null,
        "addendum": null,
        "addendumEmail": null
    },
    {
        "sourceSystem": "ACCURATE",
        "orgId": null,
        "ratingActionDesc": "TCI-Symphony CLO 2017-1 Ltd.",
        "ratingActionID": "3375201",
        "ratingActionName": "TCI-Symphony CLO 2017-1 Ltd.",
        "ratingCommitteeDate": "2020-09-18 00:00:00.0",
        "ratingOffice": "51",
        "ratingReleaseDate": "2020-09-23 16:59:38.0",
        "releaseDate": "2020-09-23 16:59:43.353",
        "lobname": "SFG",
        "sublobname": "Surv-COR-SC",
        "region": "U.S.A. & Canada",
        "leadAnalystID": "7845",
        "leadAnalystName": "John McDonald",
        "leadAnalystUniqueId": "mcdonalj",
        "analystEmail": "John.McDonald@moodys.com",
        "analystLocation": "New York - 7 World Trade Center",
        "approverID": null,
        "approverName": " ",
        "officeName": "Moody's Investors Service, Inc.",
        "documentExceptionListingInd": "",
        "announcementInd": "",
        "automaticRating": "No",
        "definitiveRatingPrevProvisional": "No",
        "indicativeRatingInd": "N",
        "definitiveRatingInd": null,
        "linkedAnotherActionInd": "No",
        "privateRatingActionInd": "N",
        "provisionalRatingInd": "N",
        "secondaryactionind": "No",
        "subsequentRatingInd": "N",
        "contactPersonId": null,
        "complianceType": "CAMS",
        "complianceID": "104327",
        "ratingShellId": null,
        "ratingShellDS": null,
        "workItemStatus": null,
        "workItemType": null,
        "workItemSubType": null,
        "workItemReleaseDtm": null,
        "pressReleaseId": null,
        "securityClassNm": null,
        "shadowCd": null,
        "pressReleaseType": null,
        "pyrRatingType": null,
        "pacrEmail": null,
        "pacr": null,
        "chairEmail": null,
        "chair": null,
        "addendum": null,
        "addendumEmail": null
    },
    {
        "sourceSystem": "ACCURATE",
        "orgId": null,
        "ratingActionDesc": "Cutwater 2015-I, Ltd.",
        "ratingActionID": "3376075",
        "ratingActionName": "Cutwater 2015-I, Ltd.",
        "ratingCommitteeDate": "2020-09-22 00:00:00.0",
        "ratingOffice": "51",
        "ratingReleaseDate": "2020-09-24 15:22:05.0",
        "releaseDate": "2020-09-24 15:22:10.773",
        "lobname": "SFG",
        "sublobname": "Surv-COR-SC",
        "region": "U.S.A. & Canada",
        "leadAnalystID": "32225",
        "leadAnalystName": "Veronica Shim",
        "leadAnalystUniqueId": "yoov",
        "analystEmail": "Veronica.Shim@moodys.com",
        "analystLocation": "New York - 7 World Trade Center",
        "approverID": null,
        "approverName": " ",
        "officeName": "Moody's Investors Service, Inc.",
        "documentExceptionListingInd": "",
        "announcementInd": "",
        "automaticRating": "No",
        "definitiveRatingPrevProvisional": "No",
        "indicativeRatingInd": "N",
        "definitiveRatingInd": null,
        "linkedAnotherActionInd": "No",
        "privateRatingActionInd": "N",
        "provisionalRatingInd": "N",
        "secondaryactionind": "No",
        "subsequentRatingInd": "N",
        "contactPersonId": null,
        "complianceType": "CAMS",
        "complianceID": "103491",
        "ratingShellId": null,
        "ratingShellDS": null,
        "workItemStatus": null,
        "workItemType": null,
        "workItemSubType": null,
        "workItemReleaseDtm": null,
        "pressReleaseId": null,
        "securityClassNm": null,
        "shadowCd": null,
        "pressReleaseType": null,
        "pyrRatingType": null,
        "pacrEmail": null,
        "pacr": null,
        "chairEmail": null,
        "chair": null,
        "addendum": null,
        "addendumEmail": null
    },
    {
        "sourceSystem": "ACCURATE",
        "orgId": null,
        "ratingActionDesc": "Symphony CLO XIV, LTD.",
        "ratingActionID": "3381022",
        "ratingActionName": "Symphony CLO XIV, LTD.",
        "ratingCommitteeDate": "2020-09-24 00:00:00.0",
        "ratingOffice": "51",
        "ratingReleaseDate": "2020-09-25 18:04:45.0",
        "releaseDate": "2020-09-25 18:04:50.56",
        "lobname": "SFG",
        "sublobname": "Surv-COR-SC",
        "region": "U.S.A. & Canada",
        "leadAnalystID": "31000",
        "leadAnalystName": "Mario Jadotte",
        "leadAnalystUniqueId": "jadottem",
        "analystEmail": "Mario.Jadotte@moodys.com",
        "analystLocation": "New York - 7 World Trade Center",
        "approverID": null,
        "approverName": " ",
        "officeName": "Moody's Investors Service, Inc.",
        "documentExceptionListingInd": "",
        "announcementInd": "",
        "automaticRating": "No",
        "definitiveRatingPrevProvisional": "No",
        "indicativeRatingInd": "N",
        "definitiveRatingInd": null,
        "linkedAnotherActionInd": "No",
        "privateRatingActionInd": "N",
        "provisionalRatingInd": "N",
        "secondaryactionind": "No",
        "subsequentRatingInd": "N",
        "contactPersonId": null,
        "complianceType": "CAMS",
        "complianceID": "99156",
        "ratingShellId": null,
        "ratingShellDS": null,
        "workItemStatus": null,
        "workItemType": null,
        "workItemSubType": null,
        "workItemReleaseDtm": null,
        "pressReleaseId": null,
        "securityClassNm": null,
        "shadowCd": null,
        "pressReleaseType": null,
        "pyrRatingType": null,
        "pacrEmail": null,
        "pacr": null,
        "chairEmail": null,
        "chair": null,
        "addendum": "Mario Jadotte ",
        "addendumEmail": "JadotteM@moodys.com"
    },
    {
        "sourceSystem": "ACCURATE",
        "orgId": null,
        "ratingActionDesc": "Atlas Senior Loan Fund XIV, Ltd.",
        "ratingActionID": "3383907",
        "ratingActionName": "Atlas Senior Loan Fund XIV, Ltd.",
        "ratingCommitteeDate": "2020-09-22 00:00:00.0",
        "ratingOffice": "51",
        "ratingReleaseDate": "2020-09-24 12:33:07.0",
        "releaseDate": "2020-09-24 12:33:12.94",
        "lobname": "SFG",
        "sublobname": "Surv-COR-SC",
        "region": "U.S.A. & Canada",
        "leadAnalystID": "7599",
        "leadAnalystName": "Ding Li",
        "leadAnalystUniqueId": "licr",
        "analystEmail": "Ding.Li@moodys.com",
        "analystLocation": "New York - 7 World Trade Center",
        "approverID": null,
        "approverName": " ",
        "officeName": "Moody's Investors Service, Inc.",
        "documentExceptionListingInd": "",
        "announcementInd": "",
        "automaticRating": "No",
        "definitiveRatingPrevProvisional": "No",
        "indicativeRatingInd": "N",
        "definitiveRatingInd": null,
        "linkedAnotherActionInd": "No",
        "privateRatingActionInd": "N",
        "provisionalRatingInd": "N",
        "secondaryactionind": "No",
        "subsequentRatingInd": "N",
        "contactPersonId": null,
        "complianceType": "CAMS",
        "complianceID": "99256",
        "ratingShellId": null,
        "ratingShellDS": null,
        "workItemStatus": null,
        "workItemType": null,
        "workItemSubType": null,
        "workItemReleaseDtm": null,
        "pressReleaseId": null,
        "securityClassNm": null,
        "shadowCd": null,
        "pressReleaseType": null,
        "pyrRatingType": null,
        "pacrEmail": null,
        "pacr": null,
        "chairEmail": null,
        "chair": null,
        "addendum": "Ding Li ",
        "addendumEmail": "LiCr@moodys.com"
    },
    {
        "sourceSystem": "ACCURATE",
        "orgId": null,
        "ratingActionDesc": "ICG US CLO 2014-1, Ltd.",
        "ratingActionID": "3383986",
        "ratingActionName": "ICG US CLO 2014-1, Ltd.",
        "ratingCommitteeDate": "2020-09-23 00:00:00.0",
        "ratingOffice": "51",
        "ratingReleaseDate": "2020-09-24 13:57:42.0",
        "releaseDate": "2020-09-24 13:57:47.433",
        "lobname": "SFG",
        "sublobname": "Surv-COR-SC",
        "region": "U.S.A. & Canada",
        "leadAnalystID": "6830",
        "leadAnalystName": "Haoning Ding",
        "leadAnalystUniqueId": "dingh",
        "analystEmail": "Haoning.Ding@moodys.com",
        "analystLocation": "New York - 7 World Trade Center",
        "approverID": null,
        "approverName": " ",
        "officeName": "Moody's Investors Service, Inc.",
        "documentExceptionListingInd": "",
        "announcementInd": "",
        "automaticRating": "No",
        "definitiveRatingPrevProvisional": "No",
        "indicativeRatingInd": "N",
        "definitiveRatingInd": null,
        "linkedAnotherActionInd": "No",
        "privateRatingActionInd": "N",
        "provisionalRatingInd": "N",
        "secondaryactionind": "No",
        "subsequentRatingInd": "N",
        "contactPersonId": null,
        "complianceType": "CAMS",
        "complianceID": "99247",
        "ratingShellId": null,
        "ratingShellDS": null,
        "workItemStatus": null,
        "workItemType": null,
        "workItemSubType": null,
        "workItemReleaseDtm": null,
        "pressReleaseId": null,
        "securityClassNm": null,
        "shadowCd": null,
        "pressReleaseType": null,
        "pyrRatingType": null,
        "pacrEmail": null,
        "pacr": null,
        "chairEmail": null,
        "chair": null,
        "addendum": "Haoning Ding ",
        "addendumEmail": "DingH@moodys.com"
    },
    {
        "sourceSystem": "ACCURATE",
        "orgId": null,
        "ratingActionDesc": "ICG US CLO 2015-1, Ltd.",
        "ratingActionID": "3383993",
        "ratingActionName": "ICG US CLO 2015-1, Ltd.",
        "ratingCommitteeDate": "2020-09-23 00:00:00.0",
        "ratingOffice": "51",
        "ratingReleaseDate": "2020-09-24 13:57:40.0",
        "releaseDate": "2020-09-24 13:57:44.826",
        "lobname": "SFG",
        "sublobname": "Surv-COR-SC",
        "region": "U.S.A. & Canada",
        "leadAnalystID": "6830",
        "leadAnalystName": "Haoning Ding",
        "leadAnalystUniqueId": "dingh",
        "analystEmail": "Haoning.Ding@moodys.com",
        "analystLocation": "New York - 7 World Trade Center",
        "approverID": null,
        "approverName": " ",
        "officeName": "Moody's Investors Service, Inc.",
        "documentExceptionListingInd": "",
        "announcementInd": "",
        "automaticRating": "No",
        "definitiveRatingPrevProvisional": "No",
        "indicativeRatingInd": "N",
        "definitiveRatingInd": null,
        "linkedAnotherActionInd": "No",
        "privateRatingActionInd": "N",
        "provisionalRatingInd": "N",
        "secondaryactionind": "No",
        "subsequentRatingInd": "N",
        "contactPersonId": null,
        "complianceType": "CAMS",
        "complianceID": "99250",
        "ratingShellId": null,
        "ratingShellDS": null,
        "workItemStatus": null,
        "workItemType": null,
        "workItemSubType": null,
        "workItemReleaseDtm": null,
        "pressReleaseId": null,
        "securityClassNm": null,
        "shadowCd": null,
        "pressReleaseType": null,
        "pyrRatingType": null,
        "pacrEmail": null,
        "pacr": null,
        "chairEmail": null,
        "chair": null,
        "addendum": "Haoning Ding ",
        "addendumEmail": "DingH@moodys.com"
    },
    {
        "sourceSystem": "ACCURATE",
        "orgId": null,
        "ratingActionDesc": "Symphony CLO XVII, Ltd.",
        "ratingActionID": "3385652",
        "ratingActionName": "Symphony CLO XVII, Ltd.",
        "ratingCommitteeDate": "2020-09-24 00:00:00.0",
        "ratingOffice": "51",
        "ratingReleaseDate": "2020-09-25 17:43:20.0",
        "releaseDate": "2020-09-25 17:43:25.6",
        "lobname": "SFG",
        "sublobname": "NR-COR-SC",
        "region": "U.S.A. & Canada",
        "leadAnalystID": "2484",
        "leadAnalystName": "Daisuke Kitazawa",
        "leadAnalystUniqueId": "kitazawd",
        "analystEmail": "Daisuke.Kitazawa@moodys.com",
        "analystLocation": "New York - 7 World Trade Center",
        "approverID": null,
        "approverName": " ",
        "officeName": "Moody's Investors Service, Inc.",
        "documentExceptionListingInd": "",
        "announcementInd": "",
        "automaticRating": "No",
        "definitiveRatingPrevProvisional": "No",
        "indicativeRatingInd": "N",
        "definitiveRatingInd": null,
        "linkedAnotherActionInd": "No",
        "privateRatingActionInd": "N",
        "provisionalRatingInd": "N",
        "secondaryactionind": "No",
        "subsequentRatingInd": "N",
        "contactPersonId": null,
        "complianceType": "CAMS",
        "complianceID": "99345",
        "ratingShellId": null,
        "ratingShellDS": null,
        "workItemStatus": null,
        "workItemType": null,
        "workItemSubType": null,
        "workItemReleaseDtm": null,
        "pressReleaseId": null,
        "securityClassNm": null,
        "shadowCd": null,
        "pressReleaseType": null,
        "pyrRatingType": null,
        "pacrEmail": null,
        "pacr": null,
        "chairEmail": null,
        "chair": null,
        "addendum": "Steven ",
        "addendumEmail": "Shimmy@moodys.com"
    },
    {
        "sourceSystem": "ACCURATE",
        "orgId": null,
        "ratingActionDesc": "Barclays Bank PLC",
        "ratingActionID": "3393481",
        "ratingActionName": "Barclays Bank PLC",
        "ratingCommitteeDate": null,
        "ratingOffice": "52",
        "ratingReleaseDate": "2020-09-23 16:15:21.0",
        "releaseDate": "2020-09-23 16:15:24.83",
        "lobname": "FIG",
        "sublobname": "Banking",
        "region": "Europe",
        "leadAnalystID": "6897",
        "leadAnalystName": "Alessandro Roccati",
        "leadAnalystUniqueId": "roccatia",
        "analystEmail": "Alessandro.Roccati@moodys.com",
        "analystLocation": "London - One Canada Square",
        "approverID": null,
        "approverName": " ",
        "officeName": "Moody's Investors Service Ltd.",
        "documentExceptionListingInd": "",
        "announcementInd": "",
        "automaticRating": "Yes",
        "definitiveRatingPrevProvisional": "No",
        "indicativeRatingInd": "N",
        "definitiveRatingInd": null,
        "linkedAnotherActionInd": "No",
        "privateRatingActionInd": "N",
        "provisionalRatingInd": "N",
        "secondaryactionind": "No",
        "subsequentRatingInd": "",
        "contactPersonId": null,
        "complianceType": "CAMS",
        "complianceID": "",
        "ratingShellId": null,
        "ratingShellDS": null,
        "workItemStatus": null,
        "workItemType": null,
        "workItemSubType": null,
        "workItemReleaseDtm": null,
        "pressReleaseId": null,
        "securityClassNm": null,
        "shadowCd": null,
        "pressReleaseType": null,
        "pyrRatingType": null,
        "pacrEmail": null,
        "pacr": null,
        "chairEmail": null,
        "chair": null,
        "addendum": null,
        "addendumEmail": null
    },
    {
        "sourceSystem": "ACCURATE",
        "orgId": null,
        "ratingActionDesc": "Credit Suisse AG (London) Branch",
        "ratingActionID": "3394715",
        "ratingActionName": "Credit Suisse AG (London) Branch",
        "ratingCommitteeDate": null,
        "ratingOffice": "41",
        "ratingReleaseDate": "2020-09-23 15:10:21.0",
        "releaseDate": "2020-09-23 15:10:28.763",
        "lobname": "FIG",
        "sublobname": "Banking",
        "region": "Europe",
        "leadAnalystID": "6878",
        "leadAnalystName": "Michael Rohr",
        "leadAnalystUniqueId": "rohrm",
        "analystEmail": "Michael.Rohr@moodys.com",
        "analystLocation": "Frankfurt - An der Welle 5",
        "approverID": null,
        "approverName": " ",
        "officeName": "Moody's Deutschland GmbH",
        "documentExceptionListingInd": "",
        "announcementInd": "",
        "automaticRating": "No",
        "definitiveRatingPrevProvisional": "No",
        "indicativeRatingInd": "N",
        "definitiveRatingInd": null,
        "linkedAnotherActionInd": "No",
        "privateRatingActionInd": "N",
        "provisionalRatingInd": "N",
        "secondaryactionind": "No",
        "subsequentRatingInd": "Y",
        "contactPersonId": null,
        "complianceType": "CAMS",
        "complianceID": "",
        "ratingShellId": null,
        "ratingShellDS": null,
        "workItemStatus": null,
        "workItemType": null,
        "workItemSubType": null,
        "workItemReleaseDtm": null,
        "pressReleaseId": null,
        "securityClassNm": null,
        "shadowCd": null,
        "pressReleaseType": null,
        "pyrRatingType": null,
        "pacrEmail": null,
        "pacr": null,
        "chairEmail": null,
        "chair": null,
        "addendum": null,
        "addendumEmail": null
    },
    {
        "sourceSystem": "ACCURATE",
        "orgId": null,
        "ratingActionDesc": "Sound Point CLO IX, Ltd.",
        "ratingActionID": "3396934",
        "ratingActionName": "Sound Point CLO IX, Ltd.",
        "ratingCommitteeDate": "2020-09-23 00:00:00.0",
        "ratingOffice": "51",
        "ratingReleaseDate": "2020-09-25 18:33:45.0",
        "releaseDate": "2020-09-25 18:33:50.68",
        "lobname": "SFG",
        "sublobname": "NR-COR-SC",
        "region": "U.S.A. & Canada",
        "leadAnalystID": "1464",
        "leadAnalystName": "Maria Miagkova",
        "leadAnalystUniqueId": "miagkovm",
        "analystEmail": "Maria.Miagkova@moodys.com",
        "analystLocation": "New York - 7 World Trade Center",
        "approverID": null,
        "approverName": " ",
        "officeName": "Moody's Investors Service, Inc.",
        "documentExceptionListingInd": "",
        "announcementInd": "",
        "automaticRating": "No",
        "definitiveRatingPrevProvisional": "No",
        "indicativeRatingInd": "N",
        "definitiveRatingInd": null,
        "linkedAnotherActionInd": "No",
        "privateRatingActionInd": "N",
        "provisionalRatingInd": "N",
        "secondaryactionind": "No",
        "subsequentRatingInd": "N",
        "contactPersonId": null,
        "complianceType": "CAMS",
        "complianceID": "100047",
        "ratingShellId": null,
        "ratingShellDS": null,
        "workItemStatus": null,
        "workItemType": null,
        "workItemSubType": null,
        "workItemReleaseDtm": null,
        "pressReleaseId": null,
        "securityClassNm": null,
        "shadowCd": null,
        "pressReleaseType": null,
        "pyrRatingType": null,
        "pacrEmail": null,
        "pacr": null,
        "chairEmail": null,
        "chair": null,
        "addendum": "Maria Miagkova ",
        "addendumEmail": "MIAGKOVM@moodys.com"
    },
    {
        "sourceSystem": "ACCURATE",
        "orgId": null,
        "ratingActionDesc": "Barclays Bank PLC",
        "ratingActionID": "3398123",
        "ratingActionName": "Barclays Bank PLC",
        "ratingCommitteeDate": null,
        "ratingOffice": "52",
        "ratingReleaseDate": "2020-09-23 13:38:03.0",
        "releaseDate": "2020-09-23 13:38:36.703",
        "lobname": "FIG",
        "sublobname": "Banking",
        "region": "Europe",
        "leadAnalystID": "6897",
        "leadAnalystName": "Alessandro Roccati",
        "leadAnalystUniqueId": "roccatia",
        "analystEmail": "Alessandro.Roccati@moodys.com",
        "analystLocation": "London - One Canada Square",
        "approverID": null,
        "approverName": " ",
        "officeName": "Moody's Investors Service Ltd.",
        "documentExceptionListingInd": "",
        "announcementInd": "",
        "automaticRating": "Yes",
        "definitiveRatingPrevProvisional": "No",
        "indicativeRatingInd": "N",
        "definitiveRatingInd": null,
        "linkedAnotherActionInd": "No",
        "privateRatingActionInd": "N",
        "provisionalRatingInd": "N",
        "secondaryactionind": "No",
        "subsequentRatingInd": "",
        "contactPersonId": null,
        "complianceType": "CAMS",
        "complianceID": "",
        "ratingShellId": null,
        "ratingShellDS": null,
        "workItemStatus": null,
        "workItemType": null,
        "workItemSubType": null,
        "workItemReleaseDtm": null,
        "pressReleaseId": null,
        "securityClassNm": null,
        "shadowCd": null,
        "pressReleaseType": null,
        "pyrRatingType": null,
        "pacrEmail": null,
        "pacr": null,
        "chairEmail": null,
        "chair": null,
        "addendum": null,
        "addendumEmail": null
    },
    {
        "sourceSystem": "ACCURATE",
        "orgId": null,
        "ratingActionDesc": "Barclays Bank PLC",
        "ratingActionID": "3400065",
        "ratingActionName": "Barclays Bank PLC",
        "ratingCommitteeDate": null,
        "ratingOffice": "52",
        "ratingReleaseDate": "2020-09-23 15:50:06.0",
        "releaseDate": "2020-09-23 15:50:27.993",
        "lobname": "FIG",
        "sublobname": "Banking",
        "region": "Europe",
        "leadAnalystID": "6897",
        "leadAnalystName": "Alessandro Roccati",
        "leadAnalystUniqueId": "roccatia",
        "analystEmail": "Alessandro.Roccati@moodys.com",
        "analystLocation": "London - One Canada Square",
        "approverID": null,
        "approverName": " ",
        "officeName": "Moody's Investors Service Ltd.",
        "documentExceptionListingInd": "",
        "announcementInd": "",
        "automaticRating": "No",
        "definitiveRatingPrevProvisional": "No",
        "indicativeRatingInd": "N",
        "definitiveRatingInd": null,
        "linkedAnotherActionInd": "No",
        "privateRatingActionInd": "N",
        "provisionalRatingInd": "N",
        "secondaryactionind": "No",
        "subsequentRatingInd": "Y",
        "contactPersonId": null,
        "complianceType": "CAMS",
        "complianceID": "",
        "ratingShellId": null,
        "ratingShellDS": null,
        "workItemStatus": null,
        "workItemType": null,
        "workItemSubType": null,
        "workItemReleaseDtm": null,
        "pressReleaseId": null,
        "securityClassNm": null,
        "shadowCd": null,
        "pressReleaseType": null,
        "pyrRatingType": null,
        "pacrEmail": null,
        "pacr": null,
        "chairEmail": null,
        "chair": null,
        "addendum": null,
        "addendumEmail": null
    },
    {
        "sourceSystem": "ACCURATE",
        "orgId": null,
        "ratingActionDesc": "Barclays Bank PLC",
        "ratingActionID": "3400077",
        "ratingActionName": "Barclays Bank PLC",
        "ratingCommitteeDate": null,
        "ratingOffice": "52",
        "ratingReleaseDate": "2020-09-23 14:27:11.0",
        "releaseDate": "2020-09-23 14:27:47.383",
        "lobname": "FIG",
        "sublobname": "Banking",
        "region": "Europe",
        "leadAnalystID": "6897",
        "leadAnalystName": "Alessandro Roccati",
        "leadAnalystUniqueId": "roccatia",
        "analystEmail": "Alessandro.Roccati@moodys.com",
        "analystLocation": "London - One Canada Square",
        "approverID": null,
        "approverName": " ",
        "officeName": "Moody's Investors Service Ltd.",
        "documentExceptionListingInd": "",
        "announcementInd": "",
        "automaticRating": "Yes",
        "definitiveRatingPrevProvisional": "No",
        "indicativeRatingInd": "N",
        "definitiveRatingInd": null,
        "linkedAnotherActionInd": "No",
        "privateRatingActionInd": "N",
        "provisionalRatingInd": "N",
        "secondaryactionind": "No",
        "subsequentRatingInd": "",
        "contactPersonId": null,
        "complianceType": "CAMS",
        "complianceID": "",
        "ratingShellId": null,
        "ratingShellDS": null,
        "workItemStatus": null,
        "workItemType": null,
        "workItemSubType": null,
        "workItemReleaseDtm": null,
        "pressReleaseId": null,
        "securityClassNm": null,
        "shadowCd": null,
        "pressReleaseType": null,
        "pyrRatingType": null,
        "pacrEmail": null,
        "pacr": null,
        "chairEmail": null,
        "chair": null,
        "addendum": null,
        "addendumEmail": null
    },
    {
        "sourceSystem": "ACCURATE",
        "orgId": null,
        "ratingActionDesc": "Emirates NBD PJSC",
        "ratingActionID": "3400293",
        "ratingActionName": "Emirates NBD PJSC",
        "ratingCommitteeDate": null,
        "ratingOffice": "82",
        "ratingReleaseDate": "2020-09-24 13:14:43.0",
        "releaseDate": "2020-09-24 13:15:22.926",
        "lobname": "FIG",
        "sublobname": "Banking",
        "region": "Europe",
        "leadAnalystID": "1383",
        "leadAnalystName": "Nondas Nicolaides",
        "leadAnalystUniqueId": "nicolain",
        "analystEmail": "Nondas.Nicolaides@moodys.com",
        "analystLocation": "Limassol - MIS Cyprus Limited",
        "approverID": null,
        "approverName": " ",
        "officeName": "Moody's Investors Service Cyprus Ltd.",
        "documentExceptionListingInd": "",
        "announcementInd": "",
        "automaticRating": "No",
        "definitiveRatingPrevProvisional": "No",
        "indicativeRatingInd": "N",
        "definitiveRatingInd": null,
        "linkedAnotherActionInd": "No",
        "privateRatingActionInd": "N",
        "provisionalRatingInd": "N",
        "secondaryactionind": "No",
        "subsequentRatingInd": "Y",
        "contactPersonId": null,
        "complianceType": "CAMS",
        "complianceID": "",
        "ratingShellId": null,
        "ratingShellDS": null,
        "workItemStatus": null,
        "workItemType": null,
        "workItemSubType": null,
        "workItemReleaseDtm": null,
        "pressReleaseId": null,
        "securityClassNm": null,
        "shadowCd": null,
        "pressReleaseType": null,
        "pyrRatingType": null,
        "pacrEmail": null,
        "pacr": null,
        "chairEmail": null,
        "chair": null,
        "addendum": null,
        "addendumEmail": null
    },
    {
        "sourceSystem": "ACCURATE",
        "orgId": null,
        "ratingActionDesc": "BofA Finance LLC",
        "ratingActionID": "3401494",
        "ratingActionName": "BofA Finance LLC",
        "ratingCommitteeDate": null,
        "ratingOffice": "51",
        "ratingReleaseDate": "2020-09-23 16:30:12.0",
        "releaseDate": "2020-09-23 16:30:16.603",
        "lobname": "FIG",
        "sublobname": "Banking",
        "region": "U.S.A. & Canada",
        "leadAnalystID": "467",
        "leadAnalystName": "David Fanger",
        "leadAnalystUniqueId": "fangerd",
        "analystEmail": "David.Fanger@moodys.com",
        "analystLocation": "New York - 7 World Trade Center",
        "approverID": null,
        "approverName": " ",
        "officeName": "Moody's Investors Service, Inc.",
        "documentExceptionListingInd": "",
        "announcementInd": "",
        "automaticRating": "Yes",
        "definitiveRatingPrevProvisional": "No",
        "indicativeRatingInd": "N",
        "definitiveRatingInd": null,
        "linkedAnotherActionInd": "No",
        "privateRatingActionInd": "N",
        "provisionalRatingInd": "N",
        "secondaryactionind": "No",
        "subsequentRatingInd": "",
        "contactPersonId": null,
        "complianceType": "CAMS",
        "complianceID": "",
        "ratingShellId": null,
        "ratingShellDS": null,
        "workItemStatus": null,
        "workItemType": null,
        "workItemSubType": null,
        "workItemReleaseDtm": null,
        "pressReleaseId": null,
        "securityClassNm": null,
        "shadowCd": null,
        "pressReleaseType": null,
        "pyrRatingType": null,
        "pacrEmail": null,
        "pacr": null,
        "chairEmail": null,
        "chair": null,
        "addendum": null,
        "addendumEmail": null
    },
    {
        "sourceSystem": "ACCURATE",
        "orgId": null,
        "ratingActionDesc": "Barclays Bank PLC",
        "ratingActionID": "3401900",
        "ratingActionName": "Barclays Bank PLC",
        "ratingCommitteeDate": null,
        "ratingOffice": "52",
        "ratingReleaseDate": "2020-09-23 15:36:32.0",
        "releaseDate": "2020-09-23 15:37:00.27",
        "lobname": "FIG",
        "sublobname": "Banking",
        "region": "Europe",
        "leadAnalystID": "6897",
        "leadAnalystName": "Alessandro Roccati",
        "leadAnalystUniqueId": "roccatia",
        "analystEmail": "Alessandro.Roccati@moodys.com",
        "analystLocation": "London - One Canada Square",
        "approverID": null,
        "approverName": " ",
        "officeName": "Moody's Investors Service Ltd.",
        "documentExceptionListingInd": "",
        "announcementInd": "",
        "automaticRating": "Yes",
        "definitiveRatingPrevProvisional": "No",
        "indicativeRatingInd": "N",
        "definitiveRatingInd": null,
        "linkedAnotherActionInd": "No",
        "privateRatingActionInd": "N",
        "provisionalRatingInd": "N",
        "secondaryactionind": "No",
        "subsequentRatingInd": "",
        "contactPersonId": null,
        "complianceType": "CAMS",
        "complianceID": "",
        "ratingShellId": null,
        "ratingShellDS": null,
        "workItemStatus": null,
        "workItemType": null,
        "workItemSubType": null,
        "workItemReleaseDtm": null,
        "pressReleaseId": null,
        "securityClassNm": null,
        "shadowCd": null,
        "pressReleaseType": null,
        "pyrRatingType": null,
        "pacrEmail": null,
        "pacr": null,
        "chairEmail": null,
        "chair": null,
        "addendum": null,
        "addendumEmail": null
    },
    {
        "sourceSystem": "ACCURATE",
        "orgId": null,
        "ratingActionDesc": "Barclays Bank PLC",
        "ratingActionID": "3402839",
        "ratingActionName": "Barclays Bank PLC",
        "ratingCommitteeDate": null,
        "ratingOffice": "52",
        "ratingReleaseDate": "2020-09-23 14:49:23.0",
        "releaseDate": "2020-09-23 14:50:02.073",
        "lobname": "FIG",
        "sublobname": "Banking",
        "region": "Europe",
        "leadAnalystID": "6897",
        "leadAnalystName": "Alessandro Roccati",
        "leadAnalystUniqueId": "roccatia",
        "analystEmail": "Alessandro.Roccati@moodys.com",
        "analystLocation": "London - One Canada Square",
        "approverID": null,
        "approverName": " ",
        "officeName": "Moody's Investors Service Ltd.",
        "documentExceptionListingInd": "",
        "announcementInd": "",
        "automaticRating": "Yes",
        "definitiveRatingPrevProvisional": "No",
        "indicativeRatingInd": "N",
        "definitiveRatingInd": null,
        "linkedAnotherActionInd": "No",
        "privateRatingActionInd": "N",
        "provisionalRatingInd": "N",
        "secondaryactionind": "No",
        "subsequentRatingInd": "",
        "contactPersonId": null,
        "complianceType": "CAMS",
        "complianceID": "",
        "ratingShellId": null,
        "ratingShellDS": null,
        "workItemStatus": null,
        "workItemType": null,
        "workItemSubType": null,
        "workItemReleaseDtm": null,
        "pressReleaseId": null,
        "securityClassNm": null,
        "shadowCd": null,
        "pressReleaseType": null,
        "pyrRatingType": null,
        "pacrEmail": null,
        "pacr": null,
        "chairEmail": null,
        "chair": null,
        "addendum": null,
        "addendumEmail": null
    },
    {
        "sourceSystem": "ACCURATE",
        "orgId": null,
        "ratingActionDesc": "Royal Bank of Canada (London Branch) - 47",
        "ratingActionID": "3418986",
        "ratingActionName": "Royal Bank of Canada (London Branch) - 47",
        "ratingCommitteeDate": null,
        "ratingOffice": "71",
        "ratingReleaseDate": "2020-09-25 15:59:07.0",
        "releaseDate": "2020-09-25 15:59:29.846",
        "lobname": "FIG",
        "sublobname": "Banking",
        "region": "U.S.A. & Canada",
        "leadAnalystID": "6721",
        "leadAnalystName": "John Beattie",
        "leadAnalystUniqueId": "beattied",
        "analystEmail": "David.Beattie@moodys.com",
        "analystLocation": "Toronto - 70 York Street",
        "approverID": null,
        "approverName": " ",
        "officeName": "Moody's Canada Inc.",
        "documentExceptionListingInd": "",
        "announcementInd": "",
        "automaticRating": "Yes",
        "definitiveRatingPrevProvisional": "No",
        "indicativeRatingInd": "N",
        "definitiveRatingInd": null,
        "linkedAnotherActionInd": "No",
        "privateRatingActionInd": "N",
        "provisionalRatingInd": "N",
        "secondaryactionind": "No",
        "subsequentRatingInd": "",
        "contactPersonId": null,
        "complianceType": "CAMS",
        "complianceID": "",
        "ratingShellId": null,
        "ratingShellDS": null,
        "workItemStatus": null,
        "workItemType": null,
        "workItemSubType": null,
        "workItemReleaseDtm": null,
        "pressReleaseId": null,
        "securityClassNm": null,
        "shadowCd": null,
        "pressReleaseType": null,
        "pyrRatingType": null,
        "pacrEmail": null,
        "pacr": null,
        "chairEmail": null,
        "chair": null,
        "addendum": null,
        "addendumEmail": null
    },
    {
        "sourceSystem": "ACCURATE",
        "orgId": null,
        "ratingActionDesc": "European Investment Bank",
        "ratingActionID": "3423753",
        "ratingActionName": "European Investment Bank",
        "ratingCommitteeDate": null,
        "ratingOffice": "41",
        "ratingReleaseDate": "2020-09-24 15:42:21.0",
        "releaseDate": "2020-09-24 15:42:45.226",
        "lobname": "SOV",
        "sublobname": "Sovereign",
        "region": "Europe",
        "leadAnalystID": "6931",
        "leadAnalystName": "Steffen Dyck",
        "leadAnalystUniqueId": "dycks",
        "analystEmail": "Steffen.Dyck@moodys.com",
        "analystLocation": "Frankfurt - An der Welle 5",
        "approverID": null,
        "approverName": " ",
        "officeName": "Moody's Deutschland GmbH",
        "documentExceptionListingInd": "",
        "announcementInd": "",
        "automaticRating": "No",
        "definitiveRatingPrevProvisional": "No",
        "indicativeRatingInd": "N",
        "definitiveRatingInd": null,
        "linkedAnotherActionInd": "No",
        "privateRatingActionInd": "N",
        "provisionalRatingInd": "N",
        "secondaryactionind": "No",
        "subsequentRatingInd": "Y",
        "contactPersonId": null,
        "complianceType": "CAMS",
        "complianceID": "",
        "ratingShellId": null,
        "ratingShellDS": null,
        "workItemStatus": null,
        "workItemType": null,
        "workItemSubType": null,
        "workItemReleaseDtm": null,
        "pressReleaseId": null,
        "securityClassNm": null,
        "shadowCd": null,
        "pressReleaseType": null,
        "pyrRatingType": null,
        "pacrEmail": null,
        "pacr": null,
        "chairEmail": null,
        "chair": null,
        "addendum": null,
        "addendumEmail": null
    },
    {
        "sourceSystem": "ACCURATE",
        "orgId": null,
        "ratingActionDesc": "Viet A Commercial Joint Stock Bank",
        "ratingActionID": "3424413",
        "ratingActionName": "Viet A Commercial Joint Stock Bank",
        "ratingCommitteeDate": null,
        "ratingOffice": "81",
        "ratingReleaseDate": "2020-09-24 21:48:25.0",
        "releaseDate": "2020-09-24 21:48:45.88",
        "lobname": "FIG",
        "sublobname": "Banking",
        "region": "Asia Pacific",
        "leadAnalystID": "22296",
        "leadAnalystName": "Joyce Ong",
        "leadAnalystUniqueId": "ongj",
        "analystEmail": "Joyce.Ong@moodys.com",
        "analystLocation": "Singapore - 50 Raffles Place #23-06",
        "approverID": null,
        "approverName": " ",
        "officeName": "Moody's Investors Service Singapore Pte. Ltd.",
        "documentExceptionListingInd": "",
        "announcementInd": "",
        "automaticRating": "Yes",
        "definitiveRatingPrevProvisional": "No",
        "indicativeRatingInd": "N",
        "definitiveRatingInd": null,
        "linkedAnotherActionInd": "No",
        "privateRatingActionInd": "Y",
        "provisionalRatingInd": "N",
        "secondaryactionind": "No",
        "subsequentRatingInd": "",
        "contactPersonId": null,
        "complianceType": "CAMS",
        "complianceID": "102050",
        "ratingShellId": null,
        "ratingShellDS": null,
        "workItemStatus": null,
        "workItemType": null,
        "workItemSubType": null,
        "workItemReleaseDtm": null,
        "pressReleaseId": null,
        "securityClassNm": null,
        "shadowCd": null,
        "pressReleaseType": null,
        "pyrRatingType": null,
        "pacrEmail": "Graeme.Knowd@moodys.com",
        "pacr": "Graeme Knowd",
        "chairEmail": "Graeme.Knowd@moodys.com",
        "chair": "Graeme Knowd",
        "addendum": "Alex Dieu Quang Hang ",
        "addendumEmail": "QuangH@moodys.com"
    },
    {
        "sourceSystem": "ACCURATE",
        "orgId": null,
        "ratingActionDesc": "Viet A Commercial Joint Stock Bank",
        "ratingActionID": "3424413",
        "ratingActionName": "Viet A Commercial Joint Stock Bank",
        "ratingCommitteeDate": null,
        "ratingOffice": "81",
        "ratingReleaseDate": "2020-09-24 21:48:25.0",
        "releaseDate": "2020-09-24 21:48:45.88",
        "lobname": "FIG",
        "sublobname": "Banking",
        "region": "Asia Pacific",
        "leadAnalystID": "22296",
        "leadAnalystName": "Joyce Ong",
        "leadAnalystUniqueId": "ongj",
        "analystEmail": "Joyce.Ong@moodys.com",
        "analystLocation": "Singapore - 50 Raffles Place #23-06",
        "approverID": "29046082",
        "approverName": "Joyce Ong",
        "officeName": "Moody's Investors Service Singapore Pte. Ltd.",
        "documentExceptionListingInd": "",
        "announcementInd": "",
        "automaticRating": "Yes",
        "definitiveRatingPrevProvisional": "No",
        "indicativeRatingInd": "N",
        "definitiveRatingInd": null,
        "linkedAnotherActionInd": "No",
        "privateRatingActionInd": "Y",
        "provisionalRatingInd": "N",
        "secondaryactionind": "No",
        "subsequentRatingInd": "",
        "contactPersonId": null,
        "complianceType": "CAMS",
        "complianceID": "102050",
        "ratingShellId": null,
        "ratingShellDS": null,
        "workItemStatus": null,
        "workItemType": null,
        "workItemSubType": null,
        "workItemReleaseDtm": null,
        "pressReleaseId": null,
        "securityClassNm": null,
        "shadowCd": null,
        "pressReleaseType": null,
        "pyrRatingType": null,
        "pacrEmail": "Graeme.Knowd@moodys.com",
        "pacr": "Graeme Knowd",
        "chairEmail": "Graeme.Knowd@moodys.com",
        "chair": "Graeme Knowd",
        "addendum": "Alex Dieu Quang Hang ",
        "addendumEmail": "QuangH@moodys.com"
    },
    {
        "sourceSystem": "ACCURATE",
        "orgId": null,
        "ratingActionDesc": "Synopsys Inc (SNPS)",
        "ratingActionID": "3425278",
        "ratingActionName": "Synopsys Inc (SNPS)",
        "ratingCommitteeDate": "2020-07-30 00:00:00.0",
        "ratingOffice": "51",
        "ratingReleaseDate": "2020-09-24 20:46:36.0",
        "releaseDate": "2020-09-24 20:46:41.376",
        "lobname": "CFG",
        "sublobname": "CFG_NY-4",
        "region": "U.S.A. & Canada",
        "leadAnalystID": "445",
        "leadAnalystName": "Richard Lane",
        "leadAnalystUniqueId": "laner",
        "analystEmail": "Richard.Lane@moodys.com",
        "analystLocation": "New York - 7 World Trade Center",
        "approverID": "26000347",
        "approverName": "Richard Lane",
        "officeName": "Moody's Investors Service, Inc.",
        "documentExceptionListingInd": "",
        "announcementInd": "",
        "automaticRating": "No",
        "definitiveRatingPrevProvisional": "No",
        "indicativeRatingInd": "N",
        "definitiveRatingInd": null,
        "linkedAnotherActionInd": "No",
        "privateRatingActionInd": "Y",
        "provisionalRatingInd": "N",
        "secondaryactionind": "No",
        "subsequentRatingInd": "",
        "contactPersonId": null,
        "complianceType": "CAMS",
        "complianceID": "",
        "ratingShellId": null,
        "ratingShellDS": null,
        "workItemStatus": null,
        "workItemType": null,
        "workItemSubType": null,
        "workItemReleaseDtm": null,
        "pressReleaseId": null,
        "securityClassNm": null,
        "shadowCd": null,
        "pressReleaseType": null,
        "pyrRatingType": null,
        "pacrEmail": null,
        "pacr": null,
        "chairEmail": null,
        "chair": null,
        "addendum": null,
        "addendumEmail": null
    },
    {
        "sourceSystem": "ACCURATE",
        "orgId": null,
        "ratingActionDesc": "Barclays Bank PLC - 46",
        "ratingActionID": "3427740",
        "ratingActionName": "Barclays Bank PLC - 46",
        "ratingCommitteeDate": null,
        "ratingOffice": "52",
        "ratingReleaseDate": "2020-09-25 11:45:32.0",
        "releaseDate": "2020-09-25 11:45:37.133",
        "lobname": "FIG",
        "sublobname": "Banking",
        "region": "Europe",
        "leadAnalystID": "6897",
        "leadAnalystName": "Alessandro Roccati",
        "leadAnalystUniqueId": "roccatia",
        "analystEmail": "Alessandro.Roccati@moodys.com",
        "analystLocation": "London - One Canada Square",
        "approverID": null,
        "approverName": " ",
        "officeName": "Moody's Investors Service Ltd.",
        "documentExceptionListingInd": "",
        "announcementInd": "",
        "automaticRating": "Yes",
        "definitiveRatingPrevProvisional": "No",
        "indicativeRatingInd": "N",
        "definitiveRatingInd": null,
        "linkedAnotherActionInd": "No",
        "privateRatingActionInd": "N",
        "provisionalRatingInd": "N",
        "secondaryactionind": "No",
        "subsequentRatingInd": "",
        "contactPersonId": null,
        "complianceType": "CAMS",
        "complianceID": "",
        "ratingShellId": null,
        "ratingShellDS": null,
        "workItemStatus": null,
        "workItemType": null,
        "workItemSubType": null,
        "workItemReleaseDtm": null,
        "pressReleaseId": null,
        "securityClassNm": null,
        "shadowCd": null,
        "pressReleaseType": null,
        "pyrRatingType": null,
        "pacrEmail": null,
        "pacr": null,
        "chairEmail": null,
        "chair": null,
        "addendum": null,
        "addendumEmail": null
    },
    {
        "sourceSystem": "ACCURATE",
        "orgId": null,
        "ratingActionDesc": "Barclays Bank PLC - 46",
        "ratingActionID": "3427744",
        "ratingActionName": "Barclays Bank PLC - 46",
        "ratingCommitteeDate": null,
        "ratingOffice": "52",
        "ratingReleaseDate": "2020-09-25 14:06:24.0",
        "releaseDate": "2020-09-25 14:06:44.756",
        "lobname": "FIG",
        "sublobname": "Banking",
        "region": "Europe",
        "leadAnalystID": "6897",
        "leadAnalystName": "Alessandro Roccati",
        "leadAnalystUniqueId": "roccatia",
        "analystEmail": "Alessandro.Roccati@moodys.com",
        "analystLocation": "London - One Canada Square",
        "approverID": null,
        "approverName": " ",
        "officeName": "Moody's Investors Service Ltd.",
        "documentExceptionListingInd": "",
        "announcementInd": "",
        "automaticRating": "Yes",
        "definitiveRatingPrevProvisional": "No",
        "indicativeRatingInd": "N",
        "definitiveRatingInd": null,
        "linkedAnotherActionInd": "No",
        "privateRatingActionInd": "N",
        "provisionalRatingInd": "N",
        "secondaryactionind": "No",
        "subsequentRatingInd": "",
        "contactPersonId": null,
        "complianceType": "CAMS",
        "complianceID": "",
        "ratingShellId": null,
        "ratingShellDS": null,
        "workItemStatus": null,
        "workItemType": null,
        "workItemSubType": null,
        "workItemReleaseDtm": null,
        "pressReleaseId": null,
        "securityClassNm": null,
        "shadowCd": null,
        "pressReleaseType": null,
        "pyrRatingType": null,
        "pacrEmail": null,
        "pacr": null,
        "chairEmail": null,
        "chair": null,
        "addendum": null,
        "addendumEmail": null
    },
    {
        "sourceSystem": "ACCURATE",
        "orgId": null,
        "ratingActionDesc": null,
        "ratingActionID": "3430533",
        "ratingActionName": "1_PRO_CFG - North America Paper and Forest Products_Anastasija Johnson_Moody's announces completion of a periodic review of ratings of Neenah, Inc.",
        "ratingCommitteeDate": null,
        "ratingOffice": "51",
        "ratingReleaseDate": "2020-09-23 16:51:36.583",
        "releaseDate": "2020-09-23 16:51:36.626",
        "lobname": "CFG",
        "sublobname": "CFG_NY-2",
        "region": "U.S.A. & Canada",
        "leadAnalystID": "6249",
        "leadAnalystName": "Anastasija Johnson",
        "leadAnalystUniqueId": "johnsoan",
        "analystEmail": "Anastasija.Johnson@moodys.com",
        "analystLocation": "New York - 7 World Trade Center",
        "approverID": null,
        "approverName": " ",
        "officeName": "Moody's Investors Service, Inc.",
        "documentExceptionListingInd": "Y",
        "announcementInd": "Y",
        "automaticRating": "Yes",
        "definitiveRatingPrevProvisional": "No",
        "indicativeRatingInd": "N",
        "definitiveRatingInd": null,
        "linkedAnotherActionInd": "No",
        "privateRatingActionInd": "",
        "provisionalRatingInd": "N",
        "secondaryactionind": "No",
        "subsequentRatingInd": "",
        "contactPersonId": null,
        "complianceType": "CAMS",
        "complianceID": "",
        "ratingShellId": null,
        "ratingShellDS": null,
        "workItemStatus": null,
        "workItemType": null,
        "workItemSubType": null,
        "workItemReleaseDtm": null,
        "pressReleaseId": null,
        "securityClassNm": null,
        "shadowCd": null,
        "pressReleaseType": null,
        "pyrRatingType": null,
        "pacrEmail": null,
        "pacr": null,
        "chairEmail": null,
        "chair": null,
        "addendum": null,
        "addendumEmail": null
    },
    {
        "sourceSystem": "ACCURATE",
        "orgId": null,
        "ratingActionDesc": "Bank of Montreal",
        "ratingActionID": "3433947",
        "ratingActionName": "Bank of Montreal",
        "ratingCommitteeDate": null,
        "ratingOffice": "71",
        "ratingReleaseDate": "2020-09-23 14:28:52.0",
        "releaseDate": "2020-09-23 14:29:19.176",
        "lobname": "FIG",
        "sublobname": "Banking",
        "region": "U.S.A. & Canada",
        "leadAnalystID": "6721",
        "leadAnalystName": "John Beattie",
        "leadAnalystUniqueId": "beattied",
        "analystEmail": "David.Beattie@moodys.com",
        "analystLocation": "Toronto - 70 York Street",
        "approverID": null,
        "approverName": " ",
        "officeName": "Moody's Canada Inc.",
        "documentExceptionListingInd": "",
        "announcementInd": "",
        "automaticRating": "Yes",
        "definitiveRatingPrevProvisional": "No",
        "indicativeRatingInd": "N",
        "definitiveRatingInd": null,
        "linkedAnotherActionInd": "No",
        "privateRatingActionInd": "N",
        "provisionalRatingInd": "N",
        "secondaryactionind": "No",
        "subsequentRatingInd": "",
        "contactPersonId": null,
        "complianceType": "CAMS",
        "complianceID": "",
        "ratingShellId": null,
        "ratingShellDS": null,
        "workItemStatus": null,
        "workItemType": null,
        "workItemSubType": null,
        "workItemReleaseDtm": null,
        "pressReleaseId": null,
        "securityClassNm": null,
        "shadowCd": null,
        "pressReleaseType": null,
        "pyrRatingType": null,
        "pacrEmail": null,
        "pacr": null,
        "chairEmail": null,
        "chair": null,
        "addendum": null,
        "addendumEmail": null
    },
    {
        "sourceSystem": "ACCURATE",
        "orgId": null,
        "ratingActionDesc": "Refi - Battalion CLO XII Ltd.",
        "ratingActionID": "3436316",
        "ratingActionName": "Refi - Battalion CLO XII Ltd.",
        "ratingCommitteeDate": "2020-09-18 00:00:00.0",
        "ratingOffice": "51",
        "ratingReleaseDate": "2020-09-23 16:27:09.0",
        "releaseDate": "2020-09-23 16:27:15.903",
        "lobname": "SFG",
        "sublobname": "SFG Research",
        "region": "U.S.A. & Canada",
        "leadAnalystID": "31325",
        "leadAnalystName": "Silin Yang",
        "leadAnalystUniqueId": "yangsi",
        "analystEmail": "Silin.Yang@moodys.com",
        "analystLocation": "New York - 7 World Trade Center",
        "approverID": null,
        "approverName": " ",
        "officeName": "Moody's Investors Service, Inc.",
        "documentExceptionListingInd": "",
        "announcementInd": "",
        "automaticRating": "No",
        "definitiveRatingPrevProvisional": "No",
        "indicativeRatingInd": "N",
        "definitiveRatingInd": null,
        "linkedAnotherActionInd": "No",
        "privateRatingActionInd": "N",
        "provisionalRatingInd": "N",
        "secondaryactionind": "No",
        "subsequentRatingInd": "N",
        "contactPersonId": null,
        "complianceType": "CAMS",
        "complianceID": "103409",
        "ratingShellId": null,
        "ratingShellDS": null,
        "workItemStatus": null,
        "workItemType": null,
        "workItemSubType": null,
        "workItemReleaseDtm": null,
        "pressReleaseId": null,
        "securityClassNm": null,
        "shadowCd": null,
        "pressReleaseType": null,
        "pyrRatingType": null,
        "pacrEmail": null,
        "pacr": null,
        "chairEmail": null,
        "chair": null,
        "addendum": "Silin Yang ",
        "addendumEmail": "YangSi@moodys.com"
    },
    {
        "sourceSystem": "ACCURATE",
        "orgId": null,
        "ratingActionDesc": null,
        "ratingActionID": "3437129",
        "ratingActionName": "1_PRO_CFG - North America Building Products_Scott Manduca_Moody's announces completion of a periodic review of ratings of DiversiTech Holdings, Inc.",
        "ratingCommitteeDate": null,
        "ratingOffice": "51",
        "ratingReleaseDate": "2020-09-23 13:28:53.683",
        "releaseDate": "2020-09-23 13:28:53.703",
        "lobname": "CFG",
        "sublobname": "CFG_NY-2",
        "region": "U.S.A. & Canada",
        "leadAnalystID": "30682",
        "leadAnalystName": "Scott Manduca",
        "leadAnalystUniqueId": "manducas",
        "analystEmail": "Scott.Manduca@moodys.com",
        "analystLocation": "New York - 7 World Trade Center",
        "approverID": null,
        "approverName": " ",
        "officeName": "Moody's Investors Service, Inc.",
        "documentExceptionListingInd": "Y",
        "announcementInd": "Y",
        "automaticRating": "Yes",
        "definitiveRatingPrevProvisional": "No",
        "indicativeRatingInd": "N",
        "definitiveRatingInd": null,
        "linkedAnotherActionInd": "No",
        "privateRatingActionInd": "",
        "provisionalRatingInd": "N",
        "secondaryactionind": "No",
        "subsequentRatingInd": "",
        "contactPersonId": null,
        "complianceType": "CAMS",
        "complianceID": "",
        "ratingShellId": null,
        "ratingShellDS": null,
        "workItemStatus": null,
        "workItemType": null,
        "workItemSubType": null,
        "workItemReleaseDtm": null,
        "pressReleaseId": null,
        "securityClassNm": null,
        "shadowCd": null,
        "pressReleaseType": null,
        "pyrRatingType": null,
        "pacrEmail": null,
        "pacr": null,
        "chairEmail": null,
        "chair": null,
        "addendum": null,
        "addendumEmail": null
    },
    {
        "sourceSystem": "ACCURATE",
        "orgId": null,
        "ratingActionDesc": "Citigroup Global Markets Holdings Inc.",
        "ratingActionID": "3437632",
        "ratingActionName": "Citigroup Global Markets Holdings Inc.",
        "ratingCommitteeDate": null,
        "ratingOffice": "51",
        "ratingReleaseDate": "2020-09-23 14:24:41.0",
        "releaseDate": "2020-09-23 14:24:57.203",
        "lobname": "FIG",
        "sublobname": "Banking",
        "region": "U.S.A. & Canada",
        "leadAnalystID": "1217",
        "leadAnalystName": "Peter Nerby",
        "leadAnalystUniqueId": "nerbyp",
        "analystEmail": "Peter.Nerby@moodys.com",
        "analystLocation": "New York - 7 World Trade Center",
        "approverID": null,
        "approverName": " ",
        "officeName": "Moody's Investors Service, Inc.",
        "documentExceptionListingInd": "",
        "announcementInd": "",
        "automaticRating": "Yes",
        "definitiveRatingPrevProvisional": "No",
        "indicativeRatingInd": "N",
        "definitiveRatingInd": null,
        "linkedAnotherActionInd": "No",
        "privateRatingActionInd": "N",
        "provisionalRatingInd": "N",
        "secondaryactionind": "No",
        "subsequentRatingInd": "",
        "contactPersonId": null,
        "complianceType": "CAMS",
        "complianceID": "",
        "ratingShellId": null,
        "ratingShellDS": null,
        "workItemStatus": null,
        "workItemType": null,
        "workItemSubType": null,
        "workItemReleaseDtm": null,
        "pressReleaseId": null,
        "securityClassNm": null,
        "shadowCd": null,
        "pressReleaseType": null,
        "pyrRatingType": null,
        "pacrEmail": null,
        "pacr": null,
        "chairEmail": null,
        "chair": null,
        "addendum": null,
        "addendumEmail": null
    },
    {
        "sourceSystem": "ACCURATE",
        "orgId": null,
        "ratingActionDesc": null,
        "ratingActionID": "3438113",
        "ratingActionName": "1_PRO_CFG - Americas Homebuilding_Griselda Bisono _Moody's announces completion of a periodic review of ratings of M.D.C. Holdings, Inc.",
        "ratingCommitteeDate": null,
        "ratingOffice": "51",
        "ratingReleaseDate": "2020-09-25 16:24:49.333",
        "releaseDate": "2020-09-25 16:24:49.343",
        "lobname": "CFG",
        "sublobname": "CFG_NY-2",
        "region": "U.S.A. & Canada",
        "leadAnalystID": "2769",
        "leadAnalystName": "Griselda Bisono",
        "leadAnalystUniqueId": "bisonog",
        "analystEmail": "Griselda.Bisono@moodys.com",
        "analystLocation": "New York - 7 World Trade Center",
        "approverID": null,
        "approverName": " ",
        "officeName": "Moody's Investors Service, Inc.",
        "documentExceptionListingInd": "Y",
        "announcementInd": "Y",
        "automaticRating": "Yes",
        "definitiveRatingPrevProvisional": "No",
        "indicativeRatingInd": "N",
        "definitiveRatingInd": null,
        "linkedAnotherActionInd": "No",
        "privateRatingActionInd": "",
        "provisionalRatingInd": "N",
        "secondaryactionind": "No",
        "subsequentRatingInd": "",
        "contactPersonId": null,
        "complianceType": "CAMS",
        "complianceID": "",
        "ratingShellId": null,
        "ratingShellDS": null,
        "workItemStatus": null,
        "workItemType": null,
        "workItemSubType": null,
        "workItemReleaseDtm": null,
        "pressReleaseId": null,
        "securityClassNm": null,
        "shadowCd": null,
        "pressReleaseType": null,
        "pyrRatingType": null,
        "pacrEmail": null,
        "pacr": null,
        "chairEmail": null,
        "chair": null,
        "addendum": null,
        "addendumEmail": null
    },
    {
        "sourceSystem": "ACCURATE",
        "orgId": null,
        "ratingActionDesc": null,
        "ratingActionID": "3438118",
        "ratingActionName": "1_PRO_CFG - Americas Homebuilding_Griselda Bisono _Moody's announces completion of a periodic review of ratings of Shea Homes Limited Partnership",
        "ratingCommitteeDate": null,
        "ratingOffice": "51",
        "ratingReleaseDate": "2020-09-25 16:24:45.416",
        "releaseDate": "2020-09-25 16:24:45.423",
        "lobname": "CFG",
        "sublobname": "CFG_NY-2",
        "region": "U.S.A. & Canada",
        "leadAnalystID": "2769",
        "leadAnalystName": "Griselda Bisono",
        "leadAnalystUniqueId": "bisonog",
        "analystEmail": "Griselda.Bisono@moodys.com",
        "analystLocation": "New York - 7 World Trade Center",
        "approverID": null,
        "approverName": " ",
        "officeName": "Moody's Investors Service, Inc.",
        "documentExceptionListingInd": "Y",
        "announcementInd": "Y",
        "automaticRating": "Yes",
        "definitiveRatingPrevProvisional": "No",
        "indicativeRatingInd": "N",
        "definitiveRatingInd": null,
        "linkedAnotherActionInd": "No",
        "privateRatingActionInd": "",
        "provisionalRatingInd": "N",
        "secondaryactionind": "No",
        "subsequentRatingInd": "",
        "contactPersonId": null,
        "complianceType": "CAMS",
        "complianceID": "",
        "ratingShellId": null,
        "ratingShellDS": null,
        "workItemStatus": null,
        "workItemType": null,
        "workItemSubType": null,
        "workItemReleaseDtm": null,
        "pressReleaseId": null,
        "securityClassNm": null,
        "shadowCd": null,
        "pressReleaseType": null,
        "pyrRatingType": null,
        "pacrEmail": null,
        "pacr": null,
        "chairEmail": null,
        "chair": null,
        "addendum": null,
        "addendumEmail": null
    },
    {
        "sourceSystem": "ACCURATE",
        "orgId": null,
        "ratingActionDesc": null,
        "ratingActionID": "3438122",
        "ratingActionName": "1_PRO_CFG - Americas Homebuilding_Griselda Bisono _Moody's announces completion of a periodic review of ratings of Taylor Morrison Communities, Inc.",
        "ratingCommitteeDate": null,
        "ratingOffice": "51",
        "ratingReleaseDate": "2020-09-25 16:24:41.646",
        "releaseDate": "2020-09-25 16:24:41.7",
        "lobname": "CFG",
        "sublobname": "CFG_NY-2",
        "region": "U.S.A. & Canada",
        "leadAnalystID": "2769",
        "leadAnalystName": "Griselda Bisono",
        "leadAnalystUniqueId": "bisonog",
        "analystEmail": "Griselda.Bisono@moodys.com",
        "analystLocation": "New York - 7 World Trade Center",
        "approverID": null,
        "approverName": " ",
        "officeName": "Moody's Investors Service, Inc.",
        "documentExceptionListingInd": "Y",
        "announcementInd": "Y",
        "automaticRating": "Yes",
        "definitiveRatingPrevProvisional": "No",
        "indicativeRatingInd": "N",
        "definitiveRatingInd": null,
        "linkedAnotherActionInd": "No",
        "privateRatingActionInd": "",
        "provisionalRatingInd": "N",
        "secondaryactionind": "No",
        "subsequentRatingInd": "",
        "contactPersonId": null,
        "complianceType": "CAMS",
        "complianceID": "",
        "ratingShellId": null,
        "ratingShellDS": null,
        "workItemStatus": null,
        "workItemType": null,
        "workItemSubType": null,
        "workItemReleaseDtm": null,
        "pressReleaseId": null,
        "securityClassNm": null,
        "shadowCd": null,
        "pressReleaseType": null,
        "pyrRatingType": null,
        "pacrEmail": null,
        "pacr": null,
        "chairEmail": null,
        "chair": null,
        "addendum": null,
        "addendumEmail": null
    },
    {
        "sourceSystem": "ACCURATE",
        "orgId": null,
        "ratingActionDesc": "Royal Bank of Canada (London Branch) - 47",
        "ratingActionID": "3438419",
        "ratingActionName": "Royal Bank of Canada (London Branch) - 47",
        "ratingCommitteeDate": null,
        "ratingOffice": "71",
        "ratingReleaseDate": "2020-09-25 16:54:06.0",
        "releaseDate": "2020-09-25 16:54:31.153",
        "lobname": "FIG",
        "sublobname": "Banking",
        "region": "U.S.A. & Canada",
        "leadAnalystID": "6721",
        "leadAnalystName": "John Beattie",
        "leadAnalystUniqueId": "beattied",
        "analystEmail": "David.Beattie@moodys.com",
        "analystLocation": "Toronto - 70 York Street",
        "approverID": null,
        "approverName": " ",
        "officeName": "Moody's Canada Inc.",
        "documentExceptionListingInd": "",
        "announcementInd": "",
        "automaticRating": "Yes",
        "definitiveRatingPrevProvisional": "No",
        "indicativeRatingInd": "N",
        "definitiveRatingInd": null,
        "linkedAnotherActionInd": "No",
        "privateRatingActionInd": "N",
        "provisionalRatingInd": "N",
        "secondaryactionind": "No",
        "subsequentRatingInd": "",
        "contactPersonId": null,
        "complianceType": "CAMS",
        "complianceID": "",
        "ratingShellId": null,
        "ratingShellDS": null,
        "workItemStatus": null,
        "workItemType": null,
        "workItemSubType": null,
        "workItemReleaseDtm": null,
        "pressReleaseId": null,
        "securityClassNm": null,
        "shadowCd": null,
        "pressReleaseType": null,
        "pyrRatingType": null,
        "pacrEmail": null,
        "pacr": null,
        "chairEmail": null,
        "chair": null,
        "addendum": null,
        "addendumEmail": null
    },
    {
        "sourceSystem": "ACCURATE",
        "orgId": null,
        "ratingActionDesc": null,
        "ratingActionID": "3439369",
        "ratingActionName": "1_PRO_CFG - EMEA Invest Holding Companies_Dion Bate _Moody's announces completion of a periodic review of ratings of Ordu Yardimlasma Kurumu (OYAK)",
        "ratingCommitteeDate": null,
        "ratingOffice": "122",
        "ratingReleaseDate": "2020-09-23 12:07:45.1",
        "releaseDate": "2020-09-23 12:07:45.14",
        "lobname": "CFG",
        "sublobname": "CFG Regional",
        "region": null,
        "leadAnalystID": "1916",
        "leadAnalystName": "Dion Bate",
        "leadAnalystUniqueId": "bated",
        "analystEmail": "Dion.Bate@moodys.com",
        "analystLocation": "Dubai - DIFC Precinct Bldg 3",
        "approverID": null,
        "approverName": " ",
        "officeName": "Moody's Investors Service Middle East Limited",
        "documentExceptionListingInd": "Y",
        "announcementInd": "Y",
        "automaticRating": "Yes",
        "definitiveRatingPrevProvisional": "No",
        "indicativeRatingInd": "N",
        "definitiveRatingInd": null,
        "linkedAnotherActionInd": "No",
        "privateRatingActionInd": "",
        "provisionalRatingInd": "N",
        "secondaryactionind": "No",
        "subsequentRatingInd": "",
        "contactPersonId": null,
        "complianceType": "CAMS",
        "complianceID": "",
        "ratingShellId": null,
        "ratingShellDS": null,
        "workItemStatus": null,
        "workItemType": null,
        "workItemSubType": null,
        "workItemReleaseDtm": null,
        "pressReleaseId": null,
        "securityClassNm": null,
        "shadowCd": null,
        "pressReleaseType": null,
        "pyrRatingType": null,
        "pacrEmail": null,
        "pacr": null,
        "chairEmail": null,
        "chair": null,
        "addendum": null,
        "addendumEmail": null
    },
    {
        "sourceSystem": "ACCURATE",
        "orgId": null,
        "ratingActionDesc": null,
        "ratingActionID": "3440084",
        "ratingActionName": "1_PRO_FIG - Americas & EMEA Global Securities_Roland Auquier_Moody's announces completion of a periodic review of ratings of LHC3 plc",
        "ratingCommitteeDate": null,
        "ratingOffice": "50",
        "ratingReleaseDate": "2020-09-25 11:19:35.14",
        "releaseDate": "2020-09-25 11:19:35.17",
        "lobname": "FIG",
        "sublobname": "Banking",
        "region": "Europe",
        "leadAnalystID": "6301",
        "leadAnalystName": "Roland Auquier",
        "leadAnalystUniqueId": "auquierr",
        "analystEmail": "Roland.Auquier@moodys.com",
        "analystLocation": "Paris - 96, boulevard Haussmann",
        "approverID": null,
        "approverName": " ",
        "officeName": "Moody's France SAS",
        "documentExceptionListingInd": "Y",
        "announcementInd": "Y",
        "automaticRating": "Yes",
        "definitiveRatingPrevProvisional": "No",
        "indicativeRatingInd": "N",
        "definitiveRatingInd": null,
        "linkedAnotherActionInd": "No",
        "privateRatingActionInd": "",
        "provisionalRatingInd": "N",
        "secondaryactionind": "No",
        "subsequentRatingInd": "",
        "contactPersonId": null,
        "complianceType": "CAMS",
        "complianceID": "",
        "ratingShellId": null,
        "ratingShellDS": null,
        "workItemStatus": null,
        "workItemType": null,
        "workItemSubType": null,
        "workItemReleaseDtm": null,
        "pressReleaseId": null,
        "securityClassNm": null,
        "shadowCd": null,
        "pressReleaseType": null,
        "pyrRatingType": null,
        "pacrEmail": null,
        "pacr": null,
        "chairEmail": null,
        "chair": null,
        "addendum": null,
        "addendumEmail": null
    },
    {
        "sourceSystem": "ACCURATE",
        "orgId": null,
        "ratingActionDesc": "FTS International, Inc.",
        "ratingActionID": "3440169",
        "ratingActionName": "FTS International, Inc.",
        "ratingCommitteeDate": "2020-09-23 00:00:00.0",
        "ratingOffice": "51",
        "ratingReleaseDate": "2020-09-23 13:47:36.0",
        "releaseDate": "2020-09-23 13:47:42.936",
        "lobname": "CFG",
        "sublobname": "CFG_NY-2",
        "region": "U.S.A. & Canada",
        "leadAnalystID": "7808",
        "leadAnalystName": "Jonathan Teitel",
        "leadAnalystUniqueId": "teitelj",
        "analystEmail": "Jonathan.Teitel@moodys.com",
        "analystLocation": "New York - 7 World Trade Center",
        "approverID": "29001980",
        "approverName": "James Wilkins",
        "officeName": "Moody's Investors Service, Inc.",
        "documentExceptionListingInd": "",
        "announcementInd": "",
        "automaticRating": "No",
        "definitiveRatingPrevProvisional": "No",
        "indicativeRatingInd": "N",
        "definitiveRatingInd": null,
        "linkedAnotherActionInd": "No",
        "privateRatingActionInd": "N",
        "provisionalRatingInd": "N",
        "secondaryactionind": "No",
        "subsequentRatingInd": "N",
        "contactPersonId": null,
        "complianceType": "CAMS",
        "complianceID": "103597",
        "ratingShellId": null,
        "ratingShellDS": null,
        "workItemStatus": null,
        "workItemType": null,
        "workItemSubType": null,
        "workItemReleaseDtm": null,
        "pressReleaseId": null,
        "securityClassNm": null,
        "shadowCd": null,
        "pressReleaseType": null,
        "pyrRatingType": null,
        "pacrEmail": "Steven.Wood@moodys.com",
        "pacr": "Steve Wood",
        "chairEmail": "Peter.Speer@moodys.com",
        "chair": "Pete Speer",
        "addendum": "Thomas Albanese ",
        "addendumEmail": "AlbanesT@moodys.com"
    },
    {
        "sourceSystem": "ACCURATE",
        "orgId": null,
        "ratingActionDesc": "GS Finance Corp.",
        "ratingActionID": "3440475",
        "ratingActionName": "GS Finance Corp.",
        "ratingCommitteeDate": null,
        "ratingOffice": "51",
        "ratingReleaseDate": "2020-09-25 14:36:04.0",
        "releaseDate": "2020-09-25 14:36:22.293",
        "lobname": "FIG",
        "sublobname": "Banking",
        "region": "U.S.A. & Canada",
        "leadAnalystID": "467",
        "leadAnalystName": "David Fanger",
        "leadAnalystUniqueId": "fangerd",
        "analystEmail": "David.Fanger@moodys.com",
        "analystLocation": "New York - 7 World Trade Center",
        "approverID": null,
        "approverName": " ",
        "officeName": "Moody's Investors Service, Inc.",
        "documentExceptionListingInd": "",
        "announcementInd": "",
        "automaticRating": "Yes",
        "definitiveRatingPrevProvisional": "No",
        "indicativeRatingInd": "N",
        "definitiveRatingInd": null,
        "linkedAnotherActionInd": "No",
        "privateRatingActionInd": "N",
        "provisionalRatingInd": "N",
        "secondaryactionind": "No",
        "subsequentRatingInd": "",
        "contactPersonId": null,
        "complianceType": "CAMS",
        "complianceID": "",
        "ratingShellId": null,
        "ratingShellDS": null,
        "workItemStatus": null,
        "workItemType": null,
        "workItemSubType": null,
        "workItemReleaseDtm": null,
        "pressReleaseId": null,
        "securityClassNm": null,
        "shadowCd": null,
        "pressReleaseType": null,
        "pyrRatingType": null,
        "pacrEmail": null,
        "pacr": null,
        "chairEmail": null,
        "chair": null,
        "addendum": null,
        "addendumEmail": null
    },
    {
        "sourceSystem": "ACCURATE",
        "orgId": null,
        "ratingActionDesc": null,
        "ratingActionID": "3440651",
        "ratingActionName": "1_PRO_CFG - North America Building Products_Edward Schmidt_Moody's announces completion of a periodic review of ratings of Tosca Services, LLC",
        "ratingCommitteeDate": null,
        "ratingOffice": "51",
        "ratingReleaseDate": "2020-09-24 10:29:07.263",
        "releaseDate": "2020-09-24 10:29:07.28",
        "lobname": "CFG",
        "sublobname": "CFG_NY-2",
        "region": "U.S.A. & Canada",
        "leadAnalystID": "2613",
        "leadAnalystName": "Edward Schmidt",
        "leadAnalystUniqueId": "schmidte",
        "analystEmail": "Edward.Schmidt@moodys.com",
        "analystLocation": "New York - 7 World Trade Center",
        "approverID": null,
        "approverName": " ",
        "officeName": "Moody's Investors Service, Inc.",
        "documentExceptionListingInd": "Y",
        "announcementInd": "Y",
        "automaticRating": "Yes",
        "definitiveRatingPrevProvisional": "No",
        "indicativeRatingInd": "N",
        "definitiveRatingInd": null,
        "linkedAnotherActionInd": "No",
        "privateRatingActionInd": "",
        "provisionalRatingInd": "N",
        "secondaryactionind": "No",
        "subsequentRatingInd": "",
        "contactPersonId": null,
        "complianceType": "CAMS",
        "complianceID": "",
        "ratingShellId": null,
        "ratingShellDS": null,
        "workItemStatus": null,
        "workItemType": null,
        "workItemSubType": null,
        "workItemReleaseDtm": null,
        "pressReleaseId": null,
        "securityClassNm": null,
        "shadowCd": null,
        "pressReleaseType": null,
        "pyrRatingType": null,
        "pacrEmail": null,
        "pacr": null,
        "chairEmail": null,
        "chair": null,
        "addendum": null,
        "addendumEmail": null
    },
    {
        "sourceSystem": "ACCURATE",
        "orgId": null,
        "ratingActionDesc": null,
        "ratingActionID": "3440779",
        "ratingActionName": "1_PRO_FIG - Morocco & Tunisia Banks _Olivier Panis_Moody's announces completion of a periodic review of ratings of Groupe Banque Centrale Populaire",
        "ratingCommitteeDate": null,
        "ratingOffice": "50",
        "ratingReleaseDate": "2020-09-24 14:18:41.11",
        "releaseDate": "2020-09-24 14:18:41.116",
        "lobname": "FIG",
        "sublobname": "Banking",
        "region": "Europe",
        "leadAnalystID": "2595",
        "leadAnalystName": "Olivier Panis",
        "leadAnalystUniqueId": "paniso",
        "analystEmail": "Olivier.Panis@moodys.com",
        "analystLocation": "Paris - 96, boulevard Haussmann",
        "approverID": null,
        "approverName": " ",
        "officeName": "Moody's France SAS",
        "documentExceptionListingInd": "Y",
        "announcementInd": "Y",
        "automaticRating": "Yes",
        "definitiveRatingPrevProvisional": "No",
        "indicativeRatingInd": "N",
        "definitiveRatingInd": null,
        "linkedAnotherActionInd": "No",
        "privateRatingActionInd": "",
        "provisionalRatingInd": "N",
        "secondaryactionind": "No",
        "subsequentRatingInd": "",
        "contactPersonId": null,
        "complianceType": "CAMS",
        "complianceID": "",
        "ratingShellId": null,
        "ratingShellDS": null,
        "workItemStatus": null,
        "workItemType": null,
        "workItemSubType": null,
        "workItemReleaseDtm": null,
        "pressReleaseId": null,
        "securityClassNm": null,
        "shadowCd": null,
        "pressReleaseType": null,
        "pyrRatingType": null,
        "pacrEmail": null,
        "pacr": null,
        "chairEmail": null,
        "chair": null,
        "addendum": null,
        "addendumEmail": null
    },
    {
        "sourceSystem": "ACCURATE",
        "orgId": null,
        "ratingActionDesc": "Zip Master Trust Series 2020-1",
        "ratingActionID": "3440975",
        "ratingActionName": "Zip Master Trust Series 2020-1",
        "ratingCommitteeDate": "2020-09-24 00:00:00.0",
        "ratingOffice": "53",
        "ratingReleaseDate": "2020-09-25 00:00:17.0",
        "releaseDate": "2020-09-25 00:00:37.75",
        "lobname": "SFG",
        "sublobname": "Regional New Ratings",
        "region": "Asia Pacific",
        "leadAnalystID": "2361",
        "leadAnalystName": "John Paul Truijens",
        "leadAnalystUniqueId": "truijenj",
        "analystEmail": "JohnPaul.Truijens@moodys.com",
        "analystLocation": "Sydney - 1 O'Connell Street",
        "approverID": null,
        "approverName": " ",
        "officeName": "Moody's Investors Service Pty. Ltd.",
        "documentExceptionListingInd": "Y",
        "announcementInd": "",
        "automaticRating": "No",
        "definitiveRatingPrevProvisional": "No",
        "indicativeRatingInd": "N",
        "definitiveRatingInd": null,
        "linkedAnotherActionInd": "No",
        "privateRatingActionInd": "N",
        "provisionalRatingInd": "Y",
        "secondaryactionind": "No",
        "subsequentRatingInd": "N",
        "contactPersonId": null,
        "complianceType": "CAMS",
        "complianceID": "103746",
        "ratingShellId": null,
        "ratingShellDS": null,
        "workItemStatus": null,
        "workItemType": null,
        "workItemSubType": null,
        "workItemReleaseDtm": null,
        "pressReleaseId": null,
        "securityClassNm": null,
        "shadowCd": null,
        "pressReleaseType": null,
        "pyrRatingType": null,
        "pacrEmail": null,
        "pacr": null,
        "chairEmail": null,
        "chair": null,
        "addendum": null,
        "addendumEmail": null
    },
    {
        "sourceSystem": "ACCURATE",
        "orgId": null,
        "ratingActionDesc": "Barclays Bank PLC",
        "ratingActionID": "3441068",
        "ratingActionName": "Barclays Bank PLC",
        "ratingCommitteeDate": null,
        "ratingOffice": "52",
        "ratingReleaseDate": "2020-09-24 16:47:49.0",
        "releaseDate": "2020-09-24 16:48:31.27",
        "lobname": "FIG",
        "sublobname": "Banking",
        "region": "Europe",
        "leadAnalystID": "6897",
        "leadAnalystName": "Alessandro Roccati",
        "leadAnalystUniqueId": "roccatia",
        "analystEmail": "Alessandro.Roccati@moodys.com",
        "analystLocation": "London - One Canada Square",
        "approverID": null,
        "approverName": " ",
        "officeName": "Moody's Investors Service Ltd.",
        "documentExceptionListingInd": "",
        "announcementInd": "",
        "automaticRating": "Yes",
        "definitiveRatingPrevProvisional": "No",
        "indicativeRatingInd": "N",
        "definitiveRatingInd": null,
        "linkedAnotherActionInd": "No",
        "privateRatingActionInd": "N",
        "provisionalRatingInd": "N",
        "secondaryactionind": "No",
        "subsequentRatingInd": "",
        "contactPersonId": null,
        "complianceType": "CAMS",
        "complianceID": "",
        "ratingShellId": null,
        "ratingShellDS": null,
        "workItemStatus": null,
        "workItemType": null,
        "workItemSubType": null,
        "workItemReleaseDtm": null,
        "pressReleaseId": null,
        "securityClassNm": null,
        "shadowCd": null,
        "pressReleaseType": null,
        "pyrRatingType": null,
        "pacrEmail": null,
        "pacr": null,
        "chairEmail": null,
        "chair": null,
        "addendum": null,
        "addendumEmail": null
    },
    {
        "sourceSystem": "ACCURATE",
        "orgId": null,
        "ratingActionDesc": "Barclays Bank PLC",
        "ratingActionID": "3441084",
        "ratingActionName": "Barclays Bank PLC",
        "ratingCommitteeDate": null,
        "ratingOffice": "52",
        "ratingReleaseDate": "2020-09-24 17:11:44.0",
        "releaseDate": "2020-09-24 17:12:10.293",
        "lobname": "FIG",
        "sublobname": "Banking",
        "region": "Europe",
        "leadAnalystID": "6897",
        "leadAnalystName": "Alessandro Roccati",
        "leadAnalystUniqueId": "roccatia",
        "analystEmail": "Alessandro.Roccati@moodys.com",
        "analystLocation": "London - One Canada Square",
        "approverID": null,
        "approverName": " ",
        "officeName": "Moody's Investors Service Ltd.",
        "documentExceptionListingInd": "",
        "announcementInd": "",
        "automaticRating": "Yes",
        "definitiveRatingPrevProvisional": "No",
        "indicativeRatingInd": "N",
        "definitiveRatingInd": null,
        "linkedAnotherActionInd": "No",
        "privateRatingActionInd": "N",
        "provisionalRatingInd": "N",
        "secondaryactionind": "No",
        "subsequentRatingInd": "",
        "contactPersonId": null,
        "complianceType": "CAMS",
        "complianceID": "",
        "ratingShellId": null,
        "ratingShellDS": null,
        "workItemStatus": null,
        "workItemType": null,
        "workItemSubType": null,
        "workItemReleaseDtm": null,
        "pressReleaseId": null,
        "securityClassNm": null,
        "shadowCd": null,
        "pressReleaseType": null,
        "pyrRatingType": null,
        "pacrEmail": null,
        "pacr": null,
        "chairEmail": null,
        "chair": null,
        "addendum": null,
        "addendumEmail": null
    },
    {
        "sourceSystem": "ACCURATE",
        "orgId": null,
        "ratingActionDesc": "Bank of Montreal",
        "ratingActionID": "3441164",
        "ratingActionName": "Bank of Montreal",
        "ratingCommitteeDate": null,
        "ratingOffice": "71",
        "ratingReleaseDate": "2020-09-24 18:07:44.0",
        "releaseDate": "2020-09-24 18:08:16.426",
        "lobname": "FIG",
        "sublobname": "Banking",
        "region": "U.S.A. & Canada",
        "leadAnalystID": "6721",
        "leadAnalystName": "John Beattie",
        "leadAnalystUniqueId": "beattied",
        "analystEmail": "David.Beattie@moodys.com",
        "analystLocation": "Toronto - 70 York Street",
        "approverID": null,
        "approverName": " ",
        "officeName": "Moody's Canada Inc.",
        "documentExceptionListingInd": "",
        "announcementInd": "",
        "automaticRating": "Yes",
        "definitiveRatingPrevProvisional": "No",
        "indicativeRatingInd": "N",
        "definitiveRatingInd": null,
        "linkedAnotherActionInd": "No",
        "privateRatingActionInd": "N",
        "provisionalRatingInd": "N",
        "secondaryactionind": "No",
        "subsequentRatingInd": "",
        "contactPersonId": null,
        "complianceType": "CAMS",
        "complianceID": "",
        "ratingShellId": null,
        "ratingShellDS": null,
        "workItemStatus": null,
        "workItemType": null,
        "workItemSubType": null,
        "workItemReleaseDtm": null,
        "pressReleaseId": null,
        "securityClassNm": null,
        "shadowCd": null,
        "pressReleaseType": null,
        "pyrRatingType": null,
        "pacrEmail": null,
        "pacr": null,
        "chairEmail": null,
        "chair": null,
        "addendum": null,
        "addendumEmail": null
    },
    {
        "sourceSystem": "ACCURATE",
        "orgId": null,
        "ratingActionDesc": "Ball Corporation",
        "ratingActionID": "3442303",
        "ratingActionName": "Ball Corporation",
        "ratingCommitteeDate": null,
        "ratingOffice": "51",
        "ratingReleaseDate": "2020-09-24 10:39:10.0",
        "releaseDate": "2020-09-24 10:39:13.973",
        "lobname": "CFG",
        "sublobname": "CFG_NY-2",
        "region": "U.S.A. & Canada",
        "leadAnalystID": "2613",
        "leadAnalystName": "Edward Schmidt",
        "leadAnalystUniqueId": "schmidte",
        "analystEmail": "Edward.Schmidt@moodys.com",
        "analystLocation": "New York - 7 World Trade Center",
        "approverID": null,
        "approverName": " ",
        "officeName": "Moody's Investors Service, Inc.",
        "documentExceptionListingInd": "Y",
        "announcementInd": "",
        "automaticRating": "Yes",
        "definitiveRatingPrevProvisional": "No",
        "indicativeRatingInd": "N",
        "definitiveRatingInd": null,
        "linkedAnotherActionInd": "No",
        "privateRatingActionInd": "N",
        "provisionalRatingInd": "Y",
        "secondaryactionind": "No",
        "subsequentRatingInd": "Y",
        "contactPersonId": null,
        "complianceType": "CAMS",
        "complianceID": "",
        "ratingShellId": null,
        "ratingShellDS": null,
        "workItemStatus": null,
        "workItemType": null,
        "workItemSubType": null,
        "workItemReleaseDtm": null,
        "pressReleaseId": null,
        "securityClassNm": null,
        "shadowCd": null,
        "pressReleaseType": null,
        "pyrRatingType": null,
        "pacrEmail": null,
        "pacr": null,
        "chairEmail": null,
        "chair": null,
        "addendum": null,
        "addendumEmail": null
    },
    {
        "sourceSystem": "ACCURATE",
        "orgId": null,
        "ratingActionDesc": null,
        "ratingActionID": "3442401",
        "ratingActionName": "1_PRO_EMEA Chemical - Batch 1_Martin Kohlhase_Moody's announces completion of a periodic review of ratings of Akzo Nobel N.V.",
        "ratingCommitteeDate": null,
        "ratingOffice": "41",
        "ratingReleaseDate": "2020-09-24 11:07:33.193",
        "releaseDate": "2020-09-24 11:07:33.203",
        "lobname": "CFG",
        "sublobname": "CFG Regional",
        "region": "Europe",
        "leadAnalystID": "2051",
        "leadAnalystName": "Martin Kohlhase",
        "leadAnalystUniqueId": "kohlhasm",
        "analystEmail": "Martin.Kohlhase@moodys.com",
        "analystLocation": "Frankfurt - An der Welle 5",
        "approverID": null,
        "approverName": " ",
        "officeName": "Moody's Deutschland GmbH",
        "documentExceptionListingInd": "Y",
        "announcementInd": "Y",
        "automaticRating": "Yes",
        "definitiveRatingPrevProvisional": "No",
        "indicativeRatingInd": "N",
        "definitiveRatingInd": null,
        "linkedAnotherActionInd": "No",
        "privateRatingActionInd": "",
        "provisionalRatingInd": "N",
        "secondaryactionind": "No",
        "subsequentRatingInd": "",
        "contactPersonId": null,
        "complianceType": "CAMS",
        "complianceID": "",
        "ratingShellId": null,
        "ratingShellDS": null,
        "workItemStatus": null,
        "workItemType": null,
        "workItemSubType": null,
        "workItemReleaseDtm": null,
        "pressReleaseId": null,
        "securityClassNm": null,
        "shadowCd": null,
        "pressReleaseType": null,
        "pyrRatingType": null,
        "pacrEmail": null,
        "pacr": null,
        "chairEmail": null,
        "chair": null,
        "addendum": null,
        "addendumEmail": null
    },
    {
        "sourceSystem": "ACCURATE",
        "orgId": null,
        "ratingActionDesc": null,
        "ratingActionID": "3442407",
        "ratingActionName": "1_PRO_EMEA Chemical - Batch 1_Martin Kohlhase_Moody's announces completion of a periodic review of ratings of Allnex (Luxembourg) & Cy S.C.A.",
        "ratingCommitteeDate": null,
        "ratingOffice": "41",
        "ratingReleaseDate": "2020-09-23 09:51:30.2",
        "releaseDate": "2020-09-23 09:51:30.21",
        "lobname": "CFG",
        "sublobname": "CFG Regional",
        "region": "Europe",
        "leadAnalystID": "2051",
        "leadAnalystName": "Martin Kohlhase",
        "leadAnalystUniqueId": "kohlhasm",
        "analystEmail": "Martin.Kohlhase@moodys.com",
        "analystLocation": "Frankfurt - An der Welle 5",
        "approverID": null,
        "approverName": " ",
        "officeName": "Moody's Deutschland GmbH",
        "documentExceptionListingInd": "Y",
        "announcementInd": "Y",
        "automaticRating": "Yes",
        "definitiveRatingPrevProvisional": "No",
        "indicativeRatingInd": "N",
        "definitiveRatingInd": null,
        "linkedAnotherActionInd": "No",
        "privateRatingActionInd": "",
        "provisionalRatingInd": "N",
        "secondaryactionind": "No",
        "subsequentRatingInd": "",
        "contactPersonId": null,
        "complianceType": "CAMS",
        "complianceID": "",
        "ratingShellId": null,
        "ratingShellDS": null,
        "workItemStatus": null,
        "workItemType": null,
        "workItemSubType": null,
        "workItemReleaseDtm": null,
        "pressReleaseId": null,
        "securityClassNm": null,
        "shadowCd": null,
        "pressReleaseType": null,
        "pyrRatingType": null,
        "pacrEmail": null,
        "pacr": null,
        "chairEmail": null,
        "chair": null,
        "addendum": null,
        "addendumEmail": null
    },
    {
        "sourceSystem": "ACCURATE",
        "orgId": null,
        "ratingActionDesc": null,
        "ratingActionID": "3442411",
        "ratingActionName": "1_PRO_EMEA Chemical - Batch 1_Martin Kohlhase_Moody's announces completion of a periodic review of ratings of BASF (SE)",
        "ratingCommitteeDate": null,
        "ratingOffice": "41",
        "ratingReleaseDate": "2020-09-23 09:51:26.9",
        "releaseDate": "2020-09-23 09:51:26.906",
        "lobname": "CFG",
        "sublobname": "CFG Regional",
        "region": "Europe",
        "leadAnalystID": "2051",
        "leadAnalystName": "Martin Kohlhase",
        "leadAnalystUniqueId": "kohlhasm",
        "analystEmail": "Martin.Kohlhase@moodys.com",
        "analystLocation": "Frankfurt - An der Welle 5",
        "approverID": null,
        "approverName": " ",
        "officeName": "Moody's Deutschland GmbH",
        "documentExceptionListingInd": "Y",
        "announcementInd": "Y",
        "automaticRating": "Yes",
        "definitiveRatingPrevProvisional": "No",
        "indicativeRatingInd": "N",
        "definitiveRatingInd": null,
        "linkedAnotherActionInd": "No",
        "privateRatingActionInd": "",
        "provisionalRatingInd": "N",
        "secondaryactionind": "No",
        "subsequentRatingInd": "",
        "contactPersonId": null,
        "complianceType": "CAMS",
        "complianceID": "",
        "ratingShellId": null,
        "ratingShellDS": null,
        "workItemStatus": null,
        "workItemType": null,
        "workItemSubType": null,
        "workItemReleaseDtm": null,
        "pressReleaseId": null,
        "securityClassNm": null,
        "shadowCd": null,
        "pressReleaseType": null,
        "pyrRatingType": null,
        "pacrEmail": null,
        "pacr": null,
        "chairEmail": null,
        "chair": null,
        "addendum": null,
        "addendumEmail": null
    },
    {
        "sourceSystem": "ACCURATE",
        "orgId": null,
        "ratingActionDesc": null,
        "ratingActionID": "3442415",
        "ratingActionName": "1_PRO_EMEA Chemical - Batch 1_Martin Kohlhase_Moody's announces completion of a periodic review of ratings of Evonik Industries AG",
        "ratingCommitteeDate": null,
        "ratingOffice": "41",
        "ratingReleaseDate": "2020-09-23 09:51:23.573",
        "releaseDate": "2020-09-23 09:51:23.583",
        "lobname": "CFG",
        "sublobname": "CFG Regional",
        "region": "Europe",
        "leadAnalystID": "2051",
        "leadAnalystName": "Martin Kohlhase",
        "leadAnalystUniqueId": "kohlhasm",
        "analystEmail": "Martin.Kohlhase@moodys.com",
        "analystLocation": "Frankfurt - An der Welle 5",
        "approverID": null,
        "approverName": " ",
        "officeName": "Moody's Deutschland GmbH",
        "documentExceptionListingInd": "Y",
        "announcementInd": "Y",
        "automaticRating": "Yes",
        "definitiveRatingPrevProvisional": "No",
        "indicativeRatingInd": "N",
        "definitiveRatingInd": null,
        "linkedAnotherActionInd": "No",
        "privateRatingActionInd": "",
        "provisionalRatingInd": "N",
        "secondaryactionind": "No",
        "subsequentRatingInd": "",
        "contactPersonId": null,
        "complianceType": "CAMS",
        "complianceID": "",
        "ratingShellId": null,
        "ratingShellDS": null,
        "workItemStatus": null,
        "workItemType": null,
        "workItemSubType": null,
        "workItemReleaseDtm": null,
        "pressReleaseId": null,
        "securityClassNm": null,
        "shadowCd": null,
        "pressReleaseType": null,
        "pyrRatingType": null,
        "pacrEmail": null,
        "pacr": null,
        "chairEmail": null,
        "chair": null,
        "addendum": null,
        "addendumEmail": null
    },
    {
        "sourceSystem": "ACCURATE",
        "orgId": null,
        "ratingActionDesc": null,
        "ratingActionID": "3442422",
        "ratingActionName": "1_PRO_EMEA Chemical - Batch 1_Martin Kohlhase_Moody's announces completion of a periodic review of ratings of Roehm Holding GmbH",
        "ratingCommitteeDate": null,
        "ratingOffice": "41",
        "ratingReleaseDate": "2020-09-24 11:07:28.72",
        "releaseDate": "2020-09-24 11:07:28.726",
        "lobname": "CFG",
        "sublobname": "CFG Regional",
        "region": "Europe",
        "leadAnalystID": "2051",
        "leadAnalystName": "Martin Kohlhase",
        "leadAnalystUniqueId": "kohlhasm",
        "analystEmail": "Martin.Kohlhase@moodys.com",
        "analystLocation": "Frankfurt - An der Welle 5",
        "approverID": null,
        "approverName": " ",
        "officeName": "Moody's Deutschland GmbH",
        "documentExceptionListingInd": "Y",
        "announcementInd": "Y",
        "automaticRating": "Yes",
        "definitiveRatingPrevProvisional": "No",
        "indicativeRatingInd": "N",
        "definitiveRatingInd": null,
        "linkedAnotherActionInd": "No",
        "privateRatingActionInd": "",
        "provisionalRatingInd": "N",
        "secondaryactionind": "No",
        "subsequentRatingInd": "",
        "contactPersonId": null,
        "complianceType": "CAMS",
        "complianceID": "",
        "ratingShellId": null,
        "ratingShellDS": null,
        "workItemStatus": null,
        "workItemType": null,
        "workItemSubType": null,
        "workItemReleaseDtm": null,
        "pressReleaseId": null,
        "securityClassNm": null,
        "shadowCd": null,
        "pressReleaseType": null,
        "pyrRatingType": null,
        "pacrEmail": null,
        "pacr": null,
        "chairEmail": null,
        "chair": null,
        "addendum": null,
        "addendumEmail": null
    },
    {
        "sourceSystem": "ACCURATE",
        "orgId": null,
        "ratingActionDesc": null,
        "ratingActionID": "3442424",
        "ratingActionName": "1_PRO_EMEA Chemical - Batch 1_Martin Kohlhase_Moody's announces completion of a periodic review of ratings of Royal DSM N.V.",
        "ratingCommitteeDate": null,
        "ratingOffice": "41",
        "ratingReleaseDate": "2020-09-24 11:07:25.393",
        "releaseDate": "2020-09-24 11:07:25.4",
        "lobname": "CFG",
        "sublobname": "CFG Regional",
        "region": "Europe",
        "leadAnalystID": "2051",
        "leadAnalystName": "Martin Kohlhase",
        "leadAnalystUniqueId": "kohlhasm",
        "analystEmail": "Martin.Kohlhase@moodys.com",
        "analystLocation": "Frankfurt - An der Welle 5",
        "approverID": null,
        "approverName": " ",
        "officeName": "Moody's Deutschland GmbH",
        "documentExceptionListingInd": "Y",
        "announcementInd": "Y",
        "automaticRating": "Yes",
        "definitiveRatingPrevProvisional": "No",
        "indicativeRatingInd": "N",
        "definitiveRatingInd": null,
        "linkedAnotherActionInd": "No",
        "privateRatingActionInd": "",
        "provisionalRatingInd": "N",
        "secondaryactionind": "No",
        "subsequentRatingInd": "",
        "contactPersonId": null,
        "complianceType": "CAMS",
        "complianceID": "",
        "ratingShellId": null,
        "ratingShellDS": null,
        "workItemStatus": null,
        "workItemType": null,
        "workItemSubType": null,
        "workItemReleaseDtm": null,
        "pressReleaseId": null,
        "securityClassNm": null,
        "shadowCd": null,
        "pressReleaseType": null,
        "pyrRatingType": null,
        "pacrEmail": null,
        "pacr": null,
        "chairEmail": null,
        "chair": null,
        "addendum": null,
        "addendumEmail": null
    },
    {
        "sourceSystem": "ACCURATE",
        "orgId": null,
        "ratingActionDesc": null,
        "ratingActionID": "3442426",
        "ratingActionName": "1_PRO_EMEA Chemical - Batch 1_Martin Kohlhase_Moody's announces completion of a periodic review of ratings of Solvay SA",
        "ratingCommitteeDate": null,
        "ratingOffice": "41",
        "ratingReleaseDate": "2020-09-23 09:51:20.216",
        "releaseDate": "2020-09-23 09:51:20.266",
        "lobname": "CFG",
        "sublobname": "CFG Regional",
        "region": "Europe",
        "leadAnalystID": "2051",
        "leadAnalystName": "Martin Kohlhase",
        "leadAnalystUniqueId": "kohlhasm",
        "analystEmail": "Martin.Kohlhase@moodys.com",
        "analystLocation": "Frankfurt - An der Welle 5",
        "approverID": null,
        "approverName": " ",
        "officeName": "Moody's Deutschland GmbH",
        "documentExceptionListingInd": "Y",
        "announcementInd": "Y",
        "automaticRating": "Yes",
        "definitiveRatingPrevProvisional": "No",
        "indicativeRatingInd": "N",
        "definitiveRatingInd": null,
        "linkedAnotherActionInd": "No",
        "privateRatingActionInd": "",
        "provisionalRatingInd": "N",
        "secondaryactionind": "No",
        "subsequentRatingInd": "",
        "contactPersonId": null,
        "complianceType": "CAMS",
        "complianceID": "",
        "ratingShellId": null,
        "ratingShellDS": null,
        "workItemStatus": null,
        "workItemType": null,
        "workItemSubType": null,
        "workItemReleaseDtm": null,
        "pressReleaseId": null,
        "securityClassNm": null,
        "shadowCd": null,
        "pressReleaseType": null,
        "pyrRatingType": null,
        "pacrEmail": null,
        "pacr": null,
        "chairEmail": null,
        "chair": null,
        "addendum": null,
        "addendumEmail": null
    },
    {
        "sourceSystem": "ACCURATE",
        "orgId": null,
        "ratingActionDesc": null,
        "ratingActionID": "3442456",
        "ratingActionName": "1_PRO_CFG - EMEA Chemical 1st Batch_Janko Lukac_Moody's announces completion of a periodic review of ratings of Archroma Holdings Sarl",
        "ratingCommitteeDate": null,
        "ratingOffice": "41",
        "ratingReleaseDate": "2020-09-24 12:30:54.993",
        "releaseDate": "2020-09-24 12:30:55.02",
        "lobname": "CFG",
        "sublobname": "CFG Regional",
        "region": "Europe",
        "leadAnalystID": "7215",
        "leadAnalystName": "Janko Lukac",
        "leadAnalystUniqueId": "lukacj",
        "analystEmail": "Janko.Lukac@moodys.com",
        "analystLocation": "Frankfurt - An der Welle 5",
        "approverID": null,
        "approverName": " ",
        "officeName": "Moody's Deutschland GmbH",
        "documentExceptionListingInd": "Y",
        "announcementInd": "Y",
        "automaticRating": "Yes",
        "definitiveRatingPrevProvisional": "No",
        "indicativeRatingInd": "N",
        "definitiveRatingInd": null,
        "linkedAnotherActionInd": "No",
        "privateRatingActionInd": "",
        "provisionalRatingInd": "N",
        "secondaryactionind": "No",
        "subsequentRatingInd": "",
        "contactPersonId": null,
        "complianceType": "CAMS",
        "complianceID": "",
        "ratingShellId": null,
        "ratingShellDS": null,
        "workItemStatus": null,
        "workItemType": null,
        "workItemSubType": null,
        "workItemReleaseDtm": null,
        "pressReleaseId": null,
        "securityClassNm": null,
        "shadowCd": null,
        "pressReleaseType": null,
        "pyrRatingType": null,
        "pacrEmail": null,
        "pacr": null,
        "chairEmail": null,
        "chair": null,
        "addendum": null,
        "addendumEmail": null
    },
    {
        "sourceSystem": "ACCURATE",
        "orgId": null,
        "ratingActionDesc": null,
        "ratingActionID": "3442462",
        "ratingActionName": "1_PRO_CFG - EMEA Chemical 1st Batch_Moritz Melsbach_Moody's announces completion of a periodic review of ratings of Air Liquide S.A.",
        "ratingCommitteeDate": null,
        "ratingOffice": "41",
        "ratingReleaseDate": "2020-09-24 10:02:50.073",
        "releaseDate": "2020-09-24 10:02:50.143",
        "lobname": "CFG",
        "sublobname": "CFG Regional",
        "region": "Europe",
        "leadAnalystID": "6864",
        "leadAnalystName": "Moritz Melsbach",
        "leadAnalystUniqueId": "melsbacm",
        "analystEmail": "Moritz.Melsbach@moodys.com",
        "analystLocation": "Frankfurt - An der Welle 5",
        "approverID": null,
        "approverName": " ",
        "officeName": "Moody's Deutschland GmbH",
        "documentExceptionListingInd": "Y",
        "announcementInd": "Y",
        "automaticRating": "Yes",
        "definitiveRatingPrevProvisional": "No",
        "indicativeRatingInd": "N",
        "definitiveRatingInd": null,
        "linkedAnotherActionInd": "No",
        "privateRatingActionInd": "",
        "provisionalRatingInd": "N",
        "secondaryactionind": "No",
        "subsequentRatingInd": "",
        "contactPersonId": null,
        "complianceType": "CAMS",
        "complianceID": "",
        "ratingShellId": null,
        "ratingShellDS": null,
        "workItemStatus": null,
        "workItemType": null,
        "workItemSubType": null,
        "workItemReleaseDtm": null,
        "pressReleaseId": null,
        "securityClassNm": null,
        "shadowCd": null,
        "pressReleaseType": null,
        "pyrRatingType": null,
        "pacrEmail": null,
        "pacr": null,
        "chairEmail": null,
        "chair": null,
        "addendum": null,
        "addendumEmail": null
    },
    {
        "sourceSystem": "ACCURATE",
        "orgId": null,
        "ratingActionDesc": null,
        "ratingActionID": "3442467",
        "ratingActionName": "1_PRO_CFG - EMEA Chemical 1st Batch_Moritz Melsbach_Moody's announces completion of a periodic review of ratings of Bayer AG",
        "ratingCommitteeDate": null,
        "ratingOffice": "41",
        "ratingReleaseDate": "2020-09-23 09:51:33.823",
        "releaseDate": "2020-09-23 09:51:33.86",
        "lobname": "CFG",
        "sublobname": "CFG Regional",
        "region": "Europe",
        "leadAnalystID": "6864",
        "leadAnalystName": "Moritz Melsbach",
        "leadAnalystUniqueId": "melsbacm",
        "analystEmail": "Moritz.Melsbach@moodys.com",
        "analystLocation": "Frankfurt - An der Welle 5",
        "approverID": null,
        "approverName": " ",
        "officeName": "Moody's Deutschland GmbH",
        "documentExceptionListingInd": "Y",
        "announcementInd": "Y",
        "automaticRating": "Yes",
        "definitiveRatingPrevProvisional": "No",
        "indicativeRatingInd": "N",
        "definitiveRatingInd": null,
        "linkedAnotherActionInd": "No",
        "privateRatingActionInd": "",
        "provisionalRatingInd": "N",
        "secondaryactionind": "No",
        "subsequentRatingInd": "",
        "contactPersonId": null,
        "complianceType": "CAMS",
        "complianceID": "",
        "ratingShellId": null,
        "ratingShellDS": null,
        "workItemStatus": null,
        "workItemType": null,
        "workItemSubType": null,
        "workItemReleaseDtm": null,
        "pressReleaseId": null,
        "securityClassNm": null,
        "shadowCd": null,
        "pressReleaseType": null,
        "pyrRatingType": null,
        "pacrEmail": null,
        "pacr": null,
        "chairEmail": null,
        "chair": null,
        "addendum": null,
        "addendumEmail": null
    },
    {
        "sourceSystem": "ACCURATE",
        "orgId": null,
        "ratingActionDesc": null,
        "ratingActionID": "3442475",
        "ratingActionName": "1_PRO_CFG - EMEA Chemical 1st Batch_Moritz Melsbach_Moody's announces completion of a periodic review of ratings of BCPE Max Dutch Bidco BV",
        "ratingCommitteeDate": null,
        "ratingOffice": "41",
        "ratingReleaseDate": "2020-09-25 16:04:35.516",
        "releaseDate": "2020-09-25 16:04:35.536",
        "lobname": "CFG",
        "sublobname": "CFG Regional",
        "region": "Europe",
        "leadAnalystID": "6864",
        "leadAnalystName": "Moritz Melsbach",
        "leadAnalystUniqueId": "melsbacm",
        "analystEmail": "Moritz.Melsbach@moodys.com",
        "analystLocation": "Frankfurt - An der Welle 5",
        "approverID": null,
        "approverName": " ",
        "officeName": "Moody's Deutschland GmbH",
        "documentExceptionListingInd": "Y",
        "announcementInd": "Y",
        "automaticRating": "Yes",
        "definitiveRatingPrevProvisional": "No",
        "indicativeRatingInd": "N",
        "definitiveRatingInd": null,
        "linkedAnotherActionInd": "No",
        "privateRatingActionInd": "",
        "provisionalRatingInd": "N",
        "secondaryactionind": "No",
        "subsequentRatingInd": "",
        "contactPersonId": null,
        "complianceType": "CAMS",
        "complianceID": "",
        "ratingShellId": null,
        "ratingShellDS": null,
        "workItemStatus": null,
        "workItemType": null,
        "workItemSubType": null,
        "workItemReleaseDtm": null,
        "pressReleaseId": null,
        "securityClassNm": null,
        "shadowCd": null,
        "pressReleaseType": null,
        "pyrRatingType": null,
        "pacrEmail": null,
        "pacr": null,
        "chairEmail": null,
        "chair": null,
        "addendum": null,
        "addendumEmail": null
    },
    {
        "sourceSystem": "ACCURATE",
        "orgId": null,
        "ratingActionDesc": "J.P. Morgan Mortgage Trust 2020-LTV2",
        "ratingActionID": "3443596",
        "ratingActionName": "J.P. Morgan Mortgage Trust 2020-LTV2",
        "ratingCommitteeDate": "2020-09-22 00:00:00.0",
        "ratingOffice": "51",
        "ratingReleaseDate": "2020-09-24 21:59:14.0",
        "releaseDate": "2020-09-24 21:59:52.833",
        "lobname": "SFG",
        "sublobname": "NR-COS-RMBS",
        "region": "U.S.A. & Canada",
        "leadAnalystID": "30850",
        "leadAnalystName": "Philip Rukosuev",
        "leadAnalystUniqueId": "rukosuep",
        "analystEmail": "Philip.Rukosuev@moodys.com",
        "analystLocation": "New York - 7 World Trade Center",
        "approverID": null,
        "approverName": " ",
        "officeName": "Moody's Investors Service, Inc.",
        "documentExceptionListingInd": "Y",
        "announcementInd": "",
        "automaticRating": "No",
        "definitiveRatingPrevProvisional": "No",
        "indicativeRatingInd": "N",
        "definitiveRatingInd": null,
        "linkedAnotherActionInd": "No",
        "privateRatingActionInd": "N",
        "provisionalRatingInd": "Y",
        "secondaryactionind": "No",
        "subsequentRatingInd": "N",
        "contactPersonId": null,
        "complianceType": "CAMS",
        "complianceID": "104074",
        "ratingShellId": null,
        "ratingShellDS": null,
        "workItemStatus": null,
        "workItemType": null,
        "workItemSubType": null,
        "workItemReleaseDtm": null,
        "pressReleaseId": null,
        "securityClassNm": null,
        "shadowCd": null,
        "pressReleaseType": null,
        "pyrRatingType": null,
        "pacrEmail": null,
        "pacr": null,
        "chairEmail": null,
        "chair": null,
        "addendum": null,
        "addendumEmail": null
    },
    {
        "sourceSystem": "ACCURATE",
        "orgId": null,
        "ratingActionDesc": null,
        "ratingActionID": "3443606",
        "ratingActionName": "1_PRO_CFG - Americas Media_Jason Cuomo_Moody's announces completion of a periodic review of ratings of Allen Media, LLC",
        "ratingCommitteeDate": null,
        "ratingOffice": "51",
        "ratingReleaseDate": "2020-09-25 11:08:44.876",
        "releaseDate": "2020-09-25 11:08:44.896",
        "lobname": "CFG",
        "sublobname": "CFG_NY-4",
        "region": "U.S.A. & Canada",
        "leadAnalystID": "2600",
        "leadAnalystName": "Jason Cuomo",
        "leadAnalystUniqueId": "cuomoj",
        "analystEmail": "Jason.Cuomo@moodys.com",
        "analystLocation": "New York - 7 World Trade Center",
        "approverID": null,
        "approverName": " ",
        "officeName": "Moody's Investors Service, Inc.",
        "documentExceptionListingInd": "Y",
        "announcementInd": "Y",
        "automaticRating": "Yes",
        "definitiveRatingPrevProvisional": "No",
        "indicativeRatingInd": "N",
        "definitiveRatingInd": null,
        "linkedAnotherActionInd": "No",
        "privateRatingActionInd": "",
        "provisionalRatingInd": "N",
        "secondaryactionind": "No",
        "subsequentRatingInd": "",
        "contactPersonId": null,
        "complianceType": "CAMS",
        "complianceID": "",
        "ratingShellId": null,
        "ratingShellDS": null,
        "workItemStatus": null,
        "workItemType": null,
        "workItemSubType": null,
        "workItemReleaseDtm": null,
        "pressReleaseId": null,
        "securityClassNm": null,
        "shadowCd": null,
        "pressReleaseType": null,
        "pyrRatingType": null,
        "pacrEmail": null,
        "pacr": null,
        "chairEmail": null,
        "chair": null,
        "addendum": null,
        "addendumEmail": null
    },
    {
        "sourceSystem": "ACCURATE",
        "orgId": null,
        "ratingActionDesc": null,
        "ratingActionID": "3443708",
        "ratingActionName": "1_PRO_CFG - EMEA Chemical 3rd Batch_Ekaterina Lipatova_Moody's announces completion of a periodic review of ratings of Acron PJSC",
        "ratingCommitteeDate": null,
        "ratingOffice": "52",
        "ratingReleaseDate": "2020-09-25 12:57:40.12",
        "releaseDate": "2020-09-25 12:57:40.126",
        "lobname": "CFG",
        "sublobname": "CFG Regional",
        "region": "Europe",
        "leadAnalystID": "6546",
        "leadAnalystName": "Ekaterina Lipatova",
        "leadAnalystUniqueId": "lipatove",
        "analystEmail": "Ekaterina.Lipatova@moodys.com",
        "analystLocation": "Moscow - Four Winds Plaza",
        "approverID": null,
        "approverName": " ",
        "officeName": "Moody's Investors Service Ltd.",
        "documentExceptionListingInd": "Y",
        "announcementInd": "Y",
        "automaticRating": "Yes",
        "definitiveRatingPrevProvisional": "No",
        "indicativeRatingInd": "N",
        "definitiveRatingInd": null,
        "linkedAnotherActionInd": "No",
        "privateRatingActionInd": "",
        "provisionalRatingInd": "N",
        "secondaryactionind": "No",
        "subsequentRatingInd": "",
        "contactPersonId": null,
        "complianceType": "CAMS",
        "complianceID": "",
        "ratingShellId": null,
        "ratingShellDS": null,
        "workItemStatus": null,
        "workItemType": null,
        "workItemSubType": null,
        "workItemReleaseDtm": null,
        "pressReleaseId": null,
        "securityClassNm": null,
        "shadowCd": null,
        "pressReleaseType": null,
        "pyrRatingType": null,
        "pacrEmail": null,
        "pacr": null,
        "chairEmail": null,
        "chair": null,
        "addendum": null,
        "addendumEmail": null
    },
    {
        "sourceSystem": "ACCURATE",
        "orgId": null,
        "ratingActionDesc": null,
        "ratingActionID": "3443711",
        "ratingActionName": "1_PRO_CFG - EMEA Chemical 3rd Batch_Ekaterina Lipatova_Moody's announces completion of a periodic review of ratings of EuroChem Group AG",
        "ratingCommitteeDate": null,
        "ratingOffice": "52",
        "ratingReleaseDate": "2020-09-25 12:57:36.58",
        "releaseDate": "2020-09-25 12:57:36.59",
        "lobname": "CFG",
        "sublobname": "CFG Regional",
        "region": "Europe",
        "leadAnalystID": "6546",
        "leadAnalystName": "Ekaterina Lipatova",
        "leadAnalystUniqueId": "lipatove",
        "analystEmail": "Ekaterina.Lipatova@moodys.com",
        "analystLocation": "Moscow - Four Winds Plaza",
        "approverID": null,
        "approverName": " ",
        "officeName": "Moody's Investors Service Ltd.",
        "documentExceptionListingInd": "Y",
        "announcementInd": "Y",
        "automaticRating": "Yes",
        "definitiveRatingPrevProvisional": "No",
        "indicativeRatingInd": "N",
        "definitiveRatingInd": null,
        "linkedAnotherActionInd": "No",
        "privateRatingActionInd": "",
        "provisionalRatingInd": "N",
        "secondaryactionind": "No",
        "subsequentRatingInd": "",
        "contactPersonId": null,
        "complianceType": "CAMS",
        "complianceID": "",
        "ratingShellId": null,
        "ratingShellDS": null,
        "workItemStatus": null,
        "workItemType": null,
        "workItemSubType": null,
        "workItemReleaseDtm": null,
        "pressReleaseId": null,
        "securityClassNm": null,
        "shadowCd": null,
        "pressReleaseType": null,
        "pyrRatingType": null,
        "pacrEmail": null,
        "pacr": null,
        "chairEmail": null,
        "chair": null,
        "addendum": null,
        "addendumEmail": null
    },
    {
        "sourceSystem": "ACCURATE",
        "orgId": null,
        "ratingActionDesc": null,
        "ratingActionID": "3443718",
        "ratingActionName": "1_PRO_CFG - EMEA Chemical 3rd Batch_Ekaterina Lipatova_Moody's announces completion of a periodic review of ratings of PJSC PhosAgro",
        "ratingCommitteeDate": null,
        "ratingOffice": "52",
        "ratingReleaseDate": "2020-09-25 12:57:33.333",
        "releaseDate": "2020-09-25 12:57:33.343",
        "lobname": "CFG",
        "sublobname": "CFG Regional",
        "region": "Europe",
        "leadAnalystID": "6546",
        "leadAnalystName": "Ekaterina Lipatova",
        "leadAnalystUniqueId": "lipatove",
        "analystEmail": "Ekaterina.Lipatova@moodys.com",
        "analystLocation": "Moscow - Four Winds Plaza",
        "approverID": null,
        "approverName": " ",
        "officeName": "Moody's Investors Service Ltd.",
        "documentExceptionListingInd": "Y",
        "announcementInd": "Y",
        "automaticRating": "Yes",
        "definitiveRatingPrevProvisional": "No",
        "indicativeRatingInd": "N",
        "definitiveRatingInd": null,
        "linkedAnotherActionInd": "No",
        "privateRatingActionInd": "",
        "provisionalRatingInd": "N",
        "secondaryactionind": "No",
        "subsequentRatingInd": "",
        "contactPersonId": null,
        "complianceType": "CAMS",
        "complianceID": "",
        "ratingShellId": null,
        "ratingShellDS": null,
        "workItemStatus": null,
        "workItemType": null,
        "workItemSubType": null,
        "workItemReleaseDtm": null,
        "pressReleaseId": null,
        "securityClassNm": null,
        "shadowCd": null,
        "pressReleaseType": null,
        "pyrRatingType": null,
        "pacrEmail": null,
        "pacr": null,
        "chairEmail": null,
        "chair": null,
        "addendum": null,
        "addendumEmail": null
    },
    {
        "sourceSystem": "ACCURATE",
        "orgId": null,
        "ratingActionDesc": null,
        "ratingActionID": "3443723",
        "ratingActionName": "1_PRO_CFG - EMEA Chemical 3rd Batch_Ekaterina Lipatova_Moody's announces completion of a periodic review of ratings of Uralkali PJSC",
        "ratingCommitteeDate": null,
        "ratingOffice": "52",
        "ratingReleaseDate": "2020-09-25 12:57:29.56",
        "releaseDate": "2020-09-25 12:57:29.576",
        "lobname": "CFG",
        "sublobname": "CFG Regional",
        "region": "Europe",
        "leadAnalystID": "6546",
        "leadAnalystName": "Ekaterina Lipatova",
        "leadAnalystUniqueId": "lipatove",
        "analystEmail": "Ekaterina.Lipatova@moodys.com",
        "analystLocation": "Moscow - Four Winds Plaza",
        "approverID": null,
        "approverName": " ",
        "officeName": "Moody's Investors Service Ltd.",
        "documentExceptionListingInd": "Y",
        "announcementInd": "Y",
        "automaticRating": "Yes",
        "definitiveRatingPrevProvisional": "No",
        "indicativeRatingInd": "N",
        "definitiveRatingInd": null,
        "linkedAnotherActionInd": "No",
        "privateRatingActionInd": "",
        "provisionalRatingInd": "N",
        "secondaryactionind": "No",
        "subsequentRatingInd": "",
        "contactPersonId": null,
        "complianceType": "CAMS",
        "complianceID": "",
        "ratingShellId": null,
        "ratingShellDS": null,
        "workItemStatus": null,
        "workItemType": null,
        "workItemSubType": null,
        "workItemReleaseDtm": null,
        "pressReleaseId": null,
        "securityClassNm": null,
        "shadowCd": null,
        "pressReleaseType": null,
        "pyrRatingType": null,
        "pacrEmail": null,
        "pacr": null,
        "chairEmail": null,
        "chair": null,
        "addendum": null,
        "addendumEmail": null
    },
    {
        "sourceSystem": "ACCURATE",
        "orgId": null,
        "ratingActionDesc": null,
        "ratingActionID": "3443801",
        "ratingActionName": "1_PRO_FIG - Nordic & Baltic Banks_Alexios Philippides_Moody's announces completion of a periodic review of ratings of Santander Consumer Bank AS",
        "ratingCommitteeDate": null,
        "ratingOffice": "82",
        "ratingReleaseDate": "2020-09-24 10:56:25.11",
        "releaseDate": "2020-09-24 10:56:25.116",
        "lobname": "FIG",
        "sublobname": "Banking",
        "region": "Europe",
        "leadAnalystID": "6213",
        "leadAnalystName": "Alexios Philippides",
        "leadAnalystUniqueId": "philippa",
        "analystEmail": "Alexios.Philippides@moodys.com",
        "analystLocation": "Limassol - MIS Cyprus Limited",
        "approverID": null,
        "approverName": " ",
        "officeName": "Moody's Investors Service Cyprus Ltd.",
        "documentExceptionListingInd": "Y",
        "announcementInd": "Y",
        "automaticRating": "Yes",
        "definitiveRatingPrevProvisional": "No",
        "indicativeRatingInd": "N",
        "definitiveRatingInd": null,
        "linkedAnotherActionInd": "No",
        "privateRatingActionInd": "",
        "provisionalRatingInd": "N",
        "secondaryactionind": "No",
        "subsequentRatingInd": "",
        "contactPersonId": null,
        "complianceType": "CAMS",
        "complianceID": "",
        "ratingShellId": null,
        "ratingShellDS": null,
        "workItemStatus": null,
        "workItemType": null,
        "workItemSubType": null,
        "workItemReleaseDtm": null,
        "pressReleaseId": null,
        "securityClassNm": null,
        "shadowCd": null,
        "pressReleaseType": null,
        "pyrRatingType": null,
        "pacrEmail": null,
        "pacr": null,
        "chairEmail": null,
        "chair": null,
        "addendum": null,
        "addendumEmail": null
    },
    {
        "sourceSystem": "ACCURATE",
        "orgId": null,
        "ratingActionDesc": null,
        "ratingActionID": "3443898",
        "ratingActionName": "1_PRO_FIG - Nordic & Baltic Banks_Alexios Philippides_Moody's announces completion of a periodic review of ratings of Eika Boligkreditt AS",
        "ratingCommitteeDate": null,
        "ratingOffice": "82",
        "ratingReleaseDate": "2020-09-24 10:44:32.413",
        "releaseDate": "2020-09-24 10:44:32.423",
        "lobname": "FIG",
        "sublobname": "Banking",
        "region": "Europe",
        "leadAnalystID": "6213",
        "leadAnalystName": "Alexios Philippides",
        "leadAnalystUniqueId": "philippa",
        "analystEmail": "Alexios.Philippides@moodys.com",
        "analystLocation": "Limassol - MIS Cyprus Limited",
        "approverID": null,
        "approverName": " ",
        "officeName": "Moody's Investors Service Cyprus Ltd.",
        "documentExceptionListingInd": "Y",
        "announcementInd": "Y",
        "automaticRating": "Yes",
        "definitiveRatingPrevProvisional": "No",
        "indicativeRatingInd": "N",
        "definitiveRatingInd": null,
        "linkedAnotherActionInd": "No",
        "privateRatingActionInd": "",
        "provisionalRatingInd": "N",
        "secondaryactionind": "No",
        "subsequentRatingInd": "",
        "contactPersonId": null,
        "complianceType": "CAMS",
        "complianceID": "",
        "ratingShellId": null,
        "ratingShellDS": null,
        "workItemStatus": null,
        "workItemType": null,
        "workItemSubType": null,
        "workItemReleaseDtm": null,
        "pressReleaseId": null,
        "securityClassNm": null,
        "shadowCd": null,
        "pressReleaseType": null,
        "pyrRatingType": null,
        "pacrEmail": null,
        "pacr": null,
        "chairEmail": null,
        "chair": null,
        "addendum": null,
        "addendumEmail": null
    },
    {
        "sourceSystem": "ACCURATE",
        "orgId": null,
        "ratingActionDesc": null,
        "ratingActionID": "3443902",
        "ratingActionName": "1_PRO_FIG - Nordic & Baltic Banks_Alexios Philippides_Moody's announces completion of a periodic review of ratings of Helgeland Sparebank",
        "ratingCommitteeDate": null,
        "ratingOffice": "82",
        "ratingReleaseDate": "2020-09-24 10:44:28.83",
        "releaseDate": "2020-09-24 10:44:28.836",
        "lobname": "FIG",
        "sublobname": "Banking",
        "region": "Europe",
        "leadAnalystID": "6213",
        "leadAnalystName": "Alexios Philippides",
        "leadAnalystUniqueId": "philippa",
        "analystEmail": "Alexios.Philippides@moodys.com",
        "analystLocation": "Limassol - MIS Cyprus Limited",
        "approverID": null,
        "approverName": " ",
        "officeName": "Moody's Investors Service Cyprus Ltd.",
        "documentExceptionListingInd": "Y",
        "announcementInd": "Y",
        "automaticRating": "Yes",
        "definitiveRatingPrevProvisional": "No",
        "indicativeRatingInd": "N",
        "definitiveRatingInd": null,
        "linkedAnotherActionInd": "No",
        "privateRatingActionInd": "",
        "provisionalRatingInd": "N",
        "secondaryactionind": "No",
        "subsequentRatingInd": "",
        "contactPersonId": null,
        "complianceType": "CAMS",
        "complianceID": "",
        "ratingShellId": null,
        "ratingShellDS": null,
        "workItemStatus": null,
        "workItemType": null,
        "workItemSubType": null,
        "workItemReleaseDtm": null,
        "pressReleaseId": null,
        "securityClassNm": null,
        "shadowCd": null,
        "pressReleaseType": null,
        "pyrRatingType": null,
        "pacrEmail": null,
        "pacr": null,
        "chairEmail": null,
        "chair": null,
        "addendum": null,
        "addendumEmail": null
    },
    {
        "sourceSystem": "ACCURATE",
        "orgId": null,
        "ratingActionDesc": null,
        "ratingActionID": "3443907",
        "ratingActionName": "1_PRO_FIG - Nordic & Baltic Banks_Alexios Philippides_Moody's announces completion of a periodic review of ratings of Jyske Bank A/S",
        "ratingCommitteeDate": null,
        "ratingOffice": "82",
        "ratingReleaseDate": "2020-09-24 10:44:25.36",
        "releaseDate": "2020-09-24 10:44:25.366",
        "lobname": "FIG",
        "sublobname": "Banking",
        "region": "Europe",
        "leadAnalystID": "6213",
        "leadAnalystName": "Alexios Philippides",
        "leadAnalystUniqueId": "philippa",
        "analystEmail": "Alexios.Philippides@moodys.com",
        "analystLocation": "Limassol - MIS Cyprus Limited",
        "approverID": null,
        "approverName": " ",
        "officeName": "Moody's Investors Service Cyprus Ltd.",
        "documentExceptionListingInd": "Y",
        "announcementInd": "Y",
        "automaticRating": "Yes",
        "definitiveRatingPrevProvisional": "No",
        "indicativeRatingInd": "N",
        "definitiveRatingInd": null,
        "linkedAnotherActionInd": "No",
        "privateRatingActionInd": "",
        "provisionalRatingInd": "N",
        "secondaryactionind": "No",
        "subsequentRatingInd": "",
        "contactPersonId": null,
        "complianceType": "CAMS",
        "complianceID": "",
        "ratingShellId": null,
        "ratingShellDS": null,
        "workItemStatus": null,
        "workItemType": null,
        "workItemSubType": null,
        "workItemReleaseDtm": null,
        "pressReleaseId": null,
        "securityClassNm": null,
        "shadowCd": null,
        "pressReleaseType": null,
        "pyrRatingType": null,
        "pacrEmail": null,
        "pacr": null,
        "chairEmail": null,
        "chair": null,
        "addendum": null,
        "addendumEmail": null
    },
    {
        "sourceSystem": "ACCURATE",
        "orgId": null,
        "ratingActionDesc": null,
        "ratingActionID": "3443909",
        "ratingActionName": "1_PRO_FIG - Nordic & Baltic Banks_Alexios Philippides_Moody's announces completion of a periodic review of ratings of KLP Banken AS",
        "ratingCommitteeDate": null,
        "ratingOffice": "82",
        "ratingReleaseDate": "2020-09-24 10:44:22.333",
        "releaseDate": "2020-09-24 10:44:22.34",
        "lobname": "FIG",
        "sublobname": "Banking",
        "region": "Europe",
        "leadAnalystID": "6213",
        "leadAnalystName": "Alexios Philippides",
        "leadAnalystUniqueId": "philippa",
        "analystEmail": "Alexios.Philippides@moodys.com",
        "analystLocation": "Limassol - MIS Cyprus Limited",
        "approverID": null,
        "approverName": " ",
        "officeName": "Moody's Investors Service Cyprus Ltd.",
        "documentExceptionListingInd": "Y",
        "announcementInd": "Y",
        "automaticRating": "Yes",
        "definitiveRatingPrevProvisional": "No",
        "indicativeRatingInd": "N",
        "definitiveRatingInd": null,
        "linkedAnotherActionInd": "No",
        "privateRatingActionInd": "",
        "provisionalRatingInd": "N",
        "secondaryactionind": "No",
        "subsequentRatingInd": "",
        "contactPersonId": null,
        "complianceType": "CAMS",
        "complianceID": "",
        "ratingShellId": null,
        "ratingShellDS": null,
        "workItemStatus": null,
        "workItemType": null,
        "workItemSubType": null,
        "workItemReleaseDtm": null,
        "pressReleaseId": null,
        "securityClassNm": null,
        "shadowCd": null,
        "pressReleaseType": null,
        "pyrRatingType": null,
        "pacrEmail": null,
        "pacr": null,
        "chairEmail": null,
        "chair": null,
        "addendum": null,
        "addendumEmail": null
    },
    {
        "sourceSystem": "ACCURATE",
        "orgId": null,
        "ratingActionDesc": null,
        "ratingActionID": "3443911",
        "ratingActionName": "1_PRO_FIG - Nordic & Baltic Banks_Alexios Philippides_Moody's announces completion of a periodic review of ratings of Kommunalbanken AS",
        "ratingCommitteeDate": null,
        "ratingOffice": "82",
        "ratingReleaseDate": "2020-09-24 10:44:18.203",
        "releaseDate": "2020-09-24 10:44:18.21",
        "lobname": "FIG",
        "sublobname": "Banking",
        "region": "Europe",
        "leadAnalystID": "6213",
        "leadAnalystName": "Alexios Philippides",
        "leadAnalystUniqueId": "philippa",
        "analystEmail": "Alexios.Philippides@moodys.com",
        "analystLocation": "Limassol - MIS Cyprus Limited",
        "approverID": null,
        "approverName": " ",
        "officeName": "Moody's Investors Service Cyprus Ltd.",
        "documentExceptionListingInd": "Y",
        "announcementInd": "Y",
        "automaticRating": "Yes",
        "definitiveRatingPrevProvisional": "No",
        "indicativeRatingInd": "N",
        "definitiveRatingInd": null,
        "linkedAnotherActionInd": "No",
        "privateRatingActionInd": "",
        "provisionalRatingInd": "N",
        "secondaryactionind": "No",
        "subsequentRatingInd": "",
        "contactPersonId": null,
        "complianceType": "CAMS",
        "complianceID": "",
        "ratingShellId": null,
        "ratingShellDS": null,
        "workItemStatus": null,
        "workItemType": null,
        "workItemSubType": null,
        "workItemReleaseDtm": null,
        "pressReleaseId": null,
        "securityClassNm": null,
        "shadowCd": null,
        "pressReleaseType": null,
        "pyrRatingType": null,
        "pacrEmail": null,
        "pacr": null,
        "chairEmail": null,
        "chair": null,
        "addendum": null,
        "addendumEmail": null
    },
    {
        "sourceSystem": "ACCURATE",
        "orgId": null,
        "ratingActionDesc": null,
        "ratingActionID": "3443915",
        "ratingActionName": "1_PRO_FIG - Nordic & Baltic Banks_Alexios Philippides_Moody's announces completion of a periodic review of ratings of Nykredit Realkredit A/S",
        "ratingCommitteeDate": null,
        "ratingOffice": "82",
        "ratingReleaseDate": "2020-09-24 10:56:35.303",
        "releaseDate": "2020-09-24 10:56:35.31",
        "lobname": "FIG",
        "sublobname": "Banking",
        "region": "Europe",
        "leadAnalystID": "6213",
        "leadAnalystName": "Alexios Philippides",
        "leadAnalystUniqueId": "philippa",
        "analystEmail": "Alexios.Philippides@moodys.com",
        "analystLocation": "Limassol - MIS Cyprus Limited",
        "approverID": null,
        "approverName": " ",
        "officeName": "Moody's Investors Service Cyprus Ltd.",
        "documentExceptionListingInd": "Y",
        "announcementInd": "Y",
        "automaticRating": "Yes",
        "definitiveRatingPrevProvisional": "No",
        "indicativeRatingInd": "N",
        "definitiveRatingInd": null,
        "linkedAnotherActionInd": "No",
        "privateRatingActionInd": "",
        "provisionalRatingInd": "N",
        "secondaryactionind": "No",
        "subsequentRatingInd": "",
        "contactPersonId": null,
        "complianceType": "CAMS",
        "complianceID": "",
        "ratingShellId": null,
        "ratingShellDS": null,
        "workItemStatus": null,
        "workItemType": null,
        "workItemSubType": null,
        "workItemReleaseDtm": null,
        "pressReleaseId": null,
        "securityClassNm": null,
        "shadowCd": null,
        "pressReleaseType": null,
        "pyrRatingType": null,
        "pacrEmail": null,
        "pacr": null,
        "chairEmail": null,
        "chair": null,
        "addendum": null,
        "addendumEmail": null
    },
    {
        "sourceSystem": "ACCURATE",
        "orgId": null,
        "ratingActionDesc": null,
        "ratingActionID": "3443916",
        "ratingActionName": "1_PRO_FIG - CEE Banks_Melina Skouridou, CFA_Moody's announces completion of a periodic review of ratings of Nova Kreditna banka Maribor d.d.",
        "ratingCommitteeDate": null,
        "ratingOffice": "82",
        "ratingReleaseDate": "2020-09-25 17:05:47.29",
        "releaseDate": "2020-09-25 17:05:47.296",
        "lobname": "FIG",
        "sublobname": "Banking",
        "region": "Europe",
        "leadAnalystID": "6160",
        "leadAnalystName": "Melina Skouridou",
        "leadAnalystUniqueId": "skouridm",
        "analystEmail": "Melina.Skouridou@moodys.com",
        "analystLocation": "Limassol - MIS Cyprus Limited",
        "approverID": null,
        "approverName": " ",
        "officeName": "Moody's Investors Service Cyprus Ltd.",
        "documentExceptionListingInd": "Y",
        "announcementInd": "Y",
        "automaticRating": "Yes",
        "definitiveRatingPrevProvisional": "No",
        "indicativeRatingInd": "N",
        "definitiveRatingInd": null,
        "linkedAnotherActionInd": "No",
        "privateRatingActionInd": "",
        "provisionalRatingInd": "N",
        "secondaryactionind": "No",
        "subsequentRatingInd": "",
        "contactPersonId": null,
        "complianceType": "CAMS",
        "complianceID": "",
        "ratingShellId": null,
        "ratingShellDS": null,
        "workItemStatus": null,
        "workItemType": null,
        "workItemSubType": null,
        "workItemReleaseDtm": null,
        "pressReleaseId": null,
        "securityClassNm": null,
        "shadowCd": null,
        "pressReleaseType": null,
        "pyrRatingType": null,
        "pacrEmail": null,
        "pacr": null,
        "chairEmail": null,
        "chair": null,
        "addendum": null,
        "addendumEmail": null
    },
    {
        "sourceSystem": "ACCURATE",
        "orgId": null,
        "ratingActionDesc": null,
        "ratingActionID": "3443918",
        "ratingActionName": "1_PRO_FIG - CEE Banks_Melina Skouridou, CFA_Moody's announces completion of a periodic review of ratings of Nova Ljubljanska banka d.d.",
        "ratingCommitteeDate": null,
        "ratingOffice": "82",
        "ratingReleaseDate": "2020-09-25 17:05:43.486",
        "releaseDate": "2020-09-25 17:05:43.5",
        "lobname": "FIG",
        "sublobname": "Banking",
        "region": "Europe",
        "leadAnalystID": "6160",
        "leadAnalystName": "Melina Skouridou",
        "leadAnalystUniqueId": "skouridm",
        "analystEmail": "Melina.Skouridou@moodys.com",
        "analystLocation": "Limassol - MIS Cyprus Limited",
        "approverID": null,
        "approverName": " ",
        "officeName": "Moody's Investors Service Cyprus Ltd.",
        "documentExceptionListingInd": "Y",
        "announcementInd": "Y",
        "automaticRating": "Yes",
        "definitiveRatingPrevProvisional": "No",
        "indicativeRatingInd": "N",
        "definitiveRatingInd": null,
        "linkedAnotherActionInd": "No",
        "privateRatingActionInd": "",
        "provisionalRatingInd": "N",
        "secondaryactionind": "No",
        "subsequentRatingInd": "",
        "contactPersonId": null,
        "complianceType": "CAMS",
        "complianceID": "",
        "ratingShellId": null,
        "ratingShellDS": null,
        "workItemStatus": null,
        "workItemType": null,
        "workItemSubType": null,
        "workItemReleaseDtm": null,
        "pressReleaseId": null,
        "securityClassNm": null,
        "shadowCd": null,
        "pressReleaseType": null,
        "pyrRatingType": null,
        "pacrEmail": null,
        "pacr": null,
        "chairEmail": null,
        "chair": null,
        "addendum": null,
        "addendumEmail": null
    },
    {
        "sourceSystem": "ACCURATE",
        "orgId": null,
        "ratingActionDesc": null,
        "ratingActionID": "3443934",
        "ratingActionName": "1_PRO_FIG - Nordic & Baltic Banks_Alexios Philippides_Moody's announces completion of a periodic review of ratings of Nykredit Bank A/S",
        "ratingCommitteeDate": null,
        "ratingOffice": "82",
        "ratingReleaseDate": "2020-09-24 10:44:14.54",
        "releaseDate": "2020-09-24 10:44:14.56",
        "lobname": "FIG",
        "sublobname": "Banking",
        "region": "Europe",
        "leadAnalystID": "6213",
        "leadAnalystName": "Alexios Philippides",
        "leadAnalystUniqueId": "philippa",
        "analystEmail": "Alexios.Philippides@moodys.com",
        "analystLocation": "Limassol - MIS Cyprus Limited",
        "approverID": null,
        "approverName": " ",
        "officeName": "Moody's Investors Service Cyprus Ltd.",
        "documentExceptionListingInd": "Y",
        "announcementInd": "Y",
        "automaticRating": "Yes",
        "definitiveRatingPrevProvisional": "No",
        "indicativeRatingInd": "N",
        "definitiveRatingInd": null,
        "linkedAnotherActionInd": "No",
        "privateRatingActionInd": "",
        "provisionalRatingInd": "N",
        "secondaryactionind": "No",
        "subsequentRatingInd": "",
        "contactPersonId": null,
        "complianceType": "CAMS",
        "complianceID": "",
        "ratingShellId": null,
        "ratingShellDS": null,
        "workItemStatus": null,
        "workItemType": null,
        "workItemSubType": null,
        "workItemReleaseDtm": null,
        "pressReleaseId": null,
        "securityClassNm": null,
        "shadowCd": null,
        "pressReleaseType": null,
        "pyrRatingType": null,
        "pacrEmail": null,
        "pacr": null,
        "chairEmail": null,
        "chair": null,
        "addendum": null,
        "addendumEmail": null
    },
    {
        "sourceSystem": "ACCURATE",
        "orgId": null,
        "ratingActionDesc": null,
        "ratingActionID": "3443936",
        "ratingActionName": "1_PRO_FIG - Nordic & Baltic Banks_Alexios Philippides_Moody's announces completion of a periodic review of ratings of OBOS-banken AS",
        "ratingCommitteeDate": null,
        "ratingOffice": "82",
        "ratingReleaseDate": "2020-09-24 10:56:31.803",
        "releaseDate": "2020-09-24 10:56:31.813",
        "lobname": "FIG",
        "sublobname": "Banking",
        "region": "Europe",
        "leadAnalystID": "6213",
        "leadAnalystName": "Alexios Philippides",
        "leadAnalystUniqueId": "philippa",
        "analystEmail": "Alexios.Philippides@moodys.com",
        "analystLocation": "Limassol - MIS Cyprus Limited",
        "approverID": null,
        "approverName": " ",
        "officeName": "Moody's Investors Service Cyprus Ltd.",
        "documentExceptionListingInd": "Y",
        "announcementInd": "Y",
        "automaticRating": "Yes",
        "definitiveRatingPrevProvisional": "No",
        "indicativeRatingInd": "N",
        "definitiveRatingInd": null,
        "linkedAnotherActionInd": "No",
        "privateRatingActionInd": "",
        "provisionalRatingInd": "N",
        "secondaryactionind": "No",
        "subsequentRatingInd": "",
        "contactPersonId": null,
        "complianceType": "CAMS",
        "complianceID": "",
        "ratingShellId": null,
        "ratingShellDS": null,
        "workItemStatus": null,
        "workItemType": null,
        "workItemSubType": null,
        "workItemReleaseDtm": null,
        "pressReleaseId": null,
        "securityClassNm": null,
        "shadowCd": null,
        "pressReleaseType": null,
        "pyrRatingType": null,
        "pacrEmail": null,
        "pacr": null,
        "chairEmail": null,
        "chair": null,
        "addendum": null,
        "addendumEmail": null
    },
    {
        "sourceSystem": "ACCURATE",
        "orgId": null,
        "ratingActionDesc": null,
        "ratingActionID": "3443938",
        "ratingActionName": "1_PRO_FIG - Nordic & Baltic Banks_Alexios Philippides_Moody's announces completion of a periodic review of ratings of Ringkjobing Landbobank A/S",
        "ratingCommitteeDate": null,
        "ratingOffice": "82",
        "ratingReleaseDate": "2020-09-24 10:56:28.353",
        "releaseDate": "2020-09-24 10:56:28.37",
        "lobname": "FIG",
        "sublobname": "Banking",
        "region": "Europe",
        "leadAnalystID": "6213",
        "leadAnalystName": "Alexios Philippides",
        "leadAnalystUniqueId": "philippa",
        "analystEmail": "Alexios.Philippides@moodys.com",
        "analystLocation": "Limassol - MIS Cyprus Limited",
        "approverID": null,
        "approverName": " ",
        "officeName": "Moody's Investors Service Cyprus Ltd.",
        "documentExceptionListingInd": "Y",
        "announcementInd": "Y",
        "automaticRating": "Yes",
        "definitiveRatingPrevProvisional": "No",
        "indicativeRatingInd": "N",
        "definitiveRatingInd": null,
        "linkedAnotherActionInd": "No",
        "privateRatingActionInd": "",
        "provisionalRatingInd": "N",
        "secondaryactionind": "No",
        "subsequentRatingInd": "",
        "contactPersonId": null,
        "complianceType": "CAMS",
        "complianceID": "",
        "ratingShellId": null,
        "ratingShellDS": null,
        "workItemStatus": null,
        "workItemType": null,
        "workItemSubType": null,
        "workItemReleaseDtm": null,
        "pressReleaseId": null,
        "securityClassNm": null,
        "shadowCd": null,
        "pressReleaseType": null,
        "pyrRatingType": null,
        "pacrEmail": null,
        "pacr": null,
        "chairEmail": null,
        "chair": null,
        "addendum": null,
        "addendumEmail": null
    },
    {
        "sourceSystem": "ACCURATE",
        "orgId": null,
        "ratingActionDesc": null,
        "ratingActionID": "3443951",
        "ratingActionName": "1_PRO_FIG - Nordic & Baltic Banks_Alexios Philippides_Moody's announces completion of a periodic review of ratings of Sydbank A/S",
        "ratingCommitteeDate": null,
        "ratingOffice": "82",
        "ratingReleaseDate": "2020-09-24 10:56:21.85",
        "releaseDate": "2020-09-24 10:56:21.856",
        "lobname": "FIG",
        "sublobname": "Banking",
        "region": "Europe",
        "leadAnalystID": "6213",
        "leadAnalystName": "Alexios Philippides",
        "leadAnalystUniqueId": "philippa",
        "analystEmail": "Alexios.Philippides@moodys.com",
        "analystLocation": "Limassol - MIS Cyprus Limited",
        "approverID": null,
        "approverName": " ",
        "officeName": "Moody's Investors Service Cyprus Ltd.",
        "documentExceptionListingInd": "Y",
        "announcementInd": "Y",
        "automaticRating": "Yes",
        "definitiveRatingPrevProvisional": "No",
        "indicativeRatingInd": "N",
        "definitiveRatingInd": null,
        "linkedAnotherActionInd": "No",
        "privateRatingActionInd": "",
        "provisionalRatingInd": "N",
        "secondaryactionind": "No",
        "subsequentRatingInd": "",
        "contactPersonId": null,
        "complianceType": "CAMS",
        "complianceID": "",
        "ratingShellId": null,
        "ratingShellDS": null,
        "workItemStatus": null,
        "workItemType": null,
        "workItemSubType": null,
        "workItemReleaseDtm": null,
        "pressReleaseId": null,
        "securityClassNm": null,
        "shadowCd": null,
        "pressReleaseType": null,
        "pyrRatingType": null,
        "pacrEmail": null,
        "pacr": null,
        "chairEmail": null,
        "chair": null,
        "addendum": null,
        "addendumEmail": null
    },
    {
        "sourceSystem": "ACCURATE",
        "orgId": null,
        "ratingActionDesc": null,
        "ratingActionID": "3444518",
        "ratingActionName": "1_PRO_FIG - Nordic & Baltic Banks_Carlo Gori_Moody's announces completion of a periodic review of ratings of Eksportfinans ASA",
        "ratingCommitteeDate": null,
        "ratingOffice": "52",
        "ratingReleaseDate": "2020-09-23 13:28:48.48",
        "releaseDate": "2020-09-23 13:28:48.486",
        "lobname": "FIG",
        "sublobname": "Banking",
        "region": "Europe",
        "leadAnalystID": "2340",
        "leadAnalystName": "Carlo Gori",
        "leadAnalystUniqueId": "goric",
        "analystEmail": "Carlo.Gori@moodys.com",
        "analystLocation": "London - One Canada Square",
        "approverID": null,
        "approverName": " ",
        "officeName": "Moody's Investors Service Ltd.",
        "documentExceptionListingInd": "Y",
        "announcementInd": "Y",
        "automaticRating": "Yes",
        "definitiveRatingPrevProvisional": "No",
        "indicativeRatingInd": "N",
        "definitiveRatingInd": null,
        "linkedAnotherActionInd": "No",
        "privateRatingActionInd": "",
        "provisionalRatingInd": "N",
        "secondaryactionind": "No",
        "subsequentRatingInd": "",
        "contactPersonId": null,
        "complianceType": "CAMS",
        "complianceID": "",
        "ratingShellId": null,
        "ratingShellDS": null,
        "workItemStatus": null,
        "workItemType": null,
        "workItemSubType": null,
        "workItemReleaseDtm": null,
        "pressReleaseId": null,
        "securityClassNm": null,
        "shadowCd": null,
        "pressReleaseType": null,
        "pyrRatingType": null,
        "pacrEmail": null,
        "pacr": null,
        "chairEmail": null,
        "chair": null,
        "addendum": null,
        "addendumEmail": null
    },
    {
        "sourceSystem": "ACCURATE",
        "orgId": null,
        "ratingActionDesc": null,
        "ratingActionID": "3444522",
        "ratingActionName": "1_PRO_FIG - Nordic & Baltic Banks_Effie Tsotsani_Moody's announces completion of a periodic review of ratings of Sbanken ASA",
        "ratingCommitteeDate": null,
        "ratingOffice": "52",
        "ratingReleaseDate": "2020-09-24 13:09:19.903",
        "releaseDate": "2020-09-24 13:09:19.91",
        "lobname": "FIG",
        "sublobname": "Banking",
        "region": "Europe",
        "leadAnalystID": "7384",
        "leadAnalystName": "Efthymia Tsotsani",
        "leadAnalystUniqueId": "tsotsane",
        "analystEmail": "Effie.Tsotsani@moodys.com",
        "analystLocation": "London - One Canada Square",
        "approverID": null,
        "approverName": " ",
        "officeName": "Moody's Investors Service Ltd.",
        "documentExceptionListingInd": "Y",
        "announcementInd": "Y",
        "automaticRating": "Yes",
        "definitiveRatingPrevProvisional": "No",
        "indicativeRatingInd": "N",
        "definitiveRatingInd": null,
        "linkedAnotherActionInd": "No",
        "privateRatingActionInd": "",
        "provisionalRatingInd": "N",
        "secondaryactionind": "No",
        "subsequentRatingInd": "",
        "contactPersonId": null,
        "complianceType": "CAMS",
        "complianceID": "",
        "ratingShellId": null,
        "ratingShellDS": null,
        "workItemStatus": null,
        "workItemType": null,
        "workItemSubType": null,
        "workItemReleaseDtm": null,
        "pressReleaseId": null,
        "securityClassNm": null,
        "shadowCd": null,
        "pressReleaseType": null,
        "pyrRatingType": null,
        "pacrEmail": null,
        "pacr": null,
        "chairEmail": null,
        "chair": null,
        "addendum": null,
        "addendumEmail": null
    },
    {
        "sourceSystem": "ACCURATE",
        "orgId": null,
        "ratingActionDesc": null,
        "ratingActionID": "3444524",
        "ratingActionName": "1_PRO_FIG - Nordic & Baltic Banks_Louise Lundberg_Moody's announces completion of a periodic review of ratings of Danske Bank A/S",
        "ratingCommitteeDate": null,
        "ratingOffice": "128",
        "ratingReleaseDate": "2020-09-23 09:10:30.303",
        "releaseDate": "2020-09-23 09:10:30.37",
        "lobname": "FIG",
        "sublobname": "Banking",
        "region": "Europe",
        "leadAnalystID": "7817",
        "leadAnalystName": "Louise Lundberg",
        "leadAnalystUniqueId": "lundberl",
        "analystEmail": "Louise.Lundberg@moodys.com",
        "analystLocation": "Stockholm- Norrlandsgatan 20",
        "approverID": null,
        "approverName": " ",
        "officeName": "Moody's Investors Service (Nordics) AB",
        "documentExceptionListingInd": "Y",
        "announcementInd": "Y",
        "automaticRating": "Yes",
        "definitiveRatingPrevProvisional": "No",
        "indicativeRatingInd": "N",
        "definitiveRatingInd": null,
        "linkedAnotherActionInd": "No",
        "privateRatingActionInd": "",
        "provisionalRatingInd": "N",
        "secondaryactionind": "No",
        "subsequentRatingInd": "",
        "contactPersonId": null,
        "complianceType": "CAMS",
        "complianceID": "",
        "ratingShellId": null,
        "ratingShellDS": null,
        "workItemStatus": null,
        "workItemType": null,
        "workItemSubType": null,
        "workItemReleaseDtm": null,
        "pressReleaseId": null,
        "securityClassNm": null,
        "shadowCd": null,
        "pressReleaseType": null,
        "pyrRatingType": null,
        "pacrEmail": null,
        "pacr": null,
        "chairEmail": null,
        "chair": null,
        "addendum": null,
        "addendumEmail": null
    },
    {
        "sourceSystem": "ACCURATE",
        "orgId": null,
        "ratingActionDesc": null,
        "ratingActionID": "3444528",
        "ratingActionName": "1_PRO_FIG - Nordic & Baltic Banks_Louise Lundberg_Moody's announces completion of a periodic review of ratings of Hoist Finance AB (publ)",
        "ratingCommitteeDate": null,
        "ratingOffice": "128",
        "ratingReleaseDate": "2020-09-23 10:19:23.323",
        "releaseDate": "2020-09-23 10:19:23.33",
        "lobname": "FIG",
        "sublobname": "Banking",
        "region": "Europe",
        "leadAnalystID": "7817",
        "leadAnalystName": "Louise Lundberg",
        "leadAnalystUniqueId": "lundberl",
        "analystEmail": "Louise.Lundberg@moodys.com",
        "analystLocation": "Stockholm- Norrlandsgatan 20",
        "approverID": null,
        "approverName": " ",
        "officeName": "Moody's Investors Service (Nordics) AB",
        "documentExceptionListingInd": "Y",
        "announcementInd": "Y",
        "automaticRating": "Yes",
        "definitiveRatingPrevProvisional": "No",
        "indicativeRatingInd": "N",
        "definitiveRatingInd": null,
        "linkedAnotherActionInd": "No",
        "privateRatingActionInd": "",
        "provisionalRatingInd": "N",
        "secondaryactionind": "No",
        "subsequentRatingInd": "",
        "contactPersonId": null,
        "complianceType": "CAMS",
        "complianceID": "",
        "ratingShellId": null,
        "ratingShellDS": null,
        "workItemStatus": null,
        "workItemType": null,
        "workItemSubType": null,
        "workItemReleaseDtm": null,
        "pressReleaseId": null,
        "securityClassNm": null,
        "shadowCd": null,
        "pressReleaseType": null,
        "pyrRatingType": null,
        "pacrEmail": null,
        "pacr": null,
        "chairEmail": null,
        "chair": null,
        "addendum": null,
        "addendumEmail": null
    },
    {
        "sourceSystem": "ACCURATE",
        "orgId": null,
        "ratingActionDesc": null,
        "ratingActionID": "3444534",
        "ratingActionName": "1_PRO_FIG - Nordic & Baltic Banks_Louise Lundberg_Moody's announces completion of a periodic review of ratings of Nordea Bank",
        "ratingCommitteeDate": null,
        "ratingOffice": "128",
        "ratingReleaseDate": "2020-09-23 13:28:45.263",
        "releaseDate": "2020-09-23 13:28:45.28",
        "lobname": "FIG",
        "sublobname": "Banking",
        "region": "Europe",
        "leadAnalystID": "7817",
        "leadAnalystName": "Louise Lundberg",
        "leadAnalystUniqueId": "lundberl",
        "analystEmail": "Louise.Lundberg@moodys.com",
        "analystLocation": "Stockholm- Norrlandsgatan 20",
        "approverID": null,
        "approverName": " ",
        "officeName": "Moody's Investors Service (Nordics) AB",
        "documentExceptionListingInd": "Y",
        "announcementInd": "Y",
        "automaticRating": "Yes",
        "definitiveRatingPrevProvisional": "No",
        "indicativeRatingInd": "N",
        "definitiveRatingInd": null,
        "linkedAnotherActionInd": "No",
        "privateRatingActionInd": "",
        "provisionalRatingInd": "N",
        "secondaryactionind": "No",
        "subsequentRatingInd": "",
        "contactPersonId": null,
        "complianceType": "CAMS",
        "complianceID": "",
        "ratingShellId": null,
        "ratingShellDS": null,
        "workItemStatus": null,
        "workItemType": null,
        "workItemSubType": null,
        "workItemReleaseDtm": null,
        "pressReleaseId": null,
        "securityClassNm": null,
        "shadowCd": null,
        "pressReleaseType": null,
        "pyrRatingType": null,
        "pacrEmail": null,
        "pacr": null,
        "chairEmail": null,
        "chair": null,
        "addendum": null,
        "addendumEmail": null
    },
    {
        "sourceSystem": "ACCURATE",
        "orgId": null,
        "ratingActionDesc": null,
        "ratingActionID": "3444541",
        "ratingActionName": "1_PRO_FIG - Nordic & Baltic Banks_Louise Lundberg_Moody's announces completion of a periodic review of ratings of SEB AB",
        "ratingCommitteeDate": null,
        "ratingOffice": "128",
        "ratingReleaseDate": "2020-09-23 09:10:26.56",
        "releaseDate": "2020-09-23 09:10:26.566",
        "lobname": "FIG",
        "sublobname": "Banking",
        "region": "Europe",
        "leadAnalystID": "7817",
        "leadAnalystName": "Louise Lundberg",
        "leadAnalystUniqueId": "lundberl",
        "analystEmail": "Louise.Lundberg@moodys.com",
        "analystLocation": "Stockholm- Norrlandsgatan 20",
        "approverID": null,
        "approverName": " ",
        "officeName": "Moody's Investors Service (Nordics) AB",
        "documentExceptionListingInd": "Y",
        "announcementInd": "Y",
        "automaticRating": "Yes",
        "definitiveRatingPrevProvisional": "No",
        "indicativeRatingInd": "N",
        "definitiveRatingInd": null,
        "linkedAnotherActionInd": "No",
        "privateRatingActionInd": "",
        "provisionalRatingInd": "N",
        "secondaryactionind": "No",
        "subsequentRatingInd": "",
        "contactPersonId": null,
        "complianceType": "CAMS",
        "complianceID": "",
        "ratingShellId": null,
        "ratingShellDS": null,
        "workItemStatus": null,
        "workItemType": null,
        "workItemSubType": null,
        "workItemReleaseDtm": null,
        "pressReleaseId": null,
        "securityClassNm": null,
        "shadowCd": null,
        "pressReleaseType": null,
        "pyrRatingType": null,
        "pacrEmail": null,
        "pacr": null,
        "chairEmail": null,
        "chair": null,
        "addendum": null,
        "addendumEmail": null
    },
    {
        "sourceSystem": "ACCURATE",
        "orgId": null,
        "ratingActionDesc": null,
        "ratingActionID": "3444543",
        "ratingActionName": "1_PRO_FIG - Nordic & Baltic Banks_Louise Lundberg_Moody's announces completion of a periodic review of ratings of Siauliu Bankas, AB",
        "ratingCommitteeDate": null,
        "ratingOffice": "128",
        "ratingReleaseDate": "2020-09-23 09:10:23.083",
        "releaseDate": "2020-09-23 09:10:23.09",
        "lobname": "FIG",
        "sublobname": "Banking",
        "region": "Europe",
        "leadAnalystID": "7817",
        "leadAnalystName": "Louise Lundberg",
        "leadAnalystUniqueId": "lundberl",
        "analystEmail": "Louise.Lundberg@moodys.com",
        "analystLocation": "Stockholm- Norrlandsgatan 20",
        "approverID": null,
        "approverName": " ",
        "officeName": "Moody's Investors Service (Nordics) AB",
        "documentExceptionListingInd": "Y",
        "announcementInd": "Y",
        "automaticRating": "Yes",
        "definitiveRatingPrevProvisional": "No",
        "indicativeRatingInd": "N",
        "definitiveRatingInd": null,
        "linkedAnotherActionInd": "No",
        "privateRatingActionInd": "",
        "provisionalRatingInd": "N",
        "secondaryactionind": "No",
        "subsequentRatingInd": "",
        "contactPersonId": null,
        "complianceType": "CAMS",
        "complianceID": "",
        "ratingShellId": null,
        "ratingShellDS": null,
        "workItemStatus": null,
        "workItemType": null,
        "workItemSubType": null,
        "workItemReleaseDtm": null,
        "pressReleaseId": null,
        "securityClassNm": null,
        "shadowCd": null,
        "pressReleaseType": null,
        "pyrRatingType": null,
        "pacrEmail": null,
        "pacr": null,
        "chairEmail": null,
        "chair": null,
        "addendum": null,
        "addendumEmail": null
    },
    {
        "sourceSystem": "ACCURATE",
        "orgId": null,
        "ratingActionDesc": null,
        "ratingActionID": "3444547",
        "ratingActionName": "1_PRO_FIG - Nordic & Baltic Banks_Louise Lundberg_Moody's announces completion of a periodic review of ratings of Spar Nord Bank A/S",
        "ratingCommitteeDate": null,
        "ratingOffice": "128",
        "ratingReleaseDate": "2020-09-23 09:10:19.986",
        "releaseDate": "2020-09-23 09:10:19.996",
        "lobname": "FIG",
        "sublobname": "Banking",
        "region": "Europe",
        "leadAnalystID": "7817",
        "leadAnalystName": "Louise Lundberg",
        "leadAnalystUniqueId": "lundberl",
        "analystEmail": "Louise.Lundberg@moodys.com",
        "analystLocation": "Stockholm- Norrlandsgatan 20",
        "approverID": null,
        "approverName": " ",
        "officeName": "Moody's Investors Service (Nordics) AB",
        "documentExceptionListingInd": "Y",
        "announcementInd": "Y",
        "automaticRating": "Yes",
        "definitiveRatingPrevProvisional": "No",
        "indicativeRatingInd": "N",
        "definitiveRatingInd": null,
        "linkedAnotherActionInd": "No",
        "privateRatingActionInd": "",
        "provisionalRatingInd": "N",
        "secondaryactionind": "No",
        "subsequentRatingInd": "",
        "contactPersonId": null,
        "complianceType": "CAMS",
        "complianceID": "",
        "ratingShellId": null,
        "ratingShellDS": null,
        "workItemStatus": null,
        "workItemType": null,
        "workItemSubType": null,
        "workItemReleaseDtm": null,
        "pressReleaseId": null,
        "securityClassNm": null,
        "shadowCd": null,
        "pressReleaseType": null,
        "pyrRatingType": null,
        "pacrEmail": null,
        "pacr": null,
        "chairEmail": null,
        "chair": null,
        "addendum": null,
        "addendumEmail": null
    },
    {
        "sourceSystem": "ACCURATE",
        "orgId": null,
        "ratingActionDesc": null,
        "ratingActionID": "3444549",
        "ratingActionName": "1_PRO_FIG - Nordic & Baltic Banks_Louise Lundberg_Moody's announces completion of a periodic review of ratings of Svenska Handelsbanken AB",
        "ratingCommitteeDate": null,
        "ratingOffice": "128",
        "ratingReleaseDate": "2020-09-23 09:10:15.863",
        "releaseDate": "2020-09-23 09:10:15.893",
        "lobname": "FIG",
        "sublobname": "Banking",
        "region": "Europe",
        "leadAnalystID": "7817",
        "leadAnalystName": "Louise Lundberg",
        "leadAnalystUniqueId": "lundberl",
        "analystEmail": "Louise.Lundberg@moodys.com",
        "analystLocation": "Stockholm- Norrlandsgatan 20",
        "approverID": null,
        "approverName": " ",
        "officeName": "Moody's Investors Service (Nordics) AB",
        "documentExceptionListingInd": "Y",
        "announcementInd": "Y",
        "automaticRating": "Yes",
        "definitiveRatingPrevProvisional": "No",
        "indicativeRatingInd": "N",
        "definitiveRatingInd": null,
        "linkedAnotherActionInd": "No",
        "privateRatingActionInd": "",
        "provisionalRatingInd": "N",
        "secondaryactionind": "No",
        "subsequentRatingInd": "",
        "contactPersonId": null,
        "complianceType": "CAMS",
        "complianceID": "",
        "ratingShellId": null,
        "ratingShellDS": null,
        "workItemStatus": null,
        "workItemType": null,
        "workItemSubType": null,
        "workItemReleaseDtm": null,
        "pressReleaseId": null,
        "securityClassNm": null,
        "shadowCd": null,
        "pressReleaseType": null,
        "pyrRatingType": null,
        "pacrEmail": null,
        "pacr": null,
        "chairEmail": null,
        "chair": null,
        "addendum": null,
        "addendumEmail": null
    },
    {
        "sourceSystem": "ACCURATE",
        "orgId": null,
        "ratingActionDesc": null,
        "ratingActionID": "3444553",
        "ratingActionName": "1_PRO_FIG - Nordic & Baltic Banks_Louise Lundberg_Moody's announces completion of a periodic review of ratings of Swedbank AB",
        "ratingCommitteeDate": null,
        "ratingOffice": "128",
        "ratingReleaseDate": "2020-09-23 09:10:12.133",
        "releaseDate": "2020-09-23 09:10:12.15",
        "lobname": "FIG",
        "sublobname": "Banking",
        "region": "Europe",
        "leadAnalystID": "7817",
        "leadAnalystName": "Louise Lundberg",
        "leadAnalystUniqueId": "lundberl",
        "analystEmail": "Louise.Lundberg@moodys.com",
        "analystLocation": "Stockholm- Norrlandsgatan 20",
        "approverID": null,
        "approverName": " ",
        "officeName": "Moody's Investors Service (Nordics) AB",
        "documentExceptionListingInd": "Y",
        "announcementInd": "Y",
        "automaticRating": "Yes",
        "definitiveRatingPrevProvisional": "No",
        "indicativeRatingInd": "N",
        "definitiveRatingInd": null,
        "linkedAnotherActionInd": "No",
        "privateRatingActionInd": "",
        "provisionalRatingInd": "N",
        "secondaryactionind": "No",
        "subsequentRatingInd": "",
        "contactPersonId": null,
        "complianceType": "CAMS",
        "complianceID": "",
        "ratingShellId": null,
        "ratingShellDS": null,
        "workItemStatus": null,
        "workItemType": null,
        "workItemSubType": null,
        "workItemReleaseDtm": null,
        "pressReleaseId": null,
        "securityClassNm": null,
        "shadowCd": null,
        "pressReleaseType": null,
        "pyrRatingType": null,
        "pacrEmail": null,
        "pacr": null,
        "chairEmail": null,
        "chair": null,
        "addendum": null,
        "addendumEmail": null
    },
    {
        "sourceSystem": "ACCURATE",
        "orgId": null,
        "ratingActionDesc": null,
        "ratingActionID": "3444571",
        "ratingActionName": "1_PRO_FIG - Nordic & Baltic Banks_Niclas Boheman_Moody's announces completion of a periodic review of ratings of Aktia Bank p.l.c.",
        "ratingCommitteeDate": null,
        "ratingOffice": "128",
        "ratingReleaseDate": "2020-09-23 13:03:07.826",
        "releaseDate": "2020-09-23 13:03:07.86",
        "lobname": "FIG",
        "sublobname": "Banking",
        "region": "Europe",
        "leadAnalystID": "7742",
        "leadAnalystName": "Erik Niclas Boheman",
        "leadAnalystUniqueId": "bohemane",
        "analystEmail": "Niclas.Boheman@moodys.com",
        "analystLocation": "Stockholm- Norrlandsgatan 20",
        "approverID": null,
        "approverName": " ",
        "officeName": "Moody's Investors Service (Nordics) AB",
        "documentExceptionListingInd": "Y",
        "announcementInd": "Y",
        "automaticRating": "Yes",
        "definitiveRatingPrevProvisional": "No",
        "indicativeRatingInd": "N",
        "definitiveRatingInd": null,
        "linkedAnotherActionInd": "No",
        "privateRatingActionInd": "",
        "provisionalRatingInd": "N",
        "secondaryactionind": "No",
        "subsequentRatingInd": "",
        "contactPersonId": null,
        "complianceType": "CAMS",
        "complianceID": "",
        "ratingShellId": null,
        "ratingShellDS": null,
        "workItemStatus": null,
        "workItemType": null,
        "workItemSubType": null,
        "workItemReleaseDtm": null,
        "pressReleaseId": null,
        "securityClassNm": null,
        "shadowCd": null,
        "pressReleaseType": null,
        "pyrRatingType": null,
        "pacrEmail": null,
        "pacr": null,
        "chairEmail": null,
        "chair": null,
        "addendum": null,
        "addendumEmail": null
    },
    {
        "sourceSystem": "ACCURATE",
        "orgId": null,
        "ratingActionDesc": null,
        "ratingActionID": "3444573",
        "ratingActionName": "1_PRO_FIG - Nordic & Baltic Banks_Niclas Boheman_Moody's announces completion of a periodic review of ratings of AS LHV Pank",
        "ratingCommitteeDate": null,
        "ratingOffice": "128",
        "ratingReleaseDate": "2020-09-23 13:28:38.29",
        "releaseDate": "2020-09-23 13:28:38.313",
        "lobname": "FIG",
        "sublobname": "Banking",
        "region": "Europe",
        "leadAnalystID": "7742",
        "leadAnalystName": "Erik Niclas Boheman",
        "leadAnalystUniqueId": "bohemane",
        "analystEmail": "Niclas.Boheman@moodys.com",
        "analystLocation": "Stockholm- Norrlandsgatan 20",
        "approverID": null,
        "approverName": " ",
        "officeName": "Moody's Investors Service (Nordics) AB",
        "documentExceptionListingInd": "Y",
        "announcementInd": "Y",
        "automaticRating": "Yes",
        "definitiveRatingPrevProvisional": "No",
        "indicativeRatingInd": "N",
        "definitiveRatingInd": null,
        "linkedAnotherActionInd": "No",
        "privateRatingActionInd": "",
        "provisionalRatingInd": "N",
        "secondaryactionind": "No",
        "subsequentRatingInd": "",
        "contactPersonId": null,
        "complianceType": "CAMS",
        "complianceID": "",
        "ratingShellId": null,
        "ratingShellDS": null,
        "workItemStatus": null,
        "workItemType": null,
        "workItemSubType": null,
        "workItemReleaseDtm": null,
        "pressReleaseId": null,
        "securityClassNm": null,
        "shadowCd": null,
        "pressReleaseType": null,
        "pyrRatingType": null,
        "pacrEmail": null,
        "pacr": null,
        "chairEmail": null,
        "chair": null,
        "addendum": null,
        "addendumEmail": null
    },
    {
        "sourceSystem": "ACCURATE",
        "orgId": null,
        "ratingActionDesc": null,
        "ratingActionID": "3444577",
        "ratingActionName": "1_PRO_FIG - Nordic & Baltic Banks_Niclas Boheman_Moody's announces completion of a periodic review of ratings of BlueStep Bank AB (publ)",
        "ratingCommitteeDate": null,
        "ratingOffice": "128",
        "ratingReleaseDate": "2020-09-23 13:03:11.316",
        "releaseDate": "2020-09-23 13:03:11.323",
        "lobname": "FIG",
        "sublobname": "Banking",
        "region": "Europe",
        "leadAnalystID": "7742",
        "leadAnalystName": "Erik Niclas Boheman",
        "leadAnalystUniqueId": "bohemane",
        "analystEmail": "Niclas.Boheman@moodys.com",
        "analystLocation": "Stockholm- Norrlandsgatan 20",
        "approverID": null,
        "approverName": " ",
        "officeName": "Moody's Investors Service (Nordics) AB",
        "documentExceptionListingInd": "Y",
        "announcementInd": "Y",
        "automaticRating": "Yes",
        "definitiveRatingPrevProvisional": "No",
        "indicativeRatingInd": "N",
        "definitiveRatingInd": null,
        "linkedAnotherActionInd": "No",
        "privateRatingActionInd": "",
        "provisionalRatingInd": "N",
        "secondaryactionind": "No",
        "subsequentRatingInd": "",
        "contactPersonId": null,
        "complianceType": "CAMS",
        "complianceID": "",
        "ratingShellId": null,
        "ratingShellDS": null,
        "workItemStatus": null,
        "workItemType": null,
        "workItemSubType": null,
        "workItemReleaseDtm": null,
        "pressReleaseId": null,
        "securityClassNm": null,
        "shadowCd": null,
        "pressReleaseType": null,
        "pyrRatingType": null,
        "pacrEmail": null,
        "pacr": null,
        "chairEmail": null,
        "chair": null,
        "addendum": null,
        "addendumEmail": null
    },
    {
        "sourceSystem": "ACCURATE",
        "orgId": null,
        "ratingActionDesc": null,
        "ratingActionID": "3444579",
        "ratingActionName": "1_PRO_FIG - Nordic & Baltic Banks_Niclas Boheman_Moody's announces completion of a periodic review of ratings of DNB Bank ASA",
        "ratingCommitteeDate": null,
        "ratingOffice": "128",
        "ratingReleaseDate": "2020-09-23 15:34:26.163",
        "releaseDate": "2020-09-23 15:34:26.176",
        "lobname": "FIG",
        "sublobname": "Banking",
        "region": "Europe",
        "leadAnalystID": "7742",
        "leadAnalystName": "Erik Niclas Boheman",
        "leadAnalystUniqueId": "bohemane",
        "analystEmail": "Niclas.Boheman@moodys.com",
        "analystLocation": "Stockholm- Norrlandsgatan 20",
        "approverID": null,
        "approverName": " ",
        "officeName": "Moody's Investors Service (Nordics) AB",
        "documentExceptionListingInd": "Y",
        "announcementInd": "Y",
        "automaticRating": "Yes",
        "definitiveRatingPrevProvisional": "No",
        "indicativeRatingInd": "N",
        "definitiveRatingInd": null,
        "linkedAnotherActionInd": "No",
        "privateRatingActionInd": "",
        "provisionalRatingInd": "N",
        "secondaryactionind": "No",
        "subsequentRatingInd": "",
        "contactPersonId": null,
        "complianceType": "CAMS",
        "complianceID": "",
        "ratingShellId": null,
        "ratingShellDS": null,
        "workItemStatus": null,
        "workItemType": null,
        "workItemSubType": null,
        "workItemReleaseDtm": null,
        "pressReleaseId": null,
        "securityClassNm": null,
        "shadowCd": null,
        "pressReleaseType": null,
        "pyrRatingType": null,
        "pacrEmail": null,
        "pacr": null,
        "chairEmail": null,
        "chair": null,
        "addendum": null,
        "addendumEmail": null
    },
    {
        "sourceSystem": "ACCURATE",
        "orgId": null,
        "ratingActionDesc": null,
        "ratingActionID": "3444585",
        "ratingActionName": "1_PRO_FIG - Nordic & Baltic Banks_Niclas Boheman_Moody's announces completion of a periodic review of ratings of Lansforsakringar Bank AB (publ)",
        "ratingCommitteeDate": null,
        "ratingOffice": "128",
        "ratingReleaseDate": "2020-09-23 13:03:15.46",
        "releaseDate": "2020-09-23 13:03:15.466",
        "lobname": "FIG",
        "sublobname": "Banking",
        "region": "Europe",
        "leadAnalystID": "7742",
        "leadAnalystName": "Erik Niclas Boheman",
        "leadAnalystUniqueId": "bohemane",
        "analystEmail": "Niclas.Boheman@moodys.com",
        "analystLocation": "Stockholm- Norrlandsgatan 20",
        "approverID": null,
        "approverName": " ",
        "officeName": "Moody's Investors Service (Nordics) AB",
        "documentExceptionListingInd": "Y",
        "announcementInd": "Y",
        "automaticRating": "Yes",
        "definitiveRatingPrevProvisional": "No",
        "indicativeRatingInd": "N",
        "definitiveRatingInd": null,
        "linkedAnotherActionInd": "No",
        "privateRatingActionInd": "",
        "provisionalRatingInd": "N",
        "secondaryactionind": "No",
        "subsequentRatingInd": "",
        "contactPersonId": null,
        "complianceType": "CAMS",
        "complianceID": "",
        "ratingShellId": null,
        "ratingShellDS": null,
        "workItemStatus": null,
        "workItemType": null,
        "workItemSubType": null,
        "workItemReleaseDtm": null,
        "pressReleaseId": null,
        "securityClassNm": null,
        "shadowCd": null,
        "pressReleaseType": null,
        "pyrRatingType": null,
        "pacrEmail": null,
        "pacr": null,
        "chairEmail": null,
        "chair": null,
        "addendum": null,
        "addendumEmail": null
    },
    {
        "sourceSystem": "ACCURATE",
        "orgId": null,
        "ratingActionDesc": null,
        "ratingActionID": "3444590",
        "ratingActionName": "1_PRO_FIG - Nordic & Baltic Banks_Niclas Boheman_Moody's announces completion of a periodic review of ratings of Luminor Bank AS",
        "ratingCommitteeDate": null,
        "ratingOffice": "128",
        "ratingReleaseDate": "2020-09-23 13:28:35.063",
        "releaseDate": "2020-09-23 13:28:35.07",
        "lobname": "FIG",
        "sublobname": "Banking",
        "region": "Europe",
        "leadAnalystID": "7742",
        "leadAnalystName": "Erik Niclas Boheman",
        "leadAnalystUniqueId": "bohemane",
        "analystEmail": "Niclas.Boheman@moodys.com",
        "analystLocation": "Stockholm- Norrlandsgatan 20",
        "approverID": null,
        "approverName": " ",
        "officeName": "Moody's Investors Service (Nordics) AB",
        "documentExceptionListingInd": "Y",
        "announcementInd": "Y",
        "automaticRating": "Yes",
        "definitiveRatingPrevProvisional": "No",
        "indicativeRatingInd": "N",
        "definitiveRatingInd": null,
        "linkedAnotherActionInd": "No",
        "privateRatingActionInd": "",
        "provisionalRatingInd": "N",
        "secondaryactionind": "No",
        "subsequentRatingInd": "",
        "contactPersonId": null,
        "complianceType": "CAMS",
        "complianceID": "",
        "ratingShellId": null,
        "ratingShellDS": null,
        "workItemStatus": null,
        "workItemType": null,
        "workItemSubType": null,
        "workItemReleaseDtm": null,
        "pressReleaseId": null,
        "securityClassNm": null,
        "shadowCd": null,
        "pressReleaseType": null,
        "pyrRatingType": null,
        "pacrEmail": null,
        "pacr": null,
        "chairEmail": null,
        "chair": null,
        "addendum": null,
        "addendumEmail": null
    },
    {
        "sourceSystem": "ACCURATE",
        "orgId": null,
        "ratingActionDesc": null,
        "ratingActionID": "3444598",
        "ratingActionName": "1_PRO_FIG - Nordic & Baltic Banks_Niclas Boheman_Moody's announces completion of a periodic review of ratings of OP Corporate Bank plc",
        "ratingCommitteeDate": null,
        "ratingOffice": "128",
        "ratingReleaseDate": "2020-09-23 13:03:19.983",
        "releaseDate": "2020-09-23 13:03:19.99",
        "lobname": "FIG",
        "sublobname": "Banking",
        "region": "Europe",
        "leadAnalystID": "7742",
        "leadAnalystName": "Erik Niclas Boheman",
        "leadAnalystUniqueId": "bohemane",
        "analystEmail": "Niclas.Boheman@moodys.com",
        "analystLocation": "Stockholm- Norrlandsgatan 20",
        "approverID": null,
        "approverName": " ",
        "officeName": "Moody's Investors Service (Nordics) AB",
        "documentExceptionListingInd": "Y",
        "announcementInd": "Y",
        "automaticRating": "Yes",
        "definitiveRatingPrevProvisional": "No",
        "indicativeRatingInd": "N",
        "definitiveRatingInd": null,
        "linkedAnotherActionInd": "No",
        "privateRatingActionInd": "",
        "provisionalRatingInd": "N",
        "secondaryactionind": "No",
        "subsequentRatingInd": "",
        "contactPersonId": null,
        "complianceType": "CAMS",
        "complianceID": "",
        "ratingShellId": null,
        "ratingShellDS": null,
        "workItemStatus": null,
        "workItemType": null,
        "workItemSubType": null,
        "workItemReleaseDtm": null,
        "pressReleaseId": null,
        "securityClassNm": null,
        "shadowCd": null,
        "pressReleaseType": null,
        "pyrRatingType": null,
        "pacrEmail": null,
        "pacr": null,
        "chairEmail": null,
        "chair": null,
        "addendum": null,
        "addendumEmail": null
    },
    {
        "sourceSystem": "ACCURATE",
        "orgId": null,
        "ratingActionDesc": null,
        "ratingActionID": "3444608",
        "ratingActionName": "1_PRO_FIG - Nordic & Baltic Banks_Niclas Boheman_Moody's announces completion of a periodic review of ratings of SBAB Bank AB (publ)",
        "ratingCommitteeDate": null,
        "ratingOffice": "128",
        "ratingReleaseDate": "2020-09-23 13:03:23.456",
        "releaseDate": "2020-09-23 13:03:23.463",
        "lobname": "FIG",
        "sublobname": "Banking",
        "region": "Europe",
        "leadAnalystID": "7742",
        "leadAnalystName": "Erik Niclas Boheman",
        "leadAnalystUniqueId": "bohemane",
        "analystEmail": "Niclas.Boheman@moodys.com",
        "analystLocation": "Stockholm- Norrlandsgatan 20",
        "approverID": null,
        "approverName": " ",
        "officeName": "Moody's Investors Service (Nordics) AB",
        "documentExceptionListingInd": "Y",
        "announcementInd": "Y",
        "automaticRating": "Yes",
        "definitiveRatingPrevProvisional": "No",
        "indicativeRatingInd": "N",
        "definitiveRatingInd": null,
        "linkedAnotherActionInd": "No",
        "privateRatingActionInd": "",
        "provisionalRatingInd": "N",
        "secondaryactionind": "No",
        "subsequentRatingInd": "",
        "contactPersonId": null,
        "complianceType": "CAMS",
        "complianceID": "",
        "ratingShellId": null,
        "ratingShellDS": null,
        "workItemStatus": null,
        "workItemType": null,
        "workItemSubType": null,
        "workItemReleaseDtm": null,
        "pressReleaseId": null,
        "securityClassNm": null,
        "shadowCd": null,
        "pressReleaseType": null,
        "pyrRatingType": null,
        "pacrEmail": null,
        "pacr": null,
        "chairEmail": null,
        "chair": null,
        "addendum": null,
        "addendumEmail": null
    },
    {
        "sourceSystem": "ACCURATE",
        "orgId": null,
        "ratingActionDesc": "[non-NRSRO] Ritz Series 46",
        "ratingActionID": "3444794",
        "ratingActionName": "[non-NRSRO] Ritz Series 46",
        "ratingCommitteeDate": "2020-09-14 00:00:00.0",
        "ratingOffice": "118",
        "ratingReleaseDate": "2020-09-24 22:05:40.0",
        "releaseDate": "2020-09-24 22:06:07.086",
        "lobname": "SFG",
        "sublobname": "Regional New Ratings",
        "region": "Asia Pacific",
        "leadAnalystID": "1953",
        "leadAnalystName": "Shinichiro Kan",
        "leadAnalystUniqueId": "kans",
        "analystEmail": "Shinichiro.Kan@moodys.com",
        "analystLocation": "Tokyo - Atago Green Hills Mori Tower 20fl",
        "approverID": null,
        "approverName": " ",
        "officeName": "Moody's SF Japan K.K.",
        "documentExceptionListingInd": "",
        "announcementInd": "",
        "automaticRating": "No",
        "definitiveRatingPrevProvisional": "No",
        "indicativeRatingInd": "N",
        "definitiveRatingInd": null,
        "linkedAnotherActionInd": "No",
        "privateRatingActionInd": "N",
        "provisionalRatingInd": "N",
        "secondaryactionind": "No",
        "subsequentRatingInd": "N",
        "contactPersonId": null,
        "complianceType": "CAMS",
        "complianceID": "103984",
        "ratingShellId": null,
        "ratingShellDS": null,
        "workItemStatus": null,
        "workItemType": null,
        "workItemSubType": null,
        "workItemReleaseDtm": null,
        "pressReleaseId": null,
        "securityClassNm": null,
        "shadowCd": null,
        "pressReleaseType": null,
        "pyrRatingType": null,
        "pacrEmail": null,
        "pacr": null,
        "chairEmail": null,
        "chair": null,
        "addendum": "Fiona Feng ",
        "addendumEmail": "FengQ1@moodys.com"
    },
    {
        "sourceSystem": "ACCURATE",
        "orgId": null,
        "ratingActionDesc": null,
        "ratingActionID": "3445302",
        "ratingActionName": "1_PRO_FIG - Nordic & Baltic Banks_Niclas Boheman_Moody's announces completion of a periodic review of ratings of Sparbanken Syd",
        "ratingCommitteeDate": null,
        "ratingOffice": "128",
        "ratingReleaseDate": "2020-09-23 13:09:56.156",
        "releaseDate": "2020-09-23 13:09:56.163",
        "lobname": "FIG",
        "sublobname": "Banking",
        "region": "Europe",
        "leadAnalystID": "7742",
        "leadAnalystName": "Erik Niclas Boheman",
        "leadAnalystUniqueId": "bohemane",
        "analystEmail": "Niclas.Boheman@moodys.com",
        "analystLocation": "Stockholm- Norrlandsgatan 20",
        "approverID": null,
        "approverName": " ",
        "officeName": "Moody's Investors Service (Nordics) AB",
        "documentExceptionListingInd": "Y",
        "announcementInd": "Y",
        "automaticRating": "Yes",
        "definitiveRatingPrevProvisional": "No",
        "indicativeRatingInd": "N",
        "definitiveRatingInd": null,
        "linkedAnotherActionInd": "No",
        "privateRatingActionInd": "",
        "provisionalRatingInd": "N",
        "secondaryactionind": "No",
        "subsequentRatingInd": "",
        "contactPersonId": null,
        "complianceType": "CAMS",
        "complianceID": "",
        "ratingShellId": null,
        "ratingShellDS": null,
        "workItemStatus": null,
        "workItemType": null,
        "workItemSubType": null,
        "workItemReleaseDtm": null,
        "pressReleaseId": null,
        "securityClassNm": null,
        "shadowCd": null,
        "pressReleaseType": null,
        "pyrRatingType": null,
        "pacrEmail": null,
        "pacr": null,
        "chairEmail": null,
        "chair": null,
        "addendum": null,
        "addendumEmail": null
    },
    {
        "sourceSystem": "ACCURATE",
        "orgId": null,
        "ratingActionDesc": null,
        "ratingActionID": "3445307",
        "ratingActionName": "1_PRO_FIG - Nordic & Baltic Banks_Niclas Boheman_Moody's announces completion of a periodic review of ratings of Swedish Export Credit Corporation",
        "ratingCommitteeDate": null,
        "ratingOffice": "128",
        "ratingReleaseDate": "2020-09-23 13:09:50.04",
        "releaseDate": "2020-09-23 13:09:50.046",
        "lobname": "FIG",
        "sublobname": "Banking",
        "region": "Europe",
        "leadAnalystID": "7742",
        "leadAnalystName": "Erik Niclas Boheman",
        "leadAnalystUniqueId": "bohemane",
        "analystEmail": "Niclas.Boheman@moodys.com",
        "analystLocation": "Stockholm- Norrlandsgatan 20",
        "approverID": null,
        "approverName": " ",
        "officeName": "Moody's Investors Service (Nordics) AB",
        "documentExceptionListingInd": "Y",
        "announcementInd": "Y",
        "automaticRating": "Yes",
        "definitiveRatingPrevProvisional": "No",
        "indicativeRatingInd": "N",
        "definitiveRatingInd": null,
        "linkedAnotherActionInd": "No",
        "privateRatingActionInd": "",
        "provisionalRatingInd": "N",
        "secondaryactionind": "No",
        "subsequentRatingInd": "",
        "contactPersonId": null,
        "complianceType": "CAMS",
        "complianceID": "",
        "ratingShellId": null,
        "ratingShellDS": null,
        "workItemStatus": null,
        "workItemType": null,
        "workItemSubType": null,
        "workItemReleaseDtm": null,
        "pressReleaseId": null,
        "securityClassNm": null,
        "shadowCd": null,
        "pressReleaseType": null,
        "pyrRatingType": null,
        "pacrEmail": null,
        "pacr": null,
        "chairEmail": null,
        "chair": null,
        "addendum": null,
        "addendumEmail": null
    },
    {
        "sourceSystem": "ACCURATE",
        "orgId": null,
        "ratingActionDesc": null,
        "ratingActionID": "3445309",
        "ratingActionName": "1_PRO_FIG - Nordic & Baltic Banks_Niclas Boheman_Moody's announces completion of a periodic review of ratings of Volvofinans Bank AB",
        "ratingCommitteeDate": null,
        "ratingOffice": "128",
        "ratingReleaseDate": "2020-09-23 13:09:45.99",
        "releaseDate": "2020-09-23 13:09:46.0",
        "lobname": "FIG",
        "sublobname": "Banking",
        "region": "Europe",
        "leadAnalystID": "7742",
        "leadAnalystName": "Erik Niclas Boheman",
        "leadAnalystUniqueId": "bohemane",
        "analystEmail": "Niclas.Boheman@moodys.com",
        "analystLocation": "Stockholm- Norrlandsgatan 20",
        "approverID": null,
        "approverName": " ",
        "officeName": "Moody's Investors Service (Nordics) AB",
        "documentExceptionListingInd": "Y",
        "announcementInd": "Y",
        "automaticRating": "Yes",
        "definitiveRatingPrevProvisional": "No",
        "indicativeRatingInd": "N",
        "definitiveRatingInd": null,
        "linkedAnotherActionInd": "No",
        "privateRatingActionInd": "",
        "provisionalRatingInd": "N",
        "secondaryactionind": "No",
        "subsequentRatingInd": "",
        "contactPersonId": null,
        "complianceType": "CAMS",
        "complianceID": "",
        "ratingShellId": null,
        "ratingShellDS": null,
        "workItemStatus": null,
        "workItemType": null,
        "workItemSubType": null,
        "workItemReleaseDtm": null,
        "pressReleaseId": null,
        "securityClassNm": null,
        "shadowCd": null,
        "pressReleaseType": null,
        "pyrRatingType": null,
        "pacrEmail": null,
        "pacr": null,
        "chairEmail": null,
        "chair": null,
        "addendum": null,
        "addendumEmail": null
    },
    {
        "sourceSystem": "ACCURATE",
        "orgId": null,
        "ratingActionDesc": null,
        "ratingActionID": "3445315",
        "ratingActionName": "1_PRO_FIG - Nordic & Baltic Banks_Nondas Nicolaides_Moody's announces completion of a periodic review of ratings of Fana Sparebank",
        "ratingCommitteeDate": null,
        "ratingOffice": "82",
        "ratingReleaseDate": "2020-09-24 11:06:58.563",
        "releaseDate": "2020-09-24 11:06:58.57",
        "lobname": "FIG",
        "sublobname": "Banking",
        "region": "Europe",
        "leadAnalystID": "1383",
        "leadAnalystName": "Nondas Nicolaides",
        "leadAnalystUniqueId": "nicolain",
        "analystEmail": "Nondas.Nicolaides@moodys.com",
        "analystLocation": "Limassol - MIS Cyprus Limited",
        "approverID": null,
        "approverName": " ",
        "officeName": "Moody's Investors Service Cyprus Ltd.",
        "documentExceptionListingInd": "Y",
        "announcementInd": "Y",
        "automaticRating": "Yes",
        "definitiveRatingPrevProvisional": "No",
        "indicativeRatingInd": "N",
        "definitiveRatingInd": null,
        "linkedAnotherActionInd": "No",
        "privateRatingActionInd": "",
        "provisionalRatingInd": "N",
        "secondaryactionind": "No",
        "subsequentRatingInd": "",
        "contactPersonId": null,
        "complianceType": "CAMS",
        "complianceID": "",
        "ratingShellId": null,
        "ratingShellDS": null,
        "workItemStatus": null,
        "workItemType": null,
        "workItemSubType": null,
        "workItemReleaseDtm": null,
        "pressReleaseId": null,
        "securityClassNm": null,
        "shadowCd": null,
        "pressReleaseType": null,
        "pyrRatingType": null,
        "pacrEmail": null,
        "pacr": null,
        "chairEmail": null,
        "chair": null,
        "addendum": null,
        "addendumEmail": null
    },
    {
        "sourceSystem": "ACCURATE",
        "orgId": null,
        "ratingActionDesc": null,
        "ratingActionID": "3445319",
        "ratingActionName": "1_PRO_FIG - Nordic & Baltic Banks_Nondas Nicolaides_Moody's announces completion of a periodic review of ratings of SpareBank 1 Boligkreditt AS",
        "ratingCommitteeDate": null,
        "ratingOffice": "82",
        "ratingReleaseDate": "2020-09-24 11:06:54.35",
        "releaseDate": "2020-09-24 11:06:54.356",
        "lobname": "FIG",
        "sublobname": "Banking",
        "region": "Europe",
        "leadAnalystID": "1383",
        "leadAnalystName": "Nondas Nicolaides",
        "leadAnalystUniqueId": "nicolain",
        "analystEmail": "Nondas.Nicolaides@moodys.com",
        "analystLocation": "Limassol - MIS Cyprus Limited",
        "approverID": null,
        "approverName": " ",
        "officeName": "Moody's Investors Service Cyprus Ltd.",
        "documentExceptionListingInd": "Y",
        "announcementInd": "Y",
        "automaticRating": "Yes",
        "definitiveRatingPrevProvisional": "No",
        "indicativeRatingInd": "N",
        "definitiveRatingInd": null,
        "linkedAnotherActionInd": "No",
        "privateRatingActionInd": "",
        "provisionalRatingInd": "N",
        "secondaryactionind": "No",
        "subsequentRatingInd": "",
        "contactPersonId": null,
        "complianceType": "CAMS",
        "complianceID": "",
        "ratingShellId": null,
        "ratingShellDS": null,
        "workItemStatus": null,
        "workItemType": null,
        "workItemSubType": null,
        "workItemReleaseDtm": null,
        "pressReleaseId": null,
        "securityClassNm": null,
        "shadowCd": null,
        "pressReleaseType": null,
        "pyrRatingType": null,
        "pacrEmail": null,
        "pacr": null,
        "chairEmail": null,
        "chair": null,
        "addendum": null,
        "addendumEmail": null
    },
    {
        "sourceSystem": "ACCURATE",
        "orgId": null,
        "ratingActionDesc": null,
        "ratingActionID": "3445331",
        "ratingActionName": "1_PRO_FIG - Nordic & Baltic Banks_Nondas Nicolaides_Moody's announces completion of a periodic review of ratings of SpareBank 1 Nord-Norge",
        "ratingCommitteeDate": null,
        "ratingOffice": "82",
        "ratingReleaseDate": "2020-09-24 19:06:03.836",
        "releaseDate": "2020-09-24 19:06:03.843",
        "lobname": "FIG",
        "sublobname": "Banking",
        "region": "Europe",
        "leadAnalystID": "1383",
        "leadAnalystName": "Nondas Nicolaides",
        "leadAnalystUniqueId": "nicolain",
        "analystEmail": "Nondas.Nicolaides@moodys.com",
        "analystLocation": "Limassol - MIS Cyprus Limited",
        "approverID": null,
        "approverName": " ",
        "officeName": "Moody's Investors Service Cyprus Ltd.",
        "documentExceptionListingInd": "Y",
        "announcementInd": "Y",
        "automaticRating": "Yes",
        "definitiveRatingPrevProvisional": "No",
        "indicativeRatingInd": "N",
        "definitiveRatingInd": null,
        "linkedAnotherActionInd": "No",
        "privateRatingActionInd": "",
        "provisionalRatingInd": "N",
        "secondaryactionind": "No",
        "subsequentRatingInd": "",
        "contactPersonId": null,
        "complianceType": "CAMS",
        "complianceID": "",
        "ratingShellId": null,
        "ratingShellDS": null,
        "workItemStatus": null,
        "workItemType": null,
        "workItemSubType": null,
        "workItemReleaseDtm": null,
        "pressReleaseId": null,
        "securityClassNm": null,
        "shadowCd": null,
        "pressReleaseType": null,
        "pyrRatingType": null,
        "pacrEmail": null,
        "pacr": null,
        "chairEmail": null,
        "chair": null,
        "addendum": null,
        "addendumEmail": null
    },
    {
        "sourceSystem": "ACCURATE",
        "orgId": null,
        "ratingActionDesc": null,
        "ratingActionID": "3445333",
        "ratingActionName": "1_PRO_FIG - Nordic & Baltic Banks_Nondas Nicolaides_Moody's announces completion of a periodic review of ratings of SpareBank 1 Ostlandet",
        "ratingCommitteeDate": null,
        "ratingOffice": "82",
        "ratingReleaseDate": "2020-09-24 11:06:50.936",
        "releaseDate": "2020-09-24 11:06:50.943",
        "lobname": "FIG",
        "sublobname": "Banking",
        "region": "Europe",
        "leadAnalystID": "1383",
        "leadAnalystName": "Nondas Nicolaides",
        "leadAnalystUniqueId": "nicolain",
        "analystEmail": "Nondas.Nicolaides@moodys.com",
        "analystLocation": "Limassol - MIS Cyprus Limited",
        "approverID": null,
        "approverName": " ",
        "officeName": "Moody's Investors Service Cyprus Ltd.",
        "documentExceptionListingInd": "Y",
        "announcementInd": "Y",
        "automaticRating": "Yes",
        "definitiveRatingPrevProvisional": "No",
        "indicativeRatingInd": "N",
        "definitiveRatingInd": null,
        "linkedAnotherActionInd": "No",
        "privateRatingActionInd": "",
        "provisionalRatingInd": "N",
        "secondaryactionind": "No",
        "subsequentRatingInd": "",
        "contactPersonId": null,
        "complianceType": "CAMS",
        "complianceID": "",
        "ratingShellId": null,
        "ratingShellDS": null,
        "workItemStatus": null,
        "workItemType": null,
        "workItemSubType": null,
        "workItemReleaseDtm": null,
        "pressReleaseId": null,
        "securityClassNm": null,
        "shadowCd": null,
        "pressReleaseType": null,
        "pyrRatingType": null,
        "pacrEmail": null,
        "pacr": null,
        "chairEmail": null,
        "chair": null,
        "addendum": null,
        "addendumEmail": null
    },
    {
        "sourceSystem": "ACCURATE",
        "orgId": null,
        "ratingActionDesc": null,
        "ratingActionID": "3445337",
        "ratingActionName": "1_PRO_FIG - Nordic & Baltic Banks_Nondas Nicolaides_Moody's announces completion of a periodic review of ratings of SpareBank 1 SMN",
        "ratingCommitteeDate": null,
        "ratingOffice": "82",
        "ratingReleaseDate": "2020-09-24 11:06:47.28",
        "releaseDate": "2020-09-24 11:06:47.29",
        "lobname": "FIG",
        "sublobname": "Banking",
        "region": "Europe",
        "leadAnalystID": "1383",
        "leadAnalystName": "Nondas Nicolaides",
        "leadAnalystUniqueId": "nicolain",
        "analystEmail": "Nondas.Nicolaides@moodys.com",
        "analystLocation": "Limassol - MIS Cyprus Limited",
        "approverID": null,
        "approverName": " ",
        "officeName": "Moody's Investors Service Cyprus Ltd.",
        "documentExceptionListingInd": "Y",
        "announcementInd": "Y",
        "automaticRating": "Yes",
        "definitiveRatingPrevProvisional": "No",
        "indicativeRatingInd": "N",
        "definitiveRatingInd": null,
        "linkedAnotherActionInd": "No",
        "privateRatingActionInd": "",
        "provisionalRatingInd": "N",
        "secondaryactionind": "No",
        "subsequentRatingInd": "",
        "contactPersonId": null,
        "complianceType": "CAMS",
        "complianceID": "",
        "ratingShellId": null,
        "ratingShellDS": null,
        "workItemStatus": null,
        "workItemType": null,
        "workItemSubType": null,
        "workItemReleaseDtm": null,
        "pressReleaseId": null,
        "securityClassNm": null,
        "shadowCd": null,
        "pressReleaseType": null,
        "pyrRatingType": null,
        "pacrEmail": null,
        "pacr": null,
        "chairEmail": null,
        "chair": null,
        "addendum": null,
        "addendumEmail": null
    },
    {
        "sourceSystem": "ACCURATE",
        "orgId": null,
        "ratingActionDesc": null,
        "ratingActionID": "3445341",
        "ratingActionName": "1_PRO_FIG - Nordic & Baltic Banks_Nondas Nicolaides_Moody's announces completion of a periodic review of ratings of SpareBank 1 SR-Bank ASA",
        "ratingCommitteeDate": null,
        "ratingOffice": "82",
        "ratingReleaseDate": "2020-09-24 11:06:42.95",
        "releaseDate": "2020-09-24 11:06:42.976",
        "lobname": "FIG",
        "sublobname": "Banking",
        "region": "Europe",
        "leadAnalystID": "1383",
        "leadAnalystName": "Nondas Nicolaides",
        "leadAnalystUniqueId": "nicolain",
        "analystEmail": "Nondas.Nicolaides@moodys.com",
        "analystLocation": "Limassol - MIS Cyprus Limited",
        "approverID": null,
        "approverName": " ",
        "officeName": "Moody's Investors Service Cyprus Ltd.",
        "documentExceptionListingInd": "Y",
        "announcementInd": "Y",
        "automaticRating": "Yes",
        "definitiveRatingPrevProvisional": "No",
        "indicativeRatingInd": "N",
        "definitiveRatingInd": null,
        "linkedAnotherActionInd": "No",
        "privateRatingActionInd": "",
        "provisionalRatingInd": "N",
        "secondaryactionind": "No",
        "subsequentRatingInd": "",
        "contactPersonId": null,
        "complianceType": "CAMS",
        "complianceID": "",
        "ratingShellId": null,
        "ratingShellDS": null,
        "workItemStatus": null,
        "workItemType": null,
        "workItemSubType": null,
        "workItemReleaseDtm": null,
        "pressReleaseId": null,
        "securityClassNm": null,
        "shadowCd": null,
        "pressReleaseType": null,
        "pyrRatingType": null,
        "pacrEmail": null,
        "pacr": null,
        "chairEmail": null,
        "chair": null,
        "addendum": null,
        "addendumEmail": null
    },
    {
        "sourceSystem": "ACCURATE",
        "orgId": null,
        "ratingActionDesc": null,
        "ratingActionID": "3445343",
        "ratingActionName": "1_PRO_FIG - Nordic & Baltic Banks_Nondas Nicolaides_Moody's announces completion of a periodic review of ratings of Sparebanken More",
        "ratingCommitteeDate": null,
        "ratingOffice": "82",
        "ratingReleaseDate": "2020-09-24 11:15:29.353",
        "releaseDate": "2020-09-24 11:15:29.363",
        "lobname": "FIG",
        "sublobname": "Banking",
        "region": "Europe",
        "leadAnalystID": "1383",
        "leadAnalystName": "Nondas Nicolaides",
        "leadAnalystUniqueId": "nicolain",
        "analystEmail": "Nondas.Nicolaides@moodys.com",
        "analystLocation": "Limassol - MIS Cyprus Limited",
        "approverID": null,
        "approverName": " ",
        "officeName": "Moody's Investors Service Cyprus Ltd.",
        "documentExceptionListingInd": "Y",
        "announcementInd": "Y",
        "automaticRating": "Yes",
        "definitiveRatingPrevProvisional": "No",
        "indicativeRatingInd": "N",
        "definitiveRatingInd": null,
        "linkedAnotherActionInd": "No",
        "privateRatingActionInd": "",
        "provisionalRatingInd": "N",
        "secondaryactionind": "No",
        "subsequentRatingInd": "",
        "contactPersonId": null,
        "complianceType": "CAMS",
        "complianceID": "",
        "ratingShellId": null,
        "ratingShellDS": null,
        "workItemStatus": null,
        "workItemType": null,
        "workItemSubType": null,
        "workItemReleaseDtm": null,
        "pressReleaseId": null,
        "securityClassNm": null,
        "shadowCd": null,
        "pressReleaseType": null,
        "pyrRatingType": null,
        "pacrEmail": null,
        "pacr": null,
        "chairEmail": null,
        "chair": null,
        "addendum": null,
        "addendumEmail": null
    },
    {
        "sourceSystem": "ACCURATE",
        "orgId": null,
        "ratingActionDesc": null,
        "ratingActionID": "3445347",
        "ratingActionName": "1_PRO_FIG - Nordic & Baltic Banks_Nondas Nicolaides_Moody's announces completion of a periodic review of ratings of Sparebanken Oest",
        "ratingCommitteeDate": null,
        "ratingOffice": "82",
        "ratingReleaseDate": "2020-09-24 11:57:06.84",
        "releaseDate": "2020-09-24 11:57:06.846",
        "lobname": "FIG",
        "sublobname": "Banking",
        "region": "Europe",
        "leadAnalystID": "1383",
        "leadAnalystName": "Nondas Nicolaides",
        "leadAnalystUniqueId": "nicolain",
        "analystEmail": "Nondas.Nicolaides@moodys.com",
        "analystLocation": "Limassol - MIS Cyprus Limited",
        "approverID": null,
        "approverName": " ",
        "officeName": "Moody's Investors Service Cyprus Ltd.",
        "documentExceptionListingInd": "Y",
        "announcementInd": "Y",
        "automaticRating": "Yes",
        "definitiveRatingPrevProvisional": "No",
        "indicativeRatingInd": "N",
        "definitiveRatingInd": null,
        "linkedAnotherActionInd": "No",
        "privateRatingActionInd": "",
        "provisionalRatingInd": "N",
        "secondaryactionind": "No",
        "subsequentRatingInd": "",
        "contactPersonId": null,
        "complianceType": "CAMS",
        "complianceID": "",
        "ratingShellId": null,
        "ratingShellDS": null,
        "workItemStatus": null,
        "workItemType": null,
        "workItemSubType": null,
        "workItemReleaseDtm": null,
        "pressReleaseId": null,
        "securityClassNm": null,
        "shadowCd": null,
        "pressReleaseType": null,
        "pyrRatingType": null,
        "pacrEmail": null,
        "pacr": null,
        "chairEmail": null,
        "chair": null,
        "addendum": null,
        "addendumEmail": null
    },
    {
        "sourceSystem": "ACCURATE",
        "orgId": null,
        "ratingActionDesc": null,
        "ratingActionID": "3445349",
        "ratingActionName": "1_PRO_FIG - Nordic & Baltic Banks_Nondas Nicolaides_Moody's announces completion of a periodic review of ratings of Sparebanken Sogn og Fjordane",
        "ratingCommitteeDate": null,
        "ratingOffice": "82",
        "ratingReleaseDate": "2020-09-24 11:15:25.55",
        "releaseDate": "2020-09-24 11:15:25.556",
        "lobname": "FIG",
        "sublobname": "Banking",
        "region": "Europe",
        "leadAnalystID": "1383",
        "leadAnalystName": "Nondas Nicolaides",
        "leadAnalystUniqueId": "nicolain",
        "analystEmail": "Nondas.Nicolaides@moodys.com",
        "analystLocation": "Limassol - MIS Cyprus Limited",
        "approverID": null,
        "approverName": " ",
        "officeName": "Moody's Investors Service Cyprus Ltd.",
        "documentExceptionListingInd": "Y",
        "announcementInd": "Y",
        "automaticRating": "Yes",
        "definitiveRatingPrevProvisional": "No",
        "indicativeRatingInd": "N",
        "definitiveRatingInd": null,
        "linkedAnotherActionInd": "No",
        "privateRatingActionInd": "",
        "provisionalRatingInd": "N",
        "secondaryactionind": "No",
        "subsequentRatingInd": "",
        "contactPersonId": null,
        "complianceType": "CAMS",
        "complianceID": "",
        "ratingShellId": null,
        "ratingShellDS": null,
        "workItemStatus": null,
        "workItemType": null,
        "workItemSubType": null,
        "workItemReleaseDtm": null,
        "pressReleaseId": null,
        "securityClassNm": null,
        "shadowCd": null,
        "pressReleaseType": null,
        "pyrRatingType": null,
        "pacrEmail": null,
        "pacr": null,
        "chairEmail": null,
        "chair": null,
        "addendum": null,
        "addendumEmail": null
    },
    {
        "sourceSystem": "ACCURATE",
        "orgId": null,
        "ratingActionDesc": null,
        "ratingActionID": "3445352",
        "ratingActionName": "1_PRO_FIG - Nordic & Baltic Banks_Nondas Nicolaides_Moody's announces completion of a periodic review of ratings of Sparebanken Sor",
        "ratingCommitteeDate": null,
        "ratingOffice": "82",
        "ratingReleaseDate": "2020-09-24 11:15:20.53",
        "releaseDate": "2020-09-24 11:15:20.536",
        "lobname": "FIG",
        "sublobname": "Banking",
        "region": "Europe",
        "leadAnalystID": "1383",
        "leadAnalystName": "Nondas Nicolaides",
        "leadAnalystUniqueId": "nicolain",
        "analystEmail": "Nondas.Nicolaides@moodys.com",
        "analystLocation": "Limassol - MIS Cyprus Limited",
        "approverID": null,
        "approverName": " ",
        "officeName": "Moody's Investors Service Cyprus Ltd.",
        "documentExceptionListingInd": "Y",
        "announcementInd": "Y",
        "automaticRating": "Yes",
        "definitiveRatingPrevProvisional": "No",
        "indicativeRatingInd": "N",
        "definitiveRatingInd": null,
        "linkedAnotherActionInd": "No",
        "privateRatingActionInd": "",
        "provisionalRatingInd": "N",
        "secondaryactionind": "No",
        "subsequentRatingInd": "",
        "contactPersonId": null,
        "complianceType": "CAMS",
        "complianceID": "",
        "ratingShellId": null,
        "ratingShellDS": null,
        "workItemStatus": null,
        "workItemType": null,
        "workItemSubType": null,
        "workItemReleaseDtm": null,
        "pressReleaseId": null,
        "securityClassNm": null,
        "shadowCd": null,
        "pressReleaseType": null,
        "pyrRatingType": null,
        "pacrEmail": null,
        "pacr": null,
        "chairEmail": null,
        "chair": null,
        "addendum": null,
        "addendumEmail": null
    },
    {
        "sourceSystem": "ACCURATE",
        "orgId": null,
        "ratingActionDesc": null,
        "ratingActionID": "3445354",
        "ratingActionName": "1_PRO_FIG - Nordic & Baltic Banks_Nondas Nicolaides_Moody's announces completion of a periodic review of ratings of Sparebanken Vest",
        "ratingCommitteeDate": null,
        "ratingOffice": "82",
        "ratingReleaseDate": "2020-09-24 11:15:16.553",
        "releaseDate": "2020-09-24 11:15:16.56",
        "lobname": "FIG",
        "sublobname": "Banking",
        "region": "Europe",
        "leadAnalystID": "1383",
        "leadAnalystName": "Nondas Nicolaides",
        "leadAnalystUniqueId": "nicolain",
        "analystEmail": "Nondas.Nicolaides@moodys.com",
        "analystLocation": "Limassol - MIS Cyprus Limited",
        "approverID": null,
        "approverName": " ",
        "officeName": "Moody's Investors Service Cyprus Ltd.",
        "documentExceptionListingInd": "Y",
        "announcementInd": "Y",
        "automaticRating": "Yes",
        "definitiveRatingPrevProvisional": "No",
        "indicativeRatingInd": "N",
        "definitiveRatingInd": null,
        "linkedAnotherActionInd": "No",
        "privateRatingActionInd": "",
        "provisionalRatingInd": "N",
        "secondaryactionind": "No",
        "subsequentRatingInd": "",
        "contactPersonId": null,
        "complianceType": "CAMS",
        "complianceID": "",
        "ratingShellId": null,
        "ratingShellDS": null,
        "workItemStatus": null,
        "workItemType": null,
        "workItemSubType": null,
        "workItemReleaseDtm": null,
        "pressReleaseId": null,
        "securityClassNm": null,
        "shadowCd": null,
        "pressReleaseType": null,
        "pyrRatingType": null,
        "pacrEmail": null,
        "pacr": null,
        "chairEmail": null,
        "chair": null,
        "addendum": null,
        "addendumEmail": null
    },
    {
        "sourceSystem": "ACCURATE",
        "orgId": null,
        "ratingActionDesc": null,
        "ratingActionID": "3445368",
        "ratingActionName": "1_PRO_FIG - Nordic & Baltic Banks_Niclas Boheman_Moody's announces completion of a periodic review of ratings of AS Coop Pank",
        "ratingCommitteeDate": null,
        "ratingOffice": "128",
        "ratingReleaseDate": "2020-09-23 13:28:41.786",
        "releaseDate": "2020-09-23 13:28:41.79",
        "lobname": "FIG",
        "sublobname": "Banking",
        "region": "Europe",
        "leadAnalystID": "7742",
        "leadAnalystName": "Erik Niclas Boheman",
        "leadAnalystUniqueId": "bohemane",
        "analystEmail": "Niclas.Boheman@moodys.com",
        "analystLocation": "Stockholm- Norrlandsgatan 20",
        "approverID": null,
        "approverName": " ",
        "officeName": "Moody's Investors Service (Nordics) AB",
        "documentExceptionListingInd": "Y",
        "announcementInd": "Y",
        "automaticRating": "Yes",
        "definitiveRatingPrevProvisional": "No",
        "indicativeRatingInd": "N",
        "definitiveRatingInd": null,
        "linkedAnotherActionInd": "No",
        "privateRatingActionInd": "",
        "provisionalRatingInd": "N",
        "secondaryactionind": "No",
        "subsequentRatingInd": "",
        "contactPersonId": null,
        "complianceType": "CAMS",
        "complianceID": "",
        "ratingShellId": null,
        "ratingShellDS": null,
        "workItemStatus": null,
        "workItemType": null,
        "workItemSubType": null,
        "workItemReleaseDtm": null,
        "pressReleaseId": null,
        "securityClassNm": null,
        "shadowCd": null,
        "pressReleaseType": null,
        "pyrRatingType": null,
        "pacrEmail": null,
        "pacr": null,
        "chairEmail": null,
        "chair": null,
        "addendum": null,
        "addendumEmail": null
    },
    {
        "sourceSystem": "ACCURATE",
        "orgId": null,
        "ratingActionDesc": "MaxLinear, Inc.",
        "ratingActionID": "3445566",
        "ratingActionName": "MaxLinear, Inc.",
        "ratingCommitteeDate": null,
        "ratingOffice": "51",
        "ratingReleaseDate": "2020-09-23 14:15:41.0",
        "releaseDate": "2020-09-23 14:15:47.893",
        "lobname": "CFG",
        "sublobname": "CFG_NY-4",
        "region": "U.S.A. & Canada",
        "leadAnalystID": "6797",
        "leadAnalystName": "John Dennehy",
        "leadAnalystUniqueId": "dennehyj",
        "analystEmail": "John.Dennehy@moodys.com",
        "analystLocation": "New York - 7 World Trade Center",
        "approverID": null,
        "approverName": " ",
        "officeName": "Moody's Investors Service, Inc.",
        "documentExceptionListingInd": "Y",
        "announcementInd": "",
        "automaticRating": "Yes",
        "definitiveRatingPrevProvisional": "No",
        "indicativeRatingInd": "N",
        "definitiveRatingInd": null,
        "linkedAnotherActionInd": "No",
        "privateRatingActionInd": "N",
        "provisionalRatingInd": "N",
        "secondaryactionind": "No",
        "subsequentRatingInd": "Y",
        "contactPersonId": null,
        "complianceType": "CAMS",
        "complianceID": "",
        "ratingShellId": null,
        "ratingShellDS": null,
        "workItemStatus": null,
        "workItemType": null,
        "workItemSubType": null,
        "workItemReleaseDtm": null,
        "pressReleaseId": null,
        "securityClassNm": null,
        "shadowCd": null,
        "pressReleaseType": null,
        "pyrRatingType": null,
        "pacrEmail": null,
        "pacr": null,
        "chairEmail": null,
        "chair": null,
        "addendum": null,
        "addendumEmail": null
    },
    {
        "sourceSystem": "ACCURATE",
        "orgId": null,
        "ratingActionDesc": "Equinix, Inc.",
        "ratingActionID": "3445581",
        "ratingActionName": "Equinix, Inc.",
        "ratingCommitteeDate": null,
        "ratingOffice": "51",
        "ratingReleaseDate": "2020-09-23 11:49:20.0",
        "releaseDate": "2020-09-23 11:49:25.753",
        "lobname": "CFG",
        "sublobname": "CFG_NY-4",
        "region": "U.S.A. & Canada",
        "leadAnalystID": "7783",
        "leadAnalystName": "Cornelius Mack",
        "leadAnalystUniqueId": "mackn",
        "analystEmail": "Neil.Mack@moodys.com",
        "analystLocation": "New York - 7 World Trade Center",
        "approverID": null,
        "approverName": " ",
        "officeName": "Moody's Investors Service, Inc.",
        "documentExceptionListingInd": "Y",
        "announcementInd": "",
        "automaticRating": "Yes",
        "definitiveRatingPrevProvisional": "No",
        "indicativeRatingInd": "N",
        "definitiveRatingInd": null,
        "linkedAnotherActionInd": "No",
        "privateRatingActionInd": "N",
        "provisionalRatingInd": "N",
        "secondaryactionind": "No",
        "subsequentRatingInd": "Y",
        "contactPersonId": null,
        "complianceType": "CAMS",
        "complianceID": "",
        "ratingShellId": null,
        "ratingShellDS": null,
        "workItemStatus": null,
        "workItemType": null,
        "workItemSubType": null,
        "workItemReleaseDtm": null,
        "pressReleaseId": null,
        "securityClassNm": null,
        "shadowCd": null,
        "pressReleaseType": null,
        "pyrRatingType": null,
        "pacrEmail": null,
        "pacr": null,
        "chairEmail": null,
        "chair": null,
        "addendum": null,
        "addendumEmail": null
    },
    {
        "sourceSystem": "ACCURATE",
        "orgId": null,
        "ratingActionDesc": " Arkansas Development Finance Authority, Multifamily Housing Revenue Bonds (Briarwood Apartments Project), Series 2020, $10MM",
        "ratingActionID": "3445603",
        "ratingActionName": " Arkansas Development Finance Authority, Multifamily Housing Revenue Bonds (Briarwood Apartments Project), Series 2020, $10MM",
        "ratingCommitteeDate": "2020-09-23 00:00:00.0",
        "ratingOffice": "51",
        "ratingReleaseDate": "2020-09-23 16:59:21.033",
        "releaseDate": "2020-09-23 16:59:21.04",
        "lobname": "PPIF",
        "sublobname": "Housing",
        "region": "U.S.A. & Canada",
        "leadAnalystID": "6305",
        "leadAnalystName": "Thomas Song",
        "leadAnalystUniqueId": "songt",
        "analystEmail": "Thomas.Song@moodys.com",
        "analystLocation": "New York - 7 World Trade Center",
        "approverID": null,
        "approverName": " ",
        "officeName": "Moody's Investors Service, Inc.",
        "documentExceptionListingInd": "",
        "announcementInd": "",
        "automaticRating": "No",
        "definitiveRatingPrevProvisional": "No",
        "indicativeRatingInd": "N",
        "definitiveRatingInd": null,
        "linkedAnotherActionInd": "No",
        "privateRatingActionInd": "N",
        "provisionalRatingInd": "N",
        "secondaryactionind": "No",
        "subsequentRatingInd": "N",
        "contactPersonId": null,
        "complianceType": "CAMS",
        "complianceID": "104245",
        "ratingShellId": null,
        "ratingShellDS": null,
        "workItemStatus": null,
        "workItemType": null,
        "workItemSubType": null,
        "workItemReleaseDtm": null,
        "pressReleaseId": null,
        "securityClassNm": null,
        "shadowCd": null,
        "pressReleaseType": null,
        "pyrRatingType": null,
        "pacrEmail": "David.Parsons@moodys.com",
        "pacr": "David Parsons",
        "chairEmail": "David.Parsons@moodys.com",
        "chair": "David Parsons",
        "addendum": "Thomas Song ",
        "addendumEmail": "SongT@moodys.com"
    },
    {
        "sourceSystem": "ACCURATE",
        "orgId": null,
        "ratingActionDesc": "North American Development Bank",
        "ratingActionID": "3445682",
        "ratingActionName": "North American Development Bank",
        "ratingCommitteeDate": "2020-09-21 00:00:00.0",
        "ratingOffice": "51",
        "ratingReleaseDate": "2020-09-24 17:29:46.0",
        "releaseDate": "2020-09-24 17:29:52.513",
        "lobname": "SOV",
        "sublobname": "Sovereign",
        "region": "U.S.A. & Canada",
        "leadAnalystID": "7229",
        "leadAnalystName": "Ariane Ortiz-Bollin",
        "leadAnalystUniqueId": "bollina",
        "analystEmail": "Ariane.Ortiz-Bollin@moodys.com",
        "analystLocation": "New York - 7 World Trade Center",
        "approverID": "29012211",
        "approverName": "Ariane Ortiz-Bollin",
        "officeName": "Moody's Investors Service, Inc.",
        "documentExceptionListingInd": "",
        "announcementInd": "",
        "automaticRating": "No",
        "definitiveRatingPrevProvisional": "No",
        "indicativeRatingInd": "N",
        "definitiveRatingInd": null,
        "linkedAnotherActionInd": "No",
        "privateRatingActionInd": "N",
        "provisionalRatingInd": "N",
        "secondaryactionind": "No",
        "subsequentRatingInd": "N",
        "contactPersonId": null,
        "complianceType": "CAMS",
        "complianceID": "104028",
        "ratingShellId": null,
        "ratingShellDS": null,
        "workItemStatus": null,
        "workItemType": null,
        "workItemSubType": null,
        "workItemReleaseDtm": null,
        "pressReleaseId": null,
        "securityClassNm": null,
        "shadowCd": null,
        "pressReleaseType": null,
        "pyrRatingType": null,
        "pacrEmail": "Yves.Lemay@moodys.com",
        "pacr": "Yves Lemay",
        "chairEmail": "Kathrin.Muehlbronner@moodys.com",
        "chair": "Kathrin Muehlbronner",
        "addendum": "Fernando Freijedo ",
        "addendumEmail": "FreijedF@moodys.com"
    },
    {
        "sourceSystem": "ACCURATE",
        "orgId": null,
        "ratingActionDesc": "Tamaulipas, State of",
        "ratingActionID": "3446178",
        "ratingActionName": "Tamaulipas, State of",
        "ratingCommitteeDate": "2020-09-24 00:00:00.0",
        "ratingOffice": "99",
        "ratingReleaseDate": "2020-09-25 18:04:48.0",
        "releaseDate": "2020-09-25 18:04:53.533",
        "lobname": "SOV",
        "sublobname": "Sub-Sovereign",
        "region": "Americas",
        "leadAnalystID": "7821",
        "leadAnalystName": "Matthew Walter",
        "leadAnalystUniqueId": "walterm",
        "analystEmail": "Matthew.Walter@moodys.com",
        "analystLocation": "Mexico City - Moody's de Mexico, SA de CV",
        "approverID": "29018769",
        "approverName": "Matthew Walter",
        "officeName": "Moody's de Mexico S.A. de C.V",
        "documentExceptionListingInd": "",
        "announcementInd": "",
        "automaticRating": "No",
        "definitiveRatingPrevProvisional": "No",
        "indicativeRatingInd": "N",
        "definitiveRatingInd": null,
        "linkedAnotherActionInd": "No",
        "privateRatingActionInd": "N",
        "provisionalRatingInd": "N",
        "secondaryactionind": "No",
        "subsequentRatingInd": "N",
        "contactPersonId": null,
        "complianceType": "CAMS",
        "complianceID": "103763",
        "ratingShellId": null,
        "ratingShellDS": null,
        "workItemStatus": null,
        "workItemType": null,
        "workItemSubType": null,
        "workItemReleaseDtm": null,
        "pressReleaseId": null,
        "securityClassNm": null,
        "shadowCd": null,
        "pressReleaseType": null,
        "pyrRatingType": null,
        "pacrEmail": "Yves.Lemay@moodys.com",
        "pacr": "Yves Lemay",
        "chairEmail": "Alejandro.Olivo@moodys.com",
        "chair": "Alejandro Olivo Villa",
        "addendum": "Diego Echeverria ",
        "addendumEmail": "EcheverD@moodys.com"
    },
    {
        "sourceSystem": "ACCURATE",
        "orgId": null,
        "ratingActionDesc": "CBAM 2017-4, Ltd.",
        "ratingActionID": "3446283",
        "ratingActionName": "CBAM 2017-4, Ltd.",
        "ratingCommitteeDate": "2020-09-18 00:00:00.0",
        "ratingOffice": "51",
        "ratingReleaseDate": "2020-09-23 18:52:00.0",
        "releaseDate": "2020-09-23 18:52:05.933",
        "lobname": "SFG",
        "sublobname": "Surv-COR-SC",
        "region": "U.S.A. & Canada",
        "leadAnalystID": "7724",
        "leadAnalystName": "Sam Spackman",
        "leadAnalystUniqueId": "spackmas",
        "analystEmail": "Sam.Spackman@moodys.com",
        "analystLocation": "New York - 7 World Trade Center",
        "approverID": null,
        "approverName": " ",
        "officeName": "Moody's Investors Service, Inc.",
        "documentExceptionListingInd": "",
        "announcementInd": "",
        "automaticRating": "No",
        "definitiveRatingPrevProvisional": "No",
        "indicativeRatingInd": "N",
        "definitiveRatingInd": null,
        "linkedAnotherActionInd": "No",
        "privateRatingActionInd": "N",
        "provisionalRatingInd": "N",
        "secondaryactionind": "No",
        "subsequentRatingInd": "N",
        "contactPersonId": null,
        "complianceType": "CAMS",
        "complianceID": "104064",
        "ratingShellId": null,
        "ratingShellDS": null,
        "workItemStatus": null,
        "workItemType": null,
        "workItemSubType": null,
        "workItemReleaseDtm": null,
        "pressReleaseId": null,
        "securityClassNm": null,
        "shadowCd": null,
        "pressReleaseType": null,
        "pyrRatingType": null,
        "pacrEmail": null,
        "pacr": null,
        "chairEmail": null,
        "chair": null,
        "addendum": "Sam Spackman ",
        "addendumEmail": "SpackmaS@moodys.com"
    },
    {
        "sourceSystem": "ACCURATE",
        "orgId": null,
        "ratingActionDesc": "CBAM 2018-6, Ltd.",
        "ratingActionID": "3446298",
        "ratingActionName": "CBAM 2018-6, Ltd.",
        "ratingCommitteeDate": "2020-09-18 00:00:00.0",
        "ratingOffice": "51",
        "ratingReleaseDate": "2020-09-23 19:15:26.0",
        "releaseDate": "2020-09-23 19:15:31.206",
        "lobname": "SFG",
        "sublobname": "Surv-COR-SC",
        "region": "U.S.A. & Canada",
        "leadAnalystID": "7724",
        "leadAnalystName": "Sam Spackman",
        "leadAnalystUniqueId": "spackmas",
        "analystEmail": "Sam.Spackman@moodys.com",
        "analystLocation": "New York - 7 World Trade Center",
        "approverID": null,
        "approverName": " ",
        "officeName": "Moody's Investors Service, Inc.",
        "documentExceptionListingInd": "",
        "announcementInd": "",
        "automaticRating": "No",
        "definitiveRatingPrevProvisional": "No",
        "indicativeRatingInd": "N",
        "definitiveRatingInd": null,
        "linkedAnotherActionInd": "No",
        "privateRatingActionInd": "N",
        "provisionalRatingInd": "N",
        "secondaryactionind": "No",
        "subsequentRatingInd": "N",
        "contactPersonId": null,
        "complianceType": "CAMS",
        "complianceID": "104066",
        "ratingShellId": null,
        "ratingShellDS": null,
        "workItemStatus": null,
        "workItemType": null,
        "workItemSubType": null,
        "workItemReleaseDtm": null,
        "pressReleaseId": null,
        "securityClassNm": null,
        "shadowCd": null,
        "pressReleaseType": null,
        "pyrRatingType": null,
        "pacrEmail": null,
        "pacr": null,
        "chairEmail": null,
        "chair": null,
        "addendum": "Sam Spackman ",
        "addendumEmail": "SpackmaS@moodys.com"
    },
    {
        "sourceSystem": "ACCURATE",
        "orgId": null,
        "ratingActionDesc": null,
        "ratingActionID": "3446334",
        "ratingActionName": "1_PRO_FIG - APAC Securities Companies_Tetsuya Yamamoto_Moody's announces completion of a periodic review of ratings of Daiwa Securities Group Inc.",
        "ratingCommitteeDate": null,
        "ratingOffice": "73",
        "ratingReleaseDate": "2020-09-25 11:16:59.18",
        "releaseDate": "2020-09-25 11:16:59.2",
        "lobname": "FIG",
        "sublobname": "Banking",
        "region": "Asia Pacific",
        "leadAnalystID": "6275",
        "leadAnalystName": "Tetsuya Yamamoto",
        "leadAnalystUniqueId": "yamamott",
        "analystEmail": "Tetsuya.Yamamoto@moodys.com",
        "analystLocation": "Tokyo - Atago Green Hills Mori Tower 20fl",
        "approverID": null,
        "approverName": " ",
        "officeName": "Moody's Japan K.K.",
        "documentExceptionListingInd": "Y",
        "announcementInd": "Y",
        "automaticRating": "Yes",
        "definitiveRatingPrevProvisional": "No",
        "indicativeRatingInd": "N",
        "definitiveRatingInd": null,
        "linkedAnotherActionInd": "No",
        "privateRatingActionInd": "",
        "provisionalRatingInd": "N",
        "secondaryactionind": "No",
        "subsequentRatingInd": "",
        "contactPersonId": null,
        "complianceType": "CAMS",
        "complianceID": "",
        "ratingShellId": null,
        "ratingShellDS": null,
        "workItemStatus": null,
        "workItemType": null,
        "workItemSubType": null,
        "workItemReleaseDtm": null,
        "pressReleaseId": null,
        "securityClassNm": null,
        "shadowCd": null,
        "pressReleaseType": null,
        "pyrRatingType": null,
        "pacrEmail": null,
        "pacr": null,
        "chairEmail": null,
        "chair": null,
        "addendum": null,
        "addendumEmail": null
    },
    {
        "sourceSystem": "ACCURATE",
        "orgId": null,
        "ratingActionDesc": null,
        "ratingActionID": "3446340",
        "ratingActionName": "1_PRO_FIG - APAC Securities Companies_Tetsuya Yamamoto_Moody's announces completion of a periodic review of ratings of Mizuho Securities Co., Ltd.",
        "ratingCommitteeDate": null,
        "ratingOffice": "73",
        "ratingReleaseDate": "2020-09-25 11:17:02.493",
        "releaseDate": "2020-09-25 11:17:02.5",
        "lobname": "FIG",
        "sublobname": "Banking",
        "region": "Asia Pacific",
        "leadAnalystID": "6275",
        "leadAnalystName": "Tetsuya Yamamoto",
        "leadAnalystUniqueId": "yamamott",
        "analystEmail": "Tetsuya.Yamamoto@moodys.com",
        "analystLocation": "Tokyo - Atago Green Hills Mori Tower 20fl",
        "approverID": null,
        "approverName": " ",
        "officeName": "Moody's Japan K.K.",
        "documentExceptionListingInd": "Y",
        "announcementInd": "Y",
        "automaticRating": "Yes",
        "definitiveRatingPrevProvisional": "No",
        "indicativeRatingInd": "N",
        "definitiveRatingInd": null,
        "linkedAnotherActionInd": "No",
        "privateRatingActionInd": "",
        "provisionalRatingInd": "N",
        "secondaryactionind": "No",
        "subsequentRatingInd": "",
        "contactPersonId": null,
        "complianceType": "CAMS",
        "complianceID": "",
        "ratingShellId": null,
        "ratingShellDS": null,
        "workItemStatus": null,
        "workItemType": null,
        "workItemSubType": null,
        "workItemReleaseDtm": null,
        "pressReleaseId": null,
        "securityClassNm": null,
        "shadowCd": null,
        "pressReleaseType": null,
        "pyrRatingType": null,
        "pacrEmail": null,
        "pacr": null,
        "chairEmail": null,
        "chair": null,
        "addendum": null,
        "addendumEmail": null
    },
    {
        "sourceSystem": "ACCURATE",
        "orgId": null,
        "ratingActionDesc": "GS Finance Corp.",
        "ratingActionID": "3446621",
        "ratingActionName": "GS Finance Corp.",
        "ratingCommitteeDate": null,
        "ratingOffice": "51",
        "ratingReleaseDate": "2020-09-25 14:17:28.0",
        "releaseDate": "2020-09-25 14:18:09.92",
        "lobname": "FIG",
        "sublobname": "Banking",
        "region": "U.S.A. & Canada",
        "leadAnalystID": "467",
        "leadAnalystName": "David Fanger",
        "leadAnalystUniqueId": "fangerd",
        "analystEmail": "David.Fanger@moodys.com",
        "analystLocation": "New York - 7 World Trade Center",
        "approverID": null,
        "approverName": " ",
        "officeName": "Moody's Investors Service, Inc.",
        "documentExceptionListingInd": "",
        "announcementInd": "",
        "automaticRating": "Yes",
        "definitiveRatingPrevProvisional": "No",
        "indicativeRatingInd": "N",
        "definitiveRatingInd": null,
        "linkedAnotherActionInd": "No",
        "privateRatingActionInd": "N",
        "provisionalRatingInd": "N",
        "secondaryactionind": "No",
        "subsequentRatingInd": "",
        "contactPersonId": null,
        "complianceType": "CAMS",
        "complianceID": "",
        "ratingShellId": null,
        "ratingShellDS": null,
        "workItemStatus": null,
        "workItemType": null,
        "workItemSubType": null,
        "workItemReleaseDtm": null,
        "pressReleaseId": null,
        "securityClassNm": null,
        "shadowCd": null,
        "pressReleaseType": null,
        "pyrRatingType": null,
        "pacrEmail": null,
        "pacr": null,
        "chairEmail": null,
        "chair": null,
        "addendum": null,
        "addendumEmail": null
    },
    {
        "sourceSystem": "ACCURATE",
        "orgId": null,
        "ratingActionDesc": "Royal Bank of Canada",
        "ratingActionID": "3446876",
        "ratingActionName": "Royal Bank of Canada",
        "ratingCommitteeDate": null,
        "ratingOffice": "71",
        "ratingReleaseDate": "2020-09-24 18:05:05.0",
        "releaseDate": "2020-09-24 18:05:36.713",
        "lobname": "FIG",
        "sublobname": "Banking",
        "region": "U.S.A. & Canada",
        "leadAnalystID": "6721",
        "leadAnalystName": "John Beattie",
        "leadAnalystUniqueId": "beattied",
        "analystEmail": "David.Beattie@moodys.com",
        "analystLocation": "Toronto - 70 York Street",
        "approverID": null,
        "approverName": " ",
        "officeName": "Moody's Canada Inc.",
        "documentExceptionListingInd": "",
        "announcementInd": "",
        "automaticRating": "Yes",
        "definitiveRatingPrevProvisional": "No",
        "indicativeRatingInd": "N",
        "definitiveRatingInd": null,
        "linkedAnotherActionInd": "No",
        "privateRatingActionInd": "N",
        "provisionalRatingInd": "N",
        "secondaryactionind": "No",
        "subsequentRatingInd": "",
        "contactPersonId": null,
        "complianceType": "CAMS",
        "complianceID": "",
        "ratingShellId": null,
        "ratingShellDS": null,
        "workItemStatus": null,
        "workItemType": null,
        "workItemSubType": null,
        "workItemReleaseDtm": null,
        "pressReleaseId": null,
        "securityClassNm": null,
        "shadowCd": null,
        "pressReleaseType": null,
        "pyrRatingType": null,
        "pacrEmail": null,
        "pacr": null,
        "chairEmail": null,
        "chair": null,
        "addendum": null,
        "addendumEmail": null
    },
    {
        "sourceSystem": "ACCURATE",
        "orgId": null,
        "ratingActionDesc": "Citigroup Global Markets Holdings Inc. - 46",
        "ratingActionID": "3446909",
        "ratingActionName": "Citigroup Global Markets Holdings Inc. - 46",
        "ratingCommitteeDate": null,
        "ratingOffice": "51",
        "ratingReleaseDate": "2020-09-23 10:22:00.0",
        "releaseDate": "2020-09-23 10:22:17.263",
        "lobname": "FIG",
        "sublobname": "Banking",
        "region": "U.S.A. & Canada",
        "leadAnalystID": "1217",
        "leadAnalystName": "Peter Nerby",
        "leadAnalystUniqueId": "nerbyp",
        "analystEmail": "Peter.Nerby@moodys.com",
        "analystLocation": "New York - 7 World Trade Center",
        "approverID": null,
        "approverName": " ",
        "officeName": "Moody's Investors Service, Inc.",
        "documentExceptionListingInd": "",
        "announcementInd": "",
        "automaticRating": "Yes",
        "definitiveRatingPrevProvisional": "No",
        "indicativeRatingInd": "N",
        "definitiveRatingInd": null,
        "linkedAnotherActionInd": "No",
        "privateRatingActionInd": "N",
        "provisionalRatingInd": "N",
        "secondaryactionind": "No",
        "subsequentRatingInd": "",
        "contactPersonId": null,
        "complianceType": "CAMS",
        "complianceID": "",
        "ratingShellId": null,
        "ratingShellDS": null,
        "workItemStatus": null,
        "workItemType": null,
        "workItemSubType": null,
        "workItemReleaseDtm": null,
        "pressReleaseId": null,
        "securityClassNm": null,
        "shadowCd": null,
        "pressReleaseType": null,
        "pyrRatingType": null,
        "pacrEmail": null,
        "pacr": null,
        "chairEmail": null,
        "chair": null,
        "addendum": null,
        "addendumEmail": null
    },
    {
        "sourceSystem": "ACCURATE",
        "orgId": null,
        "ratingActionDesc": "UBS AG, London Branch - 46",
        "ratingActionID": "3446933",
        "ratingActionName": "UBS AG, London Branch - 46",
        "ratingCommitteeDate": null,
        "ratingOffice": "41",
        "ratingReleaseDate": "2020-09-25 03:50:33.0",
        "releaseDate": "2020-09-25 03:50:51.723",
        "lobname": "FIG",
        "sublobname": "Banking",
        "region": "Europe",
        "leadAnalystID": "6878",
        "leadAnalystName": "Michael Rohr",
        "leadAnalystUniqueId": "rohrm",
        "analystEmail": "Michael.Rohr@moodys.com",
        "analystLocation": "Frankfurt - An der Welle 5",
        "approverID": null,
        "approverName": " ",
        "officeName": "Moody's Deutschland GmbH",
        "documentExceptionListingInd": "",
        "announcementInd": "",
        "automaticRating": "Yes",
        "definitiveRatingPrevProvisional": "No",
        "indicativeRatingInd": "N",
        "definitiveRatingInd": null,
        "linkedAnotherActionInd": "No",
        "privateRatingActionInd": "N",
        "provisionalRatingInd": "N",
        "secondaryactionind": "No",
        "subsequentRatingInd": "",
        "contactPersonId": null,
        "complianceType": "CAMS",
        "complianceID": "",
        "ratingShellId": null,
        "ratingShellDS": null,
        "workItemStatus": null,
        "workItemType": null,
        "workItemSubType": null,
        "workItemReleaseDtm": null,
        "pressReleaseId": null,
        "securityClassNm": null,
        "shadowCd": null,
        "pressReleaseType": null,
        "pyrRatingType": null,
        "pacrEmail": null,
        "pacr": null,
        "chairEmail": null,
        "chair": null,
        "addendum": null,
        "addendumEmail": null
    },
    {
        "sourceSystem": "ACCURATE",
        "orgId": null,
        "ratingActionDesc": "UBS AG, London Branch - 46",
        "ratingActionID": "3446941",
        "ratingActionName": "UBS AG, London Branch - 46",
        "ratingCommitteeDate": null,
        "ratingOffice": "41",
        "ratingReleaseDate": "2020-09-25 02:54:30.0",
        "releaseDate": "2020-09-25 02:54:50.71",
        "lobname": "FIG",
        "sublobname": "Banking",
        "region": "Europe",
        "leadAnalystID": "6878",
        "leadAnalystName": "Michael Rohr",
        "leadAnalystUniqueId": "rohrm",
        "analystEmail": "Michael.Rohr@moodys.com",
        "analystLocation": "Frankfurt - An der Welle 5",
        "approverID": null,
        "approverName": " ",
        "officeName": "Moody's Deutschland GmbH",
        "documentExceptionListingInd": "",
        "announcementInd": "",
        "automaticRating": "Yes",
        "definitiveRatingPrevProvisional": "No",
        "indicativeRatingInd": "N",
        "definitiveRatingInd": null,
        "linkedAnotherActionInd": "No",
        "privateRatingActionInd": "N",
        "provisionalRatingInd": "N",
        "secondaryactionind": "No",
        "subsequentRatingInd": "",
        "contactPersonId": null,
        "complianceType": "CAMS",
        "complianceID": "",
        "ratingShellId": null,
        "ratingShellDS": null,
        "workItemStatus": null,
        "workItemType": null,
        "workItemSubType": null,
        "workItemReleaseDtm": null,
        "pressReleaseId": null,
        "securityClassNm": null,
        "shadowCd": null,
        "pressReleaseType": null,
        "pyrRatingType": null,
        "pacrEmail": null,
        "pacr": null,
        "chairEmail": null,
        "chair": null,
        "addendum": null,
        "addendumEmail": null
    },
    {
        "sourceSystem": "ACCURATE",
        "orgId": null,
        "ratingActionDesc": "Credit Suisse AG (London) Branch - 46",
        "ratingActionID": "3446957",
        "ratingActionName": "Credit Suisse AG (London) Branch - 46",
        "ratingCommitteeDate": null,
        "ratingOffice": "41",
        "ratingReleaseDate": "2020-09-23 02:09:08.0",
        "releaseDate": "2020-09-23 02:09:27.163",
        "lobname": "FIG",
        "sublobname": "Banking",
        "region": "Europe",
        "leadAnalystID": "6878",
        "leadAnalystName": "Michael Rohr",
        "leadAnalystUniqueId": "rohrm",
        "analystEmail": "Michael.Rohr@moodys.com",
        "analystLocation": "Frankfurt - An der Welle 5",
        "approverID": null,
        "approverName": " ",
        "officeName": "Moody's Deutschland GmbH",
        "documentExceptionListingInd": "",
        "announcementInd": "",
        "automaticRating": "Yes",
        "definitiveRatingPrevProvisional": "No",
        "indicativeRatingInd": "N",
        "definitiveRatingInd": null,
        "linkedAnotherActionInd": "No",
        "privateRatingActionInd": "N",
        "provisionalRatingInd": "N",
        "secondaryactionind": "No",
        "subsequentRatingInd": "",
        "contactPersonId": null,
        "complianceType": "CAMS",
        "complianceID": "",
        "ratingShellId": null,
        "ratingShellDS": null,
        "workItemStatus": null,
        "workItemType": null,
        "workItemSubType": null,
        "workItemReleaseDtm": null,
        "pressReleaseId": null,
        "securityClassNm": null,
        "shadowCd": null,
        "pressReleaseType": null,
        "pyrRatingType": null,
        "pacrEmail": null,
        "pacr": null,
        "chairEmail": null,
        "chair": null,
        "addendum": null,
        "addendumEmail": null
    },
    {
        "sourceSystem": "ACCURATE",
        "orgId": null,
        "ratingActionDesc": "Morgan Stanley Finance LLC",
        "ratingActionID": "3446964",
        "ratingActionName": "Morgan Stanley Finance LLC",
        "ratingCommitteeDate": null,
        "ratingOffice": "51",
        "ratingReleaseDate": "2020-09-23 13:58:16.0",
        "releaseDate": "2020-09-23 13:58:49.986",
        "lobname": "FIG",
        "sublobname": "Banking",
        "region": "U.S.A. & Canada",
        "leadAnalystID": "7106",
        "leadAnalystName": "Donald Robertson",
        "leadAnalystUniqueId": "robertsd",
        "analystEmail": "Donald.Robertson@moodys.com",
        "analystLocation": "New York - 7 World Trade Center",
        "approverID": null,
        "approverName": " ",
        "officeName": "Moody's Investors Service, Inc.",
        "documentExceptionListingInd": "",
        "announcementInd": "",
        "automaticRating": "Yes",
        "definitiveRatingPrevProvisional": "No",
        "indicativeRatingInd": "N",
        "definitiveRatingInd": null,
        "linkedAnotherActionInd": "No",
        "privateRatingActionInd": "N",
        "provisionalRatingInd": "N",
        "secondaryactionind": "No",
        "subsequentRatingInd": "",
        "contactPersonId": null,
        "complianceType": "CAMS",
        "complianceID": "",
        "ratingShellId": null,
        "ratingShellDS": null,
        "workItemStatus": null,
        "workItemType": null,
        "workItemSubType": null,
        "workItemReleaseDtm": null,
        "pressReleaseId": null,
        "securityClassNm": null,
        "shadowCd": null,
        "pressReleaseType": null,
        "pyrRatingType": null,
        "pacrEmail": null,
        "pacr": null,
        "chairEmail": null,
        "chair": null,
        "addendum": null,
        "addendumEmail": null
    },
    {
        "sourceSystem": "ACCURATE",
        "orgId": null,
        "ratingActionDesc": "Morgan Stanley Finance LLC - 46",
        "ratingActionID": "3446998",
        "ratingActionName": "Morgan Stanley Finance LLC - 46",
        "ratingCommitteeDate": null,
        "ratingOffice": "51",
        "ratingReleaseDate": "2020-09-24 09:39:27.0",
        "releaseDate": "2020-09-24 09:39:41.726",
        "lobname": "FIG",
        "sublobname": "Banking",
        "region": "U.S.A. & Canada",
        "leadAnalystID": "7106",
        "leadAnalystName": "Donald Robertson",
        "leadAnalystUniqueId": "robertsd",
        "analystEmail": "Donald.Robertson@moodys.com",
        "analystLocation": "New York - 7 World Trade Center",
        "approverID": null,
        "approverName": " ",
        "officeName": "Moody's Investors Service, Inc.",
        "documentExceptionListingInd": "",
        "announcementInd": "",
        "automaticRating": "Yes",
        "definitiveRatingPrevProvisional": "No",
        "indicativeRatingInd": "N",
        "definitiveRatingInd": null,
        "linkedAnotherActionInd": "No",
        "privateRatingActionInd": "N",
        "provisionalRatingInd": "N",
        "secondaryactionind": "No",
        "subsequentRatingInd": "",
        "contactPersonId": null,
        "complianceType": "CAMS",
        "complianceID": "",
        "ratingShellId": null,
        "ratingShellDS": null,
        "workItemStatus": null,
        "workItemType": null,
        "workItemSubType": null,
        "workItemReleaseDtm": null,
        "pressReleaseId": null,
        "securityClassNm": null,
        "shadowCd": null,
        "pressReleaseType": null,
        "pyrRatingType": null,
        "pacrEmail": null,
        "pacr": null,
        "chairEmail": null,
        "chair": null,
        "addendum": null,
        "addendumEmail": null
    },
    {
        "sourceSystem": "ACCURATE",
        "orgId": null,
        "ratingActionDesc": "JPMorgan Chase Financial Company LLC - 46",
        "ratingActionID": "3447107",
        "ratingActionName": "JPMorgan Chase Financial Company LLC - 46",
        "ratingCommitteeDate": null,
        "ratingOffice": "51",
        "ratingReleaseDate": "2020-09-24 06:38:04.0",
        "releaseDate": "2020-09-24 06:38:20.043",
        "lobname": "FIG",
        "sublobname": "Banking",
        "region": "U.S.A. & Canada",
        "leadAnalystID": "1217",
        "leadAnalystName": "Peter Nerby",
        "leadAnalystUniqueId": "nerbyp",
        "analystEmail": "Peter.Nerby@moodys.com",
        "analystLocation": "New York - 7 World Trade Center",
        "approverID": null,
        "approverName": " ",
        "officeName": "Moody's Investors Service, Inc.",
        "documentExceptionListingInd": "",
        "announcementInd": "",
        "automaticRating": "Yes",
        "definitiveRatingPrevProvisional": "No",
        "indicativeRatingInd": "N",
        "definitiveRatingInd": null,
        "linkedAnotherActionInd": "No",
        "privateRatingActionInd": "N",
        "provisionalRatingInd": "N",
        "secondaryactionind": "No",
        "subsequentRatingInd": "",
        "contactPersonId": null,
        "complianceType": "CAMS",
        "complianceID": "",
        "ratingShellId": null,
        "ratingShellDS": null,
        "workItemStatus": null,
        "workItemType": null,
        "workItemSubType": null,
        "workItemReleaseDtm": null,
        "pressReleaseId": null,
        "securityClassNm": null,
        "shadowCd": null,
        "pressReleaseType": null,
        "pyrRatingType": null,
        "pacrEmail": null,
        "pacr": null,
        "chairEmail": null,
        "chair": null,
        "addendum": null,
        "addendumEmail": null
    },
    {
        "sourceSystem": "ACCURATE",
        "orgId": null,
        "ratingActionDesc": "JPMorgan Chase Financial Company LLC",
        "ratingActionID": "3447109",
        "ratingActionName": "JPMorgan Chase Financial Company LLC",
        "ratingCommitteeDate": null,
        "ratingOffice": "51",
        "ratingReleaseDate": "2020-09-25 13:32:03.0",
        "releaseDate": "2020-09-25 13:32:10.63",
        "lobname": "FIG",
        "sublobname": "Banking",
        "region": "U.S.A. & Canada",
        "leadAnalystID": "1217",
        "leadAnalystName": "Peter Nerby",
        "leadAnalystUniqueId": "nerbyp",
        "analystEmail": "Peter.Nerby@moodys.com",
        "analystLocation": "New York - 7 World Trade Center",
        "approverID": null,
        "approverName": " ",
        "officeName": "Moody's Investors Service, Inc.",
        "documentExceptionListingInd": "",
        "announcementInd": "",
        "automaticRating": "No",
        "definitiveRatingPrevProvisional": "No",
        "indicativeRatingInd": "N",
        "definitiveRatingInd": null,
        "linkedAnotherActionInd": "No",
        "privateRatingActionInd": "N",
        "provisionalRatingInd": "N",
        "secondaryactionind": "No",
        "subsequentRatingInd": "Y",
        "contactPersonId": null,
        "complianceType": "CAMS",
        "complianceID": "",
        "ratingShellId": null,
        "ratingShellDS": null,
        "workItemStatus": null,
        "workItemType": null,
        "workItemSubType": null,
        "workItemReleaseDtm": null,
        "pressReleaseId": null,
        "securityClassNm": null,
        "shadowCd": null,
        "pressReleaseType": null,
        "pyrRatingType": null,
        "pacrEmail": null,
        "pacr": null,
        "chairEmail": null,
        "chair": null,
        "addendum": null,
        "addendumEmail": null
    },
    {
        "sourceSystem": "ACCURATE",
        "orgId": null,
        "ratingActionDesc": "JPMorgan Chase Financial Company LLC - 46",
        "ratingActionID": "3447135",
        "ratingActionName": "JPMorgan Chase Financial Company LLC - 46",
        "ratingCommitteeDate": null,
        "ratingOffice": "51",
        "ratingReleaseDate": "2020-09-24 06:40:50.0",
        "releaseDate": "2020-09-24 06:41:01.46",
        "lobname": "FIG",
        "sublobname": "Banking",
        "region": "U.S.A. & Canada",
        "leadAnalystID": "1217",
        "leadAnalystName": "Peter Nerby",
        "leadAnalystUniqueId": "nerbyp",
        "analystEmail": "Peter.Nerby@moodys.com",
        "analystLocation": "New York - 7 World Trade Center",
        "approverID": null,
        "approverName": " ",
        "officeName": "Moody's Investors Service, Inc.",
        "documentExceptionListingInd": "",
        "announcementInd": "",
        "automaticRating": "Yes",
        "definitiveRatingPrevProvisional": "No",
        "indicativeRatingInd": "N",
        "definitiveRatingInd": null,
        "linkedAnotherActionInd": "No",
        "privateRatingActionInd": "N",
        "provisionalRatingInd": "N",
        "secondaryactionind": "No",
        "subsequentRatingInd": "",
        "contactPersonId": null,
        "complianceType": "CAMS",
        "complianceID": "",
        "ratingShellId": null,
        "ratingShellDS": null,
        "workItemStatus": null,
        "workItemType": null,
        "workItemSubType": null,
        "workItemReleaseDtm": null,
        "pressReleaseId": null,
        "securityClassNm": null,
        "shadowCd": null,
        "pressReleaseType": null,
        "pyrRatingType": null,
        "pacrEmail": null,
        "pacr": null,
        "chairEmail": null,
        "chair": null,
        "addendum": null,
        "addendumEmail": null
    },
    {
        "sourceSystem": "ACCURATE",
        "orgId": null,
        "ratingActionDesc": null,
        "ratingActionID": "3447288",
        "ratingActionName": "1_PRO_CFG - EMEA Building Materials_Dion Bate_Moody's announces completion of a periodic review of ratings of Dangote Cement Plc",
        "ratingCommitteeDate": null,
        "ratingOffice": "122",
        "ratingReleaseDate": "2020-09-23 08:53:26.393",
        "releaseDate": "2020-09-23 08:53:26.46",
        "lobname": "CFG",
        "sublobname": "CFG Regional",
        "region": null,
        "leadAnalystID": "1916",
        "leadAnalystName": "Dion Bate",
        "leadAnalystUniqueId": "bated",
        "analystEmail": "Dion.Bate@moodys.com",
        "analystLocation": "Dubai - DIFC Precinct Bldg 3",
        "approverID": null,
        "approverName": " ",
        "officeName": "Moody's Investors Service Middle East Limited",
        "documentExceptionListingInd": "Y",
        "announcementInd": "Y",
        "automaticRating": "Yes",
        "definitiveRatingPrevProvisional": "No",
        "indicativeRatingInd": "N",
        "definitiveRatingInd": null,
        "linkedAnotherActionInd": "No",
        "privateRatingActionInd": "",
        "provisionalRatingInd": "N",
        "secondaryactionind": "No",
        "subsequentRatingInd": "",
        "contactPersonId": null,
        "complianceType": "CAMS",
        "complianceID": "",
        "ratingShellId": null,
        "ratingShellDS": null,
        "workItemStatus": null,
        "workItemType": null,
        "workItemSubType": null,
        "workItemReleaseDtm": null,
        "pressReleaseId": null,
        "securityClassNm": null,
        "shadowCd": null,
        "pressReleaseType": null,
        "pyrRatingType": null,
        "pacrEmail": null,
        "pacr": null,
        "chairEmail": null,
        "chair": null,
        "addendum": null,
        "addendumEmail": null
    },
    {
        "sourceSystem": "ACCURATE",
        "orgId": null,
        "ratingActionDesc": null,
        "ratingActionID": "3447292",
        "ratingActionName": "1_PRO_CFG - EMEA Building Materials_Nathalie Tuszewski_Moody's announces completion of a periodic review of ratings of Feather Investments Holdings S.C.A.",
        "ratingCommitteeDate": null,
        "ratingOffice": "128",
        "ratingReleaseDate": "2020-09-23 09:51:37.09",
        "releaseDate": "2020-09-23 09:51:37.1",
        "lobname": "CFG",
        "sublobname": "CFG Regional",
        "region": "Europe",
        "leadAnalystID": "7264",
        "leadAnalystName": "Nathalie Tuszewski",
        "leadAnalystUniqueId": "tuszewsn",
        "analystEmail": "Nathalie.Tuszewski@moodys.com",
        "analystLocation": "Stockholm- Norrlandsgatan 20",
        "approverID": null,
        "approverName": " ",
        "officeName": "Moody's Investors Service (Nordics) AB",
        "documentExceptionListingInd": "Y",
        "announcementInd": "Y",
        "automaticRating": "Yes",
        "definitiveRatingPrevProvisional": "No",
        "indicativeRatingInd": "N",
        "definitiveRatingInd": null,
        "linkedAnotherActionInd": "No",
        "privateRatingActionInd": "",
        "provisionalRatingInd": "N",
        "secondaryactionind": "No",
        "subsequentRatingInd": "",
        "contactPersonId": null,
        "complianceType": "CAMS",
        "complianceID": "",
        "ratingShellId": null,
        "ratingShellDS": null,
        "workItemStatus": null,
        "workItemType": null,
        "workItemSubType": null,
        "workItemReleaseDtm": null,
        "pressReleaseId": null,
        "securityClassNm": null,
        "shadowCd": null,
        "pressReleaseType": null,
        "pyrRatingType": null,
        "pacrEmail": null,
        "pacr": null,
        "chairEmail": null,
        "chair": null,
        "addendum": null,
        "addendumEmail": null
    },
    {
        "sourceSystem": "ACCURATE",
        "orgId": null,
        "ratingActionDesc": null,
        "ratingActionID": "3447295",
        "ratingActionName": "1_PRO_CFG - EMEA Building Materials_Nathalie Tuszewski_Moody's announces completion of a periodic review of ratings of Stellagroup",
        "ratingCommitteeDate": null,
        "ratingOffice": "128",
        "ratingReleaseDate": "2020-09-24 09:59:20.753",
        "releaseDate": "2020-09-24 09:59:20.76",
        "lobname": "CFG",
        "sublobname": "CFG Regional",
        "region": "Europe",
        "leadAnalystID": "7264",
        "leadAnalystName": "Nathalie Tuszewski",
        "leadAnalystUniqueId": "tuszewsn",
        "analystEmail": "Nathalie.Tuszewski@moodys.com",
        "analystLocation": "Stockholm- Norrlandsgatan 20",
        "approverID": null,
        "approverName": " ",
        "officeName": "Moody's Investors Service (Nordics) AB",
        "documentExceptionListingInd": "Y",
        "announcementInd": "Y",
        "automaticRating": "Yes",
        "definitiveRatingPrevProvisional": "No",
        "indicativeRatingInd": "N",
        "definitiveRatingInd": null,
        "linkedAnotherActionInd": "No",
        "privateRatingActionInd": "",
        "provisionalRatingInd": "N",
        "secondaryactionind": "No",
        "subsequentRatingInd": "",
        "contactPersonId": null,
        "complianceType": "CAMS",
        "complianceID": "",
        "ratingShellId": null,
        "ratingShellDS": null,
        "workItemStatus": null,
        "workItemType": null,
        "workItemSubType": null,
        "workItemReleaseDtm": null,
        "pressReleaseId": null,
        "securityClassNm": null,
        "shadowCd": null,
        "pressReleaseType": null,
        "pyrRatingType": null,
        "pacrEmail": null,
        "pacr": null,
        "chairEmail": null,
        "chair": null,
        "addendum": null,
        "addendumEmail": null
    },
    {
        "sourceSystem": "ACCURATE",
        "orgId": null,
        "ratingActionDesc": null,
        "ratingActionID": "3447310",
        "ratingActionName": "1_PRO_CFG - EMEA Building Materials_Vitali Morgovski_Moody's announces completion of a periodic review of ratings of CRH plc",
        "ratingCommitteeDate": null,
        "ratingOffice": "41",
        "ratingReleaseDate": "2020-09-24 12:10:52.453",
        "releaseDate": "2020-09-24 12:10:52.513",
        "lobname": "CFG",
        "sublobname": "CFG Regional",
        "region": "Europe",
        "leadAnalystID": "31287",
        "leadAnalystName": "Vitali Morgovski",
        "leadAnalystUniqueId": "morgov",
        "analystEmail": "Vitali.Morgovski@moodys.com",
        "analystLocation": "Frankfurt - An der Welle 5",
        "approverID": null,
        "approverName": " ",
        "officeName": "Moody's Deutschland GmbH",
        "documentExceptionListingInd": "Y",
        "announcementInd": "Y",
        "automaticRating": "Yes",
        "definitiveRatingPrevProvisional": "No",
        "indicativeRatingInd": "N",
        "definitiveRatingInd": null,
        "linkedAnotherActionInd": "No",
        "privateRatingActionInd": "",
        "provisionalRatingInd": "N",
        "secondaryactionind": "No",
        "subsequentRatingInd": "",
        "contactPersonId": null,
        "complianceType": "CAMS",
        "complianceID": "",
        "ratingShellId": null,
        "ratingShellDS": null,
        "workItemStatus": null,
        "workItemType": null,
        "workItemSubType": null,
        "workItemReleaseDtm": null,
        "pressReleaseId": null,
        "securityClassNm": null,
        "shadowCd": null,
        "pressReleaseType": null,
        "pyrRatingType": null,
        "pacrEmail": null,
        "pacr": null,
        "chairEmail": null,
        "chair": null,
        "addendum": null,
        "addendumEmail": null
    },
    {
        "sourceSystem": "ACCURATE",
        "orgId": null,
        "ratingActionDesc": null,
        "ratingActionID": "3447325",
        "ratingActionName": "1_PRO_CFG - EMEA Building Materials_Vitali Morgovski_Moody's announces completion of a periodic review of ratings of HeidelbergCement AG",
        "ratingCommitteeDate": null,
        "ratingOffice": "41",
        "ratingReleaseDate": "2020-09-25 11:15:04.453",
        "releaseDate": "2020-09-25 11:15:04.463",
        "lobname": "CFG",
        "sublobname": "CFG Regional",
        "region": "Europe",
        "leadAnalystID": "31287",
        "leadAnalystName": "Vitali Morgovski",
        "leadAnalystUniqueId": "morgov",
        "analystEmail": "Vitali.Morgovski@moodys.com",
        "analystLocation": "Frankfurt - An der Welle 5",
        "approverID": null,
        "approverName": " ",
        "officeName": "Moody's Deutschland GmbH",
        "documentExceptionListingInd": "Y",
        "announcementInd": "Y",
        "automaticRating": "Yes",
        "definitiveRatingPrevProvisional": "No",
        "indicativeRatingInd": "N",
        "definitiveRatingInd": null,
        "linkedAnotherActionInd": "No",
        "privateRatingActionInd": "",
        "provisionalRatingInd": "N",
        "secondaryactionind": "No",
        "subsequentRatingInd": "",
        "contactPersonId": null,
        "complianceType": "CAMS",
        "complianceID": "",
        "ratingShellId": null,
        "ratingShellDS": null,
        "workItemStatus": null,
        "workItemType": null,
        "workItemSubType": null,
        "workItemReleaseDtm": null,
        "pressReleaseId": null,
        "securityClassNm": null,
        "shadowCd": null,
        "pressReleaseType": null,
        "pyrRatingType": null,
        "pacrEmail": null,
        "pacr": null,
        "chairEmail": null,
        "chair": null,
        "addendum": null,
        "addendumEmail": null
    },
    {
        "sourceSystem": "ACCURATE",
        "orgId": null,
        "ratingActionDesc": null,
        "ratingActionID": "3447330",
        "ratingActionName": "1_PRO_CFG - EMEA Building Materials_Vitali Morgovski_Moody's announces completion of a periodic review of ratings of Imerys S.A.",
        "ratingCommitteeDate": null,
        "ratingOffice": "41",
        "ratingReleaseDate": "2020-09-24 13:07:25.086",
        "releaseDate": "2020-09-24 13:07:25.1",
        "lobname": "CFG",
        "sublobname": "CFG Regional",
        "region": "Europe",
        "leadAnalystID": "31287",
        "leadAnalystName": "Vitali Morgovski",
        "leadAnalystUniqueId": "morgov",
        "analystEmail": "Vitali.Morgovski@moodys.com",
        "analystLocation": "Frankfurt - An der Welle 5",
        "approverID": null,
        "approverName": " ",
        "officeName": "Moody's Deutschland GmbH",
        "documentExceptionListingInd": "Y",
        "announcementInd": "Y",
        "automaticRating": "Yes",
        "definitiveRatingPrevProvisional": "No",
        "indicativeRatingInd": "N",
        "definitiveRatingInd": null,
        "linkedAnotherActionInd": "No",
        "privateRatingActionInd": "",
        "provisionalRatingInd": "N",
        "secondaryactionind": "No",
        "subsequentRatingInd": "",
        "contactPersonId": null,
        "complianceType": "CAMS",
        "complianceID": "",
        "ratingShellId": null,
        "ratingShellDS": null,
        "workItemStatus": null,
        "workItemType": null,
        "workItemSubType": null,
        "workItemReleaseDtm": null,
        "pressReleaseId": null,
        "securityClassNm": null,
        "shadowCd": null,
        "pressReleaseType": null,
        "pyrRatingType": null,
        "pacrEmail": null,
        "pacr": null,
        "chairEmail": null,
        "chair": null,
        "addendum": null,
        "addendumEmail": null
    },
    {
        "sourceSystem": "ACCURATE",
        "orgId": null,
        "ratingActionDesc": null,
        "ratingActionID": "3447349",
        "ratingActionName": "1_PRO_CFG - EMEA Building Materials_Vitali Morgovski_Moody's announces completion of a periodic review of ratings of Wienerberger AG",
        "ratingCommitteeDate": null,
        "ratingOffice": "41",
        "ratingReleaseDate": "2020-09-25 11:15:00.94",
        "releaseDate": "2020-09-25 11:15:01.006",
        "lobname": "CFG",
        "sublobname": "CFG Regional",
        "region": "Europe",
        "leadAnalystID": "31287",
        "leadAnalystName": "Vitali Morgovski",
        "leadAnalystUniqueId": "morgov",
        "analystEmail": "Vitali.Morgovski@moodys.com",
        "analystLocation": "Frankfurt - An der Welle 5",
        "approverID": null,
        "approverName": " ",
        "officeName": "Moody's Deutschland GmbH",
        "documentExceptionListingInd": "Y",
        "announcementInd": "Y",
        "automaticRating": "Yes",
        "definitiveRatingPrevProvisional": "No",
        "indicativeRatingInd": "N",
        "definitiveRatingInd": null,
        "linkedAnotherActionInd": "No",
        "privateRatingActionInd": "",
        "provisionalRatingInd": "N",
        "secondaryactionind": "No",
        "subsequentRatingInd": "",
        "contactPersonId": null,
        "complianceType": "CAMS",
        "complianceID": "",
        "ratingShellId": null,
        "ratingShellDS": null,
        "workItemStatus": null,
        "workItemType": null,
        "workItemSubType": null,
        "workItemReleaseDtm": null,
        "pressReleaseId": null,
        "securityClassNm": null,
        "shadowCd": null,
        "pressReleaseType": null,
        "pyrRatingType": null,
        "pacrEmail": null,
        "pacr": null,
        "chairEmail": null,
        "chair": null,
        "addendum": null,
        "addendumEmail": null
    },
    {
        "sourceSystem": "ACCURATE",
        "orgId": null,
        "ratingActionDesc": null,
        "ratingActionID": "3447382",
        "ratingActionName": "1_PRO_CFG - EMEA Semiconductors_Dirk Goedde_Moody's announces completion of a periodic review of ratings of STMicroelectronics N.V.",
        "ratingCommitteeDate": null,
        "ratingOffice": "41",
        "ratingReleaseDate": "2020-09-23 17:26:38.533",
        "releaseDate": "2020-09-23 17:26:38.54",
        "lobname": "CFG",
        "sublobname": "CFG Regional",
        "region": "Europe",
        "leadAnalystID": "30822",
        "leadAnalystName": "Dirk Goedde",
        "leadAnalystUniqueId": "godded",
        "analystEmail": "Dirk.Goedde@moodys.com",
        "analystLocation": "Frankfurt - An der Welle 5",
        "approverID": null,
        "approverName": " ",
        "officeName": "Moody's Deutschland GmbH",
        "documentExceptionListingInd": "Y",
        "announcementInd": "Y",
        "automaticRating": "Yes",
        "definitiveRatingPrevProvisional": "No",
        "indicativeRatingInd": "N",
        "definitiveRatingInd": null,
        "linkedAnotherActionInd": "No",
        "privateRatingActionInd": "",
        "provisionalRatingInd": "N",
        "secondaryactionind": "No",
        "subsequentRatingInd": "",
        "contactPersonId": null,
        "complianceType": "CAMS",
        "complianceID": "",
        "ratingShellId": null,
        "ratingShellDS": null,
        "workItemStatus": null,
        "workItemType": null,
        "workItemSubType": null,
        "workItemReleaseDtm": null,
        "pressReleaseId": null,
        "securityClassNm": null,
        "shadowCd": null,
        "pressReleaseType": null,
        "pyrRatingType": null,
        "pacrEmail": null,
        "pacr": null,
        "chairEmail": null,
        "chair": null,
        "addendum": null,
        "addendumEmail": null
    },
    {
        "sourceSystem": "ACCURATE",
        "orgId": null,
        "ratingActionDesc": null,
        "ratingActionID": "3447384",
        "ratingActionName": "1_PRO_CFG - EMEA Semiconductors_Dirk Goedde_Moody's announces completion of a periodic review of ratings of ASML Holding N.V.",
        "ratingCommitteeDate": null,
        "ratingOffice": "41",
        "ratingReleaseDate": "2020-09-23 17:26:42.383",
        "releaseDate": "2020-09-23 17:26:42.39",
        "lobname": "CFG",
        "sublobname": "CFG Regional",
        "region": "Europe",
        "leadAnalystID": "30822",
        "leadAnalystName": "Dirk Goedde",
        "leadAnalystUniqueId": "godded",
        "analystEmail": "Dirk.Goedde@moodys.com",
        "analystLocation": "Frankfurt - An der Welle 5",
        "approverID": null,
        "approverName": " ",
        "officeName": "Moody's Deutschland GmbH",
        "documentExceptionListingInd": "Y",
        "announcementInd": "Y",
        "automaticRating": "Yes",
        "definitiveRatingPrevProvisional": "No",
        "indicativeRatingInd": "N",
        "definitiveRatingInd": null,
        "linkedAnotherActionInd": "No",
        "privateRatingActionInd": "",
        "provisionalRatingInd": "N",
        "secondaryactionind": "No",
        "subsequentRatingInd": "",
        "contactPersonId": null,
        "complianceType": "CAMS",
        "complianceID": "",
        "ratingShellId": null,
        "ratingShellDS": null,
        "workItemStatus": null,
        "workItemType": null,
        "workItemSubType": null,
        "workItemReleaseDtm": null,
        "pressReleaseId": null,
        "securityClassNm": null,
        "shadowCd": null,
        "pressReleaseType": null,
        "pyrRatingType": null,
        "pacrEmail": null,
        "pacr": null,
        "chairEmail": null,
        "chair": null,
        "addendum": null,
        "addendumEmail": null
    },
    {
        "sourceSystem": "ACCURATE",
        "orgId": null,
        "ratingActionDesc": null,
        "ratingActionID": "3447491",
        "ratingActionName": "1_PRO_CFG - EMEA Semiconductors_Dirk Goedde_Moody's announces completion of a periodic review of ratings of ams AG",
        "ratingCommitteeDate": null,
        "ratingOffice": "41",
        "ratingReleaseDate": "2020-09-23 17:26:34.296",
        "releaseDate": "2020-09-23 17:26:34.316",
        "lobname": "CFG",
        "sublobname": "CFG Regional",
        "region": "Europe",
        "leadAnalystID": "30822",
        "leadAnalystName": "Dirk Goedde",
        "leadAnalystUniqueId": "godded",
        "analystEmail": "Dirk.Goedde@moodys.com",
        "analystLocation": "Frankfurt - An der Welle 5",
        "approverID": null,
        "approverName": " ",
        "officeName": "Moody's Deutschland GmbH",
        "documentExceptionListingInd": "Y",
        "announcementInd": "Y",
        "automaticRating": "Yes",
        "definitiveRatingPrevProvisional": "No",
        "indicativeRatingInd": "N",
        "definitiveRatingInd": null,
        "linkedAnotherActionInd": "No",
        "privateRatingActionInd": "",
        "provisionalRatingInd": "N",
        "secondaryactionind": "No",
        "subsequentRatingInd": "",
        "contactPersonId": null,
        "complianceType": "CAMS",
        "complianceID": "",
        "ratingShellId": null,
        "ratingShellDS": null,
        "workItemStatus": null,
        "workItemType": null,
        "workItemSubType": null,
        "workItemReleaseDtm": null,
        "pressReleaseId": null,
        "securityClassNm": null,
        "shadowCd": null,
        "pressReleaseType": null,
        "pyrRatingType": null,
        "pacrEmail": null,
        "pacr": null,
        "chairEmail": null,
        "chair": null,
        "addendum": null,
        "addendumEmail": null
    },
    {
        "sourceSystem": "ACCURATE",
        "orgId": null,
        "ratingActionDesc": "Growthpoint Finance Pty Limited",
        "ratingActionID": "3447622",
        "ratingActionName": "Growthpoint Finance Pty Limited",
        "ratingCommitteeDate": "2020-09-23 00:00:00.0",
        "ratingOffice": "53",
        "ratingReleaseDate": "2020-09-24 00:11:21.0",
        "releaseDate": "2020-09-24 00:11:34.673",
        "lobname": "CFG",
        "sublobname": "CFG Regional",
        "region": "Asia Pacific",
        "leadAnalystID": "7044",
        "leadAnalystName": "Maadhavi Barber",
        "leadAnalystUniqueId": "ramanaym",
        "analystEmail": "Maadhavi.Barber@moodys.com",
        "analystLocation": "Sydney - 1 O'Connell Street",
        "approverID": "29015287",
        "approverName": "Maadhavi Barber",
        "officeName": "Moody's Investors Service Pty. Ltd.",
        "documentExceptionListingInd": "",
        "announcementInd": "",
        "automaticRating": "No",
        "definitiveRatingPrevProvisional": "No",
        "indicativeRatingInd": "N",
        "definitiveRatingInd": null,
        "linkedAnotherActionInd": "No",
        "privateRatingActionInd": "N",
        "provisionalRatingInd": "N",
        "secondaryactionind": "No",
        "subsequentRatingInd": "N",
        "contactPersonId": null,
        "complianceType": "CAMS",
        "complianceID": "104179",
        "ratingShellId": null,
        "ratingShellDS": null,
        "workItemStatus": null,
        "workItemType": null,
        "workItemSubType": null,
        "workItemReleaseDtm": null,
        "pressReleaseId": null,
        "securityClassNm": null,
        "shadowCd": null,
        "pressReleaseType": null,
        "pyrRatingType": null,
        "pacrEmail": "Patrick.Winsbury@moodys.com",
        "pacr": "Patrick Winsbury",
        "chairEmail": "Patrick.Winsbury@moodys.com",
        "chair": "Patrick Winsbury",
        "addendum": "Cameron Mar ",
        "addendumEmail": "MarC1@moodys.com"
    },
    {
        "sourceSystem": "ACCURATE",
        "orgId": null,
        "ratingActionDesc": "Macquarie University",
        "ratingActionID": "3447655",
        "ratingActionName": "Macquarie University",
        "ratingCommitteeDate": "2020-09-23 00:00:00.0",
        "ratingOffice": "53",
        "ratingReleaseDate": "2020-09-24 02:40:25.0",
        "releaseDate": "2020-09-24 02:40:33.023",
        "lobname": "SOV",
        "sublobname": "Sub-Sovereign",
        "region": "Asia Pacific",
        "leadAnalystID": "7861",
        "leadAnalystName": "John Manning",
        "leadAnalystUniqueId": "manningj",
        "analystEmail": "John.Manning@moodys.com",
        "analystLocation": "Sydney - 1 O'Connell Street",
        "approverID": "29031482",
        "approverName": "John Manning",
        "officeName": "Moody's Investors Service Pty. Ltd.",
        "documentExceptionListingInd": "",
        "announcementInd": "",
        "automaticRating": "No",
        "definitiveRatingPrevProvisional": "No",
        "indicativeRatingInd": "N",
        "definitiveRatingInd": null,
        "linkedAnotherActionInd": "No",
        "privateRatingActionInd": "N",
        "provisionalRatingInd": "Y",
        "secondaryactionind": "No",
        "subsequentRatingInd": "N",
        "contactPersonId": null,
        "complianceType": "CAMS",
        "complianceID": "103632",
        "ratingShellId": null,
        "ratingShellDS": null,
        "workItemStatus": null,
        "workItemType": null,
        "workItemSubType": null,
        "workItemReleaseDtm": null,
        "pressReleaseId": null,
        "securityClassNm": null,
        "shadowCd": null,
        "pressReleaseType": null,
        "pyrRatingType": null,
        "pacrEmail": "Marie.Diron@moodys.com",
        "pacr": "Marie Diron",
        "chairEmail": "Michael.Yake@moodys.com",
        "chair": "Michael Yake",
        "addendum": "Bonnie Chen ",
        "addendumEmail": "ChenB1@moodys.com"
    },
    {
        "sourceSystem": "ACCURATE",
        "orgId": null,
        "ratingActionDesc": "Morgan Stanley Finance LLC",
        "ratingActionID": "3447788",
        "ratingActionName": "Morgan Stanley Finance LLC",
        "ratingCommitteeDate": null,
        "ratingOffice": "51",
        "ratingReleaseDate": "2020-09-23 12:33:12.0",
        "releaseDate": "2020-09-23 12:33:43.796",
        "lobname": "FIG",
        "sublobname": "Banking",
        "region": "U.S.A. & Canada",
        "leadAnalystID": "7106",
        "leadAnalystName": "Donald Robertson",
        "leadAnalystUniqueId": "robertsd",
        "analystEmail": "Donald.Robertson@moodys.com",
        "analystLocation": "New York - 7 World Trade Center",
        "approverID": null,
        "approverName": " ",
        "officeName": "Moody's Investors Service, Inc.",
        "documentExceptionListingInd": "",
        "announcementInd": "",
        "automaticRating": "Yes",
        "definitiveRatingPrevProvisional": "No",
        "indicativeRatingInd": "N",
        "definitiveRatingInd": null,
        "linkedAnotherActionInd": "No",
        "privateRatingActionInd": "N",
        "provisionalRatingInd": "N",
        "secondaryactionind": "No",
        "subsequentRatingInd": "",
        "contactPersonId": null,
        "complianceType": "CAMS",
        "complianceID": "",
        "ratingShellId": null,
        "ratingShellDS": null,
        "workItemStatus": null,
        "workItemType": null,
        "workItemSubType": null,
        "workItemReleaseDtm": null,
        "pressReleaseId": null,
        "securityClassNm": null,
        "shadowCd": null,
        "pressReleaseType": null,
        "pyrRatingType": null,
        "pacrEmail": null,
        "pacr": null,
        "chairEmail": null,
        "chair": null,
        "addendum": null,
        "addendumEmail": null
    },
    {
        "sourceSystem": "ACCURATE",
        "orgId": null,
        "ratingActionDesc": "GS Finance Corp.",
        "ratingActionID": "3447833",
        "ratingActionName": "GS Finance Corp.",
        "ratingCommitteeDate": null,
        "ratingOffice": "51",
        "ratingReleaseDate": "2020-09-25 13:22:56.0",
        "releaseDate": "2020-09-25 13:23:30.013",
        "lobname": "FIG",
        "sublobname": "Banking",
        "region": "U.S.A. & Canada",
        "leadAnalystID": "467",
        "leadAnalystName": "David Fanger",
        "leadAnalystUniqueId": "fangerd",
        "analystEmail": "David.Fanger@moodys.com",
        "analystLocation": "New York - 7 World Trade Center",
        "approverID": null,
        "approverName": " ",
        "officeName": "Moody's Investors Service, Inc.",
        "documentExceptionListingInd": "",
        "announcementInd": "",
        "automaticRating": "Yes",
        "definitiveRatingPrevProvisional": "No",
        "indicativeRatingInd": "N",
        "definitiveRatingInd": null,
        "linkedAnotherActionInd": "No",
        "privateRatingActionInd": "N",
        "provisionalRatingInd": "N",
        "secondaryactionind": "No",
        "subsequentRatingInd": "",
        "contactPersonId": null,
        "complianceType": "CAMS",
        "complianceID": "",
        "ratingShellId": null,
        "ratingShellDS": null,
        "workItemStatus": null,
        "workItemType": null,
        "workItemSubType": null,
        "workItemReleaseDtm": null,
        "pressReleaseId": null,
        "securityClassNm": null,
        "shadowCd": null,
        "pressReleaseType": null,
        "pyrRatingType": null,
        "pacrEmail": null,
        "pacr": null,
        "chairEmail": null,
        "chair": null,
        "addendum": null,
        "addendumEmail": null
    },
    {
        "sourceSystem": "ACCURATE",
        "orgId": null,
        "ratingActionDesc": "CBAM 2018-5, Ltd.",
        "ratingActionID": "3448146",
        "ratingActionName": "CBAM 2018-5, Ltd.",
        "ratingCommitteeDate": "2020-09-18 00:00:00.0",
        "ratingOffice": "51",
        "ratingReleaseDate": "2020-09-23 19:12:06.0",
        "releaseDate": "2020-09-23 19:12:12.12",
        "lobname": "SFG",
        "sublobname": "Surv-COR-SC",
        "region": "U.S.A. & Canada",
        "leadAnalystID": "7724",
        "leadAnalystName": "Sam Spackman",
        "leadAnalystUniqueId": "spackmas",
        "analystEmail": "Sam.Spackman@moodys.com",
        "analystLocation": "New York - 7 World Trade Center",
        "approverID": null,
        "approverName": " ",
        "officeName": "Moody's Investors Service, Inc.",
        "documentExceptionListingInd": "",
        "announcementInd": "",
        "automaticRating": "No",
        "definitiveRatingPrevProvisional": "No",
        "indicativeRatingInd": "N",
        "definitiveRatingInd": null,
        "linkedAnotherActionInd": "No",
        "privateRatingActionInd": "N",
        "provisionalRatingInd": "N",
        "secondaryactionind": "No",
        "subsequentRatingInd": "N",
        "contactPersonId": null,
        "complianceType": "CAMS",
        "complianceID": "104123",
        "ratingShellId": null,
        "ratingShellDS": null,
        "workItemStatus": null,
        "workItemType": null,
        "workItemSubType": null,
        "workItemReleaseDtm": null,
        "pressReleaseId": null,
        "securityClassNm": null,
        "shadowCd": null,
        "pressReleaseType": null,
        "pyrRatingType": null,
        "pacrEmail": null,
        "pacr": null,
        "chairEmail": null,
        "chair": null,
        "addendum": "Sam Spackman ",
        "addendumEmail": "SpackmaS@moodys.com"
    },
    {
        "sourceSystem": "ACCURATE",
        "orgId": null,
        "ratingActionDesc": "Radnor Re 2020-2 Ltd.",
        "ratingActionID": "3448634",
        "ratingActionName": "Radnor Re 2020-2 Ltd.",
        "ratingCommitteeDate": "2020-09-23 00:00:00.0",
        "ratingOffice": "51",
        "ratingReleaseDate": "2020-09-24 23:01:09.0",
        "releaseDate": "2020-09-24 23:01:27.896",
        "lobname": "SFG",
        "sublobname": "NR-COS-RMBS",
        "region": "U.S.A. & Canada",
        "leadAnalystID": "7671",
        "leadAnalystName": "Ruomeng Cui",
        "leadAnalystUniqueId": "cuir",
        "analystEmail": "Ruomeng.Cui@moodys.com",
        "analystLocation": "New York - 7 World Trade Center",
        "approverID": null,
        "approverName": " ",
        "officeName": "Moody's Investors Service, Inc.",
        "documentExceptionListingInd": "Y",
        "announcementInd": "",
        "automaticRating": "No",
        "definitiveRatingPrevProvisional": "No",
        "indicativeRatingInd": "N",
        "definitiveRatingInd": null,
        "linkedAnotherActionInd": "No",
        "privateRatingActionInd": "N",
        "provisionalRatingInd": "Y",
        "secondaryactionind": "No",
        "subsequentRatingInd": "N",
        "contactPersonId": null,
        "complianceType": "CAMS",
        "complianceID": "77191",
        "ratingShellId": null,
        "ratingShellDS": null,
        "workItemStatus": null,
        "workItemType": null,
        "workItemSubType": null,
        "workItemReleaseDtm": null,
        "pressReleaseId": null,
        "securityClassNm": null,
        "shadowCd": null,
        "pressReleaseType": null,
        "pyrRatingType": null,
        "pacrEmail": null,
        "pacr": null,
        "chairEmail": null,
        "chair": null,
        "addendum": null,
        "addendumEmail": null
    },
    {
        "sourceSystem": "ACCURATE",
        "orgId": null,
        "ratingActionDesc": "[non-NRSRO] OPAS-2009",
        "ratingActionID": "3448710",
        "ratingActionName": "[non-NRSRO] OPAS-2009",
        "ratingCommitteeDate": null,
        "ratingOffice": "118",
        "ratingReleaseDate": "2020-09-25 01:40:33.0",
        "releaseDate": "2020-09-25 01:40:54.29",
        "lobname": "SFG",
        "sublobname": "Regional New Ratings",
        "region": "Asia Pacific",
        "leadAnalystID": "31211",
        "leadAnalystName": "Kiyomine Sato",
        "leadAnalystUniqueId": "satoki",
        "analystEmail": "Kiyomine.Sato@moodys.com",
        "analystLocation": "Tokyo - Atago Green Hills Mori Tower 20fl",
        "approverID": null,
        "approverName": " ",
        "officeName": "Moody's SF Japan K.K.",
        "documentExceptionListingInd": "",
        "announcementInd": "",
        "automaticRating": "Yes",
        "definitiveRatingPrevProvisional": "No",
        "indicativeRatingInd": "N",
        "definitiveRatingInd": null,
        "linkedAnotherActionInd": "No",
        "privateRatingActionInd": "N",
        "provisionalRatingInd": "N",
        "secondaryactionind": "No",
        "subsequentRatingInd": "N",
        "contactPersonId": null,
        "complianceType": "CAMS",
        "complianceID": "",
        "ratingShellId": null,
        "ratingShellDS": null,
        "workItemStatus": null,
        "workItemType": null,
        "workItemSubType": null,
        "workItemReleaseDtm": null,
        "pressReleaseId": null,
        "securityClassNm": null,
        "shadowCd": null,
        "pressReleaseType": null,
        "pyrRatingType": null,
        "pacrEmail": null,
        "pacr": null,
        "chairEmail": null,
        "chair": null,
        "addendum": null,
        "addendumEmail": null
    },
    {
        "sourceSystem": "ACCURATE",
        "orgId": null,
        "ratingActionDesc": "HARVEST CLO XX DAC",
        "ratingActionID": "3448840",
        "ratingActionName": "HARVEST CLO XX DAC",
        "ratingCommitteeDate": "2020-09-23 00:00:00.0",
        "ratingOffice": "52",
        "ratingReleaseDate": "2020-09-24 05:15:55.786",
        "releaseDate": "2020-09-24 05:15:55.813",
        "lobname": "SFG",
        "sublobname": "Surv-COR-ABS",
        "region": "Europe",
        "leadAnalystID": "2741",
        "leadAnalystName": "Julie Ng",
        "leadAnalystUniqueId": "ngj",
        "analystEmail": "Julie.Ng@moodys.com",
        "analystLocation": "London - One Canada Square",
        "approverID": null,
        "approverName": " ",
        "officeName": "Moody's Investors Service Ltd.",
        "documentExceptionListingInd": "",
        "announcementInd": "",
        "automaticRating": "No",
        "definitiveRatingPrevProvisional": "No",
        "indicativeRatingInd": "N",
        "definitiveRatingInd": null,
        "linkedAnotherActionInd": "No",
        "privateRatingActionInd": "N",
        "provisionalRatingInd": "N",
        "secondaryactionind": "No",
        "subsequentRatingInd": "N",
        "contactPersonId": null,
        "complianceType": "CAMS",
        "complianceID": "104579",
        "ratingShellId": null,
        "ratingShellDS": null,
        "workItemStatus": null,
        "workItemType": null,
        "workItemSubType": null,
        "workItemReleaseDtm": null,
        "pressReleaseId": null,
        "securityClassNm": null,
        "shadowCd": null,
        "pressReleaseType": null,
        "pyrRatingType": null,
        "pacrEmail": null,
        "pacr": null,
        "chairEmail": null,
        "chair": null,
        "addendum": "Julie Ng ",
        "addendumEmail": "ngj@moodys.com"
    },
    {
        "sourceSystem": "ACCURATE",
        "orgId": null,
        "ratingActionDesc": "Royal Bank of Canada - 47",
        "ratingActionID": "3448851",
        "ratingActionName": "Royal Bank of Canada - 47",
        "ratingCommitteeDate": null,
        "ratingOffice": "71",
        "ratingReleaseDate": "2020-09-24 10:30:17.0",
        "releaseDate": "2020-09-24 10:30:20.24",
        "lobname": "FIG",
        "sublobname": "Banking",
        "region": "U.S.A. & Canada",
        "leadAnalystID": "6721",
        "leadAnalystName": "John Beattie",
        "leadAnalystUniqueId": "beattied",
        "analystEmail": "David.Beattie@moodys.com",
        "analystLocation": "Toronto - 70 York Street",
        "approverID": null,
        "approverName": " ",
        "officeName": "Moody's Canada Inc.",
        "documentExceptionListingInd": "",
        "announcementInd": "",
        "automaticRating": "Yes",
        "definitiveRatingPrevProvisional": "No",
        "indicativeRatingInd": "N",
        "definitiveRatingInd": null,
        "linkedAnotherActionInd": "No",
        "privateRatingActionInd": "N",
        "provisionalRatingInd": "N",
        "secondaryactionind": "No",
        "subsequentRatingInd": "",
        "contactPersonId": null,
        "complianceType": "CAMS",
        "complianceID": "",
        "ratingShellId": null,
        "ratingShellDS": null,
        "workItemStatus": null,
        "workItemType": null,
        "workItemSubType": null,
        "workItemReleaseDtm": null,
        "pressReleaseId": null,
        "securityClassNm": null,
        "shadowCd": null,
        "pressReleaseType": null,
        "pyrRatingType": null,
        "pacrEmail": null,
        "pacr": null,
        "chairEmail": null,
        "chair": null,
        "addendum": null,
        "addendumEmail": null
    },
    {
        "sourceSystem": "ACCURATE",
        "orgId": null,
        "ratingActionDesc": "Avoca CLO XX Designated Activity Company",
        "ratingActionID": "3448869",
        "ratingActionName": "Avoca CLO XX Designated Activity Company",
        "ratingCommitteeDate": "2020-09-23 00:00:00.0",
        "ratingOffice": "52",
        "ratingReleaseDate": "2020-09-24 12:01:22.736",
        "releaseDate": "2020-09-24 12:01:22.746",
        "lobname": "SFG",
        "sublobname": "Surv-COR-CMBS",
        "region": "Europe",
        "leadAnalystID": "22129",
        "leadAnalystName": "Alejandro Gomar Beltran",
        "leadAnalystUniqueId": "beltrana",
        "analystEmail": "Alejandro.GomarBeltran@moodys.com",
        "analystLocation": "London - One Canada Square",
        "approverID": null,
        "approverName": " ",
        "officeName": "Moody's Investors Service Ltd.",
        "documentExceptionListingInd": "",
        "announcementInd": "",
        "automaticRating": "No",
        "definitiveRatingPrevProvisional": "No",
        "indicativeRatingInd": "N",
        "definitiveRatingInd": null,
        "linkedAnotherActionInd": "No",
        "privateRatingActionInd": "N",
        "provisionalRatingInd": "N",
        "secondaryactionind": "No",
        "subsequentRatingInd": "N",
        "contactPersonId": null,
        "complianceType": "CAMS",
        "complianceID": "104790",
        "ratingShellId": null,
        "ratingShellDS": null,
        "workItemStatus": null,
        "workItemType": null,
        "workItemSubType": null,
        "workItemReleaseDtm": null,
        "pressReleaseId": null,
        "securityClassNm": null,
        "shadowCd": null,
        "pressReleaseType": null,
        "pyrRatingType": null,
        "pacrEmail": null,
        "pacr": null,
        "chairEmail": null,
        "chair": null,
        "addendum": "Alejandro Gomar Beltran ",
        "addendumEmail": "BeltranA@moodys.com"
    },
    {
        "sourceSystem": "ACCURATE",
        "orgId": null,
        "ratingActionDesc": "BofA Finance LLC - 46",
        "ratingActionID": "3448950",
        "ratingActionName": "BofA Finance LLC - 46",
        "ratingCommitteeDate": null,
        "ratingOffice": "51",
        "ratingReleaseDate": "2020-09-23 05:41:52.0",
        "releaseDate": "2020-09-23 05:42:06.836",
        "lobname": "FIG",
        "sublobname": "Banking",
        "region": "U.S.A. & Canada",
        "leadAnalystID": "467",
        "leadAnalystName": "David Fanger",
        "leadAnalystUniqueId": "fangerd",
        "analystEmail": "David.Fanger@moodys.com",
        "analystLocation": "New York - 7 World Trade Center",
        "approverID": null,
        "approverName": " ",
        "officeName": "Moody's Investors Service, Inc.",
        "documentExceptionListingInd": "",
        "announcementInd": "",
        "automaticRating": "Yes",
        "definitiveRatingPrevProvisional": "No",
        "indicativeRatingInd": "N",
        "definitiveRatingInd": null,
        "linkedAnotherActionInd": "No",
        "privateRatingActionInd": "N",
        "provisionalRatingInd": "N",
        "secondaryactionind": "No",
        "subsequentRatingInd": "",
        "contactPersonId": null,
        "complianceType": "CAMS",
        "complianceID": "",
        "ratingShellId": null,
        "ratingShellDS": null,
        "workItemStatus": null,
        "workItemType": null,
        "workItemSubType": null,
        "workItemReleaseDtm": null,
        "pressReleaseId": null,
        "securityClassNm": null,
        "shadowCd": null,
        "pressReleaseType": null,
        "pyrRatingType": null,
        "pacrEmail": null,
        "pacr": null,
        "chairEmail": null,
        "chair": null,
        "addendum": null,
        "addendumEmail": null
    },
    {
        "sourceSystem": "ACCURATE",
        "orgId": null,
        "ratingActionDesc": "SANTANDER CONSUMER SPAIN AUTO 2020-1, FT",
        "ratingActionID": "3449634",
        "ratingActionName": "SANTANDER CONSUMER SPAIN AUTO 2020-1, FT",
        "ratingCommitteeDate": "2020-09-21 00:00:00.0",
        "ratingOffice": "69",
        "ratingReleaseDate": "2020-09-25 12:55:48.0",
        "releaseDate": "2020-09-25 12:56:09.223",
        "lobname": "SFG",
        "sublobname": "NR-COS-RMBS",
        "region": "Europe",
        "leadAnalystID": "7575",
        "leadAnalystName": "Juan Miguel Martin-Abde",
        "leadAnalystUniqueId": "abdej",
        "analystEmail": "JuanMiguel.Martin-Abde@moodys.com",
        "analystLocation": "Madrid - Calle Principe de Vergara, 131",
        "approverID": null,
        "approverName": " ",
        "officeName": "Moody's Investors Service Espana, S.A.",
        "documentExceptionListingInd": "",
        "announcementInd": "",
        "automaticRating": "No",
        "definitiveRatingPrevProvisional": "No",
        "indicativeRatingInd": "N",
        "definitiveRatingInd": null,
        "linkedAnotherActionInd": "No",
        "privateRatingActionInd": "N",
        "provisionalRatingInd": "N",
        "secondaryactionind": "No",
        "subsequentRatingInd": "N",
        "contactPersonId": null,
        "complianceType": "CAMS",
        "complianceID": "97789",
        "ratingShellId": null,
        "ratingShellDS": null,
        "workItemStatus": null,
        "workItemType": null,
        "workItemSubType": null,
        "workItemReleaseDtm": null,
        "pressReleaseId": null,
        "securityClassNm": null,
        "shadowCd": null,
        "pressReleaseType": null,
        "pyrRatingType": null,
        "pacrEmail": null,
        "pacr": null,
        "chairEmail": null,
        "chair": null,
        "addendum": null,
        "addendumEmail": null
    },
    {
        "sourceSystem": "ACCURATE",
        "orgId": null,
        "ratingActionDesc": "Moody's upgrades two Notes in two Bumper Auto ABS transactions",
        "ratingActionID": "3449927",
        "ratingActionName": "Moody's upgrades two Notes in two Bumper Auto ABS transactions",
        "ratingCommitteeDate": "2020-09-18 00:00:00.0",
        "ratingOffice": "41",
        "ratingReleaseDate": "2020-09-23 13:26:38.0",
        "releaseDate": "2020-09-23 13:26:47.08",
        "lobname": "SFG",
        "sublobname": "Surv-COS-ABS",
        "region": "Europe",
        "leadAnalystID": "6387",
        "leadAnalystName": "Johann Grieneisen",
        "leadAnalystUniqueId": "grieneij",
        "analystEmail": "Johann.Grieneisen@moodys.com",
        "analystLocation": "Frankfurt - An der Welle 5",
        "approverID": null,
        "approverName": " ",
        "officeName": "Moody's Deutschland GmbH",
        "documentExceptionListingInd": "",
        "announcementInd": "",
        "automaticRating": "No",
        "definitiveRatingPrevProvisional": "No",
        "indicativeRatingInd": "N",
        "definitiveRatingInd": null,
        "linkedAnotherActionInd": "No",
        "privateRatingActionInd": "N",
        "provisionalRatingInd": "N",
        "secondaryactionind": "No",
        "subsequentRatingInd": "N",
        "contactPersonId": null,
        "complianceType": "CAMS",
        "complianceID": "104311",
        "ratingShellId": null,
        "ratingShellDS": null,
        "workItemStatus": null,
        "workItemType": null,
        "workItemSubType": null,
        "workItemReleaseDtm": null,
        "pressReleaseId": null,
        "securityClassNm": null,
        "shadowCd": null,
        "pressReleaseType": null,
        "pyrRatingType": null,
        "pacrEmail": null,
        "pacr": null,
        "chairEmail": null,
        "chair": null,
        "addendum": "Antonio Tena ",
        "addendumEmail": "TenaA@moodys.com"
    },
    {
        "sourceSystem": "ACCURATE",
        "orgId": null,
        "ratingActionDesc": null,
        "ratingActionID": "3449945",
        "ratingActionName": "1_PRO_CFG - Canadian Retail & B&S_Jonathan Reid _Moody's announces completion of a periodic review of ratings of Array Canada Inc.",
        "ratingCommitteeDate": null,
        "ratingOffice": "71",
        "ratingReleaseDate": "2020-09-24 16:06:23.583",
        "releaseDate": "2020-09-24 16:06:23.59",
        "lobname": "CFG",
        "sublobname": "CFG Regional",
        "region": "U.S.A. & Canada",
        "leadAnalystID": "7689",
        "leadAnalystName": "Jonathan Reid",
        "leadAnalystUniqueId": "reidj",
        "analystEmail": "Jonathan.Reid@moodys.com",
        "analystLocation": "Toronto - 70 York Street",
        "approverID": null,
        "approverName": " ",
        "officeName": "Moody's Canada Inc.",
        "documentExceptionListingInd": "Y",
        "announcementInd": "Y",
        "automaticRating": "Yes",
        "definitiveRatingPrevProvisional": "No",
        "indicativeRatingInd": "N",
        "definitiveRatingInd": null,
        "linkedAnotherActionInd": "No",
        "privateRatingActionInd": "",
        "provisionalRatingInd": "N",
        "secondaryactionind": "No",
        "subsequentRatingInd": "",
        "contactPersonId": null,
        "complianceType": "CAMS",
        "complianceID": "",
        "ratingShellId": null,
        "ratingShellDS": null,
        "workItemStatus": null,
        "workItemType": null,
        "workItemSubType": null,
        "workItemReleaseDtm": null,
        "pressReleaseId": null,
        "securityClassNm": null,
        "shadowCd": null,
        "pressReleaseType": null,
        "pyrRatingType": null,
        "pacrEmail": null,
        "pacr": null,
        "chairEmail": null,
        "chair": null,
        "addendum": null,
        "addendumEmail": null
    },
    {
        "sourceSystem": "ACCURATE",
        "orgId": null,
        "ratingActionDesc": null,
        "ratingActionID": "3449952",
        "ratingActionName": "1_PRO_CFG - Canadian Retail & B&S_Jonathan Reid _Moody's announces completion of a periodic review of ratings of Arterra Wines Canada, Inc.",
        "ratingCommitteeDate": null,
        "ratingOffice": "71",
        "ratingReleaseDate": "2020-09-24 16:06:27.266",
        "releaseDate": "2020-09-24 16:06:27.273",
        "lobname": "CFG",
        "sublobname": "CFG Regional",
        "region": "U.S.A. & Canada",
        "leadAnalystID": "7689",
        "leadAnalystName": "Jonathan Reid",
        "leadAnalystUniqueId": "reidj",
        "analystEmail": "Jonathan.Reid@moodys.com",
        "analystLocation": "Toronto - 70 York Street",
        "approverID": null,
        "approverName": " ",
        "officeName": "Moody's Canada Inc.",
        "documentExceptionListingInd": "Y",
        "announcementInd": "Y",
        "automaticRating": "Yes",
        "definitiveRatingPrevProvisional": "No",
        "indicativeRatingInd": "N",
        "definitiveRatingInd": null,
        "linkedAnotherActionInd": "No",
        "privateRatingActionInd": "",
        "provisionalRatingInd": "N",
        "secondaryactionind": "No",
        "subsequentRatingInd": "",
        "contactPersonId": null,
        "complianceType": "CAMS",
        "complianceID": "",
        "ratingShellId": null,
        "ratingShellDS": null,
        "workItemStatus": null,
        "workItemType": null,
        "workItemSubType": null,
        "workItemReleaseDtm": null,
        "pressReleaseId": null,
        "securityClassNm": null,
        "shadowCd": null,
        "pressReleaseType": null,
        "pyrRatingType": null,
        "pacrEmail": null,
        "pacr": null,
        "chairEmail": null,
        "chair": null,
        "addendum": null,
        "addendumEmail": null
    },
    {
        "sourceSystem": "ACCURATE",
        "orgId": null,
        "ratingActionDesc": null,
        "ratingActionID": "3449957",
        "ratingActionName": "1_PRO_CFG - Canadian Retail & B&S_Jonathan Reid _Moody's announces completion of a periodic review of ratings of BIFM CA Buyer Inc.",
        "ratingCommitteeDate": null,
        "ratingOffice": "71",
        "ratingReleaseDate": "2020-09-24 16:06:30.963",
        "releaseDate": "2020-09-24 16:06:30.97",
        "lobname": "CFG",
        "sublobname": "CFG Regional",
        "region": "U.S.A. & Canada",
        "leadAnalystID": "7689",
        "leadAnalystName": "Jonathan Reid",
        "leadAnalystUniqueId": "reidj",
        "analystEmail": "Jonathan.Reid@moodys.com",
        "analystLocation": "Toronto - 70 York Street",
        "approverID": null,
        "approverName": " ",
        "officeName": "Moody's Canada Inc.",
        "documentExceptionListingInd": "Y",
        "announcementInd": "Y",
        "automaticRating": "Yes",
        "definitiveRatingPrevProvisional": "No",
        "indicativeRatingInd": "N",
        "definitiveRatingInd": null,
        "linkedAnotherActionInd": "No",
        "privateRatingActionInd": "",
        "provisionalRatingInd": "N",
        "secondaryactionind": "No",
        "subsequentRatingInd": "",
        "contactPersonId": null,
        "complianceType": "CAMS",
        "complianceID": "",
        "ratingShellId": null,
        "ratingShellDS": null,
        "workItemStatus": null,
        "workItemType": null,
        "workItemSubType": null,
        "workItemReleaseDtm": null,
        "pressReleaseId": null,
        "securityClassNm": null,
        "shadowCd": null,
        "pressReleaseType": null,
        "pyrRatingType": null,
        "pacrEmail": null,
        "pacr": null,
        "chairEmail": null,
        "chair": null,
        "addendum": null,
        "addendumEmail": null
    },
    {
        "sourceSystem": "ACCURATE",
        "orgId": null,
        "ratingActionDesc": null,
        "ratingActionID": "3449967",
        "ratingActionName": "1_PRO_CFG - Canadian Retail & B&S_Jonathan Reid _Moody's announces completion of a periodic review of ratings of Celestica Inc.",
        "ratingCommitteeDate": null,
        "ratingOffice": "71",
        "ratingReleaseDate": "2020-09-24 16:06:20.14",
        "releaseDate": "2020-09-24 16:06:20.153",
        "lobname": "CFG",
        "sublobname": "CFG Regional",
        "region": "U.S.A. & Canada",
        "leadAnalystID": "7689",
        "leadAnalystName": "Jonathan Reid",
        "leadAnalystUniqueId": "reidj",
        "analystEmail": "Jonathan.Reid@moodys.com",
        "analystLocation": "Toronto - 70 York Street",
        "approverID": null,
        "approverName": " ",
        "officeName": "Moody's Canada Inc.",
        "documentExceptionListingInd": "Y",
        "announcementInd": "Y",
        "automaticRating": "Yes",
        "definitiveRatingPrevProvisional": "No",
        "indicativeRatingInd": "N",
        "definitiveRatingInd": null,
        "linkedAnotherActionInd": "No",
        "privateRatingActionInd": "",
        "provisionalRatingInd": "N",
        "secondaryactionind": "No",
        "subsequentRatingInd": "",
        "contactPersonId": null,
        "complianceType": "CAMS",
        "complianceID": "",
        "ratingShellId": null,
        "ratingShellDS": null,
        "workItemStatus": null,
        "workItemType": null,
        "workItemSubType": null,
        "workItemReleaseDtm": null,
        "pressReleaseId": null,
        "securityClassNm": null,
        "shadowCd": null,
        "pressReleaseType": null,
        "pyrRatingType": null,
        "pacrEmail": null,
        "pacr": null,
        "chairEmail": null,
        "chair": null,
        "addendum": null,
        "addendumEmail": null
    },
    {
        "sourceSystem": "ACCURATE",
        "orgId": null,
        "ratingActionDesc": null,
        "ratingActionID": "3449971",
        "ratingActionName": "1_PRO_CFG - Canadian Retail & B&S_Jonathan Reid _Moody's announces completion of a periodic review of ratings of Project Boost Purchaser, LLC",
        "ratingCommitteeDate": null,
        "ratingOffice": "71",
        "ratingReleaseDate": "2020-09-24 16:06:39.89",
        "releaseDate": "2020-09-24 16:06:39.9",
        "lobname": "CFG",
        "sublobname": "CFG Regional",
        "region": "U.S.A. & Canada",
        "leadAnalystID": "7689",
        "leadAnalystName": "Jonathan Reid",
        "leadAnalystUniqueId": "reidj",
        "analystEmail": "Jonathan.Reid@moodys.com",
        "analystLocation": "Toronto - 70 York Street",
        "approverID": null,
        "approverName": " ",
        "officeName": "Moody's Canada Inc.",
        "documentExceptionListingInd": "Y",
        "announcementInd": "Y",
        "automaticRating": "Yes",
        "definitiveRatingPrevProvisional": "No",
        "indicativeRatingInd": "N",
        "definitiveRatingInd": null,
        "linkedAnotherActionInd": "No",
        "privateRatingActionInd": "",
        "provisionalRatingInd": "N",
        "secondaryactionind": "No",
        "subsequentRatingInd": "",
        "contactPersonId": null,
        "complianceType": "CAMS",
        "complianceID": "",
        "ratingShellId": null,
        "ratingShellDS": null,
        "workItemStatus": null,
        "workItemType": null,
        "workItemSubType": null,
        "workItemReleaseDtm": null,
        "pressReleaseId": null,
        "securityClassNm": null,
        "shadowCd": null,
        "pressReleaseType": null,
        "pyrRatingType": null,
        "pacrEmail": null,
        "pacr": null,
        "chairEmail": null,
        "chair": null,
        "addendum": null,
        "addendumEmail": null
    },
    {
        "sourceSystem": "ACCURATE",
        "orgId": null,
        "ratingActionDesc": null,
        "ratingActionID": "3449980",
        "ratingActionName": "1_PRO_CFG - Canadian Retail & B&S_Jonathan Reid _Moody's announces completion of a periodic review of ratings of MLN US Holdco LLC",
        "ratingCommitteeDate": null,
        "ratingOffice": "71",
        "ratingReleaseDate": "2020-09-24 16:06:36.133",
        "releaseDate": "2020-09-24 16:06:36.143",
        "lobname": "CFG",
        "sublobname": "CFG Regional",
        "region": "U.S.A. & Canada",
        "leadAnalystID": "7689",
        "leadAnalystName": "Jonathan Reid",
        "leadAnalystUniqueId": "reidj",
        "analystEmail": "Jonathan.Reid@moodys.com",
        "analystLocation": "Toronto - 70 York Street",
        "approverID": null,
        "approverName": " ",
        "officeName": "Moody's Canada Inc.",
        "documentExceptionListingInd": "Y",
        "announcementInd": "Y",
        "automaticRating": "Yes",
        "definitiveRatingPrevProvisional": "No",
        "indicativeRatingInd": "N",
        "definitiveRatingInd": null,
        "linkedAnotherActionInd": "No",
        "privateRatingActionInd": "",
        "provisionalRatingInd": "N",
        "secondaryactionind": "No",
        "subsequentRatingInd": "",
        "contactPersonId": null,
        "complianceType": "CAMS",
        "complianceID": "",
        "ratingShellId": null,
        "ratingShellDS": null,
        "workItemStatus": null,
        "workItemType": null,
        "workItemSubType": null,
        "workItemReleaseDtm": null,
        "pressReleaseId": null,
        "securityClassNm": null,
        "shadowCd": null,
        "pressReleaseType": null,
        "pyrRatingType": null,
        "pacrEmail": null,
        "pacr": null,
        "chairEmail": null,
        "chair": null,
        "addendum": null,
        "addendumEmail": null
    },
    {
        "sourceSystem": "ACCURATE",
        "orgId": null,
        "ratingActionDesc": null,
        "ratingActionID": "3449984",
        "ratingActionName": "1_PRO_CFG - Canadian Retail & B&S_Jonathan Reid _Moody's announces completion of a periodic review of ratings of Ritchie Bros. Auctioneers Incorporated",
        "ratingCommitteeDate": null,
        "ratingOffice": "71",
        "ratingReleaseDate": "2020-09-25 12:10:14.456",
        "releaseDate": "2020-09-25 12:10:14.473",
        "lobname": "CFG",
        "sublobname": "CFG Regional",
        "region": "U.S.A. & Canada",
        "leadAnalystID": "7689",
        "leadAnalystName": "Jonathan Reid",
        "leadAnalystUniqueId": "reidj",
        "analystEmail": "Jonathan.Reid@moodys.com",
        "analystLocation": "Toronto - 70 York Street",
        "approverID": null,
        "approverName": " ",
        "officeName": "Moody's Canada Inc.",
        "documentExceptionListingInd": "Y",
        "announcementInd": "Y",
        "automaticRating": "Yes",
        "definitiveRatingPrevProvisional": "No",
        "indicativeRatingInd": "N",
        "definitiveRatingInd": null,
        "linkedAnotherActionInd": "No",
        "privateRatingActionInd": "",
        "provisionalRatingInd": "N",
        "secondaryactionind": "No",
        "subsequentRatingInd": "",
        "contactPersonId": null,
        "complianceType": "CAMS",
        "complianceID": "",
        "ratingShellId": null,
        "ratingShellDS": null,
        "workItemStatus": null,
        "workItemType": null,
        "workItemSubType": null,
        "workItemReleaseDtm": null,
        "pressReleaseId": null,
        "securityClassNm": null,
        "shadowCd": null,
        "pressReleaseType": null,
        "pyrRatingType": null,
        "pacrEmail": null,
        "pacr": null,
        "chairEmail": null,
        "chair": null,
        "addendum": null,
        "addendumEmail": null
    },
    {
        "sourceSystem": "ACCURATE",
        "orgId": null,
        "ratingActionDesc": null,
        "ratingActionID": "3450002",
        "ratingActionName": "1_PRO_CFG - Canadian Retail & B&S_Jonathan Reid _Moody's announces completion of a periodic review of ratings of WildBrain Ltd.",
        "ratingCommitteeDate": null,
        "ratingOffice": "71",
        "ratingReleaseDate": "2020-09-24 16:06:44.383",
        "releaseDate": "2020-09-24 16:06:44.393",
        "lobname": "CFG",
        "sublobname": "CFG Regional",
        "region": "U.S.A. & Canada",
        "leadAnalystID": "7689",
        "leadAnalystName": "Jonathan Reid",
        "leadAnalystUniqueId": "reidj",
        "analystEmail": "Jonathan.Reid@moodys.com",
        "analystLocation": "Toronto - 70 York Street",
        "approverID": null,
        "approverName": " ",
        "officeName": "Moody's Canada Inc.",
        "documentExceptionListingInd": "Y",
        "announcementInd": "Y",
        "automaticRating": "Yes",
        "definitiveRatingPrevProvisional": "No",
        "indicativeRatingInd": "N",
        "definitiveRatingInd": null,
        "linkedAnotherActionInd": "No",
        "privateRatingActionInd": "",
        "provisionalRatingInd": "N",
        "secondaryactionind": "No",
        "subsequentRatingInd": "",
        "contactPersonId": null,
        "complianceType": "CAMS",
        "complianceID": "",
        "ratingShellId": null,
        "ratingShellDS": null,
        "workItemStatus": null,
        "workItemType": null,
        "workItemSubType": null,
        "workItemReleaseDtm": null,
        "pressReleaseId": null,
        "securityClassNm": null,
        "shadowCd": null,
        "pressReleaseType": null,
        "pyrRatingType": null,
        "pacrEmail": null,
        "pacr": null,
        "chairEmail": null,
        "chair": null,
        "addendum": null,
        "addendumEmail": null
    },
    {
        "sourceSystem": "ACCURATE",
        "orgId": null,
        "ratingActionDesc": null,
        "ratingActionID": "3450029",
        "ratingActionName": "1_PRO_CFG - Canadian Retail & B&S_Louis Ko _Moody's announces completion of a periodic review of ratings of AAG FH LP",
        "ratingCommitteeDate": null,
        "ratingOffice": "71",
        "ratingReleaseDate": "2020-09-24 13:08:35.893",
        "releaseDate": "2020-09-24 13:08:35.903",
        "lobname": "CFG",
        "sublobname": "CFG Regional",
        "region": "U.S.A. & Canada",
        "leadAnalystID": "7468",
        "leadAnalystName": "Louis Ko",
        "leadAnalystUniqueId": "kolo",
        "analystEmail": "Louis.Ko@moodys.com",
        "analystLocation": "Toronto - 70 York Street",
        "approverID": null,
        "approverName": " ",
        "officeName": "Moody's Canada Inc.",
        "documentExceptionListingInd": "Y",
        "announcementInd": "Y",
        "automaticRating": "Yes",
        "definitiveRatingPrevProvisional": "No",
        "indicativeRatingInd": "N",
        "definitiveRatingInd": null,
        "linkedAnotherActionInd": "No",
        "privateRatingActionInd": "",
        "provisionalRatingInd": "N",
        "secondaryactionind": "No",
        "subsequentRatingInd": "",
        "contactPersonId": null,
        "complianceType": "CAMS",
        "complianceID": "",
        "ratingShellId": null,
        "ratingShellDS": null,
        "workItemStatus": null,
        "workItemType": null,
        "workItemSubType": null,
        "workItemReleaseDtm": null,
        "pressReleaseId": null,
        "securityClassNm": null,
        "shadowCd": null,
        "pressReleaseType": null,
        "pyrRatingType": null,
        "pacrEmail": null,
        "pacr": null,
        "chairEmail": null,
        "chair": null,
        "addendum": null,
        "addendumEmail": null
    },
    {
        "sourceSystem": "ACCURATE",
        "orgId": null,
        "ratingActionDesc": null,
        "ratingActionID": "3450031",
        "ratingActionName": "1_PRO_CFG - Canadian Retail & B&S_Louis Ko _Moody's announces completion of a periodic review of ratings of Alimentation Couche-Tard, Inc.",
        "ratingCommitteeDate": null,
        "ratingOffice": "71",
        "ratingReleaseDate": "2020-09-24 13:08:39.49",
        "releaseDate": "2020-09-24 13:08:39.5",
        "lobname": "CFG",
        "sublobname": "CFG Regional",
        "region": "U.S.A. & Canada",
        "leadAnalystID": "7468",
        "leadAnalystName": "Louis Ko",
        "leadAnalystUniqueId": "kolo",
        "analystEmail": "Louis.Ko@moodys.com",
        "analystLocation": "Toronto - 70 York Street",
        "approverID": null,
        "approverName": " ",
        "officeName": "Moody's Canada Inc.",
        "documentExceptionListingInd": "Y",
        "announcementInd": "Y",
        "automaticRating": "Yes",
        "definitiveRatingPrevProvisional": "No",
        "indicativeRatingInd": "N",
        "definitiveRatingInd": null,
        "linkedAnotherActionInd": "No",
        "privateRatingActionInd": "",
        "provisionalRatingInd": "N",
        "secondaryactionind": "No",
        "subsequentRatingInd": "",
        "contactPersonId": null,
        "complianceType": "CAMS",
        "complianceID": "",
        "ratingShellId": null,
        "ratingShellDS": null,
        "workItemStatus": null,
        "workItemType": null,
        "workItemSubType": null,
        "workItemReleaseDtm": null,
        "pressReleaseId": null,
        "securityClassNm": null,
        "shadowCd": null,
        "pressReleaseType": null,
        "pyrRatingType": null,
        "pacrEmail": null,
        "pacr": null,
        "chairEmail": null,
        "chair": null,
        "addendum": null,
        "addendumEmail": null
    },
    {
        "sourceSystem": "ACCURATE",
        "orgId": null,
        "ratingActionDesc": null,
        "ratingActionID": "3450040",
        "ratingActionName": "1_PRO_CFG - Canadian Retail & B&S_Louis Ko _Moody's announces completion of a periodic review of ratings of Bombardier Rec Products, Inc.",
        "ratingCommitteeDate": null,
        "ratingOffice": "71",
        "ratingReleaseDate": "2020-09-24 13:08:43.34",
        "releaseDate": "2020-09-24 13:08:43.346",
        "lobname": "CFG",
        "sublobname": "CFG Regional",
        "region": "U.S.A. & Canada",
        "leadAnalystID": "7468",
        "leadAnalystName": "Louis Ko",
        "leadAnalystUniqueId": "kolo",
        "analystEmail": "Louis.Ko@moodys.com",
        "analystLocation": "Toronto - 70 York Street",
        "approverID": null,
        "approverName": " ",
        "officeName": "Moody's Canada Inc.",
        "documentExceptionListingInd": "Y",
        "announcementInd": "Y",
        "automaticRating": "Yes",
        "definitiveRatingPrevProvisional": "No",
        "indicativeRatingInd": "N",
        "definitiveRatingInd": null,
        "linkedAnotherActionInd": "No",
        "privateRatingActionInd": "",
        "provisionalRatingInd": "N",
        "secondaryactionind": "No",
        "subsequentRatingInd": "",
        "contactPersonId": null,
        "complianceType": "CAMS",
        "complianceID": "",
        "ratingShellId": null,
        "ratingShellDS": null,
        "workItemStatus": null,
        "workItemType": null,
        "workItemSubType": null,
        "workItemReleaseDtm": null,
        "pressReleaseId": null,
        "securityClassNm": null,
        "shadowCd": null,
        "pressReleaseType": null,
        "pyrRatingType": null,
        "pacrEmail": null,
        "pacr": null,
        "chairEmail": null,
        "chair": null,
        "addendum": null,
        "addendumEmail": null
    },
    {
        "sourceSystem": "ACCURATE",
        "orgId": null,
        "ratingActionDesc": null,
        "ratingActionID": "3450045",
        "ratingActionName": "1_PRO_CFG - Canadian Retail & B&S_Louis Ko _Moody's announces completion of a periodic review of ratings of Canadian Tire Corp. Ltd.",
        "ratingCommitteeDate": null,
        "ratingOffice": "71",
        "ratingReleaseDate": "2020-09-24 13:08:50.323",
        "releaseDate": "2020-09-24 13:08:50.33",
        "lobname": "CFG",
        "sublobname": "CFG Regional",
        "region": "U.S.A. & Canada",
        "leadAnalystID": "7468",
        "leadAnalystName": "Louis Ko",
        "leadAnalystUniqueId": "kolo",
        "analystEmail": "Louis.Ko@moodys.com",
        "analystLocation": "Toronto - 70 York Street",
        "approverID": null,
        "approverName": " ",
        "officeName": "Moody's Canada Inc.",
        "documentExceptionListingInd": "Y",
        "announcementInd": "Y",
        "automaticRating": "Yes",
        "definitiveRatingPrevProvisional": "No",
        "indicativeRatingInd": "N",
        "definitiveRatingInd": null,
        "linkedAnotherActionInd": "No",
        "privateRatingActionInd": "",
        "provisionalRatingInd": "N",
        "secondaryactionind": "No",
        "subsequentRatingInd": "",
        "contactPersonId": null,
        "complianceType": "CAMS",
        "complianceID": "",
        "ratingShellId": null,
        "ratingShellDS": null,
        "workItemStatus": null,
        "workItemType": null,
        "workItemSubType": null,
        "workItemReleaseDtm": null,
        "pressReleaseId": null,
        "securityClassNm": null,
        "shadowCd": null,
        "pressReleaseType": null,
        "pyrRatingType": null,
        "pacrEmail": null,
        "pacr": null,
        "chairEmail": null,
        "chair": null,
        "addendum": null,
        "addendumEmail": null
    },
    {
        "sourceSystem": "ACCURATE",
        "orgId": null,
        "ratingActionDesc": null,
        "ratingActionID": "3450050",
        "ratingActionName": "1_PRO_CFG - Canadian Retail & B&S_Louis Ko _Moody's announces completion of a periodic review of ratings of CCL Industries Inc.",
        "ratingCommitteeDate": null,
        "ratingOffice": "71",
        "ratingReleaseDate": "2020-09-24 13:08:47.186",
        "releaseDate": "2020-09-24 13:08:47.193",
        "lobname": "CFG",
        "sublobname": "CFG Regional",
        "region": "U.S.A. & Canada",
        "leadAnalystID": "7468",
        "leadAnalystName": "Louis Ko",
        "leadAnalystUniqueId": "kolo",
        "analystEmail": "Louis.Ko@moodys.com",
        "analystLocation": "Toronto - 70 York Street",
        "approverID": null,
        "approverName": " ",
        "officeName": "Moody's Canada Inc.",
        "documentExceptionListingInd": "Y",
        "announcementInd": "Y",
        "automaticRating": "Yes",
        "definitiveRatingPrevProvisional": "No",
        "indicativeRatingInd": "N",
        "definitiveRatingInd": null,
        "linkedAnotherActionInd": "No",
        "privateRatingActionInd": "",
        "provisionalRatingInd": "N",
        "secondaryactionind": "No",
        "subsequentRatingInd": "",
        "contactPersonId": null,
        "complianceType": "CAMS",
        "complianceID": "",
        "ratingShellId": null,
        "ratingShellDS": null,
        "workItemStatus": null,
        "workItemType": null,
        "workItemSubType": null,
        "workItemReleaseDtm": null,
        "pressReleaseId": null,
        "securityClassNm": null,
        "shadowCd": null,
        "pressReleaseType": null,
        "pyrRatingType": null,
        "pacrEmail": null,
        "pacr": null,
        "chairEmail": null,
        "chair": null,
        "addendum": null,
        "addendumEmail": null
    },
    {
        "sourceSystem": "ACCURATE",
        "orgId": null,
        "ratingActionDesc": null,
        "ratingActionID": "3450052",
        "ratingActionName": "1_PRO_CFG - Canadian Retail & B&S_Louis Ko _Moody's announces completion of a periodic review of ratings of Clearwater Seafoods Incorporated",
        "ratingCommitteeDate": null,
        "ratingOffice": "71",
        "ratingReleaseDate": "2020-09-24 13:08:53.736",
        "releaseDate": "2020-09-24 13:08:53.746",
        "lobname": "CFG",
        "sublobname": "CFG Regional",
        "region": "U.S.A. & Canada",
        "leadAnalystID": "7468",
        "leadAnalystName": "Louis Ko",
        "leadAnalystUniqueId": "kolo",
        "analystEmail": "Louis.Ko@moodys.com",
        "analystLocation": "Toronto - 70 York Street",
        "approverID": null,
        "approverName": " ",
        "officeName": "Moody's Canada Inc.",
        "documentExceptionListingInd": "Y",
        "announcementInd": "Y",
        "automaticRating": "Yes",
        "definitiveRatingPrevProvisional": "No",
        "indicativeRatingInd": "N",
        "definitiveRatingInd": null,
        "linkedAnotherActionInd": "No",
        "privateRatingActionInd": "",
        "provisionalRatingInd": "N",
        "secondaryactionind": "No",
        "subsequentRatingInd": "",
        "contactPersonId": null,
        "complianceType": "CAMS",
        "complianceID": "",
        "ratingShellId": null,
        "ratingShellDS": null,
        "workItemStatus": null,
        "workItemType": null,
        "workItemSubType": null,
        "workItemReleaseDtm": null,
        "pressReleaseId": null,
        "securityClassNm": null,
        "shadowCd": null,
        "pressReleaseType": null,
        "pyrRatingType": null,
        "pacrEmail": null,
        "pacr": null,
        "chairEmail": null,
        "chair": null,
        "addendum": null,
        "addendumEmail": null
    },
    {
        "sourceSystem": "ACCURATE",
        "orgId": null,
        "ratingActionDesc": null,
        "ratingActionID": "3450060",
        "ratingActionName": "1_PRO_CFG - Canadian Retail & B&S_Louis Ko _Moody's announces completion of a periodic review of ratings of Cooke Omega Investments Inc.",
        "ratingCommitteeDate": null,
        "ratingOffice": "71",
        "ratingReleaseDate": "2020-09-24 13:08:57.06",
        "releaseDate": "2020-09-24 13:08:57.07",
        "lobname": "CFG",
        "sublobname": "CFG Regional",
        "region": "U.S.A. & Canada",
        "leadAnalystID": "7468",
        "leadAnalystName": "Louis Ko",
        "leadAnalystUniqueId": "kolo",
        "analystEmail": "Louis.Ko@moodys.com",
        "analystLocation": "Toronto - 70 York Street",
        "approverID": null,
        "approverName": " ",
        "officeName": "Moody's Canada Inc.",
        "documentExceptionListingInd": "Y",
        "announcementInd": "Y",
        "automaticRating": "Yes",
        "definitiveRatingPrevProvisional": "No",
        "indicativeRatingInd": "N",
        "definitiveRatingInd": null,
        "linkedAnotherActionInd": "No",
        "privateRatingActionInd": "",
        "provisionalRatingInd": "N",
        "secondaryactionind": "No",
        "subsequentRatingInd": "",
        "contactPersonId": null,
        "complianceType": "CAMS",
        "complianceID": "",
        "ratingShellId": null,
        "ratingShellDS": null,
        "workItemStatus": null,
        "workItemType": null,
        "workItemSubType": null,
        "workItemReleaseDtm": null,
        "pressReleaseId": null,
        "securityClassNm": null,
        "shadowCd": null,
        "pressReleaseType": null,
        "pyrRatingType": null,
        "pacrEmail": null,
        "pacr": null,
        "chairEmail": null,
        "chair": null,
        "addendum": null,
        "addendumEmail": null
    },
    {
        "sourceSystem": "ACCURATE",
        "orgId": null,
        "ratingActionDesc": null,
        "ratingActionID": "3450062",
        "ratingActionName": "1_PRO_CFG - Canadian Retail & B&S_Louis Ko _Moody's announces completion of a periodic review of ratings of Dollarama Inc.",
        "ratingCommitteeDate": null,
        "ratingOffice": "71",
        "ratingReleaseDate": "2020-09-24 13:09:00.94",
        "releaseDate": "2020-09-24 13:09:00.95",
        "lobname": "CFG",
        "sublobname": "CFG Regional",
        "region": "U.S.A. & Canada",
        "leadAnalystID": "7468",
        "leadAnalystName": "Louis Ko",
        "leadAnalystUniqueId": "kolo",
        "analystEmail": "Louis.Ko@moodys.com",
        "analystLocation": "Toronto - 70 York Street",
        "approverID": null,
        "approverName": " ",
        "officeName": "Moody's Canada Inc.",
        "documentExceptionListingInd": "Y",
        "announcementInd": "Y",
        "automaticRating": "Yes",
        "definitiveRatingPrevProvisional": "No",
        "indicativeRatingInd": "N",
        "definitiveRatingInd": null,
        "linkedAnotherActionInd": "No",
        "privateRatingActionInd": "",
        "provisionalRatingInd": "N",
        "secondaryactionind": "No",
        "subsequentRatingInd": "",
        "contactPersonId": null,
        "complianceType": "CAMS",
        "complianceID": "",
        "ratingShellId": null,
        "ratingShellDS": null,
        "workItemStatus": null,
        "workItemType": null,
        "workItemSubType": null,
        "workItemReleaseDtm": null,
        "pressReleaseId": null,
        "securityClassNm": null,
        "shadowCd": null,
        "pressReleaseType": null,
        "pyrRatingType": null,
        "pacrEmail": null,
        "pacr": null,
        "chairEmail": null,
        "chair": null,
        "addendum": null,
        "addendumEmail": null
    },
    {
        "sourceSystem": "ACCURATE",
        "orgId": null,
        "ratingActionDesc": null,
        "ratingActionID": "3450066",
        "ratingActionName": "1_PRO_CFG - Canadian Retail & B&S_Louis Ko _Moody's announces completion of a periodic review of ratings of Garda World Security Corporation",
        "ratingCommitteeDate": null,
        "ratingOffice": "71",
        "ratingReleaseDate": "2020-09-24 13:09:08.393",
        "releaseDate": "2020-09-24 13:09:08.406",
        "lobname": "CFG",
        "sublobname": "CFG Regional",
        "region": "U.S.A. & Canada",
        "leadAnalystID": "7468",
        "leadAnalystName": "Louis Ko",
        "leadAnalystUniqueId": "kolo",
        "analystEmail": "Louis.Ko@moodys.com",
        "analystLocation": "Toronto - 70 York Street",
        "approverID": null,
        "approverName": " ",
        "officeName": "Moody's Canada Inc.",
        "documentExceptionListingInd": "Y",
        "announcementInd": "Y",
        "automaticRating": "Yes",
        "definitiveRatingPrevProvisional": "No",
        "indicativeRatingInd": "N",
        "definitiveRatingInd": null,
        "linkedAnotherActionInd": "No",
        "privateRatingActionInd": "",
        "provisionalRatingInd": "N",
        "secondaryactionind": "No",
        "subsequentRatingInd": "",
        "contactPersonId": null,
        "complianceType": "CAMS",
        "complianceID": "",
        "ratingShellId": null,
        "ratingShellDS": null,
        "workItemStatus": null,
        "workItemType": null,
        "workItemSubType": null,
        "workItemReleaseDtm": null,
        "pressReleaseId": null,
        "securityClassNm": null,
        "shadowCd": null,
        "pressReleaseType": null,
        "pyrRatingType": null,
        "pacrEmail": null,
        "pacr": null,
        "chairEmail": null,
        "chair": null,
        "addendum": null,
        "addendumEmail": null
    },
    {
        "sourceSystem": "ACCURATE",
        "orgId": null,
        "ratingActionDesc": null,
        "ratingActionID": "3450068",
        "ratingActionName": "1_PRO_CFG - Canadian Retail & B&S_Louis Ko _Moody's announces completion of a periodic review of ratings of GFL Environmental Inc.",
        "ratingCommitteeDate": null,
        "ratingOffice": "71",
        "ratingReleaseDate": "2020-09-24 13:09:04.933",
        "releaseDate": "2020-09-24 13:09:04.946",
        "lobname": "CFG",
        "sublobname": "CFG Regional",
        "region": "U.S.A. & Canada",
        "leadAnalystID": "7468",
        "leadAnalystName": "Louis Ko",
        "leadAnalystUniqueId": "kolo",
        "analystEmail": "Louis.Ko@moodys.com",
        "analystLocation": "Toronto - 70 York Street",
        "approverID": null,
        "approverName": " ",
        "officeName": "Moody's Canada Inc.",
        "documentExceptionListingInd": "Y",
        "announcementInd": "Y",
        "automaticRating": "Yes",
        "definitiveRatingPrevProvisional": "No",
        "indicativeRatingInd": "N",
        "definitiveRatingInd": null,
        "linkedAnotherActionInd": "No",
        "privateRatingActionInd": "",
        "provisionalRatingInd": "N",
        "secondaryactionind": "No",
        "subsequentRatingInd": "",
        "contactPersonId": null,
        "complianceType": "CAMS",
        "complianceID": "",
        "ratingShellId": null,
        "ratingShellDS": null,
        "workItemStatus": null,
        "workItemType": null,
        "workItemSubType": null,
        "workItemReleaseDtm": null,
        "pressReleaseId": null,
        "securityClassNm": null,
        "shadowCd": null,
        "pressReleaseType": null,
        "pyrRatingType": null,
        "pacrEmail": null,
        "pacr": null,
        "chairEmail": null,
        "chair": null,
        "addendum": null,
        "addendumEmail": null
    },
    {
        "sourceSystem": "ACCURATE",
        "orgId": null,
        "ratingActionDesc": null,
        "ratingActionID": "3450070",
        "ratingActionName": "1_PRO_CFG - Canadian Retail & B&S_Louis Ko _Moody's announces completion of a periodic review of ratings of High Liner Foods Incorporated",
        "ratingCommitteeDate": null,
        "ratingOffice": "71",
        "ratingReleaseDate": "2020-09-24 13:09:12.106",
        "releaseDate": "2020-09-24 13:09:12.116",
        "lobname": "CFG",
        "sublobname": "CFG Regional",
        "region": "U.S.A. & Canada",
        "leadAnalystID": "7468",
        "leadAnalystName": "Louis Ko",
        "leadAnalystUniqueId": "kolo",
        "analystEmail": "Louis.Ko@moodys.com",
        "analystLocation": "Toronto - 70 York Street",
        "approverID": null,
        "approverName": " ",
        "officeName": "Moody's Canada Inc.",
        "documentExceptionListingInd": "Y",
        "announcementInd": "Y",
        "automaticRating": "Yes",
        "definitiveRatingPrevProvisional": "No",
        "indicativeRatingInd": "N",
        "definitiveRatingInd": null,
        "linkedAnotherActionInd": "No",
        "privateRatingActionInd": "",
        "provisionalRatingInd": "N",
        "secondaryactionind": "No",
        "subsequentRatingInd": "",
        "contactPersonId": null,
        "complianceType": "CAMS",
        "complianceID": "",
        "ratingShellId": null,
        "ratingShellDS": null,
        "workItemStatus": null,
        "workItemType": null,
        "workItemSubType": null,
        "workItemReleaseDtm": null,
        "pressReleaseId": null,
        "securityClassNm": null,
        "shadowCd": null,
        "pressReleaseType": null,
        "pyrRatingType": null,
        "pacrEmail": null,
        "pacr": null,
        "chairEmail": null,
        "chair": null,
        "addendum": null,
        "addendumEmail": null
    },
    {
        "sourceSystem": "ACCURATE",
        "orgId": null,
        "ratingActionDesc": null,
        "ratingActionID": "3450072",
        "ratingActionName": "1_PRO_CFG - Canadian Retail & B&S_Louis Ko _Moody's announces completion of a periodic review of ratings of Husky III Holding Limited",
        "ratingCommitteeDate": null,
        "ratingOffice": "71",
        "ratingReleaseDate": "2020-09-24 13:09:16.683",
        "releaseDate": "2020-09-24 13:09:16.696",
        "lobname": "CFG",
        "sublobname": "CFG Regional",
        "region": "U.S.A. & Canada",
        "leadAnalystID": "7468",
        "leadAnalystName": "Louis Ko",
        "leadAnalystUniqueId": "kolo",
        "analystEmail": "Louis.Ko@moodys.com",
        "analystLocation": "Toronto - 70 York Street",
        "approverID": null,
        "approverName": " ",
        "officeName": "Moody's Canada Inc.",
        "documentExceptionListingInd": "Y",
        "announcementInd": "Y",
        "automaticRating": "Yes",
        "definitiveRatingPrevProvisional": "No",
        "indicativeRatingInd": "N",
        "definitiveRatingInd": null,
        "linkedAnotherActionInd": "No",
        "privateRatingActionInd": "",
        "provisionalRatingInd": "N",
        "secondaryactionind": "No",
        "subsequentRatingInd": "",
        "contactPersonId": null,
        "complianceType": "CAMS",
        "complianceID": "",
        "ratingShellId": null,
        "ratingShellDS": null,
        "workItemStatus": null,
        "workItemType": null,
        "workItemSubType": null,
        "workItemReleaseDtm": null,
        "pressReleaseId": null,
        "securityClassNm": null,
        "shadowCd": null,
        "pressReleaseType": null,
        "pyrRatingType": null,
        "pacrEmail": null,
        "pacr": null,
        "chairEmail": null,
        "chair": null,
        "addendum": null,
        "addendumEmail": null
    },
    {
        "sourceSystem": "ACCURATE",
        "orgId": null,
        "ratingActionDesc": null,
        "ratingActionID": "3450075",
        "ratingActionName": "1_PRO_CFG - Canadian Retail & B&S_Louis Ko _Moody's announces completion of a periodic review of ratings of Intelligent Packaging Limited Finco Inc.",
        "ratingCommitteeDate": null,
        "ratingOffice": "71",
        "ratingReleaseDate": "2020-09-24 13:22:53.26",
        "releaseDate": "2020-09-24 13:22:53.286",
        "lobname": "CFG",
        "sublobname": "CFG Regional",
        "region": "U.S.A. & Canada",
        "leadAnalystID": "7468",
        "leadAnalystName": "Louis Ko",
        "leadAnalystUniqueId": "kolo",
        "analystEmail": "Louis.Ko@moodys.com",
        "analystLocation": "Toronto - 70 York Street",
        "approverID": null,
        "approverName": " ",
        "officeName": "Moody's Canada Inc.",
        "documentExceptionListingInd": "Y",
        "announcementInd": "Y",
        "automaticRating": "Yes",
        "definitiveRatingPrevProvisional": "No",
        "indicativeRatingInd": "N",
        "definitiveRatingInd": null,
        "linkedAnotherActionInd": "No",
        "privateRatingActionInd": "",
        "provisionalRatingInd": "N",
        "secondaryactionind": "No",
        "subsequentRatingInd": "",
        "contactPersonId": null,
        "complianceType": "CAMS",
        "complianceID": "",
        "ratingShellId": null,
        "ratingShellDS": null,
        "workItemStatus": null,
        "workItemType": null,
        "workItemSubType": null,
        "workItemReleaseDtm": null,
        "pressReleaseId": null,
        "securityClassNm": null,
        "shadowCd": null,
        "pressReleaseType": null,
        "pyrRatingType": null,
        "pacrEmail": null,
        "pacr": null,
        "chairEmail": null,
        "chair": null,
        "addendum": null,
        "addendumEmail": null
    },
    {
        "sourceSystem": "ACCURATE",
        "orgId": null,
        "ratingActionDesc": null,
        "ratingActionID": "3450078",
        "ratingActionName": "1_PRO_CFG - Canadian Retail & B&S_Louis Ko _Moody's announces completion of a periodic review of ratings of Kronos Acquisition Holdings Inc.",
        "ratingCommitteeDate": null,
        "ratingOffice": "71",
        "ratingReleaseDate": "2020-09-24 13:22:56.83",
        "releaseDate": "2020-09-24 13:22:56.836",
        "lobname": "CFG",
        "sublobname": "CFG Regional",
        "region": "U.S.A. & Canada",
        "leadAnalystID": "7468",
        "leadAnalystName": "Louis Ko",
        "leadAnalystUniqueId": "kolo",
        "analystEmail": "Louis.Ko@moodys.com",
        "analystLocation": "Toronto - 70 York Street",
        "approverID": null,
        "approverName": " ",
        "officeName": "Moody's Canada Inc.",
        "documentExceptionListingInd": "Y",
        "announcementInd": "Y",
        "automaticRating": "Yes",
        "definitiveRatingPrevProvisional": "No",
        "indicativeRatingInd": "N",
        "definitiveRatingInd": null,
        "linkedAnotherActionInd": "No",
        "privateRatingActionInd": "",
        "provisionalRatingInd": "N",
        "secondaryactionind": "No",
        "subsequentRatingInd": "",
        "contactPersonId": null,
        "complianceType": "CAMS",
        "complianceID": "",
        "ratingShellId": null,
        "ratingShellDS": null,
        "workItemStatus": null,
        "workItemType": null,
        "workItemSubType": null,
        "workItemReleaseDtm": null,
        "pressReleaseId": null,
        "securityClassNm": null,
        "shadowCd": null,
        "pressReleaseType": null,
        "pyrRatingType": null,
        "pacrEmail": null,
        "pacr": null,
        "chairEmail": null,
        "chair": null,
        "addendum": null,
        "addendumEmail": null
    },
    {
        "sourceSystem": "ACCURATE",
        "orgId": null,
        "ratingActionDesc": null,
        "ratingActionID": "3450080",
        "ratingActionName": "1_PRO_CFG - Canadian Retail & B&S_Louis Ko _Moody's announces completion of a periodic review of ratings of Livingston International Inc.",
        "ratingCommitteeDate": null,
        "ratingOffice": "71",
        "ratingReleaseDate": "2020-09-24 13:23:00.436",
        "releaseDate": "2020-09-24 13:23:00.443",
        "lobname": "CFG",
        "sublobname": "CFG Regional",
        "region": "U.S.A. & Canada",
        "leadAnalystID": "7468",
        "leadAnalystName": "Louis Ko",
        "leadAnalystUniqueId": "kolo",
        "analystEmail": "Louis.Ko@moodys.com",
        "analystLocation": "Toronto - 70 York Street",
        "approverID": null,
        "approverName": " ",
        "officeName": "Moody's Canada Inc.",
        "documentExceptionListingInd": "Y",
        "announcementInd": "Y",
        "automaticRating": "Yes",
        "definitiveRatingPrevProvisional": "No",
        "indicativeRatingInd": "N",
        "definitiveRatingInd": null,
        "linkedAnotherActionInd": "No",
        "privateRatingActionInd": "",
        "provisionalRatingInd": "N",
        "secondaryactionind": "No",
        "subsequentRatingInd": "",
        "contactPersonId": null,
        "complianceType": "CAMS",
        "complianceID": "",
        "ratingShellId": null,
        "ratingShellDS": null,
        "workItemStatus": null,
        "workItemType": null,
        "workItemSubType": null,
        "workItemReleaseDtm": null,
        "pressReleaseId": null,
        "securityClassNm": null,
        "shadowCd": null,
        "pressReleaseType": null,
        "pyrRatingType": null,
        "pacrEmail": null,
        "pacr": null,
        "chairEmail": null,
        "chair": null,
        "addendum": null,
        "addendumEmail": null
    },
    {
        "sourceSystem": "ACCURATE",
        "orgId": null,
        "ratingActionDesc": null,
        "ratingActionID": "3450086",
        "ratingActionName": "1_PRO_CFG - Canadian Retail & B&S_Louis Ko _Moody's announces completion of a periodic review of ratings of Saputo Inc.",
        "ratingCommitteeDate": null,
        "ratingOffice": "71",
        "ratingReleaseDate": "2020-09-24 13:23:04.1",
        "releaseDate": "2020-09-24 13:23:04.106",
        "lobname": "CFG",
        "sublobname": "CFG Regional",
        "region": "U.S.A. & Canada",
        "leadAnalystID": "7468",
        "leadAnalystName": "Louis Ko",
        "leadAnalystUniqueId": "kolo",
        "analystEmail": "Louis.Ko@moodys.com",
        "analystLocation": "Toronto - 70 York Street",
        "approverID": null,
        "approverName": " ",
        "officeName": "Moody's Canada Inc.",
        "documentExceptionListingInd": "Y",
        "announcementInd": "Y",
        "automaticRating": "Yes",
        "definitiveRatingPrevProvisional": "No",
        "indicativeRatingInd": "N",
        "definitiveRatingInd": null,
        "linkedAnotherActionInd": "No",
        "privateRatingActionInd": "",
        "provisionalRatingInd": "N",
        "secondaryactionind": "No",
        "subsequentRatingInd": "",
        "contactPersonId": null,
        "complianceType": "CAMS",
        "complianceID": "",
        "ratingShellId": null,
        "ratingShellDS": null,
        "workItemStatus": null,
        "workItemType": null,
        "workItemSubType": null,
        "workItemReleaseDtm": null,
        "pressReleaseId": null,
        "securityClassNm": null,
        "shadowCd": null,
        "pressReleaseType": null,
        "pyrRatingType": null,
        "pacrEmail": null,
        "pacr": null,
        "chairEmail": null,
        "chair": null,
        "addendum": null,
        "addendumEmail": null
    },
    {
        "sourceSystem": "ACCURATE",
        "orgId": null,
        "ratingActionDesc": null,
        "ratingActionID": "3450088",
        "ratingActionName": "1_PRO_CFG - Canadian Retail & B&S_Louis Ko _Moody's announces completion of a periodic review of ratings of SunOpta Foods Inc.",
        "ratingCommitteeDate": null,
        "ratingOffice": "71",
        "ratingReleaseDate": "2020-09-24 13:36:29.48",
        "releaseDate": "2020-09-24 13:36:29.486",
        "lobname": "CFG",
        "sublobname": "CFG Regional",
        "region": "U.S.A. & Canada",
        "leadAnalystID": "7468",
        "leadAnalystName": "Louis Ko",
        "leadAnalystUniqueId": "kolo",
        "analystEmail": "Louis.Ko@moodys.com",
        "analystLocation": "Toronto - 70 York Street",
        "approverID": null,
        "approverName": " ",
        "officeName": "Moody's Canada Inc.",
        "documentExceptionListingInd": "Y",
        "announcementInd": "Y",
        "automaticRating": "Yes",
        "definitiveRatingPrevProvisional": "No",
        "indicativeRatingInd": "N",
        "definitiveRatingInd": null,
        "linkedAnotherActionInd": "No",
        "privateRatingActionInd": "",
        "provisionalRatingInd": "N",
        "secondaryactionind": "No",
        "subsequentRatingInd": "",
        "contactPersonId": null,
        "complianceType": "CAMS",
        "complianceID": "",
        "ratingShellId": null,
        "ratingShellDS": null,
        "workItemStatus": null,
        "workItemType": null,
        "workItemSubType": null,
        "workItemReleaseDtm": null,
        "pressReleaseId": null,
        "securityClassNm": null,
        "shadowCd": null,
        "pressReleaseType": null,
        "pyrRatingType": null,
        "pacrEmail": null,
        "pacr": null,
        "chairEmail": null,
        "chair": null,
        "addendum": null,
        "addendumEmail": null
    },
    {
        "sourceSystem": "ACCURATE",
        "orgId": null,
        "ratingActionDesc": null,
        "ratingActionID": "3450090",
        "ratingActionName": "1_PRO_CFG - Canadian Retail & B&S_Louis Ko _Moody's announces completion of a periodic review of ratings of Trader Corporation",
        "ratingCommitteeDate": null,
        "ratingOffice": "71",
        "ratingReleaseDate": "2020-09-24 13:36:33.133",
        "releaseDate": "2020-09-24 13:36:33.156",
        "lobname": "CFG",
        "sublobname": "CFG Regional",
        "region": "U.S.A. & Canada",
        "leadAnalystID": "7468",
        "leadAnalystName": "Louis Ko",
        "leadAnalystUniqueId": "kolo",
        "analystEmail": "Louis.Ko@moodys.com",
        "analystLocation": "Toronto - 70 York Street",
        "approverID": null,
        "approverName": " ",
        "officeName": "Moody's Canada Inc.",
        "documentExceptionListingInd": "Y",
        "announcementInd": "Y",
        "automaticRating": "Yes",
        "definitiveRatingPrevProvisional": "No",
        "indicativeRatingInd": "N",
        "definitiveRatingInd": null,
        "linkedAnotherActionInd": "No",
        "privateRatingActionInd": "",
        "provisionalRatingInd": "N",
        "secondaryactionind": "No",
        "subsequentRatingInd": "",
        "contactPersonId": null,
        "complianceType": "CAMS",
        "complianceID": "",
        "ratingShellId": null,
        "ratingShellDS": null,
        "workItemStatus": null,
        "workItemType": null,
        "workItemSubType": null,
        "workItemReleaseDtm": null,
        "pressReleaseId": null,
        "securityClassNm": null,
        "shadowCd": null,
        "pressReleaseType": null,
        "pyrRatingType": null,
        "pacrEmail": null,
        "pacr": null,
        "chairEmail": null,
        "chair": null,
        "addendum": null,
        "addendumEmail": null
    },
    {
        "sourceSystem": "ACCURATE",
        "orgId": null,
        "ratingActionDesc": null,
        "ratingActionID": "3450092",
        "ratingActionName": "1_PRO_CFG - Canadian Retail & B&S_Paresh Chari _Moody's announces completion of a periodic review of ratings of Parkland Corporation",
        "ratingCommitteeDate": null,
        "ratingOffice": "71",
        "ratingReleaseDate": "2020-09-24 10:26:39.793",
        "releaseDate": "2020-09-24 10:26:39.803",
        "lobname": "CFG",
        "sublobname": "CFG Regional",
        "region": "U.S.A. & Canada",
        "leadAnalystID": "7167",
        "leadAnalystName": "Paresh Chari",
        "leadAnalystUniqueId": "charip",
        "analystEmail": "Paresh.Chari@moodys.com",
        "analystLocation": "Toronto - 70 York Street",
        "approverID": null,
        "approverName": " ",
        "officeName": "Moody's Canada Inc.",
        "documentExceptionListingInd": "Y",
        "announcementInd": "Y",
        "automaticRating": "Yes",
        "definitiveRatingPrevProvisional": "No",
        "indicativeRatingInd": "N",
        "definitiveRatingInd": null,
        "linkedAnotherActionInd": "No",
        "privateRatingActionInd": "",
        "provisionalRatingInd": "N",
        "secondaryactionind": "No",
        "subsequentRatingInd": "",
        "contactPersonId": null,
        "complianceType": "CAMS",
        "complianceID": "",
        "ratingShellId": null,
        "ratingShellDS": null,
        "workItemStatus": null,
        "workItemType": null,
        "workItemSubType": null,
        "workItemReleaseDtm": null,
        "pressReleaseId": null,
        "securityClassNm": null,
        "shadowCd": null,
        "pressReleaseType": null,
        "pyrRatingType": null,
        "pacrEmail": null,
        "pacr": null,
        "chairEmail": null,
        "chair": null,
        "addendum": null,
        "addendumEmail": null
    },
    {
        "sourceSystem": "ACCURATE",
        "orgId": null,
        "ratingActionDesc": null,
        "ratingActionID": "3450109",
        "ratingActionName": "1_PRO_CFG - Canadian Retail & B&S_Whitney Leavens _Moody's announces completion of a periodic review of ratings of ATS Automation Tooling Systems Inc.",
        "ratingCommitteeDate": null,
        "ratingOffice": "71",
        "ratingReleaseDate": "2020-09-24 17:36:36.3",
        "releaseDate": "2020-09-24 17:36:36.31",
        "lobname": "CFG",
        "sublobname": "CFG Regional",
        "region": "U.S.A. & Canada",
        "leadAnalystID": "7273",
        "leadAnalystName": "Whitney Leavens",
        "leadAnalystUniqueId": "leavensw",
        "analystEmail": "Whitney.Leavens@moodys.com",
        "analystLocation": "Toronto - 70 York Street",
        "approverID": null,
        "approverName": " ",
        "officeName": "Moody's Canada Inc.",
        "documentExceptionListingInd": "Y",
        "announcementInd": "Y",
        "automaticRating": "Yes",
        "definitiveRatingPrevProvisional": "No",
        "indicativeRatingInd": "N",
        "definitiveRatingInd": null,
        "linkedAnotherActionInd": "No",
        "privateRatingActionInd": "",
        "provisionalRatingInd": "N",
        "secondaryactionind": "No",
        "subsequentRatingInd": "",
        "contactPersonId": null,
        "complianceType": "CAMS",
        "complianceID": "",
        "ratingShellId": null,
        "ratingShellDS": null,
        "workItemStatus": null,
        "workItemType": null,
        "workItemSubType": null,
        "workItemReleaseDtm": null,
        "pressReleaseId": null,
        "securityClassNm": null,
        "shadowCd": null,
        "pressReleaseType": null,
        "pyrRatingType": null,
        "pacrEmail": null,
        "pacr": null,
        "chairEmail": null,
        "chair": null,
        "addendum": null,
        "addendumEmail": null
    },
    {
        "sourceSystem": "ACCURATE",
        "orgId": null,
        "ratingActionDesc": null,
        "ratingActionID": "3450111",
        "ratingActionName": "1_PRO_CFG - Canadian Retail & B&S_Whitney Leavens _Moody's announces completion of a periodic review of ratings of Dentalcorp Health Services ULC",
        "ratingCommitteeDate": null,
        "ratingOffice": "71",
        "ratingReleaseDate": "2020-09-24 17:36:32.723",
        "releaseDate": "2020-09-24 17:36:32.73",
        "lobname": "CFG",
        "sublobname": "CFG Regional",
        "region": "U.S.A. & Canada",
        "leadAnalystID": "7273",
        "leadAnalystName": "Whitney Leavens",
        "leadAnalystUniqueId": "leavensw",
        "analystEmail": "Whitney.Leavens@moodys.com",
        "analystLocation": "Toronto - 70 York Street",
        "approverID": null,
        "approverName": " ",
        "officeName": "Moody's Canada Inc.",
        "documentExceptionListingInd": "Y",
        "announcementInd": "Y",
        "automaticRating": "Yes",
        "definitiveRatingPrevProvisional": "No",
        "indicativeRatingInd": "N",
        "definitiveRatingInd": null,
        "linkedAnotherActionInd": "No",
        "privateRatingActionInd": "",
        "provisionalRatingInd": "N",
        "secondaryactionind": "No",
        "subsequentRatingInd": "",
        "contactPersonId": null,
        "complianceType": "CAMS",
        "complianceID": "",
        "ratingShellId": null,
        "ratingShellDS": null,
        "workItemStatus": null,
        "workItemType": null,
        "workItemSubType": null,
        "workItemReleaseDtm": null,
        "pressReleaseId": null,
        "securityClassNm": null,
        "shadowCd": null,
        "pressReleaseType": null,
        "pyrRatingType": null,
        "pacrEmail": null,
        "pacr": null,
        "chairEmail": null,
        "chair": null,
        "addendum": null,
        "addendumEmail": null
    },
    {
        "sourceSystem": "ACCURATE",
        "orgId": null,
        "ratingActionDesc": null,
        "ratingActionID": "3450113",
        "ratingActionName": "1_PRO_CFG - Canadian Retail & B&S_Whitney Leavens _Moody's announces completion of a periodic review of ratings of Gateway Casinos & Entertainment Limited",
        "ratingCommitteeDate": null,
        "ratingOffice": "71",
        "ratingReleaseDate": "2020-09-24 17:36:29.443",
        "releaseDate": "2020-09-24 17:36:29.45",
        "lobname": "CFG",
        "sublobname": "CFG Regional",
        "region": "U.S.A. & Canada",
        "leadAnalystID": "7273",
        "leadAnalystName": "Whitney Leavens",
        "leadAnalystUniqueId": "leavensw",
        "analystEmail": "Whitney.Leavens@moodys.com",
        "analystLocation": "Toronto - 70 York Street",
        "approverID": null,
        "approverName": " ",
        "officeName": "Moody's Canada Inc.",
        "documentExceptionListingInd": "Y",
        "announcementInd": "Y",
        "automaticRating": "Yes",
        "definitiveRatingPrevProvisional": "No",
        "indicativeRatingInd": "N",
        "definitiveRatingInd": null,
        "linkedAnotherActionInd": "No",
        "privateRatingActionInd": "",
        "provisionalRatingInd": "N",
        "secondaryactionind": "No",
        "subsequentRatingInd": "",
        "contactPersonId": null,
        "complianceType": "CAMS",
        "complianceID": "",
        "ratingShellId": null,
        "ratingShellDS": null,
        "workItemStatus": null,
        "workItemType": null,
        "workItemSubType": null,
        "workItemReleaseDtm": null,
        "pressReleaseId": null,
        "securityClassNm": null,
        "shadowCd": null,
        "pressReleaseType": null,
        "pyrRatingType": null,
        "pacrEmail": null,
        "pacr": null,
        "chairEmail": null,
        "chair": null,
        "addendum": null,
        "addendumEmail": null
    },
    {
        "sourceSystem": "ACCURATE",
        "orgId": null,
        "ratingActionDesc": null,
        "ratingActionID": "3450115",
        "ratingActionName": "1_PRO_CFG - Canadian Retail & B&S_Whitney Leavens _Moody's announces completion of a periodic review of ratings of Intertape Polymer Group Inc.",
        "ratingCommitteeDate": null,
        "ratingOffice": "71",
        "ratingReleaseDate": "2020-09-24 17:36:25.393",
        "releaseDate": "2020-09-24 17:36:25.4",
        "lobname": "CFG",
        "sublobname": "CFG Regional",
        "region": "U.S.A. & Canada",
        "leadAnalystID": "7273",
        "leadAnalystName": "Whitney Leavens",
        "leadAnalystUniqueId": "leavensw",
        "analystEmail": "Whitney.Leavens@moodys.com",
        "analystLocation": "Toronto - 70 York Street",
        "approverID": null,
        "approverName": " ",
        "officeName": "Moody's Canada Inc.",
        "documentExceptionListingInd": "Y",
        "announcementInd": "Y",
        "automaticRating": "Yes",
        "definitiveRatingPrevProvisional": "No",
        "indicativeRatingInd": "N",
        "definitiveRatingInd": null,
        "linkedAnotherActionInd": "No",
        "privateRatingActionInd": "",
        "provisionalRatingInd": "N",
        "secondaryactionind": "No",
        "subsequentRatingInd": "",
        "contactPersonId": null,
        "complianceType": "CAMS",
        "complianceID": "",
        "ratingShellId": null,
        "ratingShellDS": null,
        "workItemStatus": null,
        "workItemType": null,
        "workItemSubType": null,
        "workItemReleaseDtm": null,
        "pressReleaseId": null,
        "securityClassNm": null,
        "shadowCd": null,
        "pressReleaseType": null,
        "pyrRatingType": null,
        "pacrEmail": null,
        "pacr": null,
        "chairEmail": null,
        "chair": null,
        "addendum": null,
        "addendumEmail": null
    },
    {
        "sourceSystem": "ACCURATE",
        "orgId": null,
        "ratingActionDesc": null,
        "ratingActionID": "3450119",
        "ratingActionName": "1_PRO_CFG - Canadian Retail & B&S_Whitney Leavens _Moody's announces completion of a periodic review of ratings of Postmedia Network Inc.",
        "ratingCommitteeDate": null,
        "ratingOffice": "71",
        "ratingReleaseDate": "2020-09-24 17:36:21.413",
        "releaseDate": "2020-09-24 17:36:21.416",
        "lobname": "CFG",
        "sublobname": "CFG Regional",
        "region": "U.S.A. & Canada",
        "leadAnalystID": "7273",
        "leadAnalystName": "Whitney Leavens",
        "leadAnalystUniqueId": "leavensw",
        "analystEmail": "Whitney.Leavens@moodys.com",
        "analystLocation": "Toronto - 70 York Street",
        "approverID": null,
        "approverName": " ",
        "officeName": "Moody's Canada Inc.",
        "documentExceptionListingInd": "Y",
        "announcementInd": "Y",
        "automaticRating": "Yes",
        "definitiveRatingPrevProvisional": "No",
        "indicativeRatingInd": "N",
        "definitiveRatingInd": null,
        "linkedAnotherActionInd": "No",
        "privateRatingActionInd": "",
        "provisionalRatingInd": "N",
        "secondaryactionind": "No",
        "subsequentRatingInd": "",
        "contactPersonId": null,
        "complianceType": "CAMS",
        "complianceID": "",
        "ratingShellId": null,
        "ratingShellDS": null,
        "workItemStatus": null,
        "workItemType": null,
        "workItemSubType": null,
        "workItemReleaseDtm": null,
        "pressReleaseId": null,
        "securityClassNm": null,
        "shadowCd": null,
        "pressReleaseType": null,
        "pyrRatingType": null,
        "pacrEmail": null,
        "pacr": null,
        "chairEmail": null,
        "chair": null,
        "addendum": null,
        "addendumEmail": null
    },
    {
        "sourceSystem": "ACCURATE",
        "orgId": null,
        "ratingActionDesc": "Global Partners LP",
        "ratingActionID": "3450185",
        "ratingActionName": "Global Partners LP",
        "ratingCommitteeDate": "2020-09-14 00:00:00.0",
        "ratingOffice": "51",
        "ratingReleaseDate": "2020-09-23 11:15:22.0",
        "releaseDate": "2020-09-23 11:15:40.173",
        "lobname": "CFG",
        "sublobname": "CFG_NY-2",
        "region": "U.S.A. & Canada",
        "leadAnalystID": "7808",
        "leadAnalystName": "Jonathan Teitel",
        "leadAnalystUniqueId": "teitelj",
        "analystEmail": "Jonathan.Teitel@moodys.com",
        "analystLocation": "New York - 7 World Trade Center",
        "approverID": "29018942",
        "approverName": "Sreedhar Kona",
        "officeName": "Moody's Investors Service, Inc.",
        "documentExceptionListingInd": "",
        "announcementInd": "",
        "automaticRating": "No",
        "definitiveRatingPrevProvisional": "No",
        "indicativeRatingInd": "N",
        "definitiveRatingInd": null,
        "linkedAnotherActionInd": "No",
        "privateRatingActionInd": "N",
        "provisionalRatingInd": "N",
        "secondaryactionind": "No",
        "subsequentRatingInd": "N",
        "contactPersonId": null,
        "complianceType": "CAMS",
        "complianceID": "104385",
        "ratingShellId": null,
        "ratingShellDS": null,
        "workItemStatus": null,
        "workItemType": null,
        "workItemSubType": null,
        "workItemReleaseDtm": null,
        "pressReleaseId": null,
        "securityClassNm": null,
        "shadowCd": null,
        "pressReleaseType": null,
        "pyrRatingType": null,
        "pacrEmail": "Steven.Wood@moodys.com",
        "pacr": "Steve Wood",
        "chairEmail": "Elena.Nadtotchi@moodys.com",
        "chair": "Elena Nadtotchi",
        "addendum": "Eric Bayer ",
        "addendumEmail": "BayerE@moodys.com"
    },
    {
        "sourceSystem": "ACCURATE",
        "orgId": null,
        "ratingActionDesc": "[non-NRSRO] Bora Chiara3",
        "ratingActionID": "3450305",
        "ratingActionName": "[non-NRSRO] Bora Chiara3",
        "ratingCommitteeDate": "2020-09-18 00:00:00.0",
        "ratingOffice": "118",
        "ratingReleaseDate": "2020-09-25 00:19:10.0",
        "releaseDate": "2020-09-25 00:19:15.993",
        "lobname": "SFG",
        "sublobname": "Regional Surv",
        "region": "Asia Pacific",
        "leadAnalystID": "31254",
        "leadAnalystName": "Yusuke Nakamura",
        "leadAnalystUniqueId": "nakamuyu",
        "analystEmail": "Yusuke.Nakamura@moodys.com",
        "analystLocation": "Tokyo - Atago Green Hills Mori Tower 20fl",
        "approverID": null,
        "approverName": " ",
        "officeName": "Moody's SF Japan K.K.",
        "documentExceptionListingInd": "",
        "announcementInd": "",
        "automaticRating": "No",
        "definitiveRatingPrevProvisional": "No",
        "indicativeRatingInd": "N",
        "definitiveRatingInd": null,
        "linkedAnotherActionInd": "No",
        "privateRatingActionInd": "N",
        "provisionalRatingInd": "N",
        "secondaryactionind": "No",
        "subsequentRatingInd": "N",
        "contactPersonId": null,
        "complianceType": "CAMS",
        "complianceID": "104345",
        "ratingShellId": null,
        "ratingShellDS": null,
        "workItemStatus": null,
        "workItemType": null,
        "workItemSubType": null,
        "workItemReleaseDtm": null,
        "pressReleaseId": null,
        "securityClassNm": null,
        "shadowCd": null,
        "pressReleaseType": null,
        "pyrRatingType": null,
        "pacrEmail": null,
        "pacr": null,
        "chairEmail": null,
        "chair": null,
        "addendum": null,
        "addendumEmail": null
    },
    {
        "sourceSystem": "ACCURATE",
        "orgId": null,
        "ratingActionDesc": "Auto ABS French Leases 2018",
        "ratingActionID": "3450523",
        "ratingActionName": "Auto ABS French Leases 2018",
        "ratingCommitteeDate": "2020-09-22 00:00:00.0",
        "ratingOffice": "41",
        "ratingReleaseDate": "2020-09-25 10:26:47.0",
        "releaseDate": "2020-09-25 10:26:52.49",
        "lobname": "SFG",
        "sublobname": "Surv-COS-ABS",
        "region": "Europe",
        "leadAnalystID": "6387",
        "leadAnalystName": "Johann Grieneisen",
        "leadAnalystUniqueId": "grieneij",
        "analystEmail": "Johann.Grieneisen@moodys.com",
        "analystLocation": "Frankfurt - An der Welle 5",
        "approverID": null,
        "approverName": " ",
        "officeName": "Moody's Deutschland GmbH",
        "documentExceptionListingInd": "",
        "announcementInd": "",
        "automaticRating": "No",
        "definitiveRatingPrevProvisional": "No",
        "indicativeRatingInd": "N",
        "definitiveRatingInd": null,
        "linkedAnotherActionInd": "No",
        "privateRatingActionInd": "N",
        "provisionalRatingInd": "N",
        "secondaryactionind": "No",
        "subsequentRatingInd": "N",
        "contactPersonId": null,
        "complianceType": "CAMS",
        "complianceID": "104354",
        "ratingShellId": null,
        "ratingShellDS": null,
        "workItemStatus": null,
        "workItemType": null,
        "workItemSubType": null,
        "workItemReleaseDtm": null,
        "pressReleaseId": null,
        "securityClassNm": null,
        "shadowCd": null,
        "pressReleaseType": null,
        "pyrRatingType": null,
        "pacrEmail": null,
        "pacr": null,
        "chairEmail": null,
        "chair": null,
        "addendum": null,
        "addendumEmail": null
    },
    {
        "sourceSystem": "ACCURATE",
        "orgId": null,
        "ratingActionDesc": "UniCredit Bank AG - Mortgage Covered Bonds",
        "ratingActionID": "3450538",
        "ratingActionName": "UniCredit Bank AG - Mortgage Covered Bonds",
        "ratingCommitteeDate": null,
        "ratingOffice": "41",
        "ratingReleaseDate": "2020-09-24 07:50:14.0",
        "releaseDate": "2020-09-24 07:50:32.243",
        "lobname": "SFG",
        "sublobname": "NR-Covered Bonds",
        "region": "Europe",
        "leadAnalystID": "7475",
        "leadAnalystName": "Francesca Falconi",
        "leadAnalystUniqueId": "falconif",
        "analystEmail": "Francesca.Falconi@moodys.com",
        "analystLocation": "Frankfurt - An der Welle 5",
        "approverID": null,
        "approverName": " ",
        "officeName": "Moody's Deutschland GmbH",
        "documentExceptionListingInd": "Y",
        "announcementInd": "",
        "automaticRating": "No",
        "definitiveRatingPrevProvisional": "No",
        "indicativeRatingInd": "N",
        "definitiveRatingInd": null,
        "linkedAnotherActionInd": "No",
        "privateRatingActionInd": "N",
        "provisionalRatingInd": "N",
        "secondaryactionind": "No",
        "subsequentRatingInd": "Y",
        "contactPersonId": null,
        "complianceType": "CAMS",
        "complianceID": "",
        "ratingShellId": null,
        "ratingShellDS": null,
        "workItemStatus": null,
        "workItemType": null,
        "workItemSubType": null,
        "workItemReleaseDtm": null,
        "pressReleaseId": null,
        "securityClassNm": null,
        "shadowCd": null,
        "pressReleaseType": null,
        "pyrRatingType": null,
        "pacrEmail": null,
        "pacr": null,
        "chairEmail": null,
        "chair": null,
        "addendum": null,
        "addendumEmail": null
    },
    {
        "sourceSystem": "ACCURATE",
        "orgId": null,
        "ratingActionDesc": "SYTRAL",
        "ratingActionID": "3450633",
        "ratingActionName": "SYTRAL",
        "ratingCommitteeDate": "2020-09-18 00:00:00.0",
        "ratingOffice": "50",
        "ratingReleaseDate": "2020-09-23 13:38:11.0",
        "releaseDate": "2020-09-23 13:38:19.166",
        "lobname": "SOV",
        "sublobname": "Sub-Sovereign",
        "region": "Europe",
        "leadAnalystID": "7841",
        "leadAnalystName": "Matthieu Collette",
        "leadAnalystUniqueId": "collem",
        "analystEmail": "Matthieu.Collette@moodys.com",
        "analystLocation": "Paris - 19 boulevard Malesherbes",
        "approverID": "29031711",
        "approverName": "Matthieu Collette",
        "officeName": "Moody's France SAS",
        "documentExceptionListingInd": "",
        "announcementInd": "",
        "automaticRating": "No",
        "definitiveRatingPrevProvisional": "No",
        "indicativeRatingInd": "N",
        "definitiveRatingInd": null,
        "linkedAnotherActionInd": "No",
        "privateRatingActionInd": "N",
        "provisionalRatingInd": "N",
        "secondaryactionind": "No",
        "subsequentRatingInd": "N",
        "contactPersonId": null,
        "complianceType": "CAMS",
        "complianceID": "104369",
        "ratingShellId": null,
        "ratingShellDS": null,
        "workItemStatus": null,
        "workItemType": null,
        "workItemSubType": null,
        "workItemReleaseDtm": null,
        "pressReleaseId": null,
        "securityClassNm": null,
        "shadowCd": null,
        "pressReleaseType": null,
        "pyrRatingType": null,
        "pacrEmail": "Marie.Diron@moodys.com",
        "pacr": "Marie Diron",
        "chairEmail": "Massimo.Visconti@moodys.com",
        "chair": "Massimo Visconti",
        "addendum": "Khalil Etienne Janbek ",
        "addendumEmail": "JanbekK@moodys.com"
    },
    {
        "sourceSystem": "ACCURATE",
        "orgId": null,
        "ratingActionDesc": null,
        "ratingActionID": "3450774",
        "ratingActionName": "1_PRO_CFG - Americas Tech_Dilara Sukhov_Moody's announces completion of a periodic review of ratings of Conterra Ultra Broadband Holdings, Inc.",
        "ratingCommitteeDate": null,
        "ratingOffice": "51",
        "ratingReleaseDate": "2020-09-24 17:25:34.48",
        "releaseDate": "2020-09-24 17:25:34.496",
        "lobname": "CFG",
        "sublobname": "CFG_NY-4",
        "region": "U.S.A. & Canada",
        "leadAnalystID": "6234",
        "leadAnalystName": "Dilara Sukhov",
        "leadAnalystUniqueId": "sukhovd",
        "analystEmail": "Dilara.Sukhov@moodys.com",
        "analystLocation": "New York - 7 World Trade Center",
        "approverID": null,
        "approverName": " ",
        "officeName": "Moody's Investors Service, Inc.",
        "documentExceptionListingInd": "Y",
        "announcementInd": "Y",
        "automaticRating": "Yes",
        "definitiveRatingPrevProvisional": "No",
        "indicativeRatingInd": "N",
        "definitiveRatingInd": null,
        "linkedAnotherActionInd": "No",
        "privateRatingActionInd": "",
        "provisionalRatingInd": "N",
        "secondaryactionind": "No",
        "subsequentRatingInd": "",
        "contactPersonId": null,
        "complianceType": "CAMS",
        "complianceID": "",
        "ratingShellId": null,
        "ratingShellDS": null,
        "workItemStatus": null,
        "workItemType": null,
        "workItemSubType": null,
        "workItemReleaseDtm": null,
        "pressReleaseId": null,
        "securityClassNm": null,
        "shadowCd": null,
        "pressReleaseType": null,
        "pyrRatingType": null,
        "pacrEmail": null,
        "pacr": null,
        "chairEmail": null,
        "chair": null,
        "addendum": null,
        "addendumEmail": null
    },
    {
        "sourceSystem": "ACCURATE",
        "orgId": null,
        "ratingActionDesc": null,
        "ratingActionID": "3450781",
        "ratingActionName": "1_PRO_CFG - Americas Tech_Dilara Sukhov_Moody's announces completion of a periodic review of ratings of Hargray Communications Group, Inc.",
        "ratingCommitteeDate": null,
        "ratingOffice": "51",
        "ratingReleaseDate": "2020-09-24 17:25:31.51",
        "releaseDate": "2020-09-24 17:25:31.516",
        "lobname": "CFG",
        "sublobname": "CFG_NY-4",
        "region": "U.S.A. & Canada",
        "leadAnalystID": "6234",
        "leadAnalystName": "Dilara Sukhov",
        "leadAnalystUniqueId": "sukhovd",
        "analystEmail": "Dilara.Sukhov@moodys.com",
        "analystLocation": "New York - 7 World Trade Center",
        "approverID": null,
        "approverName": " ",
        "officeName": "Moody's Investors Service, Inc.",
        "documentExceptionListingInd": "Y",
        "announcementInd": "Y",
        "automaticRating": "Yes",
        "definitiveRatingPrevProvisional": "No",
        "indicativeRatingInd": "N",
        "definitiveRatingInd": null,
        "linkedAnotherActionInd": "No",
        "privateRatingActionInd": "",
        "provisionalRatingInd": "N",
        "secondaryactionind": "No",
        "subsequentRatingInd": "",
        "contactPersonId": null,
        "complianceType": "CAMS",
        "complianceID": "",
        "ratingShellId": null,
        "ratingShellDS": null,
        "workItemStatus": null,
        "workItemType": null,
        "workItemSubType": null,
        "workItemReleaseDtm": null,
        "pressReleaseId": null,
        "securityClassNm": null,
        "shadowCd": null,
        "pressReleaseType": null,
        "pyrRatingType": null,
        "pacrEmail": null,
        "pacr": null,
        "chairEmail": null,
        "chair": null,
        "addendum": null,
        "addendumEmail": null
    },
    {
        "sourceSystem": "ACCURATE",
        "orgId": null,
        "ratingActionDesc": null,
        "ratingActionID": "3450788",
        "ratingActionName": "1_PRO_CFG - Americas Tech_Dilara Sukhov_Moody's announces completion of a periodic review of ratings of Intermedia Holdings, Inc.",
        "ratingCommitteeDate": null,
        "ratingOffice": "51",
        "ratingReleaseDate": "2020-09-24 17:25:28.316",
        "releaseDate": "2020-09-24 17:25:28.323",
        "lobname": "CFG",
        "sublobname": "CFG_NY-4",
        "region": "U.S.A. & Canada",
        "leadAnalystID": "6234",
        "leadAnalystName": "Dilara Sukhov",
        "leadAnalystUniqueId": "sukhovd",
        "analystEmail": "Dilara.Sukhov@moodys.com",
        "analystLocation": "New York - 7 World Trade Center",
        "approverID": null,
        "approverName": " ",
        "officeName": "Moody's Investors Service, Inc.",
        "documentExceptionListingInd": "Y",
        "announcementInd": "Y",
        "automaticRating": "Yes",
        "definitiveRatingPrevProvisional": "No",
        "indicativeRatingInd": "N",
        "definitiveRatingInd": null,
        "linkedAnotherActionInd": "No",
        "privateRatingActionInd": "",
        "provisionalRatingInd": "N",
        "secondaryactionind": "No",
        "subsequentRatingInd": "",
        "contactPersonId": null,
        "complianceType": "CAMS",
        "complianceID": "",
        "ratingShellId": null,
        "ratingShellDS": null,
        "workItemStatus": null,
        "workItemType": null,
        "workItemSubType": null,
        "workItemReleaseDtm": null,
        "pressReleaseId": null,
        "securityClassNm": null,
        "shadowCd": null,
        "pressReleaseType": null,
        "pyrRatingType": null,
        "pacrEmail": null,
        "pacr": null,
        "chairEmail": null,
        "chair": null,
        "addendum": null,
        "addendumEmail": null
    },
    {
        "sourceSystem": "ACCURATE",
        "orgId": null,
        "ratingActionDesc": null,
        "ratingActionID": "3450798",
        "ratingActionName": "1_PRO_CFG - Americas Tech_Dilara Sukhov_Moody's announces completion of a periodic review of ratings of MTN Infrastructure TopCo",
        "ratingCommitteeDate": null,
        "ratingOffice": "51",
        "ratingReleaseDate": "2020-09-24 17:25:25.133",
        "releaseDate": "2020-09-24 17:25:25.136",
        "lobname": "CFG",
        "sublobname": "CFG_NY-4",
        "region": "U.S.A. & Canada",
        "leadAnalystID": "6234",
        "leadAnalystName": "Dilara Sukhov",
        "leadAnalystUniqueId": "sukhovd",
        "analystEmail": "Dilara.Sukhov@moodys.com",
        "analystLocation": "New York - 7 World Trade Center",
        "approverID": null,
        "approverName": " ",
        "officeName": "Moody's Investors Service, Inc.",
        "documentExceptionListingInd": "Y",
        "announcementInd": "Y",
        "automaticRating": "Yes",
        "definitiveRatingPrevProvisional": "No",
        "indicativeRatingInd": "N",
        "definitiveRatingInd": null,
        "linkedAnotherActionInd": "No",
        "privateRatingActionInd": "",
        "provisionalRatingInd": "N",
        "secondaryactionind": "No",
        "subsequentRatingInd": "",
        "contactPersonId": null,
        "complianceType": "CAMS",
        "complianceID": "",
        "ratingShellId": null,
        "ratingShellDS": null,
        "workItemStatus": null,
        "workItemType": null,
        "workItemSubType": null,
        "workItemReleaseDtm": null,
        "pressReleaseId": null,
        "securityClassNm": null,
        "shadowCd": null,
        "pressReleaseType": null,
        "pyrRatingType": null,
        "pacrEmail": null,
        "pacr": null,
        "chairEmail": null,
        "chair": null,
        "addendum": null,
        "addendumEmail": null
    },
    {
        "sourceSystem": "ACCURATE",
        "orgId": null,
        "ratingActionDesc": null,
        "ratingActionID": "3450803",
        "ratingActionName": "1_PRO_CFG - Americas Tech_Dilara Sukhov_Moody's announces completion of a periodic review of ratings of Syniverse Holdings, Inc.",
        "ratingCommitteeDate": null,
        "ratingOffice": "51",
        "ratingReleaseDate": "2020-09-24 17:25:20.976",
        "releaseDate": "2020-09-24 17:25:20.986",
        "lobname": "CFG",
        "sublobname": "CFG_NY-4",
        "region": "U.S.A. & Canada",
        "leadAnalystID": "6234",
        "leadAnalystName": "Dilara Sukhov",
        "leadAnalystUniqueId": "sukhovd",
        "analystEmail": "Dilara.Sukhov@moodys.com",
        "analystLocation": "New York - 7 World Trade Center",
        "approverID": null,
        "approverName": " ",
        "officeName": "Moody's Investors Service, Inc.",
        "documentExceptionListingInd": "Y",
        "announcementInd": "Y",
        "automaticRating": "Yes",
        "definitiveRatingPrevProvisional": "No",
        "indicativeRatingInd": "N",
        "definitiveRatingInd": null,
        "linkedAnotherActionInd": "No",
        "privateRatingActionInd": "",
        "provisionalRatingInd": "N",
        "secondaryactionind": "No",
        "subsequentRatingInd": "",
        "contactPersonId": null,
        "complianceType": "CAMS",
        "complianceID": "",
        "ratingShellId": null,
        "ratingShellDS": null,
        "workItemStatus": null,
        "workItemType": null,
        "workItemSubType": null,
        "workItemReleaseDtm": null,
        "pressReleaseId": null,
        "securityClassNm": null,
        "shadowCd": null,
        "pressReleaseType": null,
        "pyrRatingType": null,
        "pacrEmail": null,
        "pacr": null,
        "chairEmail": null,
        "chair": null,
        "addendum": null,
        "addendumEmail": null
    },
    {
        "sourceSystem": "ACCURATE",
        "orgId": null,
        "ratingActionDesc": null,
        "ratingActionID": "3450814",
        "ratingActionName": "1_PRO_CFG - Americas Tech_Jason Cuomo_Moody's announces completion of a periodic review of ratings of GCI, LLC",
        "ratingCommitteeDate": null,
        "ratingOffice": "51",
        "ratingReleaseDate": "2020-09-25 16:04:39.6",
        "releaseDate": "2020-09-25 16:04:39.606",
        "lobname": "CFG",
        "sublobname": "CFG_NY-4",
        "region": "U.S.A. & Canada",
        "leadAnalystID": "2600",
        "leadAnalystName": "Jason Cuomo",
        "leadAnalystUniqueId": "cuomoj",
        "analystEmail": "Jason.Cuomo@moodys.com",
        "analystLocation": "New York - 7 World Trade Center",
        "approverID": null,
        "approverName": " ",
        "officeName": "Moody's Investors Service, Inc.",
        "documentExceptionListingInd": "Y",
        "announcementInd": "Y",
        "automaticRating": "Yes",
        "definitiveRatingPrevProvisional": "No",
        "indicativeRatingInd": "N",
        "definitiveRatingInd": null,
        "linkedAnotherActionInd": "No",
        "privateRatingActionInd": "",
        "provisionalRatingInd": "N",
        "secondaryactionind": "No",
        "subsequentRatingInd": "",
        "contactPersonId": null,
        "complianceType": "CAMS",
        "complianceID": "",
        "ratingShellId": null,
        "ratingShellDS": null,
        "workItemStatus": null,
        "workItemType": null,
        "workItemSubType": null,
        "workItemReleaseDtm": null,
        "pressReleaseId": null,
        "securityClassNm": null,
        "shadowCd": null,
        "pressReleaseType": null,
        "pyrRatingType": null,
        "pacrEmail": null,
        "pacr": null,
        "chairEmail": null,
        "chair": null,
        "addendum": null,
        "addendumEmail": null
    },
    {
        "sourceSystem": "ACCURATE",
        "orgId": null,
        "ratingActionDesc": null,
        "ratingActionID": "3450826",
        "ratingActionName": "1_PRO_CFG - Americas Tech_Mariya Moore_Moody's announces completion of a periodic review of ratings of Elo Touch Solutions, Inc.",
        "ratingCommitteeDate": null,
        "ratingOffice": "51",
        "ratingReleaseDate": "2020-09-25 12:10:11.026",
        "releaseDate": "2020-09-25 12:10:11.046",
        "lobname": "CFG",
        "sublobname": "CFG_NY-4",
        "region": "U.S.A. & Canada",
        "leadAnalystID": "7275",
        "leadAnalystName": "Mariya Moore",
        "leadAnalystUniqueId": "bisimbma",
        "analystEmail": "Mariya.Moore@moodys.com",
        "analystLocation": "New York - 7 World Trade Center",
        "approverID": null,
        "approverName": " ",
        "officeName": "Moody's Investors Service, Inc.",
        "documentExceptionListingInd": "Y",
        "announcementInd": "Y",
        "automaticRating": "Yes",
        "definitiveRatingPrevProvisional": "No",
        "indicativeRatingInd": "N",
        "definitiveRatingInd": null,
        "linkedAnotherActionInd": "No",
        "privateRatingActionInd": "",
        "provisionalRatingInd": "N",
        "secondaryactionind": "No",
        "subsequentRatingInd": "",
        "contactPersonId": null,
        "complianceType": "CAMS",
        "complianceID": "",
        "ratingShellId": null,
        "ratingShellDS": null,
        "workItemStatus": null,
        "workItemType": null,
        "workItemSubType": null,
        "workItemReleaseDtm": null,
        "pressReleaseId": null,
        "securityClassNm": null,
        "shadowCd": null,
        "pressReleaseType": null,
        "pyrRatingType": null,
        "pacrEmail": null,
        "pacr": null,
        "chairEmail": null,
        "chair": null,
        "addendum": null,
        "addendumEmail": null
    },
    {
        "sourceSystem": "ACCURATE",
        "orgId": null,
        "ratingActionDesc": null,
        "ratingActionID": "3450842",
        "ratingActionName": "1_PRO_CFG - Americas Tech_Mariya Moore_Moody's announces completion of a periodic review of ratings of Stratus Technologies Bermuda Ltd.",
        "ratingCommitteeDate": null,
        "ratingOffice": "51",
        "ratingReleaseDate": "2020-09-24 12:10:48.996",
        "releaseDate": "2020-09-24 12:10:49.0",
        "lobname": "CFG",
        "sublobname": "CFG_NY-4",
        "region": "U.S.A. & Canada",
        "leadAnalystID": "7275",
        "leadAnalystName": "Mariya Moore",
        "leadAnalystUniqueId": "bisimbma",
        "analystEmail": "Mariya.Moore@moodys.com",
        "analystLocation": "New York - 7 World Trade Center",
        "approverID": null,
        "approverName": " ",
        "officeName": "Moody's Investors Service, Inc.",
        "documentExceptionListingInd": "Y",
        "announcementInd": "Y",
        "automaticRating": "Yes",
        "definitiveRatingPrevProvisional": "No",
        "indicativeRatingInd": "N",
        "definitiveRatingInd": null,
        "linkedAnotherActionInd": "No",
        "privateRatingActionInd": "",
        "provisionalRatingInd": "N",
        "secondaryactionind": "No",
        "subsequentRatingInd": "",
        "contactPersonId": null,
        "complianceType": "CAMS",
        "complianceID": "",
        "ratingShellId": null,
        "ratingShellDS": null,
        "workItemStatus": null,
        "workItemType": null,
        "workItemSubType": null,
        "workItemReleaseDtm": null,
        "pressReleaseId": null,
        "securityClassNm": null,
        "shadowCd": null,
        "pressReleaseType": null,
        "pyrRatingType": null,
        "pacrEmail": null,
        "pacr": null,
        "chairEmail": null,
        "chair": null,
        "addendum": null,
        "addendumEmail": null
    },
    {
        "sourceSystem": "ACCURATE",
        "orgId": null,
        "ratingActionDesc": null,
        "ratingActionID": "3450851",
        "ratingActionName": "1_PRO_CFG - Americas Tech_Peter Krukovsky_Moody's announces completion of a periodic review of ratings of TTM Technologies, Inc.",
        "ratingCommitteeDate": null,
        "ratingOffice": "51",
        "ratingReleaseDate": "2020-09-23 16:51:40.616",
        "releaseDate": "2020-09-23 16:51:40.623",
        "lobname": "CFG",
        "sublobname": "CFG_NY-4",
        "region": "U.S.A. & Canada",
        "leadAnalystID": "30944",
        "leadAnalystName": "Peter Krukovsky",
        "leadAnalystUniqueId": "krukovs",
        "analystEmail": "Peter.Krukovsky@moodys.com",
        "analystLocation": "New York - 7 World Trade Center",
        "approverID": null,
        "approverName": " ",
        "officeName": "Moody's Investors Service, Inc.",
        "documentExceptionListingInd": "Y",
        "announcementInd": "Y",
        "automaticRating": "Yes",
        "definitiveRatingPrevProvisional": "No",
        "indicativeRatingInd": "N",
        "definitiveRatingInd": null,
        "linkedAnotherActionInd": "No",
        "privateRatingActionInd": "",
        "provisionalRatingInd": "N",
        "secondaryactionind": "No",
        "subsequentRatingInd": "",
        "contactPersonId": null,
        "complianceType": "CAMS",
        "complianceID": "",
        "ratingShellId": null,
        "ratingShellDS": null,
        "workItemStatus": null,
        "workItemType": null,
        "workItemSubType": null,
        "workItemReleaseDtm": null,
        "pressReleaseId": null,
        "securityClassNm": null,
        "shadowCd": null,
        "pressReleaseType": null,
        "pyrRatingType": null,
        "pacrEmail": null,
        "pacr": null,
        "chairEmail": null,
        "chair": null,
        "addendum": null,
        "addendumEmail": null
    },
    {
        "sourceSystem": "ACCURATE",
        "orgId": null,
        "ratingActionDesc": "Mizuho Floater / Residual Trust Var States, Floater Certificates, Series 2020-MIZ9038, Series 2020-MIZ9040, Series 2020-MIZ9041",
        "ratingActionID": "3450866",
        "ratingActionName": "Mizuho Floater / Residual Trust Var States, Floater Certificates, Series 2020-MIZ9038, Series 2020-MIZ9040, Series 2020-MIZ9041",
        "ratingCommitteeDate": "2020-09-23 00:00:00.0",
        "ratingOffice": "51",
        "ratingReleaseDate": "2020-09-23 13:47:39.646",
        "releaseDate": "2020-09-23 13:47:39.76",
        "lobname": "PPIF",
        "sublobname": "Municipal Supported Products",
        "region": "U.S.A. & Canada",
        "leadAnalystID": "927",
        "leadAnalystName": "Joann Hempel",
        "leadAnalystUniqueId": "hempelj",
        "analystEmail": "Joann.Hempel@moodys.com",
        "analystLocation": "Remote WorkerB-USA35",
        "approverID": null,
        "approverName": " ",
        "officeName": "Moody's Investors Service, Inc.",
        "documentExceptionListingInd": "",
        "announcementInd": "",
        "automaticRating": "No",
        "definitiveRatingPrevProvisional": "No",
        "indicativeRatingInd": "N",
        "definitiveRatingInd": null,
        "linkedAnotherActionInd": "No",
        "privateRatingActionInd": "N",
        "provisionalRatingInd": "N",
        "secondaryactionind": "No",
        "subsequentRatingInd": "N",
        "contactPersonId": null,
        "complianceType": "CAMS",
        "complianceID": "104828",
        "ratingShellId": null,
        "ratingShellDS": null,
        "workItemStatus": null,
        "workItemType": null,
        "workItemSubType": null,
        "workItemReleaseDtm": null,
        "pressReleaseId": null,
        "securityClassNm": null,
        "shadowCd": null,
        "pressReleaseType": null,
        "pyrRatingType": null,
        "pacrEmail": "Michael.Loughlin@moodys.com",
        "pacr": "Michael Loughlin",
        "chairEmail": "Michael.Loughlin@moodys.com",
        "chair": "Michael Loughlin",
        "addendum": "Joann Hempel ",
        "addendumEmail": "HempelJ@moodys.com"
    },
    {
        "sourceSystem": "ACCURATE",
        "orgId": null,
        "ratingActionDesc": "Hoa Phat Group Joint Stock Company",
        "ratingActionID": "3451241",
        "ratingActionName": "Hoa Phat Group Joint Stock Company",
        "ratingCommitteeDate": null,
        "ratingOffice": "81",
        "ratingReleaseDate": "2020-09-25 09:31:42.0",
        "releaseDate": "2020-09-25 09:31:46.376",
        "lobname": "CFG",
        "sublobname": "CFG Regional",
        "region": "Asia Pacific",
        "leadAnalystID": "7176",
        "leadAnalystName": "Maisam Hasnain",
        "leadAnalystUniqueId": "hasnainm",
        "analystEmail": "Maisam.Hasnain@moodys.com",
        "analystLocation": "Singapore - 50 Raffles Place #23-06",
        "approverID": "29011550",
        "approverName": "Maisam Hasnain",
        "officeName": "Moody's Investors Service Singapore Pte. Ltd.",
        "documentExceptionListingInd": "",
        "announcementInd": "",
        "automaticRating": "Yes",
        "definitiveRatingPrevProvisional": "No",
        "indicativeRatingInd": "N",
        "definitiveRatingInd": null,
        "linkedAnotherActionInd": "No",
        "privateRatingActionInd": "Y",
        "provisionalRatingInd": "N",
        "secondaryactionind": "No",
        "subsequentRatingInd": "",
        "contactPersonId": null,
        "complianceType": "CAMS",
        "complianceID": "92998",
        "ratingShellId": null,
        "ratingShellDS": null,
        "workItemStatus": null,
        "workItemType": null,
        "workItemSubType": null,
        "workItemReleaseDtm": null,
        "pressReleaseId": null,
        "securityClassNm": null,
        "shadowCd": null,
        "pressReleaseType": null,
        "pyrRatingType": null,
        "pacrEmail": "Ian.Lewis@moodys.com",
        "pacr": "Ian Lewis",
        "chairEmail": "Annalisa.DiChiara@moodys.com",
        "chair": "Annalisa Di Chiara",
        "addendum": "Cathy Lu ",
        "addendumEmail": "LuC1@moodys.com"
    },
    {
        "sourceSystem": "ACCURATE",
        "orgId": null,
        "ratingActionDesc": "Credit Suisse AG (London) Branch - 47",
        "ratingActionID": "3451349",
        "ratingActionName": "Credit Suisse AG (London) Branch - 47",
        "ratingCommitteeDate": null,
        "ratingOffice": "41",
        "ratingReleaseDate": "2020-09-23 03:48:05.0",
        "releaseDate": "2020-09-23 03:48:18.103",
        "lobname": "FIG",
        "sublobname": "Banking",
        "region": "Europe",
        "leadAnalystID": "6878",
        "leadAnalystName": "Michael Rohr",
        "leadAnalystUniqueId": "rohrm",
        "analystEmail": "Michael.Rohr@moodys.com",
        "analystLocation": "Frankfurt - An der Welle 5",
        "approverID": null,
        "approverName": " ",
        "officeName": "Moody's Deutschland GmbH",
        "documentExceptionListingInd": "",
        "announcementInd": "",
        "automaticRating": "Yes",
        "definitiveRatingPrevProvisional": "No",
        "indicativeRatingInd": "N",
        "definitiveRatingInd": null,
        "linkedAnotherActionInd": "No",
        "privateRatingActionInd": "N",
        "provisionalRatingInd": "N",
        "secondaryactionind": "No",
        "subsequentRatingInd": "",
        "contactPersonId": null,
        "complianceType": "CAMS",
        "complianceID": "",
        "ratingShellId": null,
        "ratingShellDS": null,
        "workItemStatus": null,
        "workItemType": null,
        "workItemSubType": null,
        "workItemReleaseDtm": null,
        "pressReleaseId": null,
        "securityClassNm": null,
        "shadowCd": null,
        "pressReleaseType": null,
        "pyrRatingType": null,
        "pacrEmail": null,
        "pacr": null,
        "chairEmail": null,
        "chair": null,
        "addendum": null,
        "addendumEmail": null
    },
    {
        "sourceSystem": "ACCURATE",
        "orgId": null,
        "ratingActionDesc": "Credit Suisse AG (London) Branch - 47",
        "ratingActionID": "3451382",
        "ratingActionName": "Credit Suisse AG (London) Branch - 47",
        "ratingCommitteeDate": null,
        "ratingOffice": "41",
        "ratingReleaseDate": "2020-09-23 03:53:10.0",
        "releaseDate": "2020-09-23 03:53:18.87",
        "lobname": "FIG",
        "sublobname": "Banking",
        "region": "Europe",
        "leadAnalystID": "6878",
        "leadAnalystName": "Michael Rohr",
        "leadAnalystUniqueId": "rohrm",
        "analystEmail": "Michael.Rohr@moodys.com",
        "analystLocation": "Frankfurt - An der Welle 5",
        "approverID": null,
        "approverName": " ",
        "officeName": "Moody's Deutschland GmbH",
        "documentExceptionListingInd": "",
        "announcementInd": "",
        "automaticRating": "Yes",
        "definitiveRatingPrevProvisional": "No",
        "indicativeRatingInd": "N",
        "definitiveRatingInd": null,
        "linkedAnotherActionInd": "No",
        "privateRatingActionInd": "N",
        "provisionalRatingInd": "N",
        "secondaryactionind": "No",
        "subsequentRatingInd": "",
        "contactPersonId": null,
        "complianceType": "CAMS",
        "complianceID": "",
        "ratingShellId": null,
        "ratingShellDS": null,
        "workItemStatus": null,
        "workItemType": null,
        "workItemSubType": null,
        "workItemReleaseDtm": null,
        "pressReleaseId": null,
        "securityClassNm": null,
        "shadowCd": null,
        "pressReleaseType": null,
        "pyrRatingType": null,
        "pacrEmail": null,
        "pacr": null,
        "chairEmail": null,
        "chair": null,
        "addendum": null,
        "addendumEmail": null
    },
    {
        "sourceSystem": "ACCURATE",
        "orgId": null,
        "ratingActionDesc": "Barclays Bank PLC - 47",
        "ratingActionID": "3451390",
        "ratingActionName": "Barclays Bank PLC - 47",
        "ratingCommitteeDate": null,
        "ratingOffice": "52",
        "ratingReleaseDate": "2020-09-23 06:38:57.0",
        "releaseDate": "2020-09-23 06:39:02.446",
        "lobname": "FIG",
        "sublobname": "Banking",
        "region": "Europe",
        "leadAnalystID": "6897",
        "leadAnalystName": "Alessandro Roccati",
        "leadAnalystUniqueId": "roccatia",
        "analystEmail": "Alessandro.Roccati@moodys.com",
        "analystLocation": "London - One Canada Square",
        "approverID": null,
        "approverName": " ",
        "officeName": "Moody's Investors Service Ltd.",
        "documentExceptionListingInd": "",
        "announcementInd": "",
        "automaticRating": "Yes",
        "definitiveRatingPrevProvisional": "No",
        "indicativeRatingInd": "N",
        "definitiveRatingInd": null,
        "linkedAnotherActionInd": "No",
        "privateRatingActionInd": "N",
        "provisionalRatingInd": "N",
        "secondaryactionind": "No",
        "subsequentRatingInd": "",
        "contactPersonId": null,
        "complianceType": "CAMS",
        "complianceID": "",
        "ratingShellId": null,
        "ratingShellDS": null,
        "workItemStatus": null,
        "workItemType": null,
        "workItemSubType": null,
        "workItemReleaseDtm": null,
        "pressReleaseId": null,
        "securityClassNm": null,
        "shadowCd": null,
        "pressReleaseType": null,
        "pyrRatingType": null,
        "pacrEmail": null,
        "pacr": null,
        "chairEmail": null,
        "chair": null,
        "addendum": null,
        "addendumEmail": null
    },
    {
        "sourceSystem": "ACCURATE",
        "orgId": null,
        "ratingActionDesc": "Hungary, Government of HPA",
        "ratingActionID": "3451398",
        "ratingActionName": "Hungary, Government of HPA",
        "ratingCommitteeDate": "2020-09-22 00:00:00.0",
        "ratingOffice": "41",
        "ratingReleaseDate": "2020-09-25 16:31:47.0",
        "releaseDate": "2020-09-25 16:32:05.29",
        "lobname": "SOV",
        "sublobname": "Sovereign",
        "region": "Europe",
        "leadAnalystID": "6931",
        "leadAnalystName": "Steffen Dyck",
        "leadAnalystUniqueId": "dycks",
        "analystEmail": "Steffen.Dyck@moodys.com",
        "analystLocation": "Frankfurt - An der Welle 5",
        "approverID": "29015882",
        "approverName": "Steffen Dyck",
        "officeName": "Moody's Deutschland GmbH",
        "documentExceptionListingInd": "",
        "announcementInd": "",
        "automaticRating": "No",
        "definitiveRatingPrevProvisional": "No",
        "indicativeRatingInd": "N",
        "definitiveRatingInd": null,
        "linkedAnotherActionInd": "No",
        "privateRatingActionInd": "N",
        "provisionalRatingInd": "Y",
        "secondaryactionind": "No",
        "subsequentRatingInd": "N",
        "contactPersonId": null,
        "complianceType": "CAMS",
        "complianceID": "100730",
        "ratingShellId": null,
        "ratingShellDS": null,
        "workItemStatus": null,
        "workItemType": null,
        "workItemSubType": null,
        "workItemReleaseDtm": null,
        "pressReleaseId": null,
        "securityClassNm": null,
        "shadowCd": null,
        "pressReleaseType": null,
        "pyrRatingType": null,
        "pacrEmail": "Yves.Lemay@moodys.com",
        "pacr": "Yves Lemay",
        "chairEmail": "Dietmar.Hornung@moodys.com",
        "chair": "Dietmar Hornung",
        "addendum": "Ellen Kockum ",
        "addendumEmail": "KockumE@moodys.com"
    },
    {
        "sourceSystem": "ACCURATE",
        "orgId": null,
        "ratingActionDesc": "UBS AG, London Branch - 46",
        "ratingActionID": "3451401",
        "ratingActionName": "UBS AG, London Branch - 46",
        "ratingCommitteeDate": null,
        "ratingOffice": "41",
        "ratingReleaseDate": "2020-09-25 08:34:05.0",
        "releaseDate": "2020-09-25 08:34:22.03",
        "lobname": "FIG",
        "sublobname": "Banking",
        "region": "Europe",
        "leadAnalystID": "6878",
        "leadAnalystName": "Michael Rohr",
        "leadAnalystUniqueId": "rohrm",
        "analystEmail": "Michael.Rohr@moodys.com",
        "analystLocation": "Frankfurt - An der Welle 5",
        "approverID": null,
        "approverName": " ",
        "officeName": "Moody's Deutschland GmbH",
        "documentExceptionListingInd": "",
        "announcementInd": "",
        "automaticRating": "Yes",
        "definitiveRatingPrevProvisional": "No",
        "indicativeRatingInd": "N",
        "definitiveRatingInd": null,
        "linkedAnotherActionInd": "No",
        "privateRatingActionInd": "N",
        "provisionalRatingInd": "N",
        "secondaryactionind": "No",
        "subsequentRatingInd": "",
        "contactPersonId": null,
        "complianceType": "CAMS",
        "complianceID": "",
        "ratingShellId": null,
        "ratingShellDS": null,
        "workItemStatus": null,
        "workItemType": null,
        "workItemSubType": null,
        "workItemReleaseDtm": null,
        "pressReleaseId": null,
        "securityClassNm": null,
        "shadowCd": null,
        "pressReleaseType": null,
        "pyrRatingType": null,
        "pacrEmail": null,
        "pacr": null,
        "chairEmail": null,
        "chair": null,
        "addendum": null,
        "addendumEmail": null
    },
    {
        "sourceSystem": "ACCURATE",
        "orgId": null,
        "ratingActionDesc": "UBS AG, London Branch - 46",
        "ratingActionID": "3451403",
        "ratingActionName": "UBS AG, London Branch - 46",
        "ratingCommitteeDate": null,
        "ratingOffice": "41",
        "ratingReleaseDate": "2020-09-25 07:37:10.0",
        "releaseDate": "2020-09-25 07:37:19.423",
        "lobname": "FIG",
        "sublobname": "Banking",
        "region": "Europe",
        "leadAnalystID": "6878",
        "leadAnalystName": "Michael Rohr",
        "leadAnalystUniqueId": "rohrm",
        "analystEmail": "Michael.Rohr@moodys.com",
        "analystLocation": "Frankfurt - An der Welle 5",
        "approverID": null,
        "approverName": " ",
        "officeName": "Moody's Deutschland GmbH",
        "documentExceptionListingInd": "",
        "announcementInd": "",
        "automaticRating": "Yes",
        "definitiveRatingPrevProvisional": "No",
        "indicativeRatingInd": "N",
        "definitiveRatingInd": null,
        "linkedAnotherActionInd": "No",
        "privateRatingActionInd": "N",
        "provisionalRatingInd": "N",
        "secondaryactionind": "No",
        "subsequentRatingInd": "",
        "contactPersonId": null,
        "complianceType": "CAMS",
        "complianceID": "",
        "ratingShellId": null,
        "ratingShellDS": null,
        "workItemStatus": null,
        "workItemType": null,
        "workItemSubType": null,
        "workItemReleaseDtm": null,
        "pressReleaseId": null,
        "securityClassNm": null,
        "shadowCd": null,
        "pressReleaseType": null,
        "pyrRatingType": null,
        "pacrEmail": null,
        "pacr": null,
        "chairEmail": null,
        "chair": null,
        "addendum": null,
        "addendumEmail": null
    },
    {
        "sourceSystem": "ACCURATE",
        "orgId": null,
        "ratingActionDesc": "Azure Finance No. 1 plc",
        "ratingActionID": "3451440",
        "ratingActionName": "Azure Finance No. 1 plc",
        "ratingCommitteeDate": "2020-09-21 00:00:00.0",
        "ratingOffice": "52",
        "ratingReleaseDate": "2020-09-24 10:51:57.0",
        "releaseDate": "2020-09-24 10:52:03.293",
        "lobname": "SFG",
        "sublobname": "Surv-COS-RMBS",
        "region": "Europe",
        "leadAnalystID": "1388",
        "leadAnalystName": "Lisa Augustin",
        "leadAnalystUniqueId": "macedol",
        "analystEmail": "Lisa.Macedo@moodys.com",
        "analystLocation": "London - One Canada Square",
        "approverID": null,
        "approverName": " ",
        "officeName": "Moody's Investors Service Ltd.",
        "documentExceptionListingInd": "",
        "announcementInd": "",
        "automaticRating": "No",
        "definitiveRatingPrevProvisional": "No",
        "indicativeRatingInd": "N",
        "definitiveRatingInd": null,
        "linkedAnotherActionInd": "No",
        "privateRatingActionInd": "N",
        "provisionalRatingInd": "N",
        "secondaryactionind": "No",
        "subsequentRatingInd": "N",
        "contactPersonId": null,
        "complianceType": "CAMS",
        "complianceID": "104418",
        "ratingShellId": null,
        "ratingShellDS": null,
        "workItemStatus": null,
        "workItemType": null,
        "workItemSubType": null,
        "workItemReleaseDtm": null,
        "pressReleaseId": null,
        "securityClassNm": null,
        "shadowCd": null,
        "pressReleaseType": null,
        "pyrRatingType": null,
        "pacrEmail": null,
        "pacr": null,
        "chairEmail": null,
        "chair": null,
        "addendum": "Antonio Tena ",
        "addendumEmail": "TenaA@moodys.com"
    },
    {
        "sourceSystem": "ACCURATE",
        "orgId": null,
        "ratingActionDesc": "Citigroup Global Markets Holdings Inc. - 47",
        "ratingActionID": "3451454",
        "ratingActionName": "Citigroup Global Markets Holdings Inc. - 47",
        "ratingCommitteeDate": null,
        "ratingOffice": "51",
        "ratingReleaseDate": "2020-09-23 07:18:27.0",
        "releaseDate": "2020-09-23 07:18:32.153",
        "lobname": "FIG",
        "sublobname": "Banking",
        "region": "U.S.A. & Canada",
        "leadAnalystID": "1217",
        "leadAnalystName": "Peter Nerby",
        "leadAnalystUniqueId": "nerbyp",
        "analystEmail": "Peter.Nerby@moodys.com",
        "analystLocation": "New York - 7 World Trade Center",
        "approverID": null,
        "approverName": " ",
        "officeName": "Moody's Investors Service, Inc.",
        "documentExceptionListingInd": "",
        "announcementInd": "",
        "automaticRating": "Yes",
        "definitiveRatingPrevProvisional": "No",
        "indicativeRatingInd": "N",
        "definitiveRatingInd": null,
        "linkedAnotherActionInd": "No",
        "privateRatingActionInd": "N",
        "provisionalRatingInd": "N",
        "secondaryactionind": "No",
        "subsequentRatingInd": "",
        "contactPersonId": null,
        "complianceType": "CAMS",
        "complianceID": "",
        "ratingShellId": null,
        "ratingShellDS": null,
        "workItemStatus": null,
        "workItemType": null,
        "workItemSubType": null,
        "workItemReleaseDtm": null,
        "pressReleaseId": null,
        "securityClassNm": null,
        "shadowCd": null,
        "pressReleaseType": null,
        "pyrRatingType": null,
        "pacrEmail": null,
        "pacr": null,
        "chairEmail": null,
        "chair": null,
        "addendum": null,
        "addendumEmail": null
    },
    {
        "sourceSystem": "ACCURATE",
        "orgId": null,
        "ratingActionDesc": "Michigan State Building Authority, Commercial Paper Notes, Series 8, $225MM",
        "ratingActionID": "3451558",
        "ratingActionName": "Michigan State Building Authority, Commercial Paper Notes, Series 8, $225MM",
        "ratingCommitteeDate": "2020-09-24 00:00:00.0",
        "ratingOffice": "51",
        "ratingReleaseDate": "2020-09-24 18:18:16.176",
        "releaseDate": "2020-09-24 18:18:16.193",
        "lobname": "PPIF",
        "sublobname": "Municipal Supported Products",
        "region": "U.S.A. & Canada",
        "leadAnalystID": "927",
        "leadAnalystName": "Joann Hempel",
        "leadAnalystUniqueId": "hempelj",
        "analystEmail": "Joann.Hempel@moodys.com",
        "analystLocation": "Remote WorkerB-USA35",
        "approverID": null,
        "approverName": " ",
        "officeName": "Moody's Investors Service, Inc.",
        "documentExceptionListingInd": "",
        "announcementInd": "",
        "automaticRating": "No",
        "definitiveRatingPrevProvisional": "No",
        "indicativeRatingInd": "N",
        "definitiveRatingInd": null,
        "linkedAnotherActionInd": "No",
        "privateRatingActionInd": "N",
        "provisionalRatingInd": "N",
        "secondaryactionind": "No",
        "subsequentRatingInd": "N",
        "contactPersonId": null,
        "complianceType": "CAMS",
        "complianceID": "104495",
        "ratingShellId": null,
        "ratingShellDS": null,
        "workItemStatus": null,
        "workItemType": null,
        "workItemSubType": null,
        "workItemReleaseDtm": null,
        "pressReleaseId": null,
        "securityClassNm": null,
        "shadowCd": null,
        "pressReleaseType": null,
        "pyrRatingType": null,
        "pacrEmail": "Jacek.Stolarz@moodys.com",
        "pacr": "Jacek Stolarz",
        "chairEmail": "Jacek.Stolarz@moodys.com",
        "chair": "Jacek Stolarz",
        "addendum": "Joann Hempel ",
        "addendumEmail": "HempelJ@moodys.com"
    },
    {
        "sourceSystem": "ACCURATE",
        "orgId": null,
        "ratingActionDesc": "KKR Financial CLO 2013-1, Ltd.",
        "ratingActionID": "3451595",
        "ratingActionName": "KKR Financial CLO 2013-1, Ltd.",
        "ratingCommitteeDate": "2020-09-23 00:00:00.0",
        "ratingOffice": "51",
        "ratingReleaseDate": "2020-09-25 13:00:55.0",
        "releaseDate": "2020-09-25 13:01:01.47",
        "lobname": "SFG",
        "sublobname": "NR-COR-SC",
        "region": "U.S.A. & Canada",
        "leadAnalystID": "7091",
        "leadAnalystName": "Xixian Feng",
        "leadAnalystUniqueId": "fengx",
        "analystEmail": "Xixian.Feng@moodys.com",
        "analystLocation": "New York - 7 World Trade Center",
        "approverID": null,
        "approverName": " ",
        "officeName": "Moody's Investors Service, Inc.",
        "documentExceptionListingInd": "",
        "announcementInd": "",
        "automaticRating": "No",
        "definitiveRatingPrevProvisional": "No",
        "indicativeRatingInd": "N",
        "definitiveRatingInd": null,
        "linkedAnotherActionInd": "No",
        "privateRatingActionInd": "N",
        "provisionalRatingInd": "N",
        "secondaryactionind": "No",
        "subsequentRatingInd": "N",
        "contactPersonId": null,
        "complianceType": "CAMS",
        "complianceID": "104458",
        "ratingShellId": null,
        "ratingShellDS": null,
        "workItemStatus": null,
        "workItemType": null,
        "workItemSubType": null,
        "workItemReleaseDtm": null,
        "pressReleaseId": null,
        "securityClassNm": null,
        "shadowCd": null,
        "pressReleaseType": null,
        "pyrRatingType": null,
        "pacrEmail": null,
        "pacr": null,
        "chairEmail": null,
        "chair": null,
        "addendum": "Shirley Feng ",
        "addendumEmail": "FengX@moodys.com"
    },
    {
        "sourceSystem": "ACCURATE",
        "orgId": null,
        "ratingActionDesc": "Rockford Tower CLO 2017-3, Ltd.",
        "ratingActionID": "3451607",
        "ratingActionName": "Rockford Tower CLO 2017-3, Ltd.",
        "ratingCommitteeDate": "2020-09-18 00:00:00.0",
        "ratingOffice": "51",
        "ratingReleaseDate": "2020-09-23 15:27:32.0",
        "releaseDate": "2020-09-23 15:27:36.696",
        "lobname": "SFG",
        "sublobname": "Surv-COR-SC",
        "region": "U.S.A. & Canada",
        "leadAnalystID": "7845",
        "leadAnalystName": "John McDonald",
        "leadAnalystUniqueId": "mcdonalj",
        "analystEmail": "John.McDonald@moodys.com",
        "analystLocation": "New York - 7 World Trade Center",
        "approverID": null,
        "approverName": " ",
        "officeName": "Moody's Investors Service, Inc.",
        "documentExceptionListingInd": "",
        "announcementInd": "",
        "automaticRating": "No",
        "definitiveRatingPrevProvisional": "No",
        "indicativeRatingInd": "N",
        "definitiveRatingInd": null,
        "linkedAnotherActionInd": "No",
        "privateRatingActionInd": "N",
        "provisionalRatingInd": "N",
        "secondaryactionind": "No",
        "subsequentRatingInd": "N",
        "contactPersonId": null,
        "complianceType": "CAMS",
        "complianceID": "104437",
        "ratingShellId": null,
        "ratingShellDS": null,
        "workItemStatus": null,
        "workItemType": null,
        "workItemSubType": null,
        "workItemReleaseDtm": null,
        "pressReleaseId": null,
        "securityClassNm": null,
        "shadowCd": null,
        "pressReleaseType": null,
        "pyrRatingType": null,
        "pacrEmail": null,
        "pacr": null,
        "chairEmail": null,
        "chair": null,
        "addendum": null,
        "addendumEmail": null
    },
    {
        "sourceSystem": "ACCURATE",
        "orgId": null,
        "ratingActionDesc": "UBS AG, London Branch - 46",
        "ratingActionID": "3451705",
        "ratingActionName": "UBS AG, London Branch - 46",
        "ratingCommitteeDate": null,
        "ratingOffice": "41",
        "ratingReleaseDate": "2020-09-25 07:21:48.0",
        "releaseDate": "2020-09-25 07:22:07.97",
        "lobname": "FIG",
        "sublobname": "Banking",
        "region": "Europe",
        "leadAnalystID": "6878",
        "leadAnalystName": "Michael Rohr",
        "leadAnalystUniqueId": "rohrm",
        "analystEmail": "Michael.Rohr@moodys.com",
        "analystLocation": "Frankfurt - An der Welle 5",
        "approverID": null,
        "approverName": " ",
        "officeName": "Moody's Deutschland GmbH",
        "documentExceptionListingInd": "",
        "announcementInd": "",
        "automaticRating": "Yes",
        "definitiveRatingPrevProvisional": "No",
        "indicativeRatingInd": "N",
        "definitiveRatingInd": null,
        "linkedAnotherActionInd": "No",
        "privateRatingActionInd": "N",
        "provisionalRatingInd": "N",
        "secondaryactionind": "No",
        "subsequentRatingInd": "",
        "contactPersonId": null,
        "complianceType": "CAMS",
        "complianceID": "",
        "ratingShellId": null,
        "ratingShellDS": null,
        "workItemStatus": null,
        "workItemType": null,
        "workItemSubType": null,
        "workItemReleaseDtm": null,
        "pressReleaseId": null,
        "securityClassNm": null,
        "shadowCd": null,
        "pressReleaseType": null,
        "pyrRatingType": null,
        "pacrEmail": null,
        "pacr": null,
        "chairEmail": null,
        "chair": null,
        "addendum": null,
        "addendumEmail": null
    },
    {
        "sourceSystem": "ACCURATE",
        "orgId": null,
        "ratingActionDesc": "Custodial Receipts (Barclays), Custodial Receipts, Series 2020-XF2904",
        "ratingActionID": "3451732",
        "ratingActionName": "Custodial Receipts (Barclays), Custodial Receipts, Series 2020-XF2904",
        "ratingCommitteeDate": "2020-09-22 00:00:00.0",
        "ratingOffice": "51",
        "ratingReleaseDate": "2020-09-23 11:10:09.943",
        "releaseDate": "2020-09-23 11:10:09.963",
        "lobname": "PPIF",
        "sublobname": "Municipal Supported Products",
        "region": "U.S.A. & Canada",
        "leadAnalystID": "2312",
        "leadAnalystName": "Randy Matlosz",
        "leadAnalystUniqueId": "matloszr",
        "analystEmail": "Randy.Matlosz@moodys.com",
        "analystLocation": "New York - 7 World Trade Center",
        "approverID": null,
        "approverName": " ",
        "officeName": "Moody's Investors Service, Inc.",
        "documentExceptionListingInd": "",
        "announcementInd": "",
        "automaticRating": "No",
        "definitiveRatingPrevProvisional": "No",
        "indicativeRatingInd": "N",
        "definitiveRatingInd": null,
        "linkedAnotherActionInd": "No",
        "privateRatingActionInd": "N",
        "provisionalRatingInd": "N",
        "secondaryactionind": "No",
        "subsequentRatingInd": "N",
        "contactPersonId": null,
        "complianceType": "CAMS",
        "complianceID": "104749",
        "ratingShellId": null,
        "ratingShellDS": null,
        "workItemStatus": null,
        "workItemType": null,
        "workItemSubType": null,
        "workItemReleaseDtm": null,
        "pressReleaseId": null,
        "securityClassNm": null,
        "shadowCd": null,
        "pressReleaseType": null,
        "pyrRatingType": null,
        "pacrEmail": "Joann.Hempel@moodys.com",
        "pacr": "Joann Hempel",
        "chairEmail": "Joann.Hempel@moodys.com",
        "chair": "Joann Hempel",
        "addendum": "Randy Matlosz ",
        "addendumEmail": "MatloszR@moodys.com"
    },
    {
        "sourceSystem": "ACCURATE",
        "orgId": null,
        "ratingActionDesc": "Tender Option Bond Trust (Barclays Liquidity), Floater Certificates, Series 2020-XF2904",
        "ratingActionID": "3451744",
        "ratingActionName": "Tender Option Bond Trust (Barclays Liquidity), Floater Certificates, Series 2020-XF2904",
        "ratingCommitteeDate": "2020-09-22 00:00:00.0",
        "ratingOffice": "51",
        "ratingReleaseDate": "2020-09-23 12:26:06.903",
        "releaseDate": "2020-09-23 12:26:06.91",
        "lobname": "PPIF",
        "sublobname": "Municipal Supported Products",
        "region": "U.S.A. & Canada",
        "leadAnalystID": "2312",
        "leadAnalystName": "Randy Matlosz",
        "leadAnalystUniqueId": "matloszr",
        "analystEmail": "Randy.Matlosz@moodys.com",
        "analystLocation": "New York - 7 World Trade Center",
        "approverID": null,
        "approverName": " ",
        "officeName": "Moody's Investors Service, Inc.",
        "documentExceptionListingInd": "",
        "announcementInd": "",
        "automaticRating": "No",
        "definitiveRatingPrevProvisional": "No",
        "indicativeRatingInd": "N",
        "definitiveRatingInd": null,
        "linkedAnotherActionInd": "No",
        "privateRatingActionInd": "N",
        "provisionalRatingInd": "N",
        "secondaryactionind": "No",
        "subsequentRatingInd": "N",
        "contactPersonId": null,
        "complianceType": "CAMS",
        "complianceID": "104750",
        "ratingShellId": null,
        "ratingShellDS": null,
        "workItemStatus": null,
        "workItemType": null,
        "workItemSubType": null,
        "workItemReleaseDtm": null,
        "pressReleaseId": null,
        "securityClassNm": null,
        "shadowCd": null,
        "pressReleaseType": null,
        "pyrRatingType": null,
        "pacrEmail": "Joann.Hempel@moodys.com",
        "pacr": "Joann Hempel",
        "chairEmail": "Joann.Hempel@moodys.com",
        "chair": "Joann Hempel",
        "addendum": "Randy Matlosz ",
        "addendumEmail": "MatloszR@moodys.com"
    },
    {
        "sourceSystem": "ACCURATE",
        "orgId": null,
        "ratingActionDesc": "Northwoods Capital XII-B, Limited",
        "ratingActionID": "3451758",
        "ratingActionName": "Northwoods Capital XII-B, Limited",
        "ratingCommitteeDate": "2020-09-21 00:00:00.0",
        "ratingOffice": "51",
        "ratingReleaseDate": "2020-09-24 13:40:31.0",
        "releaseDate": "2020-09-24 13:40:37.61",
        "lobname": "SFG",
        "sublobname": "Surv-COS-ABS",
        "region": "U.S.A. & Canada",
        "leadAnalystID": "7639",
        "leadAnalystName": "Peter Li",
        "leadAnalystUniqueId": "lipe",
        "analystEmail": "Peter.Li@moodys.com",
        "analystLocation": "New York - 7 World Trade Center",
        "approverID": null,
        "approverName": " ",
        "officeName": "Moody's Investors Service, Inc.",
        "documentExceptionListingInd": "",
        "announcementInd": "",
        "automaticRating": "No",
        "definitiveRatingPrevProvisional": "No",
        "indicativeRatingInd": "N",
        "definitiveRatingInd": null,
        "linkedAnotherActionInd": "No",
        "privateRatingActionInd": "N",
        "provisionalRatingInd": "N",
        "secondaryactionind": "No",
        "subsequentRatingInd": "N",
        "contactPersonId": null,
        "complianceType": "CAMS",
        "complianceID": "104472",
        "ratingShellId": null,
        "ratingShellDS": null,
        "workItemStatus": null,
        "workItemType": null,
        "workItemSubType": null,
        "workItemReleaseDtm": null,
        "pressReleaseId": null,
        "securityClassNm": null,
        "shadowCd": null,
        "pressReleaseType": null,
        "pyrRatingType": null,
        "pacrEmail": null,
        "pacr": null,
        "chairEmail": null,
        "chair": null,
        "addendum": null,
        "addendumEmail": null
    },
    {
        "sourceSystem": "ACCURATE",
        "orgId": null,
        "ratingActionDesc": "Northwoods Capital XVI, Limited",
        "ratingActionID": "3451761",
        "ratingActionName": "Northwoods Capital XVI, Limited",
        "ratingCommitteeDate": "2020-09-21 00:00:00.0",
        "ratingOffice": "51",
        "ratingReleaseDate": "2020-09-24 13:54:56.0",
        "releaseDate": "2020-09-24 13:55:01.486",
        "lobname": "SFG",
        "sublobname": "Surv-COS-ABS",
        "region": "U.S.A. & Canada",
        "leadAnalystID": "7639",
        "leadAnalystName": "Peter Li",
        "leadAnalystUniqueId": "lipe",
        "analystEmail": "Peter.Li@moodys.com",
        "analystLocation": "New York - 7 World Trade Center",
        "approverID": null,
        "approverName": " ",
        "officeName": "Moody's Investors Service, Inc.",
        "documentExceptionListingInd": "",
        "announcementInd": "",
        "automaticRating": "No",
        "definitiveRatingPrevProvisional": "No",
        "indicativeRatingInd": "N",
        "definitiveRatingInd": null,
        "linkedAnotherActionInd": "No",
        "privateRatingActionInd": "N",
        "provisionalRatingInd": "N",
        "secondaryactionind": "No",
        "subsequentRatingInd": "N",
        "contactPersonId": null,
        "complianceType": "CAMS",
        "complianceID": "104565",
        "ratingShellId": null,
        "ratingShellDS": null,
        "workItemStatus": null,
        "workItemType": null,
        "workItemSubType": null,
        "workItemReleaseDtm": null,
        "pressReleaseId": null,
        "securityClassNm": null,
        "shadowCd": null,
        "pressReleaseType": null,
        "pyrRatingType": null,
        "pacrEmail": null,
        "pacr": null,
        "chairEmail": null,
        "chair": null,
        "addendum": null,
        "addendumEmail": null
    },
    {
        "sourceSystem": "ACCURATE",
        "orgId": null,
        "ratingActionDesc": "Northwoods Capital XVIII, Limited",
        "ratingActionID": "3451767",
        "ratingActionName": "Northwoods Capital XVIII, Limited",
        "ratingCommitteeDate": "2020-09-21 00:00:00.0",
        "ratingOffice": "51",
        "ratingReleaseDate": "2020-09-24 15:06:41.0",
        "releaseDate": "2020-09-24 15:06:47.12",
        "lobname": "SFG",
        "sublobname": "Surv-COS-ABS",
        "region": "U.S.A. & Canada",
        "leadAnalystID": "7639",
        "leadAnalystName": "Peter Li",
        "leadAnalystUniqueId": "lipe",
        "analystEmail": "Peter.Li@moodys.com",
        "analystLocation": "New York - 7 World Trade Center",
        "approverID": null,
        "approverName": " ",
        "officeName": "Moody's Investors Service, Inc.",
        "documentExceptionListingInd": "",
        "announcementInd": "",
        "automaticRating": "No",
        "definitiveRatingPrevProvisional": "No",
        "indicativeRatingInd": "N",
        "definitiveRatingInd": null,
        "linkedAnotherActionInd": "No",
        "privateRatingActionInd": "N",
        "provisionalRatingInd": "N",
        "secondaryactionind": "No",
        "subsequentRatingInd": "N",
        "contactPersonId": null,
        "complianceType": "CAMS",
        "complianceID": "104599",
        "ratingShellId": null,
        "ratingShellDS": null,
        "workItemStatus": null,
        "workItemType": null,
        "workItemSubType": null,
        "workItemReleaseDtm": null,
        "pressReleaseId": null,
        "securityClassNm": null,
        "shadowCd": null,
        "pressReleaseType": null,
        "pyrRatingType": null,
        "pacrEmail": null,
        "pacr": null,
        "chairEmail": null,
        "chair": null,
        "addendum": null,
        "addendumEmail": null
    },
    {
        "sourceSystem": "ACCURATE",
        "orgId": null,
        "ratingActionDesc": "UBS AG, London Branch - 46",
        "ratingActionID": "3451991",
        "ratingActionName": "UBS AG, London Branch - 46",
        "ratingCommitteeDate": null,
        "ratingOffice": "41",
        "ratingReleaseDate": "2020-09-25 03:30:49.0",
        "releaseDate": "2020-09-25 03:31:10.093",
        "lobname": "FIG",
        "sublobname": "Banking",
        "region": "Europe",
        "leadAnalystID": "6878",
        "leadAnalystName": "Michael Rohr",
        "leadAnalystUniqueId": "rohrm",
        "analystEmail": "Michael.Rohr@moodys.com",
        "analystLocation": "Frankfurt - An der Welle 5",
        "approverID": null,
        "approverName": " ",
        "officeName": "Moody's Deutschland GmbH",
        "documentExceptionListingInd": "",
        "announcementInd": "",
        "automaticRating": "Yes",
        "definitiveRatingPrevProvisional": "No",
        "indicativeRatingInd": "N",
        "definitiveRatingInd": null,
        "linkedAnotherActionInd": "No",
        "privateRatingActionInd": "N",
        "provisionalRatingInd": "N",
        "secondaryactionind": "No",
        "subsequentRatingInd": "",
        "contactPersonId": null,
        "complianceType": "CAMS",
        "complianceID": "",
        "ratingShellId": null,
        "ratingShellDS": null,
        "workItemStatus": null,
        "workItemType": null,
        "workItemSubType": null,
        "workItemReleaseDtm": null,
        "pressReleaseId": null,
        "securityClassNm": null,
        "shadowCd": null,
        "pressReleaseType": null,
        "pyrRatingType": null,
        "pacrEmail": null,
        "pacr": null,
        "chairEmail": null,
        "chair": null,
        "addendum": null,
        "addendumEmail": null
    },
    {
        "sourceSystem": "ACCURATE",
        "orgId": null,
        "ratingActionDesc": "UBS AG, London Branch - 46",
        "ratingActionID": "3452012",
        "ratingActionName": "UBS AG, London Branch - 46",
        "ratingCommitteeDate": null,
        "ratingOffice": "41",
        "ratingReleaseDate": "2020-09-25 05:49:22.0",
        "releaseDate": "2020-09-25 05:49:42.326",
        "lobname": "FIG",
        "sublobname": "Banking",
        "region": "Europe",
        "leadAnalystID": "6878",
        "leadAnalystName": "Michael Rohr",
        "leadAnalystUniqueId": "rohrm",
        "analystEmail": "Michael.Rohr@moodys.com",
        "analystLocation": "Frankfurt - An der Welle 5",
        "approverID": null,
        "approverName": " ",
        "officeName": "Moody's Deutschland GmbH",
        "documentExceptionListingInd": "",
        "announcementInd": "",
        "automaticRating": "Yes",
        "definitiveRatingPrevProvisional": "No",
        "indicativeRatingInd": "N",
        "definitiveRatingInd": null,
        "linkedAnotherActionInd": "No",
        "privateRatingActionInd": "N",
        "provisionalRatingInd": "N",
        "secondaryactionind": "No",
        "subsequentRatingInd": "",
        "contactPersonId": null,
        "complianceType": "CAMS",
        "complianceID": "",
        "ratingShellId": null,
        "ratingShellDS": null,
        "workItemStatus": null,
        "workItemType": null,
        "workItemSubType": null,
        "workItemReleaseDtm": null,
        "pressReleaseId": null,
        "securityClassNm": null,
        "shadowCd": null,
        "pressReleaseType": null,
        "pyrRatingType": null,
        "pacrEmail": null,
        "pacr": null,
        "chairEmail": null,
        "chair": null,
        "addendum": null,
        "addendumEmail": null
    },
    {
        "sourceSystem": "ACCURATE",
        "orgId": null,
        "ratingActionDesc": "GS Finance Corp. - 46",
        "ratingActionID": "3452073",
        "ratingActionName": "GS Finance Corp. - 46",
        "ratingCommitteeDate": null,
        "ratingOffice": "51",
        "ratingReleaseDate": "2020-09-24 05:48:45.0",
        "releaseDate": "2020-09-24 05:48:59.97",
        "lobname": "FIG",
        "sublobname": "Banking",
        "region": "U.S.A. & Canada",
        "leadAnalystID": "467",
        "leadAnalystName": "David Fanger",
        "leadAnalystUniqueId": "fangerd",
        "analystEmail": "David.Fanger@moodys.com",
        "analystLocation": "New York - 7 World Trade Center",
        "approverID": null,
        "approverName": " ",
        "officeName": "Moody's Investors Service, Inc.",
        "documentExceptionListingInd": "",
        "announcementInd": "",
        "automaticRating": "Yes",
        "definitiveRatingPrevProvisional": "No",
        "indicativeRatingInd": "N",
        "definitiveRatingInd": null,
        "linkedAnotherActionInd": "No",
        "privateRatingActionInd": "N",
        "provisionalRatingInd": "N",
        "secondaryactionind": "No",
        "subsequentRatingInd": "",
        "contactPersonId": null,
        "complianceType": "CAMS",
        "complianceID": "",
        "ratingShellId": null,
        "ratingShellDS": null,
        "workItemStatus": null,
        "workItemType": null,
        "workItemSubType": null,
        "workItemReleaseDtm": null,
        "pressReleaseId": null,
        "securityClassNm": null,
        "shadowCd": null,
        "pressReleaseType": null,
        "pyrRatingType": null,
        "pacrEmail": null,
        "pacr": null,
        "chairEmail": null,
        "chair": null,
        "addendum": null,
        "addendumEmail": null
    },
    {
        "sourceSystem": "ACCURATE",
        "orgId": null,
        "ratingActionDesc": "Royal Bank of Canada",
        "ratingActionID": "3452090",
        "ratingActionName": "Royal Bank of Canada",
        "ratingCommitteeDate": null,
        "ratingOffice": "71",
        "ratingReleaseDate": "2020-09-25 16:43:22.0",
        "releaseDate": "2020-09-25 16:43:56.416",
        "lobname": "FIG",
        "sublobname": "Banking",
        "region": "U.S.A. & Canada",
        "leadAnalystID": "6721",
        "leadAnalystName": "John Beattie",
        "leadAnalystUniqueId": "beattied",
        "analystEmail": "David.Beattie@moodys.com",
        "analystLocation": "Toronto - 70 York Street",
        "approverID": null,
        "approverName": " ",
        "officeName": "Moody's Canada Inc.",
        "documentExceptionListingInd": "",
        "announcementInd": "",
        "automaticRating": "Yes",
        "definitiveRatingPrevProvisional": "No",
        "indicativeRatingInd": "N",
        "definitiveRatingInd": null,
        "linkedAnotherActionInd": "No",
        "privateRatingActionInd": "N",
        "provisionalRatingInd": "N",
        "secondaryactionind": "No",
        "subsequentRatingInd": "",
        "contactPersonId": null,
        "complianceType": "CAMS",
        "complianceID": "",
        "ratingShellId": null,
        "ratingShellDS": null,
        "workItemStatus": null,
        "workItemType": null,
        "workItemSubType": null,
        "workItemReleaseDtm": null,
        "pressReleaseId": null,
        "securityClassNm": null,
        "shadowCd": null,
        "pressReleaseType": null,
        "pyrRatingType": null,
        "pacrEmail": null,
        "pacr": null,
        "chairEmail": null,
        "chair": null,
        "addendum": null,
        "addendumEmail": null
    },
    {
        "sourceSystem": "ACCURATE",
        "orgId": null,
        "ratingActionDesc": "Muenchener Hypothekenbank eG",
        "ratingActionID": "3452208",
        "ratingActionName": "Muenchener Hypothekenbank eG",
        "ratingCommitteeDate": null,
        "ratingOffice": "41",
        "ratingReleaseDate": "2020-09-23 14:34:25.0",
        "releaseDate": "2020-09-23 14:34:52.15",
        "lobname": "FIG",
        "sublobname": "Banking",
        "region": "Europe",
        "leadAnalystID": "6021",
        "leadAnalystName": "Andrea Muller Wehmeier",
        "leadAnalystUniqueId": "wehmeiea",
        "analystEmail": "Andrea.Wehmeier@moodys.com",
        "analystLocation": "Frankfurt - An der Welle 5",
        "approverID": null,
        "approverName": " ",
        "officeName": "Moody's Deutschland GmbH",
        "documentExceptionListingInd": "",
        "announcementInd": "",
        "automaticRating": "No",
        "definitiveRatingPrevProvisional": "No",
        "indicativeRatingInd": "N",
        "definitiveRatingInd": null,
        "linkedAnotherActionInd": "No",
        "privateRatingActionInd": "N",
        "provisionalRatingInd": "N",
        "secondaryactionind": "No",
        "subsequentRatingInd": "Y",
        "contactPersonId": null,
        "complianceType": "CAMS",
        "complianceID": "",
        "ratingShellId": null,
        "ratingShellDS": null,
        "workItemStatus": null,
        "workItemType": null,
        "workItemSubType": null,
        "workItemReleaseDtm": null,
        "pressReleaseId": null,
        "securityClassNm": null,
        "shadowCd": null,
        "pressReleaseType": null,
        "pyrRatingType": null,
        "pacrEmail": null,
        "pacr": null,
        "chairEmail": null,
        "chair": null,
        "addendum": null,
        "addendumEmail": null
    },
    {
        "sourceSystem": "ACCURATE",
        "orgId": null,
        "ratingActionDesc": "GS Finance Corp. - 46",
        "ratingActionID": "3452210",
        "ratingActionName": "GS Finance Corp. - 46",
        "ratingCommitteeDate": null,
        "ratingOffice": "51",
        "ratingReleaseDate": "2020-09-24 06:51:34.0",
        "releaseDate": "2020-09-24 06:51:51.463",
        "lobname": "FIG",
        "sublobname": "Banking",
        "region": "U.S.A. & Canada",
        "leadAnalystID": "467",
        "leadAnalystName": "David Fanger",
        "leadAnalystUniqueId": "fangerd",
        "analystEmail": "David.Fanger@moodys.com",
        "analystLocation": "New York - 7 World Trade Center",
        "approverID": null,
        "approverName": " ",
        "officeName": "Moody's Investors Service, Inc.",
        "documentExceptionListingInd": "",
        "announcementInd": "",
        "automaticRating": "Yes",
        "definitiveRatingPrevProvisional": "No",
        "indicativeRatingInd": "N",
        "definitiveRatingInd": null,
        "linkedAnotherActionInd": "No",
        "privateRatingActionInd": "N",
        "provisionalRatingInd": "N",
        "secondaryactionind": "No",
        "subsequentRatingInd": "",
        "contactPersonId": null,
        "complianceType": "CAMS",
        "complianceID": "",
        "ratingShellId": null,
        "ratingShellDS": null,
        "workItemStatus": null,
        "workItemType": null,
        "workItemSubType": null,
        "workItemReleaseDtm": null,
        "pressReleaseId": null,
        "securityClassNm": null,
        "shadowCd": null,
        "pressReleaseType": null,
        "pyrRatingType": null,
        "pacrEmail": null,
        "pacr": null,
        "chairEmail": null,
        "chair": null,
        "addendum": null,
        "addendumEmail": null
    },
    {
        "sourceSystem": "ACCURATE",
        "orgId": null,
        "ratingActionDesc": "Credit Agricole CIB Financial Solutions - 47",
        "ratingActionID": "3452224",
        "ratingActionName": "Credit Agricole CIB Financial Solutions - 47",
        "ratingCommitteeDate": null,
        "ratingOffice": "50",
        "ratingReleaseDate": "2020-09-23 07:59:12.0",
        "releaseDate": "2020-09-23 07:59:19.633",
        "lobname": "FIG",
        "sublobname": "Banking",
        "region": "Europe",
        "leadAnalystID": "2595",
        "leadAnalystName": "Olivier Panis",
        "leadAnalystUniqueId": "paniso",
        "analystEmail": "Olivier.Panis@moodys.com",
        "analystLocation": "Paris - 96, boulevard Haussmann",
        "approverID": null,
        "approverName": " ",
        "officeName": "Moody's France SAS",
        "documentExceptionListingInd": "",
        "announcementInd": "",
        "automaticRating": "Yes",
        "definitiveRatingPrevProvisional": "No",
        "indicativeRatingInd": "N",
        "definitiveRatingInd": null,
        "linkedAnotherActionInd": "No",
        "privateRatingActionInd": "N",
        "provisionalRatingInd": "N",
        "secondaryactionind": "No",
        "subsequentRatingInd": "",
        "contactPersonId": null,
        "complianceType": "CAMS",
        "complianceID": "",
        "ratingShellId": null,
        "ratingShellDS": null,
        "workItemStatus": null,
        "workItemType": null,
        "workItemSubType": null,
        "workItemReleaseDtm": null,
        "pressReleaseId": null,
        "securityClassNm": null,
        "shadowCd": null,
        "pressReleaseType": null,
        "pyrRatingType": null,
        "pacrEmail": null,
        "pacr": null,
        "chairEmail": null,
        "chair": null,
        "addendum": null,
        "addendumEmail": null
    },
    {
        "sourceSystem": "ACCURATE",
        "orgId": null,
        "ratingActionDesc": "HSBC USA Inc. - 46",
        "ratingActionID": "3452234",
        "ratingActionName": "HSBC USA Inc. - 46",
        "ratingCommitteeDate": null,
        "ratingOffice": "51",
        "ratingReleaseDate": "2020-09-24 09:13:47.0",
        "releaseDate": "2020-09-24 09:13:55.096",
        "lobname": "FIG",
        "sublobname": "Banking",
        "region": "U.S.A. & Canada",
        "leadAnalystID": "467",
        "leadAnalystName": "David Fanger",
        "leadAnalystUniqueId": "fangerd",
        "analystEmail": "David.Fanger@moodys.com",
        "analystLocation": "New York - 7 World Trade Center",
        "approverID": null,
        "approverName": " ",
        "officeName": "Moody's Investors Service, Inc.",
        "documentExceptionListingInd": "",
        "announcementInd": "",
        "automaticRating": "Yes",
        "definitiveRatingPrevProvisional": "No",
        "indicativeRatingInd": "N",
        "definitiveRatingInd": null,
        "linkedAnotherActionInd": "No",
        "privateRatingActionInd": "N",
        "provisionalRatingInd": "N",
        "secondaryactionind": "No",
        "subsequentRatingInd": "",
        "contactPersonId": null,
        "complianceType": "CAMS",
        "complianceID": "",
        "ratingShellId": null,
        "ratingShellDS": null,
        "workItemStatus": null,
        "workItemType": null,
        "workItemSubType": null,
        "workItemReleaseDtm": null,
        "pressReleaseId": null,
        "securityClassNm": null,
        "shadowCd": null,
        "pressReleaseType": null,
        "pyrRatingType": null,
        "pacrEmail": null,
        "pacr": null,
        "chairEmail": null,
        "chair": null,
        "addendum": null,
        "addendumEmail": null
    },
    {
        "sourceSystem": "ACCURATE",
        "orgId": null,
        "ratingActionDesc": "HSBC USA Inc. - 46",
        "ratingActionID": "3452314",
        "ratingActionName": "HSBC USA Inc. - 46",
        "ratingCommitteeDate": null,
        "ratingOffice": "51",
        "ratingReleaseDate": "2020-09-24 07:28:23.0",
        "releaseDate": "2020-09-24 07:28:39.676",
        "lobname": "FIG",
        "sublobname": "Banking",
        "region": "U.S.A. & Canada",
        "leadAnalystID": "467",
        "leadAnalystName": "David Fanger",
        "leadAnalystUniqueId": "fangerd",
        "analystEmail": "David.Fanger@moodys.com",
        "analystLocation": "New York - 7 World Trade Center",
        "approverID": null,
        "approverName": " ",
        "officeName": "Moody's Investors Service, Inc.",
        "documentExceptionListingInd": "",
        "announcementInd": "",
        "automaticRating": "Yes",
        "definitiveRatingPrevProvisional": "No",
        "indicativeRatingInd": "N",
        "definitiveRatingInd": null,
        "linkedAnotherActionInd": "No",
        "privateRatingActionInd": "N",
        "provisionalRatingInd": "N",
        "secondaryactionind": "No",
        "subsequentRatingInd": "",
        "contactPersonId": null,
        "complianceType": "CAMS",
        "complianceID": "",
        "ratingShellId": null,
        "ratingShellDS": null,
        "workItemStatus": null,
        "workItemType": null,
        "workItemSubType": null,
        "workItemReleaseDtm": null,
        "pressReleaseId": null,
        "securityClassNm": null,
        "shadowCd": null,
        "pressReleaseType": null,
        "pyrRatingType": null,
        "pacrEmail": null,
        "pacr": null,
        "chairEmail": null,
        "chair": null,
        "addendum": null,
        "addendumEmail": null
    },
    {
        "sourceSystem": "ACCURATE",
        "orgId": null,
        "ratingActionDesc": "BBVA Global Markets B.V. - 47",
        "ratingActionID": "3452322",
        "ratingActionName": "BBVA Global Markets B.V. - 47",
        "ratingCommitteeDate": null,
        "ratingOffice": "69",
        "ratingReleaseDate": "2020-09-23 06:48:07.0",
        "releaseDate": "2020-09-23 06:48:14.653",
        "lobname": "FIG",
        "sublobname": "Banking",
        "region": "Europe",
        "leadAnalystID": "290",
        "leadAnalystName": "Maria Cabanyes",
        "leadAnalystUniqueId": "cabanyem",
        "analystEmail": "Maria.Cabanyes@moodys.com",
        "analystLocation": "Madrid - Calle Principe de Vergara, 131",
        "approverID": null,
        "approverName": " ",
        "officeName": "Moody's Investors Service Espana, S.A.",
        "documentExceptionListingInd": "",
        "announcementInd": "",
        "automaticRating": "Yes",
        "definitiveRatingPrevProvisional": "No",
        "indicativeRatingInd": "N",
        "definitiveRatingInd": null,
        "linkedAnotherActionInd": "No",
        "privateRatingActionInd": "N",
        "provisionalRatingInd": "N",
        "secondaryactionind": "No",
        "subsequentRatingInd": "",
        "contactPersonId": null,
        "complianceType": "CAMS",
        "complianceID": "",
        "ratingShellId": null,
        "ratingShellDS": null,
        "workItemStatus": null,
        "workItemType": null,
        "workItemSubType": null,
        "workItemReleaseDtm": null,
        "pressReleaseId": null,
        "securityClassNm": null,
        "shadowCd": null,
        "pressReleaseType": null,
        "pyrRatingType": null,
        "pacrEmail": null,
        "pacr": null,
        "chairEmail": null,
        "chair": null,
        "addendum": null,
        "addendumEmail": null
    },
    {
        "sourceSystem": "ACCURATE",
        "orgId": null,
        "ratingActionDesc": "GS Finance Corp.",
        "ratingActionID": "3452428",
        "ratingActionName": "GS Finance Corp.",
        "ratingCommitteeDate": null,
        "ratingOffice": "51",
        "ratingReleaseDate": "2020-09-23 11:22:05.0",
        "releaseDate": "2020-09-23 11:22:40.21",
        "lobname": "FIG",
        "sublobname": "Banking",
        "region": "U.S.A. & Canada",
        "leadAnalystID": "467",
        "leadAnalystName": "David Fanger",
        "leadAnalystUniqueId": "fangerd",
        "analystEmail": "David.Fanger@moodys.com",
        "analystLocation": "New York - 7 World Trade Center",
        "approverID": null,
        "approverName": " ",
        "officeName": "Moody's Investors Service, Inc.",
        "documentExceptionListingInd": "",
        "announcementInd": "",
        "automaticRating": "Yes",
        "definitiveRatingPrevProvisional": "No",
        "indicativeRatingInd": "N",
        "definitiveRatingInd": null,
        "linkedAnotherActionInd": "No",
        "privateRatingActionInd": "N",
        "provisionalRatingInd": "N",
        "secondaryactionind": "No",
        "subsequentRatingInd": "",
        "contactPersonId": null,
        "complianceType": "CAMS",
        "complianceID": "",
        "ratingShellId": null,
        "ratingShellDS": null,
        "workItemStatus": null,
        "workItemType": null,
        "workItemSubType": null,
        "workItemReleaseDtm": null,
        "pressReleaseId": null,
        "securityClassNm": null,
        "shadowCd": null,
        "pressReleaseType": null,
        "pyrRatingType": null,
        "pacrEmail": null,
        "pacr": null,
        "chairEmail": null,
        "chair": null,
        "addendum": null,
        "addendumEmail": null
    },
    {
        "sourceSystem": "ACCURATE",
        "orgId": null,
        "ratingActionDesc": "OZLM XV, Ltd.",
        "ratingActionID": "3452545",
        "ratingActionName": "OZLM XV, Ltd.",
        "ratingCommitteeDate": "2020-09-23 00:00:00.0",
        "ratingOffice": "51",
        "ratingReleaseDate": "2020-09-25 16:54:38.0",
        "releaseDate": "2020-09-25 16:54:43.166",
        "lobname": "SFG",
        "sublobname": "Surv-COR-SC",
        "region": "U.S.A. & Canada",
        "leadAnalystID": "30823",
        "leadAnalystName": "Louis Geneste",
        "leadAnalystUniqueId": "genestel",
        "analystEmail": "Louis.Geneste@moodys.com",
        "analystLocation": "New York - 7 World Trade Center",
        "approverID": null,
        "approverName": " ",
        "officeName": "Moody's Investors Service, Inc.",
        "documentExceptionListingInd": "",
        "announcementInd": "",
        "automaticRating": "No",
        "definitiveRatingPrevProvisional": "No",
        "indicativeRatingInd": "N",
        "definitiveRatingInd": null,
        "linkedAnotherActionInd": "No",
        "privateRatingActionInd": "N",
        "provisionalRatingInd": "N",
        "secondaryactionind": "No",
        "subsequentRatingInd": "N",
        "contactPersonId": null,
        "complianceType": "CAMS",
        "complianceID": "104582",
        "ratingShellId": null,
        "ratingShellDS": null,
        "workItemStatus": null,
        "workItemType": null,
        "workItemSubType": null,
        "workItemReleaseDtm": null,
        "pressReleaseId": null,
        "securityClassNm": null,
        "shadowCd": null,
        "pressReleaseType": null,
        "pyrRatingType": null,
        "pacrEmail": null,
        "pacr": null,
        "chairEmail": null,
        "chair": null,
        "addendum": "Viara Radoulova ",
        "addendumEmail": "RadouloV@moodys.com"
    },
    {
        "sourceSystem": "ACCURATE",
        "orgId": null,
        "ratingActionDesc": "GS Finance Corp.",
        "ratingActionID": "3452583",
        "ratingActionName": "GS Finance Corp.",
        "ratingCommitteeDate": null,
        "ratingOffice": "51",
        "ratingReleaseDate": "2020-09-23 11:11:26.0",
        "releaseDate": "2020-09-23 11:12:07.963",
        "lobname": "FIG",
        "sublobname": "Banking",
        "region": "U.S.A. & Canada",
        "leadAnalystID": "467",
        "leadAnalystName": "David Fanger",
        "leadAnalystUniqueId": "fangerd",
        "analystEmail": "David.Fanger@moodys.com",
        "analystLocation": "New York - 7 World Trade Center",
        "approverID": null,
        "approverName": " ",
        "officeName": "Moody's Investors Service, Inc.",
        "documentExceptionListingInd": "",
        "announcementInd": "",
        "automaticRating": "Yes",
        "definitiveRatingPrevProvisional": "No",
        "indicativeRatingInd": "N",
        "definitiveRatingInd": null,
        "linkedAnotherActionInd": "No",
        "privateRatingActionInd": "N",
        "provisionalRatingInd": "N",
        "secondaryactionind": "No",
        "subsequentRatingInd": "",
        "contactPersonId": null,
        "complianceType": "CAMS",
        "complianceID": "",
        "ratingShellId": null,
        "ratingShellDS": null,
        "workItemStatus": null,
        "workItemType": null,
        "workItemSubType": null,
        "workItemReleaseDtm": null,
        "pressReleaseId": null,
        "securityClassNm": null,
        "shadowCd": null,
        "pressReleaseType": null,
        "pyrRatingType": null,
        "pacrEmail": null,
        "pacr": null,
        "chairEmail": null,
        "chair": null,
        "addendum": null,
        "addendumEmail": null
    },
    {
        "sourceSystem": "ACCURATE",
        "orgId": null,
        "ratingActionDesc": "HSBC USA Inc. - 46",
        "ratingActionID": "3453288",
        "ratingActionName": "HSBC USA Inc. - 46",
        "ratingCommitteeDate": null,
        "ratingOffice": "51",
        "ratingReleaseDate": "2020-09-24 07:48:49.0",
        "releaseDate": "2020-09-24 07:49:05.94",
        "lobname": "FIG",
        "sublobname": "Banking",
        "region": "U.S.A. & Canada",
        "leadAnalystID": "467",
        "leadAnalystName": "David Fanger",
        "leadAnalystUniqueId": "fangerd",
        "analystEmail": "David.Fanger@moodys.com",
        "analystLocation": "New York - 7 World Trade Center",
        "approverID": null,
        "approverName": " ",
        "officeName": "Moody's Investors Service, Inc.",
        "documentExceptionListingInd": "",
        "announcementInd": "",
        "automaticRating": "Yes",
        "definitiveRatingPrevProvisional": "No",
        "indicativeRatingInd": "N",
        "definitiveRatingInd": null,
        "linkedAnotherActionInd": "No",
        "privateRatingActionInd": "N",
        "provisionalRatingInd": "N",
        "secondaryactionind": "No",
        "subsequentRatingInd": "",
        "contactPersonId": null,
        "complianceType": "CAMS",
        "complianceID": "",
        "ratingShellId": null,
        "ratingShellDS": null,
        "workItemStatus": null,
        "workItemType": null,
        "workItemSubType": null,
        "workItemReleaseDtm": null,
        "pressReleaseId": null,
        "securityClassNm": null,
        "shadowCd": null,
        "pressReleaseType": null,
        "pyrRatingType": null,
        "pacrEmail": null,
        "pacr": null,
        "chairEmail": null,
        "chair": null,
        "addendum": null,
        "addendumEmail": null
    },
    {
        "sourceSystem": "ACCURATE",
        "orgId": null,
        "ratingActionDesc": "Credit Industriel et Commercial - 47",
        "ratingActionID": "3453345",
        "ratingActionName": "Credit Industriel et Commercial - 47",
        "ratingCommitteeDate": null,
        "ratingOffice": "50",
        "ratingReleaseDate": "2020-09-23 07:14:41.0",
        "releaseDate": "2020-09-23 07:14:53.476",
        "lobname": "FIG",
        "sublobname": "Banking",
        "region": "Europe",
        "leadAnalystID": "6130",
        "leadAnalystName": "Guillaume Lucien-Baugas",
        "leadAnalystUniqueId": "lucieng",
        "analystEmail": "Guillaume.Lucien-Baugas@moodys.com",
        "analystLocation": "Paris - 96, boulevard Haussmann",
        "approverID": null,
        "approverName": " ",
        "officeName": "Moody's France SAS",
        "documentExceptionListingInd": "",
        "announcementInd": "",
        "automaticRating": "Yes",
        "definitiveRatingPrevProvisional": "No",
        "indicativeRatingInd": "N",
        "definitiveRatingInd": null,
        "linkedAnotherActionInd": "No",
        "privateRatingActionInd": "N",
        "provisionalRatingInd": "N",
        "secondaryactionind": "No",
        "subsequentRatingInd": "",
        "contactPersonId": null,
        "complianceType": "CAMS",
        "complianceID": "",
        "ratingShellId": null,
        "ratingShellDS": null,
        "workItemStatus": null,
        "workItemType": null,
        "workItemSubType": null,
        "workItemReleaseDtm": null,
        "pressReleaseId": null,
        "securityClassNm": null,
        "shadowCd": null,
        "pressReleaseType": null,
        "pyrRatingType": null,
        "pacrEmail": null,
        "pacr": null,
        "chairEmail": null,
        "chair": null,
        "addendum": null,
        "addendumEmail": null
    },
    {
        "sourceSystem": "ACCURATE",
        "orgId": null,
        "ratingActionDesc": "UBS AG, London Branch - 46",
        "ratingActionID": "3453355",
        "ratingActionName": "UBS AG, London Branch - 46",
        "ratingCommitteeDate": null,
        "ratingOffice": "41",
        "ratingReleaseDate": "2020-09-24 09:48:25.0",
        "releaseDate": "2020-09-24 09:48:41.96",
        "lobname": "FIG",
        "sublobname": "Banking",
        "region": "Europe",
        "leadAnalystID": "6878",
        "leadAnalystName": "Michael Rohr",
        "leadAnalystUniqueId": "rohrm",
        "analystEmail": "Michael.Rohr@moodys.com",
        "analystLocation": "Frankfurt - An der Welle 5",
        "approverID": null,
        "approverName": " ",
        "officeName": "Moody's Deutschland GmbH",
        "documentExceptionListingInd": "",
        "announcementInd": "",
        "automaticRating": "Yes",
        "definitiveRatingPrevProvisional": "No",
        "indicativeRatingInd": "N",
        "definitiveRatingInd": null,
        "linkedAnotherActionInd": "No",
        "privateRatingActionInd": "N",
        "provisionalRatingInd": "N",
        "secondaryactionind": "No",
        "subsequentRatingInd": "",
        "contactPersonId": null,
        "complianceType": "CAMS",
        "complianceID": "",
        "ratingShellId": null,
        "ratingShellDS": null,
        "workItemStatus": null,
        "workItemType": null,
        "workItemSubType": null,
        "workItemReleaseDtm": null,
        "pressReleaseId": null,
        "securityClassNm": null,
        "shadowCd": null,
        "pressReleaseType": null,
        "pyrRatingType": null,
        "pacrEmail": null,
        "pacr": null,
        "chairEmail": null,
        "chair": null,
        "addendum": null,
        "addendumEmail": null
    },
    {
        "sourceSystem": "ACCURATE",
        "orgId": null,
        "ratingActionDesc": "UBS AG, London Branch - 46",
        "ratingActionID": "3453538",
        "ratingActionName": "UBS AG, London Branch - 46",
        "ratingCommitteeDate": null,
        "ratingOffice": "41",
        "ratingReleaseDate": "2020-09-24 09:50:20.0",
        "releaseDate": "2020-09-24 09:50:37.806",
        "lobname": "FIG",
        "sublobname": "Banking",
        "region": "Europe",
        "leadAnalystID": "6878",
        "leadAnalystName": "Michael Rohr",
        "leadAnalystUniqueId": "rohrm",
        "analystEmail": "Michael.Rohr@moodys.com",
        "analystLocation": "Frankfurt - An der Welle 5",
        "approverID": null,
        "approverName": " ",
        "officeName": "Moody's Deutschland GmbH",
        "documentExceptionListingInd": "",
        "announcementInd": "",
        "automaticRating": "Yes",
        "definitiveRatingPrevProvisional": "No",
        "indicativeRatingInd": "N",
        "definitiveRatingInd": null,
        "linkedAnotherActionInd": "No",
        "privateRatingActionInd": "N",
        "provisionalRatingInd": "N",
        "secondaryactionind": "No",
        "subsequentRatingInd": "",
        "contactPersonId": null,
        "complianceType": "CAMS",
        "complianceID": "",
        "ratingShellId": null,
        "ratingShellDS": null,
        "workItemStatus": null,
        "workItemType": null,
        "workItemSubType": null,
        "workItemReleaseDtm": null,
        "pressReleaseId": null,
        "securityClassNm": null,
        "shadowCd": null,
        "pressReleaseType": null,
        "pyrRatingType": null,
        "pacrEmail": null,
        "pacr": null,
        "chairEmail": null,
        "chair": null,
        "addendum": null,
        "addendumEmail": null
    },
    {
        "sourceSystem": "ACCURATE",
        "orgId": null,
        "ratingActionDesc": "UBS AG, London Branch - 46",
        "ratingActionID": "3453544",
        "ratingActionName": "UBS AG, London Branch - 46",
        "ratingCommitteeDate": null,
        "ratingOffice": "41",
        "ratingReleaseDate": "2020-09-24 10:19:04.0",
        "releaseDate": "2020-09-24 10:19:20.06",
        "lobname": "FIG",
        "sublobname": "Banking",
        "region": "Europe",
        "leadAnalystID": "6878",
        "leadAnalystName": "Michael Rohr",
        "leadAnalystUniqueId": "rohrm",
        "analystEmail": "Michael.Rohr@moodys.com",
        "analystLocation": "Frankfurt - An der Welle 5",
        "approverID": null,
        "approverName": " ",
        "officeName": "Moody's Deutschland GmbH",
        "documentExceptionListingInd": "",
        "announcementInd": "",
        "automaticRating": "Yes",
        "definitiveRatingPrevProvisional": "No",
        "indicativeRatingInd": "N",
        "definitiveRatingInd": null,
        "linkedAnotherActionInd": "No",
        "privateRatingActionInd": "N",
        "provisionalRatingInd": "N",
        "secondaryactionind": "No",
        "subsequentRatingInd": "",
        "contactPersonId": null,
        "complianceType": "CAMS",
        "complianceID": "",
        "ratingShellId": null,
        "ratingShellDS": null,
        "workItemStatus": null,
        "workItemType": null,
        "workItemSubType": null,
        "workItemReleaseDtm": null,
        "pressReleaseId": null,
        "securityClassNm": null,
        "shadowCd": null,
        "pressReleaseType": null,
        "pyrRatingType": null,
        "pacrEmail": null,
        "pacr": null,
        "chairEmail": null,
        "chair": null,
        "addendum": null,
        "addendumEmail": null
    },
    {
        "sourceSystem": "ACCURATE",
        "orgId": null,
        "ratingActionDesc": "BEIP S.a.r.l.- PRI",
        "ratingActionID": "3453627",
        "ratingActionName": "BEIP S.a.r.l.- PRI",
        "ratingCommitteeDate": null,
        "ratingOffice": "52",
        "ratingReleaseDate": "2020-09-25 08:46:47.0",
        "releaseDate": "2020-09-25 08:46:51.38",
        "lobname": "PPIF",
        "sublobname": "Project Finance",
        "region": "Europe",
        "leadAnalystID": "7829",
        "leadAnalystName": "Alastair Sullivan",
        "leadAnalystUniqueId": "sullia",
        "analystEmail": "Alastair.Sullivan@moodys.com",
        "analystLocation": "London - One Canada Square",
        "approverID": "29031276",
        "approverName": "Alastair Sullivan",
        "officeName": "Moody's Investors Service Ltd.",
        "documentExceptionListingInd": "",
        "announcementInd": "",
        "automaticRating": "Yes",
        "definitiveRatingPrevProvisional": "No",
        "indicativeRatingInd": "N",
        "definitiveRatingInd": null,
        "linkedAnotherActionInd": "No",
        "privateRatingActionInd": "Y",
        "provisionalRatingInd": "N",
        "secondaryactionind": "No",
        "subsequentRatingInd": "",
        "contactPersonId": null,
        "complianceType": "CAMS",
        "complianceID": "104301",
        "ratingShellId": null,
        "ratingShellDS": null,
        "workItemStatus": null,
        "workItemType": null,
        "workItemSubType": null,
        "workItemReleaseDtm": null,
        "pressReleaseId": null,
        "securityClassNm": null,
        "shadowCd": null,
        "pressReleaseType": null,
        "pyrRatingType": null,
        "pacrEmail": "Kevin.Maddick@moodys.com",
        "pacr": "Kevin Maddick",
        "chairEmail": "Kevin.Maddick@moodys.com",
        "chair": "Kevin Maddick",
        "addendum": "Alastair Sullivan ",
        "addendumEmail": "SulliA@moodys.com"
    },
    {
        "sourceSystem": "ACCURATE",
        "orgId": null,
        "ratingActionDesc": "BofA Finance LLC - 46",
        "ratingActionID": "3453658",
        "ratingActionName": "BofA Finance LLC - 46",
        "ratingCommitteeDate": null,
        "ratingOffice": "51",
        "ratingReleaseDate": "2020-09-23 10:45:05.0",
        "releaseDate": "2020-09-23 10:45:09.89",
        "lobname": "FIG",
        "sublobname": "Banking",
        "region": "U.S.A. & Canada",
        "leadAnalystID": "467",
        "leadAnalystName": "David Fanger",
        "leadAnalystUniqueId": "fangerd",
        "analystEmail": "David.Fanger@moodys.com",
        "analystLocation": "New York - 7 World Trade Center",
        "approverID": null,
        "approverName": " ",
        "officeName": "Moody's Investors Service, Inc.",
        "documentExceptionListingInd": "",
        "announcementInd": "",
        "automaticRating": "Yes",
        "definitiveRatingPrevProvisional": "No",
        "indicativeRatingInd": "N",
        "definitiveRatingInd": null,
        "linkedAnotherActionInd": "No",
        "privateRatingActionInd": "N",
        "provisionalRatingInd": "N",
        "secondaryactionind": "No",
        "subsequentRatingInd": "",
        "contactPersonId": null,
        "complianceType": "CAMS",
        "complianceID": "",
        "ratingShellId": null,
        "ratingShellDS": null,
        "workItemStatus": null,
        "workItemType": null,
        "workItemSubType": null,
        "workItemReleaseDtm": null,
        "pressReleaseId": null,
        "securityClassNm": null,
        "shadowCd": null,
        "pressReleaseType": null,
        "pyrRatingType": null,
        "pacrEmail": null,
        "pacr": null,
        "chairEmail": null,
        "chair": null,
        "addendum": null,
        "addendumEmail": null
    },
    {
        "sourceSystem": "ACCURATE",
        "orgId": null,
        "ratingActionDesc": "UBS AG, London Branch - 46",
        "ratingActionID": "3453674",
        "ratingActionName": "UBS AG, London Branch - 46",
        "ratingCommitteeDate": null,
        "ratingOffice": "41",
        "ratingReleaseDate": "2020-09-25 01:34:29.0",
        "releaseDate": "2020-09-25 01:34:46.836",
        "lobname": "FIG",
        "sublobname": "Banking",
        "region": "Europe",
        "leadAnalystID": "6878",
        "leadAnalystName": "Michael Rohr",
        "leadAnalystUniqueId": "rohrm",
        "analystEmail": "Michael.Rohr@moodys.com",
        "analystLocation": "Frankfurt - An der Welle 5",
        "approverID": null,
        "approverName": " ",
        "officeName": "Moody's Deutschland GmbH",
        "documentExceptionListingInd": "",
        "announcementInd": "",
        "automaticRating": "Yes",
        "definitiveRatingPrevProvisional": "No",
        "indicativeRatingInd": "N",
        "definitiveRatingInd": null,
        "linkedAnotherActionInd": "No",
        "privateRatingActionInd": "N",
        "provisionalRatingInd": "N",
        "secondaryactionind": "No",
        "subsequentRatingInd": "",
        "contactPersonId": null,
        "complianceType": "CAMS",
        "complianceID": "",
        "ratingShellId": null,
        "ratingShellDS": null,
        "workItemStatus": null,
        "workItemType": null,
        "workItemSubType": null,
        "workItemReleaseDtm": null,
        "pressReleaseId": null,
        "securityClassNm": null,
        "shadowCd": null,
        "pressReleaseType": null,
        "pyrRatingType": null,
        "pacrEmail": null,
        "pacr": null,
        "chairEmail": null,
        "chair": null,
        "addendum": null,
        "addendumEmail": null
    },
    {
        "sourceSystem": "ACCURATE",
        "orgId": null,
        "ratingActionDesc": "UBS AG, London Branch - 46",
        "ratingActionID": "3453708",
        "ratingActionName": "UBS AG, London Branch - 46",
        "ratingCommitteeDate": null,
        "ratingOffice": "41",
        "ratingReleaseDate": "2020-09-25 02:07:03.0",
        "releaseDate": "2020-09-25 02:07:21.303",
        "lobname": "FIG",
        "sublobname": "Banking",
        "region": "Europe",
        "leadAnalystID": "6878",
        "leadAnalystName": "Michael Rohr",
        "leadAnalystUniqueId": "rohrm",
        "analystEmail": "Michael.Rohr@moodys.com",
        "analystLocation": "Frankfurt - An der Welle 5",
        "approverID": null,
        "approverName": " ",
        "officeName": "Moody's Deutschland GmbH",
        "documentExceptionListingInd": "",
        "announcementInd": "",
        "automaticRating": "Yes",
        "definitiveRatingPrevProvisional": "No",
        "indicativeRatingInd": "N",
        "definitiveRatingInd": null,
        "linkedAnotherActionInd": "No",
        "privateRatingActionInd": "N",
        "provisionalRatingInd": "N",
        "secondaryactionind": "No",
        "subsequentRatingInd": "",
        "contactPersonId": null,
        "complianceType": "CAMS",
        "complianceID": "",
        "ratingShellId": null,
        "ratingShellDS": null,
        "workItemStatus": null,
        "workItemType": null,
        "workItemSubType": null,
        "workItemReleaseDtm": null,
        "pressReleaseId": null,
        "securityClassNm": null,
        "shadowCd": null,
        "pressReleaseType": null,
        "pyrRatingType": null,
        "pacrEmail": null,
        "pacr": null,
        "chairEmail": null,
        "chair": null,
        "addendum": null,
        "addendumEmail": null
    },
    {
        "sourceSystem": "ACCURATE",
        "orgId": null,
        "ratingActionDesc": "Morgan Stanley Finance LLC - 46",
        "ratingActionID": "3453776",
        "ratingActionName": "Morgan Stanley Finance LLC - 46",
        "ratingCommitteeDate": null,
        "ratingOffice": "51",
        "ratingReleaseDate": "2020-09-24 09:44:44.0",
        "releaseDate": "2020-09-24 09:44:59.88",
        "lobname": "FIG",
        "sublobname": "Banking",
        "region": "U.S.A. & Canada",
        "leadAnalystID": "7106",
        "leadAnalystName": "Donald Robertson",
        "leadAnalystUniqueId": "robertsd",
        "analystEmail": "Donald.Robertson@moodys.com",
        "analystLocation": "New York - 7 World Trade Center",
        "approverID": null,
        "approverName": " ",
        "officeName": "Moody's Investors Service, Inc.",
        "documentExceptionListingInd": "",
        "announcementInd": "",
        "automaticRating": "Yes",
        "definitiveRatingPrevProvisional": "No",
        "indicativeRatingInd": "N",
        "definitiveRatingInd": null,
        "linkedAnotherActionInd": "No",
        "privateRatingActionInd": "N",
        "provisionalRatingInd": "N",
        "secondaryactionind": "No",
        "subsequentRatingInd": "",
        "contactPersonId": null,
        "complianceType": "CAMS",
        "complianceID": "",
        "ratingShellId": null,
        "ratingShellDS": null,
        "workItemStatus": null,
        "workItemType": null,
        "workItemSubType": null,
        "workItemReleaseDtm": null,
        "pressReleaseId": null,
        "securityClassNm": null,
        "shadowCd": null,
        "pressReleaseType": null,
        "pyrRatingType": null,
        "pacrEmail": null,
        "pacr": null,
        "chairEmail": null,
        "chair": null,
        "addendum": null,
        "addendumEmail": null
    },
    {
        "sourceSystem": "ACCURATE",
        "orgId": null,
        "ratingActionDesc": "Officine Maccaferri S.p.A.",
        "ratingActionID": "3453788",
        "ratingActionName": "Officine Maccaferri S.p.A.",
        "ratingCommitteeDate": "2020-09-23 00:00:00.0",
        "ratingOffice": "69",
        "ratingReleaseDate": "2020-09-24 12:00:24.71",
        "releaseDate": "2020-09-24 12:00:24.743",
        "lobname": "CFG",
        "sublobname": "CFG Regional",
        "region": "Europe",
        "leadAnalystID": "7650",
        "leadAnalystName": "Igor Kartavov",
        "leadAnalystUniqueId": "kartavoi",
        "analystEmail": "Igor.Kartavov@moodys.com",
        "analystLocation": "Madrid - Calle Principe de Vergara, 131",
        "approverID": "29025657",
        "approverName": "Igor Kartavov",
        "officeName": "Moody's Investors Service Espana, S.A.",
        "documentExceptionListingInd": "",
        "announcementInd": "",
        "automaticRating": "No",
        "definitiveRatingPrevProvisional": "No",
        "indicativeRatingInd": "N",
        "definitiveRatingInd": null,
        "linkedAnotherActionInd": "No",
        "privateRatingActionInd": "N",
        "provisionalRatingInd": "N",
        "secondaryactionind": "No",
        "subsequentRatingInd": "N",
        "contactPersonId": null,
        "complianceType": "CAMS",
        "complianceID": "104446",
        "ratingShellId": null,
        "ratingShellDS": null,
        "workItemStatus": null,
        "workItemType": null,
        "workItemSubType": null,
        "workItemReleaseDtm": null,
        "pressReleaseId": null,
        "securityClassNm": null,
        "shadowCd": null,
        "pressReleaseType": null,
        "pyrRatingType": null,
        "pacrEmail": "Ivan.Palacios@moodys.com",
        "pacr": "Ivan Palacios",
        "chairEmail": "Ivan.Palacios@moodys.com",
        "chair": "Ivan Palacios",
        "addendum": "Gleb Sharunin ",
        "addendumEmail": "SharuniG@moodys.com"
    },
    {
        "sourceSystem": "ACCURATE",
        "orgId": null,
        "ratingActionDesc": "Smurfit Kappa Group plc",
        "ratingActionID": "3453837",
        "ratingActionName": "Smurfit Kappa Group plc",
        "ratingCommitteeDate": "2020-09-23 00:00:00.0",
        "ratingOffice": "41",
        "ratingReleaseDate": "2020-09-25 13:21:06.0",
        "releaseDate": "2020-09-25 13:21:13.85",
        "lobname": "CFG",
        "sublobname": "CFG Regional",
        "region": "Europe",
        "leadAnalystID": "31287",
        "leadAnalystName": "Vitali Morgovski",
        "leadAnalystUniqueId": "morgov",
        "analystEmail": "Vitali.Morgovski@moodys.com",
        "analystLocation": "Frankfurt - An der Welle 5",
        "approverID": "29033032",
        "approverName": "Vitali Morgovski",
        "officeName": "Moody's Deutschland GmbH",
        "documentExceptionListingInd": "",
        "announcementInd": "",
        "automaticRating": "No",
        "definitiveRatingPrevProvisional": "No",
        "indicativeRatingInd": "N",
        "definitiveRatingInd": null,
        "linkedAnotherActionInd": "No",
        "privateRatingActionInd": "N",
        "provisionalRatingInd": "N",
        "secondaryactionind": "No",
        "subsequentRatingInd": "N",
        "contactPersonId": null,
        "complianceType": "CAMS",
        "complianceID": "104095",
        "ratingShellId": null,
        "ratingShellDS": null,
        "workItemStatus": null,
        "workItemType": null,
        "workItemSubType": null,
        "workItemReleaseDtm": null,
        "pressReleaseId": null,
        "securityClassNm": null,
        "shadowCd": null,
        "pressReleaseType": null,
        "pyrRatingType": null,
        "pacrEmail": "Anke.Rindermann@moodys.com",
        "pacr": "Anke Rindermann",
        "chairEmail": "Anke.Rindermann@moodys.com",
        "chair": "Anke Rindermann",
        "addendum": "Leon Thimm ",
        "addendumEmail": "ThimmL@moodys.com"
    },
    {
        "sourceSystem": "ACCURATE",
        "orgId": null,
        "ratingActionDesc": "Wells Fargo Stage Trust (Muni. Deriv.), Floating Rate Trust Receipts, Series 2020-002",
        "ratingActionID": "3453844",
        "ratingActionName": "Wells Fargo Stage Trust (Muni. Deriv.), Floating Rate Trust Receipts, Series 2020-002",
        "ratingCommitteeDate": null,
        "ratingOffice": "51",
        "ratingReleaseDate": "2020-09-23 14:32:13.0",
        "releaseDate": "2020-09-23 14:32:29.106",
        "lobname": "PPIF",
        "sublobname": "Municipal Supported Products",
        "region": "U.S.A. & Canada",
        "leadAnalystID": "2312",
        "leadAnalystName": "Randy Matlosz",
        "leadAnalystUniqueId": "matloszr",
        "analystEmail": "Randy.Matlosz@moodys.com",
        "analystLocation": "New York - 7 World Trade Center",
        "approverID": null,
        "approverName": " ",
        "officeName": "Moody's Investors Service, Inc.",
        "documentExceptionListingInd": "Y",
        "announcementInd": "",
        "automaticRating": "Yes",
        "definitiveRatingPrevProvisional": "No",
        "indicativeRatingInd": "N",
        "definitiveRatingInd": null,
        "linkedAnotherActionInd": "No",
        "privateRatingActionInd": "N",
        "provisionalRatingInd": "N",
        "secondaryactionind": "No",
        "subsequentRatingInd": "Y",
        "contactPersonId": null,
        "complianceType": "CAMS",
        "complianceID": "",
        "ratingShellId": null,
        "ratingShellDS": null,
        "workItemStatus": null,
        "workItemType": null,
        "workItemSubType": null,
        "workItemReleaseDtm": null,
        "pressReleaseId": null,
        "securityClassNm": null,
        "shadowCd": null,
        "pressReleaseType": null,
        "pyrRatingType": null,
        "pacrEmail": null,
        "pacr": null,
        "chairEmail": null,
        "chair": null,
        "addendum": null,
        "addendumEmail": null
    },
    {
        "sourceSystem": "ACCURATE",
        "orgId": null,
        "ratingActionDesc": "Dryden 38 Senior Loan Fund",
        "ratingActionID": "3453966",
        "ratingActionName": "Dryden 38 Senior Loan Fund",
        "ratingCommitteeDate": "2020-09-23 00:00:00.0",
        "ratingOffice": "51",
        "ratingReleaseDate": "2020-09-24 18:16:23.0",
        "releaseDate": "2020-09-24 18:16:28.703",
        "lobname": "SFG",
        "sublobname": "Surv-COR-ABCP",
        "region": "U.S.A. & Canada",
        "leadAnalystID": "6331",
        "leadAnalystName": "Katrina Wong",
        "leadAnalystUniqueId": "wongka",
        "analystEmail": "Katrina.Wong@moodys.com",
        "analystLocation": "New York - 7 World Trade Center",
        "approverID": null,
        "approverName": " ",
        "officeName": "Moody's Investors Service, Inc.",
        "documentExceptionListingInd": "",
        "announcementInd": "",
        "automaticRating": "No",
        "definitiveRatingPrevProvisional": "No",
        "indicativeRatingInd": "N",
        "definitiveRatingInd": null,
        "linkedAnotherActionInd": "No",
        "privateRatingActionInd": "N",
        "provisionalRatingInd": "N",
        "secondaryactionind": "No",
        "subsequentRatingInd": "N",
        "contactPersonId": null,
        "complianceType": "CAMS",
        "complianceID": "104592",
        "ratingShellId": null,
        "ratingShellDS": null,
        "workItemStatus": null,
        "workItemType": null,
        "workItemSubType": null,
        "workItemReleaseDtm": null,
        "pressReleaseId": null,
        "securityClassNm": null,
        "shadowCd": null,
        "pressReleaseType": null,
        "pyrRatingType": null,
        "pacrEmail": null,
        "pacr": null,
        "chairEmail": null,
        "chair": null,
        "addendum": "Katrina Wong ",
        "addendumEmail": "Wongka@moodys.com"
    },
    {
        "sourceSystem": "ACCURATE",
        "orgId": null,
        "ratingActionDesc": "UBS AG, London Branch - 46",
        "ratingActionID": "3454082",
        "ratingActionName": "UBS AG, London Branch - 46",
        "ratingCommitteeDate": null,
        "ratingOffice": "41",
        "ratingReleaseDate": "2020-09-25 07:18:26.0",
        "releaseDate": "2020-09-25 07:18:44.893",
        "lobname": "FIG",
        "sublobname": "Banking",
        "region": "Europe",
        "leadAnalystID": "6878",
        "leadAnalystName": "Michael Rohr",
        "leadAnalystUniqueId": "rohrm",
        "analystEmail": "Michael.Rohr@moodys.com",
        "analystLocation": "Frankfurt - An der Welle 5",
        "approverID": null,
        "approverName": " ",
        "officeName": "Moody's Deutschland GmbH",
        "documentExceptionListingInd": "",
        "announcementInd": "",
        "automaticRating": "Yes",
        "definitiveRatingPrevProvisional": "No",
        "indicativeRatingInd": "N",
        "definitiveRatingInd": null,
        "linkedAnotherActionInd": "No",
        "privateRatingActionInd": "N",
        "provisionalRatingInd": "N",
        "secondaryactionind": "No",
        "subsequentRatingInd": "",
        "contactPersonId": null,
        "complianceType": "CAMS",
        "complianceID": "",
        "ratingShellId": null,
        "ratingShellDS": null,
        "workItemStatus": null,
        "workItemType": null,
        "workItemSubType": null,
        "workItemReleaseDtm": null,
        "pressReleaseId": null,
        "securityClassNm": null,
        "shadowCd": null,
        "pressReleaseType": null,
        "pyrRatingType": null,
        "pacrEmail": null,
        "pacr": null,
        "chairEmail": null,
        "chair": null,
        "addendum": null,
        "addendumEmail": null
    },
    {
        "sourceSystem": "ACCURATE",
        "orgId": null,
        "ratingActionDesc": "UBS AG, London Branch - 46",
        "ratingActionID": "3454140",
        "ratingActionName": "UBS AG, London Branch - 46",
        "ratingCommitteeDate": null,
        "ratingOffice": "41",
        "ratingReleaseDate": "2020-09-25 06:02:40.0",
        "releaseDate": "2020-09-25 06:02:57.533",
        "lobname": "FIG",
        "sublobname": "Banking",
        "region": "Europe",
        "leadAnalystID": "6878",
        "leadAnalystName": "Michael Rohr",
        "leadAnalystUniqueId": "rohrm",
        "analystEmail": "Michael.Rohr@moodys.com",
        "analystLocation": "Frankfurt - An der Welle 5",
        "approverID": null,
        "approverName": " ",
        "officeName": "Moody's Deutschland GmbH",
        "documentExceptionListingInd": "",
        "announcementInd": "",
        "automaticRating": "Yes",
        "definitiveRatingPrevProvisional": "No",
        "indicativeRatingInd": "N",
        "definitiveRatingInd": null,
        "linkedAnotherActionInd": "No",
        "privateRatingActionInd": "N",
        "provisionalRatingInd": "N",
        "secondaryactionind": "No",
        "subsequentRatingInd": "",
        "contactPersonId": null,
        "complianceType": "CAMS",
        "complianceID": "",
        "ratingShellId": null,
        "ratingShellDS": null,
        "workItemStatus": null,
        "workItemType": null,
        "workItemSubType": null,
        "workItemReleaseDtm": null,
        "pressReleaseId": null,
        "securityClassNm": null,
        "shadowCd": null,
        "pressReleaseType": null,
        "pyrRatingType": null,
        "pacrEmail": null,
        "pacr": null,
        "chairEmail": null,
        "chair": null,
        "addendum": null,
        "addendumEmail": null
    },
    {
        "sourceSystem": "ACCURATE",
        "orgId": null,
        "ratingActionDesc": "Boardriders, Inc.",
        "ratingActionID": "3454176",
        "ratingActionName": "Boardriders, Inc.",
        "ratingCommitteeDate": "2020-09-22 00:00:00.0",
        "ratingOffice": "51",
        "ratingReleaseDate": "2020-09-24 18:02:03.0",
        "releaseDate": "2020-09-24 18:02:10.573",
        "lobname": "CFG",
        "sublobname": "CFG_NY-3",
        "region": "U.S.A. & Canada",
        "leadAnalystID": "1379",
        "leadAnalystName": "Michael Zuccaro",
        "leadAnalystUniqueId": "zuccarom",
        "analystEmail": "Michael.Zuccaro@moodys.com",
        "analystLocation": "New York - 7 World Trade Center",
        "approverID": "21000697",
        "approverName": "Michael Zuccaro",
        "officeName": "Moody's Investors Service, Inc.",
        "documentExceptionListingInd": "",
        "announcementInd": "",
        "automaticRating": "No",
        "definitiveRatingPrevProvisional": "No",
        "indicativeRatingInd": "N",
        "definitiveRatingInd": null,
        "linkedAnotherActionInd": "No",
        "privateRatingActionInd": "N",
        "provisionalRatingInd": "N",
        "secondaryactionind": "No",
        "subsequentRatingInd": "N",
        "contactPersonId": null,
        "complianceType": "CAMS",
        "complianceID": "104522",
        "ratingShellId": null,
        "ratingShellDS": null,
        "workItemStatus": null,
        "workItemType": null,
        "workItemSubType": null,
        "workItemReleaseDtm": null,
        "pressReleaseId": null,
        "securityClassNm": null,
        "shadowCd": null,
        "pressReleaseType": null,
        "pyrRatingType": null,
        "pacrEmail": "Margaret.Taylor@moodys.com",
        "pacr": "Margaret Taylor",
        "chairEmail": "Scott.Tuhy@moodys.com",
        "chair": "Scott Tuhy",
        "addendum": "Windsor Lindsay ",
        "addendumEmail": "LindsayW@moodys.com"
    },
    {
        "sourceSystem": "ACCURATE",
        "orgId": null,
        "ratingActionDesc": "UBS AG, London Branch - 46",
        "ratingActionID": "3454336",
        "ratingActionName": "UBS AG, London Branch - 46",
        "ratingCommitteeDate": null,
        "ratingOffice": "41",
        "ratingReleaseDate": "2020-09-25 03:29:11.0",
        "releaseDate": "2020-09-25 03:29:29.23",
        "lobname": "FIG",
        "sublobname": "Banking",
        "region": "Europe",
        "leadAnalystID": "6878",
        "leadAnalystName": "Michael Rohr",
        "leadAnalystUniqueId": "rohrm",
        "analystEmail": "Michael.Rohr@moodys.com",
        "analystLocation": "Frankfurt - An der Welle 5",
        "approverID": null,
        "approverName": " ",
        "officeName": "Moody's Deutschland GmbH",
        "documentExceptionListingInd": "",
        "announcementInd": "",
        "automaticRating": "Yes",
        "definitiveRatingPrevProvisional": "No",
        "indicativeRatingInd": "N",
        "definitiveRatingInd": null,
        "linkedAnotherActionInd": "No",
        "privateRatingActionInd": "N",
        "provisionalRatingInd": "N",
        "secondaryactionind": "No",
        "subsequentRatingInd": "",
        "contactPersonId": null,
        "complianceType": "CAMS",
        "complianceID": "",
        "ratingShellId": null,
        "ratingShellDS": null,
        "workItemStatus": null,
        "workItemType": null,
        "workItemSubType": null,
        "workItemReleaseDtm": null,
        "pressReleaseId": null,
        "securityClassNm": null,
        "shadowCd": null,
        "pressReleaseType": null,
        "pyrRatingType": null,
        "pacrEmail": null,
        "pacr": null,
        "chairEmail": null,
        "chair": null,
        "addendum": null,
        "addendumEmail": null
    },
    {
        "sourceSystem": "ACCURATE",
        "orgId": null,
        "ratingActionDesc": "UBS AG, London Branch - 46",
        "ratingActionID": "3454338",
        "ratingActionName": "UBS AG, London Branch - 46",
        "ratingCommitteeDate": null,
        "ratingOffice": "41",
        "ratingReleaseDate": "2020-09-25 04:52:27.0",
        "releaseDate": "2020-09-25 04:52:50.786",
        "lobname": "FIG",
        "sublobname": "Banking",
        "region": "Europe",
        "leadAnalystID": "6878",
        "leadAnalystName": "Michael Rohr",
        "leadAnalystUniqueId": "rohrm",
        "analystEmail": "Michael.Rohr@moodys.com",
        "analystLocation": "Frankfurt - An der Welle 5",
        "approverID": null,
        "approverName": " ",
        "officeName": "Moody's Deutschland GmbH",
        "documentExceptionListingInd": "",
        "announcementInd": "",
        "automaticRating": "Yes",
        "definitiveRatingPrevProvisional": "No",
        "indicativeRatingInd": "N",
        "definitiveRatingInd": null,
        "linkedAnotherActionInd": "No",
        "privateRatingActionInd": "N",
        "provisionalRatingInd": "N",
        "secondaryactionind": "No",
        "subsequentRatingInd": "",
        "contactPersonId": null,
        "complianceType": "CAMS",
        "complianceID": "",
        "ratingShellId": null,
        "ratingShellDS": null,
        "workItemStatus": null,
        "workItemType": null,
        "workItemSubType": null,
        "workItemReleaseDtm": null,
        "pressReleaseId": null,
        "securityClassNm": null,
        "shadowCd": null,
        "pressReleaseType": null,
        "pyrRatingType": null,
        "pacrEmail": null,
        "pacr": null,
        "chairEmail": null,
        "chair": null,
        "addendum": null,
        "addendumEmail": null
    },
    {
        "sourceSystem": "ACCURATE",
        "orgId": null,
        "ratingActionDesc": "UBS AG, London Branch - 46",
        "ratingActionID": "3454551",
        "ratingActionName": "UBS AG, London Branch - 46",
        "ratingCommitteeDate": null,
        "ratingOffice": "41",
        "ratingReleaseDate": "2020-09-25 03:32:05.0",
        "releaseDate": "2020-09-25 03:32:24.156",
        "lobname": "FIG",
        "sublobname": "Banking",
        "region": "Europe",
        "leadAnalystID": "6878",
        "leadAnalystName": "Michael Rohr",
        "leadAnalystUniqueId": "rohrm",
        "analystEmail": "Michael.Rohr@moodys.com",
        "analystLocation": "Frankfurt - An der Welle 5",
        "approverID": null,
        "approverName": " ",
        "officeName": "Moody's Deutschland GmbH",
        "documentExceptionListingInd": "",
        "announcementInd": "",
        "automaticRating": "Yes",
        "definitiveRatingPrevProvisional": "No",
        "indicativeRatingInd": "N",
        "definitiveRatingInd": null,
        "linkedAnotherActionInd": "No",
        "privateRatingActionInd": "N",
        "provisionalRatingInd": "N",
        "secondaryactionind": "No",
        "subsequentRatingInd": "",
        "contactPersonId": null,
        "complianceType": "CAMS",
        "complianceID": "",
        "ratingShellId": null,
        "ratingShellDS": null,
        "workItemStatus": null,
        "workItemType": null,
        "workItemSubType": null,
        "workItemReleaseDtm": null,
        "pressReleaseId": null,
        "securityClassNm": null,
        "shadowCd": null,
        "pressReleaseType": null,
        "pyrRatingType": null,
        "pacrEmail": null,
        "pacr": null,
        "chairEmail": null,
        "chair": null,
        "addendum": null,
        "addendumEmail": null
    },
    {
        "sourceSystem": "ACCURATE",
        "orgId": null,
        "ratingActionDesc": "International Finance Corporation",
        "ratingActionID": "3454560",
        "ratingActionName": "International Finance Corporation",
        "ratingCommitteeDate": null,
        "ratingOffice": "51",
        "ratingReleaseDate": "2020-09-24 14:44:07.0",
        "releaseDate": "2020-09-24 14:44:14.68",
        "lobname": "SOV",
        "sublobname": "Sovereign",
        "region": "U.S.A. & Canada",
        "leadAnalystID": "7229",
        "leadAnalystName": "Ariane Ortiz-Bollin",
        "leadAnalystUniqueId": "bollina",
        "analystEmail": "Ariane.Ortiz-Bollin@moodys.com",
        "analystLocation": "New York - 7 World Trade Center",
        "approverID": null,
        "approverName": " ",
        "officeName": "Moody's Investors Service, Inc.",
        "documentExceptionListingInd": "",
        "announcementInd": "",
        "automaticRating": "No",
        "definitiveRatingPrevProvisional": "No",
        "indicativeRatingInd": "N",
        "definitiveRatingInd": null,
        "linkedAnotherActionInd": "No",
        "privateRatingActionInd": "N",
        "provisionalRatingInd": "N",
        "secondaryactionind": "No",
        "subsequentRatingInd": "Y",
        "contactPersonId": null,
        "complianceType": "CAMS",
        "complianceID": "",
        "ratingShellId": null,
        "ratingShellDS": null,
        "workItemStatus": null,
        "workItemType": null,
        "workItemSubType": null,
        "workItemReleaseDtm": null,
        "pressReleaseId": null,
        "securityClassNm": null,
        "shadowCd": null,
        "pressReleaseType": null,
        "pyrRatingType": null,
        "pacrEmail": null,
        "pacr": null,
        "chairEmail": null,
        "chair": null,
        "addendum": null,
        "addendumEmail": null
    },
    {
        "sourceSystem": "ACCURATE",
        "orgId": null,
        "ratingActionDesc": "HPA_Qatar, Government of",
        "ratingActionID": "3454595",
        "ratingActionName": "HPA_Qatar, Government of",
        "ratingCommitteeDate": "2020-09-21 00:00:00.0",
        "ratingOffice": "51",
        "ratingReleaseDate": "2020-09-24 10:49:18.0",
        "releaseDate": "2020-09-24 10:49:33.606",
        "lobname": "SOV",
        "sublobname": "Sovereign",
        "region": "U.S.A. & Canada",
        "leadAnalystID": "7827",
        "leadAnalystName": "David Rogovic",
        "leadAnalystUniqueId": "rogod",
        "analystEmail": "David.Rogovic@moodys.com",
        "analystLocation": "New York - 7 World Trade Center",
        "approverID": "29032821",
        "approverName": "Alexander Perjessy",
        "officeName": "Moody's Investors Service, Inc.",
        "documentExceptionListingInd": "",
        "announcementInd": "",
        "automaticRating": "No",
        "definitiveRatingPrevProvisional": "No",
        "indicativeRatingInd": "N",
        "definitiveRatingInd": null,
        "linkedAnotherActionInd": "No",
        "privateRatingActionInd": "N",
        "provisionalRatingInd": "N",
        "secondaryactionind": "No",
        "subsequentRatingInd": "N",
        "contactPersonId": null,
        "complianceType": "CAMS",
        "complianceID": "104662",
        "ratingShellId": null,
        "ratingShellDS": null,
        "workItemStatus": null,
        "workItemType": null,
        "workItemSubType": null,
        "workItemReleaseDtm": null,
        "pressReleaseId": null,
        "securityClassNm": null,
        "shadowCd": null,
        "pressReleaseType": null,
        "pyrRatingType": null,
        "pacrEmail": "Marie.Diron@moodys.com",
        "pacr": "Marie Diron",
        "chairEmail": "Matt.Robinson@moodys.com",
        "chair": "Matt Robinson",
        "addendum": "Tancrede Feuillade ",
        "addendumEmail": "FeuillaT@moodys.com"
    },
    {
        "sourceSystem": "ACCURATE",
        "orgId": null,
        "ratingActionDesc": "UBS AG, London Branch - 46",
        "ratingActionID": "3454640",
        "ratingActionName": "UBS AG, London Branch - 46",
        "ratingCommitteeDate": null,
        "ratingOffice": "41",
        "ratingReleaseDate": "2020-09-25 03:25:42.0",
        "releaseDate": "2020-09-25 03:26:06.246",
        "lobname": "FIG",
        "sublobname": "Banking",
        "region": "Europe",
        "leadAnalystID": "6878",
        "leadAnalystName": "Michael Rohr",
        "leadAnalystUniqueId": "rohrm",
        "analystEmail": "Michael.Rohr@moodys.com",
        "analystLocation": "Frankfurt - An der Welle 5",
        "approverID": null,
        "approverName": " ",
        "officeName": "Moody's Deutschland GmbH",
        "documentExceptionListingInd": "",
        "announcementInd": "",
        "automaticRating": "Yes",
        "definitiveRatingPrevProvisional": "No",
        "indicativeRatingInd": "N",
        "definitiveRatingInd": null,
        "linkedAnotherActionInd": "No",
        "privateRatingActionInd": "N",
        "provisionalRatingInd": "N",
        "secondaryactionind": "No",
        "subsequentRatingInd": "",
        "contactPersonId": null,
        "complianceType": "CAMS",
        "complianceID": "",
        "ratingShellId": null,
        "ratingShellDS": null,
        "workItemStatus": null,
        "workItemType": null,
        "workItemSubType": null,
        "workItemReleaseDtm": null,
        "pressReleaseId": null,
        "securityClassNm": null,
        "shadowCd": null,
        "pressReleaseType": null,
        "pyrRatingType": null,
        "pacrEmail": null,
        "pacr": null,
        "chairEmail": null,
        "chair": null,
        "addendum": null,
        "addendumEmail": null
    },
    {
        "sourceSystem": "ACCURATE",
        "orgId": null,
        "ratingActionDesc": "CVC Cordatus Loan Fund XV Designated Activity Company",
        "ratingActionID": "3454723",
        "ratingActionName": "CVC Cordatus Loan Fund XV Designated Activity Company",
        "ratingCommitteeDate": "2020-09-24 00:00:00.0",
        "ratingOffice": "52",
        "ratingReleaseDate": "2020-09-25 12:23:39.0",
        "releaseDate": "2020-09-25 12:23:47.476",
        "lobname": "SFG",
        "sublobname": "Surv-COR-ABS",
        "region": "Europe",
        "leadAnalystID": "7694",
        "leadAnalystName": "James Morton",
        "leadAnalystUniqueId": "mortonj",
        "analystEmail": "James.Morton@moodys.com",
        "analystLocation": "London - One Canada Square",
        "approverID": null,
        "approverName": " ",
        "officeName": "Moody's Investors Service Ltd.",
        "documentExceptionListingInd": "",
        "announcementInd": "",
        "automaticRating": "No",
        "definitiveRatingPrevProvisional": "No",
        "indicativeRatingInd": "N",
        "definitiveRatingInd": null,
        "linkedAnotherActionInd": "No",
        "privateRatingActionInd": "N",
        "provisionalRatingInd": "N",
        "secondaryactionind": "No",
        "subsequentRatingInd": "N",
        "contactPersonId": null,
        "complianceType": "CAMS",
        "complianceID": "104668",
        "ratingShellId": null,
        "ratingShellDS": null,
        "workItemStatus": null,
        "workItemType": null,
        "workItemSubType": null,
        "workItemReleaseDtm": null,
        "pressReleaseId": null,
        "securityClassNm": null,
        "shadowCd": null,
        "pressReleaseType": null,
        "pyrRatingType": null,
        "pacrEmail": null,
        "pacr": null,
        "chairEmail": null,
        "chair": null,
        "addendum": "James Morton ",
        "addendumEmail": "MortonJ@moodys.com"
    },
    {
        "sourceSystem": "ACCURATE",
        "orgId": null,
        "ratingActionDesc": "Vulcan Materials Company",
        "ratingActionID": "3454919",
        "ratingActionName": "Vulcan Materials Company",
        "ratingCommitteeDate": null,
        "ratingOffice": "51",
        "ratingReleaseDate": "2020-09-23 15:57:40.0",
        "releaseDate": "2020-09-23 15:57:48.703",
        "lobname": "CFG",
        "sublobname": "CFG_NY-2",
        "region": "U.S.A. & Canada",
        "leadAnalystID": "30817",
        "leadAnalystName": "Emile El Nems",
        "leadAnalystUniqueId": "elnemse",
        "analystEmail": "Emile.ElNems@moodys.com",
        "analystLocation": "New York - 7 World Trade Center",
        "approverID": null,
        "approverName": " ",
        "officeName": "Moody's Investors Service, Inc.",
        "documentExceptionListingInd": "Y",
        "announcementInd": "",
        "automaticRating": "Yes",
        "definitiveRatingPrevProvisional": "No",
        "indicativeRatingInd": "N",
        "definitiveRatingInd": null,
        "linkedAnotherActionInd": "No",
        "privateRatingActionInd": "N",
        "provisionalRatingInd": "N",
        "secondaryactionind": "No",
        "subsequentRatingInd": "Y",
        "contactPersonId": null,
        "complianceType": "CAMS",
        "complianceID": "",
        "ratingShellId": null,
        "ratingShellDS": null,
        "workItemStatus": null,
        "workItemType": null,
        "workItemSubType": null,
        "workItemReleaseDtm": null,
        "pressReleaseId": null,
        "securityClassNm": null,
        "shadowCd": null,
        "pressReleaseType": null,
        "pyrRatingType": null,
        "pacrEmail": null,
        "pacr": null,
        "chairEmail": null,
        "chair": null,
        "addendum": null,
        "addendumEmail": null
    },
    {
        "sourceSystem": "ACCURATE",
        "orgId": null,
        "ratingActionDesc": "Sound Point CLO XVII, Ltd.",
        "ratingActionID": "3454941",
        "ratingActionName": "Sound Point CLO XVII, Ltd.",
        "ratingCommitteeDate": "2020-09-24 00:00:00.0",
        "ratingOffice": "51",
        "ratingReleaseDate": "2020-09-25 19:02:43.0",
        "releaseDate": "2020-09-25 19:02:49.056",
        "lobname": "SFG",
        "sublobname": "Surv-COR-SC",
        "region": "U.S.A. & Canada",
        "leadAnalystID": "31000",
        "leadAnalystName": "Mario Jadotte",
        "leadAnalystUniqueId": "jadottem",
        "analystEmail": "Mario.Jadotte@moodys.com",
        "analystLocation": "New York - 7 World Trade Center",
        "approverID": null,
        "approverName": " ",
        "officeName": "Moody's Investors Service, Inc.",
        "documentExceptionListingInd": "",
        "announcementInd": "",
        "automaticRating": "No",
        "definitiveRatingPrevProvisional": "No",
        "indicativeRatingInd": "N",
        "definitiveRatingInd": null,
        "linkedAnotherActionInd": "No",
        "privateRatingActionInd": "N",
        "provisionalRatingInd": "N",
        "secondaryactionind": "No",
        "subsequentRatingInd": "N",
        "contactPersonId": null,
        "complianceType": "CAMS",
        "complianceID": "104696",
        "ratingShellId": null,
        "ratingShellDS": null,
        "workItemStatus": null,
        "workItemType": null,
        "workItemSubType": null,
        "workItemReleaseDtm": null,
        "pressReleaseId": null,
        "securityClassNm": null,
        "shadowCd": null,
        "pressReleaseType": null,
        "pyrRatingType": null,
        "pacrEmail": null,
        "pacr": null,
        "chairEmail": null,
        "chair": null,
        "addendum": "Mario Jadotte ",
        "addendumEmail": "JadotteM@moodys.com"
    },
    {
        "sourceSystem": "ACCURATE",
        "orgId": null,
        "ratingActionDesc": "Project Ruby Ultimate Parent Corp.",
        "ratingActionID": "3455062",
        "ratingActionName": "Project Ruby Ultimate Parent Corp.",
        "ratingCommitteeDate": "2020-09-18 00:00:00.0",
        "ratingOffice": "51",
        "ratingReleaseDate": "2020-09-23 15:21:28.423",
        "releaseDate": "2020-09-23 15:21:28.463",
        "lobname": "CFG",
        "sublobname": "CFG_NY-4",
        "region": "U.S.A. & Canada",
        "leadAnalystID": "7275",
        "leadAnalystName": "Mariya Moore",
        "leadAnalystUniqueId": "bisimbma",
        "analystEmail": "Mariya.Moore@moodys.com",
        "analystLocation": "New York - 7 World Trade Center",
        "approverID": "29013707",
        "approverName": "Mariya Moore",
        "officeName": "Moody's Investors Service, Inc.",
        "documentExceptionListingInd": "",
        "announcementInd": "",
        "automaticRating": "No",
        "definitiveRatingPrevProvisional": "No",
        "indicativeRatingInd": "N",
        "definitiveRatingInd": null,
        "linkedAnotherActionInd": "No",
        "privateRatingActionInd": "N",
        "provisionalRatingInd": "N",
        "secondaryactionind": "No",
        "subsequentRatingInd": "N",
        "contactPersonId": null,
        "complianceType": "CAMS",
        "complianceID": "104605",
        "ratingShellId": null,
        "ratingShellDS": null,
        "workItemStatus": null,
        "workItemType": null,
        "workItemSubType": null,
        "workItemReleaseDtm": null,
        "pressReleaseId": null,
        "securityClassNm": null,
        "shadowCd": null,
        "pressReleaseType": null,
        "pyrRatingType": null,
        "pacrEmail": "Stephen.Sohn@moodys.com",
        "pacr": "Stephen Sohn",
        "chairEmail": "Stephen.Sohn@moodys.com",
        "chair": "Stephen Sohn",
        "addendum": "Tommy Stodolski ",
        "addendumEmail": "StodT@moodys.com"
    },
    {
        "sourceSystem": "ACCURATE",
        "orgId": null,
        "ratingActionDesc": null,
        "ratingActionID": "3455070",
        "ratingActionName": "1_PRO_CFG - Canadian Retail & B&S_Whitney Leavens_Moody's announces completion of a periodic review of ratings of National Intergovt Purchasing Alliance Co",
        "ratingCommitteeDate": null,
        "ratingOffice": "71",
        "ratingReleaseDate": "2020-09-24 17:46:35.373",
        "releaseDate": "2020-09-24 17:46:35.386",
        "lobname": "CFG",
        "sublobname": "CFG Regional",
        "region": "U.S.A. & Canada",
        "leadAnalystID": "7273",
        "leadAnalystName": "Whitney Leavens",
        "leadAnalystUniqueId": "leavensw",
        "analystEmail": "Whitney.Leavens@moodys.com",
        "analystLocation": "Toronto - 70 York Street",
        "approverID": null,
        "approverName": " ",
        "officeName": "Moody's Canada Inc.",
        "documentExceptionListingInd": "Y",
        "announcementInd": "Y",
        "automaticRating": "Yes",
        "definitiveRatingPrevProvisional": "No",
        "indicativeRatingInd": "N",
        "definitiveRatingInd": null,
        "linkedAnotherActionInd": "No",
        "privateRatingActionInd": "",
        "provisionalRatingInd": "N",
        "secondaryactionind": "No",
        "subsequentRatingInd": "",
        "contactPersonId": null,
        "complianceType": "CAMS",
        "complianceID": "",
        "ratingShellId": null,
        "ratingShellDS": null,
        "workItemStatus": null,
        "workItemType": null,
        "workItemSubType": null,
        "workItemReleaseDtm": null,
        "pressReleaseId": null,
        "securityClassNm": null,
        "shadowCd": null,
        "pressReleaseType": null,
        "pyrRatingType": null,
        "pacrEmail": null,
        "pacr": null,
        "chairEmail": null,
        "chair": null,
        "addendum": null,
        "addendumEmail": null
    },
    {
        "sourceSystem": "ACCURATE",
        "orgId": null,
        "ratingActionDesc": null,
        "ratingActionID": "3455072",
        "ratingActionName": "1_PRO_CFG - Canadian Retail & B&S_Whitney Leavens_Moody's announces completion of a periodic review of ratings of TKC Holdings, Inc.",
        "ratingCommitteeDate": null,
        "ratingOffice": "71",
        "ratingReleaseDate": "2020-09-24 17:46:32.133",
        "releaseDate": "2020-09-24 17:46:32.14",
        "lobname": "CFG",
        "sublobname": "CFG Regional",
        "region": "U.S.A. & Canada",
        "leadAnalystID": "7273",
        "leadAnalystName": "Whitney Leavens",
        "leadAnalystUniqueId": "leavensw",
        "analystEmail": "Whitney.Leavens@moodys.com",
        "analystLocation": "Toronto - 70 York Street",
        "approverID": null,
        "approverName": " ",
        "officeName": "Moody's Canada Inc.",
        "documentExceptionListingInd": "Y",
        "announcementInd": "Y",
        "automaticRating": "Yes",
        "definitiveRatingPrevProvisional": "No",
        "indicativeRatingInd": "N",
        "definitiveRatingInd": null,
        "linkedAnotherActionInd": "No",
        "privateRatingActionInd": "",
        "provisionalRatingInd": "N",
        "secondaryactionind": "No",
        "subsequentRatingInd": "",
        "contactPersonId": null,
        "complianceType": "CAMS",
        "complianceID": "",
        "ratingShellId": null,
        "ratingShellDS": null,
        "workItemStatus": null,
        "workItemType": null,
        "workItemSubType": null,
        "workItemReleaseDtm": null,
        "pressReleaseId": null,
        "securityClassNm": null,
        "shadowCd": null,
        "pressReleaseType": null,
        "pyrRatingType": null,
        "pacrEmail": null,
        "pacr": null,
        "chairEmail": null,
        "chair": null,
        "addendum": null,
        "addendumEmail": null
    },
    {
        "sourceSystem": "ACCURATE",
        "orgId": null,
        "ratingActionDesc": "Director of the State of Nevada Department of Business and Industry, Revenue Bonds (Brightline West Passenger Rail Project) Series 2020A (Green Bonds), $150MM",
        "ratingActionID": "3455082",
        "ratingActionName": "Director of the State of Nevada Department of Business and Industry, Revenue Bonds (Brightline West Passenger Rail Project) Series 2020A (Green Bonds), $150MM",
        "ratingCommitteeDate": "2020-09-22 00:00:00.0",
        "ratingOffice": "51",
        "ratingReleaseDate": "2020-09-23 10:40:30.316",
        "releaseDate": "2020-09-23 10:40:30.323",
        "lobname": "PPIF",
        "sublobname": "Housing",
        "region": "U.S.A. & Canada",
        "leadAnalystID": "1462",
        "leadAnalystName": "David Parsons",
        "leadAnalystUniqueId": "parsonsd",
        "analystEmail": "David.Parsons@moodys.com",
        "analystLocation": "New York - 7 World Trade Center",
        "approverID": null,
        "approverName": " ",
        "officeName": "Moody's Investors Service, Inc.",
        "documentExceptionListingInd": "",
        "announcementInd": "",
        "automaticRating": "No",
        "definitiveRatingPrevProvisional": "No",
        "indicativeRatingInd": "N",
        "definitiveRatingInd": null,
        "linkedAnotherActionInd": "No",
        "privateRatingActionInd": "N",
        "provisionalRatingInd": "N",
        "secondaryactionind": "No",
        "subsequentRatingInd": "N",
        "contactPersonId": null,
        "complianceType": "CAMS",
        "complianceID": "104774",
        "ratingShellId": null,
        "ratingShellDS": null,
        "workItemStatus": null,
        "workItemType": null,
        "workItemSubType": null,
        "workItemReleaseDtm": null,
        "pressReleaseId": null,
        "securityClassNm": null,
        "shadowCd": null,
        "pressReleaseType": null,
        "pyrRatingType": null,
        "pacrEmail": "Ferdinand.Perrault@moodys.com",
        "pacr": "Ferdinand Perrault",
        "chairEmail": "Ferdinand.Perrault@moodys.com",
        "chair": "Ferdinand Perrault",
        "addendum": "David Parsons ",
        "addendumEmail": "ParsonsD@moodys.com"
    },
    {
        "sourceSystem": "ACCURATE",
        "orgId": null,
        "ratingActionDesc": "California Infrastructure & Economic Development Bank, Revenue Bonds (Brightline West Passenger Rail Project), Series 2020A (Green Bonds), $850MM",
        "ratingActionID": "3455098",
        "ratingActionName": "California Infrastructure & Economic Development Bank, Revenue Bonds (Brightline West Passenger Rail Project), Series 2020A (Green Bonds), $850MM",
        "ratingCommitteeDate": "2020-09-22 00:00:00.0",
        "ratingOffice": "51",
        "ratingReleaseDate": "2020-09-23 10:33:08.456",
        "releaseDate": "2020-09-23 10:33:08.473",
        "lobname": "PPIF",
        "sublobname": "Housing",
        "region": "U.S.A. & Canada",
        "leadAnalystID": "1462",
        "leadAnalystName": "David Parsons",
        "leadAnalystUniqueId": "parsonsd",
        "analystEmail": "David.Parsons@moodys.com",
        "analystLocation": "New York - 7 World Trade Center",
        "approverID": null,
        "approverName": " ",
        "officeName": "Moody's Investors Service, Inc.",
        "documentExceptionListingInd": "",
        "announcementInd": "",
        "automaticRating": "No",
        "definitiveRatingPrevProvisional": "No",
        "indicativeRatingInd": "N",
        "definitiveRatingInd": null,
        "linkedAnotherActionInd": "No",
        "privateRatingActionInd": "N",
        "provisionalRatingInd": "N",
        "secondaryactionind": "No",
        "subsequentRatingInd": "N",
        "contactPersonId": null,
        "complianceType": "CAMS",
        "complianceID": "",
        "ratingShellId": null,
        "ratingShellDS": null,
        "workItemStatus": null,
        "workItemType": null,
        "workItemSubType": null,
        "workItemReleaseDtm": null,
        "pressReleaseId": null,
        "securityClassNm": null,
        "shadowCd": null,
        "pressReleaseType": null,
        "pyrRatingType": null,
        "pacrEmail": null,
        "pacr": null,
        "chairEmail": null,
        "chair": null,
        "addendum": null,
        "addendumEmail": null
    },
    {
        "sourceSystem": "ACCURATE",
        "orgId": null,
        "ratingActionDesc": null,
        "ratingActionID": "3455121",
        "ratingActionName": "1_PRO_CFG_Whitney Leavens_Moody's announces completion of a periodic review of ratings of COREL CORPORATION",
        "ratingCommitteeDate": null,
        "ratingOffice": "71",
        "ratingReleaseDate": "2020-09-24 17:46:28.65",
        "releaseDate": "2020-09-24 17:46:28.656",
        "lobname": "CFG",
        "sublobname": "CFG Regional",
        "region": "U.S.A. & Canada",
        "leadAnalystID": "7273",
        "leadAnalystName": "Whitney Leavens",
        "leadAnalystUniqueId": "leavensw",
        "analystEmail": "Whitney.Leavens@moodys.com",
        "analystLocation": "Toronto - 70 York Street",
        "approverID": null,
        "approverName": " ",
        "officeName": "Moody's Canada Inc.",
        "documentExceptionListingInd": "Y",
        "announcementInd": "Y",
        "automaticRating": "Yes",
        "definitiveRatingPrevProvisional": "No",
        "indicativeRatingInd": "N",
        "definitiveRatingInd": null,
        "linkedAnotherActionInd": "No",
        "privateRatingActionInd": "",
        "provisionalRatingInd": "N",
        "secondaryactionind": "No",
        "subsequentRatingInd": "",
        "contactPersonId": null,
        "complianceType": "CAMS",
        "complianceID": "",
        "ratingShellId": null,
        "ratingShellDS": null,
        "workItemStatus": null,
        "workItemType": null,
        "workItemSubType": null,
        "workItemReleaseDtm": null,
        "pressReleaseId": null,
        "securityClassNm": null,
        "shadowCd": null,
        "pressReleaseType": null,
        "pyrRatingType": null,
        "pacrEmail": null,
        "pacr": null,
        "chairEmail": null,
        "chair": null,
        "addendum": null,
        "addendumEmail": null
    },
    {
        "sourceSystem": "ACCURATE",
        "orgId": null,
        "ratingActionDesc": null,
        "ratingActionID": "3455128",
        "ratingActionName": "1_PRO_CFG_Whitney Leavens_Moody's announces completion of a periodic review of ratings of GHX Ultimate Parent Corporation",
        "ratingCommitteeDate": null,
        "ratingOffice": "71",
        "ratingReleaseDate": "2020-09-24 17:46:24.473",
        "releaseDate": "2020-09-24 17:46:24.506",
        "lobname": "CFG",
        "sublobname": "CFG Regional",
        "region": "U.S.A. & Canada",
        "leadAnalystID": "7273",
        "leadAnalystName": "Whitney Leavens",
        "leadAnalystUniqueId": "leavensw",
        "analystEmail": "Whitney.Leavens@moodys.com",
        "analystLocation": "Toronto - 70 York Street",
        "approverID": null,
        "approverName": " ",
        "officeName": "Moody's Canada Inc.",
        "documentExceptionListingInd": "Y",
        "announcementInd": "Y",
        "automaticRating": "Yes",
        "definitiveRatingPrevProvisional": "No",
        "indicativeRatingInd": "N",
        "definitiveRatingInd": null,
        "linkedAnotherActionInd": "No",
        "privateRatingActionInd": "",
        "provisionalRatingInd": "N",
        "secondaryactionind": "No",
        "subsequentRatingInd": "",
        "contactPersonId": null,
        "complianceType": "CAMS",
        "complianceID": "",
        "ratingShellId": null,
        "ratingShellDS": null,
        "workItemStatus": null,
        "workItemType": null,
        "workItemSubType": null,
        "workItemReleaseDtm": null,
        "pressReleaseId": null,
        "securityClassNm": null,
        "shadowCd": null,
        "pressReleaseType": null,
        "pyrRatingType": null,
        "pacrEmail": null,
        "pacr": null,
        "chairEmail": null,
        "chair": null,
        "addendum": null,
        "addendumEmail": null
    },
    {
        "sourceSystem": "ACCURATE",
        "orgId": null,
        "ratingActionDesc": "Tender Option Bond Trust (Barclays Liquidity), Floater Certificates, Series 2020-XG0290",
        "ratingActionID": "3455139",
        "ratingActionName": "Tender Option Bond Trust (Barclays Liquidity), Floater Certificates, Series 2020-XG0290",
        "ratingCommitteeDate": null,
        "ratingOffice": "51",
        "ratingReleaseDate": "2020-09-23 15:17:33.0",
        "releaseDate": "2020-09-23 15:17:49.0",
        "lobname": "PPIF",
        "sublobname": "Municipal Supported Products",
        "region": "U.S.A. & Canada",
        "leadAnalystID": "2312",
        "leadAnalystName": "Randy Matlosz",
        "leadAnalystUniqueId": "matloszr",
        "analystEmail": "Randy.Matlosz@moodys.com",
        "analystLocation": "New York - 7 World Trade Center",
        "approverID": null,
        "approverName": " ",
        "officeName": "Moody's Investors Service, Inc.",
        "documentExceptionListingInd": "Y",
        "announcementInd": "",
        "automaticRating": "Yes",
        "definitiveRatingPrevProvisional": "No",
        "indicativeRatingInd": "N",
        "definitiveRatingInd": null,
        "linkedAnotherActionInd": "No",
        "privateRatingActionInd": "N",
        "provisionalRatingInd": "N",
        "secondaryactionind": "No",
        "subsequentRatingInd": "",
        "contactPersonId": null,
        "complianceType": "CAMS",
        "complianceID": "",
        "ratingShellId": null,
        "ratingShellDS": null,
        "workItemStatus": null,
        "workItemType": null,
        "workItemSubType": null,
        "workItemReleaseDtm": null,
        "pressReleaseId": null,
        "securityClassNm": null,
        "shadowCd": null,
        "pressReleaseType": null,
        "pyrRatingType": null,
        "pacrEmail": null,
        "pacr": null,
        "chairEmail": null,
        "chair": null,
        "addendum": null,
        "addendumEmail": null
    },
    {
        "sourceSystem": "ACCURATE",
        "orgId": null,
        "ratingActionDesc": "Custodial Receipts (Barclays), Custodial Receipts, Series 2020-XG0290",
        "ratingActionID": "3455152",
        "ratingActionName": "Custodial Receipts (Barclays), Custodial Receipts, Series 2020-XG0290",
        "ratingCommitteeDate": null,
        "ratingOffice": "51",
        "ratingReleaseDate": "2020-09-23 12:51:27.0",
        "releaseDate": "2020-09-23 12:51:50.18",
        "lobname": "PPIF",
        "sublobname": "Municipal Supported Products",
        "region": "U.S.A. & Canada",
        "leadAnalystID": "2312",
        "leadAnalystName": "Randy Matlosz",
        "leadAnalystUniqueId": "matloszr",
        "analystEmail": "Randy.Matlosz@moodys.com",
        "analystLocation": "New York - 7 World Trade Center",
        "approverID": null,
        "approverName": " ",
        "officeName": "Moody's Investors Service, Inc.",
        "documentExceptionListingInd": "Y",
        "announcementInd": "",
        "automaticRating": "Yes",
        "definitiveRatingPrevProvisional": "No",
        "indicativeRatingInd": "N",
        "definitiveRatingInd": null,
        "linkedAnotherActionInd": "No",
        "privateRatingActionInd": "N",
        "provisionalRatingInd": "N",
        "secondaryactionind": "No",
        "subsequentRatingInd": "Y",
        "contactPersonId": null,
        "complianceType": "CAMS",
        "complianceID": "",
        "ratingShellId": null,
        "ratingShellDS": null,
        "workItemStatus": null,
        "workItemType": null,
        "workItemSubType": null,
        "workItemReleaseDtm": null,
        "pressReleaseId": null,
        "securityClassNm": null,
        "shadowCd": null,
        "pressReleaseType": null,
        "pyrRatingType": null,
        "pacrEmail": null,
        "pacr": null,
        "chairEmail": null,
        "chair": null,
        "addendum": null,
        "addendumEmail": null
    },
    {
        "sourceSystem": "ACCURATE",
        "orgId": null,
        "ratingActionDesc": "Medtronic Global Holdings S.C.A.",
        "ratingActionID": "3455154",
        "ratingActionName": "Medtronic Global Holdings S.C.A.",
        "ratingCommitteeDate": null,
        "ratingOffice": "51",
        "ratingReleaseDate": "2020-09-24 06:03:08.993",
        "releaseDate": "2020-09-24 06:03:09.003",
        "lobname": "CFG",
        "sublobname": "CFG_NY-1",
        "region": "U.S.A. & Canada",
        "leadAnalystID": "2451",
        "leadAnalystName": "Scott Tuhy",
        "leadAnalystUniqueId": "tuhys",
        "analystEmail": "Scott.Tuhy@moodys.com",
        "analystLocation": "New York - 7 World Trade Center",
        "approverID": null,
        "approverName": " ",
        "officeName": "Moody's Investors Service, Inc.",
        "documentExceptionListingInd": "Y",
        "announcementInd": "",
        "automaticRating": "Yes",
        "definitiveRatingPrevProvisional": "No",
        "indicativeRatingInd": "N",
        "definitiveRatingInd": null,
        "linkedAnotherActionInd": "No",
        "privateRatingActionInd": "N",
        "provisionalRatingInd": "N",
        "secondaryactionind": "No",
        "subsequentRatingInd": "Y",
        "contactPersonId": null,
        "complianceType": "CAMS",
        "complianceID": "",
        "ratingShellId": null,
        "ratingShellDS": null,
        "workItemStatus": null,
        "workItemType": null,
        "workItemSubType": null,
        "workItemReleaseDtm": null,
        "pressReleaseId": null,
        "securityClassNm": null,
        "shadowCd": null,
        "pressReleaseType": null,
        "pyrRatingType": null,
        "pacrEmail": null,
        "pacr": null,
        "chairEmail": null,
        "chair": null,
        "addendum": null,
        "addendumEmail": null
    },
    {
        "sourceSystem": "ACCURATE",
        "orgId": null,
        "ratingActionDesc": "Asian Infrastructure Investment Bank (AIIB)",
        "ratingActionID": "3455359",
        "ratingActionName": "Asian Infrastructure Investment Bank (AIIB)",
        "ratingCommitteeDate": null,
        "ratingOffice": "81",
        "ratingReleaseDate": "2020-09-24 01:57:17.0",
        "releaseDate": "2020-09-24 01:57:26.28",
        "lobname": "SOV",
        "sublobname": "Sovereign",
        "region": "Asia Pacific",
        "leadAnalystID": "7896",
        "leadAnalystName": "Martin Petch",
        "leadAnalystUniqueId": "petm",
        "analystEmail": "Martin.Petch@moodys.com",
        "analystLocation": "Singapore - 50 Raffles Place #23-06",
        "approverID": null,
        "approverName": " ",
        "officeName": "Moody's Investors Service Singapore Pte. Ltd.",
        "documentExceptionListingInd": "Y",
        "announcementInd": "",
        "automaticRating": "Yes",
        "definitiveRatingPrevProvisional": "No",
        "indicativeRatingInd": "N",
        "definitiveRatingInd": null,
        "linkedAnotherActionInd": "No",
        "privateRatingActionInd": "N",
        "provisionalRatingInd": "N",
        "secondaryactionind": "No",
        "subsequentRatingInd": "Y",
        "contactPersonId": null,
        "complianceType": "CAMS",
        "complianceID": "",
        "ratingShellId": null,
        "ratingShellDS": null,
        "workItemStatus": null,
        "workItemType": null,
        "workItemSubType": null,
        "workItemReleaseDtm": null,
        "pressReleaseId": null,
        "securityClassNm": null,
        "shadowCd": null,
        "pressReleaseType": null,
        "pyrRatingType": null,
        "pacrEmail": null,
        "pacr": null,
        "chairEmail": null,
        "chair": null,
        "addendum": null,
        "addendumEmail": null
    },
    {
        "sourceSystem": "ACCURATE",
        "orgId": null,
        "ratingActionDesc": "Penelope SPV S.r.l.",
        "ratingActionID": "3455363",
        "ratingActionName": "Penelope SPV S.r.l.",
        "ratingCommitteeDate": null,
        "ratingOffice": "51",
        "ratingReleaseDate": "2020-09-25 08:53:23.0",
        "releaseDate": "2020-09-25 08:53:27.0",
        "lobname": null,
        "sublobname": null,
        "region": "U.S.A. & Canada",
        "leadAnalystID": "30000",
        "leadAnalystName": "Structured Finance Group Middle Office - US",
        "leadAnalystUniqueId": null,
        "analystEmail": null,
        "analystLocation": null,
        "approverID": null,
        "approverName": " ",
        "officeName": "Moody's Investors Service, Inc.",
        "documentExceptionListingInd": "Y",
        "announcementInd": "",
        "automaticRating": "Yes",
        "definitiveRatingPrevProvisional": "No",
        "indicativeRatingInd": "N",
        "definitiveRatingInd": null,
        "linkedAnotherActionInd": "No",
        "privateRatingActionInd": "Y",
        "provisionalRatingInd": "N",
        "secondaryactionind": "No",
        "subsequentRatingInd": "",
        "contactPersonId": null,
        "complianceType": "CAMS",
        "complianceID": "",
        "ratingShellId": null,
        "ratingShellDS": null,
        "workItemStatus": null,
        "workItemType": null,
        "workItemSubType": null,
        "workItemReleaseDtm": null,
        "pressReleaseId": null,
        "securityClassNm": null,
        "shadowCd": null,
        "pressReleaseType": null,
        "pyrRatingType": null,
        "pacrEmail": null,
        "pacr": null,
        "chairEmail": null,
        "chair": null,
        "addendum": null,
        "addendumEmail": null
    },
    {
        "sourceSystem": "ACCURATE",
        "orgId": null,
        "ratingActionDesc": "NRW.BANK",
        "ratingActionID": "3455386",
        "ratingActionName": "NRW.BANK",
        "ratingCommitteeDate": null,
        "ratingOffice": "41",
        "ratingReleaseDate": "2020-09-23 11:33:22.0",
        "releaseDate": "2020-09-23 11:33:32.693",
        "lobname": "FIG",
        "sublobname": "Banking",
        "region": "Europe",
        "leadAnalystID": "7341",
        "leadAnalystName": "Christina Holthaus",
        "leadAnalystUniqueId": "gernerc",
        "analystEmail": "Christina.holthaus@moodys.com",
        "analystLocation": "Frankfurt - An der Welle 5",
        "approverID": null,
        "approverName": " ",
        "officeName": "Moody's Deutschland GmbH",
        "documentExceptionListingInd": "",
        "announcementInd": "",
        "automaticRating": "No",
        "definitiveRatingPrevProvisional": "No",
        "indicativeRatingInd": "N",
        "definitiveRatingInd": null,
        "linkedAnotherActionInd": "No",
        "privateRatingActionInd": "N",
        "provisionalRatingInd": "N",
        "secondaryactionind": "No",
        "subsequentRatingInd": "Y",
        "contactPersonId": null,
        "complianceType": "CAMS",
        "complianceID": "",
        "ratingShellId": null,
        "ratingShellDS": null,
        "workItemStatus": null,
        "workItemType": null,
        "workItemSubType": null,
        "workItemReleaseDtm": null,
        "pressReleaseId": null,
        "securityClassNm": null,
        "shadowCd": null,
        "pressReleaseType": null,
        "pyrRatingType": null,
        "pacrEmail": null,
        "pacr": null,
        "chairEmail": null,
        "chair": null,
        "addendum": null,
        "addendumEmail": null
    },
    {
        "sourceSystem": "ACCURATE",
        "orgId": null,
        "ratingActionDesc": "Landesbank Baden-Wuerttemberg - 16",
        "ratingActionID": "3455396",
        "ratingActionName": "Landesbank Baden-Wuerttemberg - 16",
        "ratingCommitteeDate": null,
        "ratingOffice": "41",
        "ratingReleaseDate": "2020-09-24 02:00:51.0",
        "releaseDate": "2020-09-24 02:01:11.363",
        "lobname": "FIG",
        "sublobname": "Banking",
        "region": "Europe",
        "leadAnalystID": "7665",
        "leadAnalystName": "Goetz Thurm",
        "leadAnalystUniqueId": "thurmg",
        "analystEmail": "Goetz.Thurm@moodys.com",
        "analystLocation": "Frankfurt - An der Welle 5",
        "approverID": null,
        "approverName": " ",
        "officeName": "Moody's Deutschland GmbH",
        "documentExceptionListingInd": "",
        "announcementInd": "",
        "automaticRating": "Yes",
        "definitiveRatingPrevProvisional": "No",
        "indicativeRatingInd": "N",
        "definitiveRatingInd": null,
        "linkedAnotherActionInd": "No",
        "privateRatingActionInd": "N",
        "provisionalRatingInd": "N",
        "secondaryactionind": "No",
        "subsequentRatingInd": "",
        "contactPersonId": null,
        "complianceType": "CAMS",
        "complianceID": "",
        "ratingShellId": null,
        "ratingShellDS": null,
        "workItemStatus": null,
        "workItemType": null,
        "workItemSubType": null,
        "workItemReleaseDtm": null,
        "pressReleaseId": null,
        "securityClassNm": null,
        "shadowCd": null,
        "pressReleaseType": null,
        "pyrRatingType": null,
        "pacrEmail": null,
        "pacr": null,
        "chairEmail": null,
        "chair": null,
        "addendum": null,
        "addendumEmail": null
    },
    {
        "sourceSystem": "ACCURATE",
        "orgId": null,
        "ratingActionDesc": "Landesbank Hessen-Thueringen GZ - 16",
        "ratingActionID": "3455469",
        "ratingActionName": "Landesbank Hessen-Thueringen GZ - 16",
        "ratingCommitteeDate": null,
        "ratingOffice": "41",
        "ratingReleaseDate": "2020-09-23 09:07:14.0",
        "releaseDate": "2020-09-23 09:07:18.266",
        "lobname": "FIG",
        "sublobname": "Banking",
        "region": "Europe",
        "leadAnalystID": "7665",
        "leadAnalystName": "Goetz Thurm",
        "leadAnalystUniqueId": "thurmg",
        "analystEmail": "Goetz.Thurm@moodys.com",
        "analystLocation": "Frankfurt - An der Welle 5",
        "approverID": null,
        "approverName": " ",
        "officeName": "Moody's Deutschland GmbH",
        "documentExceptionListingInd": "",
        "announcementInd": "",
        "automaticRating": "Yes",
        "definitiveRatingPrevProvisional": "No",
        "indicativeRatingInd": "N",
        "definitiveRatingInd": null,
        "linkedAnotherActionInd": "No",
        "privateRatingActionInd": "N",
        "provisionalRatingInd": "N",
        "secondaryactionind": "No",
        "subsequentRatingInd": "",
        "contactPersonId": null,
        "complianceType": "CAMS",
        "complianceID": "",
        "ratingShellId": null,
        "ratingShellDS": null,
        "workItemStatus": null,
        "workItemType": null,
        "workItemSubType": null,
        "workItemReleaseDtm": null,
        "pressReleaseId": null,
        "securityClassNm": null,
        "shadowCd": null,
        "pressReleaseType": null,
        "pyrRatingType": null,
        "pacrEmail": null,
        "pacr": null,
        "chairEmail": null,
        "chair": null,
        "addendum": null,
        "addendumEmail": null
    },
    {
        "sourceSystem": "ACCURATE",
        "orgId": null,
        "ratingActionDesc": "Landesbank Hessen-Thueringen GZ - 16",
        "ratingActionID": "3455493",
        "ratingActionName": "Landesbank Hessen-Thueringen GZ - 16",
        "ratingCommitteeDate": null,
        "ratingOffice": "41",
        "ratingReleaseDate": "2020-09-23 09:55:19.0",
        "releaseDate": "2020-09-23 09:55:30.153",
        "lobname": "FIG",
        "sublobname": "Banking",
        "region": "Europe",
        "leadAnalystID": "7665",
        "leadAnalystName": "Goetz Thurm",
        "leadAnalystUniqueId": "thurmg",
        "analystEmail": "Goetz.Thurm@moodys.com",
        "analystLocation": "Frankfurt - An der Welle 5",
        "approverID": null,
        "approverName": " ",
        "officeName": "Moody's Deutschland GmbH",
        "documentExceptionListingInd": "",
        "announcementInd": "",
        "automaticRating": "Yes",
        "definitiveRatingPrevProvisional": "No",
        "indicativeRatingInd": "N",
        "definitiveRatingInd": null,
        "linkedAnotherActionInd": "No",
        "privateRatingActionInd": "N",
        "provisionalRatingInd": "N",
        "secondaryactionind": "No",
        "subsequentRatingInd": "",
        "contactPersonId": null,
        "complianceType": "CAMS",
        "complianceID": "",
        "ratingShellId": null,
        "ratingShellDS": null,
        "workItemStatus": null,
        "workItemType": null,
        "workItemSubType": null,
        "workItemReleaseDtm": null,
        "pressReleaseId": null,
        "securityClassNm": null,
        "shadowCd": null,
        "pressReleaseType": null,
        "pyrRatingType": null,
        "pacrEmail": null,
        "pacr": null,
        "chairEmail": null,
        "chair": null,
        "addendum": null,
        "addendumEmail": null
    },
    {
        "sourceSystem": "ACCURATE",
        "orgId": null,
        "ratingActionDesc": "Royal Bank of Canada",
        "ratingActionID": "3455495",
        "ratingActionName": "Royal Bank of Canada",
        "ratingCommitteeDate": null,
        "ratingOffice": "71",
        "ratingReleaseDate": "2020-09-24 10:25:32.0",
        "releaseDate": "2020-09-24 10:25:39.396",
        "lobname": "FIG",
        "sublobname": "Banking",
        "region": "U.S.A. & Canada",
        "leadAnalystID": "6721",
        "leadAnalystName": "John Beattie",
        "leadAnalystUniqueId": "beattied",
        "analystEmail": "David.Beattie@moodys.com",
        "analystLocation": "Toronto - 70 York Street",
        "approverID": null,
        "approverName": " ",
        "officeName": "Moody's Canada Inc.",
        "documentExceptionListingInd": "",
        "announcementInd": "",
        "automaticRating": "No",
        "definitiveRatingPrevProvisional": "No",
        "indicativeRatingInd": "N",
        "definitiveRatingInd": null,
        "linkedAnotherActionInd": "No",
        "privateRatingActionInd": "N",
        "provisionalRatingInd": "N",
        "secondaryactionind": "No",
        "subsequentRatingInd": "Y",
        "contactPersonId": null,
        "complianceType": "CAMS",
        "complianceID": "",
        "ratingShellId": null,
        "ratingShellDS": null,
        "workItemStatus": null,
        "workItemType": null,
        "workItemSubType": null,
        "workItemReleaseDtm": null,
        "pressReleaseId": null,
        "securityClassNm": null,
        "shadowCd": null,
        "pressReleaseType": null,
        "pyrRatingType": null,
        "pacrEmail": null,
        "pacr": null,
        "chairEmail": null,
        "chair": null,
        "addendum": null,
        "addendumEmail": null
    },
    {
        "sourceSystem": "ACCURATE",
        "orgId": null,
        "ratingActionDesc": "GS Finance Corp.",
        "ratingActionID": "3455513",
        "ratingActionName": "GS Finance Corp.",
        "ratingCommitteeDate": null,
        "ratingOffice": "51",
        "ratingReleaseDate": "2020-09-25 10:25:41.0",
        "releaseDate": "2020-09-25 10:26:09.61",
        "lobname": "FIG",
        "sublobname": "Banking",
        "region": "U.S.A. & Canada",
        "leadAnalystID": "467",
        "leadAnalystName": "David Fanger",
        "leadAnalystUniqueId": "fangerd",
        "analystEmail": "David.Fanger@moodys.com",
        "analystLocation": "New York - 7 World Trade Center",
        "approverID": null,
        "approverName": " ",
        "officeName": "Moody's Investors Service, Inc.",
        "documentExceptionListingInd": "",
        "announcementInd": "",
        "automaticRating": "Yes",
        "definitiveRatingPrevProvisional": "No",
        "indicativeRatingInd": "N",
        "definitiveRatingInd": null,
        "linkedAnotherActionInd": "No",
        "privateRatingActionInd": "N",
        "provisionalRatingInd": "N",
        "secondaryactionind": "No",
        "subsequentRatingInd": "",
        "contactPersonId": null,
        "complianceType": "CAMS",
        "complianceID": "",
        "ratingShellId": null,
        "ratingShellDS": null,
        "workItemStatus": null,
        "workItemType": null,
        "workItemSubType": null,
        "workItemReleaseDtm": null,
        "pressReleaseId": null,
        "securityClassNm": null,
        "shadowCd": null,
        "pressReleaseType": null,
        "pyrRatingType": null,
        "pacrEmail": null,
        "pacr": null,
        "chairEmail": null,
        "chair": null,
        "addendum": null,
        "addendumEmail": null
    },
    {
        "sourceSystem": "ACCURATE",
        "orgId": null,
        "ratingActionDesc": "BNP Paribas Fortis Funding - 47",
        "ratingActionID": "3455581",
        "ratingActionName": "BNP Paribas Fortis Funding - 47",
        "ratingCommitteeDate": null,
        "ratingOffice": "50",
        "ratingReleaseDate": "2020-09-23 06:50:39.0",
        "releaseDate": "2020-09-23 06:50:42.9",
        "lobname": "FIG",
        "sublobname": "Banking",
        "region": "Europe",
        "leadAnalystID": "2595",
        "leadAnalystName": "Olivier Panis",
        "leadAnalystUniqueId": "paniso",
        "analystEmail": "Olivier.Panis@moodys.com",
        "analystLocation": "Paris - 96, boulevard Haussmann",
        "approverID": null,
        "approverName": " ",
        "officeName": "Moody's France SAS",
        "documentExceptionListingInd": "",
        "announcementInd": "",
        "automaticRating": "Yes",
        "definitiveRatingPrevProvisional": "No",
        "indicativeRatingInd": "N",
        "definitiveRatingInd": null,
        "linkedAnotherActionInd": "No",
        "privateRatingActionInd": "N",
        "provisionalRatingInd": "N",
        "secondaryactionind": "No",
        "subsequentRatingInd": "",
        "contactPersonId": null,
        "complianceType": "CAMS",
        "complianceID": "",
        "ratingShellId": null,
        "ratingShellDS": null,
        "workItemStatus": null,
        "workItemType": null,
        "workItemSubType": null,
        "workItemReleaseDtm": null,
        "pressReleaseId": null,
        "securityClassNm": null,
        "shadowCd": null,
        "pressReleaseType": null,
        "pyrRatingType": null,
        "pacrEmail": null,
        "pacr": null,
        "chairEmail": null,
        "chair": null,
        "addendum": null,
        "addendumEmail": null
    },
    {
        "sourceSystem": "ACCURATE",
        "orgId": null,
        "ratingActionDesc": "Telenet International Finance S.ar.l.",
        "ratingActionID": "3455585",
        "ratingActionName": "Telenet International Finance S.ar.l.",
        "ratingCommitteeDate": null,
        "ratingOffice": "52",
        "ratingReleaseDate": "2020-09-23 10:51:49.0",
        "releaseDate": "2020-09-23 10:51:55.993",
        "lobname": "CFG",
        "sublobname": "CFG Regional",
        "region": "Europe",
        "leadAnalystID": "6476",
        "leadAnalystName": "Sebastien Cieniewski",
        "leadAnalystUniqueId": "cieniews",
        "analystEmail": "Sebastien.Cieniewski@moodys.com",
        "analystLocation": "London - One Canada Square",
        "approverID": null,
        "approverName": " ",
        "officeName": "Moody's Investors Service Ltd.",
        "documentExceptionListingInd": "Y",
        "announcementInd": "",
        "automaticRating": "Yes",
        "definitiveRatingPrevProvisional": "No",
        "indicativeRatingInd": "N",
        "definitiveRatingInd": null,
        "linkedAnotherActionInd": "No",
        "privateRatingActionInd": "N",
        "provisionalRatingInd": "N",
        "secondaryactionind": "No",
        "subsequentRatingInd": "Y",
        "contactPersonId": null,
        "complianceType": "CAMS",
        "complianceID": "",
        "ratingShellId": null,
        "ratingShellDS": null,
        "workItemStatus": null,
        "workItemType": null,
        "workItemSubType": null,
        "workItemReleaseDtm": null,
        "pressReleaseId": null,
        "securityClassNm": null,
        "shadowCd": null,
        "pressReleaseType": null,
        "pyrRatingType": null,
        "pacrEmail": null,
        "pacr": null,
        "chairEmail": null,
        "chair": null,
        "addendum": null,
        "addendumEmail": null
    },
    {
        "sourceSystem": "ACCURATE",
        "orgId": null,
        "ratingActionDesc": "Canada Goose Inc.",
        "ratingActionID": "3455591",
        "ratingActionName": "Canada Goose Inc.",
        "ratingCommitteeDate": "2020-09-18 00:00:00.0",
        "ratingOffice": "71",
        "ratingReleaseDate": "2020-09-23 14:15:48.0",
        "releaseDate": "2020-09-23 14:16:04.083",
        "lobname": "CFG",
        "sublobname": "CFG Regional",
        "region": "U.S.A. & Canada",
        "leadAnalystID": "6955",
        "leadAnalystName": "Peter Adu",
        "leadAnalystUniqueId": "adup",
        "analystEmail": "Peter.Adu@moodys.com",
        "analystLocation": "Toronto - 70 York Street",
        "approverID": "29000376",
        "approverName": "Peter Adu",
        "officeName": "Moody's Canada Inc.",
        "documentExceptionListingInd": "",
        "announcementInd": "",
        "automaticRating": "No",
        "definitiveRatingPrevProvisional": "No",
        "indicativeRatingInd": "N",
        "definitiveRatingInd": null,
        "linkedAnotherActionInd": "No",
        "privateRatingActionInd": "N",
        "provisionalRatingInd": "N",
        "secondaryactionind": "No",
        "subsequentRatingInd": "N",
        "contactPersonId": null,
        "complianceType": "CAMS",
        "complianceID": "103453",
        "ratingShellId": null,
        "ratingShellDS": null,
        "workItemStatus": null,
        "workItemType": null,
        "workItemSubType": null,
        "workItemReleaseDtm": null,
        "pressReleaseId": null,
        "securityClassNm": null,
        "shadowCd": null,
        "pressReleaseType": null,
        "pyrRatingType": null,
        "pacrEmail": "Donald.Carter@moodys.com",
        "pacr": "Don Carter",
        "chairEmail": "Donald.Carter@moodys.com",
        "chair": "Don Carter",
        "addendum": "Rohan Bhargava ",
        "addendumEmail": "BhargavR@moodys.com"
    },
    {
        "sourceSystem": "ACCURATE",
        "orgId": null,
        "ratingActionDesc": "Gilead Sciences, Inc.",
        "ratingActionID": "3455620",
        "ratingActionName": "Gilead Sciences, Inc.",
        "ratingCommitteeDate": null,
        "ratingOffice": "51",
        "ratingReleaseDate": "2020-09-23 12:57:15.0",
        "releaseDate": "2020-09-23 12:57:21.31",
        "lobname": "CFG",
        "sublobname": "CFG_NY-1",
        "region": "U.S.A. & Canada",
        "leadAnalystID": "1096",
        "leadAnalystName": "Michael Levesque",
        "leadAnalystUniqueId": "levesqum",
        "analystEmail": "Michael.Levesque@moodys.com",
        "analystLocation": "New York - 7 World Trade Center",
        "approverID": null,
        "approverName": " ",
        "officeName": "Moody's Investors Service, Inc.",
        "documentExceptionListingInd": "Y",
        "announcementInd": "",
        "automaticRating": "Yes",
        "definitiveRatingPrevProvisional": "No",
        "indicativeRatingInd": "N",
        "definitiveRatingInd": null,
        "linkedAnotherActionInd": "No",
        "privateRatingActionInd": "N",
        "provisionalRatingInd": "Y",
        "secondaryactionind": "No",
        "subsequentRatingInd": "Y",
        "contactPersonId": null,
        "complianceType": "CAMS",
        "complianceID": "",
        "ratingShellId": null,
        "ratingShellDS": null,
        "workItemStatus": null,
        "workItemType": null,
        "workItemSubType": null,
        "workItemReleaseDtm": null,
        "pressReleaseId": null,
        "securityClassNm": null,
        "shadowCd": null,
        "pressReleaseType": null,
        "pyrRatingType": null,
        "pacrEmail": null,
        "pacr": null,
        "chairEmail": null,
        "chair": null,
        "addendum": null,
        "addendumEmail": null
    },
    {
        "sourceSystem": "ACCURATE",
        "orgId": null,
        "ratingActionDesc": "AHEAD DB Holdings, LLC",
        "ratingActionID": "3456086",
        "ratingActionName": "AHEAD DB Holdings, LLC",
        "ratingCommitteeDate": "2020-09-22 00:00:00.0",
        "ratingOffice": "51",
        "ratingReleaseDate": "2020-09-25 10:23:55.0",
        "releaseDate": "2020-09-25 10:24:20.496",
        "lobname": "CFG",
        "sublobname": "CFG_NY-4",
        "region": "U.S.A. & Canada",
        "leadAnalystID": "6493",
        "leadAnalystName": "Carl Salas",
        "leadAnalystUniqueId": "salasc",
        "analystEmail": "Carl.Salas@moodys.com",
        "analystLocation": "New York - 7 World Trade Center",
        "approverID": "29010370",
        "approverName": "Carl Salas",
        "officeName": "Moody's Investors Service, Inc.",
        "documentExceptionListingInd": "",
        "announcementInd": "",
        "automaticRating": "No",
        "definitiveRatingPrevProvisional": "No",
        "indicativeRatingInd": "N",
        "definitiveRatingInd": null,
        "linkedAnotherActionInd": "No",
        "privateRatingActionInd": "N",
        "provisionalRatingInd": "N",
        "secondaryactionind": "No",
        "subsequentRatingInd": "N",
        "contactPersonId": null,
        "complianceType": "CAMS",
        "complianceID": "104755",
        "ratingShellId": null,
        "ratingShellDS": null,
        "workItemStatus": null,
        "workItemType": null,
        "workItemSubType": null,
        "workItemReleaseDtm": null,
        "pressReleaseId": null,
        "securityClassNm": null,
        "shadowCd": null,
        "pressReleaseType": null,
        "pyrRatingType": null,
        "pacrEmail": "Stephen.Sohn@moodys.com",
        "pacr": "Stephen Sohn",
        "chairEmail": "Gerald.Granovsky@moodys.com",
        "chair": "Gerry Granovsky",
        "addendum": "Nick Piscatelli ",
        "addendumEmail": "PiscateN@moodys.com"
    },
    {
        "sourceSystem": "ACCURATE",
        "orgId": null,
        "ratingActionDesc": "Heart of Texas Housing Finance Corporation Single Family Mortgage Revenue Refunding Bonds, Series 1998",
        "ratingActionID": "3456178",
        "ratingActionName": "Heart of Texas Housing Finance Corporation Single Family Mortgage Revenue Refunding Bonds, Series 1998",
        "ratingCommitteeDate": null,
        "ratingOffice": "51",
        "ratingReleaseDate": "2020-09-23 14:18:35.0",
        "releaseDate": "2020-09-23 14:18:39.073",
        "lobname": "PPIF",
        "sublobname": "Housing",
        "region": "U.S.A. & Canada",
        "leadAnalystID": "6472",
        "leadAnalystName": "Timothy Mone",
        "leadAnalystUniqueId": "monet",
        "analystEmail": "timothy.mone@moodys.com",
        "analystLocation": "New York - 7 World Trade Center",
        "approverID": null,
        "approverName": " ",
        "officeName": "Moody's Investors Service, Inc.",
        "documentExceptionListingInd": "Y",
        "announcementInd": "",
        "automaticRating": "Yes",
        "definitiveRatingPrevProvisional": "No",
        "indicativeRatingInd": "N",
        "definitiveRatingInd": null,
        "linkedAnotherActionInd": "No",
        "privateRatingActionInd": "N",
        "provisionalRatingInd": "N",
        "secondaryactionind": "No",
        "subsequentRatingInd": "N",
        "contactPersonId": null,
        "complianceType": "CAMS",
        "complianceID": "",
        "ratingShellId": null,
        "ratingShellDS": null,
        "workItemStatus": null,
        "workItemType": null,
        "workItemSubType": null,
        "workItemReleaseDtm": null,
        "pressReleaseId": null,
        "securityClassNm": null,
        "shadowCd": null,
        "pressReleaseType": null,
        "pyrRatingType": null,
        "pacrEmail": null,
        "pacr": null,
        "chairEmail": null,
        "chair": null,
        "addendum": null,
        "addendumEmail": null
    },
    {
        "sourceSystem": "ACCURATE",
        "orgId": null,
        "ratingActionDesc": "Array Technologies, Inc.",
        "ratingActionID": "3456198",
        "ratingActionName": "Array Technologies, Inc.",
        "ratingCommitteeDate": "2020-09-24 00:00:00.0",
        "ratingOffice": "51",
        "ratingReleaseDate": "2020-09-25 15:08:00.0",
        "releaseDate": "2020-09-25 15:08:18.693",
        "lobname": "CFG",
        "sublobname": "CFG_NY-1",
        "region": "U.S.A. & Canada",
        "leadAnalystID": "6621",
        "leadAnalystName": "Jadijhe Adamo",
        "leadAnalystUniqueId": "adamoj",
        "analystEmail": "Jadijhe.Adamo@moodys.com",
        "analystLocation": "New York - 7 World Trade Center",
        "approverID": "29000693",
        "approverName": "Jadijhe Adamo",
        "officeName": "Moody's Investors Service, Inc.",
        "documentExceptionListingInd": "",
        "announcementInd": "",
        "automaticRating": "No",
        "definitiveRatingPrevProvisional": "No",
        "indicativeRatingInd": "N",
        "definitiveRatingInd": null,
        "linkedAnotherActionInd": "No",
        "privateRatingActionInd": "N",
        "provisionalRatingInd": "N",
        "secondaryactionind": "No",
        "subsequentRatingInd": "N",
        "contactPersonId": null,
        "complianceType": "CAMS",
        "complianceID": "104329",
        "ratingShellId": null,
        "ratingShellDS": null,
        "workItemStatus": null,
        "workItemType": null,
        "workItemSubType": null,
        "workItemReleaseDtm": null,
        "pressReleaseId": null,
        "securityClassNm": null,
        "shadowCd": null,
        "pressReleaseType": null,
        "pyrRatingType": null,
        "pacrEmail": "Russell.Solomon@moodys.com",
        "pacr": "Russell Solomon",
        "chairEmail": "Russell.Solomon@moodys.com",
        "chair": "Russell Solomon",
        "addendum": "Mikaela Giordano ",
        "addendumEmail": "GiordanM@moodys.com"
    },
    {
        "sourceSystem": "ACCURATE",
        "orgId": null,
        "ratingActionDesc": "Phoenix Guarantor Inc.",
        "ratingActionID": "3456222",
        "ratingActionName": "Phoenix Guarantor Inc.",
        "ratingCommitteeDate": null,
        "ratingOffice": "51",
        "ratingReleaseDate": "2020-09-23 16:40:01.0",
        "releaseDate": "2020-09-23 16:40:14.22",
        "lobname": "CFG",
        "sublobname": "CFG_NY-1",
        "region": "U.S.A. & Canada",
        "leadAnalystID": "22068",
        "leadAnalystName": "Jaime Johnson",
        "leadAnalystUniqueId": "johnsjai",
        "analystEmail": "Jaime.Johnson@moodys.com",
        "analystLocation": "New York - 7 World Trade Center",
        "approverID": null,
        "approverName": " ",
        "officeName": "Moody's Investors Service, Inc.",
        "documentExceptionListingInd": "Y",
        "announcementInd": "",
        "automaticRating": "Yes",
        "definitiveRatingPrevProvisional": "No",
        "indicativeRatingInd": "N",
        "definitiveRatingInd": null,
        "linkedAnotherActionInd": "No",
        "privateRatingActionInd": "N",
        "provisionalRatingInd": "N",
        "secondaryactionind": "No",
        "subsequentRatingInd": "Y",
        "contactPersonId": null,
        "complianceType": "CAMS",
        "complianceID": "",
        "ratingShellId": null,
        "ratingShellDS": null,
        "workItemStatus": null,
        "workItemType": null,
        "workItemSubType": null,
        "workItemReleaseDtm": null,
        "pressReleaseId": null,
        "securityClassNm": null,
        "shadowCd": null,
        "pressReleaseType": null,
        "pyrRatingType": null,
        "pacrEmail": null,
        "pacr": null,
        "chairEmail": null,
        "chair": null,
        "addendum": null,
        "addendumEmail": null
    },
    {
        "sourceSystem": "ACCURATE",
        "orgId": null,
        "ratingActionDesc": "Consultoria Internacional Banco, S.A.",
        "ratingActionID": "3456232",
        "ratingActionName": "Consultoria Internacional Banco, S.A.",
        "ratingCommitteeDate": "2020-09-18 00:00:00.0",
        "ratingOffice": "99",
        "ratingReleaseDate": "2020-09-25 11:07:46.0",
        "releaseDate": "2020-09-25 11:07:49.68",
        "lobname": "FIG",
        "sublobname": "Funds and Asset Mgmt",
        "region": "Americas",
        "leadAnalystID": "6031",
        "leadAnalystName": "Jose Angel Montano",
        "leadAnalystUniqueId": "montanoj",
        "analystEmail": "JoseAngel.Montano@moodys.com",
        "analystLocation": "Mexico City - Moody's de Mexico, SA de CV",
        "approverID": "29005210",
        "approverName": "Jose Angel Montano",
        "officeName": "Moody's de Mexico S.A. de C.V",
        "documentExceptionListingInd": "",
        "announcementInd": "",
        "automaticRating": "No",
        "definitiveRatingPrevProvisional": "No",
        "indicativeRatingInd": "N",
        "definitiveRatingInd": null,
        "linkedAnotherActionInd": "No",
        "privateRatingActionInd": "Y",
        "provisionalRatingInd": "N",
        "secondaryactionind": "No",
        "subsequentRatingInd": "",
        "contactPersonId": null,
        "complianceType": "CAMS",
        "complianceID": "103621",
        "ratingShellId": null,
        "ratingShellDS": null,
        "workItemStatus": null,
        "workItemType": null,
        "workItemSubType": null,
        "workItemReleaseDtm": null,
        "pressReleaseId": null,
        "securityClassNm": null,
        "shadowCd": null,
        "pressReleaseType": null,
        "pyrRatingType": null,
        "pacrEmail": null,
        "pacr": null,
        "chairEmail": null,
        "chair": null,
        "addendum": null,
        "addendumEmail": null
    },
    {
        "sourceSystem": "ACCURATE",
        "orgId": null,
        "ratingActionDesc": "Ascena Retail Group, Inc. (DIP)",
        "ratingActionID": "3456367",
        "ratingActionName": "Ascena Retail Group, Inc. (DIP)",
        "ratingCommitteeDate": "2020-09-21 00:00:00.0",
        "ratingOffice": "51",
        "ratingReleaseDate": "2020-09-24 16:05:45.0",
        "releaseDate": "2020-09-24 16:05:51.836",
        "lobname": "CFG",
        "sublobname": "CFG_NY-3",
        "region": "U.S.A. & Canada",
        "leadAnalystID": "6827",
        "leadAnalystName": "Raya Sokolyanska",
        "leadAnalystUniqueId": "sokolyar",
        "analystEmail": "Raya.Sokolyanska@moodys.com",
        "analystLocation": "New York - 7 World Trade Center",
        "approverID": "29008285",
        "approverName": "Raya Sokolyanska",
        "officeName": "Moody's Investors Service, Inc.",
        "documentExceptionListingInd": "",
        "announcementInd": "",
        "automaticRating": "No",
        "definitiveRatingPrevProvisional": "No",
        "indicativeRatingInd": "N",
        "definitiveRatingInd": null,
        "linkedAnotherActionInd": "No",
        "privateRatingActionInd": "N",
        "provisionalRatingInd": "N",
        "secondaryactionind": "No",
        "subsequentRatingInd": "N",
        "contactPersonId": null,
        "complianceType": "CAMS",
        "complianceID": "",
        "ratingShellId": null,
        "ratingShellDS": null,
        "workItemStatus": null,
        "workItemType": null,
        "workItemSubType": null,
        "workItemReleaseDtm": null,
        "pressReleaseId": null,
        "securityClassNm": null,
        "shadowCd": null,
        "pressReleaseType": null,
        "pyrRatingType": null,
        "pacrEmail": null,
        "pacr": null,
        "chairEmail": null,
        "chair": null,
        "addendum": null,
        "addendumEmail": null
    },
    {
        "sourceSystem": "ACCURATE",
        "orgId": null,
        "ratingActionDesc": "China Gezhouba Group Company Limited",
        "ratingActionID": "3456476",
        "ratingActionName": "China Gezhouba Group Company Limited",
        "ratingCommitteeDate": null,
        "ratingOffice": "72",
        "ratingReleaseDate": "2020-09-23 23:51:35.0",
        "releaseDate": "2020-09-23 23:51:38.43",
        "lobname": "CFG",
        "sublobname": "CFG Regional",
        "region": null,
        "leadAnalystID": "7035",
        "leadAnalystName": "Chenyi Lu",
        "leadAnalystUniqueId": "luchen",
        "analystEmail": "Chenyi.Lu@moodys.com",
        "analystLocation": "Hong Kong - One Pacific Place",
        "approverID": "29039314",
        "approverName": "Yunlong Zhu",
        "officeName": "Moody's Investors Service Hong Kong Ltd.",
        "documentExceptionListingInd": "",
        "announcementInd": "",
        "automaticRating": "Yes",
        "definitiveRatingPrevProvisional": "No",
        "indicativeRatingInd": "N",
        "definitiveRatingInd": null,
        "linkedAnotherActionInd": "No",
        "privateRatingActionInd": "Y",
        "provisionalRatingInd": "N",
        "secondaryactionind": "No",
        "subsequentRatingInd": "",
        "contactPersonId": null,
        "complianceType": "CAMS",
        "complianceID": "102366",
        "ratingShellId": null,
        "ratingShellDS": null,
        "workItemStatus": null,
        "workItemType": null,
        "workItemSubType": null,
        "workItemReleaseDtm": null,
        "pressReleaseId": null,
        "securityClassNm": null,
        "shadowCd": null,
        "pressReleaseType": null,
        "pyrRatingType": null,
        "pacrEmail": null,
        "pacr": null,
        "chairEmail": null,
        "chair": null,
        "addendum": null,
        "addendumEmail": null
    },
    {
        "sourceSystem": "ACCURATE",
        "orgId": null,
        "ratingActionDesc": "Kaisa Group Holdings Ltd",
        "ratingActionID": "3456502",
        "ratingActionName": "Kaisa Group Holdings Ltd",
        "ratingCommitteeDate": "2020-09-23 00:00:00.0",
        "ratingOffice": "72",
        "ratingReleaseDate": "2020-09-23 04:09:29.0",
        "releaseDate": "2020-09-23 04:09:37.5",
        "lobname": "CFG",
        "sublobname": "CFG Regional",
        "region": null,
        "leadAnalystID": "7670",
        "leadAnalystName": "Ching Leong Chan",
        "leadAnalystUniqueId": "chandan",
        "analystEmail": "Danny.Chan@moodys.com",
        "analystLocation": "Hong Kong - One Pacific Place",
        "approverID": null,
        "approverName": " ",
        "officeName": "Moody's Investors Service Hong Kong Ltd.",
        "documentExceptionListingInd": "",
        "announcementInd": "",
        "automaticRating": "No",
        "definitiveRatingPrevProvisional": "No",
        "indicativeRatingInd": "N",
        "definitiveRatingInd": null,
        "linkedAnotherActionInd": "No",
        "privateRatingActionInd": "N",
        "provisionalRatingInd": "N",
        "secondaryactionind": "No",
        "subsequentRatingInd": "N",
        "contactPersonId": null,
        "complianceType": "CAMS",
        "complianceID": "104784",
        "ratingShellId": null,
        "ratingShellDS": null,
        "workItemStatus": null,
        "workItemType": null,
        "workItemSubType": null,
        "workItemReleaseDtm": null,
        "pressReleaseId": null,
        "securityClassNm": null,
        "shadowCd": null,
        "pressReleaseType": null,
        "pyrRatingType": null,
        "pacrEmail": "Franco.Leung@moodys.com",
        "pacr": "Franco Leung",
        "chairEmail": "Franco.Leung@moodys.com",
        "chair": "Franco Leung",
        "addendum": "Frederick Chan ",
        "addendumEmail": "ChanF@moodys.com"
    },
    {
        "sourceSystem": "ACCURATE",
        "orgId": null,
        "ratingActionDesc": "Golden Bar (Securitisation) S.r.l., Series 2020-1",
        "ratingActionID": "3456506",
        "ratingActionName": "Golden Bar (Securitisation) S.r.l., Series 2020-1",
        "ratingCommitteeDate": null,
        "ratingOffice": "51",
        "ratingReleaseDate": "2020-09-25 08:50:39.0",
        "releaseDate": "2020-09-25 08:50:48.92",
        "lobname": null,
        "sublobname": null,
        "region": "U.S.A. & Canada",
        "leadAnalystID": "30000",
        "leadAnalystName": "Structured Finance Group Middle Office - US",
        "leadAnalystUniqueId": null,
        "analystEmail": null,
        "analystLocation": null,
        "approverID": null,
        "approverName": " ",
        "officeName": "Moody's Investors Service, Inc.",
        "documentExceptionListingInd": "Y",
        "announcementInd": "",
        "automaticRating": "Yes",
        "definitiveRatingPrevProvisional": "No",
        "indicativeRatingInd": "N",
        "definitiveRatingInd": null,
        "linkedAnotherActionInd": "No",
        "privateRatingActionInd": "Y",
        "provisionalRatingInd": "N",
        "secondaryactionind": "No",
        "subsequentRatingInd": "",
        "contactPersonId": null,
        "complianceType": "CAMS",
        "complianceID": "",
        "ratingShellId": null,
        "ratingShellDS": null,
        "workItemStatus": null,
        "workItemType": null,
        "workItemSubType": null,
        "workItemReleaseDtm": null,
        "pressReleaseId": null,
        "securityClassNm": null,
        "shadowCd": null,
        "pressReleaseType": null,
        "pyrRatingType": null,
        "pacrEmail": null,
        "pacr": null,
        "chairEmail": null,
        "chair": null,
        "addendum": null,
        "addendumEmail": null
    },
    {
        "sourceSystem": "ACCURATE",
        "orgId": null,
        "ratingActionDesc": "Banks of Kuwait",
        "ratingActionID": "3456538",
        "ratingActionName": "Banks of Kuwait",
        "ratingCommitteeDate": "2020-09-22 00:00:00.0",
        "ratingOffice": "82",
        "ratingReleaseDate": "2020-09-24 11:27:26.0",
        "releaseDate": "2020-09-24 11:27:42.216",
        "lobname": "FIG",
        "sublobname": "Banking",
        "region": "Europe",
        "leadAnalystID": "6213",
        "leadAnalystName": "Alexios Philippides",
        "leadAnalystUniqueId": "philippa",
        "analystEmail": "Alexios.Philippides@moodys.com",
        "analystLocation": "Limassol - MIS Cyprus Limited",
        "approverID": "29005132",
        "approverName": "Alexios Philippides",
        "officeName": "Moody's Investors Service Cyprus Ltd.",
        "documentExceptionListingInd": "",
        "announcementInd": "",
        "automaticRating": "No",
        "definitiveRatingPrevProvisional": "No",
        "indicativeRatingInd": "N",
        "definitiveRatingInd": null,
        "linkedAnotherActionInd": "No",
        "privateRatingActionInd": "N",
        "provisionalRatingInd": "Y",
        "secondaryactionind": "No",
        "subsequentRatingInd": "N",
        "contactPersonId": null,
        "complianceType": "CAMS",
        "complianceID": "102455",
        "ratingShellId": null,
        "ratingShellDS": null,
        "workItemStatus": null,
        "workItemType": null,
        "workItemSubType": null,
        "workItemReleaseDtm": null,
        "pressReleaseId": null,
        "securityClassNm": null,
        "shadowCd": null,
        "pressReleaseType": null,
        "pyrRatingType": null,
        "pacrEmail": "Sean.Marion@moodys.com",
        "pacr": "Sean Marion",
        "chairEmail": "Sean.Marion@moodys.com",
        "chair": "Sean Marion",
        "addendum": "Agatha Charalambous ",
        "addendumEmail": "CharalaA@moodys.com"
    },
    {
        "sourceSystem": "ACCURATE",
        "orgId": null,
        "ratingActionDesc": "Commerzbank AG",
        "ratingActionID": "3456551",
        "ratingActionName": "Commerzbank AG",
        "ratingCommitteeDate": "2020-09-23 00:00:00.0",
        "ratingOffice": "41",
        "ratingReleaseDate": "2020-09-25 06:56:00.0",
        "releaseDate": "2020-09-25 06:56:30.3",
        "lobname": "FIG",
        "sublobname": "Banking",
        "region": "Europe",
        "leadAnalystID": "6534",
        "leadAnalystName": "Swen Metzler",
        "leadAnalystUniqueId": "metzlers",
        "analystEmail": "Swen.Metzler@moodys.com",
        "analystLocation": "Frankfurt - An der Welle 5",
        "approverID": "29010868",
        "approverName": "Swen Metzler",
        "officeName": "Moody's Deutschland GmbH",
        "documentExceptionListingInd": "",
        "announcementInd": "",
        "automaticRating": "No",
        "definitiveRatingPrevProvisional": "No",
        "indicativeRatingInd": "N",
        "definitiveRatingInd": null,
        "linkedAnotherActionInd": "No",
        "privateRatingActionInd": "N",
        "provisionalRatingInd": "Y",
        "secondaryactionind": "No",
        "subsequentRatingInd": "N",
        "contactPersonId": null,
        "complianceType": "CAMS",
        "complianceID": "104484",
        "ratingShellId": null,
        "ratingShellDS": null,
        "workItemStatus": null,
        "workItemType": null,
        "workItemSubType": null,
        "workItemReleaseDtm": null,
        "pressReleaseId": null,
        "securityClassNm": null,
        "shadowCd": null,
        "pressReleaseType": null,
        "pyrRatingType": null,
        "pacrEmail": "Alexander.Hendricks@moodys.com",
        "pacr": "Alexander Hendricks",
        "chairEmail": "Alexander.Hendricks@moodys.com",
        "chair": "Alexander Hendricks",
        "addendum": "Simon Boemer ",
        "addendumEmail": "BoemerS@moodys.com"
    },
    {
        "sourceSystem": "ACCURATE",
        "orgId": null,
        "ratingActionDesc": "Royal Bank of Canada",
        "ratingActionID": "3456590",
        "ratingActionName": "Royal Bank of Canada",
        "ratingCommitteeDate": null,
        "ratingOffice": "71",
        "ratingReleaseDate": "2020-09-25 16:55:00.0",
        "releaseDate": "2020-09-25 16:55:32.946",
        "lobname": "FIG",
        "sublobname": "Banking",
        "region": "U.S.A. & Canada",
        "leadAnalystID": "6721",
        "leadAnalystName": "John Beattie",
        "leadAnalystUniqueId": "beattied",
        "analystEmail": "David.Beattie@moodys.com",
        "analystLocation": "Toronto - 70 York Street",
        "approverID": null,
        "approverName": " ",
        "officeName": "Moody's Canada Inc.",
        "documentExceptionListingInd": "",
        "announcementInd": "",
        "automaticRating": "Yes",
        "definitiveRatingPrevProvisional": "No",
        "indicativeRatingInd": "N",
        "definitiveRatingInd": null,
        "linkedAnotherActionInd": "No",
        "privateRatingActionInd": "N",
        "provisionalRatingInd": "N",
        "secondaryactionind": "No",
        "subsequentRatingInd": "",
        "contactPersonId": null,
        "complianceType": "CAMS",
        "complianceID": "",
        "ratingShellId": null,
        "ratingShellDS": null,
        "workItemStatus": null,
        "workItemType": null,
        "workItemSubType": null,
        "workItemReleaseDtm": null,
        "pressReleaseId": null,
        "securityClassNm": null,
        "shadowCd": null,
        "pressReleaseType": null,
        "pyrRatingType": null,
        "pacrEmail": null,
        "pacr": null,
        "chairEmail": null,
        "chair": null,
        "addendum": null,
        "addendumEmail": null
    },
    {
        "sourceSystem": "ACCURATE",
        "orgId": null,
        "ratingActionDesc": "Residential Mortgage Securities 32 plc",
        "ratingActionID": "3456763",
        "ratingActionName": "Residential Mortgage Securities 32 plc",
        "ratingCommitteeDate": null,
        "ratingOffice": "51",
        "ratingReleaseDate": "2020-09-25 08:58:11.0",
        "releaseDate": "2020-09-25 08:58:27.346",
        "lobname": null,
        "sublobname": null,
        "region": "U.S.A. & Canada",
        "leadAnalystID": "30000",
        "leadAnalystName": "Structured Finance Group Middle Office - US",
        "leadAnalystUniqueId": null,
        "analystEmail": null,
        "analystLocation": null,
        "approverID": null,
        "approverName": " ",
        "officeName": "Moody's Investors Service, Inc.",
        "documentExceptionListingInd": "Y",
        "announcementInd": "",
        "automaticRating": "Yes",
        "definitiveRatingPrevProvisional": "No",
        "indicativeRatingInd": "N",
        "definitiveRatingInd": null,
        "linkedAnotherActionInd": "No",
        "privateRatingActionInd": "Y",
        "provisionalRatingInd": "N",
        "secondaryactionind": "No",
        "subsequentRatingInd": "",
        "contactPersonId": null,
        "complianceType": "CAMS",
        "complianceID": "",
        "ratingShellId": null,
        "ratingShellDS": null,
        "workItemStatus": null,
        "workItemType": null,
        "workItemSubType": null,
        "workItemReleaseDtm": null,
        "pressReleaseId": null,
        "securityClassNm": null,
        "shadowCd": null,
        "pressReleaseType": null,
        "pyrRatingType": null,
        "pacrEmail": null,
        "pacr": null,
        "chairEmail": null,
        "chair": null,
        "addendum": null,
        "addendumEmail": null
    },
    {
        "sourceSystem": "ACCURATE",
        "orgId": null,
        "ratingActionDesc": "Dryden 44 Euro CLO 2015 B.V.",
        "ratingActionID": "3456772",
        "ratingActionName": "Dryden 44 Euro CLO 2015 B.V.",
        "ratingCommitteeDate": "2020-09-24 00:00:00.0",
        "ratingOffice": "69",
        "ratingReleaseDate": "2020-09-25 10:50:27.813",
        "releaseDate": "2020-09-25 10:50:27.826",
        "lobname": "SFG",
        "sublobname": "Surv-COR-ABS",
        "region": "Europe",
        "leadAnalystID": "7440",
        "leadAnalystName": "Angel Francisco Jimenez",
        "leadAnalystUniqueId": "jimenean",
        "analystEmail": "Angel.Jimenez@moodys.com",
        "analystLocation": "Madrid - Calle Principe de Vergara, 131",
        "approverID": null,
        "approverName": " ",
        "officeName": "Moody's Investors Service Espana, S.A.",
        "documentExceptionListingInd": "",
        "announcementInd": "",
        "automaticRating": "No",
        "definitiveRatingPrevProvisional": "No",
        "indicativeRatingInd": "N",
        "definitiveRatingInd": null,
        "linkedAnotherActionInd": "No",
        "privateRatingActionInd": "N",
        "provisionalRatingInd": "N",
        "secondaryactionind": "No",
        "subsequentRatingInd": "N",
        "contactPersonId": null,
        "complianceType": "CAMS",
        "complianceID": "104788",
        "ratingShellId": null,
        "ratingShellDS": null,
        "workItemStatus": null,
        "workItemType": null,
        "workItemSubType": null,
        "workItemReleaseDtm": null,
        "pressReleaseId": null,
        "securityClassNm": null,
        "shadowCd": null,
        "pressReleaseType": null,
        "pyrRatingType": null,
        "pacrEmail": null,
        "pacr": null,
        "chairEmail": null,
        "chair": null,
        "addendum": "Angel Jimenez ",
        "addendumEmail": "JimeneAn@moodys.com"
    },
    {
        "sourceSystem": "ACCURATE",
        "orgId": null,
        "ratingActionDesc": "Alba 11 WH S.r.l.",
        "ratingActionID": "3456779",
        "ratingActionName": "Alba 11 WH S.r.l.",
        "ratingCommitteeDate": null,
        "ratingOffice": "51",
        "ratingReleaseDate": "2020-09-25 08:46:28.0",
        "releaseDate": "2020-09-25 08:46:42.356",
        "lobname": null,
        "sublobname": null,
        "region": "U.S.A. & Canada",
        "leadAnalystID": "30000",
        "leadAnalystName": "Structured Finance Group Middle Office - US",
        "leadAnalystUniqueId": null,
        "analystEmail": null,
        "analystLocation": null,
        "approverID": null,
        "approverName": " ",
        "officeName": "Moody's Investors Service, Inc.",
        "documentExceptionListingInd": "Y",
        "announcementInd": "",
        "automaticRating": "Yes",
        "definitiveRatingPrevProvisional": "No",
        "indicativeRatingInd": "N",
        "definitiveRatingInd": null,
        "linkedAnotherActionInd": "No",
        "privateRatingActionInd": "Y",
        "provisionalRatingInd": "N",
        "secondaryactionind": "No",
        "subsequentRatingInd": "",
        "contactPersonId": null,
        "complianceType": "CAMS",
        "complianceID": "",
        "ratingShellId": null,
        "ratingShellDS": null,
        "workItemStatus": null,
        "workItemType": null,
        "workItemSubType": null,
        "workItemReleaseDtm": null,
        "pressReleaseId": null,
        "securityClassNm": null,
        "shadowCd": null,
        "pressReleaseType": null,
        "pyrRatingType": null,
        "pacrEmail": null,
        "pacr": null,
        "chairEmail": null,
        "chair": null,
        "addendum": null,
        "addendumEmail": null
    },
    {
        "sourceSystem": "ACCURATE",
        "orgId": null,
        "ratingActionDesc": "KazMunayGas NC JSC",
        "ratingActionID": "3456798",
        "ratingActionName": "KazMunayGas NC JSC",
        "ratingCommitteeDate": null,
        "ratingOffice": "52",
        "ratingReleaseDate": "2020-09-24 09:01:16.0",
        "releaseDate": "2020-09-24 09:01:24.52",
        "lobname": "CFG",
        "sublobname": "CFG Regional",
        "region": "Europe",
        "leadAnalystID": "6641",
        "leadAnalystName": "Artem Frolov",
        "leadAnalystUniqueId": "frolova",
        "analystEmail": "Artem.Frolov@moodys.com",
        "analystLocation": "Moscow - Four Winds Plaza",
        "approverID": null,
        "approverName": " ",
        "officeName": "Moody's Investors Service Ltd.",
        "documentExceptionListingInd": "Y",
        "announcementInd": "",
        "automaticRating": "Yes",
        "definitiveRatingPrevProvisional": "No",
        "indicativeRatingInd": "N",
        "definitiveRatingInd": null,
        "linkedAnotherActionInd": "No",
        "privateRatingActionInd": "N",
        "provisionalRatingInd": "N",
        "secondaryactionind": "No",
        "subsequentRatingInd": "Y",
        "contactPersonId": null,
        "complianceType": "CAMS",
        "complianceID": "",
        "ratingShellId": null,
        "ratingShellDS": null,
        "workItemStatus": null,
        "workItemType": null,
        "workItemSubType": null,
        "workItemReleaseDtm": null,
        "pressReleaseId": null,
        "securityClassNm": null,
        "shadowCd": null,
        "pressReleaseType": null,
        "pyrRatingType": null,
        "pacrEmail": null,
        "pacr": null,
        "chairEmail": null,
        "chair": null,
        "addendum": null,
        "addendumEmail": null
    },
    {
        "sourceSystem": "ACCURATE",
        "orgId": null,
        "ratingActionDesc": "Tengri Bank",
        "ratingActionID": "3456851",
        "ratingActionName": "Tengri Bank",
        "ratingCommitteeDate": "2020-09-21 00:00:00.0",
        "ratingOffice": "52",
        "ratingReleaseDate": "2020-09-23 04:39:14.0",
        "releaseDate": "2020-09-23 04:39:22.503",
        "lobname": "FIG",
        "sublobname": "Banking",
        "region": "Europe",
        "leadAnalystID": "7100",
        "leadAnalystName": "Svetlana Pavlova",
        "leadAnalystUniqueId": "pavlovas",
        "analystEmail": "Svetlana.Pavlova@moodys.com",
        "analystLocation": "Moscow - Four Winds Plaza",
        "approverID": "29017630",
        "approverName": "Svetlana Pavlova",
        "officeName": "Moody's Investors Service Ltd.",
        "documentExceptionListingInd": "",
        "announcementInd": "",
        "automaticRating": "No",
        "definitiveRatingPrevProvisional": "No",
        "indicativeRatingInd": "N",
        "definitiveRatingInd": null,
        "linkedAnotherActionInd": "No",
        "privateRatingActionInd": "N",
        "provisionalRatingInd": "N",
        "secondaryactionind": "No",
        "subsequentRatingInd": "N",
        "contactPersonId": null,
        "complianceType": "CAMS",
        "complianceID": "104721",
        "ratingShellId": null,
        "ratingShellDS": null,
        "workItemStatus": null,
        "workItemType": null,
        "workItemSubType": null,
        "workItemReleaseDtm": null,
        "pressReleaseId": null,
        "securityClassNm": null,
        "shadowCd": null,
        "pressReleaseType": null,
        "pyrRatingType": null,
        "pacrEmail": null,
        "pacr": null,
        "chairEmail": null,
        "chair": null,
        "addendum": null,
        "addendumEmail": null
    },
    {
        "sourceSystem": "ACCURATE",
        "orgId": null,
        "ratingActionDesc": "Alba 9 WH S.r.l.",
        "ratingActionID": "3456859",
        "ratingActionName": "Alba 9 WH S.r.l.",
        "ratingCommitteeDate": null,
        "ratingOffice": "51",
        "ratingReleaseDate": "2020-09-25 08:40:08.0",
        "releaseDate": "2020-09-25 08:40:24.053",
        "lobname": null,
        "sublobname": null,
        "region": "U.S.A. & Canada",
        "leadAnalystID": "30000",
        "leadAnalystName": "Structured Finance Group Middle Office - US",
        "leadAnalystUniqueId": null,
        "analystEmail": null,
        "analystLocation": null,
        "approverID": null,
        "approverName": " ",
        "officeName": "Moody's Investors Service, Inc.",
        "documentExceptionListingInd": "Y",
        "announcementInd": "",
        "automaticRating": "Yes",
        "definitiveRatingPrevProvisional": "No",
        "indicativeRatingInd": "N",
        "definitiveRatingInd": null,
        "linkedAnotherActionInd": "No",
        "privateRatingActionInd": "Y",
        "provisionalRatingInd": "N",
        "secondaryactionind": "No",
        "subsequentRatingInd": "",
        "contactPersonId": null,
        "complianceType": "CAMS",
        "complianceID": "",
        "ratingShellId": null,
        "ratingShellDS": null,
        "workItemStatus": null,
        "workItemType": null,
        "workItemSubType": null,
        "workItemReleaseDtm": null,
        "pressReleaseId": null,
        "securityClassNm": null,
        "shadowCd": null,
        "pressReleaseType": null,
        "pyrRatingType": null,
        "pacrEmail": null,
        "pacr": null,
        "chairEmail": null,
        "chair": null,
        "addendum": null,
        "addendumEmail": null
    },
    {
        "sourceSystem": "ACCURATE",
        "orgId": null,
        "ratingActionDesc": "Oncor Electric Delivery Company LLC",
        "ratingActionID": "3456884",
        "ratingActionName": "Oncor Electric Delivery Company LLC",
        "ratingCommitteeDate": null,
        "ratingOffice": "51",
        "ratingReleaseDate": "2020-09-24 15:52:37.0",
        "releaseDate": "2020-09-24 15:52:43.56",
        "lobname": "PPIF",
        "sublobname": "Infrastructure Finance",
        "region": "U.S.A. & Canada",
        "leadAnalystID": "2725",
        "leadAnalystName": "Natividad Martel",
        "leadAnalystUniqueId": "marteln",
        "analystEmail": "Natividad.Martel@moodys.com",
        "analystLocation": "New York - 7 World Trade Center",
        "approverID": null,
        "approverName": " ",
        "officeName": "Moody's Investors Service, Inc.",
        "documentExceptionListingInd": "Y",
        "announcementInd": "",
        "automaticRating": "Yes",
        "definitiveRatingPrevProvisional": "No",
        "indicativeRatingInd": "N",
        "definitiveRatingInd": null,
        "linkedAnotherActionInd": "No",
        "privateRatingActionInd": "N",
        "provisionalRatingInd": "N",
        "secondaryactionind": "No",
        "subsequentRatingInd": "Y",
        "contactPersonId": null,
        "complianceType": "CAMS",
        "complianceID": "",
        "ratingShellId": null,
        "ratingShellDS": null,
        "workItemStatus": null,
        "workItemType": null,
        "workItemSubType": null,
        "workItemReleaseDtm": null,
        "pressReleaseId": null,
        "securityClassNm": null,
        "shadowCd": null,
        "pressReleaseType": null,
        "pyrRatingType": null,
        "pacrEmail": null,
        "pacr": null,
        "chairEmail": null,
        "chair": null,
        "addendum": null,
        "addendumEmail": null
    },
    {
        "sourceSystem": "ACCURATE",
        "orgId": null,
        "ratingActionDesc": "Stoneridge, Inc.",
        "ratingActionID": "3456912",
        "ratingActionName": "Stoneridge, Inc.",
        "ratingCommitteeDate": "2020-09-21 00:00:00.0",
        "ratingOffice": "51",
        "ratingReleaseDate": "2020-09-23 15:14:36.0",
        "releaseDate": "2020-09-23 15:14:38.413",
        "lobname": "CFG",
        "sublobname": "CFG_NY-1",
        "region": "U.S.A. & Canada",
        "leadAnalystID": "7587",
        "leadAnalystName": "Michael Cavanagh",
        "leadAnalystUniqueId": "cavanagm",
        "analystEmail": "Mike.Cavanagh@moodys.com",
        "analystLocation": "New York - 7 World Trade Center",
        "approverID": "29026223",
        "approverName": "Michael Cavanagh",
        "officeName": "Moody's Investors Service, Inc.",
        "documentExceptionListingInd": "",
        "announcementInd": "",
        "automaticRating": "No",
        "definitiveRatingPrevProvisional": "No",
        "indicativeRatingInd": "N",
        "definitiveRatingInd": null,
        "linkedAnotherActionInd": "No",
        "privateRatingActionInd": "Y",
        "provisionalRatingInd": "N",
        "secondaryactionind": "No",
        "subsequentRatingInd": "",
        "contactPersonId": null,
        "complianceType": "CAMS",
        "complianceID": "104461",
        "ratingShellId": null,
        "ratingShellDS": null,
        "workItemStatus": null,
        "workItemType": null,
        "workItemSubType": null,
        "workItemReleaseDtm": null,
        "pressReleaseId": null,
        "securityClassNm": null,
        "shadowCd": null,
        "pressReleaseType": null,
        "pyrRatingType": null,
        "pacrEmail": "Robert.Jankowitz@moodys.com",
        "pacr": "Robert Jankowitz",
        "chairEmail": "Robert.Jankowitz@moodys.com",
        "chair": "Robert Jankowitz",
        "addendum": "Venkat Bogavelli ",
        "addendumEmail": "BogavelV@moodys.com"
    },
    {
        "sourceSystem": "ACCURATE",
        "orgId": null,
        "ratingActionDesc": "Mobile TeleSystems PJSC",
        "ratingActionID": "3456915",
        "ratingActionName": "Mobile TeleSystems PJSC",
        "ratingCommitteeDate": "2020-09-22 00:00:00.0",
        "ratingOffice": "52",
        "ratingReleaseDate": "2020-09-23 09:44:49.0",
        "releaseDate": "2020-09-23 09:45:01.923",
        "lobname": "CFG",
        "sublobname": "CFG Regional",
        "region": "Europe",
        "leadAnalystID": "31355",
        "leadAnalystName": "Mikhail Shipilov",
        "leadAnalystUniqueId": "shipilom",
        "analystEmail": "Mikhail.Shipilov@moodys.com",
        "analystLocation": "Moscow - Four Winds Plaza",
        "approverID": "29032758",
        "approverName": "Mikhail Shipilov",
        "officeName": "Moody's Investors Service Ltd.",
        "documentExceptionListingInd": "",
        "announcementInd": "",
        "automaticRating": "No",
        "definitiveRatingPrevProvisional": "No",
        "indicativeRatingInd": "N",
        "definitiveRatingInd": null,
        "linkedAnotherActionInd": "No",
        "privateRatingActionInd": "N",
        "provisionalRatingInd": "N",
        "secondaryactionind": "No",
        "subsequentRatingInd": "N",
        "contactPersonId": null,
        "complianceType": "CAMS",
        "complianceID": "104288",
        "ratingShellId": null,
        "ratingShellDS": null,
        "workItemStatus": null,
        "workItemType": null,
        "workItemSubType": null,
        "workItemReleaseDtm": null,
        "pressReleaseId": null,
        "securityClassNm": null,
        "shadowCd": null,
        "pressReleaseType": null,
        "pyrRatingType": null,
        "pacrEmail": "David.Staples@moodys.com",
        "pacr": "David Staples",
        "chairEmail": "David.Staples@moodys.com",
        "chair": "David Staples",
        "addendum": "Olga Moshkina ",
        "addendumEmail": "MoshkiOl@moodys.com"
    },
    {
        "sourceSystem": "ACCURATE",
        "orgId": null,
        "ratingActionDesc": "EFS Cogen Holdings I LLC",
        "ratingActionID": "3456933",
        "ratingActionName": "EFS Cogen Holdings I LLC",
        "ratingCommitteeDate": "2020-09-22 00:00:00.0",
        "ratingOffice": "51",
        "ratingReleaseDate": "2020-09-23 12:52:23.0",
        "releaseDate": "2020-09-23 12:52:29.17",
        "lobname": "PPIF",
        "sublobname": "Project Finance",
        "region": "U.S.A. & Canada",
        "leadAnalystID": "1177",
        "leadAnalystName": "Scott Solomon",
        "leadAnalystUniqueId": "solomons",
        "analystEmail": "Scott.Solomon@moodys.com",
        "analystLocation": "New York - 7 World Trade Center",
        "approverID": "22000938",
        "approverName": "Rick Donner",
        "officeName": "Moody's Investors Service, Inc.",
        "documentExceptionListingInd": "",
        "announcementInd": "",
        "automaticRating": "No",
        "definitiveRatingPrevProvisional": "No",
        "indicativeRatingInd": "N",
        "definitiveRatingInd": null,
        "linkedAnotherActionInd": "No",
        "privateRatingActionInd": "N",
        "provisionalRatingInd": "N",
        "secondaryactionind": "No",
        "subsequentRatingInd": "N",
        "contactPersonId": null,
        "complianceType": "CAMS",
        "complianceID": "104621",
        "ratingShellId": null,
        "ratingShellDS": null,
        "workItemStatus": null,
        "workItemType": null,
        "workItemSubType": null,
        "workItemReleaseDtm": null,
        "pressReleaseId": null,
        "securityClassNm": null,
        "shadowCd": null,
        "pressReleaseType": null,
        "pyrRatingType": null,
        "pacrEmail": "Angelo.Sabatelle@moodys.com",
        "pacr": "Angelo Sabatelle",
        "chairEmail": "Angelo.Sabatelle@moodys.com",
        "chair": "Angelo Sabatelle",
        "addendum": "Philip Zielke ",
        "addendumEmail": "ZielkeP@moodys.com"
    },
    {
        "sourceSystem": "ACCURATE",
        "orgId": null,
        "ratingActionDesc": "VEON Ltd.",
        "ratingActionID": "3456941",
        "ratingActionName": "VEON Ltd.",
        "ratingCommitteeDate": "2020-09-22 00:00:00.0",
        "ratingOffice": "52",
        "ratingReleaseDate": "2020-09-24 05:16:13.0",
        "releaseDate": "2020-09-24 05:16:29.73",
        "lobname": "CFG",
        "sublobname": "CFG Regional",
        "region": "Europe",
        "leadAnalystID": "31355",
        "leadAnalystName": "Mikhail Shipilov",
        "leadAnalystUniqueId": "shipilom",
        "analystEmail": "Mikhail.Shipilov@moodys.com",
        "analystLocation": "Moscow - Four Winds Plaza",
        "approverID": null,
        "approverName": " ",
        "officeName": "Moody's Investors Service Ltd.",
        "documentExceptionListingInd": "",
        "announcementInd": "",
        "automaticRating": "No",
        "definitiveRatingPrevProvisional": "No",
        "indicativeRatingInd": "N",
        "definitiveRatingInd": null,
        "linkedAnotherActionInd": "No",
        "privateRatingActionInd": "N",
        "provisionalRatingInd": "N",
        "secondaryactionind": "No",
        "subsequentRatingInd": "N",
        "contactPersonId": null,
        "complianceType": "CAMS",
        "complianceID": "104289",
        "ratingShellId": null,
        "ratingShellDS": null,
        "workItemStatus": null,
        "workItemType": null,
        "workItemSubType": null,
        "workItemReleaseDtm": null,
        "pressReleaseId": null,
        "securityClassNm": null,
        "shadowCd": null,
        "pressReleaseType": null,
        "pyrRatingType": null,
        "pacrEmail": "David.Staples@moodys.com",
        "pacr": "David Staples",
        "chairEmail": "David.Staples@moodys.com",
        "chair": "David Staples",
        "addendum": "Olga Moshkina ",
        "addendumEmail": "MoshkiOl@moodys.com"
    },
    {
        "sourceSystem": "ACCURATE",
        "orgId": null,
        "ratingActionDesc": "VEON Ltd.",
        "ratingActionID": "3456941",
        "ratingActionName": "VEON Ltd.",
        "ratingCommitteeDate": "2020-09-22 00:00:00.0",
        "ratingOffice": "52",
        "ratingReleaseDate": "2020-09-24 05:16:13.0",
        "releaseDate": "2020-09-24 05:16:29.73",
        "lobname": "CFG",
        "sublobname": "CFG Regional",
        "region": "Europe",
        "leadAnalystID": "31355",
        "leadAnalystName": "Mikhail Shipilov",
        "leadAnalystUniqueId": "shipilom",
        "analystEmail": "Mikhail.Shipilov@moodys.com",
        "analystLocation": "Moscow - Four Winds Plaza",
        "approverID": "29032758",
        "approverName": "Mikhail Shipilov",
        "officeName": "Moody's Investors Service Ltd.",
        "documentExceptionListingInd": "",
        "announcementInd": "",
        "automaticRating": "No",
        "definitiveRatingPrevProvisional": "No",
        "indicativeRatingInd": "N",
        "definitiveRatingInd": null,
        "linkedAnotherActionInd": "No",
        "privateRatingActionInd": "N",
        "provisionalRatingInd": "N",
        "secondaryactionind": "No",
        "subsequentRatingInd": "N",
        "contactPersonId": null,
        "complianceType": "CAMS",
        "complianceID": "104289",
        "ratingShellId": null,
        "ratingShellDS": null,
        "workItemStatus": null,
        "workItemType": null,
        "workItemSubType": null,
        "workItemReleaseDtm": null,
        "pressReleaseId": null,
        "securityClassNm": null,
        "shadowCd": null,
        "pressReleaseType": null,
        "pyrRatingType": null,
        "pacrEmail": "David.Staples@moodys.com",
        "pacr": "David Staples",
        "chairEmail": "David.Staples@moodys.com",
        "chair": "David Staples",
        "addendum": "Olga Moshkina ",
        "addendumEmail": "MoshkiOl@moodys.com"
    },
    {
        "sourceSystem": "ACCURATE",
        "orgId": null,
        "ratingActionDesc": "Alternative Building Concepts Group, GNMA Collateralized Taxable Revenue Bonds (Towne Center Apartments Project) Series 2013B $5.947MM",
        "ratingActionID": "3456949",
        "ratingActionName": "Alternative Building Concepts Group, GNMA Collateralized Taxable Revenue Bonds (Towne Center Apartments Project) Series 2013B $5.947MM",
        "ratingCommitteeDate": "2020-09-23 00:00:00.0",
        "ratingOffice": "51",
        "ratingReleaseDate": "2020-09-23 14:56:02.6",
        "releaseDate": "2020-09-23 14:56:02.61",
        "lobname": "PPIF",
        "sublobname": "Housing",
        "region": "U.S.A. & Canada",
        "leadAnalystID": "6472",
        "leadAnalystName": "Timothy Mone",
        "leadAnalystUniqueId": "monet",
        "analystEmail": "timothy.mone@moodys.com",
        "analystLocation": "New York - 7 World Trade Center",
        "approverID": null,
        "approverName": " ",
        "officeName": "Moody's Investors Service, Inc.",
        "documentExceptionListingInd": "",
        "announcementInd": "",
        "automaticRating": "No",
        "definitiveRatingPrevProvisional": "No",
        "indicativeRatingInd": "N",
        "definitiveRatingInd": null,
        "linkedAnotherActionInd": "No",
        "privateRatingActionInd": "N",
        "provisionalRatingInd": "N",
        "secondaryactionind": "No",
        "subsequentRatingInd": "N",
        "contactPersonId": null,
        "complianceType": "CAMS",
        "complianceID": "104863",
        "ratingShellId": null,
        "ratingShellDS": null,
        "workItemStatus": null,
        "workItemType": null,
        "workItemSubType": null,
        "workItemReleaseDtm": null,
        "pressReleaseId": null,
        "securityClassNm": null,
        "shadowCd": null,
        "pressReleaseType": null,
        "pyrRatingType": null,
        "pacrEmail": "Florence.Zeman@moodys.com",
        "pacr": "Florence Zeman",
        "chairEmail": "Florence.Zeman@moodys.com",
        "chair": "Florence Zeman",
        "addendum": "Timothy Mone ",
        "addendumEmail": "MoneT@moodys.com"
    },
    {
        "sourceSystem": "ACCURATE",
        "orgId": null,
        "ratingActionDesc": "MMAF Equipment Finance LLC 2020-B",
        "ratingActionID": "3456963",
        "ratingActionName": "MMAF Equipment Finance LLC 2020-B",
        "ratingCommitteeDate": null,
        "ratingOffice": "51",
        "ratingReleaseDate": "2020-09-23 17:29:19.0",
        "releaseDate": "2020-09-23 17:29:36.876",
        "lobname": "SFG",
        "sublobname": "NR-COR-ABS",
        "region": "U.S.A. & Canada",
        "leadAnalystID": "7685",
        "leadAnalystName": "Qin Zhang",
        "leadAnalystUniqueId": "zhangque",
        "analystEmail": "Chloe.Zhang@moodys.com",
        "analystLocation": "New York - 7 World Trade Center",
        "approverID": null,
        "approverName": " ",
        "officeName": "Moody's Investors Service, Inc.",
        "documentExceptionListingInd": "",
        "announcementInd": "",
        "automaticRating": "Yes",
        "definitiveRatingPrevProvisional": "No",
        "indicativeRatingInd": "N",
        "definitiveRatingInd": null,
        "linkedAnotherActionInd": "No",
        "privateRatingActionInd": "N",
        "provisionalRatingInd": "N",
        "secondaryactionind": "No",
        "subsequentRatingInd": "N",
        "contactPersonId": null,
        "complianceType": "CAMS",
        "complianceID": "103179",
        "ratingShellId": null,
        "ratingShellDS": null,
        "workItemStatus": null,
        "workItemType": null,
        "workItemSubType": null,
        "workItemReleaseDtm": null,
        "pressReleaseId": null,
        "securityClassNm": null,
        "shadowCd": null,
        "pressReleaseType": null,
        "pyrRatingType": null,
        "pacrEmail": null,
        "pacr": null,
        "chairEmail": null,
        "chair": null,
        "addendum": null,
        "addendumEmail": null
    },
    {
        "sourceSystem": "ACCURATE",
        "orgId": null,
        "ratingActionDesc": "Kreditanstalt fuer Wiederaufbau",
        "ratingActionID": "3456967",
        "ratingActionName": "Kreditanstalt fuer Wiederaufbau",
        "ratingCommitteeDate": null,
        "ratingOffice": "41",
        "ratingReleaseDate": "2020-09-25 07:59:01.0",
        "releaseDate": "2020-09-25 07:59:33.19",
        "lobname": "FIG",
        "sublobname": "Banking",
        "region": "Europe",
        "leadAnalystID": "7665",
        "leadAnalystName": "Goetz Thurm",
        "leadAnalystUniqueId": "thurmg",
        "analystEmail": "Goetz.Thurm@moodys.com",
        "analystLocation": "Frankfurt - An der Welle 5",
        "approverID": null,
        "approverName": " ",
        "officeName": "Moody's Deutschland GmbH",
        "documentExceptionListingInd": "",
        "announcementInd": "",
        "automaticRating": "No",
        "definitiveRatingPrevProvisional": "No",
        "indicativeRatingInd": "N",
        "definitiveRatingInd": null,
        "linkedAnotherActionInd": "No",
        "privateRatingActionInd": "N",
        "provisionalRatingInd": "N",
        "secondaryactionind": "No",
        "subsequentRatingInd": "Y",
        "contactPersonId": null,
        "complianceType": "CAMS",
        "complianceID": "",
        "ratingShellId": null,
        "ratingShellDS": null,
        "workItemStatus": null,
        "workItemType": null,
        "workItemSubType": null,
        "workItemReleaseDtm": null,
        "pressReleaseId": null,
        "securityClassNm": null,
        "shadowCd": null,
        "pressReleaseType": null,
        "pyrRatingType": null,
        "pacrEmail": null,
        "pacr": null,
        "chairEmail": null,
        "chair": null,
        "addendum": null,
        "addendumEmail": null
    },
    {
        "sourceSystem": "ACCURATE",
        "orgId": null,
        "ratingActionDesc": "Banco Nacional de Bolivia S.A.",
        "ratingActionID": "3456980",
        "ratingActionName": "Banco Nacional de Bolivia S.A.",
        "ratingCommitteeDate": "2020-09-21 00:00:00.0",
        "ratingOffice": "51",
        "ratingReleaseDate": "2020-09-23 17:07:46.0",
        "releaseDate": "2020-09-23 17:07:53.05",
        "lobname": "FIG",
        "sublobname": "Banking",
        "region": "U.S.A. & Canada",
        "leadAnalystID": "7747",
        "leadAnalystName": "Marcelo De Gruttola",
        "leadAnalystUniqueId": "gruttolm",
        "analystEmail": "Marcelo.DeGruttola@moodys.com",
        "analystLocation": "Buenos Aires - Ing. Butty 240",
        "approverID": "29029503",
        "approverName": "Marcelo De Gruttola",
        "officeName": "Moody's Investors Service, Inc.",
        "documentExceptionListingInd": "",
        "announcementInd": "",
        "automaticRating": "No",
        "definitiveRatingPrevProvisional": "No",
        "indicativeRatingInd": "N",
        "definitiveRatingInd": null,
        "linkedAnotherActionInd": "No",
        "privateRatingActionInd": "N",
        "provisionalRatingInd": "N",
        "secondaryactionind": "No",
        "subsequentRatingInd": "N",
        "contactPersonId": null,
        "complianceType": "CAMS",
        "complianceID": "104275",
        "ratingShellId": null,
        "ratingShellDS": null,
        "workItemStatus": null,
        "workItemType": null,
        "workItemSubType": null,
        "workItemReleaseDtm": null,
        "pressReleaseId": null,
        "securityClassNm": null,
        "shadowCd": null,
        "pressReleaseType": null,
        "pyrRatingType": null,
        "pacrEmail": "Celina.Vansetti-Hutchins@moodys.com",
        "pacr": "Celina Vansetti-Hutchins",
        "chairEmail": "Celina.Vansetti-Hutchins@moodys.com",
        "chair": "Celina Vansetti-Hutchins",
        "addendum": "Soledad Stefani ",
        "addendumEmail": "StefaniS@moodys.com"
    },
    {
        "sourceSystem": "ACCURATE",
        "orgId": null,
        "ratingActionDesc": null,
        "ratingActionID": "3456984",
        "ratingActionName": "1_PRO_FIG - Nordic & Baltic Banks_Effie Tsotsani_Moody's announces completion of a periodic review of ratings of SpareBank 1 BV",
        "ratingCommitteeDate": null,
        "ratingOffice": "52",
        "ratingReleaseDate": "2020-09-24 11:57:09.996",
        "releaseDate": "2020-09-24 11:57:10.003",
        "lobname": "FIG",
        "sublobname": "Banking",
        "region": "Europe",
        "leadAnalystID": "7384",
        "leadAnalystName": "Efthymia Tsotsani",
        "leadAnalystUniqueId": "tsotsane",
        "analystEmail": "Effie.Tsotsani@moodys.com",
        "analystLocation": "London - One Canada Square",
        "approverID": null,
        "approverName": " ",
        "officeName": "Moody's Investors Service Ltd.",
        "documentExceptionListingInd": "Y",
        "announcementInd": "Y",
        "automaticRating": "Yes",
        "definitiveRatingPrevProvisional": "No",
        "indicativeRatingInd": "N",
        "definitiveRatingInd": null,
        "linkedAnotherActionInd": "No",
        "privateRatingActionInd": "",
        "provisionalRatingInd": "N",
        "secondaryactionind": "No",
        "subsequentRatingInd": "",
        "contactPersonId": null,
        "complianceType": "CAMS",
        "complianceID": "",
        "ratingShellId": null,
        "ratingShellDS": null,
        "workItemStatus": null,
        "workItemType": null,
        "workItemSubType": null,
        "workItemReleaseDtm": null,
        "pressReleaseId": null,
        "securityClassNm": null,
        "shadowCd": null,
        "pressReleaseType": null,
        "pyrRatingType": null,
        "pacrEmail": null,
        "pacr": null,
        "chairEmail": null,
        "chair": null,
        "addendum": null,
        "addendumEmail": null
    },
    {
        "sourceSystem": "ACCURATE",
        "orgId": null,
        "ratingActionDesc": "Hyundai Auto Lease Securitization Trust 2020-B",
        "ratingActionID": "3457009",
        "ratingActionName": "Hyundai Auto Lease Securitization Trust 2020-B",
        "ratingCommitteeDate": null,
        "ratingOffice": "51",
        "ratingReleaseDate": "2020-09-23 13:52:17.0",
        "releaseDate": "2020-09-23 13:53:05.9",
        "lobname": "SFG",
        "sublobname": "NR-COS-ABS",
        "region": "U.S.A. & Canada",
        "leadAnalystID": "31065",
        "leadAnalystName": "Wendy Rosenfeld",
        "leadAnalystUniqueId": "rosenfew",
        "analystEmail": "Wendy.Rosenfeld@moodys.com",
        "analystLocation": "New York - 7 World Trade Center",
        "approverID": null,
        "approverName": " ",
        "officeName": "Moody's Investors Service, Inc.",
        "documentExceptionListingInd": "",
        "announcementInd": "",
        "automaticRating": "Yes",
        "definitiveRatingPrevProvisional": "No",
        "indicativeRatingInd": "N",
        "definitiveRatingInd": null,
        "linkedAnotherActionInd": "No",
        "privateRatingActionInd": "N",
        "provisionalRatingInd": "N",
        "secondaryactionind": "No",
        "subsequentRatingInd": "N",
        "contactPersonId": null,
        "complianceType": "CAMS",
        "complianceID": "103388",
        "ratingShellId": null,
        "ratingShellDS": null,
        "workItemStatus": null,
        "workItemType": null,
        "workItemSubType": null,
        "workItemReleaseDtm": null,
        "pressReleaseId": null,
        "securityClassNm": null,
        "shadowCd": null,
        "pressReleaseType": null,
        "pyrRatingType": null,
        "pacrEmail": null,
        "pacr": null,
        "chairEmail": null,
        "chair": null,
        "addendum": null,
        "addendumEmail": null
    },
    {
        "sourceSystem": "ACCURATE",
        "orgId": null,
        "ratingActionDesc": "Compagnie de Financement Foncier, Obligations Foncieres",
        "ratingActionID": "3457019",
        "ratingActionName": "Compagnie de Financement Foncier, Obligations Foncieres",
        "ratingCommitteeDate": null,
        "ratingOffice": "50",
        "ratingReleaseDate": "2020-09-23 06:53:48.0",
        "releaseDate": "2020-09-23 06:54:14.203",
        "lobname": "SFG",
        "sublobname": "NR-Covered Bonds",
        "region": "Europe",
        "leadAnalystID": "2014",
        "leadAnalystName": "Anne-Sophie Spirito",
        "leadAnalystUniqueId": "spiritoa",
        "analystEmail": "Anne-Sophie.Spirito@Moodys.com",
        "analystLocation": "Paris - 96, boulevard Haussmann",
        "approverID": null,
        "approverName": " ",
        "officeName": "Moody's France SAS",
        "documentExceptionListingInd": "Y",
        "announcementInd": "",
        "automaticRating": "No",
        "definitiveRatingPrevProvisional": "No",
        "indicativeRatingInd": "N",
        "definitiveRatingInd": null,
        "linkedAnotherActionInd": "No",
        "privateRatingActionInd": "N",
        "provisionalRatingInd": "N",
        "secondaryactionind": "No",
        "subsequentRatingInd": "Y",
        "contactPersonId": null,
        "complianceType": "CAMS",
        "complianceID": "",
        "ratingShellId": null,
        "ratingShellDS": null,
        "workItemStatus": null,
        "workItemType": null,
        "workItemSubType": null,
        "workItemReleaseDtm": null,
        "pressReleaseId": null,
        "securityClassNm": null,
        "shadowCd": null,
        "pressReleaseType": null,
        "pyrRatingType": null,
        "pacrEmail": null,
        "pacr": null,
        "chairEmail": null,
        "chair": null,
        "addendum": null,
        "addendumEmail": null
    },
    {
        "sourceSystem": "ACCURATE",
        "orgId": null,
        "ratingActionDesc": "Garrett Motion Sarl",
        "ratingActionID": "3457064",
        "ratingActionName": "Garrett Motion Sarl",
        "ratingCommitteeDate": "2020-09-21 00:00:00.0",
        "ratingOffice": "41",
        "ratingReleaseDate": "2020-09-23 05:14:32.0",
        "releaseDate": "2020-09-23 05:14:44.303",
        "lobname": "CFG",
        "sublobname": "CFG Regional",
        "region": "Europe",
        "leadAnalystID": "7053",
        "leadAnalystName": "Matthias Heck",
        "leadAnalystUniqueId": "heckm",
        "analystEmail": "Matthias.Heck@moodys.com",
        "analystLocation": "Frankfurt - An der Welle 5",
        "approverID": "29017302",
        "approverName": "Matthias Heck",
        "officeName": "Moody's Deutschland GmbH",
        "documentExceptionListingInd": "",
        "announcementInd": "",
        "automaticRating": "No",
        "definitiveRatingPrevProvisional": "No",
        "indicativeRatingInd": "N",
        "definitiveRatingInd": null,
        "linkedAnotherActionInd": "No",
        "privateRatingActionInd": "N",
        "provisionalRatingInd": "N",
        "secondaryactionind": "No",
        "subsequentRatingInd": "N",
        "contactPersonId": null,
        "complianceType": "CAMS",
        "complianceID": "104783",
        "ratingShellId": null,
        "ratingShellDS": null,
        "workItemStatus": null,
        "workItemType": null,
        "workItemSubType": null,
        "workItemReleaseDtm": null,
        "pressReleaseId": null,
        "securityClassNm": null,
        "shadowCd": null,
        "pressReleaseType": null,
        "pyrRatingType": null,
        "pacrEmail": null,
        "pacr": null,
        "chairEmail": null,
        "chair": null,
        "addendum": null,
        "addendumEmail": null
    },
    {
        "sourceSystem": "ACCURATE",
        "orgId": null,
        "ratingActionDesc": "Kennametal Inc.",
        "ratingActionID": "3457109",
        "ratingActionName": "Kennametal Inc.",
        "ratingCommitteeDate": "2020-09-24 00:00:00.0",
        "ratingOffice": "51",
        "ratingReleaseDate": "2020-09-25 13:36:16.0",
        "releaseDate": "2020-09-25 13:36:20.923",
        "lobname": "CFG",
        "sublobname": "CFG_NY-2",
        "region": "U.S.A. & Canada",
        "leadAnalystID": "30817",
        "leadAnalystName": "Emile El Nems",
        "leadAnalystUniqueId": "elnemse",
        "analystEmail": "Emile.ElNems@moodys.com",
        "analystLocation": "New York - 7 World Trade Center",
        "approverID": "29039174",
        "approverName": "Emile El Nems",
        "officeName": "Moody's Investors Service, Inc.",
        "documentExceptionListingInd": "",
        "announcementInd": "",
        "automaticRating": "No",
        "definitiveRatingPrevProvisional": "No",
        "indicativeRatingInd": "N",
        "definitiveRatingInd": null,
        "linkedAnotherActionInd": "No",
        "privateRatingActionInd": "N",
        "provisionalRatingInd": "N",
        "secondaryactionind": "No",
        "subsequentRatingInd": "N",
        "contactPersonId": null,
        "complianceType": "CAMS",
        "complianceID": "104564",
        "ratingShellId": null,
        "ratingShellDS": null,
        "workItemStatus": null,
        "workItemType": null,
        "workItemSubType": null,
        "workItemReleaseDtm": null,
        "pressReleaseId": null,
        "securityClassNm": null,
        "shadowCd": null,
        "pressReleaseType": null,
        "pyrRatingType": null,
        "pacrEmail": "Dean.Diaz@moodys.com",
        "pacr": "Dean Diaz",
        "chairEmail": "Dean.Diaz@moodys.com",
        "chair": "Dean Diaz",
        "addendum": "Julia Wilson ",
        "addendumEmail": "WilsonJ2@moodys.com"
    },
    {
        "sourceSystem": "ACCURATE",
        "orgId": null,
        "ratingActionDesc": "Brookfield Finance Inc.",
        "ratingActionID": "3457189",
        "ratingActionName": "Brookfield Finance Inc.",
        "ratingCommitteeDate": null,
        "ratingOffice": "51",
        "ratingReleaseDate": "2020-09-23 17:29:51.0",
        "releaseDate": "2020-09-23 17:29:58.926",
        "lobname": "FIG",
        "sublobname": "Funds and Asset Mgmt",
        "region": "U.S.A. & Canada",
        "leadAnalystID": "6699",
        "leadAnalystName": "Neal Epstein",
        "leadAnalystUniqueId": "epsteinn",
        "analystEmail": "Neal.Epstein@moodys.com",
        "analystLocation": "New York - 7 World Trade Center",
        "approverID": null,
        "approverName": " ",
        "officeName": "Moody's Investors Service, Inc.",
        "documentExceptionListingInd": "Y",
        "announcementInd": "",
        "automaticRating": "Yes",
        "definitiveRatingPrevProvisional": "No",
        "indicativeRatingInd": "N",
        "definitiveRatingInd": null,
        "linkedAnotherActionInd": "No",
        "privateRatingActionInd": "N",
        "provisionalRatingInd": "N",
        "secondaryactionind": "No",
        "subsequentRatingInd": "Y",
        "contactPersonId": null,
        "complianceType": "CAMS",
        "complianceID": "",
        "ratingShellId": null,
        "ratingShellDS": null,
        "workItemStatus": null,
        "workItemType": null,
        "workItemSubType": null,
        "workItemReleaseDtm": null,
        "pressReleaseId": null,
        "securityClassNm": null,
        "shadowCd": null,
        "pressReleaseType": null,
        "pyrRatingType": null,
        "pacrEmail": null,
        "pacr": null,
        "chairEmail": null,
        "chair": null,
        "addendum": null,
        "addendumEmail": null
    },
    {
        "sourceSystem": "ACCURATE",
        "orgId": null,
        "ratingActionDesc": "Lojas Americanas S.A.",
        "ratingActionID": "3457257",
        "ratingActionName": "Lojas Americanas S.A.",
        "ratingCommitteeDate": "2020-09-21 00:00:00.0",
        "ratingOffice": "51",
        "ratingReleaseDate": "2020-09-23 11:49:24.0",
        "releaseDate": "2020-09-23 11:49:36.706",
        "lobname": "CFG",
        "sublobname": "CFG Regional",
        "region": "U.S.A. & Canada",
        "leadAnalystID": "7115",
        "leadAnalystName": "Erick Rodrigues",
        "leadAnalystUniqueId": "rodriger",
        "analystEmail": "Erick.Rodrigues@moodys.com",
        "analystLocation": "Sao Paulo - Avenida das Nacoes Unidas",
        "approverID": null,
        "approverName": " ",
        "officeName": "Moody's Investors Service, Inc.",
        "documentExceptionListingInd": "",
        "announcementInd": "",
        "automaticRating": "No",
        "definitiveRatingPrevProvisional": "No",
        "indicativeRatingInd": "N",
        "definitiveRatingInd": null,
        "linkedAnotherActionInd": "No",
        "privateRatingActionInd": "N",
        "provisionalRatingInd": "N",
        "secondaryactionind": "No",
        "subsequentRatingInd": "N",
        "contactPersonId": null,
        "complianceType": "CAMS",
        "complianceID": "104769",
        "ratingShellId": null,
        "ratingShellDS": null,
        "workItemStatus": null,
        "workItemType": null,
        "workItemSubType": null,
        "workItemReleaseDtm": null,
        "pressReleaseId": null,
        "securityClassNm": null,
        "shadowCd": null,
        "pressReleaseType": null,
        "pyrRatingType": null,
        "pacrEmail": "Marianna.Waltz@moodys.com",
        "pacr": "Marianna Waltz",
        "chairEmail": "Marianna.Waltz@moodys.com",
        "chair": "Marianna Waltz",
        "addendum": "Patricia Maniero ",
        "addendumEmail": "ManieroP@moodys.com"
    },
    {
        "sourceSystem": "ACCURATE",
        "orgId": null,
        "ratingActionDesc": "Tractor Supply Company",
        "ratingActionID": "3457265",
        "ratingActionName": "Tractor Supply Company",
        "ratingCommitteeDate": null,
        "ratingOffice": "51",
        "ratingReleaseDate": "2020-09-25 10:12:36.0",
        "releaseDate": "2020-09-25 10:12:39.783",
        "lobname": "CFG",
        "sublobname": "CFG_NY-3",
        "region": "U.S.A. & Canada",
        "leadAnalystID": "7655",
        "leadAnalystName": "Christina Boni",
        "leadAnalystUniqueId": "bonic",
        "analystEmail": "Christina.Boni@moodys.com",
        "analystLocation": "New York - 7 World Trade Center",
        "approverID": "29026679",
        "approverName": "Christina Boni",
        "officeName": "Moody's Investors Service, Inc.",
        "documentExceptionListingInd": "",
        "announcementInd": "",
        "automaticRating": "Yes",
        "definitiveRatingPrevProvisional": "No",
        "indicativeRatingInd": "Y",
        "definitiveRatingInd": null,
        "linkedAnotherActionInd": "No",
        "privateRatingActionInd": "Y",
        "provisionalRatingInd": "N",
        "secondaryactionind": "No",
        "subsequentRatingInd": "",
        "contactPersonId": null,
        "complianceType": "CAMS",
        "complianceID": "104528",
        "ratingShellId": null,
        "ratingShellDS": null,
        "workItemStatus": null,
        "workItemType": null,
        "workItemSubType": null,
        "workItemReleaseDtm": null,
        "pressReleaseId": null,
        "securityClassNm": null,
        "shadowCd": null,
        "pressReleaseType": null,
        "pyrRatingType": null,
        "pacrEmail": "Margaret.Taylor@moodys.com",
        "pacr": "Margaret Taylor",
        "chairEmail": "Margaret.Taylor@moodys.com",
        "chair": "Margaret Taylor",
        "addendum": "Austin Langer ",
        "addendumEmail": "LangerA@moodys.com"
    },
    {
        "sourceSystem": "ACCURATE",
        "orgId": null,
        "ratingActionDesc": "Santander Drive Auto Receivables Trust 2020-3",
        "ratingActionID": "3457334",
        "ratingActionName": "Santander Drive Auto Receivables Trust 2020-3",
        "ratingCommitteeDate": "2020-09-18 00:00:00.0",
        "ratingOffice": "71",
        "ratingReleaseDate": "2020-09-23 13:04:11.0",
        "releaseDate": "2020-09-23 13:04:19.543",
        "lobname": "SFG",
        "sublobname": "NR-COS-ABS",
        "region": "U.S.A. & Canada",
        "leadAnalystID": "7584",
        "leadAnalystName": "Simba Murahwi",
        "leadAnalystUniqueId": "murahwis",
        "analystEmail": "Simba.Murahwi@moodys.com",
        "analystLocation": "Toronto - 70 York Street",
        "approverID": null,
        "approverName": " ",
        "officeName": "Moody's Canada Inc.",
        "documentExceptionListingInd": "",
        "announcementInd": "",
        "automaticRating": "No",
        "definitiveRatingPrevProvisional": "No",
        "indicativeRatingInd": "N",
        "definitiveRatingInd": null,
        "linkedAnotherActionInd": "No",
        "privateRatingActionInd": "N",
        "provisionalRatingInd": "N",
        "secondaryactionind": "No",
        "subsequentRatingInd": "N",
        "contactPersonId": null,
        "complianceType": "CAMS",
        "complianceID": "103310",
        "ratingShellId": null,
        "ratingShellDS": null,
        "workItemStatus": null,
        "workItemType": null,
        "workItemSubType": null,
        "workItemReleaseDtm": null,
        "pressReleaseId": null,
        "securityClassNm": null,
        "shadowCd": null,
        "pressReleaseType": null,
        "pyrRatingType": null,
        "pacrEmail": null,
        "pacr": null,
        "chairEmail": null,
        "chair": null,
        "addendum": null,
        "addendumEmail": null
    },
    {
        "sourceSystem": "ACCURATE",
        "orgId": null,
        "ratingActionDesc": "American Residential Services L.L.C. (New)",
        "ratingActionID": "3457337",
        "ratingActionName": "American Residential Services L.L.C. (New)",
        "ratingCommitteeDate": "2020-09-22 00:00:00.0",
        "ratingOffice": "51",
        "ratingReleaseDate": "2020-09-23 18:21:17.0",
        "releaseDate": "2020-09-23 18:21:33.613",
        "lobname": "CFG",
        "sublobname": "CFG_NY-2",
        "region": "U.S.A. & Canada",
        "leadAnalystID": "30682",
        "leadAnalystName": "Scott Manduca",
        "leadAnalystUniqueId": "manducas",
        "analystEmail": "Scott.Manduca@moodys.com",
        "analystLocation": "New York - 7 World Trade Center",
        "approverID": "29046845",
        "approverName": "Scott Manduca",
        "officeName": "Moody's Investors Service, Inc.",
        "documentExceptionListingInd": "",
        "announcementInd": "",
        "automaticRating": "No",
        "definitiveRatingPrevProvisional": "No",
        "indicativeRatingInd": "N",
        "definitiveRatingInd": null,
        "linkedAnotherActionInd": "No",
        "privateRatingActionInd": "N",
        "provisionalRatingInd": "N",
        "secondaryactionind": "No",
        "subsequentRatingInd": "N",
        "contactPersonId": null,
        "complianceType": "CAMS",
        "complianceID": "104835",
        "ratingShellId": null,
        "ratingShellDS": null,
        "workItemStatus": null,
        "workItemType": null,
        "workItemSubType": null,
        "workItemReleaseDtm": null,
        "pressReleaseId": null,
        "securityClassNm": null,
        "shadowCd": null,
        "pressReleaseType": null,
        "pyrRatingType": null,
        "pacrEmail": "Dean.Diaz@moodys.com",
        "pacr": "Dean Diaz",
        "chairEmail": "Dean.Diaz@moodys.com",
        "chair": "Dean Diaz",
        "addendum": "Van Borges ",
        "addendumEmail": "BorgesV@moodys.com"
    },
    {
        "sourceSystem": "ACCURATE",
        "orgId": null,
        "ratingActionDesc": "Exeter Automobile Receivables Trust 2020-3",
        "ratingActionID": "3457380",
        "ratingActionName": "Exeter Automobile Receivables Trust 2020-3",
        "ratingCommitteeDate": "2020-09-21 00:00:00.0",
        "ratingOffice": "51",
        "ratingReleaseDate": "2020-09-23 12:59:21.0",
        "releaseDate": "2020-09-23 12:59:31.9",
        "lobname": "SFG",
        "sublobname": "NR-COS-ABS",
        "region": "U.S.A. & Canada",
        "leadAnalystID": "31172",
        "leadAnalystName": "Puloma Mukherjee",
        "leadAnalystUniqueId": "mukherpu",
        "analystEmail": "Puloma.Mukherjee@moodys.com",
        "analystLocation": "New York - 7 World Trade Center",
        "approverID": null,
        "approverName": " ",
        "officeName": "Moody's Investors Service, Inc.",
        "documentExceptionListingInd": "",
        "announcementInd": "",
        "automaticRating": "No",
        "definitiveRatingPrevProvisional": "No",
        "indicativeRatingInd": "N",
        "definitiveRatingInd": null,
        "linkedAnotherActionInd": "No",
        "privateRatingActionInd": "N",
        "provisionalRatingInd": "N",
        "secondaryactionind": "No",
        "subsequentRatingInd": "N",
        "contactPersonId": null,
        "complianceType": "CAMS",
        "complianceID": "102587",
        "ratingShellId": null,
        "ratingShellDS": null,
        "workItemStatus": null,
        "workItemType": null,
        "workItemSubType": null,
        "workItemReleaseDtm": null,
        "pressReleaseId": null,
        "securityClassNm": null,
        "shadowCd": null,
        "pressReleaseType": null,
        "pyrRatingType": null,
        "pacrEmail": null,
        "pacr": null,
        "chairEmail": null,
        "chair": null,
        "addendum": null,
        "addendumEmail": null
    },
    {
        "sourceSystem": "ACCURATE",
        "orgId": null,
        "ratingActionDesc": "Silver Arrow S.A., Compartment 11",
        "ratingActionID": "3457470",
        "ratingActionName": "Silver Arrow S.A., Compartment 11",
        "ratingCommitteeDate": null,
        "ratingOffice": "51",
        "ratingReleaseDate": "2020-09-25 08:34:03.0",
        "releaseDate": "2020-09-25 08:34:17.883",
        "lobname": null,
        "sublobname": null,
        "region": "U.S.A. & Canada",
        "leadAnalystID": "30000",
        "leadAnalystName": "Structured Finance Group Middle Office - US",
        "leadAnalystUniqueId": null,
        "analystEmail": null,
        "analystLocation": null,
        "approverID": null,
        "approverName": " ",
        "officeName": "Moody's Investors Service, Inc.",
        "documentExceptionListingInd": "Y",
        "announcementInd": "",
        "automaticRating": "Yes",
        "definitiveRatingPrevProvisional": "No",
        "indicativeRatingInd": "N",
        "definitiveRatingInd": null,
        "linkedAnotherActionInd": "No",
        "privateRatingActionInd": "Y",
        "provisionalRatingInd": "N",
        "secondaryactionind": "No",
        "subsequentRatingInd": "",
        "contactPersonId": null,
        "complianceType": "CAMS",
        "complianceID": "",
        "ratingShellId": null,
        "ratingShellDS": null,
        "workItemStatus": null,
        "workItemType": null,
        "workItemSubType": null,
        "workItemReleaseDtm": null,
        "pressReleaseId": null,
        "securityClassNm": null,
        "shadowCd": null,
        "pressReleaseType": null,
        "pyrRatingType": null,
        "pacrEmail": null,
        "pacr": null,
        "chairEmail": null,
        "chair": null,
        "addendum": null,
        "addendumEmail": null
    },
    {
        "sourceSystem": "ACCURATE",
        "orgId": null,
        "ratingActionDesc": "Svensk Hypotekspension Fond 4 AB",
        "ratingActionID": "3457508",
        "ratingActionName": "Svensk Hypotekspension Fond 4 AB",
        "ratingCommitteeDate": null,
        "ratingOffice": "51",
        "ratingReleaseDate": "2020-09-25 08:36:51.0",
        "releaseDate": "2020-09-25 08:37:05.196",
        "lobname": null,
        "sublobname": null,
        "region": "U.S.A. & Canada",
        "leadAnalystID": "30000",
        "leadAnalystName": "Structured Finance Group Middle Office - US",
        "leadAnalystUniqueId": null,
        "analystEmail": null,
        "analystLocation": null,
        "approverID": null,
        "approverName": " ",
        "officeName": "Moody's Investors Service, Inc.",
        "documentExceptionListingInd": "Y",
        "announcementInd": "",
        "automaticRating": "Yes",
        "definitiveRatingPrevProvisional": "No",
        "indicativeRatingInd": "N",
        "definitiveRatingInd": null,
        "linkedAnotherActionInd": "No",
        "privateRatingActionInd": "Y",
        "provisionalRatingInd": "N",
        "secondaryactionind": "No",
        "subsequentRatingInd": "",
        "contactPersonId": null,
        "complianceType": "CAMS",
        "complianceID": "",
        "ratingShellId": null,
        "ratingShellDS": null,
        "workItemStatus": null,
        "workItemType": null,
        "workItemSubType": null,
        "workItemReleaseDtm": null,
        "pressReleaseId": null,
        "securityClassNm": null,
        "shadowCd": null,
        "pressReleaseType": null,
        "pyrRatingType": null,
        "pacrEmail": null,
        "pacr": null,
        "chairEmail": null,
        "chair": null,
        "addendum": null,
        "addendumEmail": null
    },
    {
        "sourceSystem": "ACCURATE",
        "orgId": null,
        "ratingActionDesc": "Play Communications S.A.",
        "ratingActionID": "3457516",
        "ratingActionName": "Play Communications S.A.",
        "ratingCommitteeDate": "2020-09-21 00:00:00.0",
        "ratingOffice": "69",
        "ratingReleaseDate": "2020-09-23 10:56:13.503",
        "releaseDate": "2020-09-23 10:56:13.546",
        "lobname": "CFG",
        "sublobname": "CFG Regional",
        "region": "Europe",
        "leadAnalystID": "7210",
        "leadAnalystName": "Victor Garcia Capdevila",
        "leadAnalystUniqueId": "garciav",
        "analystEmail": "Victor.GarciaCapdevila@moodys.com",
        "analystLocation": "Madrid - Calle Principe de Vergara, 131",
        "approverID": "29010214",
        "approverName": "Victor Garcia Capdevila",
        "officeName": "Moody's Investors Service Espana, S.A.",
        "documentExceptionListingInd": "",
        "announcementInd": "",
        "automaticRating": "No",
        "definitiveRatingPrevProvisional": "No",
        "indicativeRatingInd": "N",
        "definitiveRatingInd": null,
        "linkedAnotherActionInd": "No",
        "privateRatingActionInd": "N",
        "provisionalRatingInd": "N",
        "secondaryactionind": "No",
        "subsequentRatingInd": "N",
        "contactPersonId": null,
        "complianceType": "CAMS",
        "complianceID": "104787",
        "ratingShellId": null,
        "ratingShellDS": null,
        "workItemStatus": null,
        "workItemType": null,
        "workItemSubType": null,
        "workItemReleaseDtm": null,
        "pressReleaseId": null,
        "securityClassNm": null,
        "shadowCd": null,
        "pressReleaseType": null,
        "pyrRatingType": null,
        "pacrEmail": "Ivan.Palacios@moodys.com",
        "pacr": "Ivan Palacios",
        "chairEmail": "Ivan.Palacios@moodys.com",
        "chair": "Ivan Palacios",
        "addendum": "Pilar Anduiza ",
        "addendumEmail": "HeraM@moodys.com"
    },
    {
        "sourceSystem": "ACCURATE",
        "orgId": null,
        "ratingActionDesc": "Qantas Airways Ltd.",
        "ratingActionID": "3457670",
        "ratingActionName": "Qantas Airways Ltd.",
        "ratingCommitteeDate": null,
        "ratingOffice": "53",
        "ratingReleaseDate": "2020-09-23 03:58:23.0",
        "releaseDate": "2020-09-23 03:58:31.136",
        "lobname": "CFG",
        "sublobname": "CFG Regional",
        "region": "Asia Pacific",
        "leadAnalystID": "7377",
        "leadAnalystName": "Ian Chitterer",
        "leadAnalystUniqueId": "chitteri",
        "analystEmail": "Ian.Chitterer@moodys.com",
        "analystLocation": "Sydney - 1 O'Connell Street",
        "approverID": null,
        "approverName": " ",
        "officeName": "Moody's Investors Service Pty. Ltd.",
        "documentExceptionListingInd": "Y",
        "announcementInd": "",
        "automaticRating": "Yes",
        "definitiveRatingPrevProvisional": "No",
        "indicativeRatingInd": "N",
        "definitiveRatingInd": null,
        "linkedAnotherActionInd": "No",
        "privateRatingActionInd": "N",
        "provisionalRatingInd": "N",
        "secondaryactionind": "No",
        "subsequentRatingInd": "Y",
        "contactPersonId": null,
        "complianceType": "CAMS",
        "complianceID": "",
        "ratingShellId": null,
        "ratingShellDS": null,
        "workItemStatus": null,
        "workItemType": null,
        "workItemSubType": null,
        "workItemReleaseDtm": null,
        "pressReleaseId": null,
        "securityClassNm": null,
        "shadowCd": null,
        "pressReleaseType": null,
        "pyrRatingType": null,
        "pacrEmail": null,
        "pacr": null,
        "chairEmail": null,
        "chair": null,
        "addendum": null,
        "addendumEmail": null
    },
    {
        "sourceSystem": "ACCURATE",
        "orgId": null,
        "ratingActionDesc": "Intesa Sanpaolo S.p.A.",
        "ratingActionID": "3457681",
        "ratingActionName": "Intesa Sanpaolo S.p.A.",
        "ratingCommitteeDate": null,
        "ratingOffice": "69",
        "ratingReleaseDate": "2020-09-23 10:54:31.0",
        "releaseDate": "2020-09-23 10:54:37.946",
        "lobname": "FIG",
        "sublobname": "Banking",
        "region": "Europe",
        "leadAnalystID": "6224",
        "leadAnalystName": "Maria Jose Mori",
        "leadAnalystUniqueId": "morimj",
        "analystEmail": "mariajose.mori@moodys.com",
        "analystLocation": "Madrid - Calle Principe de Vergara, 131",
        "approverID": null,
        "approverName": " ",
        "officeName": "Moody's Investors Service Espana, S.A.",
        "documentExceptionListingInd": "",
        "announcementInd": "",
        "automaticRating": "No",
        "definitiveRatingPrevProvisional": "No",
        "indicativeRatingInd": "N",
        "definitiveRatingInd": null,
        "linkedAnotherActionInd": "No",
        "privateRatingActionInd": "N",
        "provisionalRatingInd": "N",
        "secondaryactionind": "No",
        "subsequentRatingInd": "Y",
        "contactPersonId": null,
        "complianceType": "CAMS",
        "complianceID": "",
        "ratingShellId": null,
        "ratingShellDS": null,
        "workItemStatus": null,
        "workItemType": null,
        "workItemSubType": null,
        "workItemReleaseDtm": null,
        "pressReleaseId": null,
        "securityClassNm": null,
        "shadowCd": null,
        "pressReleaseType": null,
        "pyrRatingType": null,
        "pacrEmail": null,
        "pacr": null,
        "chairEmail": null,
        "chair": null,
        "addendum": null,
        "addendumEmail": null
    },
    {
        "sourceSystem": "ACCURATE",
        "orgId": null,
        "ratingActionDesc": "GS Finance Corp.",
        "ratingActionID": "3457730",
        "ratingActionName": "GS Finance Corp.",
        "ratingCommitteeDate": null,
        "ratingOffice": "51",
        "ratingReleaseDate": "2020-09-25 12:44:25.0",
        "releaseDate": "2020-09-25 12:44:56.006",
        "lobname": "FIG",
        "sublobname": "Banking",
        "region": "U.S.A. & Canada",
        "leadAnalystID": "467",
        "leadAnalystName": "David Fanger",
        "leadAnalystUniqueId": "fangerd",
        "analystEmail": "David.Fanger@moodys.com",
        "analystLocation": "New York - 7 World Trade Center",
        "approverID": null,
        "approverName": " ",
        "officeName": "Moody's Investors Service, Inc.",
        "documentExceptionListingInd": "",
        "announcementInd": "",
        "automaticRating": "Yes",
        "definitiveRatingPrevProvisional": "No",
        "indicativeRatingInd": "N",
        "definitiveRatingInd": null,
        "linkedAnotherActionInd": "No",
        "privateRatingActionInd": "N",
        "provisionalRatingInd": "N",
        "secondaryactionind": "No",
        "subsequentRatingInd": "",
        "contactPersonId": null,
        "complianceType": "CAMS",
        "complianceID": "",
        "ratingShellId": null,
        "ratingShellDS": null,
        "workItemStatus": null,
        "workItemType": null,
        "workItemSubType": null,
        "workItemReleaseDtm": null,
        "pressReleaseId": null,
        "securityClassNm": null,
        "shadowCd": null,
        "pressReleaseType": null,
        "pyrRatingType": null,
        "pacrEmail": null,
        "pacr": null,
        "chairEmail": null,
        "chair": null,
        "addendum": null,
        "addendumEmail": null
    },
    {
        "sourceSystem": "ACCURATE",
        "orgId": null,
        "ratingActionDesc": "Municipality Finance Plc - includes FTL",
        "ratingActionID": "3457736",
        "ratingActionName": "Municipality Finance Plc - includes FTL",
        "ratingCommitteeDate": "2020-09-21 00:00:00.0",
        "ratingOffice": "128",
        "ratingReleaseDate": "2020-09-23 17:51:38.0",
        "releaseDate": "2020-09-23 17:53:11.61",
        "lobname": "FIG",
        "sublobname": "Banking",
        "region": "Europe",
        "leadAnalystID": "7742",
        "leadAnalystName": "Erik Niclas Boheman",
        "leadAnalystUniqueId": "bohemane",
        "analystEmail": "Niclas.Boheman@moodys.com",
        "analystLocation": "Stockholm- Norrlandsgatan 20",
        "approverID": "29027982",
        "approverName": "Erik Niclas Boheman",
        "officeName": "Moody's Investors Service (Nordics) AB",
        "documentExceptionListingInd": "",
        "announcementInd": "",
        "automaticRating": "No",
        "definitiveRatingPrevProvisional": "No",
        "indicativeRatingInd": "N",
        "definitiveRatingInd": null,
        "linkedAnotherActionInd": "No",
        "privateRatingActionInd": "N",
        "provisionalRatingInd": "Y",
        "secondaryactionind": "No",
        "subsequentRatingInd": "N",
        "contactPersonId": null,
        "complianceType": "CAMS",
        "complianceID": "101145",
        "ratingShellId": null,
        "ratingShellDS": null,
        "workItemStatus": null,
        "workItemType": null,
        "workItemSubType": null,
        "workItemReleaseDtm": null,
        "pressReleaseId": null,
        "securityClassNm": null,
        "shadowCd": null,
        "pressReleaseType": null,
        "pyrRatingType": null,
        "pacrEmail": "Sean.Marion@moodys.com",
        "pacr": "Sean Marion",
        "chairEmail": "Simon.Ainsworth@moodys.com",
        "chair": "Simon Ainsworth",
        "addendum": "Malika Takhtayeva ",
        "addendumEmail": "TakhtayM@moodys.com"
    },
    {
        "sourceSystem": "ACCURATE",
        "orgId": null,
        "ratingActionDesc": "Terna - Rete Elettrica Nazionale S.p.A.",
        "ratingActionID": "3457759",
        "ratingActionName": "Terna - Rete Elettrica Nazionale S.p.A.",
        "ratingCommitteeDate": null,
        "ratingOffice": "50",
        "ratingReleaseDate": "2020-09-23 05:05:43.0",
        "releaseDate": "2020-09-23 05:05:54.956",
        "lobname": "PPIF",
        "sublobname": "Infrastructure Finance",
        "region": "Europe",
        "leadAnalystID": "30830",
        "leadAnalystName": "Benjamin Leyre",
        "leadAnalystUniqueId": "leyrep",
        "analystEmail": "Benjamin.Leyre@moodys.com",
        "analystLocation": "Paris - 96, boulevard Haussmann",
        "approverID": null,
        "approverName": " ",
        "officeName": "Moody's France SAS",
        "documentExceptionListingInd": "",
        "announcementInd": "",
        "automaticRating": "No",
        "definitiveRatingPrevProvisional": "No",
        "indicativeRatingInd": "N",
        "definitiveRatingInd": null,
        "linkedAnotherActionInd": "No",
        "privateRatingActionInd": "N",
        "provisionalRatingInd": "N",
        "secondaryactionind": "No",
        "subsequentRatingInd": "Y",
        "contactPersonId": null,
        "complianceType": "CAMS",
        "complianceID": "",
        "ratingShellId": null,
        "ratingShellDS": null,
        "workItemStatus": null,
        "workItemType": null,
        "workItemSubType": null,
        "workItemReleaseDtm": null,
        "pressReleaseId": null,
        "securityClassNm": null,
        "shadowCd": null,
        "pressReleaseType": null,
        "pyrRatingType": null,
        "pacrEmail": null,
        "pacr": null,
        "chairEmail": null,
        "chair": null,
        "addendum": null,
        "addendumEmail": null
    },
    {
        "sourceSystem": "ACCURATE",
        "orgId": null,
        "ratingActionDesc": "Babar Bidco SAS",
        "ratingActionID": "3457816",
        "ratingActionName": "Babar Bidco SAS",
        "ratingCommitteeDate": "2020-09-22 00:00:00.0",
        "ratingOffice": "69",
        "ratingReleaseDate": "2020-09-23 05:40:07.906",
        "releaseDate": "2020-09-23 05:40:07.973",
        "lobname": "CFG",
        "sublobname": "CFG Regional",
        "region": "Europe",
        "leadAnalystID": "7210",
        "leadAnalystName": "Victor Garcia Capdevila",
        "leadAnalystUniqueId": "garciav",
        "analystEmail": "Victor.GarciaCapdevila@moodys.com",
        "analystLocation": "Madrid - Calle Principe de Vergara, 131",
        "approverID": "29010214",
        "approverName": "Victor Garcia Capdevila",
        "officeName": "Moody's Investors Service Espana, S.A.",
        "documentExceptionListingInd": "",
        "announcementInd": "",
        "automaticRating": "No",
        "definitiveRatingPrevProvisional": "No",
        "indicativeRatingInd": "N",
        "definitiveRatingInd": null,
        "linkedAnotherActionInd": "No",
        "privateRatingActionInd": "N",
        "provisionalRatingInd": "N",
        "secondaryactionind": "No",
        "subsequentRatingInd": "N",
        "contactPersonId": null,
        "complianceType": "CAMS",
        "complianceID": "104487",
        "ratingShellId": null,
        "ratingShellDS": null,
        "workItemStatus": null,
        "workItemType": null,
        "workItemSubType": null,
        "workItemReleaseDtm": null,
        "pressReleaseId": null,
        "securityClassNm": null,
        "shadowCd": null,
        "pressReleaseType": null,
        "pyrRatingType": null,
        "pacrEmail": "Ivan.Palacios@moodys.com",
        "pacr": "Ivan Palacios",
        "chairEmail": "Ivan.Palacios@moodys.com",
        "chair": "Ivan Palacios",
        "addendum": "Fernando Galeote Arribas ",
        "addendumEmail": "ArribasF@moodys.com"
    },
    {
        "sourceSystem": "ACCURATE",
        "orgId": null,
        "ratingActionDesc": "Quebecor Media, Inc.",
        "ratingActionID": "3457841",
        "ratingActionName": "Quebecor Media, Inc.",
        "ratingCommitteeDate": "2020-09-24 00:00:00.0",
        "ratingOffice": "71",
        "ratingReleaseDate": "2020-09-24 16:58:42.0",
        "releaseDate": "2020-09-24 16:58:50.186",
        "lobname": "CFG",
        "sublobname": "CFG Regional",
        "region": "U.S.A. & Canada",
        "leadAnalystID": "6955",
        "leadAnalystName": "Peter Adu",
        "leadAnalystUniqueId": "adup",
        "analystEmail": "Peter.Adu@moodys.com",
        "analystLocation": "Toronto - 70 York Street",
        "approverID": "29000376",
        "approverName": "Peter Adu",
        "officeName": "Moody's Canada Inc.",
        "documentExceptionListingInd": "",
        "announcementInd": "",
        "automaticRating": "No",
        "definitiveRatingPrevProvisional": "No",
        "indicativeRatingInd": "N",
        "definitiveRatingInd": null,
        "linkedAnotherActionInd": "No",
        "privateRatingActionInd": "N",
        "provisionalRatingInd": "N",
        "secondaryactionind": "No",
        "subsequentRatingInd": "N",
        "contactPersonId": null,
        "complianceType": "CAMS",
        "complianceID": "104299",
        "ratingShellId": null,
        "ratingShellDS": null,
        "workItemStatus": null,
        "workItemType": null,
        "workItemSubType": null,
        "workItemReleaseDtm": null,
        "pressReleaseId": null,
        "securityClassNm": null,
        "shadowCd": null,
        "pressReleaseType": null,
        "pyrRatingType": null,
        "pacrEmail": "Donald.Carter@moodys.com",
        "pacr": "Don Carter",
        "chairEmail": "Donald.Carter@moodys.com",
        "chair": "Don Carter",
        "addendum": "Rohan Bhargava ",
        "addendumEmail": "BhargavR@moodys.com"
    },
    {
        "sourceSystem": "ACCURATE",
        "orgId": null,
        "ratingActionDesc": "QualityTech, L.P.",
        "ratingActionID": "3457921",
        "ratingActionName": "QualityTech, L.P.",
        "ratingCommitteeDate": null,
        "ratingOffice": "51",
        "ratingReleaseDate": "2020-09-23 11:32:30.0",
        "releaseDate": "2020-09-23 11:32:37.47",
        "lobname": "CFG",
        "sublobname": "CFG_NY-3",
        "region": "U.S.A. & Canada",
        "leadAnalystID": "2074",
        "leadAnalystName": "Thuy Nguyen",
        "leadAnalystUniqueId": "nguyent",
        "analystEmail": "Thuy.Nguyen@moodys.com",
        "analystLocation": "New York - 7 World Trade Center",
        "approverID": null,
        "approverName": " ",
        "officeName": "Moody's Investors Service, Inc.",
        "documentExceptionListingInd": "Y",
        "announcementInd": "",
        "automaticRating": "Yes",
        "definitiveRatingPrevProvisional": "No",
        "indicativeRatingInd": "N",
        "definitiveRatingInd": null,
        "linkedAnotherActionInd": "No",
        "privateRatingActionInd": "N",
        "provisionalRatingInd": "N",
        "secondaryactionind": "No",
        "subsequentRatingInd": "Y",
        "contactPersonId": null,
        "complianceType": "CAMS",
        "complianceID": "",
        "ratingShellId": null,
        "ratingShellDS": null,
        "workItemStatus": null,
        "workItemType": null,
        "workItemSubType": null,
        "workItemReleaseDtm": null,
        "pressReleaseId": null,
        "securityClassNm": null,
        "shadowCd": null,
        "pressReleaseType": null,
        "pyrRatingType": null,
        "pacrEmail": null,
        "pacr": null,
        "chairEmail": null,
        "chair": null,
        "addendum": null,
        "addendumEmail": null
    },
    {
        "sourceSystem": "ACCURATE",
        "orgId": null,
        "ratingActionDesc": "Automotores Gildemeister S.A.",
        "ratingActionID": "3458014",
        "ratingActionName": "Automotores Gildemeister S.A.",
        "ratingCommitteeDate": "2020-09-23 00:00:00.0",
        "ratingOffice": "51",
        "ratingReleaseDate": "2020-09-24 13:06:12.0",
        "releaseDate": "2020-09-24 13:06:17.8",
        "lobname": "CFG",
        "sublobname": "CFG Regional",
        "region": "U.S.A. & Canada",
        "leadAnalystID": "7181",
        "leadAnalystName": "Maria Gallardo Barreyro",
        "leadAnalystUniqueId": "barreyrm",
        "analystEmail": "Martina.GallardoBarreyro@moodys.com",
        "analystLocation": "Buenos Aires - Ing. Butty 240",
        "approverID": "29019413",
        "approverName": "Maria Gallardo Barreyro",
        "officeName": "Moody's Investors Service, Inc.",
        "documentExceptionListingInd": "",
        "announcementInd": "",
        "automaticRating": "No",
        "definitiveRatingPrevProvisional": "No",
        "indicativeRatingInd": "N",
        "definitiveRatingInd": null,
        "linkedAnotherActionInd": "No",
        "privateRatingActionInd": "N",
        "provisionalRatingInd": "N",
        "secondaryactionind": "No",
        "subsequentRatingInd": "N",
        "contactPersonId": null,
        "complianceType": "CAMS",
        "complianceID": "104215",
        "ratingShellId": null,
        "ratingShellDS": null,
        "workItemStatus": null,
        "workItemType": null,
        "workItemSubType": null,
        "workItemReleaseDtm": null,
        "pressReleaseId": null,
        "securityClassNm": null,
        "shadowCd": null,
        "pressReleaseType": null,
        "pyrRatingType": null,
        "pacrEmail": "Marianna.Waltz@moodys.com",
        "pacr": "Marianna Waltz",
        "chairEmail": "Marianna.Waltz@moodys.com",
        "chair": "Marianna Waltz",
        "addendum": "Jose Molino ",
        "addendumEmail": "MolinoJ@moodys.com"
    },
    {
        "sourceSystem": "ACCURATE",
        "orgId": null,
        "ratingActionDesc": "Eika Boligkreditt AS - Mortgage Covered Bonds",
        "ratingActionID": "3458018",
        "ratingActionName": "Eika Boligkreditt AS - Mortgage Covered Bonds",
        "ratingCommitteeDate": null,
        "ratingOffice": "52",
        "ratingReleaseDate": "2020-09-23 08:32:04.0",
        "releaseDate": "2020-09-23 08:32:28.63",
        "lobname": "SFG",
        "sublobname": "NR-Covered Bonds",
        "region": "Europe",
        "leadAnalystID": "2341",
        "leadAnalystName": "Martin Rast",
        "leadAnalystUniqueId": "rastm",
        "analystEmail": "Martin.Rast@moodys.com",
        "analystLocation": "London - One Canada Square",
        "approverID": null,
        "approverName": " ",
        "officeName": "Moody's Investors Service Ltd.",
        "documentExceptionListingInd": "Y",
        "announcementInd": "",
        "automaticRating": "No",
        "definitiveRatingPrevProvisional": "No",
        "indicativeRatingInd": "N",
        "definitiveRatingInd": null,
        "linkedAnotherActionInd": "No",
        "privateRatingActionInd": "N",
        "provisionalRatingInd": "N",
        "secondaryactionind": "No",
        "subsequentRatingInd": "Y",
        "contactPersonId": null,
        "complianceType": "CAMS",
        "complianceID": "",
        "ratingShellId": null,
        "ratingShellDS": null,
        "workItemStatus": null,
        "workItemType": null,
        "workItemSubType": null,
        "workItemReleaseDtm": null,
        "pressReleaseId": null,
        "securityClassNm": null,
        "shadowCd": null,
        "pressReleaseType": null,
        "pyrRatingType": null,
        "pacrEmail": null,
        "pacr": null,
        "chairEmail": null,
        "chair": null,
        "addendum": null,
        "addendumEmail": null
    },
    {
        "sourceSystem": "ACCURATE",
        "orgId": null,
        "ratingActionDesc": "Gibson Energy Inc.",
        "ratingActionID": "3458021",
        "ratingActionName": "Gibson Energy Inc.",
        "ratingCommitteeDate": "2020-09-23 00:00:00.0",
        "ratingOffice": "71",
        "ratingReleaseDate": "2020-09-24 17:23:15.0",
        "releaseDate": "2020-09-24 17:23:24.396",
        "lobname": "CFG",
        "sublobname": "CFG Regional",
        "region": "U.S.A. & Canada",
        "leadAnalystID": "7167",
        "leadAnalystName": "Paresh Chari",
        "leadAnalystUniqueId": "charip",
        "analystEmail": "Paresh.Chari@moodys.com",
        "analystLocation": "Toronto - 70 York Street",
        "approverID": "29011922",
        "approverName": "Paresh Chari",
        "officeName": "Moody's Canada Inc.",
        "documentExceptionListingInd": "",
        "announcementInd": "",
        "automaticRating": "No",
        "definitiveRatingPrevProvisional": "No",
        "indicativeRatingInd": "N",
        "definitiveRatingInd": null,
        "linkedAnotherActionInd": "No",
        "privateRatingActionInd": "N",
        "provisionalRatingInd": "N",
        "secondaryactionind": "No",
        "subsequentRatingInd": "N",
        "contactPersonId": null,
        "complianceType": "CAMS",
        "complianceID": "104519",
        "ratingShellId": null,
        "ratingShellDS": null,
        "workItemStatus": null,
        "workItemType": null,
        "workItemSubType": null,
        "workItemReleaseDtm": null,
        "pressReleaseId": null,
        "securityClassNm": null,
        "shadowCd": null,
        "pressReleaseType": null,
        "pyrRatingType": null,
        "pacrEmail": "Donald.Carter@moodys.com",
        "pacr": "Don Carter",
        "chairEmail": "Donald.Carter@moodys.com",
        "chair": "Don Carter",
        "addendum": "Sumaiya Ahsin ",
        "addendumEmail": "AhsinS@moodys.com"
    },
    {
        "sourceSystem": "ACCURATE",
        "orgId": null,
        "ratingActionDesc": "Exantas Capital Corp 2020-RSO9, Ltd",
        "ratingActionID": "3458031",
        "ratingActionName": "Exantas Capital Corp 2020-RSO9, Ltd",
        "ratingCommitteeDate": null,
        "ratingOffice": "51",
        "ratingReleaseDate": "2020-09-23 14:58:00.0",
        "releaseDate": "2020-09-23 14:58:17.916",
        "lobname": "SFG",
        "sublobname": "Surv-CRE-CMBS",
        "region": "U.S.A. & Canada",
        "leadAnalystID": "30863",
        "leadAnalystName": "David Kim",
        "leadAnalystUniqueId": "kimd1",
        "analystEmail": "David.Kim@moodys.com",
        "analystLocation": "New York - 7 World Trade Center",
        "approverID": null,
        "approverName": " ",
        "officeName": "Moody's Investors Service, Inc.",
        "documentExceptionListingInd": "",
        "announcementInd": "",
        "automaticRating": "Yes",
        "definitiveRatingPrevProvisional": "No",
        "indicativeRatingInd": "N",
        "definitiveRatingInd": null,
        "linkedAnotherActionInd": "No",
        "privateRatingActionInd": "N",
        "provisionalRatingInd": "N",
        "secondaryactionind": "No",
        "subsequentRatingInd": "N",
        "contactPersonId": null,
        "complianceType": "CAMS",
        "complianceID": "",
        "ratingShellId": null,
        "ratingShellDS": null,
        "workItemStatus": null,
        "workItemType": null,
        "workItemSubType": null,
        "workItemReleaseDtm": null,
        "pressReleaseId": null,
        "securityClassNm": null,
        "shadowCd": null,
        "pressReleaseType": null,
        "pyrRatingType": null,
        "pacrEmail": null,
        "pacr": null,
        "chairEmail": null,
        "chair": null,
        "addendum": null,
        "addendumEmail": null
    },
    {
        "sourceSystem": "ACCURATE",
        "orgId": null,
        "ratingActionDesc": "Moda Ingleside Energy Center, LLC",
        "ratingActionID": "3458099",
        "ratingActionName": "Moda Ingleside Energy Center, LLC",
        "ratingCommitteeDate": "2020-09-24 00:00:00.0",
        "ratingOffice": "51",
        "ratingReleaseDate": "2020-09-24 17:31:06.0",
        "releaseDate": "2020-09-24 17:31:12.903",
        "lobname": "CFG",
        "sublobname": "CFG_NY-2",
        "region": "U.S.A. & Canada",
        "leadAnalystID": "6533",
        "leadAnalystName": "Arvinder Saluja",
        "leadAnalystUniqueId": "salujaa",
        "analystEmail": "Arvinder.Saluja@moodys.com",
        "analystLocation": "New York - 7 World Trade Center",
        "approverID": "29001610",
        "approverName": "Arvinder Saluja",
        "officeName": "Moody's Investors Service, Inc.",
        "documentExceptionListingInd": "",
        "announcementInd": "",
        "automaticRating": "No",
        "definitiveRatingPrevProvisional": "No",
        "indicativeRatingInd": "N",
        "definitiveRatingInd": null,
        "linkedAnotherActionInd": "No",
        "privateRatingActionInd": "N",
        "provisionalRatingInd": "N",
        "secondaryactionind": "No",
        "subsequentRatingInd": "N",
        "contactPersonId": null,
        "complianceType": "CAMS",
        "complianceID": "104623",
        "ratingShellId": null,
        "ratingShellDS": null,
        "workItemStatus": null,
        "workItemType": null,
        "workItemSubType": null,
        "workItemReleaseDtm": null,
        "pressReleaseId": null,
        "securityClassNm": null,
        "shadowCd": null,
        "pressReleaseType": null,
        "pyrRatingType": null,
        "pacrEmail": "Steven.Wood@moodys.com",
        "pacr": "Steve Wood",
        "chairEmail": "Elena.Nadtotchi@moodys.com",
        "chair": "Elena Nadtotchi",
        "addendum": "Winnie Chu ",
        "addendumEmail": "ChuW@moodys.com"
    },
    {
        "sourceSystem": "ACCURATE",
        "orgId": null,
        "ratingActionDesc": "Lakeland Tours, LLC",
        "ratingActionID": "3458185",
        "ratingActionName": "Lakeland Tours, LLC",
        "ratingCommitteeDate": "2020-09-23 00:00:00.0",
        "ratingOffice": "51",
        "ratingReleaseDate": "2020-09-24 18:49:29.0",
        "releaseDate": "2020-09-24 18:49:55.56",
        "lobname": "CFG",
        "sublobname": "CFG_NY-4",
        "region": "U.S.A. & Canada",
        "leadAnalystID": "31381",
        "leadAnalystName": "Farah Zakir",
        "leadAnalystUniqueId": "zakirf",
        "analystEmail": "Farah.Zakir@moodys.com",
        "analystLocation": "New York - 7 World Trade Center",
        "approverID": "29046693",
        "approverName": "Farah Zakir",
        "officeName": "Moody's Investors Service, Inc.",
        "documentExceptionListingInd": "",
        "announcementInd": "",
        "automaticRating": "No",
        "definitiveRatingPrevProvisional": "No",
        "indicativeRatingInd": "N",
        "definitiveRatingInd": null,
        "linkedAnotherActionInd": "No",
        "privateRatingActionInd": "N",
        "provisionalRatingInd": "N",
        "secondaryactionind": "No",
        "subsequentRatingInd": "N",
        "contactPersonId": null,
        "complianceType": "CAMS",
        "complianceID": "104741",
        "ratingShellId": null,
        "ratingShellDS": null,
        "workItemStatus": null,
        "workItemType": null,
        "workItemSubType": null,
        "workItemReleaseDtm": null,
        "pressReleaseId": null,
        "securityClassNm": null,
        "shadowCd": null,
        "pressReleaseType": null,
        "pyrRatingType": null,
        "pacrEmail": "Karen.Nickerson@moodys.com",
        "pacr": "Karen Nickerson",
        "chairEmail": "Karen.Nickerson@moodys.com",
        "chair": "Karen Nickerson",
        "addendum": "Michael Cherry ",
        "addendumEmail": "CherryM@moodys.com"
    },
    {
        "sourceSystem": "ACCURATE",
        "orgId": null,
        "ratingActionDesc": "Spirit Aerosystems, Inc.",
        "ratingActionID": "3458198",
        "ratingActionName": "Spirit Aerosystems, Inc.",
        "ratingCommitteeDate": "2020-09-24 00:00:00.0",
        "ratingOffice": "51",
        "ratingReleaseDate": "2020-09-24 15:37:17.0",
        "releaseDate": "2020-09-24 15:37:28.003",
        "lobname": "CFG",
        "sublobname": "CFG_NY-1",
        "region": "U.S.A. & Canada",
        "leadAnalystID": "7169",
        "leadAnalystName": "Eoin Roche",
        "leadAnalystUniqueId": "rochee",
        "analystEmail": "Eoin.Roche@moodys.com",
        "analystLocation": "New York - 7 World Trade Center",
        "approverID": "29019288",
        "approverName": "Eoin Roche",
        "officeName": "Moody's Investors Service, Inc.",
        "documentExceptionListingInd": "",
        "announcementInd": "",
        "automaticRating": "No",
        "definitiveRatingPrevProvisional": "No",
        "indicativeRatingInd": "N",
        "definitiveRatingInd": null,
        "linkedAnotherActionInd": "No",
        "privateRatingActionInd": "N",
        "provisionalRatingInd": "N",
        "secondaryactionind": "No",
        "subsequentRatingInd": "N",
        "contactPersonId": null,
        "complianceType": "CAMS",
        "complianceID": "104618",
        "ratingShellId": null,
        "ratingShellDS": null,
        "workItemStatus": null,
        "workItemType": null,
        "workItemSubType": null,
        "workItemReleaseDtm": null,
        "pressReleaseId": null,
        "securityClassNm": null,
        "shadowCd": null,
        "pressReleaseType": null,
        "pyrRatingType": null,
        "pacrEmail": "Russell.Solomon@moodys.com",
        "pacr": "Russell Solomon",
        "chairEmail": "Russell.Solomon@moodys.com",
        "chair": "Russell Solomon",
        "addendum": "Sabrina Liebert ",
        "addendumEmail": "LiebertS@moodys.com"
    },
    {
        "sourceSystem": "ACCURATE",
        "orgId": null,
        "ratingActionDesc": "Dell Equipment Finance Trust 2020-2",
        "ratingActionID": "3458245",
        "ratingActionName": "Dell Equipment Finance Trust 2020-2",
        "ratingCommitteeDate": null,
        "ratingOffice": "51",
        "ratingReleaseDate": "2020-09-23 18:49:54.0",
        "releaseDate": "2020-09-23 18:50:13.06",
        "lobname": "SFG",
        "sublobname": "NR-COR-ABS",
        "region": "U.S.A. & Canada",
        "leadAnalystID": "7722",
        "leadAnalystName": "Gideon Lubin",
        "leadAnalystUniqueId": "lubing",
        "analystEmail": "Gideon.Lubin@moodys.com",
        "analystLocation": "New York - 7 World Trade Center",
        "approverID": null,
        "approverName": " ",
        "officeName": "Moody's Investors Service, Inc.",
        "documentExceptionListingInd": "",
        "announcementInd": "",
        "automaticRating": "Yes",
        "definitiveRatingPrevProvisional": "No",
        "indicativeRatingInd": "N",
        "definitiveRatingInd": null,
        "linkedAnotherActionInd": "No",
        "privateRatingActionInd": "N",
        "provisionalRatingInd": "N",
        "secondaryactionind": "No",
        "subsequentRatingInd": "Y",
        "contactPersonId": null,
        "complianceType": "CAMS",
        "complianceID": "",
        "ratingShellId": null,
        "ratingShellDS": null,
        "workItemStatus": null,
        "workItemType": null,
        "workItemSubType": null,
        "workItemReleaseDtm": null,
        "pressReleaseId": null,
        "securityClassNm": null,
        "shadowCd": null,
        "pressReleaseType": null,
        "pyrRatingType": null,
        "pacrEmail": null,
        "pacr": null,
        "chairEmail": null,
        "chair": null,
        "addendum": null,
        "addendumEmail": null
    },
    {
        "sourceSystem": "ACCURATE",
        "orgId": null,
        "ratingActionDesc": "CBAM 2017-4 (Secured Note) LLC",
        "ratingActionID": "3458260",
        "ratingActionName": "CBAM 2017-4 (Secured Note) LLC",
        "ratingCommitteeDate": "2020-09-18 00:00:00.0",
        "ratingOffice": "51",
        "ratingReleaseDate": "2020-09-23 19:13:56.0",
        "releaseDate": "2020-09-23 19:14:03.75",
        "lobname": "SFG",
        "sublobname": "Surv-COR-SC",
        "region": "U.S.A. & Canada",
        "leadAnalystID": "7724",
        "leadAnalystName": "Sam Spackman",
        "leadAnalystUniqueId": "spackmas",
        "analystEmail": "Sam.Spackman@moodys.com",
        "analystLocation": "New York - 7 World Trade Center",
        "approverID": null,
        "approverName": " ",
        "officeName": "Moody's Investors Service, Inc.",
        "documentExceptionListingInd": "",
        "announcementInd": "",
        "automaticRating": "No",
        "definitiveRatingPrevProvisional": "No",
        "indicativeRatingInd": "N",
        "definitiveRatingInd": null,
        "linkedAnotherActionInd": "No",
        "privateRatingActionInd": "N",
        "provisionalRatingInd": "N",
        "secondaryactionind": "No",
        "subsequentRatingInd": "N",
        "contactPersonId": null,
        "complianceType": "CAMS",
        "complianceID": "104630",
        "ratingShellId": null,
        "ratingShellDS": null,
        "workItemStatus": null,
        "workItemType": null,
        "workItemSubType": null,
        "workItemReleaseDtm": null,
        "pressReleaseId": null,
        "securityClassNm": null,
        "shadowCd": null,
        "pressReleaseType": null,
        "pyrRatingType": null,
        "pacrEmail": null,
        "pacr": null,
        "chairEmail": null,
        "chair": null,
        "addendum": "Sam Spackman ",
        "addendumEmail": "SpackmaS@moodys.com"
    },
    {
        "sourceSystem": "ACCURATE",
        "orgId": null,
        "ratingActionDesc": "BX Commercial Mortgage Trust 2020-VIV3",
        "ratingActionID": "3458284",
        "ratingActionName": "BX Commercial Mortgage Trust 2020-VIV3",
        "ratingCommitteeDate": null,
        "ratingOffice": "51",
        "ratingReleaseDate": "2020-09-24 15:49:31.0",
        "releaseDate": "2020-09-24 15:49:47.503",
        "lobname": "SFG",
        "sublobname": "NR-COR-CMBS",
        "region": "U.S.A. & Canada",
        "leadAnalystID": "7574",
        "leadAnalystName": "Joseph Podvarney",
        "leadAnalystUniqueId": "podvarnj",
        "analystEmail": "Joseph.Podvarney@moodys.com",
        "analystLocation": "New York - 7 World Trade Center",
        "approverID": null,
        "approverName": " ",
        "officeName": "Moody's Investors Service, Inc.",
        "documentExceptionListingInd": "",
        "announcementInd": "",
        "automaticRating": "Yes",
        "definitiveRatingPrevProvisional": "No",
        "indicativeRatingInd": "N",
        "definitiveRatingInd": null,
        "linkedAnotherActionInd": "No",
        "privateRatingActionInd": "N",
        "provisionalRatingInd": "N",
        "secondaryactionind": "No",
        "subsequentRatingInd": "Y",
        "contactPersonId": null,
        "complianceType": "CAMS",
        "complianceID": "",
        "ratingShellId": null,
        "ratingShellDS": null,
        "workItemStatus": null,
        "workItemType": null,
        "workItemSubType": null,
        "workItemReleaseDtm": null,
        "pressReleaseId": null,
        "securityClassNm": null,
        "shadowCd": null,
        "pressReleaseType": null,
        "pyrRatingType": null,
        "pacrEmail": null,
        "pacr": null,
        "chairEmail": null,
        "chair": null,
        "addendum": null,
        "addendumEmail": null
    },
    {
        "sourceSystem": "ACCURATE",
        "orgId": null,
        "ratingActionDesc": "Dycom Industries, Inc.",
        "ratingActionID": "3458286",
        "ratingActionName": "Dycom Industries, Inc.",
        "ratingCommitteeDate": "2020-09-24 00:00:00.0",
        "ratingOffice": "51",
        "ratingReleaseDate": "2020-09-25 11:47:21.0",
        "releaseDate": "2020-09-25 11:47:27.05",
        "lobname": "CFG",
        "sublobname": "CFG_NY-2",
        "region": "U.S.A. & Canada",
        "leadAnalystID": "6905",
        "leadAnalystName": "Michael Corelli",
        "leadAnalystUniqueId": "corellim",
        "analystEmail": "Michael.Corelli@moodys.com",
        "analystLocation": "New York - 7 World Trade Center",
        "approverID": "29015393",
        "approverName": "Michael Corelli",
        "officeName": "Moody's Investors Service, Inc.",
        "documentExceptionListingInd": "",
        "announcementInd": "",
        "automaticRating": "No",
        "definitiveRatingPrevProvisional": "No",
        "indicativeRatingInd": "N",
        "definitiveRatingInd": null,
        "linkedAnotherActionInd": "No",
        "privateRatingActionInd": "N",
        "provisionalRatingInd": "N",
        "secondaryactionind": "No",
        "subsequentRatingInd": "N",
        "contactPersonId": null,
        "complianceType": "CAMS",
        "complianceID": "104824",
        "ratingShellId": null,
        "ratingShellDS": null,
        "workItemStatus": null,
        "workItemType": null,
        "workItemSubType": null,
        "workItemReleaseDtm": null,
        "pressReleaseId": null,
        "securityClassNm": null,
        "shadowCd": null,
        "pressReleaseType": null,
        "pyrRatingType": null,
        "pacrEmail": "Glenn.Eckert@moodys.com",
        "pacr": "Glenn Eckert",
        "chairEmail": "Glenn.Eckert@moodys.com",
        "chair": "Glenn Eckert",
        "addendum": "Joe Tringali ",
        "addendumEmail": "TringaJ@moodys.com"
    },
    {
        "sourceSystem": "ACCURATE",
        "orgId": null,
        "ratingActionDesc": "Allen Media, LLC",
        "ratingActionID": "3458319",
        "ratingActionName": "Allen Media, LLC",
        "ratingCommitteeDate": "2020-09-23 00:00:00.0",
        "ratingOffice": "51",
        "ratingReleaseDate": "2020-09-23 22:52:33.0",
        "releaseDate": "2020-09-23 22:52:41.36",
        "lobname": "CFG",
        "sublobname": "CFG_NY-4",
        "region": "U.S.A. & Canada",
        "leadAnalystID": "2600",
        "leadAnalystName": "Jason Cuomo",
        "leadAnalystUniqueId": "cuomoj",
        "analystEmail": "Jason.Cuomo@moodys.com",
        "analystLocation": "New York - 7 World Trade Center",
        "approverID": "29004064",
        "approverName": "Jason Cuomo",
        "officeName": "Moody's Investors Service, Inc.",
        "documentExceptionListingInd": "",
        "announcementInd": "",
        "automaticRating": "No",
        "definitiveRatingPrevProvisional": "No",
        "indicativeRatingInd": "N",
        "definitiveRatingInd": null,
        "linkedAnotherActionInd": "No",
        "privateRatingActionInd": "N",
        "provisionalRatingInd": "N",
        "secondaryactionind": "No",
        "subsequentRatingInd": "N",
        "contactPersonId": null,
        "complianceType": "CAMS",
        "complianceID": "104023",
        "ratingShellId": null,
        "ratingShellDS": null,
        "workItemStatus": null,
        "workItemType": null,
        "workItemSubType": null,
        "workItemReleaseDtm": null,
        "pressReleaseId": null,
        "securityClassNm": null,
        "shadowCd": null,
        "pressReleaseType": null,
        "pyrRatingType": null,
        "pacrEmail": "Lenny.Ajzenman@moodys.com",
        "pacr": "Lenny Ajzenman",
        "chairEmail": "Lenny.Ajzenman@moodys.com",
        "chair": "Lenny Ajzenman",
        "addendum": "Lidia Motorozesku ",
        "addendumEmail": "MotorozL@moodys.com"
    },
    {
        "sourceSystem": "ACCURATE",
        "orgId": null,
        "ratingActionDesc": "CEC Entertainment, Inc. (DIP)",
        "ratingActionID": "3458327",
        "ratingActionName": "CEC Entertainment, Inc. (DIP)",
        "ratingCommitteeDate": null,
        "ratingOffice": "51",
        "ratingReleaseDate": "2020-09-24 15:27:11.0",
        "releaseDate": "2020-09-24 15:27:18.533",
        "lobname": "CFG",
        "sublobname": "CFG_NY-3",
        "region": "U.S.A. & Canada",
        "leadAnalystID": "1234",
        "leadAnalystName": "William Fahy",
        "leadAnalystUniqueId": "fahyw",
        "analystEmail": "William.Fahy@moodys.com",
        "analystLocation": "New York - 7 World Trade Center",
        "approverID": "26000211",
        "approverName": "William Fahy",
        "officeName": "Moody's Investors Service, Inc.",
        "documentExceptionListingInd": "",
        "announcementInd": "",
        "automaticRating": "Yes",
        "definitiveRatingPrevProvisional": "No",
        "indicativeRatingInd": "Y",
        "definitiveRatingInd": null,
        "linkedAnotherActionInd": "No",
        "privateRatingActionInd": "Y",
        "provisionalRatingInd": "N",
        "secondaryactionind": "No",
        "subsequentRatingInd": "",
        "contactPersonId": null,
        "complianceType": "CAMS",
        "complianceID": "104746",
        "ratingShellId": null,
        "ratingShellDS": null,
        "workItemStatus": null,
        "workItemType": null,
        "workItemSubType": null,
        "workItemReleaseDtm": null,
        "pressReleaseId": null,
        "securityClassNm": null,
        "shadowCd": null,
        "pressReleaseType": null,
        "pyrRatingType": null,
        "pacrEmail": "Margaret.Taylor@moodys.com",
        "pacr": "Margaret Taylor",
        "chairEmail": "Margaret.Taylor@moodys.com",
        "chair": "Margaret Taylor",
        "addendum": "Jad Boulos ",
        "addendumEmail": "BoulosJ@moodys.com"
    },
    {
        "sourceSystem": "ACCURATE",
        "orgId": null,
        "ratingActionDesc": "Volvo Financial Equipment LLC, Series 2020-1",
        "ratingActionID": "3458331",
        "ratingActionName": "Volvo Financial Equipment LLC, Series 2020-1",
        "ratingCommitteeDate": null,
        "ratingOffice": "51",
        "ratingReleaseDate": "2020-09-23 13:52:55.0",
        "releaseDate": "2020-09-23 13:53:03.333",
        "lobname": "SFG",
        "sublobname": "NR-COR-ABS",
        "region": "U.S.A. & Canada",
        "leadAnalystID": "6238",
        "leadAnalystName": "Arti Mattu",
        "leadAnalystUniqueId": "mattua",
        "analystEmail": "Arti.Mattu@moodys.com",
        "analystLocation": "New York - 7 World Trade Center",
        "approverID": null,
        "approverName": " ",
        "officeName": "Moody's Investors Service, Inc.",
        "documentExceptionListingInd": "",
        "announcementInd": "",
        "automaticRating": "Yes",
        "definitiveRatingPrevProvisional": "No",
        "indicativeRatingInd": "N",
        "definitiveRatingInd": null,
        "linkedAnotherActionInd": "No",
        "privateRatingActionInd": "N",
        "provisionalRatingInd": "N",
        "secondaryactionind": "No",
        "subsequentRatingInd": "Y",
        "contactPersonId": null,
        "complianceType": "CAMS",
        "complianceID": "93215",
        "ratingShellId": null,
        "ratingShellDS": null,
        "workItemStatus": null,
        "workItemType": null,
        "workItemSubType": null,
        "workItemReleaseDtm": null,
        "pressReleaseId": null,
        "securityClassNm": null,
        "shadowCd": null,
        "pressReleaseType": null,
        "pyrRatingType": null,
        "pacrEmail": null,
        "pacr": null,
        "chairEmail": null,
        "chair": null,
        "addendum": null,
        "addendumEmail": null
    },
    {
        "sourceSystem": "ACCURATE",
        "orgId": null,
        "ratingActionDesc": "Panama, Government of",
        "ratingActionID": "3458333",
        "ratingActionName": "Panama, Government of",
        "ratingCommitteeDate": null,
        "ratingOffice": "51",
        "ratingReleaseDate": "2020-09-24 16:02:04.0",
        "releaseDate": "2020-09-24 16:02:11.66",
        "lobname": "SOV",
        "sublobname": "Sovereign",
        "region": "U.S.A. & Canada",
        "leadAnalystID": "7250",
        "leadAnalystName": "Renzo Merino Lozano",
        "leadAnalystUniqueId": "merinor",
        "analystEmail": "Renzo.Merino@moodys.com",
        "analystLocation": "New York - 7 World Trade Center",
        "approverID": null,
        "approverName": " ",
        "officeName": "Moody's Investors Service, Inc.",
        "documentExceptionListingInd": "Y",
        "announcementInd": "",
        "automaticRating": "Yes",
        "definitiveRatingPrevProvisional": "No",
        "indicativeRatingInd": "N",
        "definitiveRatingInd": null,
        "linkedAnotherActionInd": "No",
        "privateRatingActionInd": "N",
        "provisionalRatingInd": "N",
        "secondaryactionind": "No",
        "subsequentRatingInd": "Y",
        "contactPersonId": null,
        "complianceType": "CAMS",
        "complianceID": "",
        "ratingShellId": null,
        "ratingShellDS": null,
        "workItemStatus": null,
        "workItemType": null,
        "workItemSubType": null,
        "workItemReleaseDtm": null,
        "pressReleaseId": null,
        "securityClassNm": null,
        "shadowCd": null,
        "pressReleaseType": null,
        "pyrRatingType": null,
        "pacrEmail": null,
        "pacr": null,
        "chairEmail": null,
        "chair": null,
        "addendum": null,
        "addendumEmail": null
    },
    {
        "sourceSystem": "ACCURATE",
        "orgId": null,
        "ratingActionDesc": "CIG Auto Receivables Trust 2020-1",
        "ratingActionID": "3458339",
        "ratingActionName": "CIG Auto Receivables Trust 2020-1",
        "ratingCommitteeDate": "2020-09-22 00:00:00.0",
        "ratingOffice": "51",
        "ratingReleaseDate": "2020-09-24 14:38:09.0",
        "releaseDate": "2020-09-24 14:38:28.306",
        "lobname": "SFG",
        "sublobname": "NR-COS-ABS",
        "region": "U.S.A. & Canada",
        "leadAnalystID": "31172",
        "leadAnalystName": "Puloma Mukherjee",
        "leadAnalystUniqueId": "mukherpu",
        "analystEmail": "Puloma.Mukherjee@moodys.com",
        "analystLocation": "New York - 7 World Trade Center",
        "approverID": null,
        "approverName": " ",
        "officeName": "Moody's Investors Service, Inc.",
        "documentExceptionListingInd": "",
        "announcementInd": "",
        "automaticRating": "No",
        "definitiveRatingPrevProvisional": "No",
        "indicativeRatingInd": "N",
        "definitiveRatingInd": null,
        "linkedAnotherActionInd": "No",
        "privateRatingActionInd": "N",
        "provisionalRatingInd": "N",
        "secondaryactionind": "No",
        "subsequentRatingInd": "N",
        "contactPersonId": null,
        "complianceType": "CAMS",
        "complianceID": "103280",
        "ratingShellId": null,
        "ratingShellDS": null,
        "workItemStatus": null,
        "workItemType": null,
        "workItemSubType": null,
        "workItemReleaseDtm": null,
        "pressReleaseId": null,
        "securityClassNm": null,
        "shadowCd": null,
        "pressReleaseType": null,
        "pyrRatingType": null,
        "pacrEmail": null,
        "pacr": null,
        "chairEmail": null,
        "chair": null,
        "addendum": "Michael Williams ",
        "addendumEmail": "WilliaM1@moodys.com"
    },
    {
        "sourceSystem": "ACCURATE",
        "orgId": null,
        "ratingActionDesc": "BMO Financial Corp.",
        "ratingActionID": "3458377",
        "ratingActionName": "BMO Financial Corp.",
        "ratingCommitteeDate": "2020-09-23 00:00:00.0",
        "ratingOffice": "71",
        "ratingReleaseDate": "2020-09-24 15:50:35.0",
        "releaseDate": "2020-09-24 15:50:48.636",
        "lobname": "FIG",
        "sublobname": "Banking",
        "region": "U.S.A. & Canada",
        "leadAnalystID": "6721",
        "leadAnalystName": "John Beattie",
        "leadAnalystUniqueId": "beattied",
        "analystEmail": "David.Beattie@moodys.com",
        "analystLocation": "Toronto - 70 York Street",
        "approverID": "29013215",
        "approverName": "John Beattie",
        "officeName": "Moody's Canada Inc.",
        "documentExceptionListingInd": "",
        "announcementInd": "",
        "automaticRating": "No",
        "definitiveRatingPrevProvisional": "No",
        "indicativeRatingInd": "N",
        "definitiveRatingInd": null,
        "linkedAnotherActionInd": "No",
        "privateRatingActionInd": "N",
        "provisionalRatingInd": "N",
        "secondaryactionind": "No",
        "subsequentRatingInd": "N",
        "contactPersonId": null,
        "complianceType": "CAMS",
        "complianceID": "104739",
        "ratingShellId": null,
        "ratingShellDS": null,
        "workItemStatus": null,
        "workItemType": null,
        "workItemSubType": null,
        "workItemReleaseDtm": null,
        "pressReleaseId": null,
        "securityClassNm": null,
        "shadowCd": null,
        "pressReleaseType": null,
        "pyrRatingType": null,
        "pacrEmail": "Celina.Vansetti-Hutchins@moodys.com",
        "pacr": "Celina Vansetti-Hutchins",
        "chairEmail": "Andrea.Usai@moodys.com",
        "chair": "Andrea Usai",
        "addendum": "Rabia Yusufzai ",
        "addendumEmail": "YusufzaR@moodys.com"
    },
    {
        "sourceSystem": "ACCURATE",
        "orgId": null,
        "ratingActionDesc": "Federal Farm Credit Banks",
        "ratingActionID": "3458384",
        "ratingActionName": "Federal Farm Credit Banks",
        "ratingCommitteeDate": null,
        "ratingOffice": "51",
        "ratingReleaseDate": "2020-09-23 10:33:23.0",
        "releaseDate": "2020-09-23 10:34:04.27",
        "lobname": "FIG",
        "sublobname": "Banking",
        "region": "U.S.A. & Canada",
        "leadAnalystID": "1241",
        "leadAnalystName": "Allen Tischler",
        "leadAnalystUniqueId": "tischlea",
        "analystEmail": "Allen.Tischler@moodys.com",
        "analystLocation": "New York - 7 World Trade Center",
        "approverID": null,
        "approverName": " ",
        "officeName": "Moody's Investors Service, Inc.",
        "documentExceptionListingInd": "",
        "announcementInd": "",
        "automaticRating": "No",
        "definitiveRatingPrevProvisional": "No",
        "indicativeRatingInd": "N",
        "definitiveRatingInd": null,
        "linkedAnotherActionInd": "No",
        "privateRatingActionInd": "N",
        "provisionalRatingInd": "N",
        "secondaryactionind": "No",
        "subsequentRatingInd": "Y",
        "contactPersonId": null,
        "complianceType": "CAMS",
        "complianceID": "",
        "ratingShellId": null,
        "ratingShellDS": null,
        "workItemStatus": null,
        "workItemType": null,
        "workItemSubType": null,
        "workItemReleaseDtm": null,
        "pressReleaseId": null,
        "securityClassNm": null,
        "shadowCd": null,
        "pressReleaseType": null,
        "pyrRatingType": null,
        "pacrEmail": null,
        "pacr": null,
        "chairEmail": null,
        "chair": null,
        "addendum": null,
        "addendumEmail": null
    },
    {
        "sourceSystem": "ACCURATE",
        "orgId": null,
        "ratingActionDesc": "Cambium Learning Group, Inc.",
        "ratingActionID": "3458402",
        "ratingActionName": "Cambium Learning Group, Inc.",
        "ratingCommitteeDate": "2020-09-25 00:00:00.0",
        "ratingOffice": "51",
        "ratingReleaseDate": "2020-09-25 16:18:42.0",
        "releaseDate": "2020-09-25 16:18:53.103",
        "lobname": "CFG",
        "sublobname": "CFG_NY-3",
        "region": "U.S.A. & Canada",
        "leadAnalystID": "7907",
        "leadAnalystName": "Joanna O'Brien",
        "leadAnalystUniqueId": "obrienjo",
        "analystEmail": "Joanna.O'Brien@moodys.com",
        "analystLocation": "New York - 7 World Trade Center",
        "approverID": "29031098",
        "approverName": "Joanna O'Brien",
        "officeName": "Moody's Investors Service, Inc.",
        "documentExceptionListingInd": "",
        "announcementInd": "",
        "automaticRating": "No",
        "definitiveRatingPrevProvisional": "No",
        "indicativeRatingInd": "N",
        "definitiveRatingInd": null,
        "linkedAnotherActionInd": "No",
        "privateRatingActionInd": "N",
        "provisionalRatingInd": "N",
        "secondaryactionind": "No",
        "subsequentRatingInd": "N",
        "contactPersonId": null,
        "complianceType": "CAMS",
        "complianceID": "104532",
        "ratingShellId": null,
        "ratingShellDS": null,
        "workItemStatus": null,
        "workItemType": null,
        "workItemSubType": null,
        "workItemReleaseDtm": null,
        "pressReleaseId": null,
        "securityClassNm": null,
        "shadowCd": null,
        "pressReleaseType": null,
        "pyrRatingType": null,
        "pacrEmail": "John.Puchalla@moodys.com",
        "pacr": "John Puchalla",
        "chairEmail": "John.Puchalla@moodys.com",
        "chair": "John Puchalla",
        "addendum": "Stephane Tu ",
        "addendumEmail": "TuS@moodys.com"
    },
    {
        "sourceSystem": "ACCURATE",
        "orgId": null,
        "ratingActionDesc": "Federal Home Loan Banks",
        "ratingActionID": "3458407",
        "ratingActionName": "Federal Home Loan Banks",
        "ratingCommitteeDate": null,
        "ratingOffice": "51",
        "ratingReleaseDate": "2020-09-23 10:55:00.0",
        "releaseDate": "2020-09-23 10:55:34.043",
        "lobname": "FIG",
        "sublobname": "Banking",
        "region": "U.S.A. & Canada",
        "leadAnalystID": "1241",
        "leadAnalystName": "Allen Tischler",
        "leadAnalystUniqueId": "tischlea",
        "analystEmail": "Allen.Tischler@moodys.com",
        "analystLocation": "New York - 7 World Trade Center",
        "approverID": null,
        "approverName": " ",
        "officeName": "Moody's Investors Service, Inc.",
        "documentExceptionListingInd": "",
        "announcementInd": "",
        "automaticRating": "No",
        "definitiveRatingPrevProvisional": "No",
        "indicativeRatingInd": "N",
        "definitiveRatingInd": null,
        "linkedAnotherActionInd": "No",
        "privateRatingActionInd": "N",
        "provisionalRatingInd": "N",
        "secondaryactionind": "No",
        "subsequentRatingInd": "Y",
        "contactPersonId": null,
        "complianceType": "CAMS",
        "complianceID": "",
        "ratingShellId": null,
        "ratingShellDS": null,
        "workItemStatus": null,
        "workItemType": null,
        "workItemSubType": null,
        "workItemReleaseDtm": null,
        "pressReleaseId": null,
        "securityClassNm": null,
        "shadowCd": null,
        "pressReleaseType": null,
        "pyrRatingType": null,
        "pacrEmail": null,
        "pacr": null,
        "chairEmail": null,
        "chair": null,
        "addendum": null,
        "addendumEmail": null
    },
    {
        "sourceSystem": "ACCURATE",
        "orgId": null,
        "ratingActionDesc": "Federal Home Loan Mortgage Corp.",
        "ratingActionID": "3458427",
        "ratingActionName": "Federal Home Loan Mortgage Corp.",
        "ratingCommitteeDate": null,
        "ratingOffice": "51",
        "ratingReleaseDate": "2020-09-23 15:52:18.0",
        "releaseDate": "2020-09-23 15:53:19.29",
        "lobname": "FIG",
        "sublobname": "Banking",
        "region": "U.S.A. & Canada",
        "leadAnalystID": "1600",
        "leadAnalystName": "Warren Kornfeld",
        "leadAnalystUniqueId": "kornfelw",
        "analystEmail": "Warren.Kornfeld@moodys.com",
        "analystLocation": "New York - 7 World Trade Center",
        "approverID": null,
        "approverName": " ",
        "officeName": "Moody's Investors Service, Inc.",
        "documentExceptionListingInd": "",
        "announcementInd": "",
        "automaticRating": "No",
        "definitiveRatingPrevProvisional": "No",
        "indicativeRatingInd": "N",
        "definitiveRatingInd": null,
        "linkedAnotherActionInd": "No",
        "privateRatingActionInd": "N",
        "provisionalRatingInd": "N",
        "secondaryactionind": "No",
        "subsequentRatingInd": "Y",
        "contactPersonId": null,
        "complianceType": "CAMS",
        "complianceID": "",
        "ratingShellId": null,
        "ratingShellDS": null,
        "workItemStatus": null,
        "workItemType": null,
        "workItemSubType": null,
        "workItemReleaseDtm": null,
        "pressReleaseId": null,
        "securityClassNm": null,
        "shadowCd": null,
        "pressReleaseType": null,
        "pyrRatingType": null,
        "pacrEmail": null,
        "pacr": null,
        "chairEmail": null,
        "chair": null,
        "addendum": null,
        "addendumEmail": null
    },
    {
        "sourceSystem": "ACCURATE",
        "orgId": null,
        "ratingActionDesc": "Malayan Banking Berhad",
        "ratingActionID": "3458464",
        "ratingActionName": "Malayan Banking Berhad",
        "ratingCommitteeDate": null,
        "ratingOffice": "81",
        "ratingReleaseDate": "2020-09-25 00:56:51.0",
        "releaseDate": "2020-09-25 00:57:05.766",
        "lobname": "FIG",
        "sublobname": "Banking",
        "region": "Asia Pacific",
        "leadAnalystID": "7148",
        "leadAnalystName": "Alka Anbarasu",
        "leadAnalystUniqueId": "anbarasa",
        "analystEmail": "Alka.Anbarasu@moodys.com",
        "analystLocation": "Singapore - 50 Raffles Place #23-06",
        "approverID": null,
        "approverName": " ",
        "officeName": "Moody's Investors Service Singapore Pte. Ltd.",
        "documentExceptionListingInd": "",
        "announcementInd": "",
        "automaticRating": "No",
        "definitiveRatingPrevProvisional": "No",
        "indicativeRatingInd": "N",
        "definitiveRatingInd": null,
        "linkedAnotherActionInd": "No",
        "privateRatingActionInd": "N",
        "provisionalRatingInd": "N",
        "secondaryactionind": "No",
        "subsequentRatingInd": "Y",
        "contactPersonId": null,
        "complianceType": "CAMS",
        "complianceID": "",
        "ratingShellId": null,
        "ratingShellDS": null,
        "workItemStatus": null,
        "workItemType": null,
        "workItemSubType": null,
        "workItemReleaseDtm": null,
        "pressReleaseId": null,
        "securityClassNm": null,
        "shadowCd": null,
        "pressReleaseType": null,
        "pyrRatingType": null,
        "pacrEmail": null,
        "pacr": null,
        "chairEmail": null,
        "chair": null,
        "addendum": null,
        "addendumEmail": null
    },
    {
        "sourceSystem": "ACCURATE",
        "orgId": null,
        "ratingActionDesc": "Moody's downgrades China Communications Construction Co to Baa1; revises outlook to stable",
        "ratingActionID": "3458468",
        "ratingActionName": "Moody's downgrades China Communications Construction Co to Baa1; revises outlook to stable",
        "ratingCommitteeDate": null,
        "ratingOffice": "72",
        "ratingReleaseDate": "2020-09-23 02:48:01.873",
        "releaseDate": "2020-09-23 02:48:01.93",
        "lobname": "CFG",
        "sublobname": "CFG Regional",
        "region": null,
        "leadAnalystID": "7035",
        "leadAnalystName": "Chenyi Lu",
        "leadAnalystUniqueId": "luchen",
        "analystEmail": "Chenyi.Lu@moodys.com",
        "analystLocation": "Hong Kong - One Pacific Place",
        "approverID": null,
        "approverName": " ",
        "officeName": "Moody's Investors Service Hong Kong Ltd.",
        "documentExceptionListingInd": "Y",
        "announcementInd": "Y",
        "automaticRating": "Yes",
        "definitiveRatingPrevProvisional": "No",
        "indicativeRatingInd": "N",
        "definitiveRatingInd": null,
        "linkedAnotherActionInd": "No",
        "privateRatingActionInd": "",
        "provisionalRatingInd": "N",
        "secondaryactionind": "No",
        "subsequentRatingInd": "",
        "contactPersonId": null,
        "complianceType": "CAMS",
        "complianceID": "",
        "ratingShellId": null,
        "ratingShellDS": null,
        "workItemStatus": null,
        "workItemType": null,
        "workItemSubType": null,
        "workItemReleaseDtm": null,
        "pressReleaseId": null,
        "securityClassNm": null,
        "shadowCd": null,
        "pressReleaseType": null,
        "pyrRatingType": null,
        "pacrEmail": null,
        "pacr": null,
        "chairEmail": null,
        "chair": null,
        "addendum": null,
        "addendumEmail": null
    },
    {
        "sourceSystem": "ACCURATE",
        "orgId": null,
        "ratingActionDesc": "CFLD (Cayman) Investment Ltd.",
        "ratingActionID": "3458477",
        "ratingActionName": "CFLD (Cayman) Investment Ltd.",
        "ratingCommitteeDate": null,
        "ratingOffice": "72",
        "ratingReleaseDate": "2020-09-23 03:37:19.0",
        "releaseDate": "2020-09-23 03:37:35.256",
        "lobname": "CFG",
        "sublobname": "CFG Regional",
        "region": null,
        "leadAnalystID": "7670",
        "leadAnalystName": "Ching Leong Chan",
        "leadAnalystUniqueId": "chandan",
        "analystEmail": "Danny.Chan@moodys.com",
        "analystLocation": "Hong Kong - One Pacific Place",
        "approverID": null,
        "approverName": " ",
        "officeName": "Moody's Investors Service Hong Kong Ltd.",
        "documentExceptionListingInd": "Y",
        "announcementInd": "",
        "automaticRating": "Yes",
        "definitiveRatingPrevProvisional": "No",
        "indicativeRatingInd": "N",
        "definitiveRatingInd": null,
        "linkedAnotherActionInd": "No",
        "privateRatingActionInd": "N",
        "provisionalRatingInd": "N",
        "secondaryactionind": "No",
        "subsequentRatingInd": "Y",
        "contactPersonId": null,
        "complianceType": "CAMS",
        "complianceID": "",
        "ratingShellId": null,
        "ratingShellDS": null,
        "workItemStatus": null,
        "workItemType": null,
        "workItemSubType": null,
        "workItemReleaseDtm": null,
        "pressReleaseId": null,
        "securityClassNm": null,
        "shadowCd": null,
        "pressReleaseType": null,
        "pyrRatingType": null,
        "pacrEmail": null,
        "pacr": null,
        "chairEmail": null,
        "chair": null,
        "addendum": null,
        "addendumEmail": null
    },
    {
        "sourceSystem": "ACCURATE",
        "orgId": null,
        "ratingActionDesc": "Mizuho Securities USA LLC (Sep 24 PR)",
        "ratingActionID": "3458485",
        "ratingActionName": "Mizuho Securities USA LLC (Sep 24 PR)",
        "ratingCommitteeDate": null,
        "ratingOffice": "73",
        "ratingReleaseDate": "2020-09-24 03:11:02.88",
        "releaseDate": "2020-09-24 03:11:02.916",
        "lobname": "FIG",
        "sublobname": "Banking",
        "region": "Asia Pacific",
        "leadAnalystID": "6275",
        "leadAnalystName": "Tetsuya Yamamoto",
        "leadAnalystUniqueId": "yamamott",
        "analystEmail": "Tetsuya.Yamamoto@moodys.com",
        "analystLocation": "Tokyo - Atago Green Hills Mori Tower 20fl",
        "approverID": null,
        "approverName": " ",
        "officeName": "Moody's Japan K.K.",
        "documentExceptionListingInd": "Y",
        "announcementInd": "",
        "automaticRating": "Yes",
        "definitiveRatingPrevProvisional": "No",
        "indicativeRatingInd": "N",
        "definitiveRatingInd": null,
        "linkedAnotherActionInd": "No",
        "privateRatingActionInd": "N",
        "provisionalRatingInd": "N",
        "secondaryactionind": "No",
        "subsequentRatingInd": "Y",
        "contactPersonId": null,
        "complianceType": "CAMS",
        "complianceID": "",
        "ratingShellId": null,
        "ratingShellDS": null,
        "workItemStatus": null,
        "workItemType": null,
        "workItemSubType": null,
        "workItemReleaseDtm": null,
        "pressReleaseId": null,
        "securityClassNm": null,
        "shadowCd": null,
        "pressReleaseType": null,
        "pyrRatingType": null,
        "pacrEmail": null,
        "pacr": null,
        "chairEmail": null,
        "chair": null,
        "addendum": null,
        "addendumEmail": null
    },
    {
        "sourceSystem": "ACCURATE",
        "orgId": null,
        "ratingActionDesc": "Mitsubishi UFJ Lease & Finance Co., Ltd.",
        "ratingActionID": "3458665",
        "ratingActionName": "Mitsubishi UFJ Lease & Finance Co., Ltd.",
        "ratingCommitteeDate": "2020-09-23 00:00:00.0",
        "ratingOffice": "73",
        "ratingReleaseDate": "2020-09-24 05:42:48.0",
        "releaseDate": "2020-09-24 05:43:02.27",
        "lobname": "FIG",
        "sublobname": "Banking",
        "region": "Asia Pacific",
        "leadAnalystID": "7304",
        "leadAnalystName": "Shunsaku Sato",
        "leadAnalystUniqueId": "satos",
        "analystEmail": "Shunsaku.Sato@moodys.com",
        "analystLocation": "Tokyo - Atago Green Hills Mori Tower 20fl",
        "approverID": "29007616",
        "approverName": "Tetsuya Yamamoto",
        "officeName": "Moody's Japan K.K.",
        "documentExceptionListingInd": "",
        "announcementInd": "",
        "automaticRating": "No",
        "definitiveRatingPrevProvisional": "No",
        "indicativeRatingInd": "N",
        "definitiveRatingInd": null,
        "linkedAnotherActionInd": "No",
        "privateRatingActionInd": "N",
        "provisionalRatingInd": "Y",
        "secondaryactionind": "No",
        "subsequentRatingInd": "N",
        "contactPersonId": null,
        "complianceType": "CAMS",
        "complianceID": "104706",
        "ratingShellId": null,
        "ratingShellDS": null,
        "workItemStatus": null,
        "workItemType": null,
        "workItemSubType": null,
        "workItemReleaseDtm": null,
        "pressReleaseId": null,
        "securityClassNm": null,
        "shadowCd": null,
        "pressReleaseType": null,
        "pyrRatingType": null,
        "pacrEmail": "Graeme.Knowd@moodys.com",
        "pacr": "Graeme Knowd",
        "chairEmail": "Graeme.Knowd@moodys.com",
        "chair": "Graeme Knowd",
        "addendum": "Koji Maejima ",
        "addendumEmail": "MaejimaK@moodys.com"
    },
    {
        "sourceSystem": "ACCURATE",
        "orgId": null,
        "ratingActionDesc": "Louvre BidCo SAS",
        "ratingActionID": "3458668",
        "ratingActionName": "Louvre BidCo SAS",
        "ratingCommitteeDate": null,
        "ratingOffice": "50",
        "ratingReleaseDate": "2020-09-23 08:32:25.0",
        "releaseDate": "2020-09-23 08:32:33.013",
        "lobname": "FIG",
        "sublobname": "Banking",
        "region": "Europe",
        "leadAnalystID": "6301",
        "leadAnalystName": "Roland Auquier",
        "leadAnalystUniqueId": "auquierr",
        "analystEmail": "Roland.Auquier@moodys.com",
        "analystLocation": "Paris - 96, boulevard Haussmann",
        "approverID": null,
        "approverName": " ",
        "officeName": "Moody's France SAS",
        "documentExceptionListingInd": "Y",
        "announcementInd": "",
        "automaticRating": "Yes",
        "definitiveRatingPrevProvisional": "No",
        "indicativeRatingInd": "N",
        "definitiveRatingInd": null,
        "linkedAnotherActionInd": "No",
        "privateRatingActionInd": "N",
        "provisionalRatingInd": "N",
        "secondaryactionind": "No",
        "subsequentRatingInd": "Y",
        "contactPersonId": null,
        "complianceType": "CAMS",
        "complianceID": "",
        "ratingShellId": null,
        "ratingShellDS": null,
        "workItemStatus": null,
        "workItemType": null,
        "workItemSubType": null,
        "workItemReleaseDtm": null,
        "pressReleaseId": null,
        "securityClassNm": null,
        "shadowCd": null,
        "pressReleaseType": null,
        "pyrRatingType": null,
        "pacrEmail": null,
        "pacr": null,
        "chairEmail": null,
        "chair": null,
        "addendum": null,
        "addendumEmail": null
    },
    {
        "sourceSystem": "ACCURATE",
        "orgId": null,
        "ratingActionDesc": "Hitachi Capital Corporation",
        "ratingActionID": "3458676",
        "ratingActionName": "Hitachi Capital Corporation",
        "ratingCommitteeDate": "2020-09-23 00:00:00.0",
        "ratingOffice": "73",
        "ratingReleaseDate": "2020-09-24 05:37:13.0",
        "releaseDate": "2020-09-24 05:37:20.96",
        "lobname": "FIG",
        "sublobname": "Banking",
        "region": "Asia Pacific",
        "leadAnalystID": "6275",
        "leadAnalystName": "Tetsuya Yamamoto",
        "leadAnalystUniqueId": "yamamott",
        "analystEmail": "Tetsuya.Yamamoto@moodys.com",
        "analystLocation": "Tokyo - Atago Green Hills Mori Tower 20fl",
        "approverID": null,
        "approverName": " ",
        "officeName": "Moody's Japan K.K.",
        "documentExceptionListingInd": "",
        "announcementInd": "",
        "automaticRating": "No",
        "definitiveRatingPrevProvisional": "No",
        "indicativeRatingInd": "N",
        "definitiveRatingInd": null,
        "linkedAnotherActionInd": "No",
        "privateRatingActionInd": "N",
        "provisionalRatingInd": "N",
        "secondaryactionind": "No",
        "subsequentRatingInd": "N",
        "contactPersonId": null,
        "complianceType": "CAMS",
        "complianceID": "104706",
        "ratingShellId": null,
        "ratingShellDS": null,
        "workItemStatus": null,
        "workItemType": null,
        "workItemSubType": null,
        "workItemReleaseDtm": null,
        "pressReleaseId": null,
        "securityClassNm": null,
        "shadowCd": null,
        "pressReleaseType": null,
        "pyrRatingType": null,
        "pacrEmail": null,
        "pacr": null,
        "chairEmail": null,
        "chair": null,
        "addendum": null,
        "addendumEmail": null
    },
    {
        "sourceSystem": "ACCURATE",
        "orgId": null,
        "ratingActionDesc": "B.A.T Capital Corporation",
        "ratingActionID": "3458683",
        "ratingActionName": "B.A.T Capital Corporation",
        "ratingCommitteeDate": null,
        "ratingOffice": "52",
        "ratingReleaseDate": "2020-09-23 09:13:24.0",
        "releaseDate": "2020-09-23 09:13:44.48",
        "lobname": "CFG",
        "sublobname": "CFG Regional",
        "region": "Europe",
        "leadAnalystID": "6928",
        "leadAnalystName": "Roberto Pozzi",
        "leadAnalystUniqueId": "pozzir",
        "analystEmail": "Roberto.Pozzi@moodys.com",
        "analystLocation": "London - One Canada Square",
        "approverID": null,
        "approverName": " ",
        "officeName": "Moody's Investors Service Ltd.",
        "documentExceptionListingInd": "Y",
        "announcementInd": "",
        "automaticRating": "No",
        "definitiveRatingPrevProvisional": "No",
        "indicativeRatingInd": "N",
        "definitiveRatingInd": null,
        "linkedAnotherActionInd": "No",
        "privateRatingActionInd": "N",
        "provisionalRatingInd": "N",
        "secondaryactionind": "No",
        "subsequentRatingInd": "Y",
        "contactPersonId": null,
        "complianceType": "CAMS",
        "complianceID": "",
        "ratingShellId": null,
        "ratingShellDS": null,
        "workItemStatus": null,
        "workItemType": null,
        "workItemSubType": null,
        "workItemReleaseDtm": null,
        "pressReleaseId": null,
        "securityClassNm": null,
        "shadowCd": null,
        "pressReleaseType": null,
        "pyrRatingType": null,
        "pacrEmail": null,
        "pacr": null,
        "chairEmail": null,
        "chair": null,
        "addendum": null,
        "addendumEmail": null
    },
    {
        "sourceSystem": "ACCURATE",
        "orgId": null,
        "ratingActionDesc": "GS Finance Corp.",
        "ratingActionID": "3458718",
        "ratingActionName": "GS Finance Corp.",
        "ratingCommitteeDate": null,
        "ratingOffice": "51",
        "ratingReleaseDate": "2020-09-25 12:17:33.0",
        "releaseDate": "2020-09-25 12:18:01.773",
        "lobname": "FIG",
        "sublobname": "Banking",
        "region": "U.S.A. & Canada",
        "leadAnalystID": "467",
        "leadAnalystName": "David Fanger",
        "leadAnalystUniqueId": "fangerd",
        "analystEmail": "David.Fanger@moodys.com",
        "analystLocation": "New York - 7 World Trade Center",
        "approverID": null,
        "approverName": " ",
        "officeName": "Moody's Investors Service, Inc.",
        "documentExceptionListingInd": "",
        "announcementInd": "",
        "automaticRating": "Yes",
        "definitiveRatingPrevProvisional": "No",
        "indicativeRatingInd": "N",
        "definitiveRatingInd": null,
        "linkedAnotherActionInd": "No",
        "privateRatingActionInd": "N",
        "provisionalRatingInd": "N",
        "secondaryactionind": "No",
        "subsequentRatingInd": "",
        "contactPersonId": null,
        "complianceType": "CAMS",
        "complianceID": "",
        "ratingShellId": null,
        "ratingShellDS": null,
        "workItemStatus": null,
        "workItemType": null,
        "workItemSubType": null,
        "workItemReleaseDtm": null,
        "pressReleaseId": null,
        "securityClassNm": null,
        "shadowCd": null,
        "pressReleaseType": null,
        "pyrRatingType": null,
        "pacrEmail": null,
        "pacr": null,
        "chairEmail": null,
        "chair": null,
        "addendum": null,
        "addendumEmail": null
    },
    {
        "sourceSystem": "ACCURATE",
        "orgId": null,
        "ratingActionDesc": "Lansforsakringar Bank AB (publ)",
        "ratingActionID": "3458726",
        "ratingActionName": "Lansforsakringar Bank AB (publ)",
        "ratingCommitteeDate": null,
        "ratingOffice": "128",
        "ratingReleaseDate": "2020-09-24 05:51:36.0",
        "releaseDate": "2020-09-24 05:51:44.22",
        "lobname": "FIG",
        "sublobname": "Banking",
        "region": "Europe",
        "leadAnalystID": "7742",
        "leadAnalystName": "Erik Niclas Boheman",
        "leadAnalystUniqueId": "bohemane",
        "analystEmail": "Niclas.Boheman@moodys.com",
        "analystLocation": "Stockholm- Norrlandsgatan 20",
        "approverID": null,
        "approverName": " ",
        "officeName": "Moody's Investors Service (Nordics) AB",
        "documentExceptionListingInd": "",
        "announcementInd": "",
        "automaticRating": "No",
        "definitiveRatingPrevProvisional": "No",
        "indicativeRatingInd": "N",
        "definitiveRatingInd": null,
        "linkedAnotherActionInd": "No",
        "privateRatingActionInd": "N",
        "provisionalRatingInd": "N",
        "secondaryactionind": "No",
        "subsequentRatingInd": "Y",
        "contactPersonId": null,
        "complianceType": "CAMS",
        "complianceID": "",
        "ratingShellId": null,
        "ratingShellDS": null,
        "workItemStatus": null,
        "workItemType": null,
        "workItemSubType": null,
        "workItemReleaseDtm": null,
        "pressReleaseId": null,
        "securityClassNm": null,
        "shadowCd": null,
        "pressReleaseType": null,
        "pyrRatingType": null,
        "pacrEmail": null,
        "pacr": null,
        "chairEmail": null,
        "chair": null,
        "addendum": null,
        "addendumEmail": null
    },
    {
        "sourceSystem": "ACCURATE",
        "orgId": null,
        "ratingActionDesc": "B.A.T. International Finance p.l.c.",
        "ratingActionID": "3458734",
        "ratingActionName": "B.A.T. International Finance p.l.c.",
        "ratingCommitteeDate": null,
        "ratingOffice": "52",
        "ratingReleaseDate": "2020-09-23 09:10:40.0",
        "releaseDate": "2020-09-23 09:10:47.95",
        "lobname": "CFG",
        "sublobname": "CFG Regional",
        "region": "Europe",
        "leadAnalystID": "6928",
        "leadAnalystName": "Roberto Pozzi",
        "leadAnalystUniqueId": "pozzir",
        "analystEmail": "Roberto.Pozzi@moodys.com",
        "analystLocation": "London - One Canada Square",
        "approverID": null,
        "approverName": " ",
        "officeName": "Moody's Investors Service Ltd.",
        "documentExceptionListingInd": "Y",
        "announcementInd": "",
        "automaticRating": "No",
        "definitiveRatingPrevProvisional": "No",
        "indicativeRatingInd": "N",
        "definitiveRatingInd": null,
        "linkedAnotherActionInd": "No",
        "privateRatingActionInd": "N",
        "provisionalRatingInd": "N",
        "secondaryactionind": "No",
        "subsequentRatingInd": "Y",
        "contactPersonId": null,
        "complianceType": "CAMS",
        "complianceID": "",
        "ratingShellId": null,
        "ratingShellDS": null,
        "workItemStatus": null,
        "workItemType": null,
        "workItemSubType": null,
        "workItemReleaseDtm": null,
        "pressReleaseId": null,
        "securityClassNm": null,
        "shadowCd": null,
        "pressReleaseType": null,
        "pyrRatingType": null,
        "pacrEmail": null,
        "pacr": null,
        "chairEmail": null,
        "chair": null,
        "addendum": null,
        "addendumEmail": null
    },
    {
        "sourceSystem": "ACCURATE",
        "orgId": null,
        "ratingActionDesc": "European Stability Mechanism (ESM)",
        "ratingActionID": "3458755",
        "ratingActionName": "European Stability Mechanism (ESM)",
        "ratingCommitteeDate": null,
        "ratingOffice": "41",
        "ratingReleaseDate": "2020-09-23 10:10:14.0",
        "releaseDate": "2020-09-23 10:10:21.04",
        "lobname": "SOV",
        "sublobname": "Sovereign",
        "region": "Europe",
        "leadAnalystID": "7801",
        "leadAnalystName": "Heiko Peters",
        "leadAnalystUniqueId": "petershe",
        "analystEmail": "Heiko.Peters@moodys.com",
        "analystLocation": "Frankfurt - An der Welle 5",
        "approverID": null,
        "approverName": " ",
        "officeName": "Moody's Deutschland GmbH",
        "documentExceptionListingInd": "",
        "announcementInd": "",
        "automaticRating": "No",
        "definitiveRatingPrevProvisional": "No",
        "indicativeRatingInd": "N",
        "definitiveRatingInd": null,
        "linkedAnotherActionInd": "No",
        "privateRatingActionInd": "N",
        "provisionalRatingInd": "N",
        "secondaryactionind": "No",
        "subsequentRatingInd": "Y",
        "contactPersonId": null,
        "complianceType": "CAMS",
        "complianceID": "",
        "ratingShellId": null,
        "ratingShellDS": null,
        "workItemStatus": null,
        "workItemType": null,
        "workItemSubType": null,
        "workItemReleaseDtm": null,
        "pressReleaseId": null,
        "securityClassNm": null,
        "shadowCd": null,
        "pressReleaseType": null,
        "pyrRatingType": null,
        "pacrEmail": null,
        "pacr": null,
        "chairEmail": null,
        "chair": null,
        "addendum": null,
        "addendumEmail": null
    },
    {
        "sourceSystem": "ACCURATE",
        "orgId": null,
        "ratingActionDesc": "Custodial Receipts (Deutsche Bank), Custodial Receipts, Series 2015-XF1008 & Series 2015-XF1031A-D",
        "ratingActionID": "3458797",
        "ratingActionName": "Custodial Receipts (Deutsche Bank), Custodial Receipts, Series 2015-XF1008 & Series 2015-XF1031A-D",
        "ratingCommitteeDate": "2020-09-23 00:00:00.0",
        "ratingOffice": "51",
        "ratingReleaseDate": "2020-09-24 11:48:06.293",
        "releaseDate": "2020-09-24 11:48:06.336",
        "lobname": "PPIF",
        "sublobname": "Municipal Supported Products",
        "region": "U.S.A. & Canada",
        "leadAnalystID": "2312",
        "leadAnalystName": "Randy Matlosz",
        "leadAnalystUniqueId": "matloszr",
        "analystEmail": "Randy.Matlosz@moodys.com",
        "analystLocation": "New York - 7 World Trade Center",
        "approverID": null,
        "approverName": " ",
        "officeName": "Moody's Investors Service, Inc.",
        "documentExceptionListingInd": "",
        "announcementInd": "",
        "automaticRating": "No",
        "definitiveRatingPrevProvisional": "No",
        "indicativeRatingInd": "N",
        "definitiveRatingInd": null,
        "linkedAnotherActionInd": "No",
        "privateRatingActionInd": "N",
        "provisionalRatingInd": "N",
        "secondaryactionind": "No",
        "subsequentRatingInd": "N",
        "contactPersonId": null,
        "complianceType": "CAMS",
        "complianceID": "104874",
        "ratingShellId": null,
        "ratingShellDS": null,
        "workItemStatus": null,
        "workItemType": null,
        "workItemSubType": null,
        "workItemReleaseDtm": null,
        "pressReleaseId": null,
        "securityClassNm": null,
        "shadowCd": null,
        "pressReleaseType": null,
        "pyrRatingType": null,
        "pacrEmail": null,
        "pacr": null,
        "chairEmail": null,
        "chair": null,
        "addendum": null,
        "addendumEmail": null
    },
    {
        "sourceSystem": "ACCURATE",
        "orgId": null,
        "ratingActionDesc": "Municipality Finance Plc",
        "ratingActionID": "3458799",
        "ratingActionName": "Municipality Finance Plc",
        "ratingCommitteeDate": null,
        "ratingOffice": "128",
        "ratingReleaseDate": "2020-09-23 11:03:33.0",
        "releaseDate": "2020-09-23 11:03:43.843",
        "lobname": "FIG",
        "sublobname": "Banking",
        "region": "Europe",
        "leadAnalystID": "7742",
        "leadAnalystName": "Erik Niclas Boheman",
        "leadAnalystUniqueId": "bohemane",
        "analystEmail": "Niclas.Boheman@moodys.com",
        "analystLocation": "Stockholm- Norrlandsgatan 20",
        "approverID": null,
        "approverName": " ",
        "officeName": "Moody's Investors Service (Nordics) AB",
        "documentExceptionListingInd": "",
        "announcementInd": "",
        "automaticRating": "No",
        "definitiveRatingPrevProvisional": "No",
        "indicativeRatingInd": "N",
        "definitiveRatingInd": null,
        "linkedAnotherActionInd": "No",
        "privateRatingActionInd": "N",
        "provisionalRatingInd": "N",
        "secondaryactionind": "No",
        "subsequentRatingInd": "Y",
        "contactPersonId": null,
        "complianceType": "CAMS",
        "complianceID": "",
        "ratingShellId": null,
        "ratingShellDS": null,
        "workItemStatus": null,
        "workItemType": null,
        "workItemSubType": null,
        "workItemReleaseDtm": null,
        "pressReleaseId": null,
        "securityClassNm": null,
        "shadowCd": null,
        "pressReleaseType": null,
        "pyrRatingType": null,
        "pacrEmail": null,
        "pacr": null,
        "chairEmail": null,
        "chair": null,
        "addendum": null,
        "addendumEmail": null
    },
    {
        "sourceSystem": "ACCURATE",
        "orgId": null,
        "ratingActionDesc": null,
        "ratingActionID": "3458808",
        "ratingActionName": "PGS ASA - /LD indicator",
        "ratingCommitteeDate": null,
        "ratingOffice": "52",
        "ratingReleaseDate": "2020-09-23 11:04:27.893",
        "releaseDate": "2020-09-23 11:04:27.9",
        "lobname": "CFG",
        "sublobname": "CFG Regional",
        "region": "Europe",
        "leadAnalystID": "7719",
        "leadAnalystName": "Danilo Ruocco",
        "leadAnalystUniqueId": "ruoccod",
        "analystEmail": "Danilo.Ruocco@moodys.com",
        "analystLocation": "London - One Canada Square",
        "approverID": null,
        "approverName": " ",
        "officeName": "Moody's Investors Service Ltd.",
        "documentExceptionListingInd": "Y",
        "announcementInd": "Y",
        "automaticRating": "Yes",
        "definitiveRatingPrevProvisional": "No",
        "indicativeRatingInd": "N",
        "definitiveRatingInd": null,
        "linkedAnotherActionInd": "No",
        "privateRatingActionInd": "",
        "provisionalRatingInd": "N",
        "secondaryactionind": "No",
        "subsequentRatingInd": "",
        "contactPersonId": null,
        "complianceType": "CAMS",
        "complianceID": "",
        "ratingShellId": null,
        "ratingShellDS": null,
        "workItemStatus": null,
        "workItemType": null,
        "workItemSubType": null,
        "workItemReleaseDtm": null,
        "pressReleaseId": null,
        "securityClassNm": null,
        "shadowCd": null,
        "pressReleaseType": null,
        "pyrRatingType": null,
        "pacrEmail": null,
        "pacr": null,
        "chairEmail": null,
        "chair": null,
        "addendum": null,
        "addendumEmail": null
    },
    {
        "sourceSystem": "ACCURATE",
        "orgId": null,
        "ratingActionDesc": null,
        "ratingActionID": "3458857",
        "ratingActionName": "Sovereign Calendar Wrap Up - September 25, 2020",
        "ratingCommitteeDate": null,
        "ratingOffice": "52",
        "ratingReleaseDate": "2020-09-25 16:39:09.53",
        "releaseDate": "2020-09-25 16:39:09.68",
        "lobname": "SOV",
        "sublobname": "Sovereign",
        "region": "Europe",
        "leadAnalystID": "6709",
        "leadAnalystName": "Alastair Wilson",
        "leadAnalystUniqueId": "wilsoala",
        "analystEmail": "Alastair.Wilson@moodys.com",
        "analystLocation": "London - One Canada Square",
        "approverID": null,
        "approverName": " ",
        "officeName": "Moody's Investors Service Ltd.",
        "documentExceptionListingInd": "Y",
        "announcementInd": "Y",
        "automaticRating": "Yes",
        "definitiveRatingPrevProvisional": "No",
        "indicativeRatingInd": "N",
        "definitiveRatingInd": null,
        "linkedAnotherActionInd": "No",
        "privateRatingActionInd": "",
        "provisionalRatingInd": "N",
        "secondaryactionind": "No",
        "subsequentRatingInd": "",
        "contactPersonId": null,
        "complianceType": "CAMS",
        "complianceID": "",
        "ratingShellId": null,
        "ratingShellDS": null,
        "workItemStatus": null,
        "workItemType": null,
        "workItemSubType": null,
        "workItemReleaseDtm": null,
        "pressReleaseId": null,
        "securityClassNm": null,
        "shadowCd": null,
        "pressReleaseType": null,
        "pyrRatingType": null,
        "pacrEmail": null,
        "pacr": null,
        "chairEmail": null,
        "chair": null,
        "addendum": null,
        "addendumEmail": null
    },
    {
        "sourceSystem": "ACCURATE",
        "orgId": null,
        "ratingActionDesc": "LI Group Holdings, Inc.",
        "ratingActionID": "3458881",
        "ratingActionName": "LI Group Holdings, Inc.",
        "ratingCommitteeDate": "2020-09-22 00:00:00.0",
        "ratingOffice": "51",
        "ratingReleaseDate": "2020-09-23 13:14:38.0",
        "releaseDate": "2020-09-23 13:14:44.886",
        "lobname": "CFG",
        "sublobname": "CFG_NY-4",
        "region": "U.S.A. & Canada",
        "leadAnalystID": "7037",
        "leadAnalystName": "Kevin Stuebe",
        "leadAnalystUniqueId": "stuebek",
        "analystEmail": "Kevin.Stuebe@moodys.com",
        "analystLocation": "New York - 7 World Trade Center",
        "approverID": "29017515",
        "approverName": "Kevin Stuebe",
        "officeName": "Moody's Investors Service, Inc.",
        "documentExceptionListingInd": "",
        "announcementInd": "",
        "automaticRating": "No",
        "definitiveRatingPrevProvisional": "No",
        "indicativeRatingInd": "N",
        "definitiveRatingInd": null,
        "linkedAnotherActionInd": "No",
        "privateRatingActionInd": "N",
        "provisionalRatingInd": "N",
        "secondaryactionind": "No",
        "subsequentRatingInd": "N",
        "contactPersonId": null,
        "complianceType": "CAMS",
        "complianceID": "",
        "ratingShellId": null,
        "ratingShellDS": null,
        "workItemStatus": null,
        "workItemType": null,
        "workItemSubType": null,
        "workItemReleaseDtm": null,
        "pressReleaseId": null,
        "securityClassNm": null,
        "shadowCd": null,
        "pressReleaseType": null,
        "pyrRatingType": null,
        "pacrEmail": null,
        "pacr": null,
        "chairEmail": null,
        "chair": null,
        "addendum": null,
        "addendumEmail": null
    },
    {
        "sourceSystem": "ACCURATE",
        "orgId": null,
        "ratingActionDesc": "salesforce.com, inc.",
        "ratingActionID": "3458885",
        "ratingActionName": "salesforce.com, inc.",
        "ratingCommitteeDate": "2020-09-22 00:00:00.0",
        "ratingOffice": "51",
        "ratingReleaseDate": "2020-09-24 14:17:44.0",
        "releaseDate": "2020-09-24 14:17:49.9",
        "lobname": "CFG",
        "sublobname": "CFG_NY-4",
        "region": "U.S.A. & Canada",
        "leadAnalystID": "2378",
        "leadAnalystName": "Raj Joshi",
        "leadAnalystUniqueId": "joshir",
        "analystEmail": "Raj.Joshi@moodys.com",
        "analystLocation": "New York - 7 World Trade Center",
        "approverID": "29002678",
        "approverName": "Raj Joshi",
        "officeName": "Moody's Investors Service, Inc.",
        "documentExceptionListingInd": "",
        "announcementInd": "",
        "automaticRating": "No",
        "definitiveRatingPrevProvisional": "No",
        "indicativeRatingInd": "N",
        "definitiveRatingInd": null,
        "linkedAnotherActionInd": "No",
        "privateRatingActionInd": "N",
        "provisionalRatingInd": "N",
        "secondaryactionind": "No",
        "subsequentRatingInd": "N",
        "contactPersonId": null,
        "complianceType": "CAMS",
        "complianceID": "104502",
        "ratingShellId": null,
        "ratingShellDS": null,
        "workItemStatus": null,
        "workItemType": null,
        "workItemSubType": null,
        "workItemReleaseDtm": null,
        "pressReleaseId": null,
        "securityClassNm": null,
        "shadowCd": null,
        "pressReleaseType": null,
        "pyrRatingType": null,
        "pacrEmail": "Lenny.Ajzenman@moodys.com",
        "pacr": "Lenny Ajzenman",
        "chairEmail": "Lenny.Ajzenman@moodys.com",
        "chair": "Lenny Ajzenman",
        "addendum": "Steven Capelli ",
        "addendumEmail": "CapelliS@moodys.com"
    },
    {
        "sourceSystem": "ACCURATE",
        "orgId": null,
        "ratingActionDesc": "Deutsche Hypothekenbank (Actien-Gesellschaft)",
        "ratingActionID": "3458892",
        "ratingActionName": "Deutsche Hypothekenbank (Actien-Gesellschaft)",
        "ratingCommitteeDate": null,
        "ratingOffice": "41",
        "ratingReleaseDate": "2020-09-24 06:20:44.0",
        "releaseDate": "2020-09-24 06:20:51.23",
        "lobname": "FIG",
        "sublobname": "Banking",
        "region": "Europe",
        "leadAnalystID": "22299",
        "leadAnalystName": "Anna Stark",
        "leadAnalystUniqueId": "starka",
        "analystEmail": "Anna.Stark@moodys.com",
        "analystLocation": "Frankfurt - An der Welle 5",
        "approverID": null,
        "approverName": " ",
        "officeName": "Moody's Deutschland GmbH",
        "documentExceptionListingInd": "",
        "announcementInd": "",
        "automaticRating": "No",
        "definitiveRatingPrevProvisional": "No",
        "indicativeRatingInd": "N",
        "definitiveRatingInd": null,
        "linkedAnotherActionInd": "No",
        "privateRatingActionInd": "N",
        "provisionalRatingInd": "N",
        "secondaryactionind": "No",
        "subsequentRatingInd": "Y",
        "contactPersonId": null,
        "complianceType": "CAMS",
        "complianceID": "",
        "ratingShellId": null,
        "ratingShellDS": null,
        "workItemStatus": null,
        "workItemType": null,
        "workItemSubType": null,
        "workItemReleaseDtm": null,
        "pressReleaseId": null,
        "securityClassNm": null,
        "shadowCd": null,
        "pressReleaseType": null,
        "pyrRatingType": null,
        "pacrEmail": null,
        "pacr": null,
        "chairEmail": null,
        "chair": null,
        "addendum": null,
        "addendumEmail": null
    },
    {
        "sourceSystem": "ACCURATE",
        "orgId": null,
        "ratingActionDesc": "GCI, LLC",
        "ratingActionID": "3458896",
        "ratingActionName": "GCI, LLC",
        "ratingCommitteeDate": "2020-09-11 00:00:00.0",
        "ratingOffice": "51",
        "ratingReleaseDate": "2020-09-23 17:36:39.0",
        "releaseDate": "2020-09-23 17:36:44.56",
        "lobname": "CFG",
        "sublobname": "CFG_NY-4",
        "region": "U.S.A. & Canada",
        "leadAnalystID": "2600",
        "leadAnalystName": "Jason Cuomo",
        "leadAnalystUniqueId": "cuomoj",
        "analystEmail": "Jason.Cuomo@moodys.com",
        "analystLocation": "New York - 7 World Trade Center",
        "approverID": null,
        "approverName": " ",
        "officeName": "Moody's Investors Service, Inc.",
        "documentExceptionListingInd": "",
        "announcementInd": "",
        "automaticRating": "No",
        "definitiveRatingPrevProvisional": "No",
        "indicativeRatingInd": "N",
        "definitiveRatingInd": null,
        "linkedAnotherActionInd": "No",
        "privateRatingActionInd": "N",
        "provisionalRatingInd": "N",
        "secondaryactionind": "No",
        "subsequentRatingInd": "N",
        "contactPersonId": null,
        "complianceType": "CAMS",
        "complianceID": "104166",
        "ratingShellId": null,
        "ratingShellDS": null,
        "workItemStatus": null,
        "workItemType": null,
        "workItemSubType": null,
        "workItemReleaseDtm": null,
        "pressReleaseId": null,
        "securityClassNm": null,
        "shadowCd": null,
        "pressReleaseType": null,
        "pyrRatingType": null,
        "pacrEmail": null,
        "pacr": null,
        "chairEmail": null,
        "chair": null,
        "addendum": null,
        "addendumEmail": null
    },
    {
        "sourceSystem": "ACCURATE",
        "orgId": null,
        "ratingActionDesc": "Bank of America Corporation",
        "ratingActionID": "3458898",
        "ratingActionName": "Bank of America Corporation",
        "ratingCommitteeDate": null,
        "ratingOffice": "51",
        "ratingReleaseDate": "2020-09-23 11:21:08.0",
        "releaseDate": "2020-09-23 11:21:14.73",
        "lobname": "FIG",
        "sublobname": "Banking",
        "region": "U.S.A. & Canada",
        "leadAnalystID": "467",
        "leadAnalystName": "David Fanger",
        "leadAnalystUniqueId": "fangerd",
        "analystEmail": "David.Fanger@moodys.com",
        "analystLocation": "New York - 7 World Trade Center",
        "approverID": null,
        "approverName": " ",
        "officeName": "Moody's Investors Service, Inc.",
        "documentExceptionListingInd": "",
        "announcementInd": "",
        "automaticRating": "No",
        "definitiveRatingPrevProvisional": "No",
        "indicativeRatingInd": "N",
        "definitiveRatingInd": null,
        "linkedAnotherActionInd": "No",
        "privateRatingActionInd": "N",
        "provisionalRatingInd": "N",
        "secondaryactionind": "No",
        "subsequentRatingInd": "Y",
        "contactPersonId": null,
        "complianceType": "CAMS",
        "complianceID": "",
        "ratingShellId": null,
        "ratingShellDS": null,
        "workItemStatus": null,
        "workItemType": null,
        "workItemSubType": null,
        "workItemReleaseDtm": null,
        "pressReleaseId": null,
        "securityClassNm": null,
        "shadowCd": null,
        "pressReleaseType": null,
        "pyrRatingType": null,
        "pacrEmail": null,
        "pacr": null,
        "chairEmail": null,
        "chair": null,
        "addendum": null,
        "addendumEmail": null
    },
    {
        "sourceSystem": "ACCURATE",
        "orgId": null,
        "ratingActionDesc": null,
        "ratingActionID": "3458932",
        "ratingActionName": "New Announcement-Closure Systems International Group Inc.",
        "ratingCommitteeDate": null,
        "ratingOffice": "51",
        "ratingReleaseDate": "2020-09-24 08:37:35.423",
        "releaseDate": "2020-09-24 08:37:35.48",
        "lobname": "CFG",
        "sublobname": "CFG_NY-2",
        "region": "U.S.A. & Canada",
        "leadAnalystID": "6249",
        "leadAnalystName": "Anastasija Johnson",
        "leadAnalystUniqueId": "johnsoan",
        "analystEmail": "Anastasija.Johnson@moodys.com",
        "analystLocation": "New York - 7 World Trade Center",
        "approverID": null,
        "approverName": " ",
        "officeName": "Moody's Investors Service, Inc.",
        "documentExceptionListingInd": "Y",
        "announcementInd": "Y",
        "automaticRating": "Yes",
        "definitiveRatingPrevProvisional": "No",
        "indicativeRatingInd": "N",
        "definitiveRatingInd": null,
        "linkedAnotherActionInd": "No",
        "privateRatingActionInd": "",
        "provisionalRatingInd": "N",
        "secondaryactionind": "No",
        "subsequentRatingInd": "",
        "contactPersonId": null,
        "complianceType": "CAMS",
        "complianceID": "",
        "ratingShellId": null,
        "ratingShellDS": null,
        "workItemStatus": null,
        "workItemType": null,
        "workItemSubType": null,
        "workItemReleaseDtm": null,
        "pressReleaseId": null,
        "securityClassNm": null,
        "shadowCd": null,
        "pressReleaseType": null,
        "pyrRatingType": null,
        "pacrEmail": null,
        "pacr": null,
        "chairEmail": null,
        "chair": null,
        "addendum": null,
        "addendumEmail": null
    },
    {
        "sourceSystem": "ACCURATE",
        "orgId": null,
        "ratingActionDesc": "Raiffeisen Bank International AG",
        "ratingActionID": "3458937",
        "ratingActionName": "Raiffeisen Bank International AG",
        "ratingCommitteeDate": null,
        "ratingOffice": "41",
        "ratingReleaseDate": "2020-09-23 16:40:51.0",
        "releaseDate": "2020-09-23 16:40:54.626",
        "lobname": "FIG",
        "sublobname": "Banking",
        "region": "Europe",
        "leadAnalystID": "6021",
        "leadAnalystName": "Andrea Muller Wehmeier",
        "leadAnalystUniqueId": "wehmeiea",
        "analystEmail": "Andrea.Wehmeier@moodys.com",
        "analystLocation": "Frankfurt - An der Welle 5",
        "approverID": null,
        "approverName": " ",
        "officeName": "Moody's Deutschland GmbH",
        "documentExceptionListingInd": "",
        "announcementInd": "",
        "automaticRating": "Yes",
        "definitiveRatingPrevProvisional": "No",
        "indicativeRatingInd": "N",
        "definitiveRatingInd": null,
        "linkedAnotherActionInd": "No",
        "privateRatingActionInd": "N",
        "provisionalRatingInd": "N",
        "secondaryactionind": "No",
        "subsequentRatingInd": "",
        "contactPersonId": null,
        "complianceType": "CAMS",
        "complianceID": "",
        "ratingShellId": null,
        "ratingShellDS": null,
        "workItemStatus": null,
        "workItemType": null,
        "workItemSubType": null,
        "workItemReleaseDtm": null,
        "pressReleaseId": null,
        "securityClassNm": null,
        "shadowCd": null,
        "pressReleaseType": null,
        "pyrRatingType": null,
        "pacrEmail": null,
        "pacr": null,
        "chairEmail": null,
        "chair": null,
        "addendum": null,
        "addendumEmail": null
    },
    {
        "sourceSystem": "ACCURATE",
        "orgId": null,
        "ratingActionDesc": "Arches Buyer Inc.",
        "ratingActionID": "3458967",
        "ratingActionName": "Arches Buyer Inc.",
        "ratingCommitteeDate": "2020-09-21 00:00:00.0",
        "ratingOffice": "51",
        "ratingReleaseDate": "2020-09-23 14:25:47.0",
        "releaseDate": "2020-09-23 14:26:40.386",
        "lobname": "CFG",
        "sublobname": "CFG_NY-4",
        "region": "U.S.A. & Canada",
        "leadAnalystID": "6234",
        "leadAnalystName": "Dilara Sukhov",
        "leadAnalystUniqueId": "sukhovd",
        "analystEmail": "Dilara.Sukhov@moodys.com",
        "analystLocation": "New York - 7 World Trade Center",
        "approverID": "29005022",
        "approverName": "Dilara Sukhov",
        "officeName": "Moody's Investors Service, Inc.",
        "documentExceptionListingInd": "",
        "announcementInd": "",
        "automaticRating": "No",
        "definitiveRatingPrevProvisional": "No",
        "indicativeRatingInd": "Y",
        "definitiveRatingInd": null,
        "linkedAnotherActionInd": "No",
        "privateRatingActionInd": "Y",
        "provisionalRatingInd": "N",
        "secondaryactionind": "No",
        "subsequentRatingInd": "",
        "contactPersonId": null,
        "complianceType": "CAMS",
        "complianceID": "103905",
        "ratingShellId": null,
        "ratingShellDS": null,
        "workItemStatus": null,
        "workItemType": null,
        "workItemSubType": null,
        "workItemReleaseDtm": null,
        "pressReleaseId": null,
        "securityClassNm": null,
        "shadowCd": null,
        "pressReleaseType": null,
        "pyrRatingType": null,
        "pacrEmail": "Lenny.Ajzenman@moodys.com",
        "pacr": "Lenny Ajzenman",
        "chairEmail": "Lenny.Ajzenman@moodys.com",
        "chair": "Lenny Ajzenman",
        "addendum": "Pierce Pearson, CFA ",
        "addendumEmail": "PearsonE@moodys.com"
    },
    {
        "sourceSystem": "ACCURATE",
        "orgId": null,
        "ratingActionDesc": "New Announcement",
        "ratingActionID": "3458971",
        "ratingActionName": "New Announcement",
        "ratingCommitteeDate": null,
        "ratingOffice": "51",
        "ratingReleaseDate": "2020-09-23 12:24:44.246",
        "releaseDate": "2020-09-23 12:24:44.28",
        "lobname": "PPIF",
        "sublobname": "Municipal Supported Products",
        "region": "U.S.A. & Canada",
        "leadAnalystID": "2312",
        "leadAnalystName": "Randy Matlosz",
        "leadAnalystUniqueId": "matloszr",
        "analystEmail": "Randy.Matlosz@moodys.com",
        "analystLocation": "New York - 7 World Trade Center",
        "approverID": null,
        "approverName": " ",
        "officeName": "Moody's Investors Service, Inc.",
        "documentExceptionListingInd": "Y",
        "announcementInd": "Y",
        "automaticRating": "Yes",
        "definitiveRatingPrevProvisional": "No",
        "indicativeRatingInd": "N",
        "definitiveRatingInd": null,
        "linkedAnotherActionInd": "No",
        "privateRatingActionInd": "",
        "provisionalRatingInd": "N",
        "secondaryactionind": "No",
        "subsequentRatingInd": "",
        "contactPersonId": null,
        "complianceType": "CAMS",
        "complianceID": "",
        "ratingShellId": null,
        "ratingShellDS": null,
        "workItemStatus": null,
        "workItemType": null,
        "workItemSubType": null,
        "workItemReleaseDtm": null,
        "pressReleaseId": null,
        "securityClassNm": null,
        "shadowCd": null,
        "pressReleaseType": null,
        "pyrRatingType": null,
        "pacrEmail": null,
        "pacr": null,
        "chairEmail": null,
        "chair": null,
        "addendum": null,
        "addendumEmail": null
    },
    {
        "sourceSystem": "ACCURATE",
        "orgId": null,
        "ratingActionDesc": "Xcel Energy Inc.",
        "ratingActionID": "3458974",
        "ratingActionName": "Xcel Energy Inc.",
        "ratingCommitteeDate": null,
        "ratingOffice": "51",
        "ratingReleaseDate": "2020-09-25 08:23:24.0",
        "releaseDate": "2020-09-25 08:23:30.916",
        "lobname": "PPIF",
        "sublobname": "Infrastructure Finance",
        "region": "U.S.A. & Canada",
        "leadAnalystID": "2725",
        "leadAnalystName": "Natividad Martel",
        "leadAnalystUniqueId": "marteln",
        "analystEmail": "Natividad.Martel@moodys.com",
        "analystLocation": "New York - 7 World Trade Center",
        "approverID": null,
        "approverName": " ",
        "officeName": "Moody's Investors Service, Inc.",
        "documentExceptionListingInd": "Y",
        "announcementInd": "",
        "automaticRating": "No",
        "definitiveRatingPrevProvisional": "No",
        "indicativeRatingInd": "N",
        "definitiveRatingInd": null,
        "linkedAnotherActionInd": "No",
        "privateRatingActionInd": "N",
        "provisionalRatingInd": "N",
        "secondaryactionind": "No",
        "subsequentRatingInd": "Y",
        "contactPersonId": null,
        "complianceType": "CAMS",
        "complianceID": "",
        "ratingShellId": null,
        "ratingShellDS": null,
        "workItemStatus": null,
        "workItemType": null,
        "workItemSubType": null,
        "workItemReleaseDtm": null,
        "pressReleaseId": null,
        "securityClassNm": null,
        "shadowCd": null,
        "pressReleaseType": null,
        "pyrRatingType": null,
        "pacrEmail": null,
        "pacr": null,
        "chairEmail": null,
        "chair": null,
        "addendum": null,
        "addendumEmail": null
    },
    {
        "sourceSystem": "ACCURATE",
        "orgId": null,
        "ratingActionDesc": "GS Finance Corp.",
        "ratingActionID": "3458993",
        "ratingActionName": "GS Finance Corp.",
        "ratingCommitteeDate": null,
        "ratingOffice": "51",
        "ratingReleaseDate": "2020-09-25 11:39:26.0",
        "releaseDate": "2020-09-25 11:39:57.636",
        "lobname": "FIG",
        "sublobname": "Banking",
        "region": "U.S.A. & Canada",
        "leadAnalystID": "467",
        "leadAnalystName": "David Fanger",
        "leadAnalystUniqueId": "fangerd",
        "analystEmail": "David.Fanger@moodys.com",
        "analystLocation": "New York - 7 World Trade Center",
        "approverID": null,
        "approverName": " ",
        "officeName": "Moody's Investors Service, Inc.",
        "documentExceptionListingInd": "",
        "announcementInd": "",
        "automaticRating": "Yes",
        "definitiveRatingPrevProvisional": "No",
        "indicativeRatingInd": "N",
        "definitiveRatingInd": null,
        "linkedAnotherActionInd": "No",
        "privateRatingActionInd": "N",
        "provisionalRatingInd": "N",
        "secondaryactionind": "No",
        "subsequentRatingInd": "",
        "contactPersonId": null,
        "complianceType": "CAMS",
        "complianceID": "",
        "ratingShellId": null,
        "ratingShellDS": null,
        "workItemStatus": null,
        "workItemType": null,
        "workItemSubType": null,
        "workItemReleaseDtm": null,
        "pressReleaseId": null,
        "securityClassNm": null,
        "shadowCd": null,
        "pressReleaseType": null,
        "pyrRatingType": null,
        "pacrEmail": null,
        "pacr": null,
        "chairEmail": null,
        "chair": null,
        "addendum": null,
        "addendumEmail": null
    },
    {
        "sourceSystem": "ACCURATE",
        "orgId": null,
        "ratingActionDesc": "Fly Leasing Limited",
        "ratingActionID": "3458999",
        "ratingActionName": "Fly Leasing Limited",
        "ratingCommitteeDate": "2020-09-24 00:00:00.0",
        "ratingOffice": "51",
        "ratingReleaseDate": "2020-09-25 12:54:44.0",
        "releaseDate": "2020-09-25 12:54:52.193",
        "lobname": "FIG",
        "sublobname": "Banking",
        "region": "U.S.A. & Canada",
        "leadAnalystID": "7586",
        "leadAnalystName": "Inna Bodeck",
        "leadAnalystUniqueId": "bodecki",
        "analystEmail": "Inna.Bodeck@moodys.com",
        "analystLocation": "New York - 7 World Trade Center",
        "approverID": null,
        "approverName": " ",
        "officeName": "Moody's Investors Service, Inc.",
        "documentExceptionListingInd": "",
        "announcementInd": "",
        "automaticRating": "No",
        "definitiveRatingPrevProvisional": "No",
        "indicativeRatingInd": "N",
        "definitiveRatingInd": null,
        "linkedAnotherActionInd": "No",
        "privateRatingActionInd": "N",
        "provisionalRatingInd": "N",
        "secondaryactionind": "No",
        "subsequentRatingInd": "N",
        "contactPersonId": null,
        "complianceType": "CAMS",
        "complianceID": "103447",
        "ratingShellId": null,
        "ratingShellDS": null,
        "workItemStatus": null,
        "workItemType": null,
        "workItemSubType": null,
        "workItemReleaseDtm": null,
        "pressReleaseId": null,
        "securityClassNm": null,
        "shadowCd": null,
        "pressReleaseType": null,
        "pyrRatingType": null,
        "pacrEmail": "Ana.Arsov@moodys.com",
        "pacr": "Ana Arsov",
        "chairEmail": "Andrea.Usai@moodys.com",
        "chair": "Andrea Usai",
        "addendum": "Aditya Patel ",
        "addendumEmail": "PatelA2@moodys.com"
    },
    {
        "sourceSystem": "ACCURATE",
        "orgId": null,
        "ratingActionDesc": "Fly Leasing Limited",
        "ratingActionID": "3458999",
        "ratingActionName": "Fly Leasing Limited",
        "ratingCommitteeDate": "2020-09-24 00:00:00.0",
        "ratingOffice": "51",
        "ratingReleaseDate": "2020-09-25 12:54:44.0",
        "releaseDate": "2020-09-25 12:54:52.193",
        "lobname": "FIG",
        "sublobname": "Banking",
        "region": "U.S.A. & Canada",
        "leadAnalystID": "7586",
        "leadAnalystName": "Inna Bodeck",
        "leadAnalystUniqueId": "bodecki",
        "analystEmail": "Inna.Bodeck@moodys.com",
        "analystLocation": "New York - 7 World Trade Center",
        "approverID": "29018482",
        "approverName": "Inna Bodeck",
        "officeName": "Moody's Investors Service, Inc.",
        "documentExceptionListingInd": "",
        "announcementInd": "",
        "automaticRating": "No",
        "definitiveRatingPrevProvisional": "No",
        "indicativeRatingInd": "N",
        "definitiveRatingInd": null,
        "linkedAnotherActionInd": "No",
        "privateRatingActionInd": "N",
        "provisionalRatingInd": "N",
        "secondaryactionind": "No",
        "subsequentRatingInd": "N",
        "contactPersonId": null,
        "complianceType": "CAMS",
        "complianceID": "103447",
        "ratingShellId": null,
        "ratingShellDS": null,
        "workItemStatus": null,
        "workItemType": null,
        "workItemSubType": null,
        "workItemReleaseDtm": null,
        "pressReleaseId": null,
        "securityClassNm": null,
        "shadowCd": null,
        "pressReleaseType": null,
        "pyrRatingType": null,
        "pacrEmail": "Ana.Arsov@moodys.com",
        "pacr": "Ana Arsov",
        "chairEmail": "Andrea.Usai@moodys.com",
        "chair": "Andrea Usai",
        "addendum": "Aditya Patel ",
        "addendumEmail": "PatelA2@moodys.com"
    },
    {
        "sourceSystem": "ACCURATE",
        "orgId": null,
        "ratingActionDesc": "Garrett Motion Inc.",
        "ratingActionID": "3459003",
        "ratingActionName": "Garrett Motion Inc.",
        "ratingCommitteeDate": "2020-09-21 00:00:00.0",
        "ratingOffice": "41",
        "ratingReleaseDate": "2020-09-24 13:59:54.0",
        "releaseDate": "2020-09-24 14:00:01.01",
        "lobname": "CFG",
        "sublobname": "CFG Regional",
        "region": "Europe",
        "leadAnalystID": "7053",
        "leadAnalystName": "Matthias Heck",
        "leadAnalystUniqueId": "heckm",
        "analystEmail": "Matthias.Heck@moodys.com",
        "analystLocation": "Frankfurt - An der Welle 5",
        "approverID": "29017302",
        "approverName": "Matthias Heck",
        "officeName": "Moody's Deutschland GmbH",
        "documentExceptionListingInd": "Y",
        "announcementInd": "",
        "automaticRating": "No",
        "definitiveRatingPrevProvisional": "No",
        "indicativeRatingInd": "N",
        "definitiveRatingInd": null,
        "linkedAnotherActionInd": "No",
        "privateRatingActionInd": "N",
        "provisionalRatingInd": "N",
        "secondaryactionind": "No",
        "subsequentRatingInd": "N",
        "contactPersonId": null,
        "complianceType": "CAMS",
        "complianceID": "104783",
        "ratingShellId": null,
        "ratingShellDS": null,
        "workItemStatus": null,
        "workItemType": null,
        "workItemSubType": null,
        "workItemReleaseDtm": null,
        "pressReleaseId": null,
        "securityClassNm": null,
        "shadowCd": null,
        "pressReleaseType": null,
        "pyrRatingType": null,
        "pacrEmail": null,
        "pacr": null,
        "chairEmail": null,
        "chair": null,
        "addendum": null,
        "addendumEmail": null
    },
    {
        "sourceSystem": "ACCURATE",
        "orgId": null,
        "ratingActionDesc": "Colorado Housing and Finance Auth.",
        "ratingActionID": "3459035",
        "ratingActionName": "Colorado Housing and Finance Auth.",
        "ratingCommitteeDate": null,
        "ratingOffice": "51",
        "ratingReleaseDate": "2020-09-25 17:02:36.0",
        "releaseDate": "2020-09-25 17:02:43.206",
        "lobname": "PPIF",
        "sublobname": "Housing",
        "region": "U.S.A. & Canada",
        "leadAnalystID": "1462",
        "leadAnalystName": "David Parsons",
        "leadAnalystUniqueId": "parsonsd",
        "analystEmail": "David.Parsons@moodys.com",
        "analystLocation": "New York - 7 World Trade Center",
        "approverID": null,
        "approverName": " ",
        "officeName": "Moody's Investors Service, Inc.",
        "documentExceptionListingInd": "Y",
        "announcementInd": "",
        "automaticRating": "Yes",
        "definitiveRatingPrevProvisional": "No",
        "indicativeRatingInd": "N",
        "definitiveRatingInd": null,
        "linkedAnotherActionInd": "No",
        "privateRatingActionInd": "N",
        "provisionalRatingInd": "N",
        "secondaryactionind": "No",
        "subsequentRatingInd": "N",
        "contactPersonId": null,
        "complianceType": "CAMS",
        "complianceID": "",
        "ratingShellId": null,
        "ratingShellDS": null,
        "workItemStatus": null,
        "workItemType": null,
        "workItemSubType": null,
        "workItemReleaseDtm": null,
        "pressReleaseId": null,
        "securityClassNm": null,
        "shadowCd": null,
        "pressReleaseType": null,
        "pyrRatingType": null,
        "pacrEmail": null,
        "pacr": null,
        "chairEmail": null,
        "chair": null,
        "addendum": null,
        "addendumEmail": null
    },
    {
        "sourceSystem": "ACCURATE",
        "orgId": null,
        "ratingActionDesc": "PPF Telecom Group B.V.",
        "ratingActionID": "3459038",
        "ratingActionName": "PPF Telecom Group B.V.",
        "ratingCommitteeDate": null,
        "ratingOffice": "69",
        "ratingReleaseDate": "2020-09-24 14:29:27.0",
        "releaseDate": "2020-09-24 14:29:33.886",
        "lobname": "CFG",
        "sublobname": "CFG Regional",
        "region": "Europe",
        "leadAnalystID": "289",
        "leadAnalystName": "Carlos Winzer",
        "leadAnalystUniqueId": "winzerc",
        "analystEmail": "Carlos.Winzer@moodys.com",
        "analystLocation": "Madrid - Calle Principe de Vergara, 131",
        "approverID": null,
        "approverName": " ",
        "officeName": "Moody's Investors Service Espana, S.A.",
        "documentExceptionListingInd": "Y",
        "announcementInd": "",
        "automaticRating": "Yes",
        "definitiveRatingPrevProvisional": "No",
        "indicativeRatingInd": "N",
        "definitiveRatingInd": null,
        "linkedAnotherActionInd": "No",
        "privateRatingActionInd": "N",
        "provisionalRatingInd": "N",
        "secondaryactionind": "No",
        "subsequentRatingInd": "Y",
        "contactPersonId": null,
        "complianceType": "CAMS",
        "complianceID": "",
        "ratingShellId": null,
        "ratingShellDS": null,
        "workItemStatus": null,
        "workItemType": null,
        "workItemSubType": null,
        "workItemReleaseDtm": null,
        "pressReleaseId": null,
        "securityClassNm": null,
        "shadowCd": null,
        "pressReleaseType": null,
        "pyrRatingType": null,
        "pacrEmail": null,
        "pacr": null,
        "chairEmail": null,
        "chair": null,
        "addendum": null,
        "addendumEmail": null
    },
    {
        "sourceSystem": "ACCURATE",
        "orgId": null,
        "ratingActionDesc": "Red Ventures, LLC",
        "ratingActionID": "3459040",
        "ratingActionName": "Red Ventures, LLC",
        "ratingCommitteeDate": null,
        "ratingOffice": "51",
        "ratingReleaseDate": "2020-09-23 14:43:20.323",
        "releaseDate": "2020-09-23 14:43:20.343",
        "lobname": "CFG",
        "sublobname": "CFG_NY-4",
        "region": "U.S.A. & Canada",
        "leadAnalystID": "2311",
        "leadAnalystName": "Gregory Fraser",
        "leadAnalystUniqueId": "fraserg",
        "analystEmail": "Gregory.Fraser@moodys.com",
        "analystLocation": "New York - 7 World Trade Center",
        "approverID": null,
        "approverName": " ",
        "officeName": "Moody's Investors Service, Inc.",
        "documentExceptionListingInd": "Y",
        "announcementInd": "",
        "automaticRating": "Yes",
        "definitiveRatingPrevProvisional": "No",
        "indicativeRatingInd": "N",
        "definitiveRatingInd": null,
        "linkedAnotherActionInd": "No",
        "privateRatingActionInd": "N",
        "provisionalRatingInd": "N",
        "secondaryactionind": "No",
        "subsequentRatingInd": "Y",
        "contactPersonId": null,
        "complianceType": "CAMS",
        "complianceID": "",
        "ratingShellId": null,
        "ratingShellDS": null,
        "workItemStatus": null,
        "workItemType": null,
        "workItemSubType": null,
        "workItemReleaseDtm": null,
        "pressReleaseId": null,
        "securityClassNm": null,
        "shadowCd": null,
        "pressReleaseType": null,
        "pyrRatingType": null,
        "pacrEmail": null,
        "pacr": null,
        "chairEmail": null,
        "chair": null,
        "addendum": null,
        "addendumEmail": null
    },
    {
        "sourceSystem": "ACCURATE",
        "orgId": null,
        "ratingActionDesc": "International Finance Corporation",
        "ratingActionID": "3459045",
        "ratingActionName": "International Finance Corporation",
        "ratingCommitteeDate": null,
        "ratingOffice": "51",
        "ratingReleaseDate": "2020-09-24 09:53:16.0",
        "releaseDate": "2020-09-24 09:53:22.416",
        "lobname": "SOV",
        "sublobname": "Sovereign",
        "region": "U.S.A. & Canada",
        "leadAnalystID": "7229",
        "leadAnalystName": "Ariane Ortiz-Bollin",
        "leadAnalystUniqueId": "bollina",
        "analystEmail": "Ariane.Ortiz-Bollin@moodys.com",
        "analystLocation": "New York - 7 World Trade Center",
        "approverID": null,
        "approverName": " ",
        "officeName": "Moody's Investors Service, Inc.",
        "documentExceptionListingInd": "",
        "announcementInd": "",
        "automaticRating": "No",
        "definitiveRatingPrevProvisional": "No",
        "indicativeRatingInd": "N",
        "definitiveRatingInd": null,
        "linkedAnotherActionInd": "No",
        "privateRatingActionInd": "N",
        "provisionalRatingInd": "N",
        "secondaryactionind": "No",
        "subsequentRatingInd": "Y",
        "contactPersonId": null,
        "complianceType": "CAMS",
        "complianceID": "",
        "ratingShellId": null,
        "ratingShellDS": null,
        "workItemStatus": null,
        "workItemType": null,
        "workItemSubType": null,
        "workItemReleaseDtm": null,
        "pressReleaseId": null,
        "securityClassNm": null,
        "shadowCd": null,
        "pressReleaseType": null,
        "pyrRatingType": null,
        "pacrEmail": null,
        "pacr": null,
        "chairEmail": null,
        "chair": null,
        "addendum": null,
        "addendumEmail": null
    },
    {
        "sourceSystem": "ACCURATE",
        "orgId": null,
        "ratingActionDesc": "Colorado Housing and Finance Authority, Multifamily Taxable Mortgage-backed Securities (M-TMBS) (Sunlight Crossing) Series 2020 (FN), $22.583MM",
        "ratingActionID": "3459048",
        "ratingActionName": "Colorado Housing and Finance Authority, Multifamily Taxable Mortgage-backed Securities (M-TMBS) (Sunlight Crossing) Series 2020 (FN), $22.583MM",
        "ratingCommitteeDate": "2020-09-25 00:00:00.0",
        "ratingOffice": "51",
        "ratingReleaseDate": "2020-09-25 17:41:42.773",
        "releaseDate": "2020-09-25 17:41:42.78",
        "lobname": "PPIF",
        "sublobname": "Housing",
        "region": "U.S.A. & Canada",
        "leadAnalystID": "1462",
        "leadAnalystName": "David Parsons",
        "leadAnalystUniqueId": "parsonsd",
        "analystEmail": "David.Parsons@moodys.com",
        "analystLocation": "New York - 7 World Trade Center",
        "approverID": null,
        "approverName": " ",
        "officeName": "Moody's Investors Service, Inc.",
        "documentExceptionListingInd": "",
        "announcementInd": "",
        "automaticRating": "No",
        "definitiveRatingPrevProvisional": "No",
        "indicativeRatingInd": "N",
        "definitiveRatingInd": null,
        "linkedAnotherActionInd": "No",
        "privateRatingActionInd": "N",
        "provisionalRatingInd": "N",
        "secondaryactionind": "No",
        "subsequentRatingInd": "N",
        "contactPersonId": null,
        "complianceType": "CAMS",
        "complianceID": "104943",
        "ratingShellId": null,
        "ratingShellDS": null,
        "workItemStatus": null,
        "workItemType": null,
        "workItemSubType": null,
        "workItemReleaseDtm": null,
        "pressReleaseId": null,
        "securityClassNm": null,
        "shadowCd": null,
        "pressReleaseType": null,
        "pyrRatingType": null,
        "pacrEmail": null,
        "pacr": null,
        "chairEmail": null,
        "chair": null,
        "addendum": null,
        "addendumEmail": null
    },
    {
        "sourceSystem": "ACCURATE",
        "orgId": null,
        "ratingActionDesc": "Realty Income Corporation",
        "ratingActionID": "3459072",
        "ratingActionName": "Realty Income Corporation",
        "ratingCommitteeDate": null,
        "ratingOffice": "51",
        "ratingReleaseDate": "2020-09-23 17:47:29.0",
        "releaseDate": "2020-09-23 17:47:36.733",
        "lobname": "CFG",
        "sublobname": "CFG_NY-3",
        "region": "U.S.A. & Canada",
        "leadAnalystID": "6093",
        "leadAnalystName": "Alice Chung",
        "leadAnalystUniqueId": "chungal",
        "analystEmail": "Alice.Chung@moodys.com",
        "analystLocation": "New York - 7 World Trade Center",
        "approverID": null,
        "approverName": " ",
        "officeName": "Moody's Investors Service, Inc.",
        "documentExceptionListingInd": "Y",
        "announcementInd": "",
        "automaticRating": "No",
        "definitiveRatingPrevProvisional": "No",
        "indicativeRatingInd": "N",
        "definitiveRatingInd": null,
        "linkedAnotherActionInd": "No",
        "privateRatingActionInd": "N",
        "provisionalRatingInd": "N",
        "secondaryactionind": "No",
        "subsequentRatingInd": "Y",
        "contactPersonId": null,
        "complianceType": "CAMS",
        "complianceID": "",
        "ratingShellId": null,
        "ratingShellDS": null,
        "workItemStatus": null,
        "workItemType": null,
        "workItemSubType": null,
        "workItemReleaseDtm": null,
        "pressReleaseId": null,
        "securityClassNm": null,
        "shadowCd": null,
        "pressReleaseType": null,
        "pyrRatingType": null,
        "pacrEmail": null,
        "pacr": null,
        "chairEmail": null,
        "chair": null,
        "addendum": null,
        "addendumEmail": null
    },
    {
        "sourceSystem": "ACCURATE",
        "orgId": null,
        "ratingActionDesc": "San Diego Gas & Electric Company",
        "ratingActionID": "3459079",
        "ratingActionName": "San Diego Gas & Electric Company",
        "ratingCommitteeDate": null,
        "ratingOffice": "51",
        "ratingReleaseDate": "2020-09-23 15:55:46.0",
        "releaseDate": "2020-09-23 15:55:57.396",
        "lobname": "PPIF",
        "sublobname": "Infrastructure Finance",
        "region": "U.S.A. & Canada",
        "leadAnalystID": "2725",
        "leadAnalystName": "Natividad Martel",
        "leadAnalystUniqueId": "marteln",
        "analystEmail": "Natividad.Martel@moodys.com",
        "analystLocation": "New York - 7 World Trade Center",
        "approverID": null,
        "approverName": " ",
        "officeName": "Moody's Investors Service, Inc.",
        "documentExceptionListingInd": "Y",
        "announcementInd": "",
        "automaticRating": "No",
        "definitiveRatingPrevProvisional": "No",
        "indicativeRatingInd": "N",
        "definitiveRatingInd": null,
        "linkedAnotherActionInd": "No",
        "privateRatingActionInd": "N",
        "provisionalRatingInd": "Y",
        "secondaryactionind": "No",
        "subsequentRatingInd": "Y",
        "contactPersonId": null,
        "complianceType": "CAMS",
        "complianceID": "",
        "ratingShellId": null,
        "ratingShellDS": null,
        "workItemStatus": null,
        "workItemType": null,
        "workItemSubType": null,
        "workItemReleaseDtm": null,
        "pressReleaseId": null,
        "securityClassNm": null,
        "shadowCd": null,
        "pressReleaseType": null,
        "pyrRatingType": null,
        "pacrEmail": null,
        "pacr": null,
        "chairEmail": null,
        "chair": null,
        "addendum": null,
        "addendumEmail": null
    },
    {
        "sourceSystem": "ACCURATE",
        "orgId": null,
        "ratingActionDesc": "First Advantage Holdings, LLC",
        "ratingActionID": "3459103",
        "ratingActionName": "First Advantage Holdings, LLC",
        "ratingCommitteeDate": "2020-09-23 00:00:00.0",
        "ratingOffice": "51",
        "ratingReleaseDate": "2020-09-24 16:39:35.0",
        "releaseDate": "2020-09-24 16:39:43.266",
        "lobname": "CFG",
        "sublobname": "CFG_NY-4",
        "region": "U.S.A. & Canada",
        "leadAnalystID": "7400",
        "leadAnalystName": "Oleg Markin",
        "leadAnalystUniqueId": "markino",
        "analystEmail": "Oleg.Markin@moodys.com",
        "analystLocation": "New York - 7 World Trade Center",
        "approverID": "29002102",
        "approverName": "Gerald Granovsky",
        "officeName": "Moody's Investors Service, Inc.",
        "documentExceptionListingInd": "",
        "announcementInd": "",
        "automaticRating": "No",
        "definitiveRatingPrevProvisional": "No",
        "indicativeRatingInd": "N",
        "definitiveRatingInd": null,
        "linkedAnotherActionInd": "No",
        "privateRatingActionInd": "N",
        "provisionalRatingInd": "N",
        "secondaryactionind": "No",
        "subsequentRatingInd": "N",
        "contactPersonId": null,
        "complianceType": "CAMS",
        "complianceID": "103576",
        "ratingShellId": null,
        "ratingShellDS": null,
        "workItemStatus": null,
        "workItemType": null,
        "workItemSubType": null,
        "workItemReleaseDtm": null,
        "pressReleaseId": null,
        "securityClassNm": null,
        "shadowCd": null,
        "pressReleaseType": null,
        "pyrRatingType": null,
        "pacrEmail": "Karen.Nickerson@moodys.com",
        "pacr": "Karen Nickerson",
        "chairEmail": "Karen.Nickerson@moodys.com",
        "chair": "Karen Nickerson",
        "addendum": "Rebekah Liang ",
        "addendumEmail": "LiangR@moodys.com"
    },
    {
        "sourceSystem": "ACCURATE",
        "orgId": null,
        "ratingActionDesc": "Genuine Financial Holdings, LLC",
        "ratingActionID": "3459115",
        "ratingActionName": "Genuine Financial Holdings, LLC",
        "ratingCommitteeDate": "2020-09-23 00:00:00.0",
        "ratingOffice": "51",
        "ratingReleaseDate": "2020-09-24 16:37:28.0",
        "releaseDate": "2020-09-24 16:37:35.443",
        "lobname": "CFG",
        "sublobname": "CFG_NY-4",
        "region": "U.S.A. & Canada",
        "leadAnalystID": "7400",
        "leadAnalystName": "Oleg Markin",
        "leadAnalystUniqueId": "markino",
        "analystEmail": "Oleg.Markin@moodys.com",
        "analystLocation": "New York - 7 World Trade Center",
        "approverID": "29002102",
        "approverName": "Gerald Granovsky",
        "officeName": "Moody's Investors Service, Inc.",
        "documentExceptionListingInd": "",
        "announcementInd": "",
        "automaticRating": "No",
        "definitiveRatingPrevProvisional": "No",
        "indicativeRatingInd": "N",
        "definitiveRatingInd": null,
        "linkedAnotherActionInd": "No",
        "privateRatingActionInd": "N",
        "provisionalRatingInd": "N",
        "secondaryactionind": "No",
        "subsequentRatingInd": "N",
        "contactPersonId": null,
        "complianceType": "CAMS",
        "complianceID": "104257",
        "ratingShellId": null,
        "ratingShellDS": null,
        "workItemStatus": null,
        "workItemType": null,
        "workItemSubType": null,
        "workItemReleaseDtm": null,
        "pressReleaseId": null,
        "securityClassNm": null,
        "shadowCd": null,
        "pressReleaseType": null,
        "pyrRatingType": null,
        "pacrEmail": "Karen.Nickerson@moodys.com",
        "pacr": "Karen Nickerson",
        "chairEmail": "Karen.Nickerson@moodys.com",
        "chair": "Karen Nickerson",
        "addendum": "Rebekah Liang ",
        "addendumEmail": "LiangR@moodys.com"
    },
    {
        "sourceSystem": "ACCURATE",
        "orgId": null,
        "ratingActionDesc": "Sterling Midco Holdings, Inc.",
        "ratingActionID": "3459130",
        "ratingActionName": "Sterling Midco Holdings, Inc.",
        "ratingCommitteeDate": "2020-09-23 00:00:00.0",
        "ratingOffice": "51",
        "ratingReleaseDate": "2020-09-24 16:44:46.0",
        "releaseDate": "2020-09-24 16:44:52.2",
        "lobname": "CFG",
        "sublobname": "CFG_NY-4",
        "region": "U.S.A. & Canada",
        "leadAnalystID": "7400",
        "leadAnalystName": "Oleg Markin",
        "leadAnalystUniqueId": "markino",
        "analystEmail": "Oleg.Markin@moodys.com",
        "analystLocation": "New York - 7 World Trade Center",
        "approverID": "29002102",
        "approverName": "Gerald Granovsky",
        "officeName": "Moody's Investors Service, Inc.",
        "documentExceptionListingInd": "",
        "announcementInd": "",
        "automaticRating": "No",
        "definitiveRatingPrevProvisional": "No",
        "indicativeRatingInd": "N",
        "definitiveRatingInd": null,
        "linkedAnotherActionInd": "No",
        "privateRatingActionInd": "N",
        "provisionalRatingInd": "N",
        "secondaryactionind": "No",
        "subsequentRatingInd": "N",
        "contactPersonId": null,
        "complianceType": "CAMS",
        "complianceID": "104552",
        "ratingShellId": null,
        "ratingShellDS": null,
        "workItemStatus": null,
        "workItemType": null,
        "workItemSubType": null,
        "workItemReleaseDtm": null,
        "pressReleaseId": null,
        "securityClassNm": null,
        "shadowCd": null,
        "pressReleaseType": null,
        "pyrRatingType": null,
        "pacrEmail": "Karen.Nickerson@moodys.com",
        "pacr": "Karen Nickerson",
        "chairEmail": "Karen.Nickerson@moodys.com",
        "chair": "Karen Nickerson",
        "addendum": "Rebekah Liang ",
        "addendumEmail": "LiangR@moodys.com"
    },
    {
        "sourceSystem": "ACCURATE",
        "orgId": null,
        "ratingActionDesc": "Toyota Motor Credit Corporation",
        "ratingActionID": "3459137",
        "ratingActionName": "Toyota Motor Credit Corporation",
        "ratingCommitteeDate": null,
        "ratingOffice": "51",
        "ratingReleaseDate": "2020-09-23 15:53:16.0",
        "releaseDate": "2020-09-23 15:53:22.04",
        "lobname": "FIG",
        "sublobname": "Banking",
        "region": "U.S.A. & Canada",
        "leadAnalystID": "7586",
        "leadAnalystName": "Inna Bodeck",
        "leadAnalystUniqueId": "bodecki",
        "analystEmail": "Inna.Bodeck@moodys.com",
        "analystLocation": "New York - 7 World Trade Center",
        "approverID": null,
        "approverName": " ",
        "officeName": "Moody's Investors Service, Inc.",
        "documentExceptionListingInd": "",
        "announcementInd": "",
        "automaticRating": "No",
        "definitiveRatingPrevProvisional": "No",
        "indicativeRatingInd": "N",
        "definitiveRatingInd": null,
        "linkedAnotherActionInd": "No",
        "privateRatingActionInd": "N",
        "provisionalRatingInd": "N",
        "secondaryactionind": "No",
        "subsequentRatingInd": "Y",
        "contactPersonId": null,
        "complianceType": "CAMS",
        "complianceID": "",
        "ratingShellId": null,
        "ratingShellDS": null,
        "workItemStatus": null,
        "workItemType": null,
        "workItemSubType": null,
        "workItemReleaseDtm": null,
        "pressReleaseId": null,
        "securityClassNm": null,
        "shadowCd": null,
        "pressReleaseType": null,
        "pyrRatingType": null,
        "pacrEmail": null,
        "pacr": null,
        "chairEmail": null,
        "chair": null,
        "addendum": null,
        "addendumEmail": null
    },
    {
        "sourceSystem": "ACCURATE",
        "orgId": null,
        "ratingActionDesc": "Global Medical Response, Inc.",
        "ratingActionID": "3459139",
        "ratingActionName": "Global Medical Response, Inc.",
        "ratingCommitteeDate": "2020-09-23 00:00:00.0",
        "ratingOffice": "51",
        "ratingReleaseDate": "2020-09-23 19:24:07.0",
        "releaseDate": "2020-09-23 19:24:15.53",
        "lobname": "CFG",
        "sublobname": "CFG_NY-1",
        "region": "U.S.A. & Canada",
        "leadAnalystID": "8001",
        "leadAnalystName": "Kailash Chhaya",
        "leadAnalystUniqueId": "chhayak",
        "analystEmail": "Kailash.Chhaya@moodys.com",
        "analystLocation": "New York - 7 World Trade Center",
        "approverID": "29018541",
        "approverName": "Kailash Chhaya",
        "officeName": "Moody's Investors Service, Inc.",
        "documentExceptionListingInd": "",
        "announcementInd": "",
        "automaticRating": "No",
        "definitiveRatingPrevProvisional": "No",
        "indicativeRatingInd": "N",
        "definitiveRatingInd": null,
        "linkedAnotherActionInd": "No",
        "privateRatingActionInd": "N",
        "provisionalRatingInd": "N",
        "secondaryactionind": "No",
        "subsequentRatingInd": "N",
        "contactPersonId": null,
        "complianceType": "CAMS",
        "complianceID": "104940",
        "ratingShellId": null,
        "ratingShellDS": null,
        "workItemStatus": null,
        "workItemType": null,
        "workItemSubType": null,
        "workItemReleaseDtm": null,
        "pressReleaseId": null,
        "securityClassNm": null,
        "shadowCd": null,
        "pressReleaseType": null,
        "pyrRatingType": null,
        "pacrEmail": "Jessica.Gladstone@moodys.com",
        "pacr": "Jessica Gladstone",
        "chairEmail": "Scott.Tuhy@moodys.com",
        "chair": "Scott Tuhy",
        "addendum": "Samin Iram ",
        "addendumEmail": "IramSam@moodys.com"
    },
    {
        "sourceSystem": "ACCURATE",
        "orgId": null,
        "ratingActionDesc": "Fédération des caisses Desjardins du Québec Legislative Covered Bond Programme",
        "ratingActionID": "3459146",
        "ratingActionName": "Fédération des caisses Desjardins du Québec Legislative Covered Bond Programme",
        "ratingCommitteeDate": null,
        "ratingOffice": "71",
        "ratingReleaseDate": "2020-09-24 09:40:33.0",
        "releaseDate": "2020-09-24 09:40:52.336",
        "lobname": "SFG",
        "sublobname": "NR-COS-ABS",
        "region": "U.S.A. & Canada",
        "leadAnalystID": "7584",
        "leadAnalystName": "Simba Murahwi",
        "leadAnalystUniqueId": "murahwis",
        "analystEmail": "Simba.Murahwi@moodys.com",
        "analystLocation": "Toronto - 70 York Street",
        "approverID": null,
        "approverName": " ",
        "officeName": "Moody's Canada Inc.",
        "documentExceptionListingInd": "Y",
        "announcementInd": "",
        "automaticRating": "No",
        "definitiveRatingPrevProvisional": "No",
        "indicativeRatingInd": "N",
        "definitiveRatingInd": null,
        "linkedAnotherActionInd": "No",
        "privateRatingActionInd": "N",
        "provisionalRatingInd": "N",
        "secondaryactionind": "No",
        "subsequentRatingInd": "Y",
        "contactPersonId": null,
        "complianceType": "CAMS",
        "complianceID": "",
        "ratingShellId": null,
        "ratingShellDS": null,
        "workItemStatus": null,
        "workItemType": null,
        "workItemSubType": null,
        "workItemReleaseDtm": null,
        "pressReleaseId": null,
        "securityClassNm": null,
        "shadowCd": null,
        "pressReleaseType": null,
        "pyrRatingType": null,
        "pacrEmail": null,
        "pacr": null,
        "chairEmail": null,
        "chair": null,
        "addendum": null,
        "addendumEmail": null
    },
    {
        "sourceSystem": "ACCURATE",
        "orgId": null,
        "ratingActionDesc": "New Announcement",
        "ratingActionID": "3459148",
        "ratingActionName": "New Announcement",
        "ratingCommitteeDate": null,
        "ratingOffice": "51",
        "ratingReleaseDate": "2020-09-23 14:49:05.843",
        "releaseDate": "2020-09-23 14:49:05.853",
        "lobname": "PPIF",
        "sublobname": "Municipal Supported Products",
        "region": "U.S.A. & Canada",
        "leadAnalystID": "2312",
        "leadAnalystName": "Randy Matlosz",
        "leadAnalystUniqueId": "matloszr",
        "analystEmail": "Randy.Matlosz@moodys.com",
        "analystLocation": "New York - 7 World Trade Center",
        "approverID": null,
        "approverName": " ",
        "officeName": "Moody's Investors Service, Inc.",
        "documentExceptionListingInd": "Y",
        "announcementInd": "Y",
        "automaticRating": "Yes",
        "definitiveRatingPrevProvisional": "No",
        "indicativeRatingInd": "N",
        "definitiveRatingInd": null,
        "linkedAnotherActionInd": "No",
        "privateRatingActionInd": "",
        "provisionalRatingInd": "N",
        "secondaryactionind": "No",
        "subsequentRatingInd": "",
        "contactPersonId": null,
        "complianceType": "CAMS",
        "complianceID": "",
        "ratingShellId": null,
        "ratingShellDS": null,
        "workItemStatus": null,
        "workItemType": null,
        "workItemSubType": null,
        "workItemReleaseDtm": null,
        "pressReleaseId": null,
        "securityClassNm": null,
        "shadowCd": null,
        "pressReleaseType": null,
        "pyrRatingType": null,
        "pacrEmail": null,
        "pacr": null,
        "chairEmail": null,
        "chair": null,
        "addendum": null,
        "addendumEmail": null
    },
    {
        "sourceSystem": "ACCURATE",
        "orgId": null,
        "ratingActionDesc": "Bank of Montreal",
        "ratingActionID": "3459180",
        "ratingActionName": "Bank of Montreal",
        "ratingCommitteeDate": null,
        "ratingOffice": "71",
        "ratingReleaseDate": "2020-09-24 11:30:39.0",
        "releaseDate": "2020-09-24 11:30:44.98",
        "lobname": "FIG",
        "sublobname": "Banking",
        "region": "U.S.A. & Canada",
        "leadAnalystID": "6721",
        "leadAnalystName": "John Beattie",
        "leadAnalystUniqueId": "beattied",
        "analystEmail": "David.Beattie@moodys.com",
        "analystLocation": "Toronto - 70 York Street",
        "approverID": null,
        "approverName": " ",
        "officeName": "Moody's Canada Inc.",
        "documentExceptionListingInd": "",
        "announcementInd": "",
        "automaticRating": "No",
        "definitiveRatingPrevProvisional": "No",
        "indicativeRatingInd": "N",
        "definitiveRatingInd": null,
        "linkedAnotherActionInd": "No",
        "privateRatingActionInd": "N",
        "provisionalRatingInd": "N",
        "secondaryactionind": "No",
        "subsequentRatingInd": "Y",
        "contactPersonId": null,
        "complianceType": "CAMS",
        "complianceID": "",
        "ratingShellId": null,
        "ratingShellDS": null,
        "workItemStatus": null,
        "workItemType": null,
        "workItemSubType": null,
        "workItemReleaseDtm": null,
        "pressReleaseId": null,
        "securityClassNm": null,
        "shadowCd": null,
        "pressReleaseType": null,
        "pyrRatingType": null,
        "pacrEmail": null,
        "pacr": null,
        "chairEmail": null,
        "chair": null,
        "addendum": null,
        "addendumEmail": null
    },
    {
        "sourceSystem": "ACCURATE",
        "orgId": null,
        "ratingActionDesc": "Jane Street Group, LLC",
        "ratingActionID": "3459184",
        "ratingActionName": "Jane Street Group, LLC",
        "ratingCommitteeDate": "2020-09-23 00:00:00.0",
        "ratingOffice": "51",
        "ratingReleaseDate": "2020-09-24 16:54:53.0",
        "releaseDate": "2020-09-24 16:54:59.553",
        "lobname": "FIG",
        "sublobname": "Banking",
        "region": "U.S.A. & Canada",
        "leadAnalystID": "7191",
        "leadAnalystName": "Fadi Abdel Massih",
        "leadAnalystUniqueId": "massihf",
        "analystEmail": "Fadi.Massih@moodys.com",
        "analystLocation": "New York - 7 World Trade Center",
        "approverID": "29018213",
        "approverName": "Fadi Abdel Massih",
        "officeName": "Moody's Investors Service, Inc.",
        "documentExceptionListingInd": "",
        "announcementInd": "",
        "automaticRating": "No",
        "definitiveRatingPrevProvisional": "No",
        "indicativeRatingInd": "N",
        "definitiveRatingInd": null,
        "linkedAnotherActionInd": "No",
        "privateRatingActionInd": "N",
        "provisionalRatingInd": "N",
        "secondaryactionind": "No",
        "subsequentRatingInd": "N",
        "contactPersonId": null,
        "complianceType": "CAMS",
        "complianceID": "104689",
        "ratingShellId": null,
        "ratingShellDS": null,
        "workItemStatus": null,
        "workItemType": null,
        "workItemSubType": null,
        "workItemReleaseDtm": null,
        "pressReleaseId": null,
        "securityClassNm": null,
        "shadowCd": null,
        "pressReleaseType": null,
        "pyrRatingType": null,
        "pacrEmail": "Ana.Arsov@moodys.com",
        "pacr": "Ana Arsov",
        "chairEmail": "Ana.Arsov@moodys.com",
        "chair": "Ana Arsov",
        "addendum": "Gabriel Hack ",
        "addendumEmail": "HackGabr@moodys.com"
    },
    {
        "sourceSystem": "ACCURATE",
        "orgId": null,
        "ratingActionDesc": "Chinos Intermediate 2 LLC",
        "ratingActionID": "3459219",
        "ratingActionName": "Chinos Intermediate 2 LLC",
        "ratingCommitteeDate": "2020-09-24 00:00:00.0",
        "ratingOffice": "51",
        "ratingReleaseDate": "2020-09-25 14:23:13.0",
        "releaseDate": "2020-09-25 14:23:29.306",
        "lobname": "CFG",
        "sublobname": "CFG_NY-3",
        "region": "U.S.A. & Canada",
        "leadAnalystID": "6827",
        "leadAnalystName": "Raya Sokolyanska",
        "leadAnalystUniqueId": "sokolyar",
        "analystEmail": "Raya.Sokolyanska@moodys.com",
        "analystLocation": "New York - 7 World Trade Center",
        "approverID": "29008285",
        "approverName": "Raya Sokolyanska",
        "officeName": "Moody's Investors Service, Inc.",
        "documentExceptionListingInd": "",
        "announcementInd": "",
        "automaticRating": "No",
        "definitiveRatingPrevProvisional": "No",
        "indicativeRatingInd": "N",
        "definitiveRatingInd": null,
        "linkedAnotherActionInd": "No",
        "privateRatingActionInd": "N",
        "provisionalRatingInd": "N",
        "secondaryactionind": "No",
        "subsequentRatingInd": "N",
        "contactPersonId": null,
        "complianceType": "CAMS",
        "complianceID": "104892",
        "ratingShellId": null,
        "ratingShellDS": null,
        "workItemStatus": null,
        "workItemType": null,
        "workItemSubType": null,
        "workItemReleaseDtm": null,
        "pressReleaseId": null,
        "securityClassNm": null,
        "shadowCd": null,
        "pressReleaseType": null,
        "pyrRatingType": null,
        "pacrEmail": null,
        "pacr": null,
        "chairEmail": null,
        "chair": null,
        "addendum": null,
        "addendumEmail": null
    },
    {
        "sourceSystem": "ACCURATE",
        "orgId": null,
        "ratingActionDesc": "Voyager Aviation Holdings, LLC",
        "ratingActionID": "3459301",
        "ratingActionName": "Voyager Aviation Holdings, LLC",
        "ratingCommitteeDate": "2020-09-24 00:00:00.0",
        "ratingOffice": "51",
        "ratingReleaseDate": "2020-09-24 18:42:45.0",
        "releaseDate": "2020-09-24 18:42:51.4",
        "lobname": "FIG",
        "sublobname": "Banking",
        "region": "U.S.A. & Canada",
        "leadAnalystID": "2059",
        "leadAnalystName": "Mark Wasden",
        "leadAnalystUniqueId": "wasdenm",
        "analystEmail": "Mark.Wasden@moodys.com",
        "analystLocation": "New York - 7 World Trade Center",
        "approverID": "29000732",
        "approverName": "Mark Wasden",
        "officeName": "Moody's Investors Service, Inc.",
        "documentExceptionListingInd": "",
        "announcementInd": "",
        "automaticRating": "No",
        "definitiveRatingPrevProvisional": "No",
        "indicativeRatingInd": "N",
        "definitiveRatingInd": null,
        "linkedAnotherActionInd": "No",
        "privateRatingActionInd": "N",
        "provisionalRatingInd": "N",
        "secondaryactionind": "No",
        "subsequentRatingInd": "N",
        "contactPersonId": null,
        "complianceType": "CAMS",
        "complianceID": "104036",
        "ratingShellId": null,
        "ratingShellDS": null,
        "workItemStatus": null,
        "workItemType": null,
        "workItemSubType": null,
        "workItemReleaseDtm": null,
        "pressReleaseId": null,
        "securityClassNm": null,
        "shadowCd": null,
        "pressReleaseType": null,
        "pyrRatingType": null,
        "pacrEmail": "Ana.Arsov@moodys.com",
        "pacr": "Ana Arsov",
        "chairEmail": "Ana.Arsov@moodys.com",
        "chair": "Ana Arsov",
        "addendum": "Jennifer Fortaney Vazquez ",
        "addendumEmail": "FortaneJ@moodys.com"
    },
    {
        "sourceSystem": "ACCURATE",
        "orgId": null,
        "ratingActionDesc": "StepStone Group LP",
        "ratingActionID": "3459369",
        "ratingActionName": "StepStone Group LP",
        "ratingCommitteeDate": null,
        "ratingOffice": "51",
        "ratingReleaseDate": "2020-09-24 11:31:02.0",
        "releaseDate": "2020-09-24 11:31:07.166",
        "lobname": "FIG",
        "sublobname": "Funds and Asset Mgmt",
        "region": "U.S.A. & Canada",
        "leadAnalystID": "6735",
        "leadAnalystName": "Stefan Kahandaliyanage",
        "leadAnalystUniqueId": "kahandst",
        "analystEmail": "Stefan.Kahandaliyanage@moodys.com",
        "analystLocation": "New York - 7 World Trade Center",
        "approverID": "29013117",
        "approverName": "Stefan Kahandaliyanage",
        "officeName": "Moody's Investors Service, Inc.",
        "documentExceptionListingInd": "Y",
        "announcementInd": "",
        "automaticRating": "Yes",
        "definitiveRatingPrevProvisional": "No",
        "indicativeRatingInd": "N",
        "definitiveRatingInd": null,
        "linkedAnotherActionInd": "No",
        "privateRatingActionInd": "N",
        "provisionalRatingInd": "N",
        "secondaryactionind": "No",
        "subsequentRatingInd": "N",
        "contactPersonId": null,
        "complianceType": "CAMS",
        "complianceID": "",
        "ratingShellId": null,
        "ratingShellDS": null,
        "workItemStatus": null,
        "workItemType": null,
        "workItemSubType": null,
        "workItemReleaseDtm": null,
        "pressReleaseId": null,
        "securityClassNm": null,
        "shadowCd": null,
        "pressReleaseType": null,
        "pyrRatingType": null,
        "pacrEmail": null,
        "pacr": null,
        "chairEmail": null,
        "chair": null,
        "addendum": null,
        "addendumEmail": null
    },
    {
        "sourceSystem": "ACCURATE",
        "orgId": null,
        "ratingActionDesc": "Collateralized Commercial Paper Co., LLC & Collateralized Commercial Paper II Co, LLC",
        "ratingActionID": "3459383",
        "ratingActionName": "Collateralized Commercial Paper Co., LLC & Collateralized Commercial Paper II Co, LLC",
        "ratingCommitteeDate": null,
        "ratingOffice": "51",
        "ratingReleaseDate": "2020-09-24 15:56:41.0",
        "releaseDate": "2020-09-24 15:56:48.31",
        "lobname": "SFG",
        "sublobname": "Surv-COR-ABCP",
        "region": "U.S.A. & Canada",
        "leadAnalystID": "6331",
        "leadAnalystName": "Katrina Wong",
        "leadAnalystUniqueId": "wongka",
        "analystEmail": "Katrina.Wong@moodys.com",
        "analystLocation": "New York - 7 World Trade Center",
        "approverID": null,
        "approverName": " ",
        "officeName": "Moody's Investors Service, Inc.",
        "documentExceptionListingInd": "Y",
        "announcementInd": "",
        "automaticRating": "Yes",
        "definitiveRatingPrevProvisional": "No",
        "indicativeRatingInd": "N",
        "definitiveRatingInd": null,
        "linkedAnotherActionInd": "No",
        "privateRatingActionInd": "N",
        "provisionalRatingInd": "N",
        "secondaryactionind": "No",
        "subsequentRatingInd": "N",
        "contactPersonId": null,
        "complianceType": "CAMS",
        "complianceID": "",
        "ratingShellId": null,
        "ratingShellDS": null,
        "workItemStatus": null,
        "workItemType": null,
        "workItemSubType": null,
        "workItemReleaseDtm": null,
        "pressReleaseId": null,
        "securityClassNm": null,
        "shadowCd": null,
        "pressReleaseType": null,
        "pyrRatingType": null,
        "pacrEmail": null,
        "pacr": null,
        "chairEmail": null,
        "chair": null,
        "addendum": null,
        "addendumEmail": null
    },
    {
        "sourceSystem": "ACCURATE",
        "orgId": null,
        "ratingActionDesc": "84 Lumber Company",
        "ratingActionID": "3459405",
        "ratingActionName": "84 Lumber Company",
        "ratingCommitteeDate": null,
        "ratingOffice": "51",
        "ratingReleaseDate": "2020-09-24 13:07:10.0",
        "releaseDate": "2020-09-24 13:07:12.86",
        "lobname": "CFG",
        "sublobname": "CFG_NY-2",
        "region": "U.S.A. & Canada",
        "leadAnalystID": "2087",
        "leadAnalystName": "Peter Doyle",
        "leadAnalystUniqueId": "doylep",
        "analystEmail": "Peter.Doyle@moodys.com",
        "analystLocation": "New York - 7 World Trade Center",
        "approverID": null,
        "approverName": " ",
        "officeName": "Moody's Investors Service, Inc.",
        "documentExceptionListingInd": "Y",
        "announcementInd": "",
        "automaticRating": "Yes",
        "definitiveRatingPrevProvisional": "No",
        "indicativeRatingInd": "N",
        "definitiveRatingInd": null,
        "linkedAnotherActionInd": "No",
        "privateRatingActionInd": "N",
        "provisionalRatingInd": "N",
        "secondaryactionind": "No",
        "subsequentRatingInd": "",
        "contactPersonId": null,
        "complianceType": "CAMS",
        "complianceID": "",
        "ratingShellId": null,
        "ratingShellDS": null,
        "workItemStatus": null,
        "workItemType": null,
        "workItemSubType": null,
        "workItemReleaseDtm": null,
        "pressReleaseId": null,
        "securityClassNm": null,
        "shadowCd": null,
        "pressReleaseType": null,
        "pyrRatingType": null,
        "pacrEmail": null,
        "pacr": null,
        "chairEmail": null,
        "chair": null,
        "addendum": null,
        "addendumEmail": null
    },
    {
        "sourceSystem": "ACCURATE",
        "orgId": null,
        "ratingActionDesc": "Specialty Building Products Holdings, LLC",
        "ratingActionID": "3459409",
        "ratingActionName": "Specialty Building Products Holdings, LLC",
        "ratingCommitteeDate": null,
        "ratingOffice": "51",
        "ratingReleaseDate": "2020-09-24 13:05:13.0",
        "releaseDate": "2020-09-24 13:05:15.616",
        "lobname": "CFG",
        "sublobname": "CFG_NY-2",
        "region": "U.S.A. & Canada",
        "leadAnalystID": "2087",
        "leadAnalystName": "Peter Doyle",
        "leadAnalystUniqueId": "doylep",
        "analystEmail": "Peter.Doyle@moodys.com",
        "analystLocation": "New York - 7 World Trade Center",
        "approverID": null,
        "approverName": " ",
        "officeName": "Moody's Investors Service, Inc.",
        "documentExceptionListingInd": "Y",
        "announcementInd": "",
        "automaticRating": "Yes",
        "definitiveRatingPrevProvisional": "No",
        "indicativeRatingInd": "N",
        "definitiveRatingInd": null,
        "linkedAnotherActionInd": "No",
        "privateRatingActionInd": "N",
        "provisionalRatingInd": "N",
        "secondaryactionind": "No",
        "subsequentRatingInd": "",
        "contactPersonId": null,
        "complianceType": "CAMS",
        "complianceID": "",
        "ratingShellId": null,
        "ratingShellDS": null,
        "workItemStatus": null,
        "workItemType": null,
        "workItemSubType": null,
        "workItemReleaseDtm": null,
        "pressReleaseId": null,
        "securityClassNm": null,
        "shadowCd": null,
        "pressReleaseType": null,
        "pyrRatingType": null,
        "pacrEmail": null,
        "pacr": null,
        "chairEmail": null,
        "chair": null,
        "addendum": null,
        "addendumEmail": null
    },
    {
        "sourceSystem": "ACCURATE",
        "orgId": null,
        "ratingActionDesc": "Federal Home Loan Banks",
        "ratingActionID": "3459411",
        "ratingActionName": "Federal Home Loan Banks",
        "ratingCommitteeDate": null,
        "ratingOffice": "51",
        "ratingReleaseDate": "2020-09-24 10:36:15.0",
        "releaseDate": "2020-09-24 10:36:34.52",
        "lobname": "FIG",
        "sublobname": "Banking",
        "region": "U.S.A. & Canada",
        "leadAnalystID": "1241",
        "leadAnalystName": "Allen Tischler",
        "leadAnalystUniqueId": "tischlea",
        "analystEmail": "Allen.Tischler@moodys.com",
        "analystLocation": "New York - 7 World Trade Center",
        "approverID": null,
        "approverName": " ",
        "officeName": "Moody's Investors Service, Inc.",
        "documentExceptionListingInd": "",
        "announcementInd": "",
        "automaticRating": "No",
        "definitiveRatingPrevProvisional": "No",
        "indicativeRatingInd": "N",
        "definitiveRatingInd": null,
        "linkedAnotherActionInd": "No",
        "privateRatingActionInd": "N",
        "provisionalRatingInd": "N",
        "secondaryactionind": "No",
        "subsequentRatingInd": "Y",
        "contactPersonId": null,
        "complianceType": "CAMS",
        "complianceID": "",
        "ratingShellId": null,
        "ratingShellDS": null,
        "workItemStatus": null,
        "workItemType": null,
        "workItemSubType": null,
        "workItemReleaseDtm": null,
        "pressReleaseId": null,
        "securityClassNm": null,
        "shadowCd": null,
        "pressReleaseType": null,
        "pyrRatingType": null,
        "pacrEmail": null,
        "pacr": null,
        "chairEmail": null,
        "chair": null,
        "addendum": null,
        "addendumEmail": null
    },
    {
        "sourceSystem": "ACCURATE",
        "orgId": null,
        "ratingActionDesc": "ENN Ecological Holdings Co., Ltd and ENN Clean Energy International Investment Limited",
        "ratingActionID": "3459425",
        "ratingActionName": "ENN Ecological Holdings Co., Ltd and ENN Clean Energy International Investment Limited",
        "ratingCommitteeDate": "2020-09-23 00:00:00.0",
        "ratingOffice": "72",
        "ratingReleaseDate": "2020-09-25 06:38:30.0",
        "releaseDate": "2020-09-25 06:38:37.886",
        "lobname": "PPIF",
        "sublobname": "Infrastructure Finance",
        "region": null,
        "leadAnalystID": "7926",
        "leadAnalystName": "Chun Wah Kan",
        "leadAnalystUniqueId": "kanb",
        "analystEmail": "Boris.Kan@moodys.com",
        "analystLocation": "Hong Kong - One Pacific Place",
        "approverID": "29032780",
        "approverName": "Chun Wah Kan",
        "officeName": "Moody's Investors Service Hong Kong Ltd.",
        "documentExceptionListingInd": "",
        "announcementInd": "",
        "automaticRating": "No",
        "definitiveRatingPrevProvisional": "No",
        "indicativeRatingInd": "N",
        "definitiveRatingInd": null,
        "linkedAnotherActionInd": "No",
        "privateRatingActionInd": "N",
        "provisionalRatingInd": "N",
        "secondaryactionind": "No",
        "subsequentRatingInd": "N",
        "contactPersonId": null,
        "complianceType": "CAMS",
        "complianceID": "104570",
        "ratingShellId": null,
        "ratingShellDS": null,
        "workItemStatus": null,
        "workItemType": null,
        "workItemSubType": null,
        "workItemReleaseDtm": null,
        "pressReleaseId": null,
        "securityClassNm": null,
        "shadowCd": null,
        "pressReleaseType": null,
        "pyrRatingType": null,
        "pacrEmail": "Terry.Fanous@moodys.com",
        "pacr": "Terry Fanous",
        "chairEmail": "Ning.Loh@moodys.com",
        "chair": "Ning Loh",
        "addendum": "Nicole Gu ",
        "addendumEmail": "GuN@moodys.com"
    },
    {
        "sourceSystem": "ACCURATE",
        "orgId": null,
        "ratingActionDesc": "ENN Energy Holdings Limited",
        "ratingActionID": "3459428",
        "ratingActionName": "ENN Energy Holdings Limited",
        "ratingCommitteeDate": "2020-09-23 00:00:00.0",
        "ratingOffice": "72",
        "ratingReleaseDate": "2020-09-25 06:06:29.0",
        "releaseDate": "2020-09-25 06:06:37.933",
        "lobname": "PPIF",
        "sublobname": "Infrastructure Finance",
        "region": null,
        "leadAnalystID": "7926",
        "leadAnalystName": "Chun Wah Kan",
        "leadAnalystUniqueId": "kanb",
        "analystEmail": "Boris.Kan@moodys.com",
        "analystLocation": "Hong Kong - One Pacific Place",
        "approverID": "29032780",
        "approverName": "Chun Wah Kan",
        "officeName": "Moody's Investors Service Hong Kong Ltd.",
        "documentExceptionListingInd": "",
        "announcementInd": "",
        "automaticRating": "No",
        "definitiveRatingPrevProvisional": "No",
        "indicativeRatingInd": "N",
        "definitiveRatingInd": null,
        "linkedAnotherActionInd": "No",
        "privateRatingActionInd": "N",
        "provisionalRatingInd": "N",
        "secondaryactionind": "No",
        "subsequentRatingInd": "N",
        "contactPersonId": null,
        "complianceType": "CAMS",
        "complianceID": "104569",
        "ratingShellId": null,
        "ratingShellDS": null,
        "workItemStatus": null,
        "workItemType": null,
        "workItemSubType": null,
        "workItemReleaseDtm": null,
        "pressReleaseId": null,
        "securityClassNm": null,
        "shadowCd": null,
        "pressReleaseType": null,
        "pyrRatingType": null,
        "pacrEmail": "Terry.Fanous@moodys.com",
        "pacr": "Terry Fanous",
        "chairEmail": "Ning.Loh@moodys.com",
        "chair": "Ning Loh",
        "addendum": "Nicole Gu ",
        "addendumEmail": "GuN@moodys.com"
    },
    {
        "sourceSystem": "ACCURATE",
        "orgId": null,
        "ratingActionDesc": "Korea National Oil Corporation",
        "ratingActionID": "3459453",
        "ratingActionName": "Korea National Oil Corporation",
        "ratingCommitteeDate": null,
        "ratingOffice": "72",
        "ratingReleaseDate": "2020-09-24 01:58:09.0",
        "releaseDate": "2020-09-24 01:58:13.46",
        "lobname": "CFG",
        "sublobname": "CFG Regional",
        "region": null,
        "leadAnalystID": "7289",
        "leadAnalystName": "Wan Hee Yoo",
        "leadAnalystUniqueId": "yoow",
        "analystEmail": "WanHee.Yoo@moodys.com",
        "analystLocation": "Hong Kong - One Pacific Place",
        "approverID": null,
        "approverName": " ",
        "officeName": "Moody's Investors Service Hong Kong Ltd.",
        "documentExceptionListingInd": "Y",
        "announcementInd": "",
        "automaticRating": "Yes",
        "definitiveRatingPrevProvisional": "No",
        "indicativeRatingInd": "N",
        "definitiveRatingInd": null,
        "linkedAnotherActionInd": "No",
        "privateRatingActionInd": "N",
        "provisionalRatingInd": "N",
        "secondaryactionind": "No",
        "subsequentRatingInd": "Y",
        "contactPersonId": null,
        "complianceType": "CAMS",
        "complianceID": "",
        "ratingShellId": null,
        "ratingShellDS": null,
        "workItemStatus": null,
        "workItemType": null,
        "workItemSubType": null,
        "workItemReleaseDtm": null,
        "pressReleaseId": null,
        "securityClassNm": null,
        "shadowCd": null,
        "pressReleaseType": null,
        "pyrRatingType": null,
        "pacrEmail": null,
        "pacr": null,
        "chairEmail": null,
        "chair": null,
        "addendum": null,
        "addendumEmail": null
    },
    {
        "sourceSystem": "ACCURATE",
        "orgId": null,
        "ratingActionDesc": "Asian Infrastructure Investment Bank (AIIB)",
        "ratingActionID": "3459455",
        "ratingActionName": "Asian Infrastructure Investment Bank (AIIB)",
        "ratingCommitteeDate": null,
        "ratingOffice": "81",
        "ratingReleaseDate": "2020-09-24 06:02:40.0",
        "releaseDate": "2020-09-24 06:02:46.963",
        "lobname": "SOV",
        "sublobname": "Sovereign",
        "region": "Asia Pacific",
        "leadAnalystID": "7896",
        "leadAnalystName": "Martin Petch",
        "leadAnalystUniqueId": "petm",
        "analystEmail": "Martin.Petch@moodys.com",
        "analystLocation": "Singapore - 50 Raffles Place #23-06",
        "approverID": null,
        "approverName": " ",
        "officeName": "Moody's Investors Service Singapore Pte. Ltd.",
        "documentExceptionListingInd": "Y",
        "announcementInd": "",
        "automaticRating": "Yes",
        "definitiveRatingPrevProvisional": "No",
        "indicativeRatingInd": "N",
        "definitiveRatingInd": null,
        "linkedAnotherActionInd": "No",
        "privateRatingActionInd": "N",
        "provisionalRatingInd": "N",
        "secondaryactionind": "No",
        "subsequentRatingInd": "Y",
        "contactPersonId": null,
        "complianceType": "CAMS",
        "complianceID": "",
        "ratingShellId": null,
        "ratingShellDS": null,
        "workItemStatus": null,
        "workItemType": null,
        "workItemSubType": null,
        "workItemReleaseDtm": null,
        "pressReleaseId": null,
        "securityClassNm": null,
        "shadowCd": null,
        "pressReleaseType": null,
        "pyrRatingType": null,
        "pacrEmail": null,
        "pacr": null,
        "chairEmail": null,
        "chair": null,
        "addendum": null,
        "addendumEmail": null
    },
    {
        "sourceSystem": "ACCURATE",
        "orgId": null,
        "ratingActionDesc": "Federal Farm Credit Banks",
        "ratingActionID": "3459473",
        "ratingActionName": "Federal Farm Credit Banks",
        "ratingCommitteeDate": null,
        "ratingOffice": "51",
        "ratingReleaseDate": "2020-09-24 10:31:56.0",
        "releaseDate": "2020-09-24 10:32:25.226",
        "lobname": "FIG",
        "sublobname": "Banking",
        "region": "U.S.A. & Canada",
        "leadAnalystID": "1241",
        "leadAnalystName": "Allen Tischler",
        "leadAnalystUniqueId": "tischlea",
        "analystEmail": "Allen.Tischler@moodys.com",
        "analystLocation": "New York - 7 World Trade Center",
        "approverID": null,
        "approverName": " ",
        "officeName": "Moody's Investors Service, Inc.",
        "documentExceptionListingInd": "",
        "announcementInd": "",
        "automaticRating": "No",
        "definitiveRatingPrevProvisional": "No",
        "indicativeRatingInd": "N",
        "definitiveRatingInd": null,
        "linkedAnotherActionInd": "No",
        "privateRatingActionInd": "N",
        "provisionalRatingInd": "N",
        "secondaryactionind": "No",
        "subsequentRatingInd": "Y",
        "contactPersonId": null,
        "complianceType": "CAMS",
        "complianceID": "",
        "ratingShellId": null,
        "ratingShellDS": null,
        "workItemStatus": null,
        "workItemType": null,
        "workItemSubType": null,
        "workItemReleaseDtm": null,
        "pressReleaseId": null,
        "securityClassNm": null,
        "shadowCd": null,
        "pressReleaseType": null,
        "pyrRatingType": null,
        "pacrEmail": null,
        "pacr": null,
        "chairEmail": null,
        "chair": null,
        "addendum": null,
        "addendumEmail": null
    },
    {
        "sourceSystem": "ACCURATE",
        "orgId": null,
        "ratingActionDesc": "Federal Home Loan Mortgage Corp.",
        "ratingActionID": "3459489",
        "ratingActionName": "Federal Home Loan Mortgage Corp.",
        "ratingCommitteeDate": null,
        "ratingOffice": "51",
        "ratingReleaseDate": "2020-09-24 15:17:57.0",
        "releaseDate": "2020-09-24 15:18:49.343",
        "lobname": "FIG",
        "sublobname": "Banking",
        "region": "U.S.A. & Canada",
        "leadAnalystID": "1600",
        "leadAnalystName": "Warren Kornfeld",
        "leadAnalystUniqueId": "kornfelw",
        "analystEmail": "Warren.Kornfeld@moodys.com",
        "analystLocation": "New York - 7 World Trade Center",
        "approverID": null,
        "approverName": " ",
        "officeName": "Moody's Investors Service, Inc.",
        "documentExceptionListingInd": "",
        "announcementInd": "",
        "automaticRating": "No",
        "definitiveRatingPrevProvisional": "No",
        "indicativeRatingInd": "N",
        "definitiveRatingInd": null,
        "linkedAnotherActionInd": "No",
        "privateRatingActionInd": "N",
        "provisionalRatingInd": "N",
        "secondaryactionind": "No",
        "subsequentRatingInd": "Y",
        "contactPersonId": null,
        "complianceType": "CAMS",
        "complianceID": "",
        "ratingShellId": null,
        "ratingShellDS": null,
        "workItemStatus": null,
        "workItemType": null,
        "workItemSubType": null,
        "workItemReleaseDtm": null,
        "pressReleaseId": null,
        "securityClassNm": null,
        "shadowCd": null,
        "pressReleaseType": null,
        "pyrRatingType": null,
        "pacrEmail": null,
        "pacr": null,
        "chairEmail": null,
        "chair": null,
        "addendum": null,
        "addendumEmail": null
    },
    {
        "sourceSystem": "ACCURATE",
        "orgId": null,
        "ratingActionDesc": "Flagship Credit Auto Trust 2019-1",
        "ratingActionID": "3459495",
        "ratingActionName": "Flagship Credit Auto Trust 2019-1",
        "ratingCommitteeDate": null,
        "ratingOffice": "51",
        "ratingReleaseDate": "2020-09-25 08:28:06.0",
        "releaseDate": "2020-09-25 08:28:19.71",
        "lobname": null,
        "sublobname": null,
        "region": "U.S.A. & Canada",
        "leadAnalystID": "30000",
        "leadAnalystName": "Structured Finance Group Middle Office - US",
        "leadAnalystUniqueId": null,
        "analystEmail": null,
        "analystLocation": null,
        "approverID": null,
        "approverName": " ",
        "officeName": "Moody's Investors Service, Inc.",
        "documentExceptionListingInd": "Y",
        "announcementInd": "",
        "automaticRating": "Yes",
        "definitiveRatingPrevProvisional": "No",
        "indicativeRatingInd": "N",
        "definitiveRatingInd": null,
        "linkedAnotherActionInd": "No",
        "privateRatingActionInd": "Y",
        "provisionalRatingInd": "N",
        "secondaryactionind": "No",
        "subsequentRatingInd": "",
        "contactPersonId": null,
        "complianceType": "CAMS",
        "complianceID": "",
        "ratingShellId": null,
        "ratingShellDS": null,
        "workItemStatus": null,
        "workItemType": null,
        "workItemSubType": null,
        "workItemReleaseDtm": null,
        "pressReleaseId": null,
        "securityClassNm": null,
        "shadowCd": null,
        "pressReleaseType": null,
        "pyrRatingType": null,
        "pacrEmail": null,
        "pacr": null,
        "chairEmail": null,
        "chair": null,
        "addendum": null,
        "addendumEmail": null
    },
    {
        "sourceSystem": "ACCURATE",
        "orgId": null,
        "ratingActionDesc": "Federal Home Loan Mortgage Corp.",
        "ratingActionID": "3459525",
        "ratingActionName": "Federal Home Loan Mortgage Corp.",
        "ratingCommitteeDate": null,
        "ratingOffice": "51",
        "ratingReleaseDate": "2020-09-24 16:39:31.0",
        "releaseDate": "2020-09-24 16:40:27.49",
        "lobname": "FIG",
        "sublobname": "Banking",
        "region": "U.S.A. & Canada",
        "leadAnalystID": "1600",
        "leadAnalystName": "Warren Kornfeld",
        "leadAnalystUniqueId": "kornfelw",
        "analystEmail": "Warren.Kornfeld@moodys.com",
        "analystLocation": "New York - 7 World Trade Center",
        "approverID": null,
        "approverName": " ",
        "officeName": "Moody's Investors Service, Inc.",
        "documentExceptionListingInd": "",
        "announcementInd": "",
        "automaticRating": "No",
        "definitiveRatingPrevProvisional": "No",
        "indicativeRatingInd": "N",
        "definitiveRatingInd": null,
        "linkedAnotherActionInd": "No",
        "privateRatingActionInd": "N",
        "provisionalRatingInd": "N",
        "secondaryactionind": "No",
        "subsequentRatingInd": "Y",
        "contactPersonId": null,
        "complianceType": "CAMS",
        "complianceID": "",
        "ratingShellId": null,
        "ratingShellDS": null,
        "workItemStatus": null,
        "workItemType": null,
        "workItemSubType": null,
        "workItemReleaseDtm": null,
        "pressReleaseId": null,
        "securityClassNm": null,
        "shadowCd": null,
        "pressReleaseType": null,
        "pyrRatingType": null,
        "pacrEmail": null,
        "pacr": null,
        "chairEmail": null,
        "chair": null,
        "addendum": null,
        "addendumEmail": null
    },
    {
        "sourceSystem": "ACCURATE",
        "orgId": null,
        "ratingActionDesc": "Flagship Credit Auto Trust 2020-1",
        "ratingActionID": "3459549",
        "ratingActionName": "Flagship Credit Auto Trust 2020-1",
        "ratingCommitteeDate": null,
        "ratingOffice": "51",
        "ratingReleaseDate": "2020-09-25 08:25:18.0",
        "releaseDate": "2020-09-25 08:25:32.823",
        "lobname": null,
        "sublobname": null,
        "region": "U.S.A. & Canada",
        "leadAnalystID": "30000",
        "leadAnalystName": "Structured Finance Group Middle Office - US",
        "leadAnalystUniqueId": null,
        "analystEmail": null,
        "analystLocation": null,
        "approverID": null,
        "approverName": " ",
        "officeName": "Moody's Investors Service, Inc.",
        "documentExceptionListingInd": "Y",
        "announcementInd": "",
        "automaticRating": "Yes",
        "definitiveRatingPrevProvisional": "No",
        "indicativeRatingInd": "N",
        "definitiveRatingInd": null,
        "linkedAnotherActionInd": "No",
        "privateRatingActionInd": "Y",
        "provisionalRatingInd": "N",
        "secondaryactionind": "No",
        "subsequentRatingInd": "",
        "contactPersonId": null,
        "complianceType": "CAMS",
        "complianceID": "",
        "ratingShellId": null,
        "ratingShellDS": null,
        "workItemStatus": null,
        "workItemType": null,
        "workItemSubType": null,
        "workItemReleaseDtm": null,
        "pressReleaseId": null,
        "securityClassNm": null,
        "shadowCd": null,
        "pressReleaseType": null,
        "pyrRatingType": null,
        "pacrEmail": null,
        "pacr": null,
        "chairEmail": null,
        "chair": null,
        "addendum": null,
        "addendumEmail": null
    },
    {
        "sourceSystem": "ACCURATE",
        "orgId": null,
        "ratingActionDesc": "Indigo Lease S.r.l.",
        "ratingActionID": "3459785",
        "ratingActionName": "Indigo Lease S.r.l.",
        "ratingCommitteeDate": "2020-09-23 00:00:00.0",
        "ratingOffice": "41",
        "ratingReleaseDate": "2020-09-25 12:54:45.0",
        "releaseDate": "2020-09-25 12:54:49.786",
        "lobname": "SFG",
        "sublobname": "Surv-COS-RMBS",
        "region": "Europe",
        "leadAnalystID": "31756",
        "leadAnalystName": "Michal Kuehnel",
        "leadAnalystUniqueId": "kuehnelm",
        "analystEmail": "Michal.Kuehnel@moodys.com",
        "analystLocation": "Frankfurt - An der Welle 5",
        "approverID": null,
        "approverName": " ",
        "officeName": "Moody's Deutschland GmbH",
        "documentExceptionListingInd": "",
        "announcementInd": "",
        "automaticRating": "No",
        "definitiveRatingPrevProvisional": "No",
        "indicativeRatingInd": "N",
        "definitiveRatingInd": null,
        "linkedAnotherActionInd": "No",
        "privateRatingActionInd": "N",
        "provisionalRatingInd": "N",
        "secondaryactionind": "No",
        "subsequentRatingInd": "N",
        "contactPersonId": null,
        "complianceType": "CAMS",
        "complianceID": "102626",
        "ratingShellId": null,
        "ratingShellDS": null,
        "workItemStatus": null,
        "workItemType": null,
        "workItemSubType": null,
        "workItemReleaseDtm": null,
        "pressReleaseId": null,
        "securityClassNm": null,
        "shadowCd": null,
        "pressReleaseType": null,
        "pyrRatingType": null,
        "pacrEmail": null,
        "pacr": null,
        "chairEmail": null,
        "chair": null,
        "addendum": "Alberto Barbachano ",
        "addendumEmail": "BarbachA@moodys.com"
    },
    {
        "sourceSystem": "ACCURATE",
        "orgId": null,
        "ratingActionDesc": "Diageo Capital B.V.",
        "ratingActionID": "3459800",
        "ratingActionName": "Diageo Capital B.V.",
        "ratingCommitteeDate": null,
        "ratingOffice": "52",
        "ratingReleaseDate": "2020-09-25 05:13:41.0",
        "releaseDate": "2020-09-25 05:13:48.926",
        "lobname": "CFG",
        "sublobname": "CFG Regional",
        "region": "Europe",
        "leadAnalystID": "6928",
        "leadAnalystName": "Roberto Pozzi",
        "leadAnalystUniqueId": "pozzir",
        "analystEmail": "Roberto.Pozzi@moodys.com",
        "analystLocation": "London - One Canada Square",
        "approverID": null,
        "approverName": " ",
        "officeName": "Moody's Investors Service Ltd.",
        "documentExceptionListingInd": "",
        "announcementInd": "",
        "automaticRating": "No",
        "definitiveRatingPrevProvisional": "No",
        "indicativeRatingInd": "N",
        "definitiveRatingInd": null,
        "linkedAnotherActionInd": "No",
        "privateRatingActionInd": "N",
        "provisionalRatingInd": "N",
        "secondaryactionind": "No",
        "subsequentRatingInd": "Y",
        "contactPersonId": null,
        "complianceType": "CAMS",
        "complianceID": "",
        "ratingShellId": null,
        "ratingShellDS": null,
        "workItemStatus": null,
        "workItemType": null,
        "workItemSubType": null,
        "workItemReleaseDtm": null,
        "pressReleaseId": null,
        "securityClassNm": null,
        "shadowCd": null,
        "pressReleaseType": null,
        "pyrRatingType": null,
        "pacrEmail": null,
        "pacr": null,
        "chairEmail": null,
        "chair": null,
        "addendum": null,
        "addendumEmail": null
    },
    {
        "sourceSystem": "ACCURATE",
        "orgId": null,
        "ratingActionDesc": "Diageo Finance plc",
        "ratingActionID": "3459803",
        "ratingActionName": "Diageo Finance plc",
        "ratingCommitteeDate": null,
        "ratingOffice": "52",
        "ratingReleaseDate": "2020-09-25 05:03:31.0",
        "releaseDate": "2020-09-25 05:03:39.453",
        "lobname": "CFG",
        "sublobname": "CFG Regional",
        "region": "Europe",
        "leadAnalystID": "6928",
        "leadAnalystName": "Roberto Pozzi",
        "leadAnalystUniqueId": "pozzir",
        "analystEmail": "Roberto.Pozzi@moodys.com",
        "analystLocation": "London - One Canada Square",
        "approverID": null,
        "approverName": " ",
        "officeName": "Moody's Investors Service Ltd.",
        "documentExceptionListingInd": "",
        "announcementInd": "",
        "automaticRating": "No",
        "definitiveRatingPrevProvisional": "No",
        "indicativeRatingInd": "N",
        "definitiveRatingInd": null,
        "linkedAnotherActionInd": "No",
        "privateRatingActionInd": "N",
        "provisionalRatingInd": "N",
        "secondaryactionind": "No",
        "subsequentRatingInd": "Y",
        "contactPersonId": null,
        "complianceType": "CAMS",
        "complianceID": "",
        "ratingShellId": null,
        "ratingShellDS": null,
        "workItemStatus": null,
        "workItemType": null,
        "workItemSubType": null,
        "workItemReleaseDtm": null,
        "pressReleaseId": null,
        "securityClassNm": null,
        "shadowCd": null,
        "pressReleaseType": null,
        "pyrRatingType": null,
        "pacrEmail": null,
        "pacr": null,
        "chairEmail": null,
        "chair": null,
        "addendum": null,
        "addendumEmail": null
    },
    {
        "sourceSystem": "ACCURATE",
        "orgId": null,
        "ratingActionDesc": "Fresenius SE & Co. KGaA",
        "ratingActionID": "3459812",
        "ratingActionName": "Fresenius SE & Co. KGaA",
        "ratingCommitteeDate": null,
        "ratingOffice": "41",
        "ratingReleaseDate": "2020-09-24 08:01:02.0",
        "releaseDate": "2020-09-24 08:01:14.06",
        "lobname": "CFG",
        "sublobname": "CFG Regional",
        "region": "Europe",
        "leadAnalystID": "31287",
        "leadAnalystName": "Vitali Morgovski",
        "leadAnalystUniqueId": "morgov",
        "analystEmail": "Vitali.Morgovski@moodys.com",
        "analystLocation": "Frankfurt - An der Welle 5",
        "approverID": null,
        "approverName": " ",
        "officeName": "Moody's Deutschland GmbH",
        "documentExceptionListingInd": "",
        "announcementInd": "",
        "automaticRating": "No",
        "definitiveRatingPrevProvisional": "No",
        "indicativeRatingInd": "N",
        "definitiveRatingInd": null,
        "linkedAnotherActionInd": "No",
        "privateRatingActionInd": "N",
        "provisionalRatingInd": "N",
        "secondaryactionind": "No",
        "subsequentRatingInd": "Y",
        "contactPersonId": null,
        "complianceType": "CAMS",
        "complianceID": "",
        "ratingShellId": null,
        "ratingShellDS": null,
        "workItemStatus": null,
        "workItemType": null,
        "workItemSubType": null,
        "workItemReleaseDtm": null,
        "pressReleaseId": null,
        "securityClassNm": null,
        "shadowCd": null,
        "pressReleaseType": null,
        "pyrRatingType": null,
        "pacrEmail": null,
        "pacr": null,
        "chairEmail": null,
        "chair": null,
        "addendum": null,
        "addendumEmail": null
    },
    {
        "sourceSystem": "ACCURATE",
        "orgId": null,
        "ratingActionDesc": "Rolls-Royce plc",
        "ratingActionID": "3459818",
        "ratingActionName": "Rolls-Royce plc",
        "ratingCommitteeDate": "2020-09-24 00:00:00.0",
        "ratingOffice": "52",
        "ratingReleaseDate": "2020-09-25 13:14:21.0",
        "releaseDate": "2020-09-25 13:14:28.35",
        "lobname": "CFG",
        "sublobname": "CFG Regional",
        "region": "Europe",
        "leadAnalystID": "7282",
        "leadAnalystName": "Martin Hallmark",
        "leadAnalystUniqueId": "hallmarm",
        "analystEmail": "Martin.Hallmark@moodys.com",
        "analystLocation": "London - One Canada Square",
        "approverID": "29020739",
        "approverName": "Martin Hallmark",
        "officeName": "Moody's Investors Service Ltd.",
        "documentExceptionListingInd": "",
        "announcementInd": "",
        "automaticRating": "No",
        "definitiveRatingPrevProvisional": "No",
        "indicativeRatingInd": "N",
        "definitiveRatingInd": null,
        "linkedAnotherActionInd": "No",
        "privateRatingActionInd": "N",
        "provisionalRatingInd": "Y",
        "secondaryactionind": "No",
        "subsequentRatingInd": "N",
        "contactPersonId": null,
        "complianceType": "CAMS",
        "complianceID": "104529",
        "ratingShellId": null,
        "ratingShellDS": null,
        "workItemStatus": null,
        "workItemType": null,
        "workItemSubType": null,
        "workItemReleaseDtm": null,
        "pressReleaseId": null,
        "securityClassNm": null,
        "shadowCd": null,
        "pressReleaseType": null,
        "pyrRatingType": null,
        "pacrEmail": "Richard.Etheridge@moodys.com",
        "pacr": "Richard Etheridge",
        "chairEmail": "Richard.Etheridge@moodys.com",
        "chair": "Richard Etheridge",
        "addendum": "Iker Ballestero Barrutia ",
        "addendumEmail": "BarrutiI@moodys.com"
    },
    {
        "sourceSystem": "ACCURATE",
        "orgId": null,
        "ratingActionDesc": "Aker BP ASA - Subsequent rating w/no PR",
        "ratingActionID": "3459825",
        "ratingActionName": "Aker BP ASA - Subsequent rating w/no PR",
        "ratingCommitteeDate": null,
        "ratingOffice": "52",
        "ratingReleaseDate": "2020-09-24 10:28:52.0",
        "releaseDate": "2020-09-24 10:28:56.063",
        "lobname": "CFG",
        "sublobname": "CFG Regional",
        "region": "Europe",
        "leadAnalystID": "7719",
        "leadAnalystName": "Danilo Ruocco",
        "leadAnalystUniqueId": "ruoccod",
        "analystEmail": "Danilo.Ruocco@moodys.com",
        "analystLocation": "London - One Canada Square",
        "approverID": null,
        "approverName": " ",
        "officeName": "Moody's Investors Service Ltd.",
        "documentExceptionListingInd": "Y",
        "announcementInd": "",
        "automaticRating": "Yes",
        "definitiveRatingPrevProvisional": "No",
        "indicativeRatingInd": "N",
        "definitiveRatingInd": null,
        "linkedAnotherActionInd": "No",
        "privateRatingActionInd": "N",
        "provisionalRatingInd": "N",
        "secondaryactionind": "No",
        "subsequentRatingInd": "Y",
        "contactPersonId": null,
        "complianceType": "CAMS",
        "complianceID": "",
        "ratingShellId": null,
        "ratingShellDS": null,
        "workItemStatus": null,
        "workItemType": null,
        "workItemSubType": null,
        "workItemReleaseDtm": null,
        "pressReleaseId": null,
        "securityClassNm": null,
        "shadowCd": null,
        "pressReleaseType": null,
        "pyrRatingType": null,
        "pacrEmail": null,
        "pacr": null,
        "chairEmail": null,
        "chair": null,
        "addendum": null,
        "addendumEmail": null
    },
    {
        "sourceSystem": "ACCURATE",
        "orgId": null,
        "ratingActionDesc": "Sparebanken Vest Boligkreditt AS - Mortgage Covered Bonds",
        "ratingActionID": "3459833",
        "ratingActionName": "Sparebanken Vest Boligkreditt AS - Mortgage Covered Bonds",
        "ratingCommitteeDate": null,
        "ratingOffice": "52",
        "ratingReleaseDate": "2020-09-24 07:07:59.0",
        "releaseDate": "2020-09-24 07:08:27.34",
        "lobname": "SFG",
        "sublobname": "NR-Covered Bonds",
        "region": "Europe",
        "leadAnalystID": "2392",
        "leadAnalystName": "Alexander Zeidler",
        "leadAnalystUniqueId": "zeidlera",
        "analystEmail": "Alexander.Zeidler@moodys.com",
        "analystLocation": "London - One Canada Square",
        "approverID": null,
        "approverName": " ",
        "officeName": "Moody's Investors Service Ltd.",
        "documentExceptionListingInd": "Y",
        "announcementInd": "",
        "automaticRating": "No",
        "definitiveRatingPrevProvisional": "No",
        "indicativeRatingInd": "N",
        "definitiveRatingInd": null,
        "linkedAnotherActionInd": "No",
        "privateRatingActionInd": "N",
        "provisionalRatingInd": "N",
        "secondaryactionind": "No",
        "subsequentRatingInd": "Y",
        "contactPersonId": null,
        "complianceType": "CAMS",
        "complianceID": "",
        "ratingShellId": null,
        "ratingShellDS": null,
        "workItemStatus": null,
        "workItemType": null,
        "workItemSubType": null,
        "workItemReleaseDtm": null,
        "pressReleaseId": null,
        "securityClassNm": null,
        "shadowCd": null,
        "pressReleaseType": null,
        "pyrRatingType": null,
        "pacrEmail": null,
        "pacr": null,
        "chairEmail": null,
        "chair": null,
        "addendum": null,
        "addendumEmail": null
    },
    {
        "sourceSystem": "ACCURATE",
        "orgId": null,
        "ratingActionDesc": "AIB Group plc",
        "ratingActionID": "3459855",
        "ratingActionName": "AIB Group plc",
        "ratingCommitteeDate": null,
        "ratingOffice": "52",
        "ratingReleaseDate": "2020-09-24 11:36:34.0",
        "releaseDate": "2020-09-24 11:36:41.14",
        "lobname": "FIG",
        "sublobname": "Banking",
        "region": "Europe",
        "leadAnalystID": "2297",
        "leadAnalystName": "Arif Bekiroglu",
        "leadAnalystUniqueId": "bekiroga",
        "analystEmail": "Arif.Bekiroglu@moodys.com",
        "analystLocation": "London - One Canada Square",
        "approverID": null,
        "approverName": " ",
        "officeName": "Moody's Investors Service Ltd.",
        "documentExceptionListingInd": "",
        "announcementInd": "",
        "automaticRating": "No",
        "definitiveRatingPrevProvisional": "No",
        "indicativeRatingInd": "N",
        "definitiveRatingInd": null,
        "linkedAnotherActionInd": "No",
        "privateRatingActionInd": "N",
        "provisionalRatingInd": "N",
        "secondaryactionind": "No",
        "subsequentRatingInd": "Y",
        "contactPersonId": null,
        "complianceType": "CAMS",
        "complianceID": "",
        "ratingShellId": null,
        "ratingShellDS": null,
        "workItemStatus": null,
        "workItemType": null,
        "workItemSubType": null,
        "workItemReleaseDtm": null,
        "pressReleaseId": null,
        "securityClassNm": null,
        "shadowCd": null,
        "pressReleaseType": null,
        "pyrRatingType": null,
        "pacrEmail": null,
        "pacr": null,
        "chairEmail": null,
        "chair": null,
        "addendum": null,
        "addendumEmail": null
    },
    {
        "sourceSystem": "ACCURATE",
        "orgId": null,
        "ratingActionDesc": "Rabobank",
        "ratingActionID": "3459896",
        "ratingActionName": "Rabobank",
        "ratingCommitteeDate": null,
        "ratingOffice": "50",
        "ratingReleaseDate": "2020-09-24 09:29:27.0",
        "releaseDate": "2020-09-24 09:29:34.496",
        "lobname": "FIG",
        "sublobname": "Banking",
        "region": "Europe",
        "leadAnalystID": "6301",
        "leadAnalystName": "Roland Auquier",
        "leadAnalystUniqueId": "auquierr",
        "analystEmail": "Roland.Auquier@moodys.com",
        "analystLocation": "Paris - 96, boulevard Haussmann",
        "approverID": null,
        "approverName": " ",
        "officeName": "Moody's France SAS",
        "documentExceptionListingInd": "",
        "announcementInd": "",
        "automaticRating": "No",
        "definitiveRatingPrevProvisional": "No",
        "indicativeRatingInd": "N",
        "definitiveRatingInd": null,
        "linkedAnotherActionInd": "No",
        "privateRatingActionInd": "N",
        "provisionalRatingInd": "N",
        "secondaryactionind": "No",
        "subsequentRatingInd": "Y",
        "contactPersonId": null,
        "complianceType": "CAMS",
        "complianceID": "",
        "ratingShellId": null,
        "ratingShellDS": null,
        "workItemStatus": null,
        "workItemType": null,
        "workItemSubType": null,
        "workItemReleaseDtm": null,
        "pressReleaseId": null,
        "securityClassNm": null,
        "shadowCd": null,
        "pressReleaseType": null,
        "pyrRatingType": null,
        "pacrEmail": null,
        "pacr": null,
        "chairEmail": null,
        "chair": null,
        "addendum": null,
        "addendumEmail": null
    },
    {
        "sourceSystem": "ACCURATE",
        "orgId": null,
        "ratingActionDesc": "Recorded Books, Inc",
        "ratingActionID": "3459909",
        "ratingActionName": "Recorded Books, Inc",
        "ratingCommitteeDate": "2020-09-24 00:00:00.0",
        "ratingOffice": "51",
        "ratingReleaseDate": "2020-09-24 17:29:58.0",
        "releaseDate": "2020-09-24 17:30:04.456",
        "lobname": "CFG",
        "sublobname": "CFG_NY-4",
        "region": "U.S.A. & Canada",
        "leadAnalystID": "6234",
        "leadAnalystName": "Dilara Sukhov",
        "leadAnalystUniqueId": "sukhovd",
        "analystEmail": "Dilara.Sukhov@moodys.com",
        "analystLocation": "New York - 7 World Trade Center",
        "approverID": "29005022",
        "approverName": "Dilara Sukhov",
        "officeName": "Moody's Investors Service, Inc.",
        "documentExceptionListingInd": "",
        "announcementInd": "",
        "automaticRating": "No",
        "definitiveRatingPrevProvisional": "No",
        "indicativeRatingInd": "N",
        "definitiveRatingInd": null,
        "linkedAnotherActionInd": "No",
        "privateRatingActionInd": "N",
        "provisionalRatingInd": "N",
        "secondaryactionind": "No",
        "subsequentRatingInd": "N",
        "contactPersonId": null,
        "complianceType": "CAMS",
        "complianceID": "104886",
        "ratingShellId": null,
        "ratingShellDS": null,
        "workItemStatus": null,
        "workItemType": null,
        "workItemSubType": null,
        "workItemReleaseDtm": null,
        "pressReleaseId": null,
        "securityClassNm": null,
        "shadowCd": null,
        "pressReleaseType": null,
        "pyrRatingType": null,
        "pacrEmail": "Lenny.Ajzenman@moodys.com",
        "pacr": "Lenny Ajzenman",
        "chairEmail": "Lenny.Ajzenman@moodys.com",
        "chair": "Lenny Ajzenman",
        "addendum": "Jeremy Sanchez ",
        "addendumEmail": "SancheJe@moodys.com"
    },
    {
        "sourceSystem": "ACCURATE",
        "orgId": null,
        "ratingActionDesc": "Fulton Financial Corporation",
        "ratingActionID": "3459934",
        "ratingActionName": "Fulton Financial Corporation",
        "ratingCommitteeDate": "2020-09-25 00:00:00.0",
        "ratingOffice": "51",
        "ratingReleaseDate": "2020-09-25 16:36:18.0",
        "releaseDate": "2020-09-25 16:36:32.036",
        "lobname": "FIG",
        "sublobname": "Banking",
        "region": "U.S.A. & Canada",
        "leadAnalystID": "1966",
        "leadAnalystName": "Rita Sahu",
        "leadAnalystUniqueId": "sahur",
        "analystEmail": "Rita.Sahu@moodys.com",
        "analystLocation": "New York - 7 World Trade Center",
        "approverID": "22001385",
        "approverName": "Rita Sahu",
        "officeName": "Moody's Investors Service, Inc.",
        "documentExceptionListingInd": "",
        "announcementInd": "",
        "automaticRating": "No",
        "definitiveRatingPrevProvisional": "No",
        "indicativeRatingInd": "N",
        "definitiveRatingInd": null,
        "linkedAnotherActionInd": "No",
        "privateRatingActionInd": "N",
        "provisionalRatingInd": "Y",
        "secondaryactionind": "No",
        "subsequentRatingInd": "N",
        "contactPersonId": null,
        "complianceType": "CAMS",
        "complianceID": "104229",
        "ratingShellId": null,
        "ratingShellDS": null,
        "workItemStatus": null,
        "workItemType": null,
        "workItemSubType": null,
        "workItemReleaseDtm": null,
        "pressReleaseId": null,
        "securityClassNm": null,
        "shadowCd": null,
        "pressReleaseType": null,
        "pyrRatingType": null,
        "pacrEmail": "Celina.Vansetti-Hutchins@moodys.com",
        "pacr": "Celina Vansetti-Hutchins",
        "chairEmail": "Andrea.Usai@moodys.com",
        "chair": "Andrea Usai",
        "addendum": "Siri Ginjupalli ",
        "addendumEmail": "GinjupaS@moodys.com"
    },
    {
        "sourceSystem": "ACCURATE",
        "orgId": null,
        "ratingActionDesc": "United States of America, Government of",
        "ratingActionID": "3459950",
        "ratingActionName": "United States of America, Government of",
        "ratingCommitteeDate": null,
        "ratingOffice": "51",
        "ratingReleaseDate": "2020-09-24 13:15:00.0",
        "releaseDate": "2020-09-24 13:15:10.06",
        "lobname": "SOV",
        "sublobname": "Sovereign",
        "region": "U.S.A. & Canada",
        "leadAnalystID": "7741",
        "leadAnalystName": "William Foster",
        "leadAnalystUniqueId": "fosterw",
        "analystEmail": "William.Foster@moodys.com",
        "analystLocation": "New York - 7 World Trade Center",
        "approverID": null,
        "approverName": " ",
        "officeName": "Moody's Investors Service, Inc.",
        "documentExceptionListingInd": "",
        "announcementInd": "",
        "automaticRating": "No",
        "definitiveRatingPrevProvisional": "No",
        "indicativeRatingInd": "N",
        "definitiveRatingInd": null,
        "linkedAnotherActionInd": "No",
        "privateRatingActionInd": "N",
        "provisionalRatingInd": "N",
        "secondaryactionind": "No",
        "subsequentRatingInd": "Y",
        "contactPersonId": null,
        "complianceType": "CAMS",
        "complianceID": "",
        "ratingShellId": null,
        "ratingShellDS": null,
        "workItemStatus": null,
        "workItemType": null,
        "workItemSubType": null,
        "workItemReleaseDtm": null,
        "pressReleaseId": null,
        "securityClassNm": null,
        "shadowCd": null,
        "pressReleaseType": null,
        "pyrRatingType": null,
        "pacrEmail": null,
        "pacr": null,
        "chairEmail": null,
        "chair": null,
        "addendum": null,
        "addendumEmail": null
    },
    {
        "sourceSystem": "ACCURATE",
        "orgId": null,
        "ratingActionDesc": "NatWest Markets N.V.",
        "ratingActionID": "3459968",
        "ratingActionName": "NatWest Markets N.V.",
        "ratingCommitteeDate": null,
        "ratingOffice": "52",
        "ratingReleaseDate": "2020-09-24 12:09:55.0",
        "releaseDate": "2020-09-24 12:10:01.826",
        "lobname": "FIG",
        "sublobname": "Banking",
        "region": "Europe",
        "leadAnalystID": "6322",
        "leadAnalystName": "Edoardo Calandro",
        "leadAnalystUniqueId": "calandre",
        "analystEmail": "Edoardo.Calandro@moodys.com",
        "analystLocation": "London - One Canada Square",
        "approverID": null,
        "approverName": " ",
        "officeName": "Moody's Investors Service Ltd.",
        "documentExceptionListingInd": "Y",
        "announcementInd": "",
        "automaticRating": "Yes",
        "definitiveRatingPrevProvisional": "No",
        "indicativeRatingInd": "N",
        "definitiveRatingInd": null,
        "linkedAnotherActionInd": "No",
        "privateRatingActionInd": "N",
        "provisionalRatingInd": "Y",
        "secondaryactionind": "No",
        "subsequentRatingInd": "Y",
        "contactPersonId": null,
        "complianceType": "CAMS",
        "complianceID": "",
        "ratingShellId": null,
        "ratingShellDS": null,
        "workItemStatus": null,
        "workItemType": null,
        "workItemSubType": null,
        "workItemReleaseDtm": null,
        "pressReleaseId": null,
        "securityClassNm": null,
        "shadowCd": null,
        "pressReleaseType": null,
        "pyrRatingType": null,
        "pacrEmail": null,
        "pacr": null,
        "chairEmail": null,
        "chair": null,
        "addendum": null,
        "addendumEmail": null
    },
    {
        "sourceSystem": "ACCURATE",
        "orgId": null,
        "ratingActionDesc": "American Tower Corporation",
        "ratingActionID": "3459985",
        "ratingActionName": "American Tower Corporation",
        "ratingCommitteeDate": null,
        "ratingOffice": "51",
        "ratingReleaseDate": "2020-09-24 12:43:58.0",
        "releaseDate": "2020-09-24 12:44:03.963",
        "lobname": "CFG",
        "sublobname": "CFG_NY-3",
        "region": "U.S.A. & Canada",
        "leadAnalystID": "1942",
        "leadAnalystName": "Lori Marks",
        "leadAnalystUniqueId": "marksl",
        "analystEmail": "Lori.Marks@moodys.com",
        "analystLocation": "New York - 7 World Trade Center",
        "approverID": null,
        "approverName": " ",
        "officeName": "Moody's Investors Service, Inc.",
        "documentExceptionListingInd": "Y",
        "announcementInd": "",
        "automaticRating": "No",
        "definitiveRatingPrevProvisional": "No",
        "indicativeRatingInd": "N",
        "definitiveRatingInd": null,
        "linkedAnotherActionInd": "No",
        "privateRatingActionInd": "N",
        "provisionalRatingInd": "N",
        "secondaryactionind": "No",
        "subsequentRatingInd": "Y",
        "contactPersonId": null,
        "complianceType": "CAMS",
        "complianceID": "",
        "ratingShellId": null,
        "ratingShellDS": null,
        "workItemStatus": null,
        "workItemType": null,
        "workItemSubType": null,
        "workItemReleaseDtm": null,
        "pressReleaseId": null,
        "securityClassNm": null,
        "shadowCd": null,
        "pressReleaseType": null,
        "pyrRatingType": null,
        "pacrEmail": null,
        "pacr": null,
        "chairEmail": null,
        "chair": null,
        "addendum": null,
        "addendumEmail": null
    },
    {
        "sourceSystem": "ACCURATE",
        "orgId": null,
        "ratingActionDesc": "Mercedes-Benz Finance Co., Ltd.",
        "ratingActionID": "3459987",
        "ratingActionName": "Mercedes-Benz Finance Co., Ltd.",
        "ratingCommitteeDate": null,
        "ratingOffice": "41",
        "ratingReleaseDate": "2020-09-25 10:29:00.0",
        "releaseDate": "2020-09-25 10:29:07.166",
        "lobname": "CFG",
        "sublobname": "CFG Regional",
        "region": "Europe",
        "leadAnalystID": "7053",
        "leadAnalystName": "Matthias Heck",
        "leadAnalystUniqueId": "heckm",
        "analystEmail": "Matthias.Heck@moodys.com",
        "analystLocation": "Frankfurt - An der Welle 5",
        "approverID": null,
        "approverName": " ",
        "officeName": "Moody's Deutschland GmbH",
        "documentExceptionListingInd": "",
        "announcementInd": "",
        "automaticRating": "No",
        "definitiveRatingPrevProvisional": "No",
        "indicativeRatingInd": "N",
        "definitiveRatingInd": null,
        "linkedAnotherActionInd": "No",
        "privateRatingActionInd": "N",
        "provisionalRatingInd": "N",
        "secondaryactionind": "No",
        "subsequentRatingInd": "Y",
        "contactPersonId": null,
        "complianceType": "CAMS",
        "complianceID": "",
        "ratingShellId": null,
        "ratingShellDS": null,
        "workItemStatus": null,
        "workItemType": null,
        "workItemSubType": null,
        "workItemReleaseDtm": null,
        "pressReleaseId": null,
        "securityClassNm": null,
        "shadowCd": null,
        "pressReleaseType": null,
        "pyrRatingType": null,
        "pacrEmail": null,
        "pacr": null,
        "chairEmail": null,
        "chair": null,
        "addendum": null,
        "addendumEmail": null
    },
    {
        "sourceSystem": "ACCURATE",
        "orgId": null,
        "ratingActionDesc": "AerCap Ireland Capital D.A.C",
        "ratingActionID": "3460005",
        "ratingActionName": "AerCap Ireland Capital D.A.C",
        "ratingCommitteeDate": null,
        "ratingOffice": "51",
        "ratingReleaseDate": "2020-09-24 12:40:53.0",
        "releaseDate": "2020-09-24 12:41:03.363",
        "lobname": "FIG",
        "sublobname": "Banking",
        "region": "U.S.A. & Canada",
        "leadAnalystID": "2059",
        "leadAnalystName": "Mark Wasden",
        "leadAnalystUniqueId": "wasdenm",
        "analystEmail": "Mark.Wasden@moodys.com",
        "analystLocation": "New York - 7 World Trade Center",
        "approverID": null,
        "approverName": " ",
        "officeName": "Moody's Investors Service, Inc.",
        "documentExceptionListingInd": "Y",
        "announcementInd": "",
        "automaticRating": "No",
        "definitiveRatingPrevProvisional": "No",
        "indicativeRatingInd": "N",
        "definitiveRatingInd": null,
        "linkedAnotherActionInd": "No",
        "privateRatingActionInd": "N",
        "provisionalRatingInd": "N",
        "secondaryactionind": "No",
        "subsequentRatingInd": "Y",
        "contactPersonId": null,
        "complianceType": "CAMS",
        "complianceID": "",
        "ratingShellId": null,
        "ratingShellDS": null,
        "workItemStatus": null,
        "workItemType": null,
        "workItemSubType": null,
        "workItemReleaseDtm": null,
        "pressReleaseId": null,
        "securityClassNm": null,
        "shadowCd": null,
        "pressReleaseType": null,
        "pyrRatingType": null,
        "pacrEmail": null,
        "pacr": null,
        "chairEmail": null,
        "chair": null,
        "addendum": null,
        "addendumEmail": null
    },
    {
        "sourceSystem": "ACCURATE",
        "orgId": null,
        "ratingActionDesc": "Global Switch Finance B.V.",
        "ratingActionID": "3460015",
        "ratingActionName": "Global Switch Finance B.V.",
        "ratingCommitteeDate": null,
        "ratingOffice": "52",
        "ratingReleaseDate": "2020-09-25 13:17:35.0",
        "releaseDate": "2020-09-25 13:17:42.44",
        "lobname": "CFG",
        "sublobname": "CFG Regional",
        "region": "Europe",
        "leadAnalystID": "7718",
        "leadAnalystName": "Luigi Bucci",
        "leadAnalystUniqueId": "buccil",
        "analystEmail": "Luigi.Bucci@moodys.com",
        "analystLocation": "London - One Canada Square",
        "approverID": "29020857",
        "approverName": "Luigi Bucci",
        "officeName": "Moody's Investors Service Ltd.",
        "documentExceptionListingInd": "Y",
        "announcementInd": "",
        "automaticRating": "Yes",
        "definitiveRatingPrevProvisional": "No",
        "indicativeRatingInd": "N",
        "definitiveRatingInd": null,
        "linkedAnotherActionInd": "No",
        "privateRatingActionInd": "N",
        "provisionalRatingInd": "Y",
        "secondaryactionind": "No",
        "subsequentRatingInd": "Y",
        "contactPersonId": null,
        "complianceType": "CAMS",
        "complianceID": "",
        "ratingShellId": null,
        "ratingShellDS": null,
        "workItemStatus": null,
        "workItemType": null,
        "workItemSubType": null,
        "workItemReleaseDtm": null,
        "pressReleaseId": null,
        "securityClassNm": null,
        "shadowCd": null,
        "pressReleaseType": null,
        "pyrRatingType": null,
        "pacrEmail": null,
        "pacr": null,
        "chairEmail": null,
        "chair": null,
        "addendum": null,
        "addendumEmail": null
    },
    {
        "sourceSystem": "ACCURATE",
        "orgId": null,
        "ratingActionDesc": "Toronto-Dominion Bank (The)",
        "ratingActionID": "3460030",
        "ratingActionName": "Toronto-Dominion Bank (The)",
        "ratingCommitteeDate": null,
        "ratingOffice": "71",
        "ratingReleaseDate": "2020-09-24 12:53:21.0",
        "releaseDate": "2020-09-24 12:53:26.06",
        "lobname": "FIG",
        "sublobname": "Banking",
        "region": "U.S.A. & Canada",
        "leadAnalystID": "6721",
        "leadAnalystName": "John Beattie",
        "leadAnalystUniqueId": "beattied",
        "analystEmail": "David.Beattie@moodys.com",
        "analystLocation": "Toronto - 70 York Street",
        "approverID": null,
        "approverName": " ",
        "officeName": "Moody's Canada Inc.",
        "documentExceptionListingInd": "",
        "announcementInd": "",
        "automaticRating": "No",
        "definitiveRatingPrevProvisional": "No",
        "indicativeRatingInd": "N",
        "definitiveRatingInd": null,
        "linkedAnotherActionInd": "No",
        "privateRatingActionInd": "N",
        "provisionalRatingInd": "N",
        "secondaryactionind": "No",
        "subsequentRatingInd": "Y",
        "contactPersonId": null,
        "complianceType": "CAMS",
        "complianceID": "",
        "ratingShellId": null,
        "ratingShellDS": null,
        "workItemStatus": null,
        "workItemType": null,
        "workItemSubType": null,
        "workItemReleaseDtm": null,
        "pressReleaseId": null,
        "securityClassNm": null,
        "shadowCd": null,
        "pressReleaseType": null,
        "pyrRatingType": null,
        "pacrEmail": null,
        "pacr": null,
        "chairEmail": null,
        "chair": null,
        "addendum": null,
        "addendumEmail": null
    },
    {
        "sourceSystem": "ACCURATE",
        "orgId": null,
        "ratingActionDesc": "New York State Electric and Gas Corporation",
        "ratingActionID": "3460036",
        "ratingActionName": "New York State Electric and Gas Corporation",
        "ratingCommitteeDate": null,
        "ratingOffice": "51",
        "ratingReleaseDate": "2020-09-25 08:06:56.0",
        "releaseDate": "2020-09-25 08:07:03.956",
        "lobname": "PPIF",
        "sublobname": "Infrastructure Finance",
        "region": "U.S.A. & Canada",
        "leadAnalystID": "6684",
        "leadAnalystName": "Ryan Wobbrock",
        "leadAnalystUniqueId": "wobbrocr",
        "analystEmail": "Ryan.Wobbrock@moodys.com",
        "analystLocation": "New York - 7 World Trade Center",
        "approverID": null,
        "approverName": " ",
        "officeName": "Moody's Investors Service, Inc.",
        "documentExceptionListingInd": "Y",
        "announcementInd": "",
        "automaticRating": "Yes",
        "definitiveRatingPrevProvisional": "No",
        "indicativeRatingInd": "N",
        "definitiveRatingInd": null,
        "linkedAnotherActionInd": "No",
        "privateRatingActionInd": "N",
        "provisionalRatingInd": "N",
        "secondaryactionind": "No",
        "subsequentRatingInd": "Y",
        "contactPersonId": null,
        "complianceType": "CAMS",
        "complianceID": "",
        "ratingShellId": null,
        "ratingShellDS": null,
        "workItemStatus": null,
        "workItemType": null,
        "workItemSubType": null,
        "workItemReleaseDtm": null,
        "pressReleaseId": null,
        "securityClassNm": null,
        "shadowCd": null,
        "pressReleaseType": null,
        "pyrRatingType": null,
        "pacrEmail": null,
        "pacr": null,
        "chairEmail": null,
        "chair": null,
        "addendum": null,
        "addendumEmail": null
    },
    {
        "sourceSystem": "ACCURATE",
        "orgId": null,
        "ratingActionDesc": "CPPIB Capital Inc.",
        "ratingActionID": "3460039",
        "ratingActionName": "CPPIB Capital Inc.",
        "ratingCommitteeDate": null,
        "ratingOffice": "71",
        "ratingReleaseDate": "2020-09-25 12:25:37.0",
        "releaseDate": "2020-09-25 12:25:43.856",
        "lobname": "FIG",
        "sublobname": "Banking",
        "region": "U.S.A. & Canada",
        "leadAnalystID": "7270",
        "leadAnalystName": "Jason Mercer",
        "leadAnalystUniqueId": "mercerj",
        "analystEmail": "Jason.Mercer@moodys.com",
        "analystLocation": "Toronto - 70 York Street",
        "approverID": null,
        "approverName": " ",
        "officeName": "Moody's Canada Inc.",
        "documentExceptionListingInd": "",
        "announcementInd": "",
        "automaticRating": "No",
        "definitiveRatingPrevProvisional": "No",
        "indicativeRatingInd": "N",
        "definitiveRatingInd": null,
        "linkedAnotherActionInd": "No",
        "privateRatingActionInd": "N",
        "provisionalRatingInd": "N",
        "secondaryactionind": "No",
        "subsequentRatingInd": "Y",
        "contactPersonId": null,
        "complianceType": "CAMS",
        "complianceID": "",
        "ratingShellId": null,
        "ratingShellDS": null,
        "workItemStatus": null,
        "workItemType": null,
        "workItemSubType": null,
        "workItemReleaseDtm": null,
        "pressReleaseId": null,
        "securityClassNm": null,
        "shadowCd": null,
        "pressReleaseType": null,
        "pyrRatingType": null,
        "pacrEmail": null,
        "pacr": null,
        "chairEmail": null,
        "chair": null,
        "addendum": null,
        "addendumEmail": null
    },
    {
        "sourceSystem": "ACCURATE",
        "orgId": null,
        "ratingActionDesc": "Citigroup Inc.",
        "ratingActionID": "3460050",
        "ratingActionName": "Citigroup Inc.",
        "ratingCommitteeDate": null,
        "ratingOffice": "51",
        "ratingReleaseDate": "2020-09-24 14:32:10.0",
        "releaseDate": "2020-09-24 14:32:16.763",
        "lobname": "FIG",
        "sublobname": "Banking",
        "region": "U.S.A. & Canada",
        "leadAnalystID": "1217",
        "leadAnalystName": "Peter Nerby",
        "leadAnalystUniqueId": "nerbyp",
        "analystEmail": "Peter.Nerby@moodys.com",
        "analystLocation": "New York - 7 World Trade Center",
        "approverID": null,
        "approverName": " ",
        "officeName": "Moody's Investors Service, Inc.",
        "documentExceptionListingInd": "",
        "announcementInd": "",
        "automaticRating": "No",
        "definitiveRatingPrevProvisional": "No",
        "indicativeRatingInd": "N",
        "definitiveRatingInd": null,
        "linkedAnotherActionInd": "No",
        "privateRatingActionInd": "N",
        "provisionalRatingInd": "N",
        "secondaryactionind": "No",
        "subsequentRatingInd": "Y",
        "contactPersonId": null,
        "complianceType": "CAMS",
        "complianceID": "",
        "ratingShellId": null,
        "ratingShellDS": null,
        "workItemStatus": null,
        "workItemType": null,
        "workItemSubType": null,
        "workItemReleaseDtm": null,
        "pressReleaseId": null,
        "securityClassNm": null,
        "shadowCd": null,
        "pressReleaseType": null,
        "pyrRatingType": null,
        "pacrEmail": null,
        "pacr": null,
        "chairEmail": null,
        "chair": null,
        "addendum": null,
        "addendumEmail": null
    },
    {
        "sourceSystem": "ACCURATE",
        "orgId": null,
        "ratingActionDesc": "ASP Navigate Acquisition Corp.",
        "ratingActionID": "3460053",
        "ratingActionName": "ASP Navigate Acquisition Corp.",
        "ratingCommitteeDate": "2020-09-24 00:00:00.0",
        "ratingOffice": "51",
        "ratingReleaseDate": "2020-09-24 15:06:37.0",
        "releaseDate": "2020-09-24 15:06:45.1",
        "lobname": "CFG",
        "sublobname": "CFG_NY-1",
        "region": "U.S.A. & Canada",
        "leadAnalystID": "8001",
        "leadAnalystName": "Kailash Chhaya",
        "leadAnalystUniqueId": "chhayak",
        "analystEmail": "Kailash.Chhaya@moodys.com",
        "analystLocation": "New York - 7 World Trade Center",
        "approverID": "29018541",
        "approverName": "Kailash Chhaya",
        "officeName": "Moody's Investors Service, Inc.",
        "documentExceptionListingInd": "",
        "announcementInd": "",
        "automaticRating": "No",
        "definitiveRatingPrevProvisional": "No",
        "indicativeRatingInd": "N",
        "definitiveRatingInd": null,
        "linkedAnotherActionInd": "No",
        "privateRatingActionInd": "N",
        "provisionalRatingInd": "N",
        "secondaryactionind": "No",
        "subsequentRatingInd": "N",
        "contactPersonId": null,
        "complianceType": "CAMS",
        "complianceID": "104977",
        "ratingShellId": null,
        "ratingShellDS": null,
        "workItemStatus": null,
        "workItemType": null,
        "workItemSubType": null,
        "workItemReleaseDtm": null,
        "pressReleaseId": null,
        "securityClassNm": null,
        "shadowCd": null,
        "pressReleaseType": null,
        "pyrRatingType": null,
        "pacrEmail": "Jessica.Gladstone@moodys.com",
        "pacr": "Jessica Gladstone",
        "chairEmail": "Jessica.Gladstone@moodys.com",
        "chair": "Jessica Gladstone",
        "addendum": "Gregory Mo ",
        "addendumEmail": "MoG@moodys.com"
    },
    {
        "sourceSystem": "ACCURATE",
        "orgId": null,
        "ratingActionDesc": "Arista Metropolitan District, CO",
        "ratingActionID": "3460056",
        "ratingActionName": "Arista Metropolitan District, CO",
        "ratingCommitteeDate": null,
        "ratingOffice": "51",
        "ratingReleaseDate": "2020-09-24 16:43:28.0",
        "releaseDate": "2020-09-24 16:43:34.71",
        "lobname": "PPIF",
        "sublobname": "Municipal Supported Products",
        "region": "U.S.A. & Canada",
        "leadAnalystID": "2312",
        "leadAnalystName": "Randy Matlosz",
        "leadAnalystUniqueId": "matloszr",
        "analystEmail": "Randy.Matlosz@moodys.com",
        "analystLocation": "New York - 7 World Trade Center",
        "approverID": null,
        "approverName": " ",
        "officeName": "Moody's Investors Service, Inc.",
        "documentExceptionListingInd": "Y",
        "announcementInd": "",
        "automaticRating": "Yes",
        "definitiveRatingPrevProvisional": "No",
        "indicativeRatingInd": "N",
        "definitiveRatingInd": null,
        "linkedAnotherActionInd": "No",
        "privateRatingActionInd": "N",
        "provisionalRatingInd": "N",
        "secondaryactionind": "No",
        "subsequentRatingInd": "N",
        "contactPersonId": null,
        "complianceType": "CAMS",
        "complianceID": "",
        "ratingShellId": null,
        "ratingShellDS": null,
        "workItemStatus": null,
        "workItemType": null,
        "workItemSubType": null,
        "workItemReleaseDtm": null,
        "pressReleaseId": null,
        "securityClassNm": null,
        "shadowCd": null,
        "pressReleaseType": null,
        "pyrRatingType": null,
        "pacrEmail": null,
        "pacr": null,
        "chairEmail": null,
        "chair": null,
        "addendum": null,
        "addendumEmail": null
    },
    {
        "sourceSystem": "ACCURATE",
        "orgId": null,
        "ratingActionDesc": "Azalea TopCo, Inc.",
        "ratingActionID": "3460074",
        "ratingActionName": "Azalea TopCo, Inc.",
        "ratingCommitteeDate": null,
        "ratingOffice": "51",
        "ratingReleaseDate": "2020-09-24 17:13:40.0",
        "releaseDate": "2020-09-24 17:13:46.626",
        "lobname": "CFG",
        "sublobname": "CFG_NY-4",
        "region": "U.S.A. & Canada",
        "leadAnalystID": "31381",
        "leadAnalystName": "Farah Zakir",
        "leadAnalystUniqueId": "zakirf",
        "analystEmail": "Farah.Zakir@moodys.com",
        "analystLocation": "New York - 7 World Trade Center",
        "approverID": null,
        "approverName": " ",
        "officeName": "Moody's Investors Service, Inc.",
        "documentExceptionListingInd": "Y",
        "announcementInd": "",
        "automaticRating": "Yes",
        "definitiveRatingPrevProvisional": "No",
        "indicativeRatingInd": "N",
        "definitiveRatingInd": null,
        "linkedAnotherActionInd": "No",
        "privateRatingActionInd": "N",
        "provisionalRatingInd": "N",
        "secondaryactionind": "No",
        "subsequentRatingInd": "Y",
        "contactPersonId": null,
        "complianceType": "CAMS",
        "complianceID": "",
        "ratingShellId": null,
        "ratingShellDS": null,
        "workItemStatus": null,
        "workItemType": null,
        "workItemSubType": null,
        "workItemReleaseDtm": null,
        "pressReleaseId": null,
        "securityClassNm": null,
        "shadowCd": null,
        "pressReleaseType": null,
        "pyrRatingType": null,
        "pacrEmail": null,
        "pacr": null,
        "chairEmail": null,
        "chair": null,
        "addendum": null,
        "addendumEmail": null
    },
    {
        "sourceSystem": "ACCURATE",
        "orgId": null,
        "ratingActionDesc": "Arista Metropolitan District, CO",
        "ratingActionID": "3460082",
        "ratingActionName": "Arista Metropolitan District, CO",
        "ratingCommitteeDate": null,
        "ratingOffice": "51",
        "ratingReleaseDate": "2020-09-24 16:41:04.0",
        "releaseDate": "2020-09-24 16:41:11.76",
        "lobname": "PPIF",
        "sublobname": "Municipal Supported Products",
        "region": "U.S.A. & Canada",
        "leadAnalystID": "2312",
        "leadAnalystName": "Randy Matlosz",
        "leadAnalystUniqueId": "matloszr",
        "analystEmail": "Randy.Matlosz@moodys.com",
        "analystLocation": "New York - 7 World Trade Center",
        "approverID": null,
        "approverName": " ",
        "officeName": "Moody's Investors Service, Inc.",
        "documentExceptionListingInd": "Y",
        "announcementInd": "",
        "automaticRating": "Yes",
        "definitiveRatingPrevProvisional": "No",
        "indicativeRatingInd": "N",
        "definitiveRatingInd": null,
        "linkedAnotherActionInd": "No",
        "privateRatingActionInd": "N",
        "provisionalRatingInd": "N",
        "secondaryactionind": "No",
        "subsequentRatingInd": "N",
        "contactPersonId": null,
        "complianceType": "CAMS",
        "complianceID": "",
        "ratingShellId": null,
        "ratingShellDS": null,
        "workItemStatus": null,
        "workItemType": null,
        "workItemSubType": null,
        "workItemReleaseDtm": null,
        "pressReleaseId": null,
        "securityClassNm": null,
        "shadowCd": null,
        "pressReleaseType": null,
        "pyrRatingType": null,
        "pacrEmail": null,
        "pacr": null,
        "chairEmail": null,
        "chair": null,
        "addendum": null,
        "addendumEmail": null
    },
    {
        "sourceSystem": "ACCURATE",
        "orgId": null,
        "ratingActionDesc": "Eclipse Funding Trust (Muni. Deriv.), Solar Eclipse Certificates, Series 2016-0001 and Series 2019-0002",
        "ratingActionID": "3460086",
        "ratingActionName": "Eclipse Funding Trust (Muni. Deriv.), Solar Eclipse Certificates, Series 2016-0001 and Series 2019-0002",
        "ratingCommitteeDate": null,
        "ratingOffice": "51",
        "ratingReleaseDate": "2020-09-24 13:56:10.0",
        "releaseDate": "2020-09-24 13:56:15.32",
        "lobname": "PPIF",
        "sublobname": "Municipal Supported Products",
        "region": "U.S.A. & Canada",
        "leadAnalystID": "2312",
        "leadAnalystName": "Randy Matlosz",
        "leadAnalystUniqueId": "matloszr",
        "analystEmail": "Randy.Matlosz@moodys.com",
        "analystLocation": "New York - 7 World Trade Center",
        "approverID": null,
        "approverName": " ",
        "officeName": "Moody's Investors Service, Inc.",
        "documentExceptionListingInd": "Y",
        "announcementInd": "",
        "automaticRating": "Yes",
        "definitiveRatingPrevProvisional": "No",
        "indicativeRatingInd": "N",
        "definitiveRatingInd": null,
        "linkedAnotherActionInd": "No",
        "privateRatingActionInd": "N",
        "provisionalRatingInd": "N",
        "secondaryactionind": "No",
        "subsequentRatingInd": "N",
        "contactPersonId": null,
        "complianceType": "CAMS",
        "complianceID": "",
        "ratingShellId": null,
        "ratingShellDS": null,
        "workItemStatus": null,
        "workItemType": null,
        "workItemSubType": null,
        "workItemReleaseDtm": null,
        "pressReleaseId": null,
        "securityClassNm": null,
        "shadowCd": null,
        "pressReleaseType": null,
        "pyrRatingType": null,
        "pacrEmail": null,
        "pacr": null,
        "chairEmail": null,
        "chair": null,
        "addendum": null,
        "addendumEmail": null
    },
    {
        "sourceSystem": "ACCURATE",
        "orgId": null,
        "ratingActionDesc": "FTS International, Inc.",
        "ratingActionID": "3460090",
        "ratingActionName": "FTS International, Inc.",
        "ratingCommitteeDate": "2020-09-23 00:00:00.0",
        "ratingOffice": "51",
        "ratingReleaseDate": "2020-09-25 12:08:56.0",
        "releaseDate": "2020-09-25 12:09:01.653",
        "lobname": "CFG",
        "sublobname": "CFG_NY-2",
        "region": "U.S.A. & Canada",
        "leadAnalystID": "7808",
        "leadAnalystName": "Jonathan Teitel",
        "leadAnalystUniqueId": "teitelj",
        "analystEmail": "Jonathan.Teitel@moodys.com",
        "analystLocation": "New York - 7 World Trade Center",
        "approverID": "29001980",
        "approverName": "James Wilkins",
        "officeName": "Moody's Investors Service, Inc.",
        "documentExceptionListingInd": "Y",
        "announcementInd": "",
        "automaticRating": "No",
        "definitiveRatingPrevProvisional": "No",
        "indicativeRatingInd": "N",
        "definitiveRatingInd": null,
        "linkedAnotherActionInd": "No",
        "privateRatingActionInd": "N",
        "provisionalRatingInd": "N",
        "secondaryactionind": "No",
        "subsequentRatingInd": "N",
        "contactPersonId": null,
        "complianceType": "CAMS",
        "complianceID": "103597",
        "ratingShellId": null,
        "ratingShellDS": null,
        "workItemStatus": null,
        "workItemType": null,
        "workItemSubType": null,
        "workItemReleaseDtm": null,
        "pressReleaseId": null,
        "securityClassNm": null,
        "shadowCd": null,
        "pressReleaseType": null,
        "pyrRatingType": null,
        "pacrEmail": null,
        "pacr": null,
        "chairEmail": null,
        "chair": null,
        "addendum": null,
        "addendumEmail": null
    },
    {
        "sourceSystem": "ACCURATE",
        "orgId": null,
        "ratingActionDesc": "Scripps (E.W.) Company (The)",
        "ratingActionID": "3460093",
        "ratingActionName": "Scripps (E.W.) Company (The)",
        "ratingCommitteeDate": "2020-09-25 00:00:00.0",
        "ratingOffice": "51",
        "ratingReleaseDate": "2020-09-25 13:34:21.0",
        "releaseDate": "2020-09-25 13:34:29.12",
        "lobname": "CFG",
        "sublobname": "CFG_NY-4",
        "region": "U.S.A. & Canada",
        "leadAnalystID": "6524",
        "leadAnalystName": "Fouad Christian Azzi",
        "leadAnalystUniqueId": "azzic",
        "analystEmail": "Christian.Azzi@moodys.com",
        "analystLocation": "New York - 7 World Trade Center",
        "approverID": "29003542",
        "approverName": "Fouad Christian Azzi",
        "officeName": "Moody's Investors Service, Inc.",
        "documentExceptionListingInd": "",
        "announcementInd": "",
        "automaticRating": "No",
        "definitiveRatingPrevProvisional": "No",
        "indicativeRatingInd": "N",
        "definitiveRatingInd": null,
        "linkedAnotherActionInd": "No",
        "privateRatingActionInd": "N",
        "provisionalRatingInd": "N",
        "secondaryactionind": "No",
        "subsequentRatingInd": "N",
        "contactPersonId": null,
        "complianceType": "CAMS",
        "complianceID": "104991",
        "ratingShellId": null,
        "ratingShellDS": null,
        "workItemStatus": null,
        "workItemType": null,
        "workItemSubType": null,
        "workItemReleaseDtm": null,
        "pressReleaseId": null,
        "securityClassNm": null,
        "shadowCd": null,
        "pressReleaseType": null,
        "pyrRatingType": null,
        "pacrEmail": "Lenny.Ajzenman@moodys.com",
        "pacr": "Lenny Ajzenman",
        "chairEmail": "Lenny.Ajzenman@moodys.com",
        "chair": "Lenny Ajzenman",
        "addendum": "John Pangilinan ",
        "addendumEmail": "PangiliJ@moodys.com"
    },
    {
        "sourceSystem": "ACCURATE",
        "orgId": null,
        "ratingActionDesc": "Panama, Government of",
        "ratingActionID": "3460107",
        "ratingActionName": "Panama, Government of",
        "ratingCommitteeDate": null,
        "ratingOffice": "51",
        "ratingReleaseDate": "2020-09-24 15:58:59.0",
        "releaseDate": "2020-09-24 15:59:06.413",
        "lobname": "SOV",
        "sublobname": "Sovereign",
        "region": "U.S.A. & Canada",
        "leadAnalystID": "7250",
        "leadAnalystName": "Renzo Merino Lozano",
        "leadAnalystUniqueId": "merinor",
        "analystEmail": "Renzo.Merino@moodys.com",
        "analystLocation": "New York - 7 World Trade Center",
        "approverID": null,
        "approverName": " ",
        "officeName": "Moody's Investors Service, Inc.",
        "documentExceptionListingInd": "Y",
        "announcementInd": "",
        "automaticRating": "Yes",
        "definitiveRatingPrevProvisional": "No",
        "indicativeRatingInd": "N",
        "definitiveRatingInd": null,
        "linkedAnotherActionInd": "No",
        "privateRatingActionInd": "N",
        "provisionalRatingInd": "N",
        "secondaryactionind": "No",
        "subsequentRatingInd": "Y",
        "contactPersonId": null,
        "complianceType": "CAMS",
        "complianceID": "",
        "ratingShellId": null,
        "ratingShellDS": null,
        "workItemStatus": null,
        "workItemType": null,
        "workItemSubType": null,
        "workItemReleaseDtm": null,
        "pressReleaseId": null,
        "securityClassNm": null,
        "shadowCd": null,
        "pressReleaseType": null,
        "pyrRatingType": null,
        "pacrEmail": null,
        "pacr": null,
        "chairEmail": null,
        "chair": null,
        "addendum": null,
        "addendumEmail": null
    },
    {
        "sourceSystem": "ACCURATE",
        "orgId": null,
        "ratingActionDesc": "GS Finance Corp.",
        "ratingActionID": "3460158",
        "ratingActionName": "GS Finance Corp.",
        "ratingCommitteeDate": null,
        "ratingOffice": "51",
        "ratingReleaseDate": "2020-09-25 11:07:17.0",
        "releaseDate": "2020-09-25 11:07:47.77",
        "lobname": "FIG",
        "sublobname": "Banking",
        "region": "U.S.A. & Canada",
        "leadAnalystID": "467",
        "leadAnalystName": "David Fanger",
        "leadAnalystUniqueId": "fangerd",
        "analystEmail": "David.Fanger@moodys.com",
        "analystLocation": "New York - 7 World Trade Center",
        "approverID": null,
        "approverName": " ",
        "officeName": "Moody's Investors Service, Inc.",
        "documentExceptionListingInd": "",
        "announcementInd": "",
        "automaticRating": "Yes",
        "definitiveRatingPrevProvisional": "No",
        "indicativeRatingInd": "N",
        "definitiveRatingInd": null,
        "linkedAnotherActionInd": "No",
        "privateRatingActionInd": "N",
        "provisionalRatingInd": "N",
        "secondaryactionind": "No",
        "subsequentRatingInd": "",
        "contactPersonId": null,
        "complianceType": "CAMS",
        "complianceID": "",
        "ratingShellId": null,
        "ratingShellDS": null,
        "workItemStatus": null,
        "workItemType": null,
        "workItemSubType": null,
        "workItemReleaseDtm": null,
        "pressReleaseId": null,
        "securityClassNm": null,
        "shadowCd": null,
        "pressReleaseType": null,
        "pyrRatingType": null,
        "pacrEmail": null,
        "pacr": null,
        "chairEmail": null,
        "chair": null,
        "addendum": null,
        "addendumEmail": null
    },
    {
        "sourceSystem": "ACCURATE",
        "orgId": null,
        "ratingActionDesc": "United States of America, Government of",
        "ratingActionID": "3460184",
        "ratingActionName": "United States of America, Government of",
        "ratingCommitteeDate": null,
        "ratingOffice": "51",
        "ratingReleaseDate": "2020-09-25 10:24:42.0",
        "releaseDate": "2020-09-25 10:25:11.393",
        "lobname": "SOV",
        "sublobname": "Sovereign",
        "region": "U.S.A. & Canada",
        "leadAnalystID": "7741",
        "leadAnalystName": "William Foster",
        "leadAnalystUniqueId": "fosterw",
        "analystEmail": "William.Foster@moodys.com",
        "analystLocation": "New York - 7 World Trade Center",
        "approverID": null,
        "approverName": " ",
        "officeName": "Moody's Investors Service, Inc.",
        "documentExceptionListingInd": "",
        "announcementInd": "",
        "automaticRating": "No",
        "definitiveRatingPrevProvisional": "No",
        "indicativeRatingInd": "N",
        "definitiveRatingInd": null,
        "linkedAnotherActionInd": "No",
        "privateRatingActionInd": "N",
        "provisionalRatingInd": "N",
        "secondaryactionind": "No",
        "subsequentRatingInd": "Y",
        "contactPersonId": null,
        "complianceType": "CAMS",
        "complianceID": "",
        "ratingShellId": null,
        "ratingShellDS": null,
        "workItemStatus": null,
        "workItemType": null,
        "workItemSubType": null,
        "workItemReleaseDtm": null,
        "pressReleaseId": null,
        "securityClassNm": null,
        "shadowCd": null,
        "pressReleaseType": null,
        "pyrRatingType": null,
        "pacrEmail": null,
        "pacr": null,
        "chairEmail": null,
        "chair": null,
        "addendum": null,
        "addendumEmail": null
    },
    {
        "sourceSystem": "ACCURATE",
        "orgId": null,
        "ratingActionDesc": "Avolon Holdings Funding Limited",
        "ratingActionID": "3460227",
        "ratingActionName": "Avolon Holdings Funding Limited",
        "ratingCommitteeDate": null,
        "ratingOffice": "51",
        "ratingReleaseDate": "2020-09-24 17:51:10.0",
        "releaseDate": "2020-09-24 17:51:16.51",
        "lobname": "FIG",
        "sublobname": "Banking",
        "region": "U.S.A. & Canada",
        "leadAnalystID": "2059",
        "leadAnalystName": "Mark Wasden",
        "leadAnalystUniqueId": "wasdenm",
        "analystEmail": "Mark.Wasden@moodys.com",
        "analystLocation": "New York - 7 World Trade Center",
        "approverID": null,
        "approverName": " ",
        "officeName": "Moody's Investors Service, Inc.",
        "documentExceptionListingInd": "Y",
        "announcementInd": "",
        "automaticRating": "Yes",
        "definitiveRatingPrevProvisional": "No",
        "indicativeRatingInd": "N",
        "definitiveRatingInd": null,
        "linkedAnotherActionInd": "No",
        "privateRatingActionInd": "N",
        "provisionalRatingInd": "N",
        "secondaryactionind": "No",
        "subsequentRatingInd": "Y",
        "contactPersonId": null,
        "complianceType": "CAMS",
        "complianceID": "",
        "ratingShellId": null,
        "ratingShellDS": null,
        "workItemStatus": null,
        "workItemType": null,
        "workItemSubType": null,
        "workItemReleaseDtm": null,
        "pressReleaseId": null,
        "securityClassNm": null,
        "shadowCd": null,
        "pressReleaseType": null,
        "pyrRatingType": null,
        "pacrEmail": null,
        "pacr": null,
        "chairEmail": null,
        "chair": null,
        "addendum": null,
        "addendumEmail": null
    },
    {
        "sourceSystem": "ACCURATE",
        "orgId": null,
        "ratingActionDesc": "Ascena Retail Group, Inc. (DIP)",
        "ratingActionID": "3460264",
        "ratingActionName": "Ascena Retail Group, Inc. (DIP)",
        "ratingCommitteeDate": null,
        "ratingOffice": "51",
        "ratingReleaseDate": "2020-09-25 12:52:42.0",
        "releaseDate": "2020-09-25 12:52:48.166",
        "lobname": "CFG",
        "sublobname": "CFG_NY-3",
        "region": "U.S.A. & Canada",
        "leadAnalystID": "6827",
        "leadAnalystName": "Raya Sokolyanska",
        "leadAnalystUniqueId": "sokolyar",
        "analystEmail": "Raya.Sokolyanska@moodys.com",
        "analystLocation": "New York - 7 World Trade Center",
        "approverID": "29008285",
        "approverName": "Raya Sokolyanska",
        "officeName": "Moody's Investors Service, Inc.",
        "documentExceptionListingInd": "Y",
        "announcementInd": "",
        "automaticRating": "Yes",
        "definitiveRatingPrevProvisional": "No",
        "indicativeRatingInd": "N",
        "definitiveRatingInd": null,
        "linkedAnotherActionInd": "No",
        "privateRatingActionInd": "N",
        "provisionalRatingInd": "N",
        "secondaryactionind": "No",
        "subsequentRatingInd": "N",
        "contactPersonId": null,
        "complianceType": "CAMS",
        "complianceID": "",
        "ratingShellId": null,
        "ratingShellDS": null,
        "workItemStatus": null,
        "workItemType": null,
        "workItemSubType": null,
        "workItemReleaseDtm": null,
        "pressReleaseId": null,
        "securityClassNm": null,
        "shadowCd": null,
        "pressReleaseType": null,
        "pyrRatingType": null,
        "pacrEmail": null,
        "pacr": null,
        "chairEmail": null,
        "chair": null,
        "addendum": null,
        "addendumEmail": null
    },
    {
        "sourceSystem": "ACCURATE",
        "orgId": null,
        "ratingActionDesc": "Champion Iron Ltd.",
        "ratingActionID": "3460279",
        "ratingActionName": "Champion Iron Ltd.",
        "ratingCommitteeDate": "2020-09-24 00:00:00.0",
        "ratingOffice": "71",
        "ratingReleaseDate": "2020-09-25 17:30:25.0",
        "releaseDate": "2020-09-25 17:30:46.74",
        "lobname": "CFG",
        "sublobname": "CFG Regional",
        "region": "U.S.A. & Canada",
        "leadAnalystID": "7616",
        "leadAnalystName": "Demetra Koutsoukis",
        "leadAnalystUniqueId": "koutsoud",
        "analystEmail": "Jamie.Koutsoukis@moodys.com",
        "analystLocation": "Toronto - 70 York Street",
        "approverID": "29026422",
        "approverName": "Demetra Koutsoukis",
        "officeName": "Moody's Canada Inc.",
        "documentExceptionListingInd": "",
        "announcementInd": "",
        "automaticRating": "No",
        "definitiveRatingPrevProvisional": "No",
        "indicativeRatingInd": "Y",
        "definitiveRatingInd": null,
        "linkedAnotherActionInd": "No",
        "privateRatingActionInd": "Y",
        "provisionalRatingInd": "N",
        "secondaryactionind": "No",
        "subsequentRatingInd": "",
        "contactPersonId": null,
        "complianceType": "CAMS",
        "complianceID": "104523",
        "ratingShellId": null,
        "ratingShellDS": null,
        "workItemStatus": null,
        "workItemType": null,
        "workItemSubType": null,
        "workItemReleaseDtm": null,
        "pressReleaseId": null,
        "securityClassNm": null,
        "shadowCd": null,
        "pressReleaseType": null,
        "pyrRatingType": null,
        "pacrEmail": "Donald.Carter@moodys.com",
        "pacr": "Don Carter",
        "chairEmail": "Donald.Carter@moodys.com",
        "chair": "Don Carter",
        "addendum": "Vimal Selvaraju ",
        "addendumEmail": "SelvaraV@moodys.com"
    },
    {
        "sourceSystem": "ACCURATE",
        "orgId": null,
        "ratingActionDesc": "Tender Option Bond Trust (Deutsche Bank Liq.), SPEARs and LIFERs Certificates, Series 2015-XF1008 and Series 2015-XF1031",
        "ratingActionID": "3460339",
        "ratingActionName": "Tender Option Bond Trust (Deutsche Bank Liq.), SPEARs and LIFERs Certificates, Series 2015-XF1008 and Series 2015-XF1031",
        "ratingCommitteeDate": null,
        "ratingOffice": "51",
        "ratingReleaseDate": "2020-09-24 19:02:40.0",
        "releaseDate": "2020-09-24 19:02:47.886",
        "lobname": "PPIF",
        "sublobname": "Municipal Supported Products",
        "region": "U.S.A. & Canada",
        "leadAnalystID": "2312",
        "leadAnalystName": "Randy Matlosz",
        "leadAnalystUniqueId": "matloszr",
        "analystEmail": "Randy.Matlosz@moodys.com",
        "analystLocation": "New York - 7 World Trade Center",
        "approverID": null,
        "approverName": " ",
        "officeName": "Moody's Investors Service, Inc.",
        "documentExceptionListingInd": "Y",
        "announcementInd": "",
        "automaticRating": "Yes",
        "definitiveRatingPrevProvisional": "No",
        "indicativeRatingInd": "N",
        "definitiveRatingInd": null,
        "linkedAnotherActionInd": "No",
        "privateRatingActionInd": "N",
        "provisionalRatingInd": "N",
        "secondaryactionind": "No",
        "subsequentRatingInd": "N",
        "contactPersonId": null,
        "complianceType": "CAMS",
        "complianceID": "",
        "ratingShellId": null,
        "ratingShellDS": null,
        "workItemStatus": null,
        "workItemType": null,
        "workItemSubType": null,
        "workItemReleaseDtm": null,
        "pressReleaseId": null,
        "securityClassNm": null,
        "shadowCd": null,
        "pressReleaseType": null,
        "pyrRatingType": null,
        "pacrEmail": null,
        "pacr": null,
        "chairEmail": null,
        "chair": null,
        "addendum": null,
        "addendumEmail": null
    },
    {
        "sourceSystem": "ACCURATE",
        "orgId": null,
        "ratingActionDesc": "Federal Farm Credit Banks",
        "ratingActionID": "3460390",
        "ratingActionName": "Federal Farm Credit Banks",
        "ratingCommitteeDate": null,
        "ratingOffice": "51",
        "ratingReleaseDate": "2020-09-25 09:16:47.0",
        "releaseDate": "2020-09-25 09:17:05.88",
        "lobname": "FIG",
        "sublobname": "Banking",
        "region": "U.S.A. & Canada",
        "leadAnalystID": "1241",
        "leadAnalystName": "Allen Tischler",
        "leadAnalystUniqueId": "tischlea",
        "analystEmail": "Allen.Tischler@moodys.com",
        "analystLocation": "New York - 7 World Trade Center",
        "approverID": null,
        "approverName": " ",
        "officeName": "Moody's Investors Service, Inc.",
        "documentExceptionListingInd": "",
        "announcementInd": "",
        "automaticRating": "No",
        "definitiveRatingPrevProvisional": "No",
        "indicativeRatingInd": "N",
        "definitiveRatingInd": null,
        "linkedAnotherActionInd": "No",
        "privateRatingActionInd": "N",
        "provisionalRatingInd": "N",
        "secondaryactionind": "No",
        "subsequentRatingInd": "Y",
        "contactPersonId": null,
        "complianceType": "CAMS",
        "complianceID": "",
        "ratingShellId": null,
        "ratingShellDS": null,
        "workItemStatus": null,
        "workItemType": null,
        "workItemSubType": null,
        "workItemReleaseDtm": null,
        "pressReleaseId": null,
        "securityClassNm": null,
        "shadowCd": null,
        "pressReleaseType": null,
        "pyrRatingType": null,
        "pacrEmail": null,
        "pacr": null,
        "chairEmail": null,
        "chair": null,
        "addendum": null,
        "addendumEmail": null
    },
    {
        "sourceSystem": "ACCURATE",
        "orgId": null,
        "ratingActionDesc": "Federal Home Loan Banks",
        "ratingActionID": "3460401",
        "ratingActionName": "Federal Home Loan Banks",
        "ratingCommitteeDate": null,
        "ratingOffice": "51",
        "ratingReleaseDate": "2020-09-25 10:56:45.0",
        "releaseDate": "2020-09-25 10:57:03.19",
        "lobname": "FIG",
        "sublobname": "Banking",
        "region": "U.S.A. & Canada",
        "leadAnalystID": "1241",
        "leadAnalystName": "Allen Tischler",
        "leadAnalystUniqueId": "tischlea",
        "analystEmail": "Allen.Tischler@moodys.com",
        "analystLocation": "New York - 7 World Trade Center",
        "approverID": null,
        "approverName": " ",
        "officeName": "Moody's Investors Service, Inc.",
        "documentExceptionListingInd": "",
        "announcementInd": "",
        "automaticRating": "No",
        "definitiveRatingPrevProvisional": "No",
        "indicativeRatingInd": "N",
        "definitiveRatingInd": null,
        "linkedAnotherActionInd": "No",
        "privateRatingActionInd": "N",
        "provisionalRatingInd": "N",
        "secondaryactionind": "No",
        "subsequentRatingInd": "Y",
        "contactPersonId": null,
        "complianceType": "CAMS",
        "complianceID": "",
        "ratingShellId": null,
        "ratingShellDS": null,
        "workItemStatus": null,
        "workItemType": null,
        "workItemSubType": null,
        "workItemReleaseDtm": null,
        "pressReleaseId": null,
        "securityClassNm": null,
        "shadowCd": null,
        "pressReleaseType": null,
        "pyrRatingType": null,
        "pacrEmail": null,
        "pacr": null,
        "chairEmail": null,
        "chair": null,
        "addendum": null,
        "addendumEmail": null
    },
    {
        "sourceSystem": "ACCURATE",
        "orgId": null,
        "ratingActionDesc": "Moody's: No immediate impact on Tencent?s ratings from potential US WeChat measures",
        "ratingActionID": "3460405",
        "ratingActionName": "Moody's: No immediate impact on Tencent?s ratings from potential US WeChat measures",
        "ratingCommitteeDate": null,
        "ratingOffice": "72",
        "ratingReleaseDate": "2020-09-25 00:17:46.3",
        "releaseDate": "2020-09-25 00:17:46.333",
        "lobname": "CFG",
        "sublobname": "CFG Regional",
        "region": null,
        "leadAnalystID": "6959",
        "leadAnalystName": "Wai Choi",
        "leadAnalystUniqueId": "choiw",
        "analystEmail": "Wai.Choi@moodys.com",
        "analystLocation": "Hong Kong - One Pacific Place",
        "approverID": null,
        "approverName": " ",
        "officeName": "Moody's Investors Service Hong Kong Ltd.",
        "documentExceptionListingInd": "Y",
        "announcementInd": "Y",
        "automaticRating": "Yes",
        "definitiveRatingPrevProvisional": "No",
        "indicativeRatingInd": "N",
        "definitiveRatingInd": null,
        "linkedAnotherActionInd": "No",
        "privateRatingActionInd": "",
        "provisionalRatingInd": "N",
        "secondaryactionind": "No",
        "subsequentRatingInd": "",
        "contactPersonId": null,
        "complianceType": "CAMS",
        "complianceID": "",
        "ratingShellId": null,
        "ratingShellDS": null,
        "workItemStatus": null,
        "workItemType": null,
        "workItemSubType": null,
        "workItemReleaseDtm": null,
        "pressReleaseId": null,
        "securityClassNm": null,
        "shadowCd": null,
        "pressReleaseType": null,
        "pyrRatingType": null,
        "pacrEmail": null,
        "pacr": null,
        "chairEmail": null,
        "chair": null,
        "addendum": null,
        "addendumEmail": null
    },
    {
        "sourceSystem": "ACCURATE",
        "orgId": null,
        "ratingActionDesc": "Federal Home Loan Mortgage Corp.",
        "ratingActionID": "3460419",
        "ratingActionName": "Federal Home Loan Mortgage Corp.",
        "ratingCommitteeDate": null,
        "ratingOffice": "51",
        "ratingReleaseDate": "2020-09-25 12:06:17.0",
        "releaseDate": "2020-09-25 12:07:03.473",
        "lobname": "FIG",
        "sublobname": "Banking",
        "region": "U.S.A. & Canada",
        "leadAnalystID": "1600",
        "leadAnalystName": "Warren Kornfeld",
        "leadAnalystUniqueId": "kornfelw",
        "analystEmail": "Warren.Kornfeld@moodys.com",
        "analystLocation": "New York - 7 World Trade Center",
        "approverID": null,
        "approverName": " ",
        "officeName": "Moody's Investors Service, Inc.",
        "documentExceptionListingInd": "",
        "announcementInd": "",
        "automaticRating": "No",
        "definitiveRatingPrevProvisional": "No",
        "indicativeRatingInd": "N",
        "definitiveRatingInd": null,
        "linkedAnotherActionInd": "No",
        "privateRatingActionInd": "N",
        "provisionalRatingInd": "N",
        "secondaryactionind": "No",
        "subsequentRatingInd": "Y",
        "contactPersonId": null,
        "complianceType": "CAMS",
        "complianceID": "",
        "ratingShellId": null,
        "ratingShellDS": null,
        "workItemStatus": null,
        "workItemType": null,
        "workItemSubType": null,
        "workItemReleaseDtm": null,
        "pressReleaseId": null,
        "securityClassNm": null,
        "shadowCd": null,
        "pressReleaseType": null,
        "pyrRatingType": null,
        "pacrEmail": null,
        "pacr": null,
        "chairEmail": null,
        "chair": null,
        "addendum": null,
        "addendumEmail": null
    },
    {
        "sourceSystem": "ACCURATE",
        "orgId": null,
        "ratingActionDesc": "Asian Infrastructure Investment Bank (AIIB)",
        "ratingActionID": "3460470",
        "ratingActionName": "Asian Infrastructure Investment Bank (AIIB)",
        "ratingCommitteeDate": null,
        "ratingOffice": "81",
        "ratingReleaseDate": "2020-09-25 04:08:23.0",
        "releaseDate": "2020-09-25 04:08:32.513",
        "lobname": "SOV",
        "sublobname": "Sovereign",
        "region": "Asia Pacific",
        "leadAnalystID": "7896",
        "leadAnalystName": "Martin Petch",
        "leadAnalystUniqueId": "petm",
        "analystEmail": "Martin.Petch@moodys.com",
        "analystLocation": "Singapore - 50 Raffles Place #23-06",
        "approverID": null,
        "approverName": " ",
        "officeName": "Moody's Investors Service Singapore Pte. Ltd.",
        "documentExceptionListingInd": "",
        "announcementInd": "",
        "automaticRating": "No",
        "definitiveRatingPrevProvisional": "No",
        "indicativeRatingInd": "N",
        "definitiveRatingInd": null,
        "linkedAnotherActionInd": "No",
        "privateRatingActionInd": "N",
        "provisionalRatingInd": "N",
        "secondaryactionind": "No",
        "subsequentRatingInd": "Y",
        "contactPersonId": null,
        "complianceType": "CAMS",
        "complianceID": "",
        "ratingShellId": null,
        "ratingShellDS": null,
        "workItemStatus": null,
        "workItemType": null,
        "workItemSubType": null,
        "workItemReleaseDtm": null,
        "pressReleaseId": null,
        "securityClassNm": null,
        "shadowCd": null,
        "pressReleaseType": null,
        "pyrRatingType": null,
        "pacrEmail": null,
        "pacr": null,
        "chairEmail": null,
        "chair": null,
        "addendum": null,
        "addendumEmail": null
    },
    {
        "sourceSystem": "ACCURATE",
        "orgId": null,
        "ratingActionDesc": "Moody?s: Sinopec investment is credit positive for Binhai Investment",
        "ratingActionID": "3460485",
        "ratingActionName": "Moody?s: Sinopec investment is credit positive for Binhai Investment",
        "ratingCommitteeDate": null,
        "ratingOffice": "72",
        "ratingReleaseDate": "2020-09-25 08:29:10.106",
        "releaseDate": "2020-09-25 08:29:10.116",
        "lobname": "PPIF",
        "sublobname": "Infrastructure Finance",
        "region": null,
        "leadAnalystID": "7329",
        "leadAnalystName": "Wai Lok Li",
        "leadAnalystUniqueId": "liwa",
        "analystEmail": "Ada.Li@moodys.com",
        "analystLocation": "Hong Kong - One Pacific Place",
        "approverID": null,
        "approverName": " ",
        "officeName": "Moody's Investors Service Hong Kong Ltd.",
        "documentExceptionListingInd": "Y",
        "announcementInd": "Y",
        "automaticRating": "Yes",
        "definitiveRatingPrevProvisional": "No",
        "indicativeRatingInd": "N",
        "definitiveRatingInd": null,
        "linkedAnotherActionInd": "No",
        "privateRatingActionInd": "",
        "provisionalRatingInd": "N",
        "secondaryactionind": "No",
        "subsequentRatingInd": "",
        "contactPersonId": null,
        "complianceType": "CAMS",
        "complianceID": "",
        "ratingShellId": null,
        "ratingShellDS": null,
        "workItemStatus": null,
        "workItemType": null,
        "workItemSubType": null,
        "workItemReleaseDtm": null,
        "pressReleaseId": null,
        "securityClassNm": null,
        "shadowCd": null,
        "pressReleaseType": null,
        "pyrRatingType": null,
        "pacrEmail": null,
        "pacr": null,
        "chairEmail": null,
        "chair": null,
        "addendum": null,
        "addendumEmail": null
    },
    {
        "sourceSystem": "ACCURATE",
        "orgId": null,
        "ratingActionDesc": "Shinhan Bank",
        "ratingActionID": "3460489",
        "ratingActionName": "Shinhan Bank",
        "ratingCommitteeDate": null,
        "ratingOffice": "72",
        "ratingReleaseDate": "2020-09-25 03:40:13.0",
        "releaseDate": "2020-09-25 03:40:22.806",
        "lobname": "FIG",
        "sublobname": "Banking",
        "region": null,
        "leadAnalystID": "7889",
        "leadAnalystName": "Tae Jong Ok",
        "leadAnalystUniqueId": "okt",
        "analystEmail": "TaeJong.Ok@moodys.com",
        "analystLocation": "Hong Kong - One Pacific Place",
        "approverID": null,
        "approverName": " ",
        "officeName": "Moody's Investors Service Hong Kong Ltd.",
        "documentExceptionListingInd": "",
        "announcementInd": "",
        "automaticRating": "No",
        "definitiveRatingPrevProvisional": "No",
        "indicativeRatingInd": "N",
        "definitiveRatingInd": null,
        "linkedAnotherActionInd": "No",
        "privateRatingActionInd": "N",
        "provisionalRatingInd": "N",
        "secondaryactionind": "No",
        "subsequentRatingInd": "Y",
        "contactPersonId": null,
        "complianceType": "CAMS",
        "complianceID": "",
        "ratingShellId": null,
        "ratingShellDS": null,
        "workItemStatus": null,
        "workItemType": null,
        "workItemSubType": null,
        "workItemReleaseDtm": null,
        "pressReleaseId": null,
        "securityClassNm": null,
        "shadowCd": null,
        "pressReleaseType": null,
        "pyrRatingType": null,
        "pacrEmail": null,
        "pacr": null,
        "chairEmail": null,
        "chair": null,
        "addendum": null,
        "addendumEmail": null
    },
    {
        "sourceSystem": "ACCURATE",
        "orgId": null,
        "ratingActionDesc": "Oversea-Chinese Banking Corp Ltd",
        "ratingActionID": "3460508",
        "ratingActionName": "Oversea-Chinese Banking Corp Ltd",
        "ratingCommitteeDate": null,
        "ratingOffice": "81",
        "ratingReleaseDate": "2020-09-25 03:17:03.0",
        "releaseDate": "2020-09-25 03:17:13.21",
        "lobname": "FIG",
        "sublobname": "Banking",
        "region": "Asia Pacific",
        "leadAnalystID": "6362",
        "leadAnalystName": "Eugene Tarzimanov",
        "leadAnalystUniqueId": "tarzimae",
        "analystEmail": "Eugene.Tarzimanov@moodys.com",
        "analystLocation": "Singapore - 50 Raffles Place #23-06",
        "approverID": null,
        "approverName": " ",
        "officeName": "Moody's Investors Service Singapore Pte. Ltd.",
        "documentExceptionListingInd": "Y",
        "announcementInd": "",
        "automaticRating": "Yes",
        "definitiveRatingPrevProvisional": "No",
        "indicativeRatingInd": "N",
        "definitiveRatingInd": null,
        "linkedAnotherActionInd": "No",
        "privateRatingActionInd": "N",
        "provisionalRatingInd": "N",
        "secondaryactionind": "No",
        "subsequentRatingInd": "Y",
        "contactPersonId": null,
        "complianceType": "CAMS",
        "complianceID": "",
        "ratingShellId": null,
        "ratingShellDS": null,
        "workItemStatus": null,
        "workItemType": null,
        "workItemSubType": null,
        "workItemReleaseDtm": null,
        "pressReleaseId": null,
        "securityClassNm": null,
        "shadowCd": null,
        "pressReleaseType": null,
        "pyrRatingType": null,
        "pacrEmail": null,
        "pacr": null,
        "chairEmail": null,
        "chair": null,
        "addendum": null,
        "addendumEmail": null
    },
    {
        "sourceSystem": "ACCURATE",
        "orgId": null,
        "ratingActionDesc": "IBRD (World Bank)",
        "ratingActionID": "3460677",
        "ratingActionName": "IBRD (World Bank)",
        "ratingCommitteeDate": null,
        "ratingOffice": "51",
        "ratingReleaseDate": "2020-09-25 08:33:06.0",
        "releaseDate": "2020-09-25 08:33:12.37",
        "lobname": "SOV",
        "sublobname": "Sovereign",
        "region": "U.S.A. & Canada",
        "leadAnalystID": "7741",
        "leadAnalystName": "William Foster",
        "leadAnalystUniqueId": "fosterw",
        "analystEmail": "William.Foster@moodys.com",
        "analystLocation": "New York - 7 World Trade Center",
        "approverID": null,
        "approverName": " ",
        "officeName": "Moody's Investors Service, Inc.",
        "documentExceptionListingInd": "",
        "announcementInd": "",
        "automaticRating": "No",
        "definitiveRatingPrevProvisional": "No",
        "indicativeRatingInd": "N",
        "definitiveRatingInd": null,
        "linkedAnotherActionInd": "No",
        "privateRatingActionInd": "N",
        "provisionalRatingInd": "N",
        "secondaryactionind": "No",
        "subsequentRatingInd": "Y",
        "contactPersonId": null,
        "complianceType": "CAMS",
        "complianceID": "",
        "ratingShellId": null,
        "ratingShellDS": null,
        "workItemStatus": null,
        "workItemType": null,
        "workItemSubType": null,
        "workItemReleaseDtm": null,
        "pressReleaseId": null,
        "securityClassNm": null,
        "shadowCd": null,
        "pressReleaseType": null,
        "pyrRatingType": null,
        "pacrEmail": null,
        "pacr": null,
        "chairEmail": null,
        "chair": null,
        "addendum": null,
        "addendumEmail": null
    },
    {
        "sourceSystem": "ACCURATE",
        "orgId": null,
        "ratingActionDesc": "BMW Japan Finance Corp.",
        "ratingActionID": "3460705",
        "ratingActionName": "BMW Japan Finance Corp.",
        "ratingCommitteeDate": null,
        "ratingOffice": "41",
        "ratingReleaseDate": "2020-09-25 09:07:52.0",
        "releaseDate": "2020-09-25 09:08:01.42",
        "lobname": "CFG",
        "sublobname": "CFG Regional",
        "region": "Europe",
        "leadAnalystID": "7053",
        "leadAnalystName": "Matthias Heck",
        "leadAnalystUniqueId": "heckm",
        "analystEmail": "Matthias.Heck@moodys.com",
        "analystLocation": "Frankfurt - An der Welle 5",
        "approverID": null,
        "approverName": " ",
        "officeName": "Moody's Deutschland GmbH",
        "documentExceptionListingInd": "",
        "announcementInd": "",
        "automaticRating": "No",
        "definitiveRatingPrevProvisional": "No",
        "indicativeRatingInd": "N",
        "definitiveRatingInd": null,
        "linkedAnotherActionInd": "No",
        "privateRatingActionInd": "N",
        "provisionalRatingInd": "N",
        "secondaryactionind": "No",
        "subsequentRatingInd": "Y",
        "contactPersonId": null,
        "complianceType": "CAMS",
        "complianceID": "",
        "ratingShellId": null,
        "ratingShellDS": null,
        "workItemStatus": null,
        "workItemType": null,
        "workItemSubType": null,
        "workItemReleaseDtm": null,
        "pressReleaseId": null,
        "securityClassNm": null,
        "shadowCd": null,
        "pressReleaseType": null,
        "pyrRatingType": null,
        "pacrEmail": null,
        "pacr": null,
        "chairEmail": null,
        "chair": null,
        "addendum": null,
        "addendumEmail": null
    },
    {
        "sourceSystem": "ACCURATE",
        "orgId": null,
        "ratingActionDesc": "Caja Rural de Navarra - Mortgage Covered Bonds",
        "ratingActionID": "3460748",
        "ratingActionName": "Caja Rural de Navarra - Mortgage Covered Bonds",
        "ratingCommitteeDate": null,
        "ratingOffice": "69",
        "ratingReleaseDate": "2020-09-25 09:51:22.0",
        "releaseDate": "2020-09-25 09:51:39.796",
        "lobname": "SFG",
        "sublobname": "NR-Covered Bonds",
        "region": "Europe",
        "leadAnalystID": "30891",
        "leadAnalystName": "Luis Romaguera Torres",
        "leadAnalystUniqueId": "torresl",
        "analystEmail": "Luis.Romaguera@moodys.com",
        "analystLocation": "Madrid - Calle Principe de Vergara, 131",
        "approverID": null,
        "approverName": " ",
        "officeName": "Moody's Investors Service Espana, S.A.",
        "documentExceptionListingInd": "Y",
        "announcementInd": "",
        "automaticRating": "No",
        "definitiveRatingPrevProvisional": "No",
        "indicativeRatingInd": "N",
        "definitiveRatingInd": null,
        "linkedAnotherActionInd": "No",
        "privateRatingActionInd": "N",
        "provisionalRatingInd": "N",
        "secondaryactionind": "No",
        "subsequentRatingInd": "Y",
        "contactPersonId": null,
        "complianceType": "CAMS",
        "complianceID": "",
        "ratingShellId": null,
        "ratingShellDS": null,
        "workItemStatus": null,
        "workItemType": null,
        "workItemSubType": null,
        "workItemReleaseDtm": null,
        "pressReleaseId": null,
        "securityClassNm": null,
        "shadowCd": null,
        "pressReleaseType": null,
        "pyrRatingType": null,
        "pacrEmail": null,
        "pacr": null,
        "chairEmail": null,
        "chair": null,
        "addendum": null,
        "addendumEmail": null
    },
    {
        "sourceSystem": "ACCURATE",
        "orgId": null,
        "ratingActionDesc": null,
        "ratingActionID": "3460915",
        "ratingActionName": "New Announcement - Azalea",
        "ratingCommitteeDate": null,
        "ratingOffice": "51",
        "ratingReleaseDate": "2020-09-25 17:03:29.146",
        "releaseDate": "2020-09-25 17:03:29.153",
        "lobname": "CFG",
        "sublobname": "CFG_NY-4",
        "region": "U.S.A. & Canada",
        "leadAnalystID": "31381",
        "leadAnalystName": "Farah Zakir",
        "leadAnalystUniqueId": "zakirf",
        "analystEmail": "Farah.Zakir@moodys.com",
        "analystLocation": "New York - 7 World Trade Center",
        "approverID": null,
        "approverName": " ",
        "officeName": "Moody's Investors Service, Inc.",
        "documentExceptionListingInd": "Y",
        "announcementInd": "Y",
        "automaticRating": "Yes",
        "definitiveRatingPrevProvisional": "No",
        "indicativeRatingInd": "N",
        "definitiveRatingInd": null,
        "linkedAnotherActionInd": "No",
        "privateRatingActionInd": "",
        "provisionalRatingInd": "N",
        "secondaryactionind": "No",
        "subsequentRatingInd": "",
        "contactPersonId": null,
        "complianceType": "CAMS",
        "complianceID": "",
        "ratingShellId": null,
        "ratingShellDS": null,
        "workItemStatus": null,
        "workItemType": null,
        "workItemSubType": null,
        "workItemReleaseDtm": null,
        "pressReleaseId": null,
        "securityClassNm": null,
        "shadowCd": null,
        "pressReleaseType": null,
        "pyrRatingType": null,
        "pacrEmail": null,
        "pacr": null,
        "chairEmail": null,
        "chair": null,
        "addendum": null,
        "addendumEmail": null
    },
    {
        "sourceSystem": "ACCURATE",
        "orgId": null,
        "ratingActionDesc": "St. John's, City of",
        "ratingActionID": "3460955",
        "ratingActionName": "St. John's, City of",
        "ratingCommitteeDate": null,
        "ratingOffice": "71",
        "ratingReleaseDate": "2020-09-25 14:25:54.0",
        "releaseDate": "2020-09-25 14:26:00.1",
        "lobname": "SOV",
        "sublobname": "Sub-Sovereign",
        "region": "U.S.A. & Canada",
        "leadAnalystID": "6728",
        "leadAnalystName": "Michael Yake",
        "leadAnalystUniqueId": "yakem",
        "analystEmail": "Michael.Yake@moodys.com",
        "analystLocation": "Toronto - 70 York Street",
        "approverID": null,
        "approverName": " ",
        "officeName": "Moody's Canada Inc.",
        "documentExceptionListingInd": "Y",
        "announcementInd": "",
        "automaticRating": "Yes",
        "definitiveRatingPrevProvisional": "No",
        "indicativeRatingInd": "N",
        "definitiveRatingInd": null,
        "linkedAnotherActionInd": "No",
        "privateRatingActionInd": "N",
        "provisionalRatingInd": "N",
        "secondaryactionind": "No",
        "subsequentRatingInd": "Y",
        "contactPersonId": null,
        "complianceType": "CAMS",
        "complianceID": "",
        "ratingShellId": null,
        "ratingShellDS": null,
        "workItemStatus": null,
        "workItemType": null,
        "workItemSubType": null,
        "workItemReleaseDtm": null,
        "pressReleaseId": null,
        "securityClassNm": null,
        "shadowCd": null,
        "pressReleaseType": null,
        "pyrRatingType": null,
        "pacrEmail": null,
        "pacr": null,
        "chairEmail": null,
        "chair": null,
        "addendum": null,
        "addendumEmail": null
    },
    {
        "sourceSystem": "ACCURATE",
        "orgId": null,
        "ratingActionDesc": "Swedish Export Credit Corporation",
        "ratingActionID": "3460962",
        "ratingActionName": "Swedish Export Credit Corporation",
        "ratingCommitteeDate": null,
        "ratingOffice": "128",
        "ratingReleaseDate": "2020-09-25 13:47:15.0",
        "releaseDate": "2020-09-25 13:47:21.773",
        "lobname": "FIG",
        "sublobname": "Banking",
        "region": "Europe",
        "leadAnalystID": "7742",
        "leadAnalystName": "Erik Niclas Boheman",
        "leadAnalystUniqueId": "bohemane",
        "analystEmail": "Niclas.Boheman@moodys.com",
        "analystLocation": "Stockholm- Norrlandsgatan 20",
        "approverID": null,
        "approverName": " ",
        "officeName": "Moody's Investors Service (Nordics) AB",
        "documentExceptionListingInd": "",
        "announcementInd": "",
        "automaticRating": "No",
        "definitiveRatingPrevProvisional": "No",
        "indicativeRatingInd": "N",
        "definitiveRatingInd": null,
        "linkedAnotherActionInd": "No",
        "privateRatingActionInd": "N",
        "provisionalRatingInd": "N",
        "secondaryactionind": "No",
        "subsequentRatingInd": "Y",
        "contactPersonId": null,
        "complianceType": "CAMS",
        "complianceID": "",
        "ratingShellId": null,
        "ratingShellDS": null,
        "workItemStatus": null,
        "workItemType": null,
        "workItemSubType": null,
        "workItemReleaseDtm": null,
        "pressReleaseId": null,
        "securityClassNm": null,
        "shadowCd": null,
        "pressReleaseType": null,
        "pyrRatingType": null,
        "pacrEmail": null,
        "pacr": null,
        "chairEmail": null,
        "chair": null,
        "addendum": null,
        "addendumEmail": null
    },
    {
        "sourceSystem": "ACCURATE",
        "orgId": null,
        "ratingActionDesc": null,
        "ratingActionID": "3461097",
        "ratingActionName": "New Announcement",
        "ratingCommitteeDate": null,
        "ratingOffice": "51",
        "ratingReleaseDate": "2020-09-25 17:30:37.63",
        "releaseDate": "2020-09-25 17:30:37.693",
        "lobname": "CFG",
        "sublobname": "CFG_NY-4",
        "region": "U.S.A. & Canada",
        "leadAnalystID": "387",
        "leadAnalystName": "Neil Begley",
        "leadAnalystUniqueId": "begleyn",
        "analystEmail": "Neil.Begley@moodys.com",
        "analystLocation": "New York - 7 World Trade Center",
        "approverID": null,
        "approverName": " ",
        "officeName": "Moody's Investors Service, Inc.",
        "documentExceptionListingInd": "Y",
        "announcementInd": "Y",
        "automaticRating": "Yes",
        "definitiveRatingPrevProvisional": "No",
        "indicativeRatingInd": "N",
        "definitiveRatingInd": null,
        "linkedAnotherActionInd": "No",
        "privateRatingActionInd": "",
        "provisionalRatingInd": "N",
        "secondaryactionind": "No",
        "subsequentRatingInd": "",
        "contactPersonId": null,
        "complianceType": "CAMS",
        "complianceID": "",
        "ratingShellId": null,
        "ratingShellDS": null,
        "workItemStatus": null,
        "workItemType": null,
        "workItemSubType": null,
        "workItemReleaseDtm": null,
        "pressReleaseId": null,
        "securityClassNm": null,
        "shadowCd": null,
        "pressReleaseType": null,
        "pyrRatingType": null,
        "pacrEmail": null,
        "pacr": null,
        "chairEmail": null,
        "chair": null,
        "addendum": null,
        "addendumEmail": null
    }
]
[
    {
        "sourceSystem": "ACCURATE",
        "orgId": null,
        "ratingActionDesc": "Atmos Energy Corporation",
        "ratingActionID": "3318759",
        "ratingActionName": "Atmos Energy Corporation",
        "ratingCommitteeDate": null,
        "ratingOffice": "51",
        "ratingReleaseDate": "2020-09-25 10:36:41.0",
        "releaseDate": "2020-09-25 10:36:51.323",
        "lobname": "PPIF",
        "sublobname": "Infrastructure Finance",
        "region": "U.S.A. & Canada",
        "leadAnalystID": "31354",
        "leadAnalystName": "Robert Petrosino",
        "leadAnalystUniqueId": "petrosir",
        "analystEmail": "Robert.Petrosino@moodys.com",
        "analystLocation": "New York - 7 World Trade Center",
        "approverID": null,
        "approverName": " ",
        "officeName": "Moody's Investors Service, Inc.",
        "documentExceptionListingInd": "Y",
        "announcementInd": "",
        "automaticRating": "No",
        "definitiveRatingPrevProvisional": "No",
        "indicativeRatingInd": "N",
        "definitiveRatingInd": null,
        "linkedAnotherActionInd": "No",
        "privateRatingActionInd": "N",
        "provisionalRatingInd": "Y",
        "secondaryactionind": "No",
        "subsequentRatingInd": "Y",
        "contactPersonId": null,
        "complianceType": "CAMS",
        "complianceID": "",
        "ratingShellId": null,
        "ratingShellDS": null,
        "workItemStatus": null,
        "workItemType": null,
        "workItemSubType": null,
        "workItemReleaseDtm": null,
        "pressReleaseId": null,
        "securityClassNm": null,
        "shadowCd": null,
        "pressReleaseType": null,
        "pyrRatingType": null,
        "pacrEmail": null,
        "pacr": null,
        "chairEmail": null,
        "chair": null,
        "addendum": null,
        "addendumEmail": null
    },
    {
        "sourceSystem": "ACCURATE",
        "orgId": null,
        "ratingActionDesc": "Cars Alliance Auto Leases France V 2020-1",
        "ratingActionID": "3325243",
        "ratingActionName": "Cars Alliance Auto Leases France V 2020-1",
        "ratingCommitteeDate": "2020-09-21 00:00:00.0",
        "ratingOffice": "98",
        "ratingReleaseDate": "2020-09-23 17:17:01.0",
        "releaseDate": "2020-09-23 17:17:19.66",
        "lobname": "SFG",
        "sublobname": "NR-COS-RMBS",
        "region": "Europe",
        "leadAnalystID": "6463",
        "leadAnalystName": "Francesca Pilu",
        "leadAnalystUniqueId": "piluf",
        "analystEmail": "Francesca.Pilu@moodys.com",
        "analystLocation": "Milan - Corso di Porta Romana 68",
        "approverID": null,
        "approverName": " ",
        "officeName": "Moody's Italia S.r.l",
        "documentExceptionListingInd": "Y",
        "announcementInd": "",
        "automaticRating": "No",
        "definitiveRatingPrevProvisional": "No",
        "indicativeRatingInd": "N",
        "definitiveRatingInd": null,
        "linkedAnotherActionInd": "No",
        "privateRatingActionInd": "N",
        "provisionalRatingInd": "Y",
        "secondaryactionind": "No",
        "subsequentRatingInd": "N",
        "contactPersonId": null,
        "complianceType": "CAMS",
        "complianceID": "101294",
        "ratingShellId": null,
        "ratingShellDS": null,
        "workItemStatus": null,
        "workItemType": null,
        "workItemSubType": null,
        "workItemReleaseDtm": null,
        "pressReleaseId": null,
        "securityClassNm": null,
        "shadowCd": null,
        "pressReleaseType": null,
        "pyrRatingType": null,
        "pacrEmail": null,
        "pacr": null,
        "chairEmail": null,
        "chair": null,
        "addendum": null,
        "addendumEmail": null
    },
    {
        "sourceSystem": "ACCURATE",
        "orgId": null,
        "ratingActionDesc": "Standard Chartered Bank - 47",
        "ratingActionID": "3329509",
        "ratingActionName": "Standard Chartered Bank - 47",
        "ratingCommitteeDate": null,
        "ratingOffice": "81",
        "ratingReleaseDate": "2020-09-24 10:53:48.0",
        "releaseDate": "2020-09-24 10:53:54.953",
        "lobname": "FIG",
        "sublobname": "Banking",
        "region": "Asia Pacific",
        "leadAnalystID": "7111",
        "leadAnalystName": "Srikanth Vadlamani",
        "leadAnalystUniqueId": "vadlamas",
        "analystEmail": "Srikanth.Vadlamani@moodys.com",
        "analystLocation": "Singapore - 50 Raffles Place #23-06",
        "approverID": null,
        "approverName": " ",
        "officeName": "Moody's Investors Service Singapore Pte. Ltd.",
        "documentExceptionListingInd": "Y",
        "announcementInd": "",
        "automaticRating": "Yes",
        "definitiveRatingPrevProvisional": "No",
        "indicativeRatingInd": "N",
        "definitiveRatingInd": null,
        "linkedAnotherActionInd": "No",
        "privateRatingActionInd": "N",
        "provisionalRatingInd": "N",
        "secondaryactionind": "No",
        "subsequentRatingInd": "",
        "contactPersonId": null,
        "complianceType": "CAMS",
        "complianceID": "",
        "ratingShellId": null,
        "ratingShellDS": null,
        "workItemStatus": null,
        "workItemType": null,
        "workItemSubType": null,
        "workItemReleaseDtm": null,
        "pressReleaseId": null,
        "securityClassNm": null,
        "shadowCd": null,
        "pressReleaseType": null,
        "pyrRatingType": null,
        "pacrEmail": null,
        "pacr": null,
        "chairEmail": null,
        "chair": null,
        "addendum": null,
        "addendumEmail": null
    },
    {
        "sourceSystem": "ACCURATE",
        "orgId": null,
        "ratingActionDesc": "DZ BANK AG",
        "ratingActionID": "3346017",
        "ratingActionName": "DZ BANK AG",
        "ratingCommitteeDate": null,
        "ratingOffice": "41",
        "ratingReleaseDate": "2020-09-24 12:48:07.0",
        "releaseDate": "2020-09-24 12:48:27.51",
        "lobname": "FIG",
        "sublobname": "Banking",
        "region": "Europe",
        "leadAnalystID": "7188",
        "leadAnalystName": "Bernhard Held",
        "leadAnalystUniqueId": "heldb",
        "analystEmail": "Bernhard.Held@moodys.com",
        "analystLocation": "Frankfurt - An der Welle 5",
        "approverID": null,
        "approverName": " ",
        "officeName": "Moody's Deutschland GmbH",
        "documentExceptionListingInd": "",
        "announcementInd": "",
        "automaticRating": "No",
        "definitiveRatingPrevProvisional": "No",
        "indicativeRatingInd": "N",
        "definitiveRatingInd": null,
        "linkedAnotherActionInd": "No",
        "privateRatingActionInd": "N",
        "provisionalRatingInd": "N",
        "secondaryactionind": "No",
        "subsequentRatingInd": "Y",
        "contactPersonId": null,
        "complianceType": "CAMS",
        "complianceID": "",
        "ratingShellId": null,
        "ratingShellDS": null,
        "workItemStatus": null,
        "workItemType": null,
        "workItemSubType": null,
        "workItemReleaseDtm": null,
        "pressReleaseId": null,
        "securityClassNm": null,
        "shadowCd": null,
        "pressReleaseType": null,
        "pyrRatingType": null,
        "pacrEmail": null,
        "pacr": null,
        "chairEmail": null,
        "chair": null,
        "addendum": null,
        "addendumEmail": null
    },
    {
        "sourceSystem": "ACCURATE",
        "orgId": null,
        "ratingActionDesc": "UniCredit Bank AG - 47",
        "ratingActionID": "3371271",
        "ratingActionName": "UniCredit Bank AG - 47",
        "ratingCommitteeDate": null,
        "ratingOffice": "41",
        "ratingReleaseDate": "2020-09-24 11:14:29.0",
        "releaseDate": "2020-09-24 11:14:33.843",
        "lobname": "FIG",
        "sublobname": "Banking",
        "region": "Europe",
        "leadAnalystID": "7188",
        "leadAnalystName": "Bernhard Held",
        "leadAnalystUniqueId": "heldb",
        "analystEmail": "Bernhard.Held@moodys.com",
        "analystLocation": "Frankfurt - An der Welle 5",
        "approverID": null,
        "approverName": " ",
        "officeName": "Moody's Deutschland GmbH",
        "documentExceptionListingInd": "Y",
        "announcementInd": "",
        "automaticRating": "Yes",
        "definitiveRatingPrevProvisional": "No",
        "indicativeRatingInd": "N",
        "definitiveRatingInd": null,
        "linkedAnotherActionInd": "No",
        "privateRatingActionInd": "N",
        "provisionalRatingInd": "N",
        "secondaryactionind": "No",
        "subsequentRatingInd": "",
        "contactPersonId": null,
        "complianceType": "CAMS",
        "complianceID": "",
        "ratingShellId": null,
        "ratingShellDS": null,
        "workItemStatus": null,
        "workItemType": null,
        "workItemSubType": null,
        "workItemReleaseDtm": null,
        "pressReleaseId": null,
        "securityClassNm": null,
        "shadowCd": null,
        "pressReleaseType": null,
        "pyrRatingType": null,
        "pacrEmail": null,
        "pacr": null,
        "chairEmail": null,
        "chair": null,
        "addendum": null,
        "addendumEmail": null
    },
    {
        "sourceSystem": "ACCURATE",
        "orgId": null,
        "ratingActionDesc": "Morgan Stanley Finance LLC",
        "ratingActionID": "3373783",
        "ratingActionName": "Morgan Stanley Finance LLC",
        "ratingCommitteeDate": null,
        "ratingOffice": "51",
        "ratingReleaseDate": "2020-09-23 13:05:28.0",
        "releaseDate": "2020-09-23 13:05:39.29",
        "lobname": "FIG",
        "sublobname": "Banking",
        "region": "U.S.A. & Canada",
        "leadAnalystID": "7106",
        "leadAnalystName": "Donald Robertson",
        "leadAnalystUniqueId": "robertsd",
        "analystEmail": "Donald.Robertson@moodys.com",
        "analystLocation": "New York - 7 World Trade Center",
        "approverID": null,
        "approverName": " ",
        "officeName": "Moody's Investors Service, Inc.",
        "documentExceptionListingInd": "",
        "announcementInd": "",
        "automaticRating": "No",
        "definitiveRatingPrevProvisional": "No",
        "indicativeRatingInd": "N",
        "definitiveRatingInd": null,
        "linkedAnotherActionInd": "No",
        "privateRatingActionInd": "N",
        "provisionalRatingInd": "N",
        "secondaryactionind": "No",
        "subsequentRatingInd": "Y",
        "contactPersonId": null,
        "complianceType": "CAMS",
        "complianceID": "",
        "ratingShellId": null,
        "ratingShellDS": null,
        "workItemStatus": null,
        "workItemType": null,
        "workItemSubType": null,
        "workItemReleaseDtm": null,
        "pressReleaseId": null,
        "securityClassNm": null,
        "shadowCd": null,
        "pressReleaseType": null,
        "pyrRatingType": null,
        "pacrEmail": null,
        "pacr": null,
        "chairEmail": null,
        "chair": null,
        "addendum": null,
        "addendumEmail": null
    },
    {
        "sourceSystem": "ACCURATE",
        "orgId": null,
        "ratingActionDesc": "Symphony CLO XVI, Ltd.",
        "ratingActionID": "3374052",
        "ratingActionName": "Symphony CLO XVI, Ltd.",
        "ratingCommitteeDate": "2020-09-23 00:00:00.0",
        "ratingOffice": "51",
        "ratingReleaseDate": "2020-09-24 17:08:03.0",
        "releaseDate": "2020-09-24 17:08:09.64",
        "lobname": "SFG",
        "sublobname": "Surv-COR-SC",
        "region": "U.S.A. & Canada",
        "leadAnalystID": "31000",
        "leadAnalystName": "Mario Jadotte",
        "leadAnalystUniqueId": "jadottem",
        "analystEmail": "Mario.Jadotte@moodys.com",
        "analystLocation": "New York - 7 World Trade Center",
        "approverID": null,
        "approverName": " ",
        "officeName": "Moody's Investors Service, Inc.",
        "documentExceptionListingInd": "",
        "announcementInd": "",
        "automaticRating": "No",
        "definitiveRatingPrevProvisional": "No",
        "indicativeRatingInd": "N",
        "definitiveRatingInd": null,
        "linkedAnotherActionInd": "No",
        "privateRatingActionInd": "N",
        "provisionalRatingInd": "N",
        "secondaryactionind": "No",
        "subsequentRatingInd": "N",
        "contactPersonId": null,
        "complianceType": "CAMS",
        "complianceID": "98492",
        "ratingShellId": null,
        "ratingShellDS": null,
        "workItemStatus": null,
        "workItemType": null,
        "workItemSubType": null,
        "workItemReleaseDtm": null,
        "pressReleaseId": null,
        "securityClassNm": null,
        "shadowCd": null,
        "pressReleaseType": null,
        "pyrRatingType": null,
        "pacrEmail": null,
        "pacr": null,
        "chairEmail": null,
        "chair": null,
        "addendum": "Mario Jadotte ",
        "addendumEmail": "JadotteM@moodys.com"
    },
    {
        "sourceSystem": "ACCURATE",
        "orgId": null,
        "ratingActionDesc": "Marble Point CLO X Ltd.",
        "ratingActionID": "3375156",
        "ratingActionName": "Marble Point CLO X Ltd.",
        "ratingCommitteeDate": "2020-09-21 00:00:00.0",
        "ratingOffice": "51",
        "ratingReleaseDate": "2020-09-23 15:36:19.0",
        "releaseDate": "2020-09-23 15:36:24.71",
        "lobname": "SFG",
        "sublobname": "Surv-COR-SC",
        "region": "U.S.A. & Canada",
        "leadAnalystID": "32225",
        "leadAnalystName": "Veronica Shim",
        "leadAnalystUniqueId": "yoov",
        "analystEmail": "Veronica.Shim@moodys.com",
        "analystLocation": "New York - 7 World Trade Center",
        "approverID": null,
        "approverName": " ",
        "officeName": "Moody's Investors Service, Inc.",
        "documentExceptionListingInd": "",
        "announcementInd": "",
        "automaticRating": "No",
        "definitiveRatingPrevProvisional": "No",
        "indicativeRatingInd": "N",
        "definitiveRatingInd": null,
        "linkedAnotherActionInd": "No",
        "privateRatingActionInd": "N",
        "provisionalRatingInd": "N",
        "secondaryactionind": "No",
        "subsequentRatingInd": "N",
        "contactPersonId": null,
        "complianceType": "CAMS",
        "complianceID": "104312",
        "ratingShellId": null,
        "ratingShellDS": null,
        "workItemStatus": null,
        "workItemType": null,
        "workItemSubType": null,
        "workItemReleaseDtm": null,
        "pressReleaseId": null,
        "securityClassNm": null,
        "shadowCd": null,
        "pressReleaseType": null,
        "pyrRatingType": null,
        "pacrEmail": null,
        "pacr": null,
        "chairEmail": null,
        "chair": null,
        "addendum": null,
        "addendumEmail": null
    },
    {
        "sourceSystem": "ACCURATE",
        "orgId": null,
        "ratingActionDesc": "Mountain View CLO XIV Ltd.",
        "ratingActionID": "3375170",
        "ratingActionName": "Mountain View CLO XIV Ltd.",
        "ratingCommitteeDate": "2020-09-21 00:00:00.0",
        "ratingOffice": "51",
        "ratingReleaseDate": "2020-09-24 17:13:07.0",
        "releaseDate": "2020-09-24 17:13:12.603",
        "lobname": "SFG",
        "sublobname": "Surv-COR-SC",
        "region": "U.S.A. & Canada",
        "leadAnalystID": "7845",
        "leadAnalystName": "John McDonald",
        "leadAnalystUniqueId": "mcdonalj",
        "analystEmail": "John.McDonald@moodys.com",
        "analystLocation": "New York - 7 World Trade Center",
        "approverID": null,
        "approverName": " ",
        "officeName": "Moody's Investors Service, Inc.",
        "documentExceptionListingInd": "",
        "announcementInd": "",
        "automaticRating": "No",
        "definitiveRatingPrevProvisional": "No",
        "indicativeRatingInd": "N",
        "definitiveRatingInd": null,
        "linkedAnotherActionInd": "No",
        "privateRatingActionInd": "N",
        "provisionalRatingInd": "N",
        "secondaryactionind": "No",
        "subsequentRatingInd": "N",
        "contactPersonId": null,
        "complianceType": "CAMS",
        "complianceID": "103812",
        "ratingShellId": null,
        "ratingShellDS": null,
        "workItemStatus": null,
        "workItemType": null,
        "workItemSubType": null,
        "workItemReleaseDtm": null,
        "pressReleaseId": null,
        "securityClassNm": null,
        "shadowCd": null,
        "pressReleaseType": null,
        "pyrRatingType": null,
        "pacrEmail": null,
        "pacr": null,
        "chairEmail": null,
        "chair": null,
        "addendum": null,
        "addendumEmail": null
    },
    {
        "sourceSystem": "ACCURATE",
        "orgId": null,
        "ratingActionDesc": "TCI-Symphony CLO 2017-1 Ltd.",
        "ratingActionID": "3375201",
        "ratingActionName": "TCI-Symphony CLO 2017-1 Ltd.",
        "ratingCommitteeDate": "2020-09-18 00:00:00.0",
        "ratingOffice": "51",
        "ratingReleaseDate": "2020-09-23 16:59:38.0",
        "releaseDate": "2020-09-23 16:59:43.353",
        "lobname": "SFG",
        "sublobname": "Surv-COR-SC",
        "region": "U.S.A. & Canada",
        "leadAnalystID": "7845",
        "leadAnalystName": "John McDonald",
        "leadAnalystUniqueId": "mcdonalj",
        "analystEmail": "John.McDonald@moodys.com",
        "analystLocation": "New York - 7 World Trade Center",
        "approverID": null,
        "approverName": " ",
        "officeName": "Moody's Investors Service, Inc.",
        "documentExceptionListingInd": "",
        "announcementInd": "",
        "automaticRating": "No",
        "definitiveRatingPrevProvisional": "No",
        "indicativeRatingInd": "N",
        "definitiveRatingInd": null,
        "linkedAnotherActionInd": "No",
        "privateRatingActionInd": "N",
        "provisionalRatingInd": "N",
        "secondaryactionind": "No",
        "subsequentRatingInd": "N",
        "contactPersonId": null,
        "complianceType": "CAMS",
        "complianceID": "104327",
        "ratingShellId": null,
        "ratingShellDS": null,
        "workItemStatus": null,
        "workItemType": null,
        "workItemSubType": null,
        "workItemReleaseDtm": null,
        "pressReleaseId": null,
        "securityClassNm": null,
        "shadowCd": null,
        "pressReleaseType": null,
        "pyrRatingType": null,
        "pacrEmail": null,
        "pacr": null,
        "chairEmail": null,
        "chair": null,
        "addendum": null,
        "addendumEmail": null
    },
    {
        "sourceSystem": "ACCURATE",
        "orgId": null,
        "ratingActionDesc": "Cutwater 2015-I, Ltd.",
        "ratingActionID": "3376075",
        "ratingActionName": "Cutwater 2015-I, Ltd.",
        "ratingCommitteeDate": "2020-09-22 00:00:00.0",
        "ratingOffice": "51",
        "ratingReleaseDate": "2020-09-24 15:22:05.0",
        "releaseDate": "2020-09-24 15:22:10.773",
        "lobname": "SFG",
        "sublobname": "Surv-COR-SC",
        "region": "U.S.A. & Canada",
        "leadAnalystID": "32225",
        "leadAnalystName": "Veronica Shim",
        "leadAnalystUniqueId": "yoov",
        "analystEmail": "Veronica.Shim@moodys.com",
        "analystLocation": "New York - 7 World Trade Center",
        "approverID": null,
        "approverName": " ",
        "officeName": "Moody's Investors Service, Inc.",
        "documentExceptionListingInd": "",
        "announcementInd": "",
        "automaticRating": "No",
        "definitiveRatingPrevProvisional": "No",
        "indicativeRatingInd": "N",
        "definitiveRatingInd": null,
        "linkedAnotherActionInd": "No",
        "privateRatingActionInd": "N",
        "provisionalRatingInd": "N",
        "secondaryactionind": "No",
        "subsequentRatingInd": "N",
        "contactPersonId": null,
        "complianceType": "CAMS",
        "complianceID": "103491",
        "ratingShellId": null,
        "ratingShellDS": null,
        "workItemStatus": null,
        "workItemType": null,
        "workItemSubType": null,
        "workItemReleaseDtm": null,
        "pressReleaseId": null,
        "securityClassNm": null,
        "shadowCd": null,
        "pressReleaseType": null,
        "pyrRatingType": null,
        "pacrEmail": null,
        "pacr": null,
        "chairEmail": null,
        "chair": null,
        "addendum": null,
        "addendumEmail": null
    },
    {
        "sourceSystem": "ACCURATE",
        "orgId": null,
        "ratingActionDesc": "Symphony CLO XIV, LTD.",
        "ratingActionID": "3381022",
        "ratingActionName": "Symphony CLO XIV, LTD.",
        "ratingCommitteeDate": "2020-09-24 00:00:00.0",
        "ratingOffice": "51",
        "ratingReleaseDate": "2020-09-25 18:04:45.0",
        "releaseDate": "2020-09-25 18:04:50.56",
        "lobname": "SFG",
        "sublobname": "Surv-COR-SC",
        "region": "U.S.A. & Canada",
        "leadAnalystID": "31000",
        "leadAnalystName": "Mario Jadotte",
        "leadAnalystUniqueId": "jadottem",
        "analystEmail": "Mario.Jadotte@moodys.com",
        "analystLocation": "New York - 7 World Trade Center",
        "approverID": null,
        "approverName": " ",
        "officeName": "Moody's Investors Service, Inc.",
        "documentExceptionListingInd": "",
        "announcementInd": "",
        "automaticRating": "No",
        "definitiveRatingPrevProvisional": "No",
        "indicativeRatingInd": "N",
        "definitiveRatingInd": null,
        "linkedAnotherActionInd": "No",
        "privateRatingActionInd": "N",
        "provisionalRatingInd": "N",
        "secondaryactionind": "No",
        "subsequentRatingInd": "N",
        "contactPersonId": null,
        "complianceType": "CAMS",
        "complianceID": "99156",
        "ratingShellId": null,
        "ratingShellDS": null,
        "workItemStatus": null,
        "workItemType": null,
        "workItemSubType": null,
        "workItemReleaseDtm": null,
        "pressReleaseId": null,
        "securityClassNm": null,
        "shadowCd": null,
        "pressReleaseType": null,
        "pyrRatingType": null,
        "pacrEmail": null,
        "pacr": null,
        "chairEmail": null,
        "chair": null,
        "addendum": "Mario Jadotte ",
        "addendumEmail": "JadotteM@moodys.com"
    },
    {
        "sourceSystem": "ACCURATE",
        "orgId": null,
        "ratingActionDesc": "Atlas Senior Loan Fund XIV, Ltd.",
        "ratingActionID": "3383907",
        "ratingActionName": "Atlas Senior Loan Fund XIV, Ltd.",
        "ratingCommitteeDate": "2020-09-22 00:00:00.0",
        "ratingOffice": "51",
        "ratingReleaseDate": "2020-09-24 12:33:07.0",
        "releaseDate": "2020-09-24 12:33:12.94",
        "lobname": "SFG",
        "sublobname": "Surv-COR-SC",
        "region": "U.S.A. & Canada",
        "leadAnalystID": "7599",
        "leadAnalystName": "Ding Li",
        "leadAnalystUniqueId": "licr",
        "analystEmail": "Ding.Li@moodys.com",
        "analystLocation": "New York - 7 World Trade Center",
        "approverID": null,
        "approverName": " ",
        "officeName": "Moody's Investors Service, Inc.",
        "documentExceptionListingInd": "",
        "announcementInd": "",
        "automaticRating": "No",
        "definitiveRatingPrevProvisional": "No",
        "indicativeRatingInd": "N",
        "definitiveRatingInd": null,
        "linkedAnotherActionInd": "No",
        "privateRatingActionInd": "N",
        "provisionalRatingInd": "N",
        "secondaryactionind": "No",
        "subsequentRatingInd": "N",
        "contactPersonId": null,
        "complianceType": "CAMS",
        "complianceID": "99256",
        "ratingShellId": null,
        "ratingShellDS": null,
        "workItemStatus": null,
        "workItemType": null,
        "workItemSubType": null,
        "workItemReleaseDtm": null,
        "pressReleaseId": null,
        "securityClassNm": null,
        "shadowCd": null,
        "pressReleaseType": null,
        "pyrRatingType": null,
        "pacrEmail": null,
        "pacr": null,
        "chairEmail": null,
        "chair": null,
        "addendum": "Ding Li ",
        "addendumEmail": "LiCr@moodys.com"
    },
    {
        "sourceSystem": "ACCURATE",
        "orgId": null,
        "ratingActionDesc": "ICG US CLO 2014-1, Ltd.",
        "ratingActionID": "3383986",
        "ratingActionName": "ICG US CLO 2014-1, Ltd.",
        "ratingCommitteeDate": "2020-09-23 00:00:00.0",
        "ratingOffice": "51",
        "ratingReleaseDate": "2020-09-24 13:57:42.0",
        "releaseDate": "2020-09-24 13:57:47.433",
        "lobname": "SFG",
        "sublobname": "Surv-COR-SC",
        "region": "U.S.A. & Canada",
        "leadAnalystID": "6830",
        "leadAnalystName": "Haoning Ding",
        "leadAnalystUniqueId": "dingh",
        "analystEmail": "Haoning.Ding@moodys.com",
        "analystLocation": "New York - 7 World Trade Center",
        "approverID": null,
        "approverName": " ",
        "officeName": "Moody's Investors Service, Inc.",
        "documentExceptionListingInd": "",
        "announcementInd": "",
        "automaticRating": "No",
        "definitiveRatingPrevProvisional": "No",
        "indicativeRatingInd": "N",
        "definitiveRatingInd": null,
        "linkedAnotherActionInd": "No",
        "privateRatingActionInd": "N",
        "provisionalRatingInd": "N",
        "secondaryactionind": "No",
        "subsequentRatingInd": "N",
        "contactPersonId": null,
        "complianceType": "CAMS",
        "complianceID": "99247",
        "ratingShellId": null,
        "ratingShellDS": null,
        "workItemStatus": null,
        "workItemType": null,
        "workItemSubType": null,
        "workItemReleaseDtm": null,
        "pressReleaseId": null,
        "securityClassNm": null,
        "shadowCd": null,
        "pressReleaseType": null,
        "pyrRatingType": null,
        "pacrEmail": null,
        "pacr": null,
        "chairEmail": null,
        "chair": null,
        "addendum": "Haoning Ding ",
        "addendumEmail": "DingH@moodys.com"
    },
    {
        "sourceSystem": "ACCURATE",
        "orgId": null,
        "ratingActionDesc": "ICG US CLO 2015-1, Ltd.",
        "ratingActionID": "3383993",
        "ratingActionName": "ICG US CLO 2015-1, Ltd.",
        "ratingCommitteeDate": "2020-09-23 00:00:00.0",
        "ratingOffice": "51",
        "ratingReleaseDate": "2020-09-24 13:57:40.0",
        "releaseDate": "2020-09-24 13:57:44.826",
        "lobname": "SFG",
        "sublobname": "Surv-COR-SC",
        "region": "U.S.A. & Canada",
        "leadAnalystID": "6830",
        "leadAnalystName": "Haoning Ding",
        "leadAnalystUniqueId": "dingh",
        "analystEmail": "Haoning.Ding@moodys.com",
        "analystLocation": "New York - 7 World Trade Center",
        "approverID": null,
        "approverName": " ",
        "officeName": "Moody's Investors Service, Inc.",
        "documentExceptionListingInd": "",
        "announcementInd": "",
        "automaticRating": "No",
        "definitiveRatingPrevProvisional": "No",
        "indicativeRatingInd": "N",
        "definitiveRatingInd": null,
        "linkedAnotherActionInd": "No",
        "privateRatingActionInd": "N",
        "provisionalRatingInd": "N",
        "secondaryactionind": "No",
        "subsequentRatingInd": "N",
        "contactPersonId": null,
        "complianceType": "CAMS",
        "complianceID": "99250",
        "ratingShellId": null,
        "ratingShellDS": null,
        "workItemStatus": null,
        "workItemType": null,
        "workItemSubType": null,
        "workItemReleaseDtm": null,
        "pressReleaseId": null,
        "securityClassNm": null,
        "shadowCd": null,
        "pressReleaseType": null,
        "pyrRatingType": null,
        "pacrEmail": null,
        "pacr": null,
        "chairEmail": null,
        "chair": null,
        "addendum": "Haoning Ding ",
        "addendumEmail": "DingH@moodys.com"
    },
    {
        "sourceSystem": "ACCURATE",
        "orgId": null,
        "ratingActionDesc": "Symphony CLO XVII, Ltd.",
        "ratingActionID": "3385652",
        "ratingActionName": "Symphony CLO XVII, Ltd.",
        "ratingCommitteeDate": "2020-09-24 00:00:00.0",
        "ratingOffice": "51",
        "ratingReleaseDate": "2020-09-25 17:43:20.0",
        "releaseDate": "2020-09-25 17:43:25.6",
        "lobname": "SFG",
        "sublobname": "NR-COR-SC",
        "region": "U.S.A. & Canada",
        "leadAnalystID": "2484",
        "leadAnalystName": "Daisuke Kitazawa",
        "leadAnalystUniqueId": "kitazawd",
        "analystEmail": "Daisuke.Kitazawa@moodys.com",
        "analystLocation": "New York - 7 World Trade Center",
        "approverID": null,
        "approverName": " ",
        "officeName": "Moody's Investors Service, Inc.",
        "documentExceptionListingInd": "",
        "announcementInd": "",
        "automaticRating": "No",
        "definitiveRatingPrevProvisional": "No",
        "indicativeRatingInd": "N",
        "definitiveRatingInd": null,
        "linkedAnotherActionInd": "No",
        "privateRatingActionInd": "N",
        "provisionalRatingInd": "N",
        "secondaryactionind": "No",
        "subsequentRatingInd": "N",
        "contactPersonId": null,
        "complianceType": "CAMS",
        "complianceID": "99345",
        "ratingShellId": null,
        "ratingShellDS": null,
        "workItemStatus": null,
        "workItemType": null,
        "workItemSubType": null,
        "workItemReleaseDtm": null,
        "pressReleaseId": null,
        "securityClassNm": null,
        "shadowCd": null,
        "pressReleaseType": null,
        "pyrRatingType": null,
        "pacrEmail": null,
        "pacr": null,
        "chairEmail": null,
        "chair": null,
        "addendum": "Steven ",
        "addendumEmail": "Shimmy@moodys.com"
    },
    {
        "sourceSystem": "ACCURATE",
        "orgId": null,
        "ratingActionDesc": "Barclays Bank PLC",
        "ratingActionID": "3393481",
        "ratingActionName": "Barclays Bank PLC",
        "ratingCommitteeDate": null,
        "ratingOffice": "52",
        "ratingReleaseDate": "2020-09-23 16:15:21.0",
        "releaseDate": "2020-09-23 16:15:24.83",
        "lobname": "FIG",
        "sublobname": "Banking",
        "region": "Europe",
        "leadAnalystID": "6897",
        "leadAnalystName": "Alessandro Roccati",
        "leadAnalystUniqueId": "roccatia",
        "analystEmail": "Alessandro.Roccati@moodys.com",
        "analystLocation": "London - One Canada Square",
        "approverID": null,
        "approverName": " ",
        "officeName": "Moody's Investors Service Ltd.",
        "documentExceptionListingInd": "",
        "announcementInd": "",
        "automaticRating": "Yes",
        "definitiveRatingPrevProvisional": "No",
        "indicativeRatingInd": "N",
        "definitiveRatingInd": null,
        "linkedAnotherActionInd": "No",
        "privateRatingActionInd": "N",
        "provisionalRatingInd": "N",
        "secondaryactionind": "No",
        "subsequentRatingInd": "",
        "contactPersonId": null,
        "complianceType": "CAMS",
        "complianceID": "",
        "ratingShellId": null,
        "ratingShellDS": null,
        "workItemStatus": null,
        "workItemType": null,
        "workItemSubType": null,
        "workItemReleaseDtm": null,
        "pressReleaseId": null,
        "securityClassNm": null,
        "shadowCd": null,
        "pressReleaseType": null,
        "pyrRatingType": null,
        "pacrEmail": null,
        "pacr": null,
        "chairEmail": null,
        "chair": null,
        "addendum": null,
        "addendumEmail": null
    },
    {
        "sourceSystem": "ACCURATE",
        "orgId": null,
        "ratingActionDesc": "Credit Suisse AG (London) Branch",
        "ratingActionID": "3394715",
        "ratingActionName": "Credit Suisse AG (London) Branch",
        "ratingCommitteeDate": null,
        "ratingOffice": "41",
        "ratingReleaseDate": "2020-09-23 15:10:21.0",
        "releaseDate": "2020-09-23 15:10:28.763",
        "lobname": "FIG",
        "sublobname": "Banking",
        "region": "Europe",
        "leadAnalystID": "6878",
        "leadAnalystName": "Michael Rohr",
        "leadAnalystUniqueId": "rohrm",
        "analystEmail": "Michael.Rohr@moodys.com",
        "analystLocation": "Frankfurt - An der Welle 5",
        "approverID": null,
        "approverName": " ",
        "officeName": "Moody's Deutschland GmbH",
        "documentExceptionListingInd": "",
        "announcementInd": "",
        "automaticRating": "No",
        "definitiveRatingPrevProvisional": "No",
        "indicativeRatingInd": "N",
        "definitiveRatingInd": null,
        "linkedAnotherActionInd": "No",
        "privateRatingActionInd": "N",
        "provisionalRatingInd": "N",
        "secondaryactionind": "No",
        "subsequentRatingInd": "Y",
        "contactPersonId": null,
        "complianceType": "CAMS",
        "complianceID": "",
        "ratingShellId": null,
        "ratingShellDS": null,
        "workItemStatus": null,
        "workItemType": null,
        "workItemSubType": null,
        "workItemReleaseDtm": null,
        "pressReleaseId": null,
        "securityClassNm": null,
        "shadowCd": null,
        "pressReleaseType": null,
        "pyrRatingType": null,
        "pacrEmail": null,
        "pacr": null,
        "chairEmail": null,
        "chair": null,
        "addendum": null,
        "addendumEmail": null
    },
    {
        "sourceSystem": "ACCURATE",
        "orgId": null,
        "ratingActionDesc": "Sound Point CLO IX, Ltd.",
        "ratingActionID": "3396934",
        "ratingActionName": "Sound Point CLO IX, Ltd.",
        "ratingCommitteeDate": "2020-09-23 00:00:00.0",
        "ratingOffice": "51",
        "ratingReleaseDate": "2020-09-25 18:33:45.0",
        "releaseDate": "2020-09-25 18:33:50.68",
        "lobname": "SFG",
        "sublobname": "NR-COR-SC",
        "region": "U.S.A. & Canada",
        "leadAnalystID": "1464",
        "leadAnalystName": "Maria Miagkova",
        "leadAnalystUniqueId": "miagkovm",
        "analystEmail": "Maria.Miagkova@moodys.com",
        "analystLocation": "New York - 7 World Trade Center",
        "approverID": null,
        "approverName": " ",
        "officeName": "Moody's Investors Service, Inc.",
        "documentExceptionListingInd": "",
        "announcementInd": "",
        "automaticRating": "No",
        "definitiveRatingPrevProvisional": "No",
        "indicativeRatingInd": "N",
        "definitiveRatingInd": null,
        "linkedAnotherActionInd": "No",
        "privateRatingActionInd": "N",
        "provisionalRatingInd": "N",
        "secondaryactionind": "No",
        "subsequentRatingInd": "N",
        "contactPersonId": null,
        "complianceType": "CAMS",
        "complianceID": "100047",
        "ratingShellId": null,
        "ratingShellDS": null,
        "workItemStatus": null,
        "workItemType": null,
        "workItemSubType": null,
        "workItemReleaseDtm": null,
        "pressReleaseId": null,
        "securityClassNm": null,
        "shadowCd": null,
        "pressReleaseType": null,
        "pyrRatingType": null,
        "pacrEmail": null,
        "pacr": null,
        "chairEmail": null,
        "chair": null,
        "addendum": "Maria Miagkova ",
        "addendumEmail": "MIAGKOVM@moodys.com"
    },
    {
        "sourceSystem": "ACCURATE",
        "orgId": null,
        "ratingActionDesc": "Barclays Bank PLC",
        "ratingActionID": "3398123",
        "ratingActionName": "Barclays Bank PLC",
        "ratingCommitteeDate": null,
        "ratingOffice": "52",
        "ratingReleaseDate": "2020-09-23 13:38:03.0",
        "releaseDate": "2020-09-23 13:38:36.703",
        "lobname": "FIG",
        "sublobname": "Banking",
        "region": "Europe",
        "leadAnalystID": "6897",
        "leadAnalystName": "Alessandro Roccati",
        "leadAnalystUniqueId": "roccatia",
        "analystEmail": "Alessandro.Roccati@moodys.com",
        "analystLocation": "London - One Canada Square",
        "approverID": null,
        "approverName": " ",
        "officeName": "Moody's Investors Service Ltd.",
        "documentExceptionListingInd": "",
        "announcementInd": "",
        "automaticRating": "Yes",
        "definitiveRatingPrevProvisional": "No",
        "indicativeRatingInd": "N",
        "definitiveRatingInd": null,
        "linkedAnotherActionInd": "No",
        "privateRatingActionInd": "N",
        "provisionalRatingInd": "N",
        "secondaryactionind": "No",
        "subsequentRatingInd": "",
        "contactPersonId": null,
        "complianceType": "CAMS",
        "complianceID": "",
        "ratingShellId": null,
        "ratingShellDS": null,
        "workItemStatus": null,
        "workItemType": null,
        "workItemSubType": null,
        "workItemReleaseDtm": null,
        "pressReleaseId": null,
        "securityClassNm": null,
        "shadowCd": null,
        "pressReleaseType": null,
        "pyrRatingType": null,
        "pacrEmail": null,
        "pacr": null,
        "chairEmail": null,
        "chair": null,
        "addendum": null,
        "addendumEmail": null
    },
    {
        "sourceSystem": "ACCURATE",
        "orgId": null,
        "ratingActionDesc": "Barclays Bank PLC",
        "ratingActionID": "3400065",
        "ratingActionName": "Barclays Bank PLC",
        "ratingCommitteeDate": null,
        "ratingOffice": "52",
        "ratingReleaseDate": "2020-09-23 15:50:06.0",
        "releaseDate": "2020-09-23 15:50:27.993",
        "lobname": "FIG",
        "sublobname": "Banking",
        "region": "Europe",
        "leadAnalystID": "6897",
        "leadAnalystName": "Alessandro Roccati",
        "leadAnalystUniqueId": "roccatia",
        "analystEmail": "Alessandro.Roccati@moodys.com",
        "analystLocation": "London - One Canada Square",
        "approverID": null,
        "approverName": " ",
        "officeName": "Moody's Investors Service Ltd.",
        "documentExceptionListingInd": "",
        "announcementInd": "",
        "automaticRating": "No",
        "definitiveRatingPrevProvisional": "No",
        "indicativeRatingInd": "N",
        "definitiveRatingInd": null,
        "linkedAnotherActionInd": "No",
        "privateRatingActionInd": "N",
        "provisionalRatingInd": "N",
        "secondaryactionind": "No",
        "subsequentRatingInd": "Y",
        "contactPersonId": null,
        "complianceType": "CAMS",
        "complianceID": "",
        "ratingShellId": null,
        "ratingShellDS": null,
        "workItemStatus": null,
        "workItemType": null,
        "workItemSubType": null,
        "workItemReleaseDtm": null,
        "pressReleaseId": null,
        "securityClassNm": null,
        "shadowCd": null,
        "pressReleaseType": null,
        "pyrRatingType": null,
        "pacrEmail": null,
        "pacr": null,
        "chairEmail": null,
        "chair": null,
        "addendum": null,
        "addendumEmail": null
    },
    {
        "sourceSystem": "ACCURATE",
        "orgId": null,
        "ratingActionDesc": "Barclays Bank PLC",
        "ratingActionID": "3400077",
        "ratingActionName": "Barclays Bank PLC",
        "ratingCommitteeDate": null,
        "ratingOffice": "52",
        "ratingReleaseDate": "2020-09-23 14:27:11.0",
        "releaseDate": "2020-09-23 14:27:47.383",
        "lobname": "FIG",
        "sublobname": "Banking",
        "region": "Europe",
        "leadAnalystID": "6897",
        "leadAnalystName": "Alessandro Roccati",
        "leadAnalystUniqueId": "roccatia",
        "analystEmail": "Alessandro.Roccati@moodys.com",
        "analystLocation": "London - One Canada Square",
        "approverID": null,
        "approverName": " ",
        "officeName": "Moody's Investors Service Ltd.",
        "documentExceptionListingInd": "",
        "announcementInd": "",
        "automaticRating": "Yes",
        "definitiveRatingPrevProvisional": "No",
        "indicativeRatingInd": "N",
        "definitiveRatingInd": null,
        "linkedAnotherActionInd": "No",
        "privateRatingActionInd": "N",
        "provisionalRatingInd": "N",
        "secondaryactionind": "No",
        "subsequentRatingInd": "",
        "contactPersonId": null,
        "complianceType": "CAMS",
        "complianceID": "",
        "ratingShellId": null,
        "ratingShellDS": null,
        "workItemStatus": null,
        "workItemType": null,
        "workItemSubType": null,
        "workItemReleaseDtm": null,
        "pressReleaseId": null,
        "securityClassNm": null,
        "shadowCd": null,
        "pressReleaseType": null,
        "pyrRatingType": null,
        "pacrEmail": null,
        "pacr": null,
        "chairEmail": null,
        "chair": null,
        "addendum": null,
        "addendumEmail": null
    },
    {
        "sourceSystem": "ACCURATE",
        "orgId": null,
        "ratingActionDesc": "Emirates NBD PJSC",
        "ratingActionID": "3400293",
        "ratingActionName": "Emirates NBD PJSC",
        "ratingCommitteeDate": null,
        "ratingOffice": "82",
        "ratingReleaseDate": "2020-09-24 13:14:43.0",
        "releaseDate": "2020-09-24 13:15:22.926",
        "lobname": "FIG",
        "sublobname": "Banking",
        "region": "Europe",
        "leadAnalystID": "1383",
        "leadAnalystName": "Nondas Nicolaides",
        "leadAnalystUniqueId": "nicolain",
        "analystEmail": "Nondas.Nicolaides@moodys.com",
        "analystLocation": "Limassol - MIS Cyprus Limited",
        "approverID": null,
        "approverName": " ",
        "officeName": "Moody's Investors Service Cyprus Ltd.",
        "documentExceptionListingInd": "",
        "announcementInd": "",
        "automaticRating": "No",
        "definitiveRatingPrevProvisional": "No",
        "indicativeRatingInd": "N",
        "definitiveRatingInd": null,
        "linkedAnotherActionInd": "No",
        "privateRatingActionInd": "N",
        "provisionalRatingInd": "N",
        "secondaryactionind": "No",
        "subsequentRatingInd": "Y",
        "contactPersonId": null,
        "complianceType": "CAMS",
        "complianceID": "",
        "ratingShellId": null,
        "ratingShellDS": null,
        "workItemStatus": null,
        "workItemType": null,
        "workItemSubType": null,
        "workItemReleaseDtm": null,
        "pressReleaseId": null,
        "securityClassNm": null,
        "shadowCd": null,
        "pressReleaseType": null,
        "pyrRatingType": null,
        "pacrEmail": null,
        "pacr": null,
        "chairEmail": null,
        "chair": null,
        "addendum": null,
        "addendumEmail": null
    },
    {
        "sourceSystem": "ACCURATE",
        "orgId": null,
        "ratingActionDesc": "BofA Finance LLC",
        "ratingActionID": "3401494",
        "ratingActionName": "BofA Finance LLC",
        "ratingCommitteeDate": null,
        "ratingOffice": "51",
        "ratingReleaseDate": "2020-09-23 16:30:12.0",
        "releaseDate": "2020-09-23 16:30:16.603",
        "lobname": "FIG",
        "sublobname": "Banking",
        "region": "U.S.A. & Canada",
        "leadAnalystID": "467",
        "leadAnalystName": "David Fanger",
        "leadAnalystUniqueId": "fangerd",
        "analystEmail": "David.Fanger@moodys.com",
        "analystLocation": "New York - 7 World Trade Center",
        "approverID": null,
        "approverName": " ",
        "officeName": "Moody's Investors Service, Inc.",
        "documentExceptionListingInd": "",
        "announcementInd": "",
        "automaticRating": "Yes",
        "definitiveRatingPrevProvisional": "No",
        "indicativeRatingInd": "N",
        "definitiveRatingInd": null,
        "linkedAnotherActionInd": "No",
        "privateRatingActionInd": "N",
        "provisionalRatingInd": "N",
        "secondaryactionind": "No",
        "subsequentRatingInd": "",
        "contactPersonId": null,
        "complianceType": "CAMS",
        "complianceID": "",
        "ratingShellId": null,
        "ratingShellDS": null,
        "workItemStatus": null,
        "workItemType": null,
        "workItemSubType": null,
        "workItemReleaseDtm": null,
        "pressReleaseId": null,
        "securityClassNm": null,
        "shadowCd": null,
        "pressReleaseType": null,
        "pyrRatingType": null,
        "pacrEmail": null,
        "pacr": null,
        "chairEmail": null,
        "chair": null,
        "addendum": null,
        "addendumEmail": null
    },
    {
        "sourceSystem": "ACCURATE",
        "orgId": null,
        "ratingActionDesc": "Barclays Bank PLC",
        "ratingActionID": "3401900",
        "ratingActionName": "Barclays Bank PLC",
        "ratingCommitteeDate": null,
        "ratingOffice": "52",
        "ratingReleaseDate": "2020-09-23 15:36:32.0",
        "releaseDate": "2020-09-23 15:37:00.27",
        "lobname": "FIG",
        "sublobname": "Banking",
        "region": "Europe",
        "leadAnalystID": "6897",
        "leadAnalystName": "Alessandro Roccati",
        "leadAnalystUniqueId": "roccatia",
        "analystEmail": "Alessandro.Roccati@moodys.com",
        "analystLocation": "London - One Canada Square",
        "approverID": null,
        "approverName": " ",
        "officeName": "Moody's Investors Service Ltd.",
        "documentExceptionListingInd": "",
        "announcementInd": "",
        "automaticRating": "Yes",
        "definitiveRatingPrevProvisional": "No",
        "indicativeRatingInd": "N",
        "definitiveRatingInd": null,
        "linkedAnotherActionInd": "No",
        "privateRatingActionInd": "N",
        "provisionalRatingInd": "N",
        "secondaryactionind": "No",
        "subsequentRatingInd": "",
        "contactPersonId": null,
        "complianceType": "CAMS",
        "complianceID": "",
        "ratingShellId": null,
        "ratingShellDS": null,
        "workItemStatus": null,
        "workItemType": null,
        "workItemSubType": null,
        "workItemReleaseDtm": null,
        "pressReleaseId": null,
        "securityClassNm": null,
        "shadowCd": null,
        "pressReleaseType": null,
        "pyrRatingType": null,
        "pacrEmail": null,
        "pacr": null,
        "chairEmail": null,
        "chair": null,
        "addendum": null,
        "addendumEmail": null
    },
    {
        "sourceSystem": "ACCURATE",
        "orgId": null,
        "ratingActionDesc": "Barclays Bank PLC",
        "ratingActionID": "3402839",
        "ratingActionName": "Barclays Bank PLC",
        "ratingCommitteeDate": null,
        "ratingOffice": "52",
        "ratingReleaseDate": "2020-09-23 14:49:23.0",
        "releaseDate": "2020-09-23 14:50:02.073",
        "lobname": "FIG",
        "sublobname": "Banking",
        "region": "Europe",
        "leadAnalystID": "6897",
        "leadAnalystName": "Alessandro Roccati",
        "leadAnalystUniqueId": "roccatia",
        "analystEmail": "Alessandro.Roccati@moodys.com",
        "analystLocation": "London - One Canada Square",
        "approverID": null,
        "approverName": " ",
        "officeName": "Moody's Investors Service Ltd.",
        "documentExceptionListingInd": "",
        "announcementInd": "",
        "automaticRating": "Yes",
        "definitiveRatingPrevProvisional": "No",
        "indicativeRatingInd": "N",
        "definitiveRatingInd": null,
        "linkedAnotherActionInd": "No",
        "privateRatingActionInd": "N",
        "provisionalRatingInd": "N",
        "secondaryactionind": "No",
        "subsequentRatingInd": "",
        "contactPersonId": null,
        "complianceType": "CAMS",
        "complianceID": "",
        "ratingShellId": null,
        "ratingShellDS": null,
        "workItemStatus": null,
        "workItemType": null,
        "workItemSubType": null,
        "workItemReleaseDtm": null,
        "pressReleaseId": null,
        "securityClassNm": null,
        "shadowCd": null,
        "pressReleaseType": null,
        "pyrRatingType": null,
        "pacrEmail": null,
        "pacr": null,
        "chairEmail": null,
        "chair": null,
        "addendum": null,
        "addendumEmail": null
    },
    {
        "sourceSystem": "ACCURATE",
        "orgId": null,
        "ratingActionDesc": "Royal Bank of Canada (London Branch) - 47",
        "ratingActionID": "3418986",
        "ratingActionName": "Royal Bank of Canada (London Branch) - 47",
        "ratingCommitteeDate": null,
        "ratingOffice": "71",
        "ratingReleaseDate": "2020-09-25 15:59:07.0",
        "releaseDate": "2020-09-25 15:59:29.846",
        "lobname": "FIG",
        "sublobname": "Banking",
        "region": "U.S.A. & Canada",
        "leadAnalystID": "6721",
        "leadAnalystName": "John Beattie",
        "leadAnalystUniqueId": "beattied",
        "analystEmail": "David.Beattie@moodys.com",
        "analystLocation": "Toronto - 70 York Street",
        "approverID": null,
        "approverName": " ",
        "officeName": "Moody's Canada Inc.",
        "documentExceptionListingInd": "",
        "announcementInd": "",
        "automaticRating": "Yes",
        "definitiveRatingPrevProvisional": "No",
        "indicativeRatingInd": "N",
        "definitiveRatingInd": null,
        "linkedAnotherActionInd": "No",
        "privateRatingActionInd": "N",
        "provisionalRatingInd": "N",
        "secondaryactionind": "No",
        "subsequentRatingInd": "",
        "contactPersonId": null,
        "complianceType": "CAMS",
        "complianceID": "",
        "ratingShellId": null,
        "ratingShellDS": null,
        "workItemStatus": null,
        "workItemType": null,
        "workItemSubType": null,
        "workItemReleaseDtm": null,
        "pressReleaseId": null,
        "securityClassNm": null,
        "shadowCd": null,
        "pressReleaseType": null,
        "pyrRatingType": null,
        "pacrEmail": null,
        "pacr": null,
        "chairEmail": null,
        "chair": null,
        "addendum": null,
        "addendumEmail": null
    },
    {
        "sourceSystem": "ACCURATE",
        "orgId": null,
        "ratingActionDesc": "European Investment Bank",
        "ratingActionID": "3423753",
        "ratingActionName": "European Investment Bank",
        "ratingCommitteeDate": null,
        "ratingOffice": "41",
        "ratingReleaseDate": "2020-09-24 15:42:21.0",
        "releaseDate": "2020-09-24 15:42:45.226",
        "lobname": "SOV",
        "sublobname": "Sovereign",
        "region": "Europe",
        "leadAnalystID": "6931",
        "leadAnalystName": "Steffen Dyck",
        "leadAnalystUniqueId": "dycks",
        "analystEmail": "Steffen.Dyck@moodys.com",
        "analystLocation": "Frankfurt - An der Welle 5",
        "approverID": null,
        "approverName": " ",
        "officeName": "Moody's Deutschland GmbH",
        "documentExceptionListingInd": "",
        "announcementInd": "",
        "automaticRating": "No",
        "definitiveRatingPrevProvisional": "No",
        "indicativeRatingInd": "N",
        "definitiveRatingInd": null,
        "linkedAnotherActionInd": "No",
        "privateRatingActionInd": "N",
        "provisionalRatingInd": "N",
        "secondaryactionind": "No",
        "subsequentRatingInd": "Y",
        "contactPersonId": null,
        "complianceType": "CAMS",
        "complianceID": "",
        "ratingShellId": null,
        "ratingShellDS": null,
        "workItemStatus": null,
        "workItemType": null,
        "workItemSubType": null,
        "workItemReleaseDtm": null,
        "pressReleaseId": null,
        "securityClassNm": null,
        "shadowCd": null,
        "pressReleaseType": null,
        "pyrRatingType": null,
        "pacrEmail": null,
        "pacr": null,
        "chairEmail": null,
        "chair": null,
        "addendum": null,
        "addendumEmail": null
    },
    {
        "sourceSystem": "ACCURATE",
        "orgId": null,
        "ratingActionDesc": "Viet A Commercial Joint Stock Bank",
        "ratingActionID": "3424413",
        "ratingActionName": "Viet A Commercial Joint Stock Bank",
        "ratingCommitteeDate": null,
        "ratingOffice": "81",
        "ratingReleaseDate": "2020-09-24 21:48:25.0",
        "releaseDate": "2020-09-24 21:48:45.88",
        "lobname": "FIG",
        "sublobname": "Banking",
        "region": "Asia Pacific",
        "leadAnalystID": "22296",
        "leadAnalystName": "Joyce Ong",
        "leadAnalystUniqueId": "ongj",
        "analystEmail": "Joyce.Ong@moodys.com",
        "analystLocation": "Singapore - 50 Raffles Place #23-06",
        "approverID": null,
        "approverName": " ",
        "officeName": "Moody's Investors Service Singapore Pte. Ltd.",
        "documentExceptionListingInd": "",
        "announcementInd": "",
        "automaticRating": "Yes",
        "definitiveRatingPrevProvisional": "No",
        "indicativeRatingInd": "N",
        "definitiveRatingInd": null,
        "linkedAnotherActionInd": "No",
        "privateRatingActionInd": "Y",
        "provisionalRatingInd": "N",
        "secondaryactionind": "No",
        "subsequentRatingInd": "",
        "contactPersonId": null,
        "complianceType": "CAMS",
        "complianceID": "102050",
        "ratingShellId": null,
        "ratingShellDS": null,
        "workItemStatus": null,
        "workItemType": null,
        "workItemSubType": null,
        "workItemReleaseDtm": null,
        "pressReleaseId": null,
        "securityClassNm": null,
        "shadowCd": null,
        "pressReleaseType": null,
        "pyrRatingType": null,
        "pacrEmail": "Graeme.Knowd@moodys.com",
        "pacr": "Graeme Knowd",
        "chairEmail": "Graeme.Knowd@moodys.com",
        "chair": "Graeme Knowd",
        "addendum": "Alex Dieu Quang Hang ",
        "addendumEmail": "QuangH@moodys.com"
    },
    {
        "sourceSystem": "ACCURATE",
        "orgId": null,
        "ratingActionDesc": "Viet A Commercial Joint Stock Bank",
        "ratingActionID": "3424413",
        "ratingActionName": "Viet A Commercial Joint Stock Bank",
        "ratingCommitteeDate": null,
        "ratingOffice": "81",
        "ratingReleaseDate": "2020-09-24 21:48:25.0",
        "releaseDate": "2020-09-24 21:48:45.88",
        "lobname": "FIG",
        "sublobname": "Banking",
        "region": "Asia Pacific",
        "leadAnalystID": "22296",
        "leadAnalystName": "Joyce Ong",
        "leadAnalystUniqueId": "ongj",
        "analystEmail": "Joyce.Ong@moodys.com",
        "analystLocation": "Singapore - 50 Raffles Place #23-06",
        "approverID": "29046082",
        "approverName": "Joyce Ong",
        "officeName": "Moody's Investors Service Singapore Pte. Ltd.",
        "documentExceptionListingInd": "",
        "announcementInd": "",
        "automaticRating": "Yes",
        "definitiveRatingPrevProvisional": "No",
        "indicativeRatingInd": "N",
        "definitiveRatingInd": null,
        "linkedAnotherActionInd": "No",
        "privateRatingActionInd": "Y",
        "provisionalRatingInd": "N",
        "secondaryactionind": "No",
        "subsequentRatingInd": "",
        "contactPersonId": null,
        "complianceType": "CAMS",
        "complianceID": "102050",
        "ratingShellId": null,
        "ratingShellDS": null,
        "workItemStatus": null,
        "workItemType": null,
        "workItemSubType": null,
        "workItemReleaseDtm": null,
        "pressReleaseId": null,
        "securityClassNm": null,
        "shadowCd": null,
        "pressReleaseType": null,
        "pyrRatingType": null,
        "pacrEmail": "Graeme.Knowd@moodys.com",
        "pacr": "Graeme Knowd",
        "chairEmail": "Graeme.Knowd@moodys.com",
        "chair": "Graeme Knowd",
        "addendum": "Alex Dieu Quang Hang ",
        "addendumEmail": "QuangH@moodys.com"
    },
    {
        "sourceSystem": "ACCURATE",
        "orgId": null,
        "ratingActionDesc": "Synopsys Inc (SNPS)",
        "ratingActionID": "3425278",
        "ratingActionName": "Synopsys Inc (SNPS)",
        "ratingCommitteeDate": "2020-07-30 00:00:00.0",
        "ratingOffice": "51",
        "ratingReleaseDate": "2020-09-24 20:46:36.0",
        "releaseDate": "2020-09-24 20:46:41.376",
        "lobname": "CFG",
        "sublobname": "CFG_NY-4",
        "region": "U.S.A. & Canada",
        "leadAnalystID": "445",
        "leadAnalystName": "Richard Lane",
        "leadAnalystUniqueId": "laner",
        "analystEmail": "Richard.Lane@moodys.com",
        "analystLocation": "New York - 7 World Trade Center",
        "approverID": "26000347",
        "approverName": "Richard Lane",
        "officeName": "Moody's Investors Service, Inc.",
        "documentExceptionListingInd": "",
        "announcementInd": "",
        "automaticRating": "No",
        "definitiveRatingPrevProvisional": "No",
        "indicativeRatingInd": "N",
        "definitiveRatingInd": null,
        "linkedAnotherActionInd": "No",
        "privateRatingActionInd": "Y",
        "provisionalRatingInd": "N",
        "secondaryactionind": "No",
        "subsequentRatingInd": "",
        "contactPersonId": null,
        "complianceType": "CAMS",
        "complianceID": "",
        "ratingShellId": null,
        "ratingShellDS": null,
        "workItemStatus": null,
        "workItemType": null,
        "workItemSubType": null,
        "workItemReleaseDtm": null,
        "pressReleaseId": null,
        "securityClassNm": null,
        "shadowCd": null,
        "pressReleaseType": null,
        "pyrRatingType": null,
        "pacrEmail": null,
        "pacr": null,
        "chairEmail": null,
        "chair": null,
        "addendum": null,
        "addendumEmail": null
    },
    {
        "sourceSystem": "ACCURATE",
        "orgId": null,
        "ratingActionDesc": "Barclays Bank PLC - 46",
        "ratingActionID": "3427740",
        "ratingActionName": "Barclays Bank PLC - 46",
        "ratingCommitteeDate": null,
        "ratingOffice": "52",
        "ratingReleaseDate": "2020-09-25 11:45:32.0",
        "releaseDate": "2020-09-25 11:45:37.133",
        "lobname": "FIG",
        "sublobname": "Banking",
        "region": "Europe",
        "leadAnalystID": "6897",
        "leadAnalystName": "Alessandro Roccati",
        "leadAnalystUniqueId": "roccatia",
        "analystEmail": "Alessandro.Roccati@moodys.com",
        "analystLocation": "London - One Canada Square",
        "approverID": null,
        "approverName": " ",
        "officeName": "Moody's Investors Service Ltd.",
        "documentExceptionListingInd": "",
        "announcementInd": "",
        "automaticRating": "Yes",
        "definitiveRatingPrevProvisional": "No",
        "indicativeRatingInd": "N",
        "definitiveRatingInd": null,
        "linkedAnotherActionInd": "No",
        "privateRatingActionInd": "N",
        "provisionalRatingInd": "N",
        "secondaryactionind": "No",
        "subsequentRatingInd": "",
        "contactPersonId": null,
        "complianceType": "CAMS",
        "complianceID": "",
        "ratingShellId": null,
        "ratingShellDS": null,
        "workItemStatus": null,
        "workItemType": null,
        "workItemSubType": null,
        "workItemReleaseDtm": null,
        "pressReleaseId": null,
        "securityClassNm": null,
        "shadowCd": null,
        "pressReleaseType": null,
        "pyrRatingType": null,
        "pacrEmail": null,
        "pacr": null,
        "chairEmail": null,
        "chair": null,
        "addendum": null,
        "addendumEmail": null
    },
    {
        "sourceSystem": "ACCURATE",
        "orgId": null,
        "ratingActionDesc": "Barclays Bank PLC - 46",
        "ratingActionID": "3427744",
        "ratingActionName": "Barclays Bank PLC - 46",
        "ratingCommitteeDate": null,
        "ratingOffice": "52",
        "ratingReleaseDate": "2020-09-25 14:06:24.0",
        "releaseDate": "2020-09-25 14:06:44.756",
        "lobname": "FIG",
        "sublobname": "Banking",
        "region": "Europe",
        "leadAnalystID": "6897",
        "leadAnalystName": "Alessandro Roccati",
        "leadAnalystUniqueId": "roccatia",
        "analystEmail": "Alessandro.Roccati@moodys.com",
        "analystLocation": "London - One Canada Square",
        "approverID": null,
        "approverName": " ",
        "officeName": "Moody's Investors Service Ltd.",
        "documentExceptionListingInd": "",
        "announcementInd": "",
        "automaticRating": "Yes",
        "definitiveRatingPrevProvisional": "No",
        "indicativeRatingInd": "N",
        "definitiveRatingInd": null,
        "linkedAnotherActionInd": "No",
        "privateRatingActionInd": "N",
        "provisionalRatingInd": "N",
        "secondaryactionind": "No",
        "subsequentRatingInd": "",
        "contactPersonId": null,
        "complianceType": "CAMS",
        "complianceID": "",
        "ratingShellId": null,
        "ratingShellDS": null,
        "workItemStatus": null,
        "workItemType": null,
        "workItemSubType": null,
        "workItemReleaseDtm": null,
        "pressReleaseId": null,
        "securityClassNm": null,
        "shadowCd": null,
        "pressReleaseType": null,
        "pyrRatingType": null,
        "pacrEmail": null,
        "pacr": null,
        "chairEmail": null,
        "chair": null,
        "addendum": null,
        "addendumEmail": null
    },
    {
        "sourceSystem": "ACCURATE",
        "orgId": null,
        "ratingActionDesc": null,
        "ratingActionID": "3430533",
        "ratingActionName": "1_PRO_CFG - North America Paper and Forest Products_Anastasija Johnson_Moody's announces completion of a periodic review of ratings of Neenah, Inc.",
        "ratingCommitteeDate": null,
        "ratingOffice": "51",
        "ratingReleaseDate": "2020-09-23 16:51:36.583",
        "releaseDate": "2020-09-23 16:51:36.626",
        "lobname": "CFG",
        "sublobname": "CFG_NY-2",
        "region": "U.S.A. & Canada",
        "leadAnalystID": "6249",
        "leadAnalystName": "Anastasija Johnson",
        "leadAnalystUniqueId": "johnsoan",
        "analystEmail": "Anastasija.Johnson@moodys.com",
        "analystLocation": "New York - 7 World Trade Center",
        "approverID": null,
        "approverName": " ",
        "officeName": "Moody's Investors Service, Inc.",
        "documentExceptionListingInd": "Y",
        "announcementInd": "Y",
        "automaticRating": "Yes",
        "definitiveRatingPrevProvisional": "No",
        "indicativeRatingInd": "N",
        "definitiveRatingInd": null,
        "linkedAnotherActionInd": "No",
        "privateRatingActionInd": "",
        "provisionalRatingInd": "N",
        "secondaryactionind": "No",
        "subsequentRatingInd": "",
        "contactPersonId": null,
        "complianceType": "CAMS",
        "complianceID": "",
        "ratingShellId": null,
        "ratingShellDS": null,
        "workItemStatus": null,
        "workItemType": null,
        "workItemSubType": null,
        "workItemReleaseDtm": null,
        "pressReleaseId": null,
        "securityClassNm": null,
        "shadowCd": null,
        "pressReleaseType": null,
        "pyrRatingType": null,
        "pacrEmail": null,
        "pacr": null,
        "chairEmail": null,
        "chair": null,
        "addendum": null,
        "addendumEmail": null
    },
    {
        "sourceSystem": "ACCURATE",
        "orgId": null,
        "ratingActionDesc": "Bank of Montreal",
        "ratingActionID": "3433947",
        "ratingActionName": "Bank of Montreal",
        "ratingCommitteeDate": null,
        "ratingOffice": "71",
        "ratingReleaseDate": "2020-09-23 14:28:52.0",
        "releaseDate": "2020-09-23 14:29:19.176",
        "lobname": "FIG",
        "sublobname": "Banking",
        "region": "U.S.A. & Canada",
        "leadAnalystID": "6721",
        "leadAnalystName": "John Beattie",
        "leadAnalystUniqueId": "beattied",
        "analystEmail": "David.Beattie@moodys.com",
        "analystLocation": "Toronto - 70 York Street",
        "approverID": null,
        "approverName": " ",
        "officeName": "Moody's Canada Inc.",
        "documentExceptionListingInd": "",
        "announcementInd": "",
        "automaticRating": "Yes",
        "definitiveRatingPrevProvisional": "No",
        "indicativeRatingInd": "N",
        "definitiveRatingInd": null,
        "linkedAnotherActionInd": "No",
        "privateRatingActionInd": "N",
        "provisionalRatingInd": "N",
        "secondaryactionind": "No",
        "subsequentRatingInd": "",
        "contactPersonId": null,
        "complianceType": "CAMS",
        "complianceID": "",
        "ratingShellId": null,
        "ratingShellDS": null,
        "workItemStatus": null,
        "workItemType": null,
        "workItemSubType": null,
        "workItemReleaseDtm": null,
        "pressReleaseId": null,
        "securityClassNm": null,
        "shadowCd": null,
        "pressReleaseType": null,
        "pyrRatingType": null,
        "pacrEmail": null,
        "pacr": null,
        "chairEmail": null,
        "chair": null,
        "addendum": null,
        "addendumEmail": null
    },
    {
        "sourceSystem": "ACCURATE",
        "orgId": null,
        "ratingActionDesc": "Refi - Battalion CLO XII Ltd.",
        "ratingActionID": "3436316",
        "ratingActionName": "Refi - Battalion CLO XII Ltd.",
        "ratingCommitteeDate": "2020-09-18 00:00:00.0",
        "ratingOffice": "51",
        "ratingReleaseDate": "2020-09-23 16:27:09.0",
        "releaseDate": "2020-09-23 16:27:15.903",
        "lobname": "SFG",
        "sublobname": "SFG Research",
        "region": "U.S.A. & Canada",
        "leadAnalystID": "31325",
        "leadAnalystName": "Silin Yang",
        "leadAnalystUniqueId": "yangsi",
        "analystEmail": "Silin.Yang@moodys.com",
        "analystLocation": "New York - 7 World Trade Center",
        "approverID": null,
        "approverName": " ",
        "officeName": "Moody's Investors Service, Inc.",
        "documentExceptionListingInd": "",
        "announcementInd": "",
        "automaticRating": "No",
        "definitiveRatingPrevProvisional": "No",
        "indicativeRatingInd": "N",
        "definitiveRatingInd": null,
        "linkedAnotherActionInd": "No",
        "privateRatingActionInd": "N",
        "provisionalRatingInd": "N",
        "secondaryactionind": "No",
        "subsequentRatingInd": "N",
        "contactPersonId": null,
        "complianceType": "CAMS",
        "complianceID": "103409",
        "ratingShellId": null,
        "ratingShellDS": null,
        "workItemStatus": null,
        "workItemType": null,
        "workItemSubType": null,
        "workItemReleaseDtm": null,
        "pressReleaseId": null,
        "securityClassNm": null,
        "shadowCd": null,
        "pressReleaseType": null,
        "pyrRatingType": null,
        "pacrEmail": null,
        "pacr": null,
        "chairEmail": null,
        "chair": null,
        "addendum": "Silin Yang ",
        "addendumEmail": "YangSi@moodys.com"
    },
    {
        "sourceSystem": "ACCURATE",
        "orgId": null,
        "ratingActionDesc": null,
        "ratingActionID": "3437129",
        "ratingActionName": "1_PRO_CFG - North America Building Products_Scott Manduca_Moody's announces completion of a periodic review of ratings of DiversiTech Holdings, Inc.",
        "ratingCommitteeDate": null,
        "ratingOffice": "51",
        "ratingReleaseDate": "2020-09-23 13:28:53.683",
        "releaseDate": "2020-09-23 13:28:53.703",
        "lobname": "CFG",
        "sublobname": "CFG_NY-2",
        "region": "U.S.A. & Canada",
        "leadAnalystID": "30682",
        "leadAnalystName": "Scott Manduca",
        "leadAnalystUniqueId": "manducas",
        "analystEmail": "Scott.Manduca@moodys.com",
        "analystLocation": "New York - 7 World Trade Center",
        "approverID": null,
        "approverName": " ",
        "officeName": "Moody's Investors Service, Inc.",
        "documentExceptionListingInd": "Y",
        "announcementInd": "Y",
        "automaticRating": "Yes",
        "definitiveRatingPrevProvisional": "No",
        "indicativeRatingInd": "N",
        "definitiveRatingInd": null,
        "linkedAnotherActionInd": "No",
        "privateRatingActionInd": "",
        "provisionalRatingInd": "N",
        "secondaryactionind": "No",
        "subsequentRatingInd": "",
        "contactPersonId": null,
        "complianceType": "CAMS",
        "complianceID": "",
        "ratingShellId": null,
        "ratingShellDS": null,
        "workItemStatus": null,
        "workItemType": null,
        "workItemSubType": null,
        "workItemReleaseDtm": null,
        "pressReleaseId": null,
        "securityClassNm": null,
        "shadowCd": null,
        "pressReleaseType": null,
        "pyrRatingType": null,
        "pacrEmail": null,
        "pacr": null,
        "chairEmail": null,
        "chair": null,
        "addendum": null,
        "addendumEmail": null
    },
    {
        "sourceSystem": "ACCURATE",
        "orgId": null,
        "ratingActionDesc": "Citigroup Global Markets Holdings Inc.",
        "ratingActionID": "3437632",
        "ratingActionName": "Citigroup Global Markets Holdings Inc.",
        "ratingCommitteeDate": null,
        "ratingOffice": "51",
        "ratingReleaseDate": "2020-09-23 14:24:41.0",
        "releaseDate": "2020-09-23 14:24:57.203",
        "lobname": "FIG",
        "sublobname": "Banking",
        "region": "U.S.A. & Canada",
        "leadAnalystID": "1217",
        "leadAnalystName": "Peter Nerby",
        "leadAnalystUniqueId": "nerbyp",
        "analystEmail": "Peter.Nerby@moodys.com",
        "analystLocation": "New York - 7 World Trade Center",
        "approverID": null,
        "approverName": " ",
        "officeName": "Moody's Investors Service, Inc.",
        "documentExceptionListingInd": "",
        "announcementInd": "",
        "automaticRating": "Yes",
        "definitiveRatingPrevProvisional": "No",
        "indicativeRatingInd": "N",
        "definitiveRatingInd": null,
        "linkedAnotherActionInd": "No",
        "privateRatingActionInd": "N",
        "provisionalRatingInd": "N",
        "secondaryactionind": "No",
        "subsequentRatingInd": "",
        "contactPersonId": null,
        "complianceType": "CAMS",
        "complianceID": "",
        "ratingShellId": null,
        "ratingShellDS": null,
        "workItemStatus": null,
        "workItemType": null,
        "workItemSubType": null,
        "workItemReleaseDtm": null,
        "pressReleaseId": null,
        "securityClassNm": null,
        "shadowCd": null,
        "pressReleaseType": null,
        "pyrRatingType": null,
        "pacrEmail": null,
        "pacr": null,
        "chairEmail": null,
        "chair": null,
        "addendum": null,
        "addendumEmail": null
    },
    {
        "sourceSystem": "ACCURATE",
        "orgId": null,
        "ratingActionDesc": null,
        "ratingActionID": "3438113",
        "ratingActionName": "1_PRO_CFG - Americas Homebuilding_Griselda Bisono _Moody's announces completion of a periodic review of ratings of M.D.C. Holdings, Inc.",
        "ratingCommitteeDate": null,
        "ratingOffice": "51",
        "ratingReleaseDate": "2020-09-25 16:24:49.333",
        "releaseDate": "2020-09-25 16:24:49.343",
        "lobname": "CFG",
        "sublobname": "CFG_NY-2",
        "region": "U.S.A. & Canada",
        "leadAnalystID": "2769",
        "leadAnalystName": "Griselda Bisono",
        "leadAnalystUniqueId": "bisonog",
        "analystEmail": "Griselda.Bisono@moodys.com",
        "analystLocation": "New York - 7 World Trade Center",
        "approverID": null,
        "approverName": " ",
        "officeName": "Moody's Investors Service, Inc.",
        "documentExceptionListingInd": "Y",
        "announcementInd": "Y",
        "automaticRating": "Yes",
        "definitiveRatingPrevProvisional": "No",
        "indicativeRatingInd": "N",
        "definitiveRatingInd": null,
        "linkedAnotherActionInd": "No",
        "privateRatingActionInd": "",
        "provisionalRatingInd": "N",
        "secondaryactionind": "No",
        "subsequentRatingInd": "",
        "contactPersonId": null,
        "complianceType": "CAMS",
        "complianceID": "",
        "ratingShellId": null,
        "ratingShellDS": null,
        "workItemStatus": null,
        "workItemType": null,
        "workItemSubType": null,
        "workItemReleaseDtm": null,
        "pressReleaseId": null,
        "securityClassNm": null,
        "shadowCd": null,
        "pressReleaseType": null,
        "pyrRatingType": null,
        "pacrEmail": null,
        "pacr": null,
        "chairEmail": null,
        "chair": null,
        "addendum": null,
        "addendumEmail": null
    },
    {
        "sourceSystem": "ACCURATE",
        "orgId": null,
        "ratingActionDesc": null,
        "ratingActionID": "3438118",
        "ratingActionName": "1_PRO_CFG - Americas Homebuilding_Griselda Bisono _Moody's announces completion of a periodic review of ratings of Shea Homes Limited Partnership",
        "ratingCommitteeDate": null,
        "ratingOffice": "51",
        "ratingReleaseDate": "2020-09-25 16:24:45.416",
        "releaseDate": "2020-09-25 16:24:45.423",
        "lobname": "CFG",
        "sublobname": "CFG_NY-2",
        "region": "U.S.A. & Canada",
        "leadAnalystID": "2769",
        "leadAnalystName": "Griselda Bisono",
        "leadAnalystUniqueId": "bisonog",
        "analystEmail": "Griselda.Bisono@moodys.com",
        "analystLocation": "New York - 7 World Trade Center",
        "approverID": null,
        "approverName": " ",
        "officeName": "Moody's Investors Service, Inc.",
        "documentExceptionListingInd": "Y",
        "announcementInd": "Y",
        "automaticRating": "Yes",
        "definitiveRatingPrevProvisional": "No",
        "indicativeRatingInd": "N",
        "definitiveRatingInd": null,
        "linkedAnotherActionInd": "No",
        "privateRatingActionInd": "",
        "provisionalRatingInd": "N",
        "secondaryactionind": "No",
        "subsequentRatingInd": "",
        "contactPersonId": null,
        "complianceType": "CAMS",
        "complianceID": "",
        "ratingShellId": null,
        "ratingShellDS": null,
        "workItemStatus": null,
        "workItemType": null,
        "workItemSubType": null,
        "workItemReleaseDtm": null,
        "pressReleaseId": null,
        "securityClassNm": null,
        "shadowCd": null,
        "pressReleaseType": null,
        "pyrRatingType": null,
        "pacrEmail": null,
        "pacr": null,
        "chairEmail": null,
        "chair": null,
        "addendum": null,
        "addendumEmail": null
    },
    {
        "sourceSystem": "ACCURATE",
        "orgId": null,
        "ratingActionDesc": null,
        "ratingActionID": "3438122",
        "ratingActionName": "1_PRO_CFG - Americas Homebuilding_Griselda Bisono _Moody's announces completion of a periodic review of ratings of Taylor Morrison Communities, Inc.",
        "ratingCommitteeDate": null,
        "ratingOffice": "51",
        "ratingReleaseDate": "2020-09-25 16:24:41.646",
        "releaseDate": "2020-09-25 16:24:41.7",
        "lobname": "CFG",
        "sublobname": "CFG_NY-2",
        "region": "U.S.A. & Canada",
        "leadAnalystID": "2769",
        "leadAnalystName": "Griselda Bisono",
        "leadAnalystUniqueId": "bisonog",
        "analystEmail": "Griselda.Bisono@moodys.com",
        "analystLocation": "New York - 7 World Trade Center",
        "approverID": null,
        "approverName": " ",
        "officeName": "Moody's Investors Service, Inc.",
        "documentExceptionListingInd": "Y",
        "announcementInd": "Y",
        "automaticRating": "Yes",
        "definitiveRatingPrevProvisional": "No",
        "indicativeRatingInd": "N",
        "definitiveRatingInd": null,
        "linkedAnotherActionInd": "No",
        "privateRatingActionInd": "",
        "provisionalRatingInd": "N",
        "secondaryactionind": "No",
        "subsequentRatingInd": "",
        "contactPersonId": null,
        "complianceType": "CAMS",
        "complianceID": "",
        "ratingShellId": null,
        "ratingShellDS": null,
        "workItemStatus": null,
        "workItemType": null,
        "workItemSubType": null,
        "workItemReleaseDtm": null,
        "pressReleaseId": null,
        "securityClassNm": null,
        "shadowCd": null,
        "pressReleaseType": null,
        "pyrRatingType": null,
        "pacrEmail": null,
        "pacr": null,
        "chairEmail": null,
        "chair": null,
        "addendum": null,
        "addendumEmail": null
    },
    {
        "sourceSystem": "ACCURATE",
        "orgId": null,
        "ratingActionDesc": "Royal Bank of Canada (London Branch) - 47",
        "ratingActionID": "3438419",
        "ratingActionName": "Royal Bank of Canada (London Branch) - 47",
        "ratingCommitteeDate": null,
        "ratingOffice": "71",
        "ratingReleaseDate": "2020-09-25 16:54:06.0",
        "releaseDate": "2020-09-25 16:54:31.153",
        "lobname": "FIG",
        "sublobname": "Banking",
        "region": "U.S.A. & Canada",
        "leadAnalystID": "6721",
        "leadAnalystName": "John Beattie",
        "leadAnalystUniqueId": "beattied",
        "analystEmail": "David.Beattie@moodys.com",
        "analystLocation": "Toronto - 70 York Street",
        "approverID": null,
        "approverName": " ",
        "officeName": "Moody's Canada Inc.",
        "documentExceptionListingInd": "",
        "announcementInd": "",
        "automaticRating": "Yes",
        "definitiveRatingPrevProvisional": "No",
        "indicativeRatingInd": "N",
        "definitiveRatingInd": null,
        "linkedAnotherActionInd": "No",
        "privateRatingActionInd": "N",
        "provisionalRatingInd": "N",
        "secondaryactionind": "No",
        "subsequentRatingInd": "",
        "contactPersonId": null,
        "complianceType": "CAMS",
        "complianceID": "",
        "ratingShellId": null,
        "ratingShellDS": null,
        "workItemStatus": null,
        "workItemType": null,
        "workItemSubType": null,
        "workItemReleaseDtm": null,
        "pressReleaseId": null,
        "securityClassNm": null,
        "shadowCd": null,
        "pressReleaseType": null,
        "pyrRatingType": null,
        "pacrEmail": null,
        "pacr": null,
        "chairEmail": null,
        "chair": null,
        "addendum": null,
        "addendumEmail": null
    },
    {
        "sourceSystem": "ACCURATE",
        "orgId": null,
        "ratingActionDesc": null,
        "ratingActionID": "3439369",
        "ratingActionName": "1_PRO_CFG - EMEA Invest Holding Companies_Dion Bate _Moody's announces completion of a periodic review of ratings of Ordu Yardimlasma Kurumu (OYAK)",
        "ratingCommitteeDate": null,
        "ratingOffice": "122",
        "ratingReleaseDate": "2020-09-23 12:07:45.1",
        "releaseDate": "2020-09-23 12:07:45.14",
        "lobname": "CFG",
        "sublobname": "CFG Regional",
        "region": null,
        "leadAnalystID": "1916",
        "leadAnalystName": "Dion Bate",
        "leadAnalystUniqueId": "bated",
        "analystEmail": "Dion.Bate@moodys.com",
        "analystLocation": "Dubai - DIFC Precinct Bldg 3",
        "approverID": null,
        "approverName": " ",
        "officeName": "Moody's Investors Service Middle East Limited",
        "documentExceptionListingInd": "Y",
        "announcementInd": "Y",
        "automaticRating": "Yes",
        "definitiveRatingPrevProvisional": "No",
        "indicativeRatingInd": "N",
        "definitiveRatingInd": null,
        "linkedAnotherActionInd": "No",
        "privateRatingActionInd": "",
        "provisionalRatingInd": "N",
        "secondaryactionind": "No",
        "subsequentRatingInd": "",
        "contactPersonId": null,
        "complianceType": "CAMS",
        "complianceID": "",
        "ratingShellId": null,
        "ratingShellDS": null,
        "workItemStatus": null,
        "workItemType": null,
        "workItemSubType": null,
        "workItemReleaseDtm": null,
        "pressReleaseId": null,
        "securityClassNm": null,
        "shadowCd": null,
        "pressReleaseType": null,
        "pyrRatingType": null,
        "pacrEmail": null,
        "pacr": null,
        "chairEmail": null,
        "chair": null,
        "addendum": null,
        "addendumEmail": null
    },
    {
        "sourceSystem": "ACCURATE",
        "orgId": null,
        "ratingActionDesc": null,
        "ratingActionID": "3440084",
        "ratingActionName": "1_PRO_FIG - Americas & EMEA Global Securities_Roland Auquier_Moody's announces completion of a periodic review of ratings of LHC3 plc",
        "ratingCommitteeDate": null,
        "ratingOffice": "50",
        "ratingReleaseDate": "2020-09-25 11:19:35.14",
        "releaseDate": "2020-09-25 11:19:35.17",
        "lobname": "FIG",
        "sublobname": "Banking",
        "region": "Europe",
        "leadAnalystID": "6301",
        "leadAnalystName": "Roland Auquier",
        "leadAnalystUniqueId": "auquierr",
        "analystEmail": "Roland.Auquier@moodys.com",
        "analystLocation": "Paris - 96, boulevard Haussmann",
        "approverID": null,
        "approverName": " ",
        "officeName": "Moody's France SAS",
        "documentExceptionListingInd": "Y",
        "announcementInd": "Y",
        "automaticRating": "Yes",
        "definitiveRatingPrevProvisional": "No",
        "indicativeRatingInd": "N",
        "definitiveRatingInd": null,
        "linkedAnotherActionInd": "No",
        "privateRatingActionInd": "",
        "provisionalRatingInd": "N",
        "secondaryactionind": "No",
        "subsequentRatingInd": "",
        "contactPersonId": null,
        "complianceType": "CAMS",
        "complianceID": "",
        "ratingShellId": null,
        "ratingShellDS": null,
        "workItemStatus": null,
        "workItemType": null,
        "workItemSubType": null,
        "workItemReleaseDtm": null,
        "pressReleaseId": null,
        "securityClassNm": null,
        "shadowCd": null,
        "pressReleaseType": null,
        "pyrRatingType": null,
        "pacrEmail": null,
        "pacr": null,
        "chairEmail": null,
        "chair": null,
        "addendum": null,
        "addendumEmail": null
    },
    {
        "sourceSystem": "ACCURATE",
        "orgId": null,
        "ratingActionDesc": "FTS International, Inc.",
        "ratingActionID": "3440169",
        "ratingActionName": "FTS International, Inc.",
        "ratingCommitteeDate": "2020-09-23 00:00:00.0",
        "ratingOffice": "51",
        "ratingReleaseDate": "2020-09-23 13:47:36.0",
        "releaseDate": "2020-09-23 13:47:42.936",
        "lobname": "CFG",
        "sublobname": "CFG_NY-2",
        "region": "U.S.A. & Canada",
        "leadAnalystID": "7808",
        "leadAnalystName": "Jonathan Teitel",
        "leadAnalystUniqueId": "teitelj",
        "analystEmail": "Jonathan.Teitel@moodys.com",
        "analystLocation": "New York - 7 World Trade Center",
        "approverID": "29001980",
        "approverName": "James Wilkins",
        "officeName": "Moody's Investors Service, Inc.",
        "documentExceptionListingInd": "",
        "announcementInd": "",
        "automaticRating": "No",
        "definitiveRatingPrevProvisional": "No",
        "indicativeRatingInd": "N",
        "definitiveRatingInd": null,
        "linkedAnotherActionInd": "No",
        "privateRatingActionInd": "N",
        "provisionalRatingInd": "N",
        "secondaryactionind": "No",
        "subsequentRatingInd": "N",
        "contactPersonId": null,
        "complianceType": "CAMS",
        "complianceID": "103597",
        "ratingShellId": null,
        "ratingShellDS": null,
        "workItemStatus": null,
        "workItemType": null,
        "workItemSubType": null,
        "workItemReleaseDtm": null,
        "pressReleaseId": null,
        "securityClassNm": null,
        "shadowCd": null,
        "pressReleaseType": null,
        "pyrRatingType": null,
        "pacrEmail": "Steven.Wood@moodys.com",
        "pacr": "Steve Wood",
        "chairEmail": "Peter.Speer@moodys.com",
        "chair": "Pete Speer",
        "addendum": "Thomas Albanese ",
        "addendumEmail": "AlbanesT@moodys.com"
    },
    {
        "sourceSystem": "ACCURATE",
        "orgId": null,
        "ratingActionDesc": "GS Finance Corp.",
        "ratingActionID": "3440475",
        "ratingActionName": "GS Finance Corp.",
        "ratingCommitteeDate": null,
        "ratingOffice": "51",
        "ratingReleaseDate": "2020-09-25 14:36:04.0",
        "releaseDate": "2020-09-25 14:36:22.293",
        "lobname": "FIG",
        "sublobname": "Banking",
        "region": "U.S.A. & Canada",
        "leadAnalystID": "467",
        "leadAnalystName": "David Fanger",
        "leadAnalystUniqueId": "fangerd",
        "analystEmail": "David.Fanger@moodys.com",
        "analystLocation": "New York - 7 World Trade Center",
        "approverID": null,
        "approverName": " ",
        "officeName": "Moody's Investors Service, Inc.",
        "documentExceptionListingInd": "",
        "announcementInd": "",
        "automaticRating": "Yes",
        "definitiveRatingPrevProvisional": "No",
        "indicativeRatingInd": "N",
        "definitiveRatingInd": null,
        "linkedAnotherActionInd": "No",
        "privateRatingActionInd": "N",
        "provisionalRatingInd": "N",
        "secondaryactionind": "No",
        "subsequentRatingInd": "",
        "contactPersonId": null,
        "complianceType": "CAMS",
        "complianceID": "",
        "ratingShellId": null,
        "ratingShellDS": null,
        "workItemStatus": null,
        "workItemType": null,
        "workItemSubType": null,
        "workItemReleaseDtm": null,
        "pressReleaseId": null,
        "securityClassNm": null,
        "shadowCd": null,
        "pressReleaseType": null,
        "pyrRatingType": null,
        "pacrEmail": null,
        "pacr": null,
        "chairEmail": null,
        "chair": null,
        "addendum": null,
        "addendumEmail": null
    },
    {
        "sourceSystem": "ACCURATE",
        "orgId": null,
        "ratingActionDesc": null,
        "ratingActionID": "3440651",
        "ratingActionName": "1_PRO_CFG - North America Building Products_Edward Schmidt_Moody's announces completion of a periodic review of ratings of Tosca Services, LLC",
        "ratingCommitteeDate": null,
        "ratingOffice": "51",
        "ratingReleaseDate": "2020-09-24 10:29:07.263",
        "releaseDate": "2020-09-24 10:29:07.28",
        "lobname": "CFG",
        "sublobname": "CFG_NY-2",
        "region": "U.S.A. & Canada",
        "leadAnalystID": "2613",
        "leadAnalystName": "Edward Schmidt",
        "leadAnalystUniqueId": "schmidte",
        "analystEmail": "Edward.Schmidt@moodys.com",
        "analystLocation": "New York - 7 World Trade Center",
        "approverID": null,
        "approverName": " ",
        "officeName": "Moody's Investors Service, Inc.",
        "documentExceptionListingInd": "Y",
        "announcementInd": "Y",
        "automaticRating": "Yes",
        "definitiveRatingPrevProvisional": "No",
        "indicativeRatingInd": "N",
        "definitiveRatingInd": null,
        "linkedAnotherActionInd": "No",
        "privateRatingActionInd": "",
        "provisionalRatingInd": "N",
        "secondaryactionind": "No",
        "subsequentRatingInd": "",
        "contactPersonId": null,
        "complianceType": "CAMS",
        "complianceID": "",
        "ratingShellId": null,
        "ratingShellDS": null,
        "workItemStatus": null,
        "workItemType": null,
        "workItemSubType": null,
        "workItemReleaseDtm": null,
        "pressReleaseId": null,
        "securityClassNm": null,
        "shadowCd": null,
        "pressReleaseType": null,
        "pyrRatingType": null,
        "pacrEmail": null,
        "pacr": null,
        "chairEmail": null,
        "chair": null,
        "addendum": null,
        "addendumEmail": null
    },
    {
        "sourceSystem": "ACCURATE",
        "orgId": null,
        "ratingActionDesc": null,
        "ratingActionID": "3440779",
        "ratingActionName": "1_PRO_FIG - Morocco & Tunisia Banks _Olivier Panis_Moody's announces completion of a periodic review of ratings of Groupe Banque Centrale Populaire",
        "ratingCommitteeDate": null,
        "ratingOffice": "50",
        "ratingReleaseDate": "2020-09-24 14:18:41.11",
        "releaseDate": "2020-09-24 14:18:41.116",
        "lobname": "FIG",
        "sublobname": "Banking",
        "region": "Europe",
        "leadAnalystID": "2595",
        "leadAnalystName": "Olivier Panis",
        "leadAnalystUniqueId": "paniso",
        "analystEmail": "Olivier.Panis@moodys.com",
        "analystLocation": "Paris - 96, boulevard Haussmann",
        "approverID": null,
        "approverName": " ",
        "officeName": "Moody's France SAS",
        "documentExceptionListingInd": "Y",
        "announcementInd": "Y",
        "automaticRating": "Yes",
        "definitiveRatingPrevProvisional": "No",
        "indicativeRatingInd": "N",
        "definitiveRatingInd": null,
        "linkedAnotherActionInd": "No",
        "privateRatingActionInd": "",
        "provisionalRatingInd": "N",
        "secondaryactionind": "No",
        "subsequentRatingInd": "",
        "contactPersonId": null,
        "complianceType": "CAMS",
        "complianceID": "",
        "ratingShellId": null,
        "ratingShellDS": null,
        "workItemStatus": null,
        "workItemType": null,
        "workItemSubType": null,
        "workItemReleaseDtm": null,
        "pressReleaseId": null,
        "securityClassNm": null,
        "shadowCd": null,
        "pressReleaseType": null,
        "pyrRatingType": null,
        "pacrEmail": null,
        "pacr": null,
        "chairEmail": null,
        "chair": null,
        "addendum": null,
        "addendumEmail": null
    },
    {
        "sourceSystem": "ACCURATE",
        "orgId": null,
        "ratingActionDesc": "Zip Master Trust Series 2020-1",
        "ratingActionID": "3440975",
        "ratingActionName": "Zip Master Trust Series 2020-1",
        "ratingCommitteeDate": "2020-09-24 00:00:00.0",
        "ratingOffice": "53",
        "ratingReleaseDate": "2020-09-25 00:00:17.0",
        "releaseDate": "2020-09-25 00:00:37.75",
        "lobname": "SFG",
        "sublobname": "Regional New Ratings",
        "region": "Asia Pacific",
        "leadAnalystID": "2361",
        "leadAnalystName": "John Paul Truijens",
        "leadAnalystUniqueId": "truijenj",
        "analystEmail": "JohnPaul.Truijens@moodys.com",
        "analystLocation": "Sydney - 1 O'Connell Street",
        "approverID": null,
        "approverName": " ",
        "officeName": "Moody's Investors Service Pty. Ltd.",
        "documentExceptionListingInd": "Y",
        "announcementInd": "",
        "automaticRating": "No",
        "definitiveRatingPrevProvisional": "No",
        "indicativeRatingInd": "N",
        "definitiveRatingInd": null,
        "linkedAnotherActionInd": "No",
        "privateRatingActionInd": "N",
        "provisionalRatingInd": "Y",
        "secondaryactionind": "No",
        "subsequentRatingInd": "N",
        "contactPersonId": null,
        "complianceType": "CAMS",
        "complianceID": "103746",
        "ratingShellId": null,
        "ratingShellDS": null,
        "workItemStatus": null,
        "workItemType": null,
        "workItemSubType": null,
        "workItemReleaseDtm": null,
        "pressReleaseId": null,
        "securityClassNm": null,
        "shadowCd": null,
        "pressReleaseType": null,
        "pyrRatingType": null,
        "pacrEmail": null,
        "pacr": null,
        "chairEmail": null,
        "chair": null,
        "addendum": null,
        "addendumEmail": null
    },
    {
        "sourceSystem": "ACCURATE",
        "orgId": null,
        "ratingActionDesc": "Barclays Bank PLC",
        "ratingActionID": "3441068",
        "ratingActionName": "Barclays Bank PLC",
        "ratingCommitteeDate": null,
        "ratingOffice": "52",
        "ratingReleaseDate": "2020-09-24 16:47:49.0",
        "releaseDate": "2020-09-24 16:48:31.27",
        "lobname": "FIG",
        "sublobname": "Banking",
        "region": "Europe",
        "leadAnalystID": "6897",
        "leadAnalystName": "Alessandro Roccati",
        "leadAnalystUniqueId": "roccatia",
        "analystEmail": "Alessandro.Roccati@moodys.com",
        "analystLocation": "London - One Canada Square",
        "approverID": null,
        "approverName": " ",
        "officeName": "Moody's Investors Service Ltd.",
        "documentExceptionListingInd": "",
        "announcementInd": "",
        "automaticRating": "Yes",
        "definitiveRatingPrevProvisional": "No",
        "indicativeRatingInd": "N",
        "definitiveRatingInd": null,
        "linkedAnotherActionInd": "No",
        "privateRatingActionInd": "N",
        "provisionalRatingInd": "N",
        "secondaryactionind": "No",
        "subsequentRatingInd": "",
        "contactPersonId": null,
        "complianceType": "CAMS",
        "complianceID": "",
        "ratingShellId": null,
        "ratingShellDS": null,
        "workItemStatus": null,
        "workItemType": null,
        "workItemSubType": null,
        "workItemReleaseDtm": null,
        "pressReleaseId": null,
        "securityClassNm": null,
        "shadowCd": null,
        "pressReleaseType": null,
        "pyrRatingType": null,
        "pacrEmail": null,
        "pacr": null,
        "chairEmail": null,
        "chair": null,
        "addendum": null,
        "addendumEmail": null
    },
    {
        "sourceSystem": "ACCURATE",
        "orgId": null,
        "ratingActionDesc": "Barclays Bank PLC",
        "ratingActionID": "3441084",
        "ratingActionName": "Barclays Bank PLC",
        "ratingCommitteeDate": null,
        "ratingOffice": "52",
        "ratingReleaseDate": "2020-09-24 17:11:44.0",
        "releaseDate": "2020-09-24 17:12:10.293",
        "lobname": "FIG",
        "sublobname": "Banking",
        "region": "Europe",
        "leadAnalystID": "6897",
        "leadAnalystName": "Alessandro Roccati",
        "leadAnalystUniqueId": "roccatia",
        "analystEmail": "Alessandro.Roccati@moodys.com",
        "analystLocation": "London - One Canada Square",
        "approverID": null,
        "approverName": " ",
        "officeName": "Moody's Investors Service Ltd.",
        "documentExceptionListingInd": "",
        "announcementInd": "",
        "automaticRating": "Yes",
        "definitiveRatingPrevProvisional": "No",
        "indicativeRatingInd": "N",
        "definitiveRatingInd": null,
        "linkedAnotherActionInd": "No",
        "privateRatingActionInd": "N",
        "provisionalRatingInd": "N",
        "secondaryactionind": "No",
        "subsequentRatingInd": "",
        "contactPersonId": null,
        "complianceType": "CAMS",
        "complianceID": "",
        "ratingShellId": null,
        "ratingShellDS": null,
        "workItemStatus": null,
        "workItemType": null,
        "workItemSubType": null,
        "workItemReleaseDtm": null,
        "pressReleaseId": null,
        "securityClassNm": null,
        "shadowCd": null,
        "pressReleaseType": null,
        "pyrRatingType": null,
        "pacrEmail": null,
        "pacr": null,
        "chairEmail": null,
        "chair": null,
        "addendum": null,
        "addendumEmail": null
    },
    {
        "sourceSystem": "ACCURATE",
        "orgId": null,
        "ratingActionDesc": "Bank of Montreal",
        "ratingActionID": "3441164",
        "ratingActionName": "Bank of Montreal",
        "ratingCommitteeDate": null,
        "ratingOffice": "71",
        "ratingReleaseDate": "2020-09-24 18:07:44.0",
        "releaseDate": "2020-09-24 18:08:16.426",
        "lobname": "FIG",
        "sublobname": "Banking",
        "region": "U.S.A. & Canada",
        "leadAnalystID": "6721",
        "leadAnalystName": "John Beattie",
        "leadAnalystUniqueId": "beattied",
        "analystEmail": "David.Beattie@moodys.com",
        "analystLocation": "Toronto - 70 York Street",
        "approverID": null,
        "approverName": " ",
        "officeName": "Moody's Canada Inc.",
        "documentExceptionListingInd": "",
        "announcementInd": "",
        "automaticRating": "Yes",
        "definitiveRatingPrevProvisional": "No",
        "indicativeRatingInd": "N",
        "definitiveRatingInd": null,
        "linkedAnotherActionInd": "No",
        "privateRatingActionInd": "N",
        "provisionalRatingInd": "N",
        "secondaryactionind": "No",
        "subsequentRatingInd": "",
        "contactPersonId": null,
        "complianceType": "CAMS",
        "complianceID": "",
        "ratingShellId": null,
        "ratingShellDS": null,
        "workItemStatus": null,
        "workItemType": null,
        "workItemSubType": null,
        "workItemReleaseDtm": null,
        "pressReleaseId": null,
        "securityClassNm": null,
        "shadowCd": null,
        "pressReleaseType": null,
        "pyrRatingType": null,
        "pacrEmail": null,
        "pacr": null,
        "chairEmail": null,
        "chair": null,
        "addendum": null,
        "addendumEmail": null
    },
    {
        "sourceSystem": "ACCURATE",
        "orgId": null,
        "ratingActionDesc": "Ball Corporation",
        "ratingActionID": "3442303",
        "ratingActionName": "Ball Corporation",
        "ratingCommitteeDate": null,
        "ratingOffice": "51",
        "ratingReleaseDate": "2020-09-24 10:39:10.0",
        "releaseDate": "2020-09-24 10:39:13.973",
        "lobname": "CFG",
        "sublobname": "CFG_NY-2",
        "region": "U.S.A. & Canada",
        "leadAnalystID": "2613",
        "leadAnalystName": "Edward Schmidt",
        "leadAnalystUniqueId": "schmidte",
        "analystEmail": "Edward.Schmidt@moodys.com",
        "analystLocation": "New York - 7 World Trade Center",
        "approverID": null,
        "approverName": " ",
        "officeName": "Moody's Investors Service, Inc.",
        "documentExceptionListingInd": "Y",
        "announcementInd": "",
        "automaticRating": "Yes",
        "definitiveRatingPrevProvisional": "No",
        "indicativeRatingInd": "N",
        "definitiveRatingInd": null,
        "linkedAnotherActionInd": "No",
        "privateRatingActionInd": "N",
        "provisionalRatingInd": "Y",
        "secondaryactionind": "No",
        "subsequentRatingInd": "Y",
        "contactPersonId": null,
        "complianceType": "CAMS",
        "complianceID": "",
        "ratingShellId": null,
        "ratingShellDS": null,
        "workItemStatus": null,
        "workItemType": null,
        "workItemSubType": null,
        "workItemReleaseDtm": null,
        "pressReleaseId": null,
        "securityClassNm": null,
        "shadowCd": null,
        "pressReleaseType": null,
        "pyrRatingType": null,
        "pacrEmail": null,
        "pacr": null,
        "chairEmail": null,
        "chair": null,
        "addendum": null,
        "addendumEmail": null
    },
    {
        "sourceSystem": "ACCURATE",
        "orgId": null,
        "ratingActionDesc": null,
        "ratingActionID": "3442401",
        "ratingActionName": "1_PRO_EMEA Chemical - Batch 1_Martin Kohlhase_Moody's announces completion of a periodic review of ratings of Akzo Nobel N.V.",
        "ratingCommitteeDate": null,
        "ratingOffice": "41",
        "ratingReleaseDate": "2020-09-24 11:07:33.193",
        "releaseDate": "2020-09-24 11:07:33.203",
        "lobname": "CFG",
        "sublobname": "CFG Regional",
        "region": "Europe",
        "leadAnalystID": "2051",
        "leadAnalystName": "Martin Kohlhase",
        "leadAnalystUniqueId": "kohlhasm",
        "analystEmail": "Martin.Kohlhase@moodys.com",
        "analystLocation": "Frankfurt - An der Welle 5",
        "approverID": null,
        "approverName": " ",
        "officeName": "Moody's Deutschland GmbH",
        "documentExceptionListingInd": "Y",
        "announcementInd": "Y",
        "automaticRating": "Yes",
        "definitiveRatingPrevProvisional": "No",
        "indicativeRatingInd": "N",
        "definitiveRatingInd": null,
        "linkedAnotherActionInd": "No",
        "privateRatingActionInd": "",
        "provisionalRatingInd": "N",
        "secondaryactionind": "No",
        "subsequentRatingInd": "",
        "contactPersonId": null,
        "complianceType": "CAMS",
        "complianceID": "",
        "ratingShellId": null,
        "ratingShellDS": null,
        "workItemStatus": null,
        "workItemType": null,
        "workItemSubType": null,
        "workItemReleaseDtm": null,
        "pressReleaseId": null,
        "securityClassNm": null,
        "shadowCd": null,
        "pressReleaseType": null,
        "pyrRatingType": null,
        "pacrEmail": null,
        "pacr": null,
        "chairEmail": null,
        "chair": null,
        "addendum": null,
        "addendumEmail": null
    },
    {
        "sourceSystem": "ACCURATE",
        "orgId": null,
        "ratingActionDesc": null,
        "ratingActionID": "3442407",
        "ratingActionName": "1_PRO_EMEA Chemical - Batch 1_Martin Kohlhase_Moody's announces completion of a periodic review of ratings of Allnex (Luxembourg) & Cy S.C.A.",
        "ratingCommitteeDate": null,
        "ratingOffice": "41",
        "ratingReleaseDate": "2020-09-23 09:51:30.2",
        "releaseDate": "2020-09-23 09:51:30.21",
        "lobname": "CFG",
        "sublobname": "CFG Regional",
        "region": "Europe",
        "leadAnalystID": "2051",
        "leadAnalystName": "Martin Kohlhase",
        "leadAnalystUniqueId": "kohlhasm",
        "analystEmail": "Martin.Kohlhase@moodys.com",
        "analystLocation": "Frankfurt - An der Welle 5",
        "approverID": null,
        "approverName": " ",
        "officeName": "Moody's Deutschland GmbH",
        "documentExceptionListingInd": "Y",
        "announcementInd": "Y",
        "automaticRating": "Yes",
        "definitiveRatingPrevProvisional": "No",
        "indicativeRatingInd": "N",
        "definitiveRatingInd": null,
        "linkedAnotherActionInd": "No",
        "privateRatingActionInd": "",
        "provisionalRatingInd": "N",
        "secondaryactionind": "No",
        "subsequentRatingInd": "",
        "contactPersonId": null,
        "complianceType": "CAMS",
        "complianceID": "",
        "ratingShellId": null,
        "ratingShellDS": null,
        "workItemStatus": null,
        "workItemType": null,
        "workItemSubType": null,
        "workItemReleaseDtm": null,
        "pressReleaseId": null,
        "securityClassNm": null,
        "shadowCd": null,
        "pressReleaseType": null,
        "pyrRatingType": null,
        "pacrEmail": null,
        "pacr": null,
        "chairEmail": null,
        "chair": null,
        "addendum": null,
        "addendumEmail": null
    },
    {
        "sourceSystem": "ACCURATE",
        "orgId": null,
        "ratingActionDesc": null,
        "ratingActionID": "3442411",
        "ratingActionName": "1_PRO_EMEA Chemical - Batch 1_Martin Kohlhase_Moody's announces completion of a periodic review of ratings of BASF (SE)",
        "ratingCommitteeDate": null,
        "ratingOffice": "41",
        "ratingReleaseDate": "2020-09-23 09:51:26.9",
        "releaseDate": "2020-09-23 09:51:26.906",
        "lobname": "CFG",
        "sublobname": "CFG Regional",
        "region": "Europe",
        "leadAnalystID": "2051",
        "leadAnalystName": "Martin Kohlhase",
        "leadAnalystUniqueId": "kohlhasm",
        "analystEmail": "Martin.Kohlhase@moodys.com",
        "analystLocation": "Frankfurt - An der Welle 5",
        "approverID": null,
        "approverName": " ",
        "officeName": "Moody's Deutschland GmbH",
        "documentExceptionListingInd": "Y",
        "announcementInd": "Y",
        "automaticRating": "Yes",
        "definitiveRatingPrevProvisional": "No",
        "indicativeRatingInd": "N",
        "definitiveRatingInd": null,
        "linkedAnotherActionInd": "No",
        "privateRatingActionInd": "",
        "provisionalRatingInd": "N",
        "secondaryactionind": "No",
        "subsequentRatingInd": "",
        "contactPersonId": null,
        "complianceType": "CAMS",
        "complianceID": "",
        "ratingShellId": null,
        "ratingShellDS": null,
        "workItemStatus": null,
        "workItemType": null,
        "workItemSubType": null,
        "workItemReleaseDtm": null,
        "pressReleaseId": null,
        "securityClassNm": null,
        "shadowCd": null,
        "pressReleaseType": null,
        "pyrRatingType": null,
        "pacrEmail": null,
        "pacr": null,
        "chairEmail": null,
        "chair": null,
        "addendum": null,
        "addendumEmail": null
    },
    {
        "sourceSystem": "ACCURATE",
        "orgId": null,
        "ratingActionDesc": null,
        "ratingActionID": "3442415",
        "ratingActionName": "1_PRO_EMEA Chemical - Batch 1_Martin Kohlhase_Moody's announces completion of a periodic review of ratings of Evonik Industries AG",
        "ratingCommitteeDate": null,
        "ratingOffice": "41",
        "ratingReleaseDate": "2020-09-23 09:51:23.573",
        "releaseDate": "2020-09-23 09:51:23.583",
        "lobname": "CFG",
        "sublobname": "CFG Regional",
        "region": "Europe",
        "leadAnalystID": "2051",
        "leadAnalystName": "Martin Kohlhase",
        "leadAnalystUniqueId": "kohlhasm",
        "analystEmail": "Martin.Kohlhase@moodys.com",
        "analystLocation": "Frankfurt - An der Welle 5",
        "approverID": null,
        "approverName": " ",
        "officeName": "Moody's Deutschland GmbH",
        "documentExceptionListingInd": "Y",
        "announcementInd": "Y",
        "automaticRating": "Yes",
        "definitiveRatingPrevProvisional": "No",
        "indicativeRatingInd": "N",
        "definitiveRatingInd": null,
        "linkedAnotherActionInd": "No",
        "privateRatingActionInd": "",
        "provisionalRatingInd": "N",
        "secondaryactionind": "No",
        "subsequentRatingInd": "",
        "contactPersonId": null,
        "complianceType": "CAMS",
        "complianceID": "",
        "ratingShellId": null,
        "ratingShellDS": null,
        "workItemStatus": null,
        "workItemType": null,
        "workItemSubType": null,
        "workItemReleaseDtm": null,
        "pressReleaseId": null,
        "securityClassNm": null,
        "shadowCd": null,
        "pressReleaseType": null,
        "pyrRatingType": null,
        "pacrEmail": null,
        "pacr": null,
        "chairEmail": null,
        "chair": null,
        "addendum": null,
        "addendumEmail": null
    },
    {
        "sourceSystem": "ACCURATE",
        "orgId": null,
        "ratingActionDesc": null,
        "ratingActionID": "3442422",
        "ratingActionName": "1_PRO_EMEA Chemical - Batch 1_Martin Kohlhase_Moody's announces completion of a periodic review of ratings of Roehm Holding GmbH",
        "ratingCommitteeDate": null,
        "ratingOffice": "41",
        "ratingReleaseDate": "2020-09-24 11:07:28.72",
        "releaseDate": "2020-09-24 11:07:28.726",
        "lobname": "CFG",
        "sublobname": "CFG Regional",
        "region": "Europe",
        "leadAnalystID": "2051",
        "leadAnalystName": "Martin Kohlhase",
        "leadAnalystUniqueId": "kohlhasm",
        "analystEmail": "Martin.Kohlhase@moodys.com",
        "analystLocation": "Frankfurt - An der Welle 5",
        "approverID": null,
        "approverName": " ",
        "officeName": "Moody's Deutschland GmbH",
        "documentExceptionListingInd": "Y",
        "announcementInd": "Y",
        "automaticRating": "Yes",
        "definitiveRatingPrevProvisional": "No",
        "indicativeRatingInd": "N",
        "definitiveRatingInd": null,
        "linkedAnotherActionInd": "No",
        "privateRatingActionInd": "",
        "provisionalRatingInd": "N",
        "secondaryactionind": "No",
        "subsequentRatingInd": "",
        "contactPersonId": null,
        "complianceType": "CAMS",
        "complianceID": "",
        "ratingShellId": null,
        "ratingShellDS": null,
        "workItemStatus": null,
        "workItemType": null,
        "workItemSubType": null,
        "workItemReleaseDtm": null,
        "pressReleaseId": null,
        "securityClassNm": null,
        "shadowCd": null,
        "pressReleaseType": null,
        "pyrRatingType": null,
        "pacrEmail": null,
        "pacr": null,
        "chairEmail": null,
        "chair": null,
        "addendum": null,
        "addendumEmail": null
    },
    {
        "sourceSystem": "ACCURATE",
        "orgId": null,
        "ratingActionDesc": null,
        "ratingActionID": "3442424",
        "ratingActionName": "1_PRO_EMEA Chemical - Batch 1_Martin Kohlhase_Moody's announces completion of a periodic review of ratings of Royal DSM N.V.",
        "ratingCommitteeDate": null,
        "ratingOffice": "41",
        "ratingReleaseDate": "2020-09-24 11:07:25.393",
        "releaseDate": "2020-09-24 11:07:25.4",
        "lobname": "CFG",
        "sublobname": "CFG Regional",
        "region": "Europe",
        "leadAnalystID": "2051",
        "leadAnalystName": "Martin Kohlhase",
        "leadAnalystUniqueId": "kohlhasm",
        "analystEmail": "Martin.Kohlhase@moodys.com",
        "analystLocation": "Frankfurt - An der Welle 5",
        "approverID": null,
        "approverName": " ",
        "officeName": "Moody's Deutschland GmbH",
        "documentExceptionListingInd": "Y",
        "announcementInd": "Y",
        "automaticRating": "Yes",
        "definitiveRatingPrevProvisional": "No",
        "indicativeRatingInd": "N",
        "definitiveRatingInd": null,
        "linkedAnotherActionInd": "No",
        "privateRatingActionInd": "",
        "provisionalRatingInd": "N",
        "secondaryactionind": "No",
        "subsequentRatingInd": "",
        "contactPersonId": null,
        "complianceType": "CAMS",
        "complianceID": "",
        "ratingShellId": null,
        "ratingShellDS": null,
        "workItemStatus": null,
        "workItemType": null,
        "workItemSubType": null,
        "workItemReleaseDtm": null,
        "pressReleaseId": null,
        "securityClassNm": null,
        "shadowCd": null,
        "pressReleaseType": null,
        "pyrRatingType": null,
        "pacrEmail": null,
        "pacr": null,
        "chairEmail": null,
        "chair": null,
        "addendum": null,
        "addendumEmail": null
    },
    {
        "sourceSystem": "ACCURATE",
        "orgId": null,
        "ratingActionDesc": null,
        "ratingActionID": "3442426",
        "ratingActionName": "1_PRO_EMEA Chemical - Batch 1_Martin Kohlhase_Moody's announces completion of a periodic review of ratings of Solvay SA",
        "ratingCommitteeDate": null,
        "ratingOffice": "41",
        "ratingReleaseDate": "2020-09-23 09:51:20.216",
        "releaseDate": "2020-09-23 09:51:20.266",
        "lobname": "CFG",
        "sublobname": "CFG Regional",
        "region": "Europe",
        "leadAnalystID": "2051",
        "leadAnalystName": "Martin Kohlhase",
        "leadAnalystUniqueId": "kohlhasm",
        "analystEmail": "Martin.Kohlhase@moodys.com",
        "analystLocation": "Frankfurt - An der Welle 5",
        "approverID": null,
        "approverName": " ",
        "officeName": "Moody's Deutschland GmbH",
        "documentExceptionListingInd": "Y",
        "announcementInd": "Y",
        "automaticRating": "Yes",
        "definitiveRatingPrevProvisional": "No",
        "indicativeRatingInd": "N",
        "definitiveRatingInd": null,
        "linkedAnotherActionInd": "No",
        "privateRatingActionInd": "",
        "provisionalRatingInd": "N",
        "secondaryactionind": "No",
        "subsequentRatingInd": "",
        "contactPersonId": null,
        "complianceType": "CAMS",
        "complianceID": "",
        "ratingShellId": null,
        "ratingShellDS": null,
        "workItemStatus": null,
        "workItemType": null,
        "workItemSubType": null,
        "workItemReleaseDtm": null,
        "pressReleaseId": null,
        "securityClassNm": null,
        "shadowCd": null,
        "pressReleaseType": null,
        "pyrRatingType": null,
        "pacrEmail": null,
        "pacr": null,
        "chairEmail": null,
        "chair": null,
        "addendum": null,
        "addendumEmail": null
    },
    {
        "sourceSystem": "ACCURATE",
        "orgId": null,
        "ratingActionDesc": null,
        "ratingActionID": "3442456",
        "ratingActionName": "1_PRO_CFG - EMEA Chemical 1st Batch_Janko Lukac_Moody's announces completion of a periodic review of ratings of Archroma Holdings Sarl",
        "ratingCommitteeDate": null,
        "ratingOffice": "41",
        "ratingReleaseDate": "2020-09-24 12:30:54.993",
        "releaseDate": "2020-09-24 12:30:55.02",
        "lobname": "CFG",
        "sublobname": "CFG Regional",
        "region": "Europe",
        "leadAnalystID": "7215",
        "leadAnalystName": "Janko Lukac",
        "leadAnalystUniqueId": "lukacj",
        "analystEmail": "Janko.Lukac@moodys.com",
        "analystLocation": "Frankfurt - An der Welle 5",
        "approverID": null,
        "approverName": " ",
        "officeName": "Moody's Deutschland GmbH",
        "documentExceptionListingInd": "Y",
        "announcementInd": "Y",
        "automaticRating": "Yes",
        "definitiveRatingPrevProvisional": "No",
        "indicativeRatingInd": "N",
        "definitiveRatingInd": null,
        "linkedAnotherActionInd": "No",
        "privateRatingActionInd": "",
        "provisionalRatingInd": "N",
        "secondaryactionind": "No",
        "subsequentRatingInd": "",
        "contactPersonId": null,
        "complianceType": "CAMS",
        "complianceID": "",
        "ratingShellId": null,
        "ratingShellDS": null,
        "workItemStatus": null,
        "workItemType": null,
        "workItemSubType": null,
        "workItemReleaseDtm": null,
        "pressReleaseId": null,
        "securityClassNm": null,
        "shadowCd": null,
        "pressReleaseType": null,
        "pyrRatingType": null,
        "pacrEmail": null,
        "pacr": null,
        "chairEmail": null,
        "chair": null,
        "addendum": null,
        "addendumEmail": null
    },
    {
        "sourceSystem": "ACCURATE",
        "orgId": null,
        "ratingActionDesc": null,
        "ratingActionID": "3442462",
        "ratingActionName": "1_PRO_CFG - EMEA Chemical 1st Batch_Moritz Melsbach_Moody's announces completion of a periodic review of ratings of Air Liquide S.A.",
        "ratingCommitteeDate": null,
        "ratingOffice": "41",
        "ratingReleaseDate": "2020-09-24 10:02:50.073",
        "releaseDate": "2020-09-24 10:02:50.143",
        "lobname": "CFG",
        "sublobname": "CFG Regional",
        "region": "Europe",
        "leadAnalystID": "6864",
        "leadAnalystName": "Moritz Melsbach",
        "leadAnalystUniqueId": "melsbacm",
        "analystEmail": "Moritz.Melsbach@moodys.com",
        "analystLocation": "Frankfurt - An der Welle 5",
        "approverID": null,
        "approverName": " ",
        "officeName": "Moody's Deutschland GmbH",
        "documentExceptionListingInd": "Y",
        "announcementInd": "Y",
        "automaticRating": "Yes",
        "definitiveRatingPrevProvisional": "No",
        "indicativeRatingInd": "N",
        "definitiveRatingInd": null,
        "linkedAnotherActionInd": "No",
        "privateRatingActionInd": "",
        "provisionalRatingInd": "N",
        "secondaryactionind": "No",
        "subsequentRatingInd": "",
        "contactPersonId": null,
        "complianceType": "CAMS",
        "complianceID": "",
        "ratingShellId": null,
        "ratingShellDS": null,
        "workItemStatus": null,
        "workItemType": null,
        "workItemSubType": null,
        "workItemReleaseDtm": null,
        "pressReleaseId": null,
        "securityClassNm": null,
        "shadowCd": null,
        "pressReleaseType": null,
        "pyrRatingType": null,
        "pacrEmail": null,
        "pacr": null,
        "chairEmail": null,
        "chair": null,
        "addendum": null,
        "addendumEmail": null
    },
    {
        "sourceSystem": "ACCURATE",
        "orgId": null,
        "ratingActionDesc": null,
        "ratingActionID": "3442467",
        "ratingActionName": "1_PRO_CFG - EMEA Chemical 1st Batch_Moritz Melsbach_Moody's announces completion of a periodic review of ratings of Bayer AG",
        "ratingCommitteeDate": null,
        "ratingOffice": "41",
        "ratingReleaseDate": "2020-09-23 09:51:33.823",
        "releaseDate": "2020-09-23 09:51:33.86",
        "lobname": "CFG",
        "sublobname": "CFG Regional",
        "region": "Europe",
        "leadAnalystID": "6864",
        "leadAnalystName": "Moritz Melsbach",
        "leadAnalystUniqueId": "melsbacm",
        "analystEmail": "Moritz.Melsbach@moodys.com",
        "analystLocation": "Frankfurt - An der Welle 5",
        "approverID": null,
        "approverName": " ",
        "officeName": "Moody's Deutschland GmbH",
        "documentExceptionListingInd": "Y",
        "announcementInd": "Y",
        "automaticRating": "Yes",
        "definitiveRatingPrevProvisional": "No",
        "indicativeRatingInd": "N",
        "definitiveRatingInd": null,
        "linkedAnotherActionInd": "No",
        "privateRatingActionInd": "",
        "provisionalRatingInd": "N",
        "secondaryactionind": "No",
        "subsequentRatingInd": "",
        "contactPersonId": null,
        "complianceType": "CAMS",
        "complianceID": "",
        "ratingShellId": null,
        "ratingShellDS": null,
        "workItemStatus": null,
        "workItemType": null,
        "workItemSubType": null,
        "workItemReleaseDtm": null,
        "pressReleaseId": null,
        "securityClassNm": null,
        "shadowCd": null,
        "pressReleaseType": null,
        "pyrRatingType": null,
        "pacrEmail": null,
        "pacr": null,
        "chairEmail": null,
        "chair": null,
        "addendum": null,
        "addendumEmail": null
    },
    {
        "sourceSystem": "ACCURATE",
        "orgId": null,
        "ratingActionDesc": null,
        "ratingActionID": "3442475",
        "ratingActionName": "1_PRO_CFG - EMEA Chemical 1st Batch_Moritz Melsbach_Moody's announces completion of a periodic review of ratings of BCPE Max Dutch Bidco BV",
        "ratingCommitteeDate": null,
        "ratingOffice": "41",
        "ratingReleaseDate": "2020-09-25 16:04:35.516",
        "releaseDate": "2020-09-25 16:04:35.536",
        "lobname": "CFG",
        "sublobname": "CFG Regional",
        "region": "Europe",
        "leadAnalystID": "6864",
        "leadAnalystName": "Moritz Melsbach",
        "leadAnalystUniqueId": "melsbacm",
        "analystEmail": "Moritz.Melsbach@moodys.com",
        "analystLocation": "Frankfurt - An der Welle 5",
        "approverID": null,
        "approverName": " ",
        "officeName": "Moody's Deutschland GmbH",
        "documentExceptionListingInd": "Y",
        "announcementInd": "Y",
        "automaticRating": "Yes",
        "definitiveRatingPrevProvisional": "No",
        "indicativeRatingInd": "N",
        "definitiveRatingInd": null,
        "linkedAnotherActionInd": "No",
        "privateRatingActionInd": "",
        "provisionalRatingInd": "N",
        "secondaryactionind": "No",
        "subsequentRatingInd": "",
        "contactPersonId": null,
        "complianceType": "CAMS",
        "complianceID": "",
        "ratingShellId": null,
        "ratingShellDS": null,
        "workItemStatus": null,
        "workItemType": null,
        "workItemSubType": null,
        "workItemReleaseDtm": null,
        "pressReleaseId": null,
        "securityClassNm": null,
        "shadowCd": null,
        "pressReleaseType": null,
        "pyrRatingType": null,
        "pacrEmail": null,
        "pacr": null,
        "chairEmail": null,
        "chair": null,
        "addendum": null,
        "addendumEmail": null
    },
    {
        "sourceSystem": "ACCURATE",
        "orgId": null,
        "ratingActionDesc": "J.P. Morgan Mortgage Trust 2020-LTV2",
        "ratingActionID": "3443596",
        "ratingActionName": "J.P. Morgan Mortgage Trust 2020-LTV2",
        "ratingCommitteeDate": "2020-09-22 00:00:00.0",
        "ratingOffice": "51",
        "ratingReleaseDate": "2020-09-24 21:59:14.0",
        "releaseDate": "2020-09-24 21:59:52.833",
        "lobname": "SFG",
        "sublobname": "NR-COS-RMBS",
        "region": "U.S.A. & Canada",
        "leadAnalystID": "30850",
        "leadAnalystName": "Philip Rukosuev",
        "leadAnalystUniqueId": "rukosuep",
        "analystEmail": "Philip.Rukosuev@moodys.com",
        "analystLocation": "New York - 7 World Trade Center",
        "approverID": null,
        "approverName": " ",
        "officeName": "Moody's Investors Service, Inc.",
        "documentExceptionListingInd": "Y",
        "announcementInd": "",
        "automaticRating": "No",
        "definitiveRatingPrevProvisional": "No",
        "indicativeRatingInd": "N",
        "definitiveRatingInd": null,
        "linkedAnotherActionInd": "No",
        "privateRatingActionInd": "N",
        "provisionalRatingInd": "Y",
        "secondaryactionind": "No",
        "subsequentRatingInd": "N",
        "contactPersonId": null,
        "complianceType": "CAMS",
        "complianceID": "104074",
        "ratingShellId": null,
        "ratingShellDS": null,
        "workItemStatus": null,
        "workItemType": null,
        "workItemSubType": null,
        "workItemReleaseDtm": null,
        "pressReleaseId": null,
        "securityClassNm": null,
        "shadowCd": null,
        "pressReleaseType": null,
        "pyrRatingType": null,
        "pacrEmail": null,
        "pacr": null,
        "chairEmail": null,
        "chair": null,
        "addendum": null,
        "addendumEmail": null
    },
    {
        "sourceSystem": "ACCURATE",
        "orgId": null,
        "ratingActionDesc": null,
        "ratingActionID": "3443606",
        "ratingActionName": "1_PRO_CFG - Americas Media_Jason Cuomo_Moody's announces completion of a periodic review of ratings of Allen Media, LLC",
        "ratingCommitteeDate": null,
        "ratingOffice": "51",
        "ratingReleaseDate": "2020-09-25 11:08:44.876",
        "releaseDate": "2020-09-25 11:08:44.896",
        "lobname": "CFG",
        "sublobname": "CFG_NY-4",
        "region": "U.S.A. & Canada",
        "leadAnalystID": "2600",
        "leadAnalystName": "Jason Cuomo",
        "leadAnalystUniqueId": "cuomoj",
        "analystEmail": "Jason.Cuomo@moodys.com",
        "analystLocation": "New York - 7 World Trade Center",
        "approverID": null,
        "approverName": " ",
        "officeName": "Moody's Investors Service, Inc.",
        "documentExceptionListingInd": "Y",
        "announcementInd": "Y",
        "automaticRating": "Yes",
        "definitiveRatingPrevProvisional": "No",
        "indicativeRatingInd": "N",
        "definitiveRatingInd": null,
        "linkedAnotherActionInd": "No",
        "privateRatingActionInd": "",
        "provisionalRatingInd": "N",
        "secondaryactionind": "No",
        "subsequentRatingInd": "",
        "contactPersonId": null,
        "complianceType": "CAMS",
        "complianceID": "",
        "ratingShellId": null,
        "ratingShellDS": null,
        "workItemStatus": null,
        "workItemType": null,
        "workItemSubType": null,
        "workItemReleaseDtm": null,
        "pressReleaseId": null,
        "securityClassNm": null,
        "shadowCd": null,
        "pressReleaseType": null,
        "pyrRatingType": null,
        "pacrEmail": null,
        "pacr": null,
        "chairEmail": null,
        "chair": null,
        "addendum": null,
        "addendumEmail": null
    },
    {
        "sourceSystem": "ACCURATE",
        "orgId": null,
        "ratingActionDesc": null,
        "ratingActionID": "3443708",
        "ratingActionName": "1_PRO_CFG - EMEA Chemical 3rd Batch_Ekaterina Lipatova_Moody's announces completion of a periodic review of ratings of Acron PJSC",
        "ratingCommitteeDate": null,
        "ratingOffice": "52",
        "ratingReleaseDate": "2020-09-25 12:57:40.12",
        "releaseDate": "2020-09-25 12:57:40.126",
        "lobname": "CFG",
        "sublobname": "CFG Regional",
        "region": "Europe",
        "leadAnalystID": "6546",
        "leadAnalystName": "Ekaterina Lipatova",
        "leadAnalystUniqueId": "lipatove",
        "analystEmail": "Ekaterina.Lipatova@moodys.com",
        "analystLocation": "Moscow - Four Winds Plaza",
        "approverID": null,
        "approverName": " ",
        "officeName": "Moody's Investors Service Ltd.",
        "documentExceptionListingInd": "Y",
        "announcementInd": "Y",
        "automaticRating": "Yes",
        "definitiveRatingPrevProvisional": "No",
        "indicativeRatingInd": "N",
        "definitiveRatingInd": null,
        "linkedAnotherActionInd": "No",
        "privateRatingActionInd": "",
        "provisionalRatingInd": "N",
        "secondaryactionind": "No",
        "subsequentRatingInd": "",
        "contactPersonId": null,
        "complianceType": "CAMS",
        "complianceID": "",
        "ratingShellId": null,
        "ratingShellDS": null,
        "workItemStatus": null,
        "workItemType": null,
        "workItemSubType": null,
        "workItemReleaseDtm": null,
        "pressReleaseId": null,
        "securityClassNm": null,
        "shadowCd": null,
        "pressReleaseType": null,
        "pyrRatingType": null,
        "pacrEmail": null,
        "pacr": null,
        "chairEmail": null,
        "chair": null,
        "addendum": null,
        "addendumEmail": null
    },
    {
        "sourceSystem": "ACCURATE",
        "orgId": null,
        "ratingActionDesc": null,
        "ratingActionID": "3443711",
        "ratingActionName": "1_PRO_CFG - EMEA Chemical 3rd Batch_Ekaterina Lipatova_Moody's announces completion of a periodic review of ratings of EuroChem Group AG",
        "ratingCommitteeDate": null,
        "ratingOffice": "52",
        "ratingReleaseDate": "2020-09-25 12:57:36.58",
        "releaseDate": "2020-09-25 12:57:36.59",
        "lobname": "CFG",
        "sublobname": "CFG Regional",
        "region": "Europe",
        "leadAnalystID": "6546",
        "leadAnalystName": "Ekaterina Lipatova",
        "leadAnalystUniqueId": "lipatove",
        "analystEmail": "Ekaterina.Lipatova@moodys.com",
        "analystLocation": "Moscow - Four Winds Plaza",
        "approverID": null,
        "approverName": " ",
        "officeName": "Moody's Investors Service Ltd.",
        "documentExceptionListingInd": "Y",
        "announcementInd": "Y",
        "automaticRating": "Yes",
        "definitiveRatingPrevProvisional": "No",
        "indicativeRatingInd": "N",
        "definitiveRatingInd": null,
        "linkedAnotherActionInd": "No",
        "privateRatingActionInd": "",
        "provisionalRatingInd": "N",
        "secondaryactionind": "No",
        "subsequentRatingInd": "",
        "contactPersonId": null,
        "complianceType": "CAMS",
        "complianceID": "",
        "ratingShellId": null,
        "ratingShellDS": null,
        "workItemStatus": null,
        "workItemType": null,
        "workItemSubType": null,
        "workItemReleaseDtm": null,
        "pressReleaseId": null,
        "securityClassNm": null,
        "shadowCd": null,
        "pressReleaseType": null,
        "pyrRatingType": null,
        "pacrEmail": null,
        "pacr": null,
        "chairEmail": null,
        "chair": null,
        "addendum": null,
        "addendumEmail": null
    },
    {
        "sourceSystem": "ACCURATE",
        "orgId": null,
        "ratingActionDesc": null,
        "ratingActionID": "3443718",
        "ratingActionName": "1_PRO_CFG - EMEA Chemical 3rd Batch_Ekaterina Lipatova_Moody's announces completion of a periodic review of ratings of PJSC PhosAgro",
        "ratingCommitteeDate": null,
        "ratingOffice": "52",
        "ratingReleaseDate": "2020-09-25 12:57:33.333",
        "releaseDate": "2020-09-25 12:57:33.343",
        "lobname": "CFG",
        "sublobname": "CFG Regional",
        "region": "Europe",
        "leadAnalystID": "6546",
        "leadAnalystName": "Ekaterina Lipatova",
        "leadAnalystUniqueId": "lipatove",
        "analystEmail": "Ekaterina.Lipatova@moodys.com",
        "analystLocation": "Moscow - Four Winds Plaza",
        "approverID": null,
        "approverName": " ",
        "officeName": "Moody's Investors Service Ltd.",
        "documentExceptionListingInd": "Y",
        "announcementInd": "Y",
        "automaticRating": "Yes",
        "definitiveRatingPrevProvisional": "No",
        "indicativeRatingInd": "N",
        "definitiveRatingInd": null,
        "linkedAnotherActionInd": "No",
        "privateRatingActionInd": "",
        "provisionalRatingInd": "N",
        "secondaryactionind": "No",
        "subsequentRatingInd": "",
        "contactPersonId": null,
        "complianceType": "CAMS",
        "complianceID": "",
        "ratingShellId": null,
        "ratingShellDS": null,
        "workItemStatus": null,
        "workItemType": null,
        "workItemSubType": null,
        "workItemReleaseDtm": null,
        "pressReleaseId": null,
        "securityClassNm": null,
        "shadowCd": null,
        "pressReleaseType": null,
        "pyrRatingType": null,
        "pacrEmail": null,
        "pacr": null,
        "chairEmail": null,
        "chair": null,
        "addendum": null,
        "addendumEmail": null
    },
    {
        "sourceSystem": "ACCURATE",
        "orgId": null,
        "ratingActionDesc": null,
        "ratingActionID": "3443723",
        "ratingActionName": "1_PRO_CFG - EMEA Chemical 3rd Batch_Ekaterina Lipatova_Moody's announces completion of a periodic review of ratings of Uralkali PJSC",
        "ratingCommitteeDate": null,
        "ratingOffice": "52",
        "ratingReleaseDate": "2020-09-25 12:57:29.56",
        "releaseDate": "2020-09-25 12:57:29.576",
        "lobname": "CFG",
        "sublobname": "CFG Regional",
        "region": "Europe",
        "leadAnalystID": "6546",
        "leadAnalystName": "Ekaterina Lipatova",
        "leadAnalystUniqueId": "lipatove",
        "analystEmail": "Ekaterina.Lipatova@moodys.com",
        "analystLocation": "Moscow - Four Winds Plaza",
        "approverID": null,
        "approverName": " ",
        "officeName": "Moody's Investors Service Ltd.",
        "documentExceptionListingInd": "Y",
        "announcementInd": "Y",
        "automaticRating": "Yes",
        "definitiveRatingPrevProvisional": "No",
        "indicativeRatingInd": "N",
        "definitiveRatingInd": null,
        "linkedAnotherActionInd": "No",
        "privateRatingActionInd": "",
        "provisionalRatingInd": "N",
        "secondaryactionind": "No",
        "subsequentRatingInd": "",
        "contactPersonId": null,
        "complianceType": "CAMS",
        "complianceID": "",
        "ratingShellId": null,
        "ratingShellDS": null,
        "workItemStatus": null,
        "workItemType": null,
        "workItemSubType": null,
        "workItemReleaseDtm": null,
        "pressReleaseId": null,
        "securityClassNm": null,
        "shadowCd": null,
        "pressReleaseType": null,
        "pyrRatingType": null,
        "pacrEmail": null,
        "pacr": null,
        "chairEmail": null,
        "chair": null,
        "addendum": null,
        "addendumEmail": null
    },
    {
        "sourceSystem": "ACCURATE",
        "orgId": null,
        "ratingActionDesc": null,
        "ratingActionID": "3443801",
        "ratingActionName": "1_PRO_FIG - Nordic & Baltic Banks_Alexios Philippides_Moody's announces completion of a periodic review of ratings of Santander Consumer Bank AS",
        "ratingCommitteeDate": null,
        "ratingOffice": "82",
        "ratingReleaseDate": "2020-09-24 10:56:25.11",
        "releaseDate": "2020-09-24 10:56:25.116",
        "lobname": "FIG",
        "sublobname": "Banking",
        "region": "Europe",
        "leadAnalystID": "6213",
        "leadAnalystName": "Alexios Philippides",
        "leadAnalystUniqueId": "philippa",
        "analystEmail": "Alexios.Philippides@moodys.com",
        "analystLocation": "Limassol - MIS Cyprus Limited",
        "approverID": null,
        "approverName": " ",
        "officeName": "Moody's Investors Service Cyprus Ltd.",
        "documentExceptionListingInd": "Y",
        "announcementInd": "Y",
        "automaticRating": "Yes",
        "definitiveRatingPrevProvisional": "No",
        "indicativeRatingInd": "N",
        "definitiveRatingInd": null,
        "linkedAnotherActionInd": "No",
        "privateRatingActionInd": "",
        "provisionalRatingInd": "N",
        "secondaryactionind": "No",
        "subsequentRatingInd": "",
        "contactPersonId": null,
        "complianceType": "CAMS",
        "complianceID": "",
        "ratingShellId": null,
        "ratingShellDS": null,
        "workItemStatus": null,
        "workItemType": null,
        "workItemSubType": null,
        "workItemReleaseDtm": null,
        "pressReleaseId": null,
        "securityClassNm": null,
        "shadowCd": null,
        "pressReleaseType": null,
        "pyrRatingType": null,
        "pacrEmail": null,
        "pacr": null,
        "chairEmail": null,
        "chair": null,
        "addendum": null,
        "addendumEmail": null
    },
    {
        "sourceSystem": "ACCURATE",
        "orgId": null,
        "ratingActionDesc": null,
        "ratingActionID": "3443898",
        "ratingActionName": "1_PRO_FIG - Nordic & Baltic Banks_Alexios Philippides_Moody's announces completion of a periodic review of ratings of Eika Boligkreditt AS",
        "ratingCommitteeDate": null,
        "ratingOffice": "82",
        "ratingReleaseDate": "2020-09-24 10:44:32.413",
        "releaseDate": "2020-09-24 10:44:32.423",
        "lobname": "FIG",
        "sublobname": "Banking",
        "region": "Europe",
        "leadAnalystID": "6213",
        "leadAnalystName": "Alexios Philippides",
        "leadAnalystUniqueId": "philippa",
        "analystEmail": "Alexios.Philippides@moodys.com",
        "analystLocation": "Limassol - MIS Cyprus Limited",
        "approverID": null,
        "approverName": " ",
        "officeName": "Moody's Investors Service Cyprus Ltd.",
        "documentExceptionListingInd": "Y",
        "announcementInd": "Y",
        "automaticRating": "Yes",
        "definitiveRatingPrevProvisional": "No",
        "indicativeRatingInd": "N",
        "definitiveRatingInd": null,
        "linkedAnotherActionInd": "No",
        "privateRatingActionInd": "",
        "provisionalRatingInd": "N",
        "secondaryactionind": "No",
        "subsequentRatingInd": "",
        "contactPersonId": null,
        "complianceType": "CAMS",
        "complianceID": "",
        "ratingShellId": null,
        "ratingShellDS": null,
        "workItemStatus": null,
        "workItemType": null,
        "workItemSubType": null,
        "workItemReleaseDtm": null,
        "pressReleaseId": null,
        "securityClassNm": null,
        "shadowCd": null,
        "pressReleaseType": null,
        "pyrRatingType": null,
        "pacrEmail": null,
        "pacr": null,
        "chairEmail": null,
        "chair": null,
        "addendum": null,
        "addendumEmail": null
    },
    {
        "sourceSystem": "ACCURATE",
        "orgId": null,
        "ratingActionDesc": null,
        "ratingActionID": "3443902",
        "ratingActionName": "1_PRO_FIG - Nordic & Baltic Banks_Alexios Philippides_Moody's announces completion of a periodic review of ratings of Helgeland Sparebank",
        "ratingCommitteeDate": null,
        "ratingOffice": "82",
        "ratingReleaseDate": "2020-09-24 10:44:28.83",
        "releaseDate": "2020-09-24 10:44:28.836",
        "lobname": "FIG",
        "sublobname": "Banking",
        "region": "Europe",
        "leadAnalystID": "6213",
        "leadAnalystName": "Alexios Philippides",
        "leadAnalystUniqueId": "philippa",
        "analystEmail": "Alexios.Philippides@moodys.com",
        "analystLocation": "Limassol - MIS Cyprus Limited",
        "approverID": null,
        "approverName": " ",
        "officeName": "Moody's Investors Service Cyprus Ltd.",
        "documentExceptionListingInd": "Y",
        "announcementInd": "Y",
        "automaticRating": "Yes",
        "definitiveRatingPrevProvisional": "No",
        "indicativeRatingInd": "N",
        "definitiveRatingInd": null,
        "linkedAnotherActionInd": "No",
        "privateRatingActionInd": "",
        "provisionalRatingInd": "N",
        "secondaryactionind": "No",
        "subsequentRatingInd": "",
        "contactPersonId": null,
        "complianceType": "CAMS",
        "complianceID": "",
        "ratingShellId": null,
        "ratingShellDS": null,
        "workItemStatus": null,
        "workItemType": null,
        "workItemSubType": null,
        "workItemReleaseDtm": null,
        "pressReleaseId": null,
        "securityClassNm": null,
        "shadowCd": null,
        "pressReleaseType": null,
        "pyrRatingType": null,
        "pacrEmail": null,
        "pacr": null,
        "chairEmail": null,
        "chair": null,
        "addendum": null,
        "addendumEmail": null
    },
    {
        "sourceSystem": "ACCURATE",
        "orgId": null,
        "ratingActionDesc": null,
        "ratingActionID": "3443907",
        "ratingActionName": "1_PRO_FIG - Nordic & Baltic Banks_Alexios Philippides_Moody's announces completion of a periodic review of ratings of Jyske Bank A/S",
        "ratingCommitteeDate": null,
        "ratingOffice": "82",
        "ratingReleaseDate": "2020-09-24 10:44:25.36",
        "releaseDate": "2020-09-24 10:44:25.366",
        "lobname": "FIG",
        "sublobname": "Banking",
        "region": "Europe",
        "leadAnalystID": "6213",
        "leadAnalystName": "Alexios Philippides",
        "leadAnalystUniqueId": "philippa",
        "analystEmail": "Alexios.Philippides@moodys.com",
        "analystLocation": "Limassol - MIS Cyprus Limited",
        "approverID": null,
        "approverName": " ",
        "officeName": "Moody's Investors Service Cyprus Ltd.",
        "documentExceptionListingInd": "Y",
        "announcementInd": "Y",
        "automaticRating": "Yes",
        "definitiveRatingPrevProvisional": "No",
        "indicativeRatingInd": "N",
        "definitiveRatingInd": null,
        "linkedAnotherActionInd": "No",
        "privateRatingActionInd": "",
        "provisionalRatingInd": "N",
        "secondaryactionind": "No",
        "subsequentRatingInd": "",
        "contactPersonId": null,
        "complianceType": "CAMS",
        "complianceID": "",
        "ratingShellId": null,
        "ratingShellDS": null,
        "workItemStatus": null,
        "workItemType": null,
        "workItemSubType": null,
        "workItemReleaseDtm": null,
        "pressReleaseId": null,
        "securityClassNm": null,
        "shadowCd": null,
        "pressReleaseType": null,
        "pyrRatingType": null,
        "pacrEmail": null,
        "pacr": null,
        "chairEmail": null,
        "chair": null,
        "addendum": null,
        "addendumEmail": null
    },
    {
        "sourceSystem": "ACCURATE",
        "orgId": null,
        "ratingActionDesc": null,
        "ratingActionID": "3443909",
        "ratingActionName": "1_PRO_FIG - Nordic & Baltic Banks_Alexios Philippides_Moody's announces completion of a periodic review of ratings of KLP Banken AS",
        "ratingCommitteeDate": null,
        "ratingOffice": "82",
        "ratingReleaseDate": "2020-09-24 10:44:22.333",
        "releaseDate": "2020-09-24 10:44:22.34",
        "lobname": "FIG",
        "sublobname": "Banking",
        "region": "Europe",
        "leadAnalystID": "6213",
        "leadAnalystName": "Alexios Philippides",
        "leadAnalystUniqueId": "philippa",
        "analystEmail": "Alexios.Philippides@moodys.com",
        "analystLocation": "Limassol - MIS Cyprus Limited",
        "approverID": null,
        "approverName": " ",
        "officeName": "Moody's Investors Service Cyprus Ltd.",
        "documentExceptionListingInd": "Y",
        "announcementInd": "Y",
        "automaticRating": "Yes",
        "definitiveRatingPrevProvisional": "No",
        "indicativeRatingInd": "N",
        "definitiveRatingInd": null,
        "linkedAnotherActionInd": "No",
        "privateRatingActionInd": "",
        "provisionalRatingInd": "N",
        "secondaryactionind": "No",
        "subsequentRatingInd": "",
        "contactPersonId": null,
        "complianceType": "CAMS",
        "complianceID": "",
        "ratingShellId": null,
        "ratingShellDS": null,
        "workItemStatus": null,
        "workItemType": null,
        "workItemSubType": null,
        "workItemReleaseDtm": null,
        "pressReleaseId": null,
        "securityClassNm": null,
        "shadowCd": null,
        "pressReleaseType": null,
        "pyrRatingType": null,
        "pacrEmail": null,
        "pacr": null,
        "chairEmail": null,
        "chair": null,
        "addendum": null,
        "addendumEmail": null
    },
    {
        "sourceSystem": "ACCURATE",
        "orgId": null,
        "ratingActionDesc": null,
        "ratingActionID": "3443911",
        "ratingActionName": "1_PRO_FIG - Nordic & Baltic Banks_Alexios Philippides_Moody's announces completion of a periodic review of ratings of Kommunalbanken AS",
        "ratingCommitteeDate": null,
        "ratingOffice": "82",
        "ratingReleaseDate": "2020-09-24 10:44:18.203",
        "releaseDate": "2020-09-24 10:44:18.21",
        "lobname": "FIG",
        "sublobname": "Banking",
        "region": "Europe",
        "leadAnalystID": "6213",
        "leadAnalystName": "Alexios Philippides",
        "leadAnalystUniqueId": "philippa",
        "analystEmail": "Alexios.Philippides@moodys.com",
        "analystLocation": "Limassol - MIS Cyprus Limited",
        "approverID": null,
        "approverName": " ",
        "officeName": "Moody's Investors Service Cyprus Ltd.",
        "documentExceptionListingInd": "Y",
        "announcementInd": "Y",
        "automaticRating": "Yes",
        "definitiveRatingPrevProvisional": "No",
        "indicativeRatingInd": "N",
        "definitiveRatingInd": null,
        "linkedAnotherActionInd": "No",
        "privateRatingActionInd": "",
        "provisionalRatingInd": "N",
        "secondaryactionind": "No",
        "subsequentRatingInd": "",
        "contactPersonId": null,
        "complianceType": "CAMS",
        "complianceID": "",
        "ratingShellId": null,
        "ratingShellDS": null,
        "workItemStatus": null,
        "workItemType": null,
        "workItemSubType": null,
        "workItemReleaseDtm": null,
        "pressReleaseId": null,
        "securityClassNm": null,
        "shadowCd": null,
        "pressReleaseType": null,
        "pyrRatingType": null,
        "pacrEmail": null,
        "pacr": null,
        "chairEmail": null,
        "chair": null,
        "addendum": null,
        "addendumEmail": null
    },
    {
        "sourceSystem": "ACCURATE",
        "orgId": null,
        "ratingActionDesc": null,
        "ratingActionID": "3443915",
        "ratingActionName": "1_PRO_FIG - Nordic & Baltic Banks_Alexios Philippides_Moody's announces completion of a periodic review of ratings of Nykredit Realkredit A/S",
        "ratingCommitteeDate": null,
        "ratingOffice": "82",
        "ratingReleaseDate": "2020-09-24 10:56:35.303",
        "releaseDate": "2020-09-24 10:56:35.31",
        "lobname": "FIG",
        "sublobname": "Banking",
        "region": "Europe",
        "leadAnalystID": "6213",
        "leadAnalystName": "Alexios Philippides",
        "leadAnalystUniqueId": "philippa",
        "analystEmail": "Alexios.Philippides@moodys.com",
        "analystLocation": "Limassol - MIS Cyprus Limited",
        "approverID": null,
        "approverName": " ",
        "officeName": "Moody's Investors Service Cyprus Ltd.",
        "documentExceptionListingInd": "Y",
        "announcementInd": "Y",
        "automaticRating": "Yes",
        "definitiveRatingPrevProvisional": "No",
        "indicativeRatingInd": "N",
        "definitiveRatingInd": null,
        "linkedAnotherActionInd": "No",
        "privateRatingActionInd": "",
        "provisionalRatingInd": "N",
        "secondaryactionind": "No",
        "subsequentRatingInd": "",
        "contactPersonId": null,
        "complianceType": "CAMS",
        "complianceID": "",
        "ratingShellId": null,
        "ratingShellDS": null,
        "workItemStatus": null,
        "workItemType": null,
        "workItemSubType": null,
        "workItemReleaseDtm": null,
        "pressReleaseId": null,
        "securityClassNm": null,
        "shadowCd": null,
        "pressReleaseType": null,
        "pyrRatingType": null,
        "pacrEmail": null,
        "pacr": null,
        "chairEmail": null,
        "chair": null,
        "addendum": null,
        "addendumEmail": null
    },
    {
        "sourceSystem": "ACCURATE",
        "orgId": null,
        "ratingActionDesc": null,
        "ratingActionID": "3443916",
        "ratingActionName": "1_PRO_FIG - CEE Banks_Melina Skouridou, CFA_Moody's announces completion of a periodic review of ratings of Nova Kreditna banka Maribor d.d.",
        "ratingCommitteeDate": null,
        "ratingOffice": "82",
        "ratingReleaseDate": "2020-09-25 17:05:47.29",
        "releaseDate": "2020-09-25 17:05:47.296",
        "lobname": "FIG",
        "sublobname": "Banking",
        "region": "Europe",
        "leadAnalystID": "6160",
        "leadAnalystName": "Melina Skouridou",
        "leadAnalystUniqueId": "skouridm",
        "analystEmail": "Melina.Skouridou@moodys.com",
        "analystLocation": "Limassol - MIS Cyprus Limited",
        "approverID": null,
        "approverName": " ",
        "officeName": "Moody's Investors Service Cyprus Ltd.",
        "documentExceptionListingInd": "Y",
        "announcementInd": "Y",
        "automaticRating": "Yes",
        "definitiveRatingPrevProvisional": "No",
        "indicativeRatingInd": "N",
        "definitiveRatingInd": null,
        "linkedAnotherActionInd": "No",
        "privateRatingActionInd": "",
        "provisionalRatingInd": "N",
        "secondaryactionind": "No",
        "subsequentRatingInd": "",
        "contactPersonId": null,
        "complianceType": "CAMS",
        "complianceID": "",
        "ratingShellId": null,
        "ratingShellDS": null,
        "workItemStatus": null,
        "workItemType": null,
        "workItemSubType": null,
        "workItemReleaseDtm": null,
        "pressReleaseId": null,
        "securityClassNm": null,
        "shadowCd": null,
        "pressReleaseType": null,
        "pyrRatingType": null,
        "pacrEmail": null,
        "pacr": null,
        "chairEmail": null,
        "chair": null,
        "addendum": null,
        "addendumEmail": null
    },
    {
        "sourceSystem": "ACCURATE",
        "orgId": null,
        "ratingActionDesc": null,
        "ratingActionID": "3443918",
        "ratingActionName": "1_PRO_FIG - CEE Banks_Melina Skouridou, CFA_Moody's announces completion of a periodic review of ratings of Nova Ljubljanska banka d.d.",
        "ratingCommitteeDate": null,
        "ratingOffice": "82",
        "ratingReleaseDate": "2020-09-25 17:05:43.486",
        "releaseDate": "2020-09-25 17:05:43.5",
        "lobname": "FIG",
        "sublobname": "Banking",
        "region": "Europe",
        "leadAnalystID": "6160",
        "leadAnalystName": "Melina Skouridou",
        "leadAnalystUniqueId": "skouridm",
        "analystEmail": "Melina.Skouridou@moodys.com",
        "analystLocation": "Limassol - MIS Cyprus Limited",
        "approverID": null,
        "approverName": " ",
        "officeName": "Moody's Investors Service Cyprus Ltd.",
        "documentExceptionListingInd": "Y",
        "announcementInd": "Y",
        "automaticRating": "Yes",
        "definitiveRatingPrevProvisional": "No",
        "indicativeRatingInd": "N",
        "definitiveRatingInd": null,
        "linkedAnotherActionInd": "No",
        "privateRatingActionInd": "",
        "provisionalRatingInd": "N",
        "secondaryactionind": "No",
        "subsequentRatingInd": "",
        "contactPersonId": null,
        "complianceType": "CAMS",
        "complianceID": "",
        "ratingShellId": null,
        "ratingShellDS": null,
        "workItemStatus": null,
        "workItemType": null,
        "workItemSubType": null,
        "workItemReleaseDtm": null,
        "pressReleaseId": null,
        "securityClassNm": null,
        "shadowCd": null,
        "pressReleaseType": null,
        "pyrRatingType": null,
        "pacrEmail": null,
        "pacr": null,
        "chairEmail": null,
        "chair": null,
        "addendum": null,
        "addendumEmail": null
    },
    {
        "sourceSystem": "ACCURATE",
        "orgId": null,
        "ratingActionDesc": null,
        "ratingActionID": "3443934",
        "ratingActionName": "1_PRO_FIG - Nordic & Baltic Banks_Alexios Philippides_Moody's announces completion of a periodic review of ratings of Nykredit Bank A/S",
        "ratingCommitteeDate": null,
        "ratingOffice": "82",
        "ratingReleaseDate": "2020-09-24 10:44:14.54",
        "releaseDate": "2020-09-24 10:44:14.56",
        "lobname": "FIG",
        "sublobname": "Banking",
        "region": "Europe",
        "leadAnalystID": "6213",
        "leadAnalystName": "Alexios Philippides",
        "leadAnalystUniqueId": "philippa",
        "analystEmail": "Alexios.Philippides@moodys.com",
        "analystLocation": "Limassol - MIS Cyprus Limited",
        "approverID": null,
        "approverName": " ",
        "officeName": "Moody's Investors Service Cyprus Ltd.",
        "documentExceptionListingInd": "Y",
        "announcementInd": "Y",
        "automaticRating": "Yes",
        "definitiveRatingPrevProvisional": "No",
        "indicativeRatingInd": "N",
        "definitiveRatingInd": null,
        "linkedAnotherActionInd": "No",
        "privateRatingActionInd": "",
        "provisionalRatingInd": "N",
        "secondaryactionind": "No",
        "subsequentRatingInd": "",
        "contactPersonId": null,
        "complianceType": "CAMS",
        "complianceID": "",
        "ratingShellId": null,
        "ratingShellDS": null,
        "workItemStatus": null,
        "workItemType": null,
        "workItemSubType": null,
        "workItemReleaseDtm": null,
        "pressReleaseId": null,
        "securityClassNm": null,
        "shadowCd": null,
        "pressReleaseType": null,
        "pyrRatingType": null,
        "pacrEmail": null,
        "pacr": null,
        "chairEmail": null,
        "chair": null,
        "addendum": null,
        "addendumEmail": null
    },
    {
        "sourceSystem": "ACCURATE",
        "orgId": null,
        "ratingActionDesc": null,
        "ratingActionID": "3443936",
        "ratingActionName": "1_PRO_FIG - Nordic & Baltic Banks_Alexios Philippides_Moody's announces completion of a periodic review of ratings of OBOS-banken AS",
        "ratingCommitteeDate": null,
        "ratingOffice": "82",
        "ratingReleaseDate": "2020-09-24 10:56:31.803",
        "releaseDate": "2020-09-24 10:56:31.813",
        "lobname": "FIG",
        "sublobname": "Banking",
        "region": "Europe",
        "leadAnalystID": "6213",
        "leadAnalystName": "Alexios Philippides",
        "leadAnalystUniqueId": "philippa",
        "analystEmail": "Alexios.Philippides@moodys.com",
        "analystLocation": "Limassol - MIS Cyprus Limited",
        "approverID": null,
        "approverName": " ",
        "officeName": "Moody's Investors Service Cyprus Ltd.",
        "documentExceptionListingInd": "Y",
        "announcementInd": "Y",
        "automaticRating": "Yes",
        "definitiveRatingPrevProvisional": "No",
        "indicativeRatingInd": "N",
        "definitiveRatingInd": null,
        "linkedAnotherActionInd": "No",
        "privateRatingActionInd": "",
        "provisionalRatingInd": "N",
        "secondaryactionind": "No",
        "subsequentRatingInd": "",
        "contactPersonId": null,
        "complianceType": "CAMS",
        "complianceID": "",
        "ratingShellId": null,
        "ratingShellDS": null,
        "workItemStatus": null,
        "workItemType": null,
        "workItemSubType": null,
        "workItemReleaseDtm": null,
        "pressReleaseId": null,
        "securityClassNm": null,
        "shadowCd": null,
        "pressReleaseType": null,
        "pyrRatingType": null,
        "pacrEmail": null,
        "pacr": null,
        "chairEmail": null,
        "chair": null,
        "addendum": null,
        "addendumEmail": null
    },
    {
        "sourceSystem": "ACCURATE",
        "orgId": null,
        "ratingActionDesc": null,
        "ratingActionID": "3443938",
        "ratingActionName": "1_PRO_FIG - Nordic & Baltic Banks_Alexios Philippides_Moody's announces completion of a periodic review of ratings of Ringkjobing Landbobank A/S",
        "ratingCommitteeDate": null,
        "ratingOffice": "82",
        "ratingReleaseDate": "2020-09-24 10:56:28.353",
        "releaseDate": "2020-09-24 10:56:28.37",
        "lobname": "FIG",
        "sublobname": "Banking",
        "region": "Europe",
        "leadAnalystID": "6213",
        "leadAnalystName": "Alexios Philippides",
        "leadAnalystUniqueId": "philippa",
        "analystEmail": "Alexios.Philippides@moodys.com",
        "analystLocation": "Limassol - MIS Cyprus Limited",
        "approverID": null,
        "approverName": " ",
        "officeName": "Moody's Investors Service Cyprus Ltd.",
        "documentExceptionListingInd": "Y",
        "announcementInd": "Y",
        "automaticRating": "Yes",
        "definitiveRatingPrevProvisional": "No",
        "indicativeRatingInd": "N",
        "definitiveRatingInd": null,
        "linkedAnotherActionInd": "No",
        "privateRatingActionInd": "",
        "provisionalRatingInd": "N",
        "secondaryactionind": "No",
        "subsequentRatingInd": "",
        "contactPersonId": null,
        "complianceType": "CAMS",
        "complianceID": "",
        "ratingShellId": null,
        "ratingShellDS": null,
        "workItemStatus": null,
        "workItemType": null,
        "workItemSubType": null,
        "workItemReleaseDtm": null,
        "pressReleaseId": null,
        "securityClassNm": null,
        "shadowCd": null,
        "pressReleaseType": null,
        "pyrRatingType": null,
        "pacrEmail": null,
        "pacr": null,
        "chairEmail": null,
        "chair": null,
        "addendum": null,
        "addendumEmail": null
    },
    {
        "sourceSystem": "ACCURATE",
        "orgId": null,
        "ratingActionDesc": null,
        "ratingActionID": "3443951",
        "ratingActionName": "1_PRO_FIG - Nordic & Baltic Banks_Alexios Philippides_Moody's announces completion of a periodic review of ratings of Sydbank A/S",
        "ratingCommitteeDate": null,
        "ratingOffice": "82",
        "ratingReleaseDate": "2020-09-24 10:56:21.85",
        "releaseDate": "2020-09-24 10:56:21.856",
        "lobname": "FIG",
        "sublobname": "Banking",
        "region": "Europe",
        "leadAnalystID": "6213",
        "leadAnalystName": "Alexios Philippides",
        "leadAnalystUniqueId": "philippa",
        "analystEmail": "Alexios.Philippides@moodys.com",
        "analystLocation": "Limassol - MIS Cyprus Limited",
        "approverID": null,
        "approverName": " ",
        "officeName": "Moody's Investors Service Cyprus Ltd.",
        "documentExceptionListingInd": "Y",
        "announcementInd": "Y",
        "automaticRating": "Yes",
        "definitiveRatingPrevProvisional": "No",
        "indicativeRatingInd": "N",
        "definitiveRatingInd": null,
        "linkedAnotherActionInd": "No",
        "privateRatingActionInd": "",
        "provisionalRatingInd": "N",
        "secondaryactionind": "No",
        "subsequentRatingInd": "",
        "contactPersonId": null,
        "complianceType": "CAMS",
        "complianceID": "",
        "ratingShellId": null,
        "ratingShellDS": null,
        "workItemStatus": null,
        "workItemType": null,
        "workItemSubType": null,
        "workItemReleaseDtm": null,
        "pressReleaseId": null,
        "securityClassNm": null,
        "shadowCd": null,
        "pressReleaseType": null,
        "pyrRatingType": null,
        "pacrEmail": null,
        "pacr": null,
        "chairEmail": null,
        "chair": null,
        "addendum": null,
        "addendumEmail": null
    },
    {
        "sourceSystem": "ACCURATE",
        "orgId": null,
        "ratingActionDesc": null,
        "ratingActionID": "3444518",
        "ratingActionName": "1_PRO_FIG - Nordic & Baltic Banks_Carlo Gori_Moody's announces completion of a periodic review of ratings of Eksportfinans ASA",
        "ratingCommitteeDate": null,
        "ratingOffice": "52",
        "ratingReleaseDate": "2020-09-23 13:28:48.48",
        "releaseDate": "2020-09-23 13:28:48.486",
        "lobname": "FIG",
        "sublobname": "Banking",
        "region": "Europe",
        "leadAnalystID": "2340",
        "leadAnalystName": "Carlo Gori",
        "leadAnalystUniqueId": "goric",
        "analystEmail": "Carlo.Gori@moodys.com",
        "analystLocation": "London - One Canada Square",
        "approverID": null,
        "approverName": " ",
        "officeName": "Moody's Investors Service Ltd.",
        "documentExceptionListingInd": "Y",
        "announcementInd": "Y",
        "automaticRating": "Yes",
        "definitiveRatingPrevProvisional": "No",
        "indicativeRatingInd": "N",
        "definitiveRatingInd": null,
        "linkedAnotherActionInd": "No",
        "privateRatingActionInd": "",
        "provisionalRatingInd": "N",
        "secondaryactionind": "No",
        "subsequentRatingInd": "",
        "contactPersonId": null,
        "complianceType": "CAMS",
        "complianceID": "",
        "ratingShellId": null,
        "ratingShellDS": null,
        "workItemStatus": null,
        "workItemType": null,
        "workItemSubType": null,
        "workItemReleaseDtm": null,
        "pressReleaseId": null,
        "securityClassNm": null,
        "shadowCd": null,
        "pressReleaseType": null,
        "pyrRatingType": null,
        "pacrEmail": null,
        "pacr": null,
        "chairEmail": null,
        "chair": null,
        "addendum": null,
        "addendumEmail": null
    },
    {
        "sourceSystem": "ACCURATE",
        "orgId": null,
        "ratingActionDesc": null,
        "ratingActionID": "3444522",
        "ratingActionName": "1_PRO_FIG - Nordic & Baltic Banks_Effie Tsotsani_Moody's announces completion of a periodic review of ratings of Sbanken ASA",
        "ratingCommitteeDate": null,
        "ratingOffice": "52",
        "ratingReleaseDate": "2020-09-24 13:09:19.903",
        "releaseDate": "2020-09-24 13:09:19.91",
        "lobname": "FIG",
        "sublobname": "Banking",
        "region": "Europe",
        "leadAnalystID": "7384",
        "leadAnalystName": "Efthymia Tsotsani",
        "leadAnalystUniqueId": "tsotsane",
        "analystEmail": "Effie.Tsotsani@moodys.com",
        "analystLocation": "London - One Canada Square",
        "approverID": null,
        "approverName": " ",
        "officeName": "Moody's Investors Service Ltd.",
        "documentExceptionListingInd": "Y",
        "announcementInd": "Y",
        "automaticRating": "Yes",
        "definitiveRatingPrevProvisional": "No",
        "indicativeRatingInd": "N",
        "definitiveRatingInd": null,
        "linkedAnotherActionInd": "No",
        "privateRatingActionInd": "",
        "provisionalRatingInd": "N",
        "secondaryactionind": "No",
        "subsequentRatingInd": "",
        "contactPersonId": null,
        "complianceType": "CAMS",
        "complianceID": "",
        "ratingShellId": null,
        "ratingShellDS": null,
        "workItemStatus": null,
        "workItemType": null,
        "workItemSubType": null,
        "workItemReleaseDtm": null,
        "pressReleaseId": null,
        "securityClassNm": null,
        "shadowCd": null,
        "pressReleaseType": null,
        "pyrRatingType": null,
        "pacrEmail": null,
        "pacr": null,
        "chairEmail": null,
        "chair": null,
        "addendum": null,
        "addendumEmail": null
    },
    {
        "sourceSystem": "ACCURATE",
        "orgId": null,
        "ratingActionDesc": null,
        "ratingActionID": "3444524",
        "ratingActionName": "1_PRO_FIG - Nordic & Baltic Banks_Louise Lundberg_Moody's announces completion of a periodic review of ratings of Danske Bank A/S",
        "ratingCommitteeDate": null,
        "ratingOffice": "128",
        "ratingReleaseDate": "2020-09-23 09:10:30.303",
        "releaseDate": "2020-09-23 09:10:30.37",
        "lobname": "FIG",
        "sublobname": "Banking",
        "region": "Europe",
        "leadAnalystID": "7817",
        "leadAnalystName": "Louise Lundberg",
        "leadAnalystUniqueId": "lundberl",
        "analystEmail": "Louise.Lundberg@moodys.com",
        "analystLocation": "Stockholm- Norrlandsgatan 20",
        "approverID": null,
        "approverName": " ",
        "officeName": "Moody's Investors Service (Nordics) AB",
        "documentExceptionListingInd": "Y",
        "announcementInd": "Y",
        "automaticRating": "Yes",
        "definitiveRatingPrevProvisional": "No",
        "indicativeRatingInd": "N",
        "definitiveRatingInd": null,
        "linkedAnotherActionInd": "No",
        "privateRatingActionInd": "",
        "provisionalRatingInd": "N",
        "secondaryactionind": "No",
        "subsequentRatingInd": "",
        "contactPersonId": null,
        "complianceType": "CAMS",
        "complianceID": "",
        "ratingShellId": null,
        "ratingShellDS": null,
        "workItemStatus": null,
        "workItemType": null,
        "workItemSubType": null,
        "workItemReleaseDtm": null,
        "pressReleaseId": null,
        "securityClassNm": null,
        "shadowCd": null,
        "pressReleaseType": null,
        "pyrRatingType": null,
        "pacrEmail": null,
        "pacr": null,
        "chairEmail": null,
        "chair": null,
        "addendum": null,
        "addendumEmail": null
    },
    {
        "sourceSystem": "ACCURATE",
        "orgId": null,
        "ratingActionDesc": null,
        "ratingActionID": "3444528",
        "ratingActionName": "1_PRO_FIG - Nordic & Baltic Banks_Louise Lundberg_Moody's announces completion of a periodic review of ratings of Hoist Finance AB (publ)",
        "ratingCommitteeDate": null,
        "ratingOffice": "128",
        "ratingReleaseDate": "2020-09-23 10:19:23.323",
        "releaseDate": "2020-09-23 10:19:23.33",
        "lobname": "FIG",
        "sublobname": "Banking",
        "region": "Europe",
        "leadAnalystID": "7817",
        "leadAnalystName": "Louise Lundberg",
        "leadAnalystUniqueId": "lundberl",
        "analystEmail": "Louise.Lundberg@moodys.com",
        "analystLocation": "Stockholm- Norrlandsgatan 20",
        "approverID": null,
        "approverName": " ",
        "officeName": "Moody's Investors Service (Nordics) AB",
        "documentExceptionListingInd": "Y",
        "announcementInd": "Y",
        "automaticRating": "Yes",
        "definitiveRatingPrevProvisional": "No",
        "indicativeRatingInd": "N",
        "definitiveRatingInd": null,
        "linkedAnotherActionInd": "No",
        "privateRatingActionInd": "",
        "provisionalRatingInd": "N",
        "secondaryactionind": "No",
        "subsequentRatingInd": "",
        "contactPersonId": null,
        "complianceType": "CAMS",
        "complianceID": "",
        "ratingShellId": null,
        "ratingShellDS": null,
        "workItemStatus": null,
        "workItemType": null,
        "workItemSubType": null,
        "workItemReleaseDtm": null,
        "pressReleaseId": null,
        "securityClassNm": null,
        "shadowCd": null,
        "pressReleaseType": null,
        "pyrRatingType": null,
        "pacrEmail": null,
        "pacr": null,
        "chairEmail": null,
        "chair": null,
        "addendum": null,
        "addendumEmail": null
    },
    {
        "sourceSystem": "ACCURATE",
        "orgId": null,
        "ratingActionDesc": null,
        "ratingActionID": "3444534",
        "ratingActionName": "1_PRO_FIG - Nordic & Baltic Banks_Louise Lundberg_Moody's announces completion of a periodic review of ratings of Nordea Bank",
        "ratingCommitteeDate": null,
        "ratingOffice": "128",
        "ratingReleaseDate": "2020-09-23 13:28:45.263",
        "releaseDate": "2020-09-23 13:28:45.28",
        "lobname": "FIG",
        "sublobname": "Banking",
        "region": "Europe",
        "leadAnalystID": "7817",
        "leadAnalystName": "Louise Lundberg",
        "leadAnalystUniqueId": "lundberl",
        "analystEmail": "Louise.Lundberg@moodys.com",
        "analystLocation": "Stockholm- Norrlandsgatan 20",
        "approverID": null,
        "approverName": " ",
        "officeName": "Moody's Investors Service (Nordics) AB",
        "documentExceptionListingInd": "Y",
        "announcementInd": "Y",
        "automaticRating": "Yes",
        "definitiveRatingPrevProvisional": "No",
        "indicativeRatingInd": "N",
        "definitiveRatingInd": null,
        "linkedAnotherActionInd": "No",
        "privateRatingActionInd": "",
        "provisionalRatingInd": "N",
        "secondaryactionind": "No",
        "subsequentRatingInd": "",
        "contactPersonId": null,
        "complianceType": "CAMS",
        "complianceID": "",
        "ratingShellId": null,
        "ratingShellDS": null,
        "workItemStatus": null,
        "workItemType": null,
        "workItemSubType": null,
        "workItemReleaseDtm": null,
        "pressReleaseId": null,
        "securityClassNm": null,
        "shadowCd": null,
        "pressReleaseType": null,
        "pyrRatingType": null,
        "pacrEmail": null,
        "pacr": null,
        "chairEmail": null,
        "chair": null,
        "addendum": null,
        "addendumEmail": null
    },
    {
        "sourceSystem": "ACCURATE",
        "orgId": null,
        "ratingActionDesc": null,
        "ratingActionID": "3444541",
        "ratingActionName": "1_PRO_FIG - Nordic & Baltic Banks_Louise Lundberg_Moody's announces completion of a periodic review of ratings of SEB AB",
        "ratingCommitteeDate": null,
        "ratingOffice": "128",
        "ratingReleaseDate": "2020-09-23 09:10:26.56",
        "releaseDate": "2020-09-23 09:10:26.566",
        "lobname": "FIG",
        "sublobname": "Banking",
        "region": "Europe",
        "leadAnalystID": "7817",
        "leadAnalystName": "Louise Lundberg",
        "leadAnalystUniqueId": "lundberl",
        "analystEmail": "Louise.Lundberg@moodys.com",
        "analystLocation": "Stockholm- Norrlandsgatan 20",
        "approverID": null,
        "approverName": " ",
        "officeName": "Moody's Investors Service (Nordics) AB",
        "documentExceptionListingInd": "Y",
        "announcementInd": "Y",
        "automaticRating": "Yes",
        "definitiveRatingPrevProvisional": "No",
        "indicativeRatingInd": "N",
        "definitiveRatingInd": null,
        "linkedAnotherActionInd": "No",
        "privateRatingActionInd": "",
        "provisionalRatingInd": "N",
        "secondaryactionind": "No",
        "subsequentRatingInd": "",
        "contactPersonId": null,
        "complianceType": "CAMS",
        "complianceID": "",
        "ratingShellId": null,
        "ratingShellDS": null,
        "workItemStatus": null,
        "workItemType": null,
        "workItemSubType": null,
        "workItemReleaseDtm": null,
        "pressReleaseId": null,
        "securityClassNm": null,
        "shadowCd": null,
        "pressReleaseType": null,
        "pyrRatingType": null,
        "pacrEmail": null,
        "pacr": null,
        "chairEmail": null,
        "chair": null,
        "addendum": null,
        "addendumEmail": null
    },
    {
        "sourceSystem": "ACCURATE",
        "orgId": null,
        "ratingActionDesc": null,
        "ratingActionID": "3444543",
        "ratingActionName": "1_PRO_FIG - Nordic & Baltic Banks_Louise Lundberg_Moody's announces completion of a periodic review of ratings of Siauliu Bankas, AB",
        "ratingCommitteeDate": null,
        "ratingOffice": "128",
        "ratingReleaseDate": "2020-09-23 09:10:23.083",
        "releaseDate": "2020-09-23 09:10:23.09",
        "lobname": "FIG",
        "sublobname": "Banking",
        "region": "Europe",
        "leadAnalystID": "7817",
        "leadAnalystName": "Louise Lundberg",
        "leadAnalystUniqueId": "lundberl",
        "analystEmail": "Louise.Lundberg@moodys.com",
        "analystLocation": "Stockholm- Norrlandsgatan 20",
        "approverID": null,
        "approverName": " ",
        "officeName": "Moody's Investors Service (Nordics) AB",
        "documentExceptionListingInd": "Y",
        "announcementInd": "Y",
        "automaticRating": "Yes",
        "definitiveRatingPrevProvisional": "No",
        "indicativeRatingInd": "N",
        "definitiveRatingInd": null,
        "linkedAnotherActionInd": "No",
        "privateRatingActionInd": "",
        "provisionalRatingInd": "N",
        "secondaryactionind": "No",
        "subsequentRatingInd": "",
        "contactPersonId": null,
        "complianceType": "CAMS",
        "complianceID": "",
        "ratingShellId": null,
        "ratingShellDS": null,
        "workItemStatus": null,
        "workItemType": null,
        "workItemSubType": null,
        "workItemReleaseDtm": null,
        "pressReleaseId": null,
        "securityClassNm": null,
        "shadowCd": null,
        "pressReleaseType": null,
        "pyrRatingType": null,
        "pacrEmail": null,
        "pacr": null,
        "chairEmail": null,
        "chair": null,
        "addendum": null,
        "addendumEmail": null
    },
    {
        "sourceSystem": "ACCURATE",
        "orgId": null,
        "ratingActionDesc": null,
        "ratingActionID": "3444547",
        "ratingActionName": "1_PRO_FIG - Nordic & Baltic Banks_Louise Lundberg_Moody's announces completion of a periodic review of ratings of Spar Nord Bank A/S",
        "ratingCommitteeDate": null,
        "ratingOffice": "128",
        "ratingReleaseDate": "2020-09-23 09:10:19.986",
        "releaseDate": "2020-09-23 09:10:19.996",
        "lobname": "FIG",
        "sublobname": "Banking",
        "region": "Europe",
        "leadAnalystID": "7817",
        "leadAnalystName": "Louise Lundberg",
        "leadAnalystUniqueId": "lundberl",
        "analystEmail": "Louise.Lundberg@moodys.com",
        "analystLocation": "Stockholm- Norrlandsgatan 20",
        "approverID": null,
        "approverName": " ",
        "officeName": "Moody's Investors Service (Nordics) AB",
        "documentExceptionListingInd": "Y",
        "announcementInd": "Y",
        "automaticRating": "Yes",
        "definitiveRatingPrevProvisional": "No",
        "indicativeRatingInd": "N",
        "definitiveRatingInd": null,
        "linkedAnotherActionInd": "No",
        "privateRatingActionInd": "",
        "provisionalRatingInd": "N",
        "secondaryactionind": "No",
        "subsequentRatingInd": "",
        "contactPersonId": null,
        "complianceType": "CAMS",
        "complianceID": "",
        "ratingShellId": null,
        "ratingShellDS": null,
        "workItemStatus": null,
        "workItemType": null,
        "workItemSubType": null,
        "workItemReleaseDtm": null,
        "pressReleaseId": null,
        "securityClassNm": null,
        "shadowCd": null,
        "pressReleaseType": null,
        "pyrRatingType": null,
        "pacrEmail": null,
        "pacr": null,
        "chairEmail": null,
        "chair": null,
        "addendum": null,
        "addendumEmail": null
    },
    {
        "sourceSystem": "ACCURATE",
        "orgId": null,
        "ratingActionDesc": null,
        "ratingActionID": "3444549",
        "ratingActionName": "1_PRO_FIG - Nordic & Baltic Banks_Louise Lundberg_Moody's announces completion of a periodic review of ratings of Svenska Handelsbanken AB",
        "ratingCommitteeDate": null,
        "ratingOffice": "128",
        "ratingReleaseDate": "2020-09-23 09:10:15.863",
        "releaseDate": "2020-09-23 09:10:15.893",
        "lobname": "FIG",
        "sublobname": "Banking",
        "region": "Europe",
        "leadAnalystID": "7817",
        "leadAnalystName": "Louise Lundberg",
        "leadAnalystUniqueId": "lundberl",
        "analystEmail": "Louise.Lundberg@moodys.com",
        "analystLocation": "Stockholm- Norrlandsgatan 20",
        "approverID": null,
        "approverName": " ",
        "officeName": "Moody's Investors Service (Nordics) AB",
        "documentExceptionListingInd": "Y",
        "announcementInd": "Y",
        "automaticRating": "Yes",
        "definitiveRatingPrevProvisional": "No",
        "indicativeRatingInd": "N",
        "definitiveRatingInd": null,
        "linkedAnotherActionInd": "No",
        "privateRatingActionInd": "",
        "provisionalRatingInd": "N",
        "secondaryactionind": "No",
        "subsequentRatingInd": "",
        "contactPersonId": null,
        "complianceType": "CAMS",
        "complianceID": "",
        "ratingShellId": null,
        "ratingShellDS": null,
        "workItemStatus": null,
        "workItemType": null,
        "workItemSubType": null,
        "workItemReleaseDtm": null,
        "pressReleaseId": null,
        "securityClassNm": null,
        "shadowCd": null,
        "pressReleaseType": null,
        "pyrRatingType": null,
        "pacrEmail": null,
        "pacr": null,
        "chairEmail": null,
        "chair": null,
        "addendum": null,
        "addendumEmail": null
    },
    {
        "sourceSystem": "ACCURATE",
        "orgId": null,
        "ratingActionDesc": null,
        "ratingActionID": "3444553",
        "ratingActionName": "1_PRO_FIG - Nordic & Baltic Banks_Louise Lundberg_Moody's announces completion of a periodic review of ratings of Swedbank AB",
        "ratingCommitteeDate": null,
        "ratingOffice": "128",
        "ratingReleaseDate": "2020-09-23 09:10:12.133",
        "releaseDate": "2020-09-23 09:10:12.15",
        "lobname": "FIG",
        "sublobname": "Banking",
        "region": "Europe",
        "leadAnalystID": "7817",
        "leadAnalystName": "Louise Lundberg",
        "leadAnalystUniqueId": "lundberl",
        "analystEmail": "Louise.Lundberg@moodys.com",
        "analystLocation": "Stockholm- Norrlandsgatan 20",
        "approverID": null,
        "approverName": " ",
        "officeName": "Moody's Investors Service (Nordics) AB",
        "documentExceptionListingInd": "Y",
        "announcementInd": "Y",
        "automaticRating": "Yes",
        "definitiveRatingPrevProvisional": "No",
        "indicativeRatingInd": "N",
        "definitiveRatingInd": null,
        "linkedAnotherActionInd": "No",
        "privateRatingActionInd": "",
        "provisionalRatingInd": "N",
        "secondaryactionind": "No",
        "subsequentRatingInd": "",
        "contactPersonId": null,
        "complianceType": "CAMS",
        "complianceID": "",
        "ratingShellId": null,
        "ratingShellDS": null,
        "workItemStatus": null,
        "workItemType": null,
        "workItemSubType": null,
        "workItemReleaseDtm": null,
        "pressReleaseId": null,
        "securityClassNm": null,
        "shadowCd": null,
        "pressReleaseType": null,
        "pyrRatingType": null,
        "pacrEmail": null,
        "pacr": null,
        "chairEmail": null,
        "chair": null,
        "addendum": null,
        "addendumEmail": null
    },
    {
        "sourceSystem": "ACCURATE",
        "orgId": null,
        "ratingActionDesc": null,
        "ratingActionID": "3444571",
        "ratingActionName": "1_PRO_FIG - Nordic & Baltic Banks_Niclas Boheman_Moody's announces completion of a periodic review of ratings of Aktia Bank p.l.c.",
        "ratingCommitteeDate": null,
        "ratingOffice": "128",
        "ratingReleaseDate": "2020-09-23 13:03:07.826",
        "releaseDate": "2020-09-23 13:03:07.86",
        "lobname": "FIG",
        "sublobname": "Banking",
        "region": "Europe",
        "leadAnalystID": "7742",
        "leadAnalystName": "Erik Niclas Boheman",
        "leadAnalystUniqueId": "bohemane",
        "analystEmail": "Niclas.Boheman@moodys.com",
        "analystLocation": "Stockholm- Norrlandsgatan 20",
        "approverID": null,
        "approverName": " ",
        "officeName": "Moody's Investors Service (Nordics) AB",
        "documentExceptionListingInd": "Y",
        "announcementInd": "Y",
        "automaticRating": "Yes",
        "definitiveRatingPrevProvisional": "No",
        "indicativeRatingInd": "N",
        "definitiveRatingInd": null,
        "linkedAnotherActionInd": "No",
        "privateRatingActionInd": "",
        "provisionalRatingInd": "N",
        "secondaryactionind": "No",
        "subsequentRatingInd": "",
        "contactPersonId": null,
        "complianceType": "CAMS",
        "complianceID": "",
        "ratingShellId": null,
        "ratingShellDS": null,
        "workItemStatus": null,
        "workItemType": null,
        "workItemSubType": null,
        "workItemReleaseDtm": null,
        "pressReleaseId": null,
        "securityClassNm": null,
        "shadowCd": null,
        "pressReleaseType": null,
        "pyrRatingType": null,
        "pacrEmail": null,
        "pacr": null,
        "chairEmail": null,
        "chair": null,
        "addendum": null,
        "addendumEmail": null
    },
    {
        "sourceSystem": "ACCURATE",
        "orgId": null,
        "ratingActionDesc": null,
        "ratingActionID": "3444573",
        "ratingActionName": "1_PRO_FIG - Nordic & Baltic Banks_Niclas Boheman_Moody's announces completion of a periodic review of ratings of AS LHV Pank",
        "ratingCommitteeDate": null,
        "ratingOffice": "128",
        "ratingReleaseDate": "2020-09-23 13:28:38.29",
        "releaseDate": "2020-09-23 13:28:38.313",
        "lobname": "FIG",
        "sublobname": "Banking",
        "region": "Europe",
        "leadAnalystID": "7742",
        "leadAnalystName": "Erik Niclas Boheman",
        "leadAnalystUniqueId": "bohemane",
        "analystEmail": "Niclas.Boheman@moodys.com",
        "analystLocation": "Stockholm- Norrlandsgatan 20",
        "approverID": null,
        "approverName": " ",
        "officeName": "Moody's Investors Service (Nordics) AB",
        "documentExceptionListingInd": "Y",
        "announcementInd": "Y",
        "automaticRating": "Yes",
        "definitiveRatingPrevProvisional": "No",
        "indicativeRatingInd": "N",
        "definitiveRatingInd": null,
        "linkedAnotherActionInd": "No",
        "privateRatingActionInd": "",
        "provisionalRatingInd": "N",
        "secondaryactionind": "No",
        "subsequentRatingInd": "",
        "contactPersonId": null,
        "complianceType": "CAMS",
        "complianceID": "",
        "ratingShellId": null,
        "ratingShellDS": null,
        "workItemStatus": null,
        "workItemType": null,
        "workItemSubType": null,
        "workItemReleaseDtm": null,
        "pressReleaseId": null,
        "securityClassNm": null,
        "shadowCd": null,
        "pressReleaseType": null,
        "pyrRatingType": null,
        "pacrEmail": null,
        "pacr": null,
        "chairEmail": null,
        "chair": null,
        "addendum": null,
        "addendumEmail": null
    },
    {
        "sourceSystem": "ACCURATE",
        "orgId": null,
        "ratingActionDesc": null,
        "ratingActionID": "3444577",
        "ratingActionName": "1_PRO_FIG - Nordic & Baltic Banks_Niclas Boheman_Moody's announces completion of a periodic review of ratings of BlueStep Bank AB (publ)",
        "ratingCommitteeDate": null,
        "ratingOffice": "128",
        "ratingReleaseDate": "2020-09-23 13:03:11.316",
        "releaseDate": "2020-09-23 13:03:11.323",
        "lobname": "FIG",
        "sublobname": "Banking",
        "region": "Europe",
        "leadAnalystID": "7742",
        "leadAnalystName": "Erik Niclas Boheman",
        "leadAnalystUniqueId": "bohemane",
        "analystEmail": "Niclas.Boheman@moodys.com",
        "analystLocation": "Stockholm- Norrlandsgatan 20",
        "approverID": null,
        "approverName": " ",
        "officeName": "Moody's Investors Service (Nordics) AB",
        "documentExceptionListingInd": "Y",
        "announcementInd": "Y",
        "automaticRating": "Yes",
        "definitiveRatingPrevProvisional": "No",
        "indicativeRatingInd": "N",
        "definitiveRatingInd": null,
        "linkedAnotherActionInd": "No",
        "privateRatingActionInd": "",
        "provisionalRatingInd": "N",
        "secondaryactionind": "No",
        "subsequentRatingInd": "",
        "contactPersonId": null,
        "complianceType": "CAMS",
        "complianceID": "",
        "ratingShellId": null,
        "ratingShellDS": null,
        "workItemStatus": null,
        "workItemType": null,
        "workItemSubType": null,
        "workItemReleaseDtm": null,
        "pressReleaseId": null,
        "securityClassNm": null,
        "shadowCd": null,
        "pressReleaseType": null,
        "pyrRatingType": null,
        "pacrEmail": null,
        "pacr": null,
        "chairEmail": null,
        "chair": null,
        "addendum": null,
        "addendumEmail": null
    },
    {
        "sourceSystem": "ACCURATE",
        "orgId": null,
        "ratingActionDesc": null,
        "ratingActionID": "3444579",
        "ratingActionName": "1_PRO_FIG - Nordic & Baltic Banks_Niclas Boheman_Moody's announces completion of a periodic review of ratings of DNB Bank ASA",
        "ratingCommitteeDate": null,
        "ratingOffice": "128",
        "ratingReleaseDate": "2020-09-23 15:34:26.163",
        "releaseDate": "2020-09-23 15:34:26.176",
        "lobname": "FIG",
        "sublobname": "Banking",
        "region": "Europe",
        "leadAnalystID": "7742",
        "leadAnalystName": "Erik Niclas Boheman",
        "leadAnalystUniqueId": "bohemane",
        "analystEmail": "Niclas.Boheman@moodys.com",
        "analystLocation": "Stockholm- Norrlandsgatan 20",
        "approverID": null,
        "approverName": " ",
        "officeName": "Moody's Investors Service (Nordics) AB",
        "documentExceptionListingInd": "Y",
        "announcementInd": "Y",
        "automaticRating": "Yes",
        "definitiveRatingPrevProvisional": "No",
        "indicativeRatingInd": "N",
        "definitiveRatingInd": null,
        "linkedAnotherActionInd": "No",
        "privateRatingActionInd": "",
        "provisionalRatingInd": "N",
        "secondaryactionind": "No",
        "subsequentRatingInd": "",
        "contactPersonId": null,
        "complianceType": "CAMS",
        "complianceID": "",
        "ratingShellId": null,
        "ratingShellDS": null,
        "workItemStatus": null,
        "workItemType": null,
        "workItemSubType": null,
        "workItemReleaseDtm": null,
        "pressReleaseId": null,
        "securityClassNm": null,
        "shadowCd": null,
        "pressReleaseType": null,
        "pyrRatingType": null,
        "pacrEmail": null,
        "pacr": null,
        "chairEmail": null,
        "chair": null,
        "addendum": null,
        "addendumEmail": null
    },
    {
        "sourceSystem": "ACCURATE",
        "orgId": null,
        "ratingActionDesc": null,
        "ratingActionID": "3444585",
        "ratingActionName": "1_PRO_FIG - Nordic & Baltic Banks_Niclas Boheman_Moody's announces completion of a periodic review of ratings of Lansforsakringar Bank AB (publ)",
        "ratingCommitteeDate": null,
        "ratingOffice": "128",
        "ratingReleaseDate": "2020-09-23 13:03:15.46",
        "releaseDate": "2020-09-23 13:03:15.466",
        "lobname": "FIG",
        "sublobname": "Banking",
        "region": "Europe",
        "leadAnalystID": "7742",
        "leadAnalystName": "Erik Niclas Boheman",
        "leadAnalystUniqueId": "bohemane",
        "analystEmail": "Niclas.Boheman@moodys.com",
        "analystLocation": "Stockholm- Norrlandsgatan 20",
        "approverID": null,
        "approverName": " ",
        "officeName": "Moody's Investors Service (Nordics) AB",
        "documentExceptionListingInd": "Y",
        "announcementInd": "Y",
        "automaticRating": "Yes",
        "definitiveRatingPrevProvisional": "No",
        "indicativeRatingInd": "N",
        "definitiveRatingInd": null,
        "linkedAnotherActionInd": "No",
        "privateRatingActionInd": "",
        "provisionalRatingInd": "N",
        "secondaryactionind": "No",
        "subsequentRatingInd": "",
        "contactPersonId": null,
        "complianceType": "CAMS",
        "complianceID": "",
        "ratingShellId": null,
        "ratingShellDS": null,
        "workItemStatus": null,
        "workItemType": null,
        "workItemSubType": null,
        "workItemReleaseDtm": null,
        "pressReleaseId": null,
        "securityClassNm": null,
        "shadowCd": null,
        "pressReleaseType": null,
        "pyrRatingType": null,
        "pacrEmail": null,
        "pacr": null,
        "chairEmail": null,
        "chair": null,
        "addendum": null,
        "addendumEmail": null
    },
    {
        "sourceSystem": "ACCURATE",
        "orgId": null,
        "ratingActionDesc": null,
        "ratingActionID": "3444590",
        "ratingActionName": "1_PRO_FIG - Nordic & Baltic Banks_Niclas Boheman_Moody's announces completion of a periodic review of ratings of Luminor Bank AS",
        "ratingCommitteeDate": null,
        "ratingOffice": "128",
        "ratingReleaseDate": "2020-09-23 13:28:35.063",
        "releaseDate": "2020-09-23 13:28:35.07",
        "lobname": "FIG",
        "sublobname": "Banking",
        "region": "Europe",
        "leadAnalystID": "7742",
        "leadAnalystName": "Erik Niclas Boheman",
        "leadAnalystUniqueId": "bohemane",
        "analystEmail": "Niclas.Boheman@moodys.com",
        "analystLocation": "Stockholm- Norrlandsgatan 20",
        "approverID": null,
        "approverName": " ",
        "officeName": "Moody's Investors Service (Nordics) AB",
        "documentExceptionListingInd": "Y",
        "announcementInd": "Y",
        "automaticRating": "Yes",
        "definitiveRatingPrevProvisional": "No",
        "indicativeRatingInd": "N",
        "definitiveRatingInd": null,
        "linkedAnotherActionInd": "No",
        "privateRatingActionInd": "",
        "provisionalRatingInd": "N",
        "secondaryactionind": "No",
        "subsequentRatingInd": "",
        "contactPersonId": null,
        "complianceType": "CAMS",
        "complianceID": "",
        "ratingShellId": null,
        "ratingShellDS": null,
        "workItemStatus": null,
        "workItemType": null,
        "workItemSubType": null,
        "workItemReleaseDtm": null,
        "pressReleaseId": null,
        "securityClassNm": null,
        "shadowCd": null,
        "pressReleaseType": null,
        "pyrRatingType": null,
        "pacrEmail": null,
        "pacr": null,
        "chairEmail": null,
        "chair": null,
        "addendum": null,
        "addendumEmail": null
    },
    {
        "sourceSystem": "ACCURATE",
        "orgId": null,
        "ratingActionDesc": null,
        "ratingActionID": "3444598",
        "ratingActionName": "1_PRO_FIG - Nordic & Baltic Banks_Niclas Boheman_Moody's announces completion of a periodic review of ratings of OP Corporate Bank plc",
        "ratingCommitteeDate": null,
        "ratingOffice": "128",
        "ratingReleaseDate": "2020-09-23 13:03:19.983",
        "releaseDate": "2020-09-23 13:03:19.99",
        "lobname": "FIG",
        "sublobname": "Banking",
        "region": "Europe",
        "leadAnalystID": "7742",
        "leadAnalystName": "Erik Niclas Boheman",
        "leadAnalystUniqueId": "bohemane",
        "analystEmail": "Niclas.Boheman@moodys.com",
        "analystLocation": "Stockholm- Norrlandsgatan 20",
        "approverID": null,
        "approverName": " ",
        "officeName": "Moody's Investors Service (Nordics) AB",
        "documentExceptionListingInd": "Y",
        "announcementInd": "Y",
        "automaticRating": "Yes",
        "definitiveRatingPrevProvisional": "No",
        "indicativeRatingInd": "N",
        "definitiveRatingInd": null,
        "linkedAnotherActionInd": "No",
        "privateRatingActionInd": "",
        "provisionalRatingInd": "N",
        "secondaryactionind": "No",
        "subsequentRatingInd": "",
        "contactPersonId": null,
        "complianceType": "CAMS",
        "complianceID": "",
        "ratingShellId": null,
        "ratingShellDS": null,
        "workItemStatus": null,
        "workItemType": null,
        "workItemSubType": null,
        "workItemReleaseDtm": null,
        "pressReleaseId": null,
        "securityClassNm": null,
        "shadowCd": null,
        "pressReleaseType": null,
        "pyrRatingType": null,
        "pacrEmail": null,
        "pacr": null,
        "chairEmail": null,
        "chair": null,
        "addendum": null,
        "addendumEmail": null
    },
    {
        "sourceSystem": "ACCURATE",
        "orgId": null,
        "ratingActionDesc": null,
        "ratingActionID": "3444608",
        "ratingActionName": "1_PRO_FIG - Nordic & Baltic Banks_Niclas Boheman_Moody's announces completion of a periodic review of ratings of SBAB Bank AB (publ)",
        "ratingCommitteeDate": null,
        "ratingOffice": "128",
        "ratingReleaseDate": "2020-09-23 13:03:23.456",
        "releaseDate": "2020-09-23 13:03:23.463",
        "lobname": "FIG",
        "sublobname": "Banking",
        "region": "Europe",
        "leadAnalystID": "7742",
        "leadAnalystName": "Erik Niclas Boheman",
        "leadAnalystUniqueId": "bohemane",
        "analystEmail": "Niclas.Boheman@moodys.com",
        "analystLocation": "Stockholm- Norrlandsgatan 20",
        "approverID": null,
        "approverName": " ",
        "officeName": "Moody's Investors Service (Nordics) AB",
        "documentExceptionListingInd": "Y",
        "announcementInd": "Y",
        "automaticRating": "Yes",
        "definitiveRatingPrevProvisional": "No",
        "indicativeRatingInd": "N",
        "definitiveRatingInd": null,
        "linkedAnotherActionInd": "No",
        "privateRatingActionInd": "",
        "provisionalRatingInd": "N",
        "secondaryactionind": "No",
        "subsequentRatingInd": "",
        "contactPersonId": null,
        "complianceType": "CAMS",
        "complianceID": "",
        "ratingShellId": null,
        "ratingShellDS": null,
        "workItemStatus": null,
        "workItemType": null,
        "workItemSubType": null,
        "workItemReleaseDtm": null,
        "pressReleaseId": null,
        "securityClassNm": null,
        "shadowCd": null,
        "pressReleaseType": null,
        "pyrRatingType": null,
        "pacrEmail": null,
        "pacr": null,
        "chairEmail": null,
        "chair": null,
        "addendum": null,
        "addendumEmail": null
    },
    {
        "sourceSystem": "ACCURATE",
        "orgId": null,
        "ratingActionDesc": "[non-NRSRO] Ritz Series 46",
        "ratingActionID": "3444794",
        "ratingActionName": "[non-NRSRO] Ritz Series 46",
        "ratingCommitteeDate": "2020-09-14 00:00:00.0",
        "ratingOffice": "118",
        "ratingReleaseDate": "2020-09-24 22:05:40.0",
        "releaseDate": "2020-09-24 22:06:07.086",
        "lobname": "SFG",
        "sublobname": "Regional New Ratings",
        "region": "Asia Pacific",
        "leadAnalystID": "1953",
        "leadAnalystName": "Shinichiro Kan",
        "leadAnalystUniqueId": "kans",
        "analystEmail": "Shinichiro.Kan@moodys.com",
        "analystLocation": "Tokyo - Atago Green Hills Mori Tower 20fl",
        "approverID": null,
        "approverName": " ",
        "officeName": "Moody's SF Japan K.K.",
        "documentExceptionListingInd": "",
        "announcementInd": "",
        "automaticRating": "No",
        "definitiveRatingPrevProvisional": "No",
        "indicativeRatingInd": "N",
        "definitiveRatingInd": null,
        "linkedAnotherActionInd": "No",
        "privateRatingActionInd": "N",
        "provisionalRatingInd": "N",
        "secondaryactionind": "No",
        "subsequentRatingInd": "N",
        "contactPersonId": null,
        "complianceType": "CAMS",
        "complianceID": "103984",
        "ratingShellId": null,
        "ratingShellDS": null,
        "workItemStatus": null,
        "workItemType": null,
        "workItemSubType": null,
        "workItemReleaseDtm": null,
        "pressReleaseId": null,
        "securityClassNm": null,
        "shadowCd": null,
        "pressReleaseType": null,
        "pyrRatingType": null,
        "pacrEmail": null,
        "pacr": null,
        "chairEmail": null,
        "chair": null,
        "addendum": "Fiona Feng ",
        "addendumEmail": "FengQ1@moodys.com"
    },
    {
        "sourceSystem": "ACCURATE",
        "orgId": null,
        "ratingActionDesc": null,
        "ratingActionID": "3445302",
        "ratingActionName": "1_PRO_FIG - Nordic & Baltic Banks_Niclas Boheman_Moody's announces completion of a periodic review of ratings of Sparbanken Syd",
        "ratingCommitteeDate": null,
        "ratingOffice": "128",
        "ratingReleaseDate": "2020-09-23 13:09:56.156",
        "releaseDate": "2020-09-23 13:09:56.163",
        "lobname": "FIG",
        "sublobname": "Banking",
        "region": "Europe",
        "leadAnalystID": "7742",
        "leadAnalystName": "Erik Niclas Boheman",
        "leadAnalystUniqueId": "bohemane",
        "analystEmail": "Niclas.Boheman@moodys.com",
        "analystLocation": "Stockholm- Norrlandsgatan 20",
        "approverID": null,
        "approverName": " ",
        "officeName": "Moody's Investors Service (Nordics) AB",
        "documentExceptionListingInd": "Y",
        "announcementInd": "Y",
        "automaticRating": "Yes",
        "definitiveRatingPrevProvisional": "No",
        "indicativeRatingInd": "N",
        "definitiveRatingInd": null,
        "linkedAnotherActionInd": "No",
        "privateRatingActionInd": "",
        "provisionalRatingInd": "N",
        "secondaryactionind": "No",
        "subsequentRatingInd": "",
        "contactPersonId": null,
        "complianceType": "CAMS",
        "complianceID": "",
        "ratingShellId": null,
        "ratingShellDS": null,
        "workItemStatus": null,
        "workItemType": null,
        "workItemSubType": null,
        "workItemReleaseDtm": null,
        "pressReleaseId": null,
        "securityClassNm": null,
        "shadowCd": null,
        "pressReleaseType": null,
        "pyrRatingType": null,
        "pacrEmail": null,
        "pacr": null,
        "chairEmail": null,
        "chair": null,
        "addendum": null,
        "addendumEmail": null
    },
    {
        "sourceSystem": "ACCURATE",
        "orgId": null,
        "ratingActionDesc": null,
        "ratingActionID": "3445307",
        "ratingActionName": "1_PRO_FIG - Nordic & Baltic Banks_Niclas Boheman_Moody's announces completion of a periodic review of ratings of Swedish Export Credit Corporation",
        "ratingCommitteeDate": null,
        "ratingOffice": "128",
        "ratingReleaseDate": "2020-09-23 13:09:50.04",
        "releaseDate": "2020-09-23 13:09:50.046",
        "lobname": "FIG",
        "sublobname": "Banking",
        "region": "Europe",
        "leadAnalystID": "7742",
        "leadAnalystName": "Erik Niclas Boheman",
        "leadAnalystUniqueId": "bohemane",
        "analystEmail": "Niclas.Boheman@moodys.com",
        "analystLocation": "Stockholm- Norrlandsgatan 20",
        "approverID": null,
        "approverName": " ",
        "officeName": "Moody's Investors Service (Nordics) AB",
        "documentExceptionListingInd": "Y",
        "announcementInd": "Y",
        "automaticRating": "Yes",
        "definitiveRatingPrevProvisional": "No",
        "indicativeRatingInd": "N",
        "definitiveRatingInd": null,
        "linkedAnotherActionInd": "No",
        "privateRatingActionInd": "",
        "provisionalRatingInd": "N",
        "secondaryactionind": "No",
        "subsequentRatingInd": "",
        "contactPersonId": null,
        "complianceType": "CAMS",
        "complianceID": "",
        "ratingShellId": null,
        "ratingShellDS": null,
        "workItemStatus": null,
        "workItemType": null,
        "workItemSubType": null,
        "workItemReleaseDtm": null,
        "pressReleaseId": null,
        "securityClassNm": null,
        "shadowCd": null,
        "pressReleaseType": null,
        "pyrRatingType": null,
        "pacrEmail": null,
        "pacr": null,
        "chairEmail": null,
        "chair": null,
        "addendum": null,
        "addendumEmail": null
    },
    {
        "sourceSystem": "ACCURATE",
        "orgId": null,
        "ratingActionDesc": null,
        "ratingActionID": "3445309",
        "ratingActionName": "1_PRO_FIG - Nordic & Baltic Banks_Niclas Boheman_Moody's announces completion of a periodic review of ratings of Volvofinans Bank AB",
        "ratingCommitteeDate": null,
        "ratingOffice": "128",
        "ratingReleaseDate": "2020-09-23 13:09:45.99",
        "releaseDate": "2020-09-23 13:09:46.0",
        "lobname": "FIG",
        "sublobname": "Banking",
        "region": "Europe",
        "leadAnalystID": "7742",
        "leadAnalystName": "Erik Niclas Boheman",
        "leadAnalystUniqueId": "bohemane",
        "analystEmail": "Niclas.Boheman@moodys.com",
        "analystLocation": "Stockholm- Norrlandsgatan 20",
        "approverID": null,
        "approverName": " ",
        "officeName": "Moody's Investors Service (Nordics) AB",
        "documentExceptionListingInd": "Y",
        "announcementInd": "Y",
        "automaticRating": "Yes",
        "definitiveRatingPrevProvisional": "No",
        "indicativeRatingInd": "N",
        "definitiveRatingInd": null,
        "linkedAnotherActionInd": "No",
        "privateRatingActionInd": "",
        "provisionalRatingInd": "N",
        "secondaryactionind": "No",
        "subsequentRatingInd": "",
        "contactPersonId": null,
        "complianceType": "CAMS",
        "complianceID": "",
        "ratingShellId": null,
        "ratingShellDS": null,
        "workItemStatus": null,
        "workItemType": null,
        "workItemSubType": null,
        "workItemReleaseDtm": null,
        "pressReleaseId": null,
        "securityClassNm": null,
        "shadowCd": null,
        "pressReleaseType": null,
        "pyrRatingType": null,
        "pacrEmail": null,
        "pacr": null,
        "chairEmail": null,
        "chair": null,
        "addendum": null,
        "addendumEmail": null
    },
    {
        "sourceSystem": "ACCURATE",
        "orgId": null,
        "ratingActionDesc": null,
        "ratingActionID": "3445315",
        "ratingActionName": "1_PRO_FIG - Nordic & Baltic Banks_Nondas Nicolaides_Moody's announces completion of a periodic review of ratings of Fana Sparebank",
        "ratingCommitteeDate": null,
        "ratingOffice": "82",
        "ratingReleaseDate": "2020-09-24 11:06:58.563",
        "releaseDate": "2020-09-24 11:06:58.57",
        "lobname": "FIG",
        "sublobname": "Banking",
        "region": "Europe",
        "leadAnalystID": "1383",
        "leadAnalystName": "Nondas Nicolaides",
        "leadAnalystUniqueId": "nicolain",
        "analystEmail": "Nondas.Nicolaides@moodys.com",
        "analystLocation": "Limassol - MIS Cyprus Limited",
        "approverID": null,
        "approverName": " ",
        "officeName": "Moody's Investors Service Cyprus Ltd.",
        "documentExceptionListingInd": "Y",
        "announcementInd": "Y",
        "automaticRating": "Yes",
        "definitiveRatingPrevProvisional": "No",
        "indicativeRatingInd": "N",
        "definitiveRatingInd": null,
        "linkedAnotherActionInd": "No",
        "privateRatingActionInd": "",
        "provisionalRatingInd": "N",
        "secondaryactionind": "No",
        "subsequentRatingInd": "",
        "contactPersonId": null,
        "complianceType": "CAMS",
        "complianceID": "",
        "ratingShellId": null,
        "ratingShellDS": null,
        "workItemStatus": null,
        "workItemType": null,
        "workItemSubType": null,
        "workItemReleaseDtm": null,
        "pressReleaseId": null,
        "securityClassNm": null,
        "shadowCd": null,
        "pressReleaseType": null,
        "pyrRatingType": null,
        "pacrEmail": null,
        "pacr": null,
        "chairEmail": null,
        "chair": null,
        "addendum": null,
        "addendumEmail": null
    },
    {
        "sourceSystem": "ACCURATE",
        "orgId": null,
        "ratingActionDesc": null,
        "ratingActionID": "3445319",
        "ratingActionName": "1_PRO_FIG - Nordic & Baltic Banks_Nondas Nicolaides_Moody's announces completion of a periodic review of ratings of SpareBank 1 Boligkreditt AS",
        "ratingCommitteeDate": null,
        "ratingOffice": "82",
        "ratingReleaseDate": "2020-09-24 11:06:54.35",
        "releaseDate": "2020-09-24 11:06:54.356",
        "lobname": "FIG",
        "sublobname": "Banking",
        "region": "Europe",
        "leadAnalystID": "1383",
        "leadAnalystName": "Nondas Nicolaides",
        "leadAnalystUniqueId": "nicolain",
        "analystEmail": "Nondas.Nicolaides@moodys.com",
        "analystLocation": "Limassol - MIS Cyprus Limited",
        "approverID": null,
        "approverName": " ",
        "officeName": "Moody's Investors Service Cyprus Ltd.",
        "documentExceptionListingInd": "Y",
        "announcementInd": "Y",
        "automaticRating": "Yes",
        "definitiveRatingPrevProvisional": "No",
        "indicativeRatingInd": "N",
        "definitiveRatingInd": null,
        "linkedAnotherActionInd": "No",
        "privateRatingActionInd": "",
        "provisionalRatingInd": "N",
        "secondaryactionind": "No",
        "subsequentRatingInd": "",
        "contactPersonId": null,
        "complianceType": "CAMS",
        "complianceID": "",
        "ratingShellId": null,
        "ratingShellDS": null,
        "workItemStatus": null,
        "workItemType": null,
        "workItemSubType": null,
        "workItemReleaseDtm": null,
        "pressReleaseId": null,
        "securityClassNm": null,
        "shadowCd": null,
        "pressReleaseType": null,
        "pyrRatingType": null,
        "pacrEmail": null,
        "pacr": null,
        "chairEmail": null,
        "chair": null,
        "addendum": null,
        "addendumEmail": null
    },
    {
        "sourceSystem": "ACCURATE",
        "orgId": null,
        "ratingActionDesc": null,
        "ratingActionID": "3445331",
        "ratingActionName": "1_PRO_FIG - Nordic & Baltic Banks_Nondas Nicolaides_Moody's announces completion of a periodic review of ratings of SpareBank 1 Nord-Norge",
        "ratingCommitteeDate": null,
        "ratingOffice": "82",
        "ratingReleaseDate": "2020-09-24 19:06:03.836",
        "releaseDate": "2020-09-24 19:06:03.843",
        "lobname": "FIG",
        "sublobname": "Banking",
        "region": "Europe",
        "leadAnalystID": "1383",
        "leadAnalystName": "Nondas Nicolaides",
        "leadAnalystUniqueId": "nicolain",
        "analystEmail": "Nondas.Nicolaides@moodys.com",
        "analystLocation": "Limassol - MIS Cyprus Limited",
        "approverID": null,
        "approverName": " ",
        "officeName": "Moody's Investors Service Cyprus Ltd.",
        "documentExceptionListingInd": "Y",
        "announcementInd": "Y",
        "automaticRating": "Yes",
        "definitiveRatingPrevProvisional": "No",
        "indicativeRatingInd": "N",
        "definitiveRatingInd": null,
        "linkedAnotherActionInd": "No",
        "privateRatingActionInd": "",
        "provisionalRatingInd": "N",
        "secondaryactionind": "No",
        "subsequentRatingInd": "",
        "contactPersonId": null,
        "complianceType": "CAMS",
        "complianceID": "",
        "ratingShellId": null,
        "ratingShellDS": null,
        "workItemStatus": null,
        "workItemType": null,
        "workItemSubType": null,
        "workItemReleaseDtm": null,
        "pressReleaseId": null,
        "securityClassNm": null,
        "shadowCd": null,
        "pressReleaseType": null,
        "pyrRatingType": null,
        "pacrEmail": null,
        "pacr": null,
        "chairEmail": null,
        "chair": null,
        "addendum": null,
        "addendumEmail": null
    },
    {
        "sourceSystem": "ACCURATE",
        "orgId": null,
        "ratingActionDesc": null,
        "ratingActionID": "3445333",
        "ratingActionName": "1_PRO_FIG - Nordic & Baltic Banks_Nondas Nicolaides_Moody's announces completion of a periodic review of ratings of SpareBank 1 Ostlandet",
        "ratingCommitteeDate": null,
        "ratingOffice": "82",
        "ratingReleaseDate": "2020-09-24 11:06:50.936",
        "releaseDate": "2020-09-24 11:06:50.943",
        "lobname": "FIG",
        "sublobname": "Banking",
        "region": "Europe",
        "leadAnalystID": "1383",
        "leadAnalystName": "Nondas Nicolaides",
        "leadAnalystUniqueId": "nicolain",
        "analystEmail": "Nondas.Nicolaides@moodys.com",
        "analystLocation": "Limassol - MIS Cyprus Limited",
        "approverID": null,
        "approverName": " ",
        "officeName": "Moody's Investors Service Cyprus Ltd.",
        "documentExceptionListingInd": "Y",
        "announcementInd": "Y",
        "automaticRating": "Yes",
        "definitiveRatingPrevProvisional": "No",
        "indicativeRatingInd": "N",
        "definitiveRatingInd": null,
        "linkedAnotherActionInd": "No",
        "privateRatingActionInd": "",
        "provisionalRatingInd": "N",
        "secondaryactionind": "No",
        "subsequentRatingInd": "",
        "contactPersonId": null,
        "complianceType": "CAMS",
        "complianceID": "",
        "ratingShellId": null,
        "ratingShellDS": null,
        "workItemStatus": null,
        "workItemType": null,
        "workItemSubType": null,
        "workItemReleaseDtm": null,
        "pressReleaseId": null,
        "securityClassNm": null,
        "shadowCd": null,
        "pressReleaseType": null,
        "pyrRatingType": null,
        "pacrEmail": null,
        "pacr": null,
        "chairEmail": null,
        "chair": null,
        "addendum": null,
        "addendumEmail": null
    },
    {
        "sourceSystem": "ACCURATE",
        "orgId": null,
        "ratingActionDesc": null,
        "ratingActionID": "3445337",
        "ratingActionName": "1_PRO_FIG - Nordic & Baltic Banks_Nondas Nicolaides_Moody's announces completion of a periodic review of ratings of SpareBank 1 SMN",
        "ratingCommitteeDate": null,
        "ratingOffice": "82",
        "ratingReleaseDate": "2020-09-24 11:06:47.28",
        "releaseDate": "2020-09-24 11:06:47.29",
        "lobname": "FIG",
        "sublobname": "Banking",
        "region": "Europe",
        "leadAnalystID": "1383",
        "leadAnalystName": "Nondas Nicolaides",
        "leadAnalystUniqueId": "nicolain",
        "analystEmail": "Nondas.Nicolaides@moodys.com",
        "analystLocation": "Limassol - MIS Cyprus Limited",
        "approverID": null,
        "approverName": " ",
        "officeName": "Moody's Investors Service Cyprus Ltd.",
        "documentExceptionListingInd": "Y",
        "announcementInd": "Y",
        "automaticRating": "Yes",
        "definitiveRatingPrevProvisional": "No",
        "indicativeRatingInd": "N",
        "definitiveRatingInd": null,
        "linkedAnotherActionInd": "No",
        "privateRatingActionInd": "",
        "provisionalRatingInd": "N",
        "secondaryactionind": "No",
        "subsequentRatingInd": "",
        "contactPersonId": null,
        "complianceType": "CAMS",
        "complianceID": "",
        "ratingShellId": null,
        "ratingShellDS": null,
        "workItemStatus": null,
        "workItemType": null,
        "workItemSubType": null,
        "workItemReleaseDtm": null,
        "pressReleaseId": null,
        "securityClassNm": null,
        "shadowCd": null,
        "pressReleaseType": null,
        "pyrRatingType": null,
        "pacrEmail": null,
        "pacr": null,
        "chairEmail": null,
        "chair": null,
        "addendum": null,
        "addendumEmail": null
    },
    {
        "sourceSystem": "ACCURATE",
        "orgId": null,
        "ratingActionDesc": null,
        "ratingActionID": "3445341",
        "ratingActionName": "1_PRO_FIG - Nordic & Baltic Banks_Nondas Nicolaides_Moody's announces completion of a periodic review of ratings of SpareBank 1 SR-Bank ASA",
        "ratingCommitteeDate": null,
        "ratingOffice": "82",
        "ratingReleaseDate": "2020-09-24 11:06:42.95",
        "releaseDate": "2020-09-24 11:06:42.976",
        "lobname": "FIG",
        "sublobname": "Banking",
        "region": "Europe",
        "leadAnalystID": "1383",
        "leadAnalystName": "Nondas Nicolaides",
        "leadAnalystUniqueId": "nicolain",
        "analystEmail": "Nondas.Nicolaides@moodys.com",
        "analystLocation": "Limassol - MIS Cyprus Limited",
        "approverID": null,
        "approverName": " ",
        "officeName": "Moody's Investors Service Cyprus Ltd.",
        "documentExceptionListingInd": "Y",
        "announcementInd": "Y",
        "automaticRating": "Yes",
        "definitiveRatingPrevProvisional": "No",
        "indicativeRatingInd": "N",
        "definitiveRatingInd": null,
        "linkedAnotherActionInd": "No",
        "privateRatingActionInd": "",
        "provisionalRatingInd": "N",
        "secondaryactionind": "No",
        "subsequentRatingInd": "",
        "contactPersonId": null,
        "complianceType": "CAMS",
        "complianceID": "",
        "ratingShellId": null,
        "ratingShellDS": null,
        "workItemStatus": null,
        "workItemType": null,
        "workItemSubType": null,
        "workItemReleaseDtm": null,
        "pressReleaseId": null,
        "securityClassNm": null,
        "shadowCd": null,
        "pressReleaseType": null,
        "pyrRatingType": null,
        "pacrEmail": null,
        "pacr": null,
        "chairEmail": null,
        "chair": null,
        "addendum": null,
        "addendumEmail": null
    },
    {
        "sourceSystem": "ACCURATE",
        "orgId": null,
        "ratingActionDesc": null,
        "ratingActionID": "3445343",
        "ratingActionName": "1_PRO_FIG - Nordic & Baltic Banks_Nondas Nicolaides_Moody's announces completion of a periodic review of ratings of Sparebanken More",
        "ratingCommitteeDate": null,
        "ratingOffice": "82",
        "ratingReleaseDate": "2020-09-24 11:15:29.353",
        "releaseDate": "2020-09-24 11:15:29.363",
        "lobname": "FIG",
        "sublobname": "Banking",
        "region": "Europe",
        "leadAnalystID": "1383",
        "leadAnalystName": "Nondas Nicolaides",
        "leadAnalystUniqueId": "nicolain",
        "analystEmail": "Nondas.Nicolaides@moodys.com",
        "analystLocation": "Limassol - MIS Cyprus Limited",
        "approverID": null,
        "approverName": " ",
        "officeName": "Moody's Investors Service Cyprus Ltd.",
        "documentExceptionListingInd": "Y",
        "announcementInd": "Y",
        "automaticRating": "Yes",
        "definitiveRatingPrevProvisional": "No",
        "indicativeRatingInd": "N",
        "definitiveRatingInd": null,
        "linkedAnotherActionInd": "No",
        "privateRatingActionInd": "",
        "provisionalRatingInd": "N",
        "secondaryactionind": "No",
        "subsequentRatingInd": "",
        "contactPersonId": null,
        "complianceType": "CAMS",
        "complianceID": "",
        "ratingShellId": null,
        "ratingShellDS": null,
        "workItemStatus": null,
        "workItemType": null,
        "workItemSubType": null,
        "workItemReleaseDtm": null,
        "pressReleaseId": null,
        "securityClassNm": null,
        "shadowCd": null,
        "pressReleaseType": null,
        "pyrRatingType": null,
        "pacrEmail": null,
        "pacr": null,
        "chairEmail": null,
        "chair": null,
        "addendum": null,
        "addendumEmail": null
    },
    {
        "sourceSystem": "ACCURATE",
        "orgId": null,
        "ratingActionDesc": null,
        "ratingActionID": "3445347",
        "ratingActionName": "1_PRO_FIG - Nordic & Baltic Banks_Nondas Nicolaides_Moody's announces completion of a periodic review of ratings of Sparebanken Oest",
        "ratingCommitteeDate": null,
        "ratingOffice": "82",
        "ratingReleaseDate": "2020-09-24 11:57:06.84",
        "releaseDate": "2020-09-24 11:57:06.846",
        "lobname": "FIG",
        "sublobname": "Banking",
        "region": "Europe",
        "leadAnalystID": "1383",
        "leadAnalystName": "Nondas Nicolaides",
        "leadAnalystUniqueId": "nicolain",
        "analystEmail": "Nondas.Nicolaides@moodys.com",
        "analystLocation": "Limassol - MIS Cyprus Limited",
        "approverID": null,
        "approverName": " ",
        "officeName": "Moody's Investors Service Cyprus Ltd.",
        "documentExceptionListingInd": "Y",
        "announcementInd": "Y",
        "automaticRating": "Yes",
        "definitiveRatingPrevProvisional": "No",
        "indicativeRatingInd": "N",
        "definitiveRatingInd": null,
        "linkedAnotherActionInd": "No",
        "privateRatingActionInd": "",
        "provisionalRatingInd": "N",
        "secondaryactionind": "No",
        "subsequentRatingInd": "",
        "contactPersonId": null,
        "complianceType": "CAMS",
        "complianceID": "",
        "ratingShellId": null,
        "ratingShellDS": null,
        "workItemStatus": null,
        "workItemType": null,
        "workItemSubType": null,
        "workItemReleaseDtm": null,
        "pressReleaseId": null,
        "securityClassNm": null,
        "shadowCd": null,
        "pressReleaseType": null,
        "pyrRatingType": null,
        "pacrEmail": null,
        "pacr": null,
        "chairEmail": null,
        "chair": null,
        "addendum": null,
        "addendumEmail": null
    },
    {
        "sourceSystem": "ACCURATE",
        "orgId": null,
        "ratingActionDesc": null,
        "ratingActionID": "3445349",
        "ratingActionName": "1_PRO_FIG - Nordic & Baltic Banks_Nondas Nicolaides_Moody's announces completion of a periodic review of ratings of Sparebanken Sogn og Fjordane",
        "ratingCommitteeDate": null,
        "ratingOffice": "82",
        "ratingReleaseDate": "2020-09-24 11:15:25.55",
        "releaseDate": "2020-09-24 11:15:25.556",
        "lobname": "FIG",
        "sublobname": "Banking",
        "region": "Europe",
        "leadAnalystID": "1383",
        "leadAnalystName": "Nondas Nicolaides",
        "leadAnalystUniqueId": "nicolain",
        "analystEmail": "Nondas.Nicolaides@moodys.com",
        "analystLocation": "Limassol - MIS Cyprus Limited",
        "approverID": null,
        "approverName": " ",
        "officeName": "Moody's Investors Service Cyprus Ltd.",
        "documentExceptionListingInd": "Y",
        "announcementInd": "Y",
        "automaticRating": "Yes",
        "definitiveRatingPrevProvisional": "No",
        "indicativeRatingInd": "N",
        "definitiveRatingInd": null,
        "linkedAnotherActionInd": "No",
        "privateRatingActionInd": "",
        "provisionalRatingInd": "N",
        "secondaryactionind": "No",
        "subsequentRatingInd": "",
        "contactPersonId": null,
        "complianceType": "CAMS",
        "complianceID": "",
        "ratingShellId": null,
        "ratingShellDS": null,
        "workItemStatus": null,
        "workItemType": null,
        "workItemSubType": null,
        "workItemReleaseDtm": null,
        "pressReleaseId": null,
        "securityClassNm": null,
        "shadowCd": null,
        "pressReleaseType": null,
        "pyrRatingType": null,
        "pacrEmail": null,
        "pacr": null,
        "chairEmail": null,
        "chair": null,
        "addendum": null,
        "addendumEmail": null
    },
    {
        "sourceSystem": "ACCURATE",
        "orgId": null,
        "ratingActionDesc": null,
        "ratingActionID": "3445352",
        "ratingActionName": "1_PRO_FIG - Nordic & Baltic Banks_Nondas Nicolaides_Moody's announces completion of a periodic review of ratings of Sparebanken Sor",
        "ratingCommitteeDate": null,
        "ratingOffice": "82",
        "ratingReleaseDate": "2020-09-24 11:15:20.53",
        "releaseDate": "2020-09-24 11:15:20.536",
        "lobname": "FIG",
        "sublobname": "Banking",
        "region": "Europe",
        "leadAnalystID": "1383",
        "leadAnalystName": "Nondas Nicolaides",
        "leadAnalystUniqueId": "nicolain",
        "analystEmail": "Nondas.Nicolaides@moodys.com",
        "analystLocation": "Limassol - MIS Cyprus Limited",
        "approverID": null,
        "approverName": " ",
        "officeName": "Moody's Investors Service Cyprus Ltd.",
        "documentExceptionListingInd": "Y",
        "announcementInd": "Y",
        "automaticRating": "Yes",
        "definitiveRatingPrevProvisional": "No",
        "indicativeRatingInd": "N",
        "definitiveRatingInd": null,
        "linkedAnotherActionInd": "No",
        "privateRatingActionInd": "",
        "provisionalRatingInd": "N",
        "secondaryactionind": "No",
        "subsequentRatingInd": "",
        "contactPersonId": null,
        "complianceType": "CAMS",
        "complianceID": "",
        "ratingShellId": null,
        "ratingShellDS": null,
        "workItemStatus": null,
        "workItemType": null,
        "workItemSubType": null,
        "workItemReleaseDtm": null,
        "pressReleaseId": null,
        "securityClassNm": null,
        "shadowCd": null,
        "pressReleaseType": null,
        "pyrRatingType": null,
        "pacrEmail": null,
        "pacr": null,
        "chairEmail": null,
        "chair": null,
        "addendum": null,
        "addendumEmail": null
    },
    {
        "sourceSystem": "ACCURATE",
        "orgId": null,
        "ratingActionDesc": null,
        "ratingActionID": "3445354",
        "ratingActionName": "1_PRO_FIG - Nordic & Baltic Banks_Nondas Nicolaides_Moody's announces completion of a periodic review of ratings of Sparebanken Vest",
        "ratingCommitteeDate": null,
        "ratingOffice": "82",
        "ratingReleaseDate": "2020-09-24 11:15:16.553",
        "releaseDate": "2020-09-24 11:15:16.56",
        "lobname": "FIG",
        "sublobname": "Banking",
        "region": "Europe",
        "leadAnalystID": "1383",
        "leadAnalystName": "Nondas Nicolaides",
        "leadAnalystUniqueId": "nicolain",
        "analystEmail": "Nondas.Nicolaides@moodys.com",
        "analystLocation": "Limassol - MIS Cyprus Limited",
        "approverID": null,
        "approverName": " ",
        "officeName": "Moody's Investors Service Cyprus Ltd.",
        "documentExceptionListingInd": "Y",
        "announcementInd": "Y",
        "automaticRating": "Yes",
        "definitiveRatingPrevProvisional": "No",
        "indicativeRatingInd": "N",
        "definitiveRatingInd": null,
        "linkedAnotherActionInd": "No",
        "privateRatingActionInd": "",
        "provisionalRatingInd": "N",
        "secondaryactionind": "No",
        "subsequentRatingInd": "",
        "contactPersonId": null,
        "complianceType": "CAMS",
        "complianceID": "",
        "ratingShellId": null,
        "ratingShellDS": null,
        "workItemStatus": null,
        "workItemType": null,
        "workItemSubType": null,
        "workItemReleaseDtm": null,
        "pressReleaseId": null,
        "securityClassNm": null,
        "shadowCd": null,
        "pressReleaseType": null,
        "pyrRatingType": null,
        "pacrEmail": null,
        "pacr": null,
        "chairEmail": null,
        "chair": null,
        "addendum": null,
        "addendumEmail": null
    },
    {
        "sourceSystem": "ACCURATE",
        "orgId": null,
        "ratingActionDesc": null,
        "ratingActionID": "3445368",
        "ratingActionName": "1_PRO_FIG - Nordic & Baltic Banks_Niclas Boheman_Moody's announces completion of a periodic review of ratings of AS Coop Pank",
        "ratingCommitteeDate": null,
        "ratingOffice": "128",
        "ratingReleaseDate": "2020-09-23 13:28:41.786",
        "releaseDate": "2020-09-23 13:28:41.79",
        "lobname": "FIG",
        "sublobname": "Banking",
        "region": "Europe",
        "leadAnalystID": "7742",
        "leadAnalystName": "Erik Niclas Boheman",
        "leadAnalystUniqueId": "bohemane",
        "analystEmail": "Niclas.Boheman@moodys.com",
        "analystLocation": "Stockholm- Norrlandsgatan 20",
        "approverID": null,
        "approverName": " ",
        "officeName": "Moody's Investors Service (Nordics) AB",
        "documentExceptionListingInd": "Y",
        "announcementInd": "Y",
        "automaticRating": "Yes",
        "definitiveRatingPrevProvisional": "No",
        "indicativeRatingInd": "N",
        "definitiveRatingInd": null,
        "linkedAnotherActionInd": "No",
        "privateRatingActionInd": "",
        "provisionalRatingInd": "N",
        "secondaryactionind": "No",
        "subsequentRatingInd": "",
        "contactPersonId": null,
        "complianceType": "CAMS",
        "complianceID": "",
        "ratingShellId": null,
        "ratingShellDS": null,
        "workItemStatus": null,
        "workItemType": null,
        "workItemSubType": null,
        "workItemReleaseDtm": null,
        "pressReleaseId": null,
        "securityClassNm": null,
        "shadowCd": null,
        "pressReleaseType": null,
        "pyrRatingType": null,
        "pacrEmail": null,
        "pacr": null,
        "chairEmail": null,
        "chair": null,
        "addendum": null,
        "addendumEmail": null
    },
    {
        "sourceSystem": "ACCURATE",
        "orgId": null,
        "ratingActionDesc": "MaxLinear, Inc.",
        "ratingActionID": "3445566",
        "ratingActionName": "MaxLinear, Inc.",
        "ratingCommitteeDate": null,
        "ratingOffice": "51",
        "ratingReleaseDate": "2020-09-23 14:15:41.0",
        "releaseDate": "2020-09-23 14:15:47.893",
        "lobname": "CFG",
        "sublobname": "CFG_NY-4",
        "region": "U.S.A. & Canada",
        "leadAnalystID": "6797",
        "leadAnalystName": "John Dennehy",
        "leadAnalystUniqueId": "dennehyj",
        "analystEmail": "John.Dennehy@moodys.com",
        "analystLocation": "New York - 7 World Trade Center",
        "approverID": null,
        "approverName": " ",
        "officeName": "Moody's Investors Service, Inc.",
        "documentExceptionListingInd": "Y",
        "announcementInd": "",
        "automaticRating": "Yes",
        "definitiveRatingPrevProvisional": "No",
        "indicativeRatingInd": "N",
        "definitiveRatingInd": null,
        "linkedAnotherActionInd": "No",
        "privateRatingActionInd": "N",
        "provisionalRatingInd": "N",
        "secondaryactionind": "No",
        "subsequentRatingInd": "Y",
        "contactPersonId": null,
        "complianceType": "CAMS",
        "complianceID": "",
        "ratingShellId": null,
        "ratingShellDS": null,
        "workItemStatus": null,
        "workItemType": null,
        "workItemSubType": null,
        "workItemReleaseDtm": null,
        "pressReleaseId": null,
        "securityClassNm": null,
        "shadowCd": null,
        "pressReleaseType": null,
        "pyrRatingType": null,
        "pacrEmail": null,
        "pacr": null,
        "chairEmail": null,
        "chair": null,
        "addendum": null,
        "addendumEmail": null
    },
    {
        "sourceSystem": "ACCURATE",
        "orgId": null,
        "ratingActionDesc": "Equinix, Inc.",
        "ratingActionID": "3445581",
        "ratingActionName": "Equinix, Inc.",
        "ratingCommitteeDate": null,
        "ratingOffice": "51",
        "ratingReleaseDate": "2020-09-23 11:49:20.0",
        "releaseDate": "2020-09-23 11:49:25.753",
        "lobname": "CFG",
        "sublobname": "CFG_NY-4",
        "region": "U.S.A. & Canada",
        "leadAnalystID": "7783",
        "leadAnalystName": "Cornelius Mack",
        "leadAnalystUniqueId": "mackn",
        "analystEmail": "Neil.Mack@moodys.com",
        "analystLocation": "New York - 7 World Trade Center",
        "approverID": null,
        "approverName": " ",
        "officeName": "Moody's Investors Service, Inc.",
        "documentExceptionListingInd": "Y",
        "announcementInd": "",
        "automaticRating": "Yes",
        "definitiveRatingPrevProvisional": "No",
        "indicativeRatingInd": "N",
        "definitiveRatingInd": null,
        "linkedAnotherActionInd": "No",
        "privateRatingActionInd": "N",
        "provisionalRatingInd": "N",
        "secondaryactionind": "No",
        "subsequentRatingInd": "Y",
        "contactPersonId": null,
        "complianceType": "CAMS",
        "complianceID": "",
        "ratingShellId": null,
        "ratingShellDS": null,
        "workItemStatus": null,
        "workItemType": null,
        "workItemSubType": null,
        "workItemReleaseDtm": null,
        "pressReleaseId": null,
        "securityClassNm": null,
        "shadowCd": null,
        "pressReleaseType": null,
        "pyrRatingType": null,
        "pacrEmail": null,
        "pacr": null,
        "chairEmail": null,
        "chair": null,
        "addendum": null,
        "addendumEmail": null
    },
    {
        "sourceSystem": "ACCURATE",
        "orgId": null,
        "ratingActionDesc": " Arkansas Development Finance Authority, Multifamily Housing Revenue Bonds (Briarwood Apartments Project), Series 2020, $10MM",
        "ratingActionID": "3445603",
        "ratingActionName": " Arkansas Development Finance Authority, Multifamily Housing Revenue Bonds (Briarwood Apartments Project), Series 2020, $10MM",
        "ratingCommitteeDate": "2020-09-23 00:00:00.0",
        "ratingOffice": "51",
        "ratingReleaseDate": "2020-09-23 16:59:21.033",
        "releaseDate": "2020-09-23 16:59:21.04",
        "lobname": "PPIF",
        "sublobname": "Housing",
        "region": "U.S.A. & Canada",
        "leadAnalystID": "6305",
        "leadAnalystName": "Thomas Song",
        "leadAnalystUniqueId": "songt",
        "analystEmail": "Thomas.Song@moodys.com",
        "analystLocation": "New York - 7 World Trade Center",
        "approverID": null,
        "approverName": " ",
        "officeName": "Moody's Investors Service, Inc.",
        "documentExceptionListingInd": "",
        "announcementInd": "",
        "automaticRating": "No",
        "definitiveRatingPrevProvisional": "No",
        "indicativeRatingInd": "N",
        "definitiveRatingInd": null,
        "linkedAnotherActionInd": "No",
        "privateRatingActionInd": "N",
        "provisionalRatingInd": "N",
        "secondaryactionind": "No",
        "subsequentRatingInd": "N",
        "contactPersonId": null,
        "complianceType": "CAMS",
        "complianceID": "104245",
        "ratingShellId": null,
        "ratingShellDS": null,
        "workItemStatus": null,
        "workItemType": null,
        "workItemSubType": null,
        "workItemReleaseDtm": null,
        "pressReleaseId": null,
        "securityClassNm": null,
        "shadowCd": null,
        "pressReleaseType": null,
        "pyrRatingType": null,
        "pacrEmail": "David.Parsons@moodys.com",
        "pacr": "David Parsons",
        "chairEmail": "David.Parsons@moodys.com",
        "chair": "David Parsons",
        "addendum": "Thomas Song ",
        "addendumEmail": "SongT@moodys.com"
    },
    {
        "sourceSystem": "ACCURATE",
        "orgId": null,
        "ratingActionDesc": "North American Development Bank",
        "ratingActionID": "3445682",
        "ratingActionName": "North American Development Bank",
        "ratingCommitteeDate": "2020-09-21 00:00:00.0",
        "ratingOffice": "51",
        "ratingReleaseDate": "2020-09-24 17:29:46.0",
        "releaseDate": "2020-09-24 17:29:52.513",
        "lobname": "SOV",
        "sublobname": "Sovereign",
        "region": "U.S.A. & Canada",
        "leadAnalystID": "7229",
        "leadAnalystName": "Ariane Ortiz-Bollin",
        "leadAnalystUniqueId": "bollina",
        "analystEmail": "Ariane.Ortiz-Bollin@moodys.com",
        "analystLocation": "New York - 7 World Trade Center",
        "approverID": "29012211",
        "approverName": "Ariane Ortiz-Bollin",
        "officeName": "Moody's Investors Service, Inc.",
        "documentExceptionListingInd": "",
        "announcementInd": "",
        "automaticRating": "No",
        "definitiveRatingPrevProvisional": "No",
        "indicativeRatingInd": "N",
        "definitiveRatingInd": null,
        "linkedAnotherActionInd": "No",
        "privateRatingActionInd": "N",
        "provisionalRatingInd": "N",
        "secondaryactionind": "No",
        "subsequentRatingInd": "N",
        "contactPersonId": null,
        "complianceType": "CAMS",
        "complianceID": "104028",
        "ratingShellId": null,
        "ratingShellDS": null,
        "workItemStatus": null,
        "workItemType": null,
        "workItemSubType": null,
        "workItemReleaseDtm": null,
        "pressReleaseId": null,
        "securityClassNm": null,
        "shadowCd": null,
        "pressReleaseType": null,
        "pyrRatingType": null,
        "pacrEmail": "Yves.Lemay@moodys.com",
        "pacr": "Yves Lemay",
        "chairEmail": "Kathrin.Muehlbronner@moodys.com",
        "chair": "Kathrin Muehlbronner",
        "addendum": "Fernando Freijedo ",
        "addendumEmail": "FreijedF@moodys.com"
    },
    {
        "sourceSystem": "ACCURATE",
        "orgId": null,
        "ratingActionDesc": "Tamaulipas, State of",
        "ratingActionID": "3446178",
        "ratingActionName": "Tamaulipas, State of",
        "ratingCommitteeDate": "2020-09-24 00:00:00.0",
        "ratingOffice": "99",
        "ratingReleaseDate": "2020-09-25 18:04:48.0",
        "releaseDate": "2020-09-25 18:04:53.533",
        "lobname": "SOV",
        "sublobname": "Sub-Sovereign",
        "region": "Americas",
        "leadAnalystID": "7821",
        "leadAnalystName": "Matthew Walter",
        "leadAnalystUniqueId": "walterm",
        "analystEmail": "Matthew.Walter@moodys.com",
        "analystLocation": "Mexico City - Moody's de Mexico, SA de CV",
        "approverID": "29018769",
        "approverName": "Matthew Walter",
        "officeName": "Moody's de Mexico S.A. de C.V",
        "documentExceptionListingInd": "",
        "announcementInd": "",
        "automaticRating": "No",
        "definitiveRatingPrevProvisional": "No",
        "indicativeRatingInd": "N",
        "definitiveRatingInd": null,
        "linkedAnotherActionInd": "No",
        "privateRatingActionInd": "N",
        "provisionalRatingInd": "N",
        "secondaryactionind": "No",
        "subsequentRatingInd": "N",
        "contactPersonId": null,
        "complianceType": "CAMS",
        "complianceID": "103763",
        "ratingShellId": null,
        "ratingShellDS": null,
        "workItemStatus": null,
        "workItemType": null,
        "workItemSubType": null,
        "workItemReleaseDtm": null,
        "pressReleaseId": null,
        "securityClassNm": null,
        "shadowCd": null,
        "pressReleaseType": null,
        "pyrRatingType": null,
        "pacrEmail": "Yves.Lemay@moodys.com",
        "pacr": "Yves Lemay",
        "chairEmail": "Alejandro.Olivo@moodys.com",
        "chair": "Alejandro Olivo Villa",
        "addendum": "Diego Echeverria ",
        "addendumEmail": "EcheverD@moodys.com"
    },
    {
        "sourceSystem": "ACCURATE",
        "orgId": null,
        "ratingActionDesc": "CBAM 2017-4, Ltd.",
        "ratingActionID": "3446283",
        "ratingActionName": "CBAM 2017-4, Ltd.",
        "ratingCommitteeDate": "2020-09-18 00:00:00.0",
        "ratingOffice": "51",
        "ratingReleaseDate": "2020-09-23 18:52:00.0",
        "releaseDate": "2020-09-23 18:52:05.933",
        "lobname": "SFG",
        "sublobname": "Surv-COR-SC",
        "region": "U.S.A. & Canada",
        "leadAnalystID": "7724",
        "leadAnalystName": "Sam Spackman",
        "leadAnalystUniqueId": "spackmas",
        "analystEmail": "Sam.Spackman@moodys.com",
        "analystLocation": "New York - 7 World Trade Center",
        "approverID": null,
        "approverName": " ",
        "officeName": "Moody's Investors Service, Inc.",
        "documentExceptionListingInd": "",
        "announcementInd": "",
        "automaticRating": "No",
        "definitiveRatingPrevProvisional": "No",
        "indicativeRatingInd": "N",
        "definitiveRatingInd": null,
        "linkedAnotherActionInd": "No",
        "privateRatingActionInd": "N",
        "provisionalRatingInd": "N",
        "secondaryactionind": "No",
        "subsequentRatingInd": "N",
        "contactPersonId": null,
        "complianceType": "CAMS",
        "complianceID": "104064",
        "ratingShellId": null,
        "ratingShellDS": null,
        "workItemStatus": null,
        "workItemType": null,
        "workItemSubType": null,
        "workItemReleaseDtm": null,
        "pressReleaseId": null,
        "securityClassNm": null,
        "shadowCd": null,
        "pressReleaseType": null,
        "pyrRatingType": null,
        "pacrEmail": null,
        "pacr": null,
        "chairEmail": null,
        "chair": null,
        "addendum": "Sam Spackman ",
        "addendumEmail": "SpackmaS@moodys.com"
    },
    {
        "sourceSystem": "ACCURATE",
        "orgId": null,
        "ratingActionDesc": "CBAM 2018-6, Ltd.",
        "ratingActionID": "3446298",
        "ratingActionName": "CBAM 2018-6, Ltd.",
        "ratingCommitteeDate": "2020-09-18 00:00:00.0",
        "ratingOffice": "51",
        "ratingReleaseDate": "2020-09-23 19:15:26.0",
        "releaseDate": "2020-09-23 19:15:31.206",
        "lobname": "SFG",
        "sublobname": "Surv-COR-SC",
        "region": "U.S.A. & Canada",
        "leadAnalystID": "7724",
        "leadAnalystName": "Sam Spackman",
        "leadAnalystUniqueId": "spackmas",
        "analystEmail": "Sam.Spackman@moodys.com",
        "analystLocation": "New York - 7 World Trade Center",
        "approverID": null,
        "approverName": " ",
        "officeName": "Moody's Investors Service, Inc.",
        "documentExceptionListingInd": "",
        "announcementInd": "",
        "automaticRating": "No",
        "definitiveRatingPrevProvisional": "No",
        "indicativeRatingInd": "N",
        "definitiveRatingInd": null,
        "linkedAnotherActionInd": "No",
        "privateRatingActionInd": "N",
        "provisionalRatingInd": "N",
        "secondaryactionind": "No",
        "subsequentRatingInd": "N",
        "contactPersonId": null,
        "complianceType": "CAMS",
        "complianceID": "104066",
        "ratingShellId": null,
        "ratingShellDS": null,
        "workItemStatus": null,
        "workItemType": null,
        "workItemSubType": null,
        "workItemReleaseDtm": null,
        "pressReleaseId": null,
        "securityClassNm": null,
        "shadowCd": null,
        "pressReleaseType": null,
        "pyrRatingType": null,
        "pacrEmail": null,
        "pacr": null,
        "chairEmail": null,
        "chair": null,
        "addendum": "Sam Spackman ",
        "addendumEmail": "SpackmaS@moodys.com"
    },
    {
        "sourceSystem": "ACCURATE",
        "orgId": null,
        "ratingActionDesc": null,
        "ratingActionID": "3446334",
        "ratingActionName": "1_PRO_FIG - APAC Securities Companies_Tetsuya Yamamoto_Moody's announces completion of a periodic review of ratings of Daiwa Securities Group Inc.",
        "ratingCommitteeDate": null,
        "ratingOffice": "73",
        "ratingReleaseDate": "2020-09-25 11:16:59.18",
        "releaseDate": "2020-09-25 11:16:59.2",
        "lobname": "FIG",
        "sublobname": "Banking",
        "region": "Asia Pacific",
        "leadAnalystID": "6275",
        "leadAnalystName": "Tetsuya Yamamoto",
        "leadAnalystUniqueId": "yamamott",
        "analystEmail": "Tetsuya.Yamamoto@moodys.com",
        "analystLocation": "Tokyo - Atago Green Hills Mori Tower 20fl",
        "approverID": null,
        "approverName": " ",
        "officeName": "Moody's Japan K.K.",
        "documentExceptionListingInd": "Y",
        "announcementInd": "Y",
        "automaticRating": "Yes",
        "definitiveRatingPrevProvisional": "No",
        "indicativeRatingInd": "N",
        "definitiveRatingInd": null,
        "linkedAnotherActionInd": "No",
        "privateRatingActionInd": "",
        "provisionalRatingInd": "N",
        "secondaryactionind": "No",
        "subsequentRatingInd": "",
        "contactPersonId": null,
        "complianceType": "CAMS",
        "complianceID": "",
        "ratingShellId": null,
        "ratingShellDS": null,
        "workItemStatus": null,
        "workItemType": null,
        "workItemSubType": null,
        "workItemReleaseDtm": null,
        "pressReleaseId": null,
        "securityClassNm": null,
        "shadowCd": null,
        "pressReleaseType": null,
        "pyrRatingType": null,
        "pacrEmail": null,
        "pacr": null,
        "chairEmail": null,
        "chair": null,
        "addendum": null,
        "addendumEmail": null
    },
    {
        "sourceSystem": "ACCURATE",
        "orgId": null,
        "ratingActionDesc": null,
        "ratingActionID": "3446340",
        "ratingActionName": "1_PRO_FIG - APAC Securities Companies_Tetsuya Yamamoto_Moody's announces completion of a periodic review of ratings of Mizuho Securities Co., Ltd.",
        "ratingCommitteeDate": null,
        "ratingOffice": "73",
        "ratingReleaseDate": "2020-09-25 11:17:02.493",
        "releaseDate": "2020-09-25 11:17:02.5",
        "lobname": "FIG",
        "sublobname": "Banking",
        "region": "Asia Pacific",
        "leadAnalystID": "6275",
        "leadAnalystName": "Tetsuya Yamamoto",
        "leadAnalystUniqueId": "yamamott",
        "analystEmail": "Tetsuya.Yamamoto@moodys.com",
        "analystLocation": "Tokyo - Atago Green Hills Mori Tower 20fl",
        "approverID": null,
        "approverName": " ",
        "officeName": "Moody's Japan K.K.",
        "documentExceptionListingInd": "Y",
        "announcementInd": "Y",
        "automaticRating": "Yes",
        "definitiveRatingPrevProvisional": "No",
        "indicativeRatingInd": "N",
        "definitiveRatingInd": null,
        "linkedAnotherActionInd": "No",
        "privateRatingActionInd": "",
        "provisionalRatingInd": "N",
        "secondaryactionind": "No",
        "subsequentRatingInd": "",
        "contactPersonId": null,
        "complianceType": "CAMS",
        "complianceID": "",
        "ratingShellId": null,
        "ratingShellDS": null,
        "workItemStatus": null,
        "workItemType": null,
        "workItemSubType": null,
        "workItemReleaseDtm": null,
        "pressReleaseId": null,
        "securityClassNm": null,
        "shadowCd": null,
        "pressReleaseType": null,
        "pyrRatingType": null,
        "pacrEmail": null,
        "pacr": null,
        "chairEmail": null,
        "chair": null,
        "addendum": null,
        "addendumEmail": null
    },
    {
        "sourceSystem": "ACCURATE",
        "orgId": null,
        "ratingActionDesc": "GS Finance Corp.",
        "ratingActionID": "3446621",
        "ratingActionName": "GS Finance Corp.",
        "ratingCommitteeDate": null,
        "ratingOffice": "51",
        "ratingReleaseDate": "2020-09-25 14:17:28.0",
        "releaseDate": "2020-09-25 14:18:09.92",
        "lobname": "FIG",
        "sublobname": "Banking",
        "region": "U.S.A. & Canada",
        "leadAnalystID": "467",
        "leadAnalystName": "David Fanger",
        "leadAnalystUniqueId": "fangerd",
        "analystEmail": "David.Fanger@moodys.com",
        "analystLocation": "New York - 7 World Trade Center",
        "approverID": null,
        "approverName": " ",
        "officeName": "Moody's Investors Service, Inc.",
        "documentExceptionListingInd": "",
        "announcementInd": "",
        "automaticRating": "Yes",
        "definitiveRatingPrevProvisional": "No",
        "indicativeRatingInd": "N",
        "definitiveRatingInd": null,
        "linkedAnotherActionInd": "No",
        "privateRatingActionInd": "N",
        "provisionalRatingInd": "N",
        "secondaryactionind": "No",
        "subsequentRatingInd": "",
        "contactPersonId": null,
        "complianceType": "CAMS",
        "complianceID": "",
        "ratingShellId": null,
        "ratingShellDS": null,
        "workItemStatus": null,
        "workItemType": null,
        "workItemSubType": null,
        "workItemReleaseDtm": null,
        "pressReleaseId": null,
        "securityClassNm": null,
        "shadowCd": null,
        "pressReleaseType": null,
        "pyrRatingType": null,
        "pacrEmail": null,
        "pacr": null,
        "chairEmail": null,
        "chair": null,
        "addendum": null,
        "addendumEmail": null
    },
    {
        "sourceSystem": "ACCURATE",
        "orgId": null,
        "ratingActionDesc": "Royal Bank of Canada",
        "ratingActionID": "3446876",
        "ratingActionName": "Royal Bank of Canada",
        "ratingCommitteeDate": null,
        "ratingOffice": "71",
        "ratingReleaseDate": "2020-09-24 18:05:05.0",
        "releaseDate": "2020-09-24 18:05:36.713",
        "lobname": "FIG",
        "sublobname": "Banking",
        "region": "U.S.A. & Canada",
        "leadAnalystID": "6721",
        "leadAnalystName": "John Beattie",
        "leadAnalystUniqueId": "beattied",
        "analystEmail": "David.Beattie@moodys.com",
        "analystLocation": "Toronto - 70 York Street",
        "approverID": null,
        "approverName": " ",
        "officeName": "Moody's Canada Inc.",
        "documentExceptionListingInd": "",
        "announcementInd": "",
        "automaticRating": "Yes",
        "definitiveRatingPrevProvisional": "No",
        "indicativeRatingInd": "N",
        "definitiveRatingInd": null,
        "linkedAnotherActionInd": "No",
        "privateRatingActionInd": "N",
        "provisionalRatingInd": "N",
        "secondaryactionind": "No",
        "subsequentRatingInd": "",
        "contactPersonId": null,
        "complianceType": "CAMS",
        "complianceID": "",
        "ratingShellId": null,
        "ratingShellDS": null,
        "workItemStatus": null,
        "workItemType": null,
        "workItemSubType": null,
        "workItemReleaseDtm": null,
        "pressReleaseId": null,
        "securityClassNm": null,
        "shadowCd": null,
        "pressReleaseType": null,
        "pyrRatingType": null,
        "pacrEmail": null,
        "pacr": null,
        "chairEmail": null,
        "chair": null,
        "addendum": null,
        "addendumEmail": null
    },
    {
        "sourceSystem": "ACCURATE",
        "orgId": null,
        "ratingActionDesc": "Citigroup Global Markets Holdings Inc. - 46",
        "ratingActionID": "3446909",
        "ratingActionName": "Citigroup Global Markets Holdings Inc. - 46",
        "ratingCommitteeDate": null,
        "ratingOffice": "51",
        "ratingReleaseDate": "2020-09-23 10:22:00.0",
        "releaseDate": "2020-09-23 10:22:17.263",
        "lobname": "FIG",
        "sublobname": "Banking",
        "region": "U.S.A. & Canada",
        "leadAnalystID": "1217",
        "leadAnalystName": "Peter Nerby",
        "leadAnalystUniqueId": "nerbyp",
        "analystEmail": "Peter.Nerby@moodys.com",
        "analystLocation": "New York - 7 World Trade Center",
        "approverID": null,
        "approverName": " ",
        "officeName": "Moody's Investors Service, Inc.",
        "documentExceptionListingInd": "",
        "announcementInd": "",
        "automaticRating": "Yes",
        "definitiveRatingPrevProvisional": "No",
        "indicativeRatingInd": "N",
        "definitiveRatingInd": null,
        "linkedAnotherActionInd": "No",
        "privateRatingActionInd": "N",
        "provisionalRatingInd": "N",
        "secondaryactionind": "No",
        "subsequentRatingInd": "",
        "contactPersonId": null,
        "complianceType": "CAMS",
        "complianceID": "",
        "ratingShellId": null,
        "ratingShellDS": null,
        "workItemStatus": null,
        "workItemType": null,
        "workItemSubType": null,
        "workItemReleaseDtm": null,
        "pressReleaseId": null,
        "securityClassNm": null,
        "shadowCd": null,
        "pressReleaseType": null,
        "pyrRatingType": null,
        "pacrEmail": null,
        "pacr": null,
        "chairEmail": null,
        "chair": null,
        "addendum": null,
        "addendumEmail": null
    },
    {
        "sourceSystem": "ACCURATE",
        "orgId": null,
        "ratingActionDesc": "UBS AG, London Branch - 46",
        "ratingActionID": "3446933",
        "ratingActionName": "UBS AG, London Branch - 46",
        "ratingCommitteeDate": null,
        "ratingOffice": "41",
        "ratingReleaseDate": "2020-09-25 03:50:33.0",
        "releaseDate": "2020-09-25 03:50:51.723",
        "lobname": "FIG",
        "sublobname": "Banking",
        "region": "Europe",
        "leadAnalystID": "6878",
        "leadAnalystName": "Michael Rohr",
        "leadAnalystUniqueId": "rohrm",
        "analystEmail": "Michael.Rohr@moodys.com",
        "analystLocation": "Frankfurt - An der Welle 5",
        "approverID": null,
        "approverName": " ",
        "officeName": "Moody's Deutschland GmbH",
        "documentExceptionListingInd": "",
        "announcementInd": "",
        "automaticRating": "Yes",
        "definitiveRatingPrevProvisional": "No",
        "indicativeRatingInd": "N",
        "definitiveRatingInd": null,
        "linkedAnotherActionInd": "No",
        "privateRatingActionInd": "N",
        "provisionalRatingInd": "N",
        "secondaryactionind": "No",
        "subsequentRatingInd": "",
        "contactPersonId": null,
        "complianceType": "CAMS",
        "complianceID": "",
        "ratingShellId": null,
        "ratingShellDS": null,
        "workItemStatus": null,
        "workItemType": null,
        "workItemSubType": null,
        "workItemReleaseDtm": null,
        "pressReleaseId": null,
        "securityClassNm": null,
        "shadowCd": null,
        "pressReleaseType": null,
        "pyrRatingType": null,
        "pacrEmail": null,
        "pacr": null,
        "chairEmail": null,
        "chair": null,
        "addendum": null,
        "addendumEmail": null
    },
    {
        "sourceSystem": "ACCURATE",
        "orgId": null,
        "ratingActionDesc": "UBS AG, London Branch - 46",
        "ratingActionID": "3446941",
        "ratingActionName": "UBS AG, London Branch - 46",
        "ratingCommitteeDate": null,
        "ratingOffice": "41",
        "ratingReleaseDate": "2020-09-25 02:54:30.0",
        "releaseDate": "2020-09-25 02:54:50.71",
        "lobname": "FIG",
        "sublobname": "Banking",
        "region": "Europe",
        "leadAnalystID": "6878",
        "leadAnalystName": "Michael Rohr",
        "leadAnalystUniqueId": "rohrm",
        "analystEmail": "Michael.Rohr@moodys.com",
        "analystLocation": "Frankfurt - An der Welle 5",
        "approverID": null,
        "approverName": " ",
        "officeName": "Moody's Deutschland GmbH",
        "documentExceptionListingInd": "",
        "announcementInd": "",
        "automaticRating": "Yes",
        "definitiveRatingPrevProvisional": "No",
        "indicativeRatingInd": "N",
        "definitiveRatingInd": null,
        "linkedAnotherActionInd": "No",
        "privateRatingActionInd": "N",
        "provisionalRatingInd": "N",
        "secondaryactionind": "No",
        "subsequentRatingInd": "",
        "contactPersonId": null,
        "complianceType": "CAMS",
        "complianceID": "",
        "ratingShellId": null,
        "ratingShellDS": null,
        "workItemStatus": null,
        "workItemType": null,
        "workItemSubType": null,
        "workItemReleaseDtm": null,
        "pressReleaseId": null,
        "securityClassNm": null,
        "shadowCd": null,
        "pressReleaseType": null,
        "pyrRatingType": null,
        "pacrEmail": null,
        "pacr": null,
        "chairEmail": null,
        "chair": null,
        "addendum": null,
        "addendumEmail": null
    },
    {
        "sourceSystem": "ACCURATE",
        "orgId": null,
        "ratingActionDesc": "Credit Suisse AG (London) Branch - 46",
        "ratingActionID": "3446957",
        "ratingActionName": "Credit Suisse AG (London) Branch - 46",
        "ratingCommitteeDate": null,
        "ratingOffice": "41",
        "ratingReleaseDate": "2020-09-23 02:09:08.0",
        "releaseDate": "2020-09-23 02:09:27.163",
        "lobname": "FIG",
        "sublobname": "Banking",
        "region": "Europe",
        "leadAnalystID": "6878",
        "leadAnalystName": "Michael Rohr",
        "leadAnalystUniqueId": "rohrm",
        "analystEmail": "Michael.Rohr@moodys.com",
        "analystLocation": "Frankfurt - An der Welle 5",
        "approverID": null,
        "approverName": " ",
        "officeName": "Moody's Deutschland GmbH",
        "documentExceptionListingInd": "",
        "announcementInd": "",
        "automaticRating": "Yes",
        "definitiveRatingPrevProvisional": "No",
        "indicativeRatingInd": "N",
        "definitiveRatingInd": null,
        "linkedAnotherActionInd": "No",
        "privateRatingActionInd": "N",
        "provisionalRatingInd": "N",
        "secondaryactionind": "No",
        "subsequentRatingInd": "",
        "contactPersonId": null,
        "complianceType": "CAMS",
        "complianceID": "",
        "ratingShellId": null,
        "ratingShellDS": null,
        "workItemStatus": null,
        "workItemType": null,
        "workItemSubType": null,
        "workItemReleaseDtm": null,
        "pressReleaseId": null,
        "securityClassNm": null,
        "shadowCd": null,
        "pressReleaseType": null,
        "pyrRatingType": null,
        "pacrEmail": null,
        "pacr": null,
        "chairEmail": null,
        "chair": null,
        "addendum": null,
        "addendumEmail": null
    },
    {
        "sourceSystem": "ACCURATE",
        "orgId": null,
        "ratingActionDesc": "Morgan Stanley Finance LLC",
        "ratingActionID": "3446964",
        "ratingActionName": "Morgan Stanley Finance LLC",
        "ratingCommitteeDate": null,
        "ratingOffice": "51",
        "ratingReleaseDate": "2020-09-23 13:58:16.0",
        "releaseDate": "2020-09-23 13:58:49.986",
        "lobname": "FIG",
        "sublobname": "Banking",
        "region": "U.S.A. & Canada",
        "leadAnalystID": "7106",
        "leadAnalystName": "Donald Robertson",
        "leadAnalystUniqueId": "robertsd",
        "analystEmail": "Donald.Robertson@moodys.com",
        "analystLocation": "New York - 7 World Trade Center",
        "approverID": null,
        "approverName": " ",
        "officeName": "Moody's Investors Service, Inc.",
        "documentExceptionListingInd": "",
        "announcementInd": "",
        "automaticRating": "Yes",
        "definitiveRatingPrevProvisional": "No",
        "indicativeRatingInd": "N",
        "definitiveRatingInd": null,
        "linkedAnotherActionInd": "No",
        "privateRatingActionInd": "N",
        "provisionalRatingInd": "N",
        "secondaryactionind": "No",
        "subsequentRatingInd": "",
        "contactPersonId": null,
        "complianceType": "CAMS",
        "complianceID": "",
        "ratingShellId": null,
        "ratingShellDS": null,
        "workItemStatus": null,
        "workItemType": null,
        "workItemSubType": null,
        "workItemReleaseDtm": null,
        "pressReleaseId": null,
        "securityClassNm": null,
        "shadowCd": null,
        "pressReleaseType": null,
        "pyrRatingType": null,
        "pacrEmail": null,
        "pacr": null,
        "chairEmail": null,
        "chair": null,
        "addendum": null,
        "addendumEmail": null
    },
    {
        "sourceSystem": "ACCURATE",
        "orgId": null,
        "ratingActionDesc": "Morgan Stanley Finance LLC - 46",
        "ratingActionID": "3446998",
        "ratingActionName": "Morgan Stanley Finance LLC - 46",
        "ratingCommitteeDate": null,
        "ratingOffice": "51",
        "ratingReleaseDate": "2020-09-24 09:39:27.0",
        "releaseDate": "2020-09-24 09:39:41.726",
        "lobname": "FIG",
        "sublobname": "Banking",
        "region": "U.S.A. & Canada",
        "leadAnalystID": "7106",
        "leadAnalystName": "Donald Robertson",
        "leadAnalystUniqueId": "robertsd",
        "analystEmail": "Donald.Robertson@moodys.com",
        "analystLocation": "New York - 7 World Trade Center",
        "approverID": null,
        "approverName": " ",
        "officeName": "Moody's Investors Service, Inc.",
        "documentExceptionListingInd": "",
        "announcementInd": "",
        "automaticRating": "Yes",
        "definitiveRatingPrevProvisional": "No",
        "indicativeRatingInd": "N",
        "definitiveRatingInd": null,
        "linkedAnotherActionInd": "No",
        "privateRatingActionInd": "N",
        "provisionalRatingInd": "N",
        "secondaryactionind": "No",
        "subsequentRatingInd": "",
        "contactPersonId": null,
        "complianceType": "CAMS",
        "complianceID": "",
        "ratingShellId": null,
        "ratingShellDS": null,
        "workItemStatus": null,
        "workItemType": null,
        "workItemSubType": null,
        "workItemReleaseDtm": null,
        "pressReleaseId": null,
        "securityClassNm": null,
        "shadowCd": null,
        "pressReleaseType": null,
        "pyrRatingType": null,
        "pacrEmail": null,
        "pacr": null,
        "chairEmail": null,
        "chair": null,
        "addendum": null,
        "addendumEmail": null
    },
    {
        "sourceSystem": "ACCURATE",
        "orgId": null,
        "ratingActionDesc": "JPMorgan Chase Financial Company LLC - 46",
        "ratingActionID": "3447107",
        "ratingActionName": "JPMorgan Chase Financial Company LLC - 46",
        "ratingCommitteeDate": null,
        "ratingOffice": "51",
        "ratingReleaseDate": "2020-09-24 06:38:04.0",
        "releaseDate": "2020-09-24 06:38:20.043",
        "lobname": "FIG",
        "sublobname": "Banking",
        "region": "U.S.A. & Canada",
        "leadAnalystID": "1217",
        "leadAnalystName": "Peter Nerby",
        "leadAnalystUniqueId": "nerbyp",
        "analystEmail": "Peter.Nerby@moodys.com",
        "analystLocation": "New York - 7 World Trade Center",
        "approverID": null,
        "approverName": " ",
        "officeName": "Moody's Investors Service, Inc.",
        "documentExceptionListingInd": "",
        "announcementInd": "",
        "automaticRating": "Yes",
        "definitiveRatingPrevProvisional": "No",
        "indicativeRatingInd": "N",
        "definitiveRatingInd": null,
        "linkedAnotherActionInd": "No",
        "privateRatingActionInd": "N",
        "provisionalRatingInd": "N",
        "secondaryactionind": "No",
        "subsequentRatingInd": "",
        "contactPersonId": null,
        "complianceType": "CAMS",
        "complianceID": "",
        "ratingShellId": null,
        "ratingShellDS": null,
        "workItemStatus": null,
        "workItemType": null,
        "workItemSubType": null,
        "workItemReleaseDtm": null,
        "pressReleaseId": null,
        "securityClassNm": null,
        "shadowCd": null,
        "pressReleaseType": null,
        "pyrRatingType": null,
        "pacrEmail": null,
        "pacr": null,
        "chairEmail": null,
        "chair": null,
        "addendum": null,
        "addendumEmail": null
    },
    {
        "sourceSystem": "ACCURATE",
        "orgId": null,
        "ratingActionDesc": "JPMorgan Chase Financial Company LLC",
        "ratingActionID": "3447109",
        "ratingActionName": "JPMorgan Chase Financial Company LLC",
        "ratingCommitteeDate": null,
        "ratingOffice": "51",
        "ratingReleaseDate": "2020-09-25 13:32:03.0",
        "releaseDate": "2020-09-25 13:32:10.63",
        "lobname": "FIG",
        "sublobname": "Banking",
        "region": "U.S.A. & Canada",
        "leadAnalystID": "1217",
        "leadAnalystName": "Peter Nerby",
        "leadAnalystUniqueId": "nerbyp",
        "analystEmail": "Peter.Nerby@moodys.com",
        "analystLocation": "New York - 7 World Trade Center",
        "approverID": null,
        "approverName": " ",
        "officeName": "Moody's Investors Service, Inc.",
        "documentExceptionListingInd": "",
        "announcementInd": "",
        "automaticRating": "No",
        "definitiveRatingPrevProvisional": "No",
        "indicativeRatingInd": "N",
        "definitiveRatingInd": null,
        "linkedAnotherActionInd": "No",
        "privateRatingActionInd": "N",
        "provisionalRatingInd": "N",
        "secondaryactionind": "No",
        "subsequentRatingInd": "Y",
        "contactPersonId": null,
        "complianceType": "CAMS",
        "complianceID": "",
        "ratingShellId": null,
        "ratingShellDS": null,
        "workItemStatus": null,
        "workItemType": null,
        "workItemSubType": null,
        "workItemReleaseDtm": null,
        "pressReleaseId": null,
        "securityClassNm": null,
        "shadowCd": null,
        "pressReleaseType": null,
        "pyrRatingType": null,
        "pacrEmail": null,
        "pacr": null,
        "chairEmail": null,
        "chair": null,
        "addendum": null,
        "addendumEmail": null
    },
    {
        "sourceSystem": "ACCURATE",
        "orgId": null,
        "ratingActionDesc": "JPMorgan Chase Financial Company LLC - 46",
        "ratingActionID": "3447135",
        "ratingActionName": "JPMorgan Chase Financial Company LLC - 46",
        "ratingCommitteeDate": null,
        "ratingOffice": "51",
        "ratingReleaseDate": "2020-09-24 06:40:50.0",
        "releaseDate": "2020-09-24 06:41:01.46",
        "lobname": "FIG",
        "sublobname": "Banking",
        "region": "U.S.A. & Canada",
        "leadAnalystID": "1217",
        "leadAnalystName": "Peter Nerby",
        "leadAnalystUniqueId": "nerbyp",
        "analystEmail": "Peter.Nerby@moodys.com",
        "analystLocation": "New York - 7 World Trade Center",
        "approverID": null,
        "approverName": " ",
        "officeName": "Moody's Investors Service, Inc.",
        "documentExceptionListingInd": "",
        "announcementInd": "",
        "automaticRating": "Yes",
        "definitiveRatingPrevProvisional": "No",
        "indicativeRatingInd": "N",
        "definitiveRatingInd": null,
        "linkedAnotherActionInd": "No",
        "privateRatingActionInd": "N",
        "provisionalRatingInd": "N",
        "secondaryactionind": "No",
        "subsequentRatingInd": "",
        "contactPersonId": null,
        "complianceType": "CAMS",
        "complianceID": "",
        "ratingShellId": null,
        "ratingShellDS": null,
        "workItemStatus": null,
        "workItemType": null,
        "workItemSubType": null,
        "workItemReleaseDtm": null,
        "pressReleaseId": null,
        "securityClassNm": null,
        "shadowCd": null,
        "pressReleaseType": null,
        "pyrRatingType": null,
        "pacrEmail": null,
        "pacr": null,
        "chairEmail": null,
        "chair": null,
        "addendum": null,
        "addendumEmail": null
    },
    {
        "sourceSystem": "ACCURATE",
        "orgId": null,
        "ratingActionDesc": null,
        "ratingActionID": "3447288",
        "ratingActionName": "1_PRO_CFG - EMEA Building Materials_Dion Bate_Moody's announces completion of a periodic review of ratings of Dangote Cement Plc",
        "ratingCommitteeDate": null,
        "ratingOffice": "122",
        "ratingReleaseDate": "2020-09-23 08:53:26.393",
        "releaseDate": "2020-09-23 08:53:26.46",
        "lobname": "CFG",
        "sublobname": "CFG Regional",
        "region": null,
        "leadAnalystID": "1916",
        "leadAnalystName": "Dion Bate",
        "leadAnalystUniqueId": "bated",
        "analystEmail": "Dion.Bate@moodys.com",
        "analystLocation": "Dubai - DIFC Precinct Bldg 3",
        "approverID": null,
        "approverName": " ",
        "officeName": "Moody's Investors Service Middle East Limited",
        "documentExceptionListingInd": "Y",
        "announcementInd": "Y",
        "automaticRating": "Yes",
        "definitiveRatingPrevProvisional": "No",
        "indicativeRatingInd": "N",
        "definitiveRatingInd": null,
        "linkedAnotherActionInd": "No",
        "privateRatingActionInd": "",
        "provisionalRatingInd": "N",
        "secondaryactionind": "No",
        "subsequentRatingInd": "",
        "contactPersonId": null,
        "complianceType": "CAMS",
        "complianceID": "",
        "ratingShellId": null,
        "ratingShellDS": null,
        "workItemStatus": null,
        "workItemType": null,
        "workItemSubType": null,
        "workItemReleaseDtm": null,
        "pressReleaseId": null,
        "securityClassNm": null,
        "shadowCd": null,
        "pressReleaseType": null,
        "pyrRatingType": null,
        "pacrEmail": null,
        "pacr": null,
        "chairEmail": null,
        "chair": null,
        "addendum": null,
        "addendumEmail": null
    },
    {
        "sourceSystem": "ACCURATE",
        "orgId": null,
        "ratingActionDesc": null,
        "ratingActionID": "3447292",
        "ratingActionName": "1_PRO_CFG - EMEA Building Materials_Nathalie Tuszewski_Moody's announces completion of a periodic review of ratings of Feather Investments Holdings S.C.A.",
        "ratingCommitteeDate": null,
        "ratingOffice": "128",
        "ratingReleaseDate": "2020-09-23 09:51:37.09",
        "releaseDate": "2020-09-23 09:51:37.1",
        "lobname": "CFG",
        "sublobname": "CFG Regional",
        "region": "Europe",
        "leadAnalystID": "7264",
        "leadAnalystName": "Nathalie Tuszewski",
        "leadAnalystUniqueId": "tuszewsn",
        "analystEmail": "Nathalie.Tuszewski@moodys.com",
        "analystLocation": "Stockholm- Norrlandsgatan 20",
        "approverID": null,
        "approverName": " ",
        "officeName": "Moody's Investors Service (Nordics) AB",
        "documentExceptionListingInd": "Y",
        "announcementInd": "Y",
        "automaticRating": "Yes",
        "definitiveRatingPrevProvisional": "No",
        "indicativeRatingInd": "N",
        "definitiveRatingInd": null,
        "linkedAnotherActionInd": "No",
        "privateRatingActionInd": "",
        "provisionalRatingInd": "N",
        "secondaryactionind": "No",
        "subsequentRatingInd": "",
        "contactPersonId": null,
        "complianceType": "CAMS",
        "complianceID": "",
        "ratingShellId": null,
        "ratingShellDS": null,
        "workItemStatus": null,
        "workItemType": null,
        "workItemSubType": null,
        "workItemReleaseDtm": null,
        "pressReleaseId": null,
        "securityClassNm": null,
        "shadowCd": null,
        "pressReleaseType": null,
        "pyrRatingType": null,
        "pacrEmail": null,
        "pacr": null,
        "chairEmail": null,
        "chair": null,
        "addendum": null,
        "addendumEmail": null
    },
    {
        "sourceSystem": "ACCURATE",
        "orgId": null,
        "ratingActionDesc": null,
        "ratingActionID": "3447295",
        "ratingActionName": "1_PRO_CFG - EMEA Building Materials_Nathalie Tuszewski_Moody's announces completion of a periodic review of ratings of Stellagroup",
        "ratingCommitteeDate": null,
        "ratingOffice": "128",
        "ratingReleaseDate": "2020-09-24 09:59:20.753",
        "releaseDate": "2020-09-24 09:59:20.76",
        "lobname": "CFG",
        "sublobname": "CFG Regional",
        "region": "Europe",
        "leadAnalystID": "7264",
        "leadAnalystName": "Nathalie Tuszewski",
        "leadAnalystUniqueId": "tuszewsn",
        "analystEmail": "Nathalie.Tuszewski@moodys.com",
        "analystLocation": "Stockholm- Norrlandsgatan 20",
        "approverID": null,
        "approverName": " ",
        "officeName": "Moody's Investors Service (Nordics) AB",
        "documentExceptionListingInd": "Y",
        "announcementInd": "Y",
        "automaticRating": "Yes",
        "definitiveRatingPrevProvisional": "No",
        "indicativeRatingInd": "N",
        "definitiveRatingInd": null,
        "linkedAnotherActionInd": "No",
        "privateRatingActionInd": "",
        "provisionalRatingInd": "N",
        "secondaryactionind": "No",
        "subsequentRatingInd": "",
        "contactPersonId": null,
        "complianceType": "CAMS",
        "complianceID": "",
        "ratingShellId": null,
        "ratingShellDS": null,
        "workItemStatus": null,
        "workItemType": null,
        "workItemSubType": null,
        "workItemReleaseDtm": null,
        "pressReleaseId": null,
        "securityClassNm": null,
        "shadowCd": null,
        "pressReleaseType": null,
        "pyrRatingType": null,
        "pacrEmail": null,
        "pacr": null,
        "chairEmail": null,
        "chair": null,
        "addendum": null,
        "addendumEmail": null
    },
    {
        "sourceSystem": "ACCURATE",
        "orgId": null,
        "ratingActionDesc": null,
        "ratingActionID": "3447310",
        "ratingActionName": "1_PRO_CFG - EMEA Building Materials_Vitali Morgovski_Moody's announces completion of a periodic review of ratings of CRH plc",
        "ratingCommitteeDate": null,
        "ratingOffice": "41",
        "ratingReleaseDate": "2020-09-24 12:10:52.453",
        "releaseDate": "2020-09-24 12:10:52.513",
        "lobname": "CFG",
        "sublobname": "CFG Regional",
        "region": "Europe",
        "leadAnalystID": "31287",
        "leadAnalystName": "Vitali Morgovski",
        "leadAnalystUniqueId": "morgov",
        "analystEmail": "Vitali.Morgovski@moodys.com",
        "analystLocation": "Frankfurt - An der Welle 5",
        "approverID": null,
        "approverName": " ",
        "officeName": "Moody's Deutschland GmbH",
        "documentExceptionListingInd": "Y",
        "announcementInd": "Y",
        "automaticRating": "Yes",
        "definitiveRatingPrevProvisional": "No",
        "indicativeRatingInd": "N",
        "definitiveRatingInd": null,
        "linkedAnotherActionInd": "No",
        "privateRatingActionInd": "",
        "provisionalRatingInd": "N",
        "secondaryactionind": "No",
        "subsequentRatingInd": "",
        "contactPersonId": null,
        "complianceType": "CAMS",
        "complianceID": "",
        "ratingShellId": null,
        "ratingShellDS": null,
        "workItemStatus": null,
        "workItemType": null,
        "workItemSubType": null,
        "workItemReleaseDtm": null,
        "pressReleaseId": null,
        "securityClassNm": null,
        "shadowCd": null,
        "pressReleaseType": null,
        "pyrRatingType": null,
        "pacrEmail": null,
        "pacr": null,
        "chairEmail": null,
        "chair": null,
        "addendum": null,
        "addendumEmail": null
    },
    {
        "sourceSystem": "ACCURATE",
        "orgId": null,
        "ratingActionDesc": null,
        "ratingActionID": "3447325",
        "ratingActionName": "1_PRO_CFG - EMEA Building Materials_Vitali Morgovski_Moody's announces completion of a periodic review of ratings of HeidelbergCement AG",
        "ratingCommitteeDate": null,
        "ratingOffice": "41",
        "ratingReleaseDate": "2020-09-25 11:15:04.453",
        "releaseDate": "2020-09-25 11:15:04.463",
        "lobname": "CFG",
        "sublobname": "CFG Regional",
        "region": "Europe",
        "leadAnalystID": "31287",
        "leadAnalystName": "Vitali Morgovski",
        "leadAnalystUniqueId": "morgov",
        "analystEmail": "Vitali.Morgovski@moodys.com",
        "analystLocation": "Frankfurt - An der Welle 5",
        "approverID": null,
        "approverName": " ",
        "officeName": "Moody's Deutschland GmbH",
        "documentExceptionListingInd": "Y",
        "announcementInd": "Y",
        "automaticRating": "Yes",
        "definitiveRatingPrevProvisional": "No",
        "indicativeRatingInd": "N",
        "definitiveRatingInd": null,
        "linkedAnotherActionInd": "No",
        "privateRatingActionInd": "",
        "provisionalRatingInd": "N",
        "secondaryactionind": "No",
        "subsequentRatingInd": "",
        "contactPersonId": null,
        "complianceType": "CAMS",
        "complianceID": "",
        "ratingShellId": null,
        "ratingShellDS": null,
        "workItemStatus": null,
        "workItemType": null,
        "workItemSubType": null,
        "workItemReleaseDtm": null,
        "pressReleaseId": null,
        "securityClassNm": null,
        "shadowCd": null,
        "pressReleaseType": null,
        "pyrRatingType": null,
        "pacrEmail": null,
        "pacr": null,
        "chairEmail": null,
        "chair": null,
        "addendum": null,
        "addendumEmail": null
    },
    {
        "sourceSystem": "ACCURATE",
        "orgId": null,
        "ratingActionDesc": null,
        "ratingActionID": "3447330",
        "ratingActionName": "1_PRO_CFG - EMEA Building Materials_Vitali Morgovski_Moody's announces completion of a periodic review of ratings of Imerys S.A.",
        "ratingCommitteeDate": null,
        "ratingOffice": "41",
        "ratingReleaseDate": "2020-09-24 13:07:25.086",
        "releaseDate": "2020-09-24 13:07:25.1",
        "lobname": "CFG",
        "sublobname": "CFG Regional",
        "region": "Europe",
        "leadAnalystID": "31287",
        "leadAnalystName": "Vitali Morgovski",
        "leadAnalystUniqueId": "morgov",
        "analystEmail": "Vitali.Morgovski@moodys.com",
        "analystLocation": "Frankfurt - An der Welle 5",
        "approverID": null,
        "approverName": " ",
        "officeName": "Moody's Deutschland GmbH",
        "documentExceptionListingInd": "Y",
        "announcementInd": "Y",
        "automaticRating": "Yes",
        "definitiveRatingPrevProvisional": "No",
        "indicativeRatingInd": "N",
        "definitiveRatingInd": null,
        "linkedAnotherActionInd": "No",
        "privateRatingActionInd": "",
        "provisionalRatingInd": "N",
        "secondaryactionind": "No",
        "subsequentRatingInd": "",
        "contactPersonId": null,
        "complianceType": "CAMS",
        "complianceID": "",
        "ratingShellId": null,
        "ratingShellDS": null,
        "workItemStatus": null,
        "workItemType": null,
        "workItemSubType": null,
        "workItemReleaseDtm": null,
        "pressReleaseId": null,
        "securityClassNm": null,
        "shadowCd": null,
        "pressReleaseType": null,
        "pyrRatingType": null,
        "pacrEmail": null,
        "pacr": null,
        "chairEmail": null,
        "chair": null,
        "addendum": null,
        "addendumEmail": null
    },
    {
        "sourceSystem": "ACCURATE",
        "orgId": null,
        "ratingActionDesc": null,
        "ratingActionID": "3447349",
        "ratingActionName": "1_PRO_CFG - EMEA Building Materials_Vitali Morgovski_Moody's announces completion of a periodic review of ratings of Wienerberger AG",
        "ratingCommitteeDate": null,
        "ratingOffice": "41",
        "ratingReleaseDate": "2020-09-25 11:15:00.94",
        "releaseDate": "2020-09-25 11:15:01.006",
        "lobname": "CFG",
        "sublobname": "CFG Regional",
        "region": "Europe",
        "leadAnalystID": "31287",
        "leadAnalystName": "Vitali Morgovski",
        "leadAnalystUniqueId": "morgov",
        "analystEmail": "Vitali.Morgovski@moodys.com",
        "analystLocation": "Frankfurt - An der Welle 5",
        "approverID": null,
        "approverName": " ",
        "officeName": "Moody's Deutschland GmbH",
        "documentExceptionListingInd": "Y",
        "announcementInd": "Y",
        "automaticRating": "Yes",
        "definitiveRatingPrevProvisional": "No",
        "indicativeRatingInd": "N",
        "definitiveRatingInd": null,
        "linkedAnotherActionInd": "No",
        "privateRatingActionInd": "",
        "provisionalRatingInd": "N",
        "secondaryactionind": "No",
        "subsequentRatingInd": "",
        "contactPersonId": null,
        "complianceType": "CAMS",
        "complianceID": "",
        "ratingShellId": null,
        "ratingShellDS": null,
        "workItemStatus": null,
        "workItemType": null,
        "workItemSubType": null,
        "workItemReleaseDtm": null,
        "pressReleaseId": null,
        "securityClassNm": null,
        "shadowCd": null,
        "pressReleaseType": null,
        "pyrRatingType": null,
        "pacrEmail": null,
        "pacr": null,
        "chairEmail": null,
        "chair": null,
        "addendum": null,
        "addendumEmail": null
    },
    {
        "sourceSystem": "ACCURATE",
        "orgId": null,
        "ratingActionDesc": null,
        "ratingActionID": "3447382",
        "ratingActionName": "1_PRO_CFG - EMEA Semiconductors_Dirk Goedde_Moody's announces completion of a periodic review of ratings of STMicroelectronics N.V.",
        "ratingCommitteeDate": null,
        "ratingOffice": "41",
        "ratingReleaseDate": "2020-09-23 17:26:38.533",
        "releaseDate": "2020-09-23 17:26:38.54",
        "lobname": "CFG",
        "sublobname": "CFG Regional",
        "region": "Europe",
        "leadAnalystID": "30822",
        "leadAnalystName": "Dirk Goedde",
        "leadAnalystUniqueId": "godded",
        "analystEmail": "Dirk.Goedde@moodys.com",
        "analystLocation": "Frankfurt - An der Welle 5",
        "approverID": null,
        "approverName": " ",
        "officeName": "Moody's Deutschland GmbH",
        "documentExceptionListingInd": "Y",
        "announcementInd": "Y",
        "automaticRating": "Yes",
        "definitiveRatingPrevProvisional": "No",
        "indicativeRatingInd": "N",
        "definitiveRatingInd": null,
        "linkedAnotherActionInd": "No",
        "privateRatingActionInd": "",
        "provisionalRatingInd": "N",
        "secondaryactionind": "No",
        "subsequentRatingInd": "",
        "contactPersonId": null,
        "complianceType": "CAMS",
        "complianceID": "",
        "ratingShellId": null,
        "ratingShellDS": null,
        "workItemStatus": null,
        "workItemType": null,
        "workItemSubType": null,
        "workItemReleaseDtm": null,
        "pressReleaseId": null,
        "securityClassNm": null,
        "shadowCd": null,
        "pressReleaseType": null,
        "pyrRatingType": null,
        "pacrEmail": null,
        "pacr": null,
        "chairEmail": null,
        "chair": null,
        "addendum": null,
        "addendumEmail": null
    },
    {
        "sourceSystem": "ACCURATE",
        "orgId": null,
        "ratingActionDesc": null,
        "ratingActionID": "3447384",
        "ratingActionName": "1_PRO_CFG - EMEA Semiconductors_Dirk Goedde_Moody's announces completion of a periodic review of ratings of ASML Holding N.V.",
        "ratingCommitteeDate": null,
        "ratingOffice": "41",
        "ratingReleaseDate": "2020-09-23 17:26:42.383",
        "releaseDate": "2020-09-23 17:26:42.39",
        "lobname": "CFG",
        "sublobname": "CFG Regional",
        "region": "Europe",
        "leadAnalystID": "30822",
        "leadAnalystName": "Dirk Goedde",
        "leadAnalystUniqueId": "godded",
        "analystEmail": "Dirk.Goedde@moodys.com",
        "analystLocation": "Frankfurt - An der Welle 5",
        "approverID": null,
        "approverName": " ",
        "officeName": "Moody's Deutschland GmbH",
        "documentExceptionListingInd": "Y",
        "announcementInd": "Y",
        "automaticRating": "Yes",
        "definitiveRatingPrevProvisional": "No",
        "indicativeRatingInd": "N",
        "definitiveRatingInd": null,
        "linkedAnotherActionInd": "No",
        "privateRatingActionInd": "",
        "provisionalRatingInd": "N",
        "secondaryactionind": "No",
        "subsequentRatingInd": "",
        "contactPersonId": null,
        "complianceType": "CAMS",
        "complianceID": "",
        "ratingShellId": null,
        "ratingShellDS": null,
        "workItemStatus": null,
        "workItemType": null,
        "workItemSubType": null,
        "workItemReleaseDtm": null,
        "pressReleaseId": null,
        "securityClassNm": null,
        "shadowCd": null,
        "pressReleaseType": null,
        "pyrRatingType": null,
        "pacrEmail": null,
        "pacr": null,
        "chairEmail": null,
        "chair": null,
        "addendum": null,
        "addendumEmail": null
    },
    {
        "sourceSystem": "ACCURATE",
        "orgId": null,
        "ratingActionDesc": null,
        "ratingActionID": "3447491",
        "ratingActionName": "1_PRO_CFG - EMEA Semiconductors_Dirk Goedde_Moody's announces completion of a periodic review of ratings of ams AG",
        "ratingCommitteeDate": null,
        "ratingOffice": "41",
        "ratingReleaseDate": "2020-09-23 17:26:34.296",
        "releaseDate": "2020-09-23 17:26:34.316",
        "lobname": "CFG",
        "sublobname": "CFG Regional",
        "region": "Europe",
        "leadAnalystID": "30822",
        "leadAnalystName": "Dirk Goedde",
        "leadAnalystUniqueId": "godded",
        "analystEmail": "Dirk.Goedde@moodys.com",
        "analystLocation": "Frankfurt - An der Welle 5",
        "approverID": null,
        "approverName": " ",
        "officeName": "Moody's Deutschland GmbH",
        "documentExceptionListingInd": "Y",
        "announcementInd": "Y",
        "automaticRating": "Yes",
        "definitiveRatingPrevProvisional": "No",
        "indicativeRatingInd": "N",
        "definitiveRatingInd": null,
        "linkedAnotherActionInd": "No",
        "privateRatingActionInd": "",
        "provisionalRatingInd": "N",
        "secondaryactionind": "No",
        "subsequentRatingInd": "",
        "contactPersonId": null,
        "complianceType": "CAMS",
        "complianceID": "",
        "ratingShellId": null,
        "ratingShellDS": null,
        "workItemStatus": null,
        "workItemType": null,
        "workItemSubType": null,
        "workItemReleaseDtm": null,
        "pressReleaseId": null,
        "securityClassNm": null,
        "shadowCd": null,
        "pressReleaseType": null,
        "pyrRatingType": null,
        "pacrEmail": null,
        "pacr": null,
        "chairEmail": null,
        "chair": null,
        "addendum": null,
        "addendumEmail": null
    },
    {
        "sourceSystem": "ACCURATE",
        "orgId": null,
        "ratingActionDesc": "Growthpoint Finance Pty Limited",
        "ratingActionID": "3447622",
        "ratingActionName": "Growthpoint Finance Pty Limited",
        "ratingCommitteeDate": "2020-09-23 00:00:00.0",
        "ratingOffice": "53",
        "ratingReleaseDate": "2020-09-24 00:11:21.0",
        "releaseDate": "2020-09-24 00:11:34.673",
        "lobname": "CFG",
        "sublobname": "CFG Regional",
        "region": "Asia Pacific",
        "leadAnalystID": "7044",
        "leadAnalystName": "Maadhavi Barber",
        "leadAnalystUniqueId": "ramanaym",
        "analystEmail": "Maadhavi.Barber@moodys.com",
        "analystLocation": "Sydney - 1 O'Connell Street",
        "approverID": "29015287",
        "approverName": "Maadhavi Barber",
        "officeName": "Moody's Investors Service Pty. Ltd.",
        "documentExceptionListingInd": "",
        "announcementInd": "",
        "automaticRating": "No",
        "definitiveRatingPrevProvisional": "No",
        "indicativeRatingInd": "N",
        "definitiveRatingInd": null,
        "linkedAnotherActionInd": "No",
        "privateRatingActionInd": "N",
        "provisionalRatingInd": "N",
        "secondaryactionind": "No",
        "subsequentRatingInd": "N",
        "contactPersonId": null,
        "complianceType": "CAMS",
        "complianceID": "104179",
        "ratingShellId": null,
        "ratingShellDS": null,
        "workItemStatus": null,
        "workItemType": null,
        "workItemSubType": null,
        "workItemReleaseDtm": null,
        "pressReleaseId": null,
        "securityClassNm": null,
        "shadowCd": null,
        "pressReleaseType": null,
        "pyrRatingType": null,
        "pacrEmail": "Patrick.Winsbury@moodys.com",
        "pacr": "Patrick Winsbury",
        "chairEmail": "Patrick.Winsbury@moodys.com",
        "chair": "Patrick Winsbury",
        "addendum": "Cameron Mar ",
        "addendumEmail": "MarC1@moodys.com"
    },
    {
        "sourceSystem": "ACCURATE",
        "orgId": null,
        "ratingActionDesc": "Macquarie University",
        "ratingActionID": "3447655",
        "ratingActionName": "Macquarie University",
        "ratingCommitteeDate": "2020-09-23 00:00:00.0",
        "ratingOffice": "53",
        "ratingReleaseDate": "2020-09-24 02:40:25.0",
        "releaseDate": "2020-09-24 02:40:33.023",
        "lobname": "SOV",
        "sublobname": "Sub-Sovereign",
        "region": "Asia Pacific",
        "leadAnalystID": "7861",
        "leadAnalystName": "John Manning",
        "leadAnalystUniqueId": "manningj",
        "analystEmail": "John.Manning@moodys.com",
        "analystLocation": "Sydney - 1 O'Connell Street",
        "approverID": "29031482",
        "approverName": "John Manning",
        "officeName": "Moody's Investors Service Pty. Ltd.",
        "documentExceptionListingInd": "",
        "announcementInd": "",
        "automaticRating": "No",
        "definitiveRatingPrevProvisional": "No",
        "indicativeRatingInd": "N",
        "definitiveRatingInd": null,
        "linkedAnotherActionInd": "No",
        "privateRatingActionInd": "N",
        "provisionalRatingInd": "Y",
        "secondaryactionind": "No",
        "subsequentRatingInd": "N",
        "contactPersonId": null,
        "complianceType": "CAMS",
        "complianceID": "103632",
        "ratingShellId": null,
        "ratingShellDS": null,
        "workItemStatus": null,
        "workItemType": null,
        "workItemSubType": null,
        "workItemReleaseDtm": null,
        "pressReleaseId": null,
        "securityClassNm": null,
        "shadowCd": null,
        "pressReleaseType": null,
        "pyrRatingType": null,
        "pacrEmail": "Marie.Diron@moodys.com",
        "pacr": "Marie Diron",
        "chairEmail": "Michael.Yake@moodys.com",
        "chair": "Michael Yake",
        "addendum": "Bonnie Chen ",
        "addendumEmail": "ChenB1@moodys.com"
    },
    {
        "sourceSystem": "ACCURATE",
        "orgId": null,
        "ratingActionDesc": "Morgan Stanley Finance LLC",
        "ratingActionID": "3447788",
        "ratingActionName": "Morgan Stanley Finance LLC",
        "ratingCommitteeDate": null,
        "ratingOffice": "51",
        "ratingReleaseDate": "2020-09-23 12:33:12.0",
        "releaseDate": "2020-09-23 12:33:43.796",
        "lobname": "FIG",
        "sublobname": "Banking",
        "region": "U.S.A. & Canada",
        "leadAnalystID": "7106",
        "leadAnalystName": "Donald Robertson",
        "leadAnalystUniqueId": "robertsd",
        "analystEmail": "Donald.Robertson@moodys.com",
        "analystLocation": "New York - 7 World Trade Center",
        "approverID": null,
        "approverName": " ",
        "officeName": "Moody's Investors Service, Inc.",
        "documentExceptionListingInd": "",
        "announcementInd": "",
        "automaticRating": "Yes",
        "definitiveRatingPrevProvisional": "No",
        "indicativeRatingInd": "N",
        "definitiveRatingInd": null,
        "linkedAnotherActionInd": "No",
        "privateRatingActionInd": "N",
        "provisionalRatingInd": "N",
        "secondaryactionind": "No",
        "subsequentRatingInd": "",
        "contactPersonId": null,
        "complianceType": "CAMS",
        "complianceID": "",
        "ratingShellId": null,
        "ratingShellDS": null,
        "workItemStatus": null,
        "workItemType": null,
        "workItemSubType": null,
        "workItemReleaseDtm": null,
        "pressReleaseId": null,
        "securityClassNm": null,
        "shadowCd": null,
        "pressReleaseType": null,
        "pyrRatingType": null,
        "pacrEmail": null,
        "pacr": null,
        "chairEmail": null,
        "chair": null,
        "addendum": null,
        "addendumEmail": null
    },
    {
        "sourceSystem": "ACCURATE",
        "orgId": null,
        "ratingActionDesc": "GS Finance Corp.",
        "ratingActionID": "3447833",
        "ratingActionName": "GS Finance Corp.",
        "ratingCommitteeDate": null,
        "ratingOffice": "51",
        "ratingReleaseDate": "2020-09-25 13:22:56.0",
        "releaseDate": "2020-09-25 13:23:30.013",
        "lobname": "FIG",
        "sublobname": "Banking",
        "region": "U.S.A. & Canada",
        "leadAnalystID": "467",
        "leadAnalystName": "David Fanger",
        "leadAnalystUniqueId": "fangerd",
        "analystEmail": "David.Fanger@moodys.com",
        "analystLocation": "New York - 7 World Trade Center",
        "approverID": null,
        "approverName": " ",
        "officeName": "Moody's Investors Service, Inc.",
        "documentExceptionListingInd": "",
        "announcementInd": "",
        "automaticRating": "Yes",
        "definitiveRatingPrevProvisional": "No",
        "indicativeRatingInd": "N",
        "definitiveRatingInd": null,
        "linkedAnotherActionInd": "No",
        "privateRatingActionInd": "N",
        "provisionalRatingInd": "N",
        "secondaryactionind": "No",
        "subsequentRatingInd": "",
        "contactPersonId": null,
        "complianceType": "CAMS",
        "complianceID": "",
        "ratingShellId": null,
        "ratingShellDS": null,
        "workItemStatus": null,
        "workItemType": null,
        "workItemSubType": null,
        "workItemReleaseDtm": null,
        "pressReleaseId": null,
        "securityClassNm": null,
        "shadowCd": null,
        "pressReleaseType": null,
        "pyrRatingType": null,
        "pacrEmail": null,
        "pacr": null,
        "chairEmail": null,
        "chair": null,
        "addendum": null,
        "addendumEmail": null
    },
    {
        "sourceSystem": "ACCURATE",
        "orgId": null,
        "ratingActionDesc": "CBAM 2018-5, Ltd.",
        "ratingActionID": "3448146",
        "ratingActionName": "CBAM 2018-5, Ltd.",
        "ratingCommitteeDate": "2020-09-18 00:00:00.0",
        "ratingOffice": "51",
        "ratingReleaseDate": "2020-09-23 19:12:06.0",
        "releaseDate": "2020-09-23 19:12:12.12",
        "lobname": "SFG",
        "sublobname": "Surv-COR-SC",
        "region": "U.S.A. & Canada",
        "leadAnalystID": "7724",
        "leadAnalystName": "Sam Spackman",
        "leadAnalystUniqueId": "spackmas",
        "analystEmail": "Sam.Spackman@moodys.com",
        "analystLocation": "New York - 7 World Trade Center",
        "approverID": null,
        "approverName": " ",
        "officeName": "Moody's Investors Service, Inc.",
        "documentExceptionListingInd": "",
        "announcementInd": "",
        "automaticRating": "No",
        "definitiveRatingPrevProvisional": "No",
        "indicativeRatingInd": "N",
        "definitiveRatingInd": null,
        "linkedAnotherActionInd": "No",
        "privateRatingActionInd": "N",
        "provisionalRatingInd": "N",
        "secondaryactionind": "No",
        "subsequentRatingInd": "N",
        "contactPersonId": null,
        "complianceType": "CAMS",
        "complianceID": "104123",
        "ratingShellId": null,
        "ratingShellDS": null,
        "workItemStatus": null,
        "workItemType": null,
        "workItemSubType": null,
        "workItemReleaseDtm": null,
        "pressReleaseId": null,
        "securityClassNm": null,
        "shadowCd": null,
        "pressReleaseType": null,
        "pyrRatingType": null,
        "pacrEmail": null,
        "pacr": null,
        "chairEmail": null,
        "chair": null,
        "addendum": "Sam Spackman ",
        "addendumEmail": "SpackmaS@moodys.com"
    },
    {
        "sourceSystem": "ACCURATE",
        "orgId": null,
        "ratingActionDesc": "Radnor Re 2020-2 Ltd.",
        "ratingActionID": "3448634",
        "ratingActionName": "Radnor Re 2020-2 Ltd.",
        "ratingCommitteeDate": "2020-09-23 00:00:00.0",
        "ratingOffice": "51",
        "ratingReleaseDate": "2020-09-24 23:01:09.0",
        "releaseDate": "2020-09-24 23:01:27.896",
        "lobname": "SFG",
        "sublobname": "NR-COS-RMBS",
        "region": "U.S.A. & Canada",
        "leadAnalystID": "7671",
        "leadAnalystName": "Ruomeng Cui",
        "leadAnalystUniqueId": "cuir",
        "analystEmail": "Ruomeng.Cui@moodys.com",
        "analystLocation": "New York - 7 World Trade Center",
        "approverID": null,
        "approverName": " ",
        "officeName": "Moody's Investors Service, Inc.",
        "documentExceptionListingInd": "Y",
        "announcementInd": "",
        "automaticRating": "No",
        "definitiveRatingPrevProvisional": "No",
        "indicativeRatingInd": "N",
        "definitiveRatingInd": null,
        "linkedAnotherActionInd": "No",
        "privateRatingActionInd": "N",
        "provisionalRatingInd": "Y",
        "secondaryactionind": "No",
        "subsequentRatingInd": "N",
        "contactPersonId": null,
        "complianceType": "CAMS",
        "complianceID": "77191",
        "ratingShellId": null,
        "ratingShellDS": null,
        "workItemStatus": null,
        "workItemType": null,
        "workItemSubType": null,
        "workItemReleaseDtm": null,
        "pressReleaseId": null,
        "securityClassNm": null,
        "shadowCd": null,
        "pressReleaseType": null,
        "pyrRatingType": null,
        "pacrEmail": null,
        "pacr": null,
        "chairEmail": null,
        "chair": null,
        "addendum": null,
        "addendumEmail": null
    },
    {
        "sourceSystem": "ACCURATE",
        "orgId": null,
        "ratingActionDesc": "[non-NRSRO] OPAS-2009",
        "ratingActionID": "3448710",
        "ratingActionName": "[non-NRSRO] OPAS-2009",
        "ratingCommitteeDate": null,
        "ratingOffice": "118",
        "ratingReleaseDate": "2020-09-25 01:40:33.0",
        "releaseDate": "2020-09-25 01:40:54.29",
        "lobname": "SFG",
        "sublobname": "Regional New Ratings",
        "region": "Asia Pacific",
        "leadAnalystID": "31211",
        "leadAnalystName": "Kiyomine Sato",
        "leadAnalystUniqueId": "satoki",
        "analystEmail": "Kiyomine.Sato@moodys.com",
        "analystLocation": "Tokyo - Atago Green Hills Mori Tower 20fl",
        "approverID": null,
        "approverName": " ",
        "officeName": "Moody's SF Japan K.K.",
        "documentExceptionListingInd": "",
        "announcementInd": "",
        "automaticRating": "Yes",
        "definitiveRatingPrevProvisional": "No",
        "indicativeRatingInd": "N",
        "definitiveRatingInd": null,
        "linkedAnotherActionInd": "No",
        "privateRatingActionInd": "N",
        "provisionalRatingInd": "N",
        "secondaryactionind": "No",
        "subsequentRatingInd": "N",
        "contactPersonId": null,
        "complianceType": "CAMS",
        "complianceID": "",
        "ratingShellId": null,
        "ratingShellDS": null,
        "workItemStatus": null,
        "workItemType": null,
        "workItemSubType": null,
        "workItemReleaseDtm": null,
        "pressReleaseId": null,
        "securityClassNm": null,
        "shadowCd": null,
        "pressReleaseType": null,
        "pyrRatingType": null,
        "pacrEmail": null,
        "pacr": null,
        "chairEmail": null,
        "chair": null,
        "addendum": null,
        "addendumEmail": null
    },
    {
        "sourceSystem": "ACCURATE",
        "orgId": null,
        "ratingActionDesc": "HARVEST CLO XX DAC",
        "ratingActionID": "3448840",
        "ratingActionName": "HARVEST CLO XX DAC",
        "ratingCommitteeDate": "2020-09-23 00:00:00.0",
        "ratingOffice": "52",
        "ratingReleaseDate": "2020-09-24 05:15:55.786",
        "releaseDate": "2020-09-24 05:15:55.813",
        "lobname": "SFG",
        "sublobname": "Surv-COR-ABS",
        "region": "Europe",
        "leadAnalystID": "2741",
        "leadAnalystName": "Julie Ng",
        "leadAnalystUniqueId": "ngj",
        "analystEmail": "Julie.Ng@moodys.com",
        "analystLocation": "London - One Canada Square",
        "approverID": null,
        "approverName": " ",
        "officeName": "Moody's Investors Service Ltd.",
        "documentExceptionListingInd": "",
        "announcementInd": "",
        "automaticRating": "No",
        "definitiveRatingPrevProvisional": "No",
        "indicativeRatingInd": "N",
        "definitiveRatingInd": null,
        "linkedAnotherActionInd": "No",
        "privateRatingActionInd": "N",
        "provisionalRatingInd": "N",
        "secondaryactionind": "No",
        "subsequentRatingInd": "N",
        "contactPersonId": null,
        "complianceType": "CAMS",
        "complianceID": "104579",
        "ratingShellId": null,
        "ratingShellDS": null,
        "workItemStatus": null,
        "workItemType": null,
        "workItemSubType": null,
        "workItemReleaseDtm": null,
        "pressReleaseId": null,
        "securityClassNm": null,
        "shadowCd": null,
        "pressReleaseType": null,
        "pyrRatingType": null,
        "pacrEmail": null,
        "pacr": null,
        "chairEmail": null,
        "chair": null,
        "addendum": "Julie Ng ",
        "addendumEmail": "ngj@moodys.com"
    },
    {
        "sourceSystem": "ACCURATE",
        "orgId": null,
        "ratingActionDesc": "Royal Bank of Canada - 47",
        "ratingActionID": "3448851",
        "ratingActionName": "Royal Bank of Canada - 47",
        "ratingCommitteeDate": null,
        "ratingOffice": "71",
        "ratingReleaseDate": "2020-09-24 10:30:17.0",
        "releaseDate": "2020-09-24 10:30:20.24",
        "lobname": "FIG",
        "sublobname": "Banking",
        "region": "U.S.A. & Canada",
        "leadAnalystID": "6721",
        "leadAnalystName": "John Beattie",
        "leadAnalystUniqueId": "beattied",
        "analystEmail": "David.Beattie@moodys.com",
        "analystLocation": "Toronto - 70 York Street",
        "approverID": null,
        "approverName": " ",
        "officeName": "Moody's Canada Inc.",
        "documentExceptionListingInd": "",
        "announcementInd": "",
        "automaticRating": "Yes",
        "definitiveRatingPrevProvisional": "No",
        "indicativeRatingInd": "N",
        "definitiveRatingInd": null,
        "linkedAnotherActionInd": "No",
        "privateRatingActionInd": "N",
        "provisionalRatingInd": "N",
        "secondaryactionind": "No",
        "subsequentRatingInd": "",
        "contactPersonId": null,
        "complianceType": "CAMS",
        "complianceID": "",
        "ratingShellId": null,
        "ratingShellDS": null,
        "workItemStatus": null,
        "workItemType": null,
        "workItemSubType": null,
        "workItemReleaseDtm": null,
        "pressReleaseId": null,
        "securityClassNm": null,
        "shadowCd": null,
        "pressReleaseType": null,
        "pyrRatingType": null,
        "pacrEmail": null,
        "pacr": null,
        "chairEmail": null,
        "chair": null,
        "addendum": null,
        "addendumEmail": null
    },
    {
        "sourceSystem": "ACCURATE",
        "orgId": null,
        "ratingActionDesc": "Avoca CLO XX Designated Activity Company",
        "ratingActionID": "3448869",
        "ratingActionName": "Avoca CLO XX Designated Activity Company",
        "ratingCommitteeDate": "2020-09-23 00:00:00.0",
        "ratingOffice": "52",
        "ratingReleaseDate": "2020-09-24 12:01:22.736",
        "releaseDate": "2020-09-24 12:01:22.746",
        "lobname": "SFG",
        "sublobname": "Surv-COR-CMBS",
        "region": "Europe",
        "leadAnalystID": "22129",
        "leadAnalystName": "Alejandro Gomar Beltran",
        "leadAnalystUniqueId": "beltrana",
        "analystEmail": "Alejandro.GomarBeltran@moodys.com",
        "analystLocation": "London - One Canada Square",
        "approverID": null,
        "approverName": " ",
        "officeName": "Moody's Investors Service Ltd.",
        "documentExceptionListingInd": "",
        "announcementInd": "",
        "automaticRating": "No",
        "definitiveRatingPrevProvisional": "No",
        "indicativeRatingInd": "N",
        "definitiveRatingInd": null,
        "linkedAnotherActionInd": "No",
        "privateRatingActionInd": "N",
        "provisionalRatingInd": "N",
        "secondaryactionind": "No",
        "subsequentRatingInd": "N",
        "contactPersonId": null,
        "complianceType": "CAMS",
        "complianceID": "104790",
        "ratingShellId": null,
        "ratingShellDS": null,
        "workItemStatus": null,
        "workItemType": null,
        "workItemSubType": null,
        "workItemReleaseDtm": null,
        "pressReleaseId": null,
        "securityClassNm": null,
        "shadowCd": null,
        "pressReleaseType": null,
        "pyrRatingType": null,
        "pacrEmail": null,
        "pacr": null,
        "chairEmail": null,
        "chair": null,
        "addendum": "Alejandro Gomar Beltran ",
        "addendumEmail": "BeltranA@moodys.com"
    },
    {
        "sourceSystem": "ACCURATE",
        "orgId": null,
        "ratingActionDesc": "BofA Finance LLC - 46",
        "ratingActionID": "3448950",
        "ratingActionName": "BofA Finance LLC - 46",
        "ratingCommitteeDate": null,
        "ratingOffice": "51",
        "ratingReleaseDate": "2020-09-23 05:41:52.0",
        "releaseDate": "2020-09-23 05:42:06.836",
        "lobname": "FIG",
        "sublobname": "Banking",
        "region": "U.S.A. & Canada",
        "leadAnalystID": "467",
        "leadAnalystName": "David Fanger",
        "leadAnalystUniqueId": "fangerd",
        "analystEmail": "David.Fanger@moodys.com",
        "analystLocation": "New York - 7 World Trade Center",
        "approverID": null,
        "approverName": " ",
        "officeName": "Moody's Investors Service, Inc.",
        "documentExceptionListingInd": "",
        "announcementInd": "",
        "automaticRating": "Yes",
        "definitiveRatingPrevProvisional": "No",
        "indicativeRatingInd": "N",
        "definitiveRatingInd": null,
        "linkedAnotherActionInd": "No",
        "privateRatingActionInd": "N",
        "provisionalRatingInd": "N",
        "secondaryactionind": "No",
        "subsequentRatingInd": "",
        "contactPersonId": null,
        "complianceType": "CAMS",
        "complianceID": "",
        "ratingShellId": null,
        "ratingShellDS": null,
        "workItemStatus": null,
        "workItemType": null,
        "workItemSubType": null,
        "workItemReleaseDtm": null,
        "pressReleaseId": null,
        "securityClassNm": null,
        "shadowCd": null,
        "pressReleaseType": null,
        "pyrRatingType": null,
        "pacrEmail": null,
        "pacr": null,
        "chairEmail": null,
        "chair": null,
        "addendum": null,
        "addendumEmail": null
    },
    {
        "sourceSystem": "ACCURATE",
        "orgId": null,
        "ratingActionDesc": "SANTANDER CONSUMER SPAIN AUTO 2020-1, FT",
        "ratingActionID": "3449634",
        "ratingActionName": "SANTANDER CONSUMER SPAIN AUTO 2020-1, FT",
        "ratingCommitteeDate": "2020-09-21 00:00:00.0",
        "ratingOffice": "69",
        "ratingReleaseDate": "2020-09-25 12:55:48.0",
        "releaseDate": "2020-09-25 12:56:09.223",
        "lobname": "SFG",
        "sublobname": "NR-COS-RMBS",
        "region": "Europe",
        "leadAnalystID": "7575",
        "leadAnalystName": "Juan Miguel Martin-Abde",
        "leadAnalystUniqueId": "abdej",
        "analystEmail": "JuanMiguel.Martin-Abde@moodys.com",
        "analystLocation": "Madrid - Calle Principe de Vergara, 131",
        "approverID": null,
        "approverName": " ",
        "officeName": "Moody's Investors Service Espana, S.A.",
        "documentExceptionListingInd": "",
        "announcementInd": "",
        "automaticRating": "No",
        "definitiveRatingPrevProvisional": "No",
        "indicativeRatingInd": "N",
        "definitiveRatingInd": null,
        "linkedAnotherActionInd": "No",
        "privateRatingActionInd": "N",
        "provisionalRatingInd": "N",
        "secondaryactionind": "No",
        "subsequentRatingInd": "N",
        "contactPersonId": null,
        "complianceType": "CAMS",
        "complianceID": "97789",
        "ratingShellId": null,
        "ratingShellDS": null,
        "workItemStatus": null,
        "workItemType": null,
        "workItemSubType": null,
        "workItemReleaseDtm": null,
        "pressReleaseId": null,
        "securityClassNm": null,
        "shadowCd": null,
        "pressReleaseType": null,
        "pyrRatingType": null,
        "pacrEmail": null,
        "pacr": null,
        "chairEmail": null,
        "chair": null,
        "addendum": null,
        "addendumEmail": null
    },
    {
        "sourceSystem": "ACCURATE",
        "orgId": null,
        "ratingActionDesc": "Moody's upgrades two Notes in two Bumper Auto ABS transactions",
        "ratingActionID": "3449927",
        "ratingActionName": "Moody's upgrades two Notes in two Bumper Auto ABS transactions",
        "ratingCommitteeDate": "2020-09-18 00:00:00.0",
        "ratingOffice": "41",
        "ratingReleaseDate": "2020-09-23 13:26:38.0",
        "releaseDate": "2020-09-23 13:26:47.08",
        "lobname": "SFG",
        "sublobname": "Surv-COS-ABS",
        "region": "Europe",
        "leadAnalystID": "6387",
        "leadAnalystName": "Johann Grieneisen",
        "leadAnalystUniqueId": "grieneij",
        "analystEmail": "Johann.Grieneisen@moodys.com",
        "analystLocation": "Frankfurt - An der Welle 5",
        "approverID": null,
        "approverName": " ",
        "officeName": "Moody's Deutschland GmbH",
        "documentExceptionListingInd": "",
        "announcementInd": "",
        "automaticRating": "No",
        "definitiveRatingPrevProvisional": "No",
        "indicativeRatingInd": "N",
        "definitiveRatingInd": null,
        "linkedAnotherActionInd": "No",
        "privateRatingActionInd": "N",
        "provisionalRatingInd": "N",
        "secondaryactionind": "No",
        "subsequentRatingInd": "N",
        "contactPersonId": null,
        "complianceType": "CAMS",
        "complianceID": "104311",
        "ratingShellId": null,
        "ratingShellDS": null,
        "workItemStatus": null,
        "workItemType": null,
        "workItemSubType": null,
        "workItemReleaseDtm": null,
        "pressReleaseId": null,
        "securityClassNm": null,
        "shadowCd": null,
        "pressReleaseType": null,
        "pyrRatingType": null,
        "pacrEmail": null,
        "pacr": null,
        "chairEmail": null,
        "chair": null,
        "addendum": "Antonio Tena ",
        "addendumEmail": "TenaA@moodys.com"
    },
    {
        "sourceSystem": "ACCURATE",
        "orgId": null,
        "ratingActionDesc": null,
        "ratingActionID": "3449945",
        "ratingActionName": "1_PRO_CFG - Canadian Retail & B&S_Jonathan Reid _Moody's announces completion of a periodic review of ratings of Array Canada Inc.",
        "ratingCommitteeDate": null,
        "ratingOffice": "71",
        "ratingReleaseDate": "2020-09-24 16:06:23.583",
        "releaseDate": "2020-09-24 16:06:23.59",
        "lobname": "CFG",
        "sublobname": "CFG Regional",
        "region": "U.S.A. & Canada",
        "leadAnalystID": "7689",
        "leadAnalystName": "Jonathan Reid",
        "leadAnalystUniqueId": "reidj",
        "analystEmail": "Jonathan.Reid@moodys.com",
        "analystLocation": "Toronto - 70 York Street",
        "approverID": null,
        "approverName": " ",
        "officeName": "Moody's Canada Inc.",
        "documentExceptionListingInd": "Y",
        "announcementInd": "Y",
        "automaticRating": "Yes",
        "definitiveRatingPrevProvisional": "No",
        "indicativeRatingInd": "N",
        "definitiveRatingInd": null,
        "linkedAnotherActionInd": "No",
        "privateRatingActionInd": "",
        "provisionalRatingInd": "N",
        "secondaryactionind": "No",
        "subsequentRatingInd": "",
        "contactPersonId": null,
        "complianceType": "CAMS",
        "complianceID": "",
        "ratingShellId": null,
        "ratingShellDS": null,
        "workItemStatus": null,
        "workItemType": null,
        "workItemSubType": null,
        "workItemReleaseDtm": null,
        "pressReleaseId": null,
        "securityClassNm": null,
        "shadowCd": null,
        "pressReleaseType": null,
        "pyrRatingType": null,
        "pacrEmail": null,
        "pacr": null,
        "chairEmail": null,
        "chair": null,
        "addendum": null,
        "addendumEmail": null
    },
    {
        "sourceSystem": "ACCURATE",
        "orgId": null,
        "ratingActionDesc": null,
        "ratingActionID": "3449952",
        "ratingActionName": "1_PRO_CFG - Canadian Retail & B&S_Jonathan Reid _Moody's announces completion of a periodic review of ratings of Arterra Wines Canada, Inc.",
        "ratingCommitteeDate": null,
        "ratingOffice": "71",
        "ratingReleaseDate": "2020-09-24 16:06:27.266",
        "releaseDate": "2020-09-24 16:06:27.273",
        "lobname": "CFG",
        "sublobname": "CFG Regional",
        "region": "U.S.A. & Canada",
        "leadAnalystID": "7689",
        "leadAnalystName": "Jonathan Reid",
        "leadAnalystUniqueId": "reidj",
        "analystEmail": "Jonathan.Reid@moodys.com",
        "analystLocation": "Toronto - 70 York Street",
        "approverID": null,
        "approverName": " ",
        "officeName": "Moody's Canada Inc.",
        "documentExceptionListingInd": "Y",
        "announcementInd": "Y",
        "automaticRating": "Yes",
        "definitiveRatingPrevProvisional": "No",
        "indicativeRatingInd": "N",
        "definitiveRatingInd": null,
        "linkedAnotherActionInd": "No",
        "privateRatingActionInd": "",
        "provisionalRatingInd": "N",
        "secondaryactionind": "No",
        "subsequentRatingInd": "",
        "contactPersonId": null,
        "complianceType": "CAMS",
        "complianceID": "",
        "ratingShellId": null,
        "ratingShellDS": null,
        "workItemStatus": null,
        "workItemType": null,
        "workItemSubType": null,
        "workItemReleaseDtm": null,
        "pressReleaseId": null,
        "securityClassNm": null,
        "shadowCd": null,
        "pressReleaseType": null,
        "pyrRatingType": null,
        "pacrEmail": null,
        "pacr": null,
        "chairEmail": null,
        "chair": null,
        "addendum": null,
        "addendumEmail": null
    },
    {
        "sourceSystem": "ACCURATE",
        "orgId": null,
        "ratingActionDesc": null,
        "ratingActionID": "3449957",
        "ratingActionName": "1_PRO_CFG - Canadian Retail & B&S_Jonathan Reid _Moody's announces completion of a periodic review of ratings of BIFM CA Buyer Inc.",
        "ratingCommitteeDate": null,
        "ratingOffice": "71",
        "ratingReleaseDate": "2020-09-24 16:06:30.963",
        "releaseDate": "2020-09-24 16:06:30.97",
        "lobname": "CFG",
        "sublobname": "CFG Regional",
        "region": "U.S.A. & Canada",
        "leadAnalystID": "7689",
        "leadAnalystName": "Jonathan Reid",
        "leadAnalystUniqueId": "reidj",
        "analystEmail": "Jonathan.Reid@moodys.com",
        "analystLocation": "Toronto - 70 York Street",
        "approverID": null,
        "approverName": " ",
        "officeName": "Moody's Canada Inc.",
        "documentExceptionListingInd": "Y",
        "announcementInd": "Y",
        "automaticRating": "Yes",
        "definitiveRatingPrevProvisional": "No",
        "indicativeRatingInd": "N",
        "definitiveRatingInd": null,
        "linkedAnotherActionInd": "No",
        "privateRatingActionInd": "",
        "provisionalRatingInd": "N",
        "secondaryactionind": "No",
        "subsequentRatingInd": "",
        "contactPersonId": null,
        "complianceType": "CAMS",
        "complianceID": "",
        "ratingShellId": null,
        "ratingShellDS": null,
        "workItemStatus": null,
        "workItemType": null,
        "workItemSubType": null,
        "workItemReleaseDtm": null,
        "pressReleaseId": null,
        "securityClassNm": null,
        "shadowCd": null,
        "pressReleaseType": null,
        "pyrRatingType": null,
        "pacrEmail": null,
        "pacr": null,
        "chairEmail": null,
        "chair": null,
        "addendum": null,
        "addendumEmail": null
    },
    {
        "sourceSystem": "ACCURATE",
        "orgId": null,
        "ratingActionDesc": null,
        "ratingActionID": "3449967",
        "ratingActionName": "1_PRO_CFG - Canadian Retail & B&S_Jonathan Reid _Moody's announces completion of a periodic review of ratings of Celestica Inc.",
        "ratingCommitteeDate": null,
        "ratingOffice": "71",
        "ratingReleaseDate": "2020-09-24 16:06:20.14",
        "releaseDate": "2020-09-24 16:06:20.153",
        "lobname": "CFG",
        "sublobname": "CFG Regional",
        "region": "U.S.A. & Canada",
        "leadAnalystID": "7689",
        "leadAnalystName": "Jonathan Reid",
        "leadAnalystUniqueId": "reidj",
        "analystEmail": "Jonathan.Reid@moodys.com",
        "analystLocation": "Toronto - 70 York Street",
        "approverID": null,
        "approverName": " ",
        "officeName": "Moody's Canada Inc.",
        "documentExceptionListingInd": "Y",
        "announcementInd": "Y",
        "automaticRating": "Yes",
        "definitiveRatingPrevProvisional": "No",
        "indicativeRatingInd": "N",
        "definitiveRatingInd": null,
        "linkedAnotherActionInd": "No",
        "privateRatingActionInd": "",
        "provisionalRatingInd": "N",
        "secondaryactionind": "No",
        "subsequentRatingInd": "",
        "contactPersonId": null,
        "complianceType": "CAMS",
        "complianceID": "",
        "ratingShellId": null,
        "ratingShellDS": null,
        "workItemStatus": null,
        "workItemType": null,
        "workItemSubType": null,
        "workItemReleaseDtm": null,
        "pressReleaseId": null,
        "securityClassNm": null,
        "shadowCd": null,
        "pressReleaseType": null,
        "pyrRatingType": null,
        "pacrEmail": null,
        "pacr": null,
        "chairEmail": null,
        "chair": null,
        "addendum": null,
        "addendumEmail": null
    },
    {
        "sourceSystem": "ACCURATE",
        "orgId": null,
        "ratingActionDesc": null,
        "ratingActionID": "3449971",
        "ratingActionName": "1_PRO_CFG - Canadian Retail & B&S_Jonathan Reid _Moody's announces completion of a periodic review of ratings of Project Boost Purchaser, LLC",
        "ratingCommitteeDate": null,
        "ratingOffice": "71",
        "ratingReleaseDate": "2020-09-24 16:06:39.89",
        "releaseDate": "2020-09-24 16:06:39.9",
        "lobname": "CFG",
        "sublobname": "CFG Regional",
        "region": "U.S.A. & Canada",
        "leadAnalystID": "7689",
        "leadAnalystName": "Jonathan Reid",
        "leadAnalystUniqueId": "reidj",
        "analystEmail": "Jonathan.Reid@moodys.com",
        "analystLocation": "Toronto - 70 York Street",
        "approverID": null,
        "approverName": " ",
        "officeName": "Moody's Canada Inc.",
        "documentExceptionListingInd": "Y",
        "announcementInd": "Y",
        "automaticRating": "Yes",
        "definitiveRatingPrevProvisional": "No",
        "indicativeRatingInd": "N",
        "definitiveRatingInd": null,
        "linkedAnotherActionInd": "No",
        "privateRatingActionInd": "",
        "provisionalRatingInd": "N",
        "secondaryactionind": "No",
        "subsequentRatingInd": "",
        "contactPersonId": null,
        "complianceType": "CAMS",
        "complianceID": "",
        "ratingShellId": null,
        "ratingShellDS": null,
        "workItemStatus": null,
        "workItemType": null,
        "workItemSubType": null,
        "workItemReleaseDtm": null,
        "pressReleaseId": null,
        "securityClassNm": null,
        "shadowCd": null,
        "pressReleaseType": null,
        "pyrRatingType": null,
        "pacrEmail": null,
        "pacr": null,
        "chairEmail": null,
        "chair": null,
        "addendum": null,
        "addendumEmail": null
    },
    {
        "sourceSystem": "ACCURATE",
        "orgId": null,
        "ratingActionDesc": null,
        "ratingActionID": "3449980",
        "ratingActionName": "1_PRO_CFG - Canadian Retail & B&S_Jonathan Reid _Moody's announces completion of a periodic review of ratings of MLN US Holdco LLC",
        "ratingCommitteeDate": null,
        "ratingOffice": "71",
        "ratingReleaseDate": "2020-09-24 16:06:36.133",
        "releaseDate": "2020-09-24 16:06:36.143",
        "lobname": "CFG",
        "sublobname": "CFG Regional",
        "region": "U.S.A. & Canada",
        "leadAnalystID": "7689",
        "leadAnalystName": "Jonathan Reid",
        "leadAnalystUniqueId": "reidj",
        "analystEmail": "Jonathan.Reid@moodys.com",
        "analystLocation": "Toronto - 70 York Street",
        "approverID": null,
        "approverName": " ",
        "officeName": "Moody's Canada Inc.",
        "documentExceptionListingInd": "Y",
        "announcementInd": "Y",
        "automaticRating": "Yes",
        "definitiveRatingPrevProvisional": "No",
        "indicativeRatingInd": "N",
        "definitiveRatingInd": null,
        "linkedAnotherActionInd": "No",
        "privateRatingActionInd": "",
        "provisionalRatingInd": "N",
        "secondaryactionind": "No",
        "subsequentRatingInd": "",
        "contactPersonId": null,
        "complianceType": "CAMS",
        "complianceID": "",
        "ratingShellId": null,
        "ratingShellDS": null,
        "workItemStatus": null,
        "workItemType": null,
        "workItemSubType": null,
        "workItemReleaseDtm": null,
        "pressReleaseId": null,
        "securityClassNm": null,
        "shadowCd": null,
        "pressReleaseType": null,
        "pyrRatingType": null,
        "pacrEmail": null,
        "pacr": null,
        "chairEmail": null,
        "chair": null,
        "addendum": null,
        "addendumEmail": null
    },
    {
        "sourceSystem": "ACCURATE",
        "orgId": null,
        "ratingActionDesc": null,
        "ratingActionID": "3449984",
        "ratingActionName": "1_PRO_CFG - Canadian Retail & B&S_Jonathan Reid _Moody's announces completion of a periodic review of ratings of Ritchie Bros. Auctioneers Incorporated",
        "ratingCommitteeDate": null,
        "ratingOffice": "71",
        "ratingReleaseDate": "2020-09-25 12:10:14.456",
        "releaseDate": "2020-09-25 12:10:14.473",
        "lobname": "CFG",
        "sublobname": "CFG Regional",
        "region": "U.S.A. & Canada",
        "leadAnalystID": "7689",
        "leadAnalystName": "Jonathan Reid",
        "leadAnalystUniqueId": "reidj",
        "analystEmail": "Jonathan.Reid@moodys.com",
        "analystLocation": "Toronto - 70 York Street",
        "approverID": null,
        "approverName": " ",
        "officeName": "Moody's Canada Inc.",
        "documentExceptionListingInd": "Y",
        "announcementInd": "Y",
        "automaticRating": "Yes",
        "definitiveRatingPrevProvisional": "No",
        "indicativeRatingInd": "N",
        "definitiveRatingInd": null,
        "linkedAnotherActionInd": "No",
        "privateRatingActionInd": "",
        "provisionalRatingInd": "N",
        "secondaryactionind": "No",
        "subsequentRatingInd": "",
        "contactPersonId": null,
        "complianceType": "CAMS",
        "complianceID": "",
        "ratingShellId": null,
        "ratingShellDS": null,
        "workItemStatus": null,
        "workItemType": null,
        "workItemSubType": null,
        "workItemReleaseDtm": null,
        "pressReleaseId": null,
        "securityClassNm": null,
        "shadowCd": null,
        "pressReleaseType": null,
        "pyrRatingType": null,
        "pacrEmail": null,
        "pacr": null,
        "chairEmail": null,
        "chair": null,
        "addendum": null,
        "addendumEmail": null
    },
    {
        "sourceSystem": "ACCURATE",
        "orgId": null,
        "ratingActionDesc": null,
        "ratingActionID": "3450002",
        "ratingActionName": "1_PRO_CFG - Canadian Retail & B&S_Jonathan Reid _Moody's announces completion of a periodic review of ratings of WildBrain Ltd.",
        "ratingCommitteeDate": null,
        "ratingOffice": "71",
        "ratingReleaseDate": "2020-09-24 16:06:44.383",
        "releaseDate": "2020-09-24 16:06:44.393",
        "lobname": "CFG",
        "sublobname": "CFG Regional",
        "region": "U.S.A. & Canada",
        "leadAnalystID": "7689",
        "leadAnalystName": "Jonathan Reid",
        "leadAnalystUniqueId": "reidj",
        "analystEmail": "Jonathan.Reid@moodys.com",
        "analystLocation": "Toronto - 70 York Street",
        "approverID": null,
        "approverName": " ",
        "officeName": "Moody's Canada Inc.",
        "documentExceptionListingInd": "Y",
        "announcementInd": "Y",
        "automaticRating": "Yes",
        "definitiveRatingPrevProvisional": "No",
        "indicativeRatingInd": "N",
        "definitiveRatingInd": null,
        "linkedAnotherActionInd": "No",
        "privateRatingActionInd": "",
        "provisionalRatingInd": "N",
        "secondaryactionind": "No",
        "subsequentRatingInd": "",
        "contactPersonId": null,
        "complianceType": "CAMS",
        "complianceID": "",
        "ratingShellId": null,
        "ratingShellDS": null,
        "workItemStatus": null,
        "workItemType": null,
        "workItemSubType": null,
        "workItemReleaseDtm": null,
        "pressReleaseId": null,
        "securityClassNm": null,
        "shadowCd": null,
        "pressReleaseType": null,
        "pyrRatingType": null,
        "pacrEmail": null,
        "pacr": null,
        "chairEmail": null,
        "chair": null,
        "addendum": null,
        "addendumEmail": null
    },
    {
        "sourceSystem": "ACCURATE",
        "orgId": null,
        "ratingActionDesc": null,
        "ratingActionID": "3450029",
        "ratingActionName": "1_PRO_CFG - Canadian Retail & B&S_Louis Ko _Moody's announces completion of a periodic review of ratings of AAG FH LP",
        "ratingCommitteeDate": null,
        "ratingOffice": "71",
        "ratingReleaseDate": "2020-09-24 13:08:35.893",
        "releaseDate": "2020-09-24 13:08:35.903",
        "lobname": "CFG",
        "sublobname": "CFG Regional",
        "region": "U.S.A. & Canada",
        "leadAnalystID": "7468",
        "leadAnalystName": "Louis Ko",
        "leadAnalystUniqueId": "kolo",
        "analystEmail": "Louis.Ko@moodys.com",
        "analystLocation": "Toronto - 70 York Street",
        "approverID": null,
        "approverName": " ",
        "officeName": "Moody's Canada Inc.",
        "documentExceptionListingInd": "Y",
        "announcementInd": "Y",
        "automaticRating": "Yes",
        "definitiveRatingPrevProvisional": "No",
        "indicativeRatingInd": "N",
        "definitiveRatingInd": null,
        "linkedAnotherActionInd": "No",
        "privateRatingActionInd": "",
        "provisionalRatingInd": "N",
        "secondaryactionind": "No",
        "subsequentRatingInd": "",
        "contactPersonId": null,
        "complianceType": "CAMS",
        "complianceID": "",
        "ratingShellId": null,
        "ratingShellDS": null,
        "workItemStatus": null,
        "workItemType": null,
        "workItemSubType": null,
        "workItemReleaseDtm": null,
        "pressReleaseId": null,
        "securityClassNm": null,
        "shadowCd": null,
        "pressReleaseType": null,
        "pyrRatingType": null,
        "pacrEmail": null,
        "pacr": null,
        "chairEmail": null,
        "chair": null,
        "addendum": null,
        "addendumEmail": null
    },
    {
        "sourceSystem": "ACCURATE",
        "orgId": null,
        "ratingActionDesc": null,
        "ratingActionID": "3450031",
        "ratingActionName": "1_PRO_CFG - Canadian Retail & B&S_Louis Ko _Moody's announces completion of a periodic review of ratings of Alimentation Couche-Tard, Inc.",
        "ratingCommitteeDate": null,
        "ratingOffice": "71",
        "ratingReleaseDate": "2020-09-24 13:08:39.49",
        "releaseDate": "2020-09-24 13:08:39.5",
        "lobname": "CFG",
        "sublobname": "CFG Regional",
        "region": "U.S.A. & Canada",
        "leadAnalystID": "7468",
        "leadAnalystName": "Louis Ko",
        "leadAnalystUniqueId": "kolo",
        "analystEmail": "Louis.Ko@moodys.com",
        "analystLocation": "Toronto - 70 York Street",
        "approverID": null,
        "approverName": " ",
        "officeName": "Moody's Canada Inc.",
        "documentExceptionListingInd": "Y",
        "announcementInd": "Y",
        "automaticRating": "Yes",
        "definitiveRatingPrevProvisional": "No",
        "indicativeRatingInd": "N",
        "definitiveRatingInd": null,
        "linkedAnotherActionInd": "No",
        "privateRatingActionInd": "",
        "provisionalRatingInd": "N",
        "secondaryactionind": "No",
        "subsequentRatingInd": "",
        "contactPersonId": null,
        "complianceType": "CAMS",
        "complianceID": "",
        "ratingShellId": null,
        "ratingShellDS": null,
        "workItemStatus": null,
        "workItemType": null,
        "workItemSubType": null,
        "workItemReleaseDtm": null,
        "pressReleaseId": null,
        "securityClassNm": null,
        "shadowCd": null,
        "pressReleaseType": null,
        "pyrRatingType": null,
        "pacrEmail": null,
        "pacr": null,
        "chairEmail": null,
        "chair": null,
        "addendum": null,
        "addendumEmail": null
    },
    {
        "sourceSystem": "ACCURATE",
        "orgId": null,
        "ratingActionDesc": null,
        "ratingActionID": "3450040",
        "ratingActionName": "1_PRO_CFG - Canadian Retail & B&S_Louis Ko _Moody's announces completion of a periodic review of ratings of Bombardier Rec Products, Inc.",
        "ratingCommitteeDate": null,
        "ratingOffice": "71",
        "ratingReleaseDate": "2020-09-24 13:08:43.34",
        "releaseDate": "2020-09-24 13:08:43.346",
        "lobname": "CFG",
        "sublobname": "CFG Regional",
        "region": "U.S.A. & Canada",
        "leadAnalystID": "7468",
        "leadAnalystName": "Louis Ko",
        "leadAnalystUniqueId": "kolo",
        "analystEmail": "Louis.Ko@moodys.com",
        "analystLocation": "Toronto - 70 York Street",
        "approverID": null,
        "approverName": " ",
        "officeName": "Moody's Canada Inc.",
        "documentExceptionListingInd": "Y",
        "announcementInd": "Y",
        "automaticRating": "Yes",
        "definitiveRatingPrevProvisional": "No",
        "indicativeRatingInd": "N",
        "definitiveRatingInd": null,
        "linkedAnotherActionInd": "No",
        "privateRatingActionInd": "",
        "provisionalRatingInd": "N",
        "secondaryactionind": "No",
        "subsequentRatingInd": "",
        "contactPersonId": null,
        "complianceType": "CAMS",
        "complianceID": "",
        "ratingShellId": null,
        "ratingShellDS": null,
        "workItemStatus": null,
        "workItemType": null,
        "workItemSubType": null,
        "workItemReleaseDtm": null,
        "pressReleaseId": null,
        "securityClassNm": null,
        "shadowCd": null,
        "pressReleaseType": null,
        "pyrRatingType": null,
        "pacrEmail": null,
        "pacr": null,
        "chairEmail": null,
        "chair": null,
        "addendum": null,
        "addendumEmail": null
    },
    {
        "sourceSystem": "ACCURATE",
        "orgId": null,
        "ratingActionDesc": null,
        "ratingActionID": "3450045",
        "ratingActionName": "1_PRO_CFG - Canadian Retail & B&S_Louis Ko _Moody's announces completion of a periodic review of ratings of Canadian Tire Corp. Ltd.",
        "ratingCommitteeDate": null,
        "ratingOffice": "71",
        "ratingReleaseDate": "2020-09-24 13:08:50.323",
        "releaseDate": "2020-09-24 13:08:50.33",
        "lobname": "CFG",
        "sublobname": "CFG Regional",
        "region": "U.S.A. & Canada",
        "leadAnalystID": "7468",
        "leadAnalystName": "Louis Ko",
        "leadAnalystUniqueId": "kolo",
        "analystEmail": "Louis.Ko@moodys.com",
        "analystLocation": "Toronto - 70 York Street",
        "approverID": null,
        "approverName": " ",
        "officeName": "Moody's Canada Inc.",
        "documentExceptionListingInd": "Y",
        "announcementInd": "Y",
        "automaticRating": "Yes",
        "definitiveRatingPrevProvisional": "No",
        "indicativeRatingInd": "N",
        "definitiveRatingInd": null,
        "linkedAnotherActionInd": "No",
        "privateRatingActionInd": "",
        "provisionalRatingInd": "N",
        "secondaryactionind": "No",
        "subsequentRatingInd": "",
        "contactPersonId": null,
        "complianceType": "CAMS",
        "complianceID": "",
        "ratingShellId": null,
        "ratingShellDS": null,
        "workItemStatus": null,
        "workItemType": null,
        "workItemSubType": null,
        "workItemReleaseDtm": null,
        "pressReleaseId": null,
        "securityClassNm": null,
        "shadowCd": null,
        "pressReleaseType": null,
        "pyrRatingType": null,
        "pacrEmail": null,
        "pacr": null,
        "chairEmail": null,
        "chair": null,
        "addendum": null,
        "addendumEmail": null
    },
    {
        "sourceSystem": "ACCURATE",
        "orgId": null,
        "ratingActionDesc": null,
        "ratingActionID": "3450050",
        "ratingActionName": "1_PRO_CFG - Canadian Retail & B&S_Louis Ko _Moody's announces completion of a periodic review of ratings of CCL Industries Inc.",
        "ratingCommitteeDate": null,
        "ratingOffice": "71",
        "ratingReleaseDate": "2020-09-24 13:08:47.186",
        "releaseDate": "2020-09-24 13:08:47.193",
        "lobname": "CFG",
        "sublobname": "CFG Regional",
        "region": "U.S.A. & Canada",
        "leadAnalystID": "7468",
        "leadAnalystName": "Louis Ko",
        "leadAnalystUniqueId": "kolo",
        "analystEmail": "Louis.Ko@moodys.com",
        "analystLocation": "Toronto - 70 York Street",
        "approverID": null,
        "approverName": " ",
        "officeName": "Moody's Canada Inc.",
        "documentExceptionListingInd": "Y",
        "announcementInd": "Y",
        "automaticRating": "Yes",
        "definitiveRatingPrevProvisional": "No",
        "indicativeRatingInd": "N",
        "definitiveRatingInd": null,
        "linkedAnotherActionInd": "No",
        "privateRatingActionInd": "",
        "provisionalRatingInd": "N",
        "secondaryactionind": "No",
        "subsequentRatingInd": "",
        "contactPersonId": null,
        "complianceType": "CAMS",
        "complianceID": "",
        "ratingShellId": null,
        "ratingShellDS": null,
        "workItemStatus": null,
        "workItemType": null,
        "workItemSubType": null,
        "workItemReleaseDtm": null,
        "pressReleaseId": null,
        "securityClassNm": null,
        "shadowCd": null,
        "pressReleaseType": null,
        "pyrRatingType": null,
        "pacrEmail": null,
        "pacr": null,
        "chairEmail": null,
        "chair": null,
        "addendum": null,
        "addendumEmail": null
    },
    {
        "sourceSystem": "ACCURATE",
        "orgId": null,
        "ratingActionDesc": null,
        "ratingActionID": "3450052",
        "ratingActionName": "1_PRO_CFG - Canadian Retail & B&S_Louis Ko _Moody's announces completion of a periodic review of ratings of Clearwater Seafoods Incorporated",
        "ratingCommitteeDate": null,
        "ratingOffice": "71",
        "ratingReleaseDate": "2020-09-24 13:08:53.736",
        "releaseDate": "2020-09-24 13:08:53.746",
        "lobname": "CFG",
        "sublobname": "CFG Regional",
        "region": "U.S.A. & Canada",
        "leadAnalystID": "7468",
        "leadAnalystName": "Louis Ko",
        "leadAnalystUniqueId": "kolo",
        "analystEmail": "Louis.Ko@moodys.com",
        "analystLocation": "Toronto - 70 York Street",
        "approverID": null,
        "approverName": " ",
        "officeName": "Moody's Canada Inc.",
        "documentExceptionListingInd": "Y",
        "announcementInd": "Y",
        "automaticRating": "Yes",
        "definitiveRatingPrevProvisional": "No",
        "indicativeRatingInd": "N",
        "definitiveRatingInd": null,
        "linkedAnotherActionInd": "No",
        "privateRatingActionInd": "",
        "provisionalRatingInd": "N",
        "secondaryactionind": "No",
        "subsequentRatingInd": "",
        "contactPersonId": null,
        "complianceType": "CAMS",
        "complianceID": "",
        "ratingShellId": null,
        "ratingShellDS": null,
        "workItemStatus": null,
        "workItemType": null,
        "workItemSubType": null,
        "workItemReleaseDtm": null,
        "pressReleaseId": null,
        "securityClassNm": null,
        "shadowCd": null,
        "pressReleaseType": null,
        "pyrRatingType": null,
        "pacrEmail": null,
        "pacr": null,
        "chairEmail": null,
        "chair": null,
        "addendum": null,
        "addendumEmail": null
    },
    {
        "sourceSystem": "ACCURATE",
        "orgId": null,
        "ratingActionDesc": null,
        "ratingActionID": "3450060",
        "ratingActionName": "1_PRO_CFG - Canadian Retail & B&S_Louis Ko _Moody's announces completion of a periodic review of ratings of Cooke Omega Investments Inc.",
        "ratingCommitteeDate": null,
        "ratingOffice": "71",
        "ratingReleaseDate": "2020-09-24 13:08:57.06",
        "releaseDate": "2020-09-24 13:08:57.07",
        "lobname": "CFG",
        "sublobname": "CFG Regional",
        "region": "U.S.A. & Canada",
        "leadAnalystID": "7468",
        "leadAnalystName": "Louis Ko",
        "leadAnalystUniqueId": "kolo",
        "analystEmail": "Louis.Ko@moodys.com",
        "analystLocation": "Toronto - 70 York Street",
        "approverID": null,
        "approverName": " ",
        "officeName": "Moody's Canada Inc.",
        "documentExceptionListingInd": "Y",
        "announcementInd": "Y",
        "automaticRating": "Yes",
        "definitiveRatingPrevProvisional": "No",
        "indicativeRatingInd": "N",
        "definitiveRatingInd": null,
        "linkedAnotherActionInd": "No",
        "privateRatingActionInd": "",
        "provisionalRatingInd": "N",
        "secondaryactionind": "No",
        "subsequentRatingInd": "",
        "contactPersonId": null,
        "complianceType": "CAMS",
        "complianceID": "",
        "ratingShellId": null,
        "ratingShellDS": null,
        "workItemStatus": null,
        "workItemType": null,
        "workItemSubType": null,
        "workItemReleaseDtm": null,
        "pressReleaseId": null,
        "securityClassNm": null,
        "shadowCd": null,
        "pressReleaseType": null,
        "pyrRatingType": null,
        "pacrEmail": null,
        "pacr": null,
        "chairEmail": null,
        "chair": null,
        "addendum": null,
        "addendumEmail": null
    },
    {
        "sourceSystem": "ACCURATE",
        "orgId": null,
        "ratingActionDesc": null,
        "ratingActionID": "3450062",
        "ratingActionName": "1_PRO_CFG - Canadian Retail & B&S_Louis Ko _Moody's announces completion of a periodic review of ratings of Dollarama Inc.",
        "ratingCommitteeDate": null,
        "ratingOffice": "71",
        "ratingReleaseDate": "2020-09-24 13:09:00.94",
        "releaseDate": "2020-09-24 13:09:00.95",
        "lobname": "CFG",
        "sublobname": "CFG Regional",
        "region": "U.S.A. & Canada",
        "leadAnalystID": "7468",
        "leadAnalystName": "Louis Ko",
        "leadAnalystUniqueId": "kolo",
        "analystEmail": "Louis.Ko@moodys.com",
        "analystLocation": "Toronto - 70 York Street",
        "approverID": null,
        "approverName": " ",
        "officeName": "Moody's Canada Inc.",
        "documentExceptionListingInd": "Y",
        "announcementInd": "Y",
        "automaticRating": "Yes",
        "definitiveRatingPrevProvisional": "No",
        "indicativeRatingInd": "N",
        "definitiveRatingInd": null,
        "linkedAnotherActionInd": "No",
        "privateRatingActionInd": "",
        "provisionalRatingInd": "N",
        "secondaryactionind": "No",
        "subsequentRatingInd": "",
        "contactPersonId": null,
        "complianceType": "CAMS",
        "complianceID": "",
        "ratingShellId": null,
        "ratingShellDS": null,
        "workItemStatus": null,
        "workItemType": null,
        "workItemSubType": null,
        "workItemReleaseDtm": null,
        "pressReleaseId": null,
        "securityClassNm": null,
        "shadowCd": null,
        "pressReleaseType": null,
        "pyrRatingType": null,
        "pacrEmail": null,
        "pacr": null,
        "chairEmail": null,
        "chair": null,
        "addendum": null,
        "addendumEmail": null
    },
    {
        "sourceSystem": "ACCURATE",
        "orgId": null,
        "ratingActionDesc": null,
        "ratingActionID": "3450066",
        "ratingActionName": "1_PRO_CFG - Canadian Retail & B&S_Louis Ko _Moody's announces completion of a periodic review of ratings of Garda World Security Corporation",
        "ratingCommitteeDate": null,
        "ratingOffice": "71",
        "ratingReleaseDate": "2020-09-24 13:09:08.393",
        "releaseDate": "2020-09-24 13:09:08.406",
        "lobname": "CFG",
        "sublobname": "CFG Regional",
        "region": "U.S.A. & Canada",
        "leadAnalystID": "7468",
        "leadAnalystName": "Louis Ko",
        "leadAnalystUniqueId": "kolo",
        "analystEmail": "Louis.Ko@moodys.com",
        "analystLocation": "Toronto - 70 York Street",
        "approverID": null,
        "approverName": " ",
        "officeName": "Moody's Canada Inc.",
        "documentExceptionListingInd": "Y",
        "announcementInd": "Y",
        "automaticRating": "Yes",
        "definitiveRatingPrevProvisional": "No",
        "indicativeRatingInd": "N",
        "definitiveRatingInd": null,
        "linkedAnotherActionInd": "No",
        "privateRatingActionInd": "",
        "provisionalRatingInd": "N",
        "secondaryactionind": "No",
        "subsequentRatingInd": "",
        "contactPersonId": null,
        "complianceType": "CAMS",
        "complianceID": "",
        "ratingShellId": null,
        "ratingShellDS": null,
        "workItemStatus": null,
        "workItemType": null,
        "workItemSubType": null,
        "workItemReleaseDtm": null,
        "pressReleaseId": null,
        "securityClassNm": null,
        "shadowCd": null,
        "pressReleaseType": null,
        "pyrRatingType": null,
        "pacrEmail": null,
        "pacr": null,
        "chairEmail": null,
        "chair": null,
        "addendum": null,
        "addendumEmail": null
    },
    {
        "sourceSystem": "ACCURATE",
        "orgId": null,
        "ratingActionDesc": null,
        "ratingActionID": "3450068",
        "ratingActionName": "1_PRO_CFG - Canadian Retail & B&S_Louis Ko _Moody's announces completion of a periodic review of ratings of GFL Environmental Inc.",
        "ratingCommitteeDate": null,
        "ratingOffice": "71",
        "ratingReleaseDate": "2020-09-24 13:09:04.933",
        "releaseDate": "2020-09-24 13:09:04.946",
        "lobname": "CFG",
        "sublobname": "CFG Regional",
        "region": "U.S.A. & Canada",
        "leadAnalystID": "7468",
        "leadAnalystName": "Louis Ko",
        "leadAnalystUniqueId": "kolo",
        "analystEmail": "Louis.Ko@moodys.com",
        "analystLocation": "Toronto - 70 York Street",
        "approverID": null,
        "approverName": " ",
        "officeName": "Moody's Canada Inc.",
        "documentExceptionListingInd": "Y",
        "announcementInd": "Y",
        "automaticRating": "Yes",
        "definitiveRatingPrevProvisional": "No",
        "indicativeRatingInd": "N",
        "definitiveRatingInd": null,
        "linkedAnotherActionInd": "No",
        "privateRatingActionInd": "",
        "provisionalRatingInd": "N",
        "secondaryactionind": "No",
        "subsequentRatingInd": "",
        "contactPersonId": null,
        "complianceType": "CAMS",
        "complianceID": "",
        "ratingShellId": null,
        "ratingShellDS": null,
        "workItemStatus": null,
        "workItemType": null,
        "workItemSubType": null,
        "workItemReleaseDtm": null,
        "pressReleaseId": null,
        "securityClassNm": null,
        "shadowCd": null,
        "pressReleaseType": null,
        "pyrRatingType": null,
        "pacrEmail": null,
        "pacr": null,
        "chairEmail": null,
        "chair": null,
        "addendum": null,
        "addendumEmail": null
    },
    {
        "sourceSystem": "ACCURATE",
        "orgId": null,
        "ratingActionDesc": null,
        "ratingActionID": "3450070",
        "ratingActionName": "1_PRO_CFG - Canadian Retail & B&S_Louis Ko _Moody's announces completion of a periodic review of ratings of High Liner Foods Incorporated",
        "ratingCommitteeDate": null,
        "ratingOffice": "71",
        "ratingReleaseDate": "2020-09-24 13:09:12.106",
        "releaseDate": "2020-09-24 13:09:12.116",
        "lobname": "CFG",
        "sublobname": "CFG Regional",
        "region": "U.S.A. & Canada",
        "leadAnalystID": "7468",
        "leadAnalystName": "Louis Ko",
        "leadAnalystUniqueId": "kolo",
        "analystEmail": "Louis.Ko@moodys.com",
        "analystLocation": "Toronto - 70 York Street",
        "approverID": null,
        "approverName": " ",
        "officeName": "Moody's Canada Inc.",
        "documentExceptionListingInd": "Y",
        "announcementInd": "Y",
        "automaticRating": "Yes",
        "definitiveRatingPrevProvisional": "No",
        "indicativeRatingInd": "N",
        "definitiveRatingInd": null,
        "linkedAnotherActionInd": "No",
        "privateRatingActionInd": "",
        "provisionalRatingInd": "N",
        "secondaryactionind": "No",
        "subsequentRatingInd": "",
        "contactPersonId": null,
        "complianceType": "CAMS",
        "complianceID": "",
        "ratingShellId": null,
        "ratingShellDS": null,
        "workItemStatus": null,
        "workItemType": null,
        "workItemSubType": null,
        "workItemReleaseDtm": null,
        "pressReleaseId": null,
        "securityClassNm": null,
        "shadowCd": null,
        "pressReleaseType": null,
        "pyrRatingType": null,
        "pacrEmail": null,
        "pacr": null,
        "chairEmail": null,
        "chair": null,
        "addendum": null,
        "addendumEmail": null
    },
    {
        "sourceSystem": "ACCURATE",
        "orgId": null,
        "ratingActionDesc": null,
        "ratingActionID": "3450072",
        "ratingActionName": "1_PRO_CFG - Canadian Retail & B&S_Louis Ko _Moody's announces completion of a periodic review of ratings of Husky III Holding Limited",
        "ratingCommitteeDate": null,
        "ratingOffice": "71",
        "ratingReleaseDate": "2020-09-24 13:09:16.683",
        "releaseDate": "2020-09-24 13:09:16.696",
        "lobname": "CFG",
        "sublobname": "CFG Regional",
        "region": "U.S.A. & Canada",
        "leadAnalystID": "7468",
        "leadAnalystName": "Louis Ko",
        "leadAnalystUniqueId": "kolo",
        "analystEmail": "Louis.Ko@moodys.com",
        "analystLocation": "Toronto - 70 York Street",
        "approverID": null,
        "approverName": " ",
        "officeName": "Moody's Canada Inc.",
        "documentExceptionListingInd": "Y",
        "announcementInd": "Y",
        "automaticRating": "Yes",
        "definitiveRatingPrevProvisional": "No",
        "indicativeRatingInd": "N",
        "definitiveRatingInd": null,
        "linkedAnotherActionInd": "No",
        "privateRatingActionInd": "",
        "provisionalRatingInd": "N",
        "secondaryactionind": "No",
        "subsequentRatingInd": "",
        "contactPersonId": null,
        "complianceType": "CAMS",
        "complianceID": "",
        "ratingShellId": null,
        "ratingShellDS": null,
        "workItemStatus": null,
        "workItemType": null,
        "workItemSubType": null,
        "workItemReleaseDtm": null,
        "pressReleaseId": null,
        "securityClassNm": null,
        "shadowCd": null,
        "pressReleaseType": null,
        "pyrRatingType": null,
        "pacrEmail": null,
        "pacr": null,
        "chairEmail": null,
        "chair": null,
        "addendum": null,
        "addendumEmail": null
    },
    {
        "sourceSystem": "ACCURATE",
        "orgId": null,
        "ratingActionDesc": null,
        "ratingActionID": "3450075",
        "ratingActionName": "1_PRO_CFG - Canadian Retail & B&S_Louis Ko _Moody's announces completion of a periodic review of ratings of Intelligent Packaging Limited Finco Inc.",
        "ratingCommitteeDate": null,
        "ratingOffice": "71",
        "ratingReleaseDate": "2020-09-24 13:22:53.26",
        "releaseDate": "2020-09-24 13:22:53.286",
        "lobname": "CFG",
        "sublobname": "CFG Regional",
        "region": "U.S.A. & Canada",
        "leadAnalystID": "7468",
        "leadAnalystName": "Louis Ko",
        "leadAnalystUniqueId": "kolo",
        "analystEmail": "Louis.Ko@moodys.com",
        "analystLocation": "Toronto - 70 York Street",
        "approverID": null,
        "approverName": " ",
        "officeName": "Moody's Canada Inc.",
        "documentExceptionListingInd": "Y",
        "announcementInd": "Y",
        "automaticRating": "Yes",
        "definitiveRatingPrevProvisional": "No",
        "indicativeRatingInd": "N",
        "definitiveRatingInd": null,
        "linkedAnotherActionInd": "No",
        "privateRatingActionInd": "",
        "provisionalRatingInd": "N",
        "secondaryactionind": "No",
        "subsequentRatingInd": "",
        "contactPersonId": null,
        "complianceType": "CAMS",
        "complianceID": "",
        "ratingShellId": null,
        "ratingShellDS": null,
        "workItemStatus": null,
        "workItemType": null,
        "workItemSubType": null,
        "workItemReleaseDtm": null,
        "pressReleaseId": null,
        "securityClassNm": null,
        "shadowCd": null,
        "pressReleaseType": null,
        "pyrRatingType": null,
        "pacrEmail": null,
        "pacr": null,
        "chairEmail": null,
        "chair": null,
        "addendum": null,
        "addendumEmail": null
    },
    {
        "sourceSystem": "ACCURATE",
        "orgId": null,
        "ratingActionDesc": null,
        "ratingActionID": "3450078",
        "ratingActionName": "1_PRO_CFG - Canadian Retail & B&S_Louis Ko _Moody's announces completion of a periodic review of ratings of Kronos Acquisition Holdings Inc.",
        "ratingCommitteeDate": null,
        "ratingOffice": "71",
        "ratingReleaseDate": "2020-09-24 13:22:56.83",
        "releaseDate": "2020-09-24 13:22:56.836",
        "lobname": "CFG",
        "sublobname": "CFG Regional",
        "region": "U.S.A. & Canada",
        "leadAnalystID": "7468",
        "leadAnalystName": "Louis Ko",
        "leadAnalystUniqueId": "kolo",
        "analystEmail": "Louis.Ko@moodys.com",
        "analystLocation": "Toronto - 70 York Street",
        "approverID": null,
        "approverName": " ",
        "officeName": "Moody's Canada Inc.",
        "documentExceptionListingInd": "Y",
        "announcementInd": "Y",
        "automaticRating": "Yes",
        "definitiveRatingPrevProvisional": "No",
        "indicativeRatingInd": "N",
        "definitiveRatingInd": null,
        "linkedAnotherActionInd": "No",
        "privateRatingActionInd": "",
        "provisionalRatingInd": "N",
        "secondaryactionind": "No",
        "subsequentRatingInd": "",
        "contactPersonId": null,
        "complianceType": "CAMS",
        "complianceID": "",
        "ratingShellId": null,
        "ratingShellDS": null,
        "workItemStatus": null,
        "workItemType": null,
        "workItemSubType": null,
        "workItemReleaseDtm": null,
        "pressReleaseId": null,
        "securityClassNm": null,
        "shadowCd": null,
        "pressReleaseType": null,
        "pyrRatingType": null,
        "pacrEmail": null,
        "pacr": null,
        "chairEmail": null,
        "chair": null,
        "addendum": null,
        "addendumEmail": null
    },
    {
        "sourceSystem": "ACCURATE",
        "orgId": null,
        "ratingActionDesc": null,
        "ratingActionID": "3450080",
        "ratingActionName": "1_PRO_CFG - Canadian Retail & B&S_Louis Ko _Moody's announces completion of a periodic review of ratings of Livingston International Inc.",
        "ratingCommitteeDate": null,
        "ratingOffice": "71",
        "ratingReleaseDate": "2020-09-24 13:23:00.436",
        "releaseDate": "2020-09-24 13:23:00.443",
        "lobname": "CFG",
        "sublobname": "CFG Regional",
        "region": "U.S.A. & Canada",
        "leadAnalystID": "7468",
        "leadAnalystName": "Louis Ko",
        "leadAnalystUniqueId": "kolo",
        "analystEmail": "Louis.Ko@moodys.com",
        "analystLocation": "Toronto - 70 York Street",
        "approverID": null,
        "approverName": " ",
        "officeName": "Moody's Canada Inc.",
        "documentExceptionListingInd": "Y",
        "announcementInd": "Y",
        "automaticRating": "Yes",
        "definitiveRatingPrevProvisional": "No",
        "indicativeRatingInd": "N",
        "definitiveRatingInd": null,
        "linkedAnotherActionInd": "No",
        "privateRatingActionInd": "",
        "provisionalRatingInd": "N",
        "secondaryactionind": "No",
        "subsequentRatingInd": "",
        "contactPersonId": null,
        "complianceType": "CAMS",
        "complianceID": "",
        "ratingShellId": null,
        "ratingShellDS": null,
        "workItemStatus": null,
        "workItemType": null,
        "workItemSubType": null,
        "workItemReleaseDtm": null,
        "pressReleaseId": null,
        "securityClassNm": null,
        "shadowCd": null,
        "pressReleaseType": null,
        "pyrRatingType": null,
        "pacrEmail": null,
        "pacr": null,
        "chairEmail": null,
        "chair": null,
        "addendum": null,
        "addendumEmail": null
    },
    {
        "sourceSystem": "ACCURATE",
        "orgId": null,
        "ratingActionDesc": null,
        "ratingActionID": "3450086",
        "ratingActionName": "1_PRO_CFG - Canadian Retail & B&S_Louis Ko _Moody's announces completion of a periodic review of ratings of Saputo Inc.",
        "ratingCommitteeDate": null,
        "ratingOffice": "71",
        "ratingReleaseDate": "2020-09-24 13:23:04.1",
        "releaseDate": "2020-09-24 13:23:04.106",
        "lobname": "CFG",
        "sublobname": "CFG Regional",
        "region": "U.S.A. & Canada",
        "leadAnalystID": "7468",
        "leadAnalystName": "Louis Ko",
        "leadAnalystUniqueId": "kolo",
        "analystEmail": "Louis.Ko@moodys.com",
        "analystLocation": "Toronto - 70 York Street",
        "approverID": null,
        "approverName": " ",
        "officeName": "Moody's Canada Inc.",
        "documentExceptionListingInd": "Y",
        "announcementInd": "Y",
        "automaticRating": "Yes",
        "definitiveRatingPrevProvisional": "No",
        "indicativeRatingInd": "N",
        "definitiveRatingInd": null,
        "linkedAnotherActionInd": "No",
        "privateRatingActionInd": "",
        "provisionalRatingInd": "N",
        "secondaryactionind": "No",
        "subsequentRatingInd": "",
        "contactPersonId": null,
        "complianceType": "CAMS",
        "complianceID": "",
        "ratingShellId": null,
        "ratingShellDS": null,
        "workItemStatus": null,
        "workItemType": null,
        "workItemSubType": null,
        "workItemReleaseDtm": null,
        "pressReleaseId": null,
        "securityClassNm": null,
        "shadowCd": null,
        "pressReleaseType": null,
        "pyrRatingType": null,
        "pacrEmail": null,
        "pacr": null,
        "chairEmail": null,
        "chair": null,
        "addendum": null,
        "addendumEmail": null
    },
    {
        "sourceSystem": "ACCURATE",
        "orgId": null,
        "ratingActionDesc": null,
        "ratingActionID": "3450088",
        "ratingActionName": "1_PRO_CFG - Canadian Retail & B&S_Louis Ko _Moody's announces completion of a periodic review of ratings of SunOpta Foods Inc.",
        "ratingCommitteeDate": null,
        "ratingOffice": "71",
        "ratingReleaseDate": "2020-09-24 13:36:29.48",
        "releaseDate": "2020-09-24 13:36:29.486",
        "lobname": "CFG",
        "sublobname": "CFG Regional",
        "region": "U.S.A. & Canada",
        "leadAnalystID": "7468",
        "leadAnalystName": "Louis Ko",
        "leadAnalystUniqueId": "kolo",
        "analystEmail": "Louis.Ko@moodys.com",
        "analystLocation": "Toronto - 70 York Street",
        "approverID": null,
        "approverName": " ",
        "officeName": "Moody's Canada Inc.",
        "documentExceptionListingInd": "Y",
        "announcementInd": "Y",
        "automaticRating": "Yes",
        "definitiveRatingPrevProvisional": "No",
        "indicativeRatingInd": "N",
        "definitiveRatingInd": null,
        "linkedAnotherActionInd": "No",
        "privateRatingActionInd": "",
        "provisionalRatingInd": "N",
        "secondaryactionind": "No",
        "subsequentRatingInd": "",
        "contactPersonId": null,
        "complianceType": "CAMS",
        "complianceID": "",
        "ratingShellId": null,
        "ratingShellDS": null,
        "workItemStatus": null,
        "workItemType": null,
        "workItemSubType": null,
        "workItemReleaseDtm": null,
        "pressReleaseId": null,
        "securityClassNm": null,
        "shadowCd": null,
        "pressReleaseType": null,
        "pyrRatingType": null,
        "pacrEmail": null,
        "pacr": null,
        "chairEmail": null,
        "chair": null,
        "addendum": null,
        "addendumEmail": null
    },
    {
        "sourceSystem": "ACCURATE",
        "orgId": null,
        "ratingActionDesc": null,
        "ratingActionID": "3450090",
        "ratingActionName": "1_PRO_CFG - Canadian Retail & B&S_Louis Ko _Moody's announces completion of a periodic review of ratings of Trader Corporation",
        "ratingCommitteeDate": null,
        "ratingOffice": "71",
        "ratingReleaseDate": "2020-09-24 13:36:33.133",
        "releaseDate": "2020-09-24 13:36:33.156",
        "lobname": "CFG",
        "sublobname": "CFG Regional",
        "region": "U.S.A. & Canada",
        "leadAnalystID": "7468",
        "leadAnalystName": "Louis Ko",
        "leadAnalystUniqueId": "kolo",
        "analystEmail": "Louis.Ko@moodys.com",
        "analystLocation": "Toronto - 70 York Street",
        "approverID": null,
        "approverName": " ",
        "officeName": "Moody's Canada Inc.",
        "documentExceptionListingInd": "Y",
        "announcementInd": "Y",
        "automaticRating": "Yes",
        "definitiveRatingPrevProvisional": "No",
        "indicativeRatingInd": "N",
        "definitiveRatingInd": null,
        "linkedAnotherActionInd": "No",
        "privateRatingActionInd": "",
        "provisionalRatingInd": "N",
        "secondaryactionind": "No",
        "subsequentRatingInd": "",
        "contactPersonId": null,
        "complianceType": "CAMS",
        "complianceID": "",
        "ratingShellId": null,
        "ratingShellDS": null,
        "workItemStatus": null,
        "workItemType": null,
        "workItemSubType": null,
        "workItemReleaseDtm": null,
        "pressReleaseId": null,
        "securityClassNm": null,
        "shadowCd": null,
        "pressReleaseType": null,
        "pyrRatingType": null,
        "pacrEmail": null,
        "pacr": null,
        "chairEmail": null,
        "chair": null,
        "addendum": null,
        "addendumEmail": null
    },
    {
        "sourceSystem": "ACCURATE",
        "orgId": null,
        "ratingActionDesc": null,
        "ratingActionID": "3450092",
        "ratingActionName": "1_PRO_CFG - Canadian Retail & B&S_Paresh Chari _Moody's announces completion of a periodic review of ratings of Parkland Corporation",
        "ratingCommitteeDate": null,
        "ratingOffice": "71",
        "ratingReleaseDate": "2020-09-24 10:26:39.793",
        "releaseDate": "2020-09-24 10:26:39.803",
        "lobname": "CFG",
        "sublobname": "CFG Regional",
        "region": "U.S.A. & Canada",
        "leadAnalystID": "7167",
        "leadAnalystName": "Paresh Chari",
        "leadAnalystUniqueId": "charip",
        "analystEmail": "Paresh.Chari@moodys.com",
        "analystLocation": "Toronto - 70 York Street",
        "approverID": null,
        "approverName": " ",
        "officeName": "Moody's Canada Inc.",
        "documentExceptionListingInd": "Y",
        "announcementInd": "Y",
        "automaticRating": "Yes",
        "definitiveRatingPrevProvisional": "No",
        "indicativeRatingInd": "N",
        "definitiveRatingInd": null,
        "linkedAnotherActionInd": "No",
        "privateRatingActionInd": "",
        "provisionalRatingInd": "N",
        "secondaryactionind": "No",
        "subsequentRatingInd": "",
        "contactPersonId": null,
        "complianceType": "CAMS",
        "complianceID": "",
        "ratingShellId": null,
        "ratingShellDS": null,
        "workItemStatus": null,
        "workItemType": null,
        "workItemSubType": null,
        "workItemReleaseDtm": null,
        "pressReleaseId": null,
        "securityClassNm": null,
        "shadowCd": null,
        "pressReleaseType": null,
        "pyrRatingType": null,
        "pacrEmail": null,
        "pacr": null,
        "chairEmail": null,
        "chair": null,
        "addendum": null,
        "addendumEmail": null
    },
    {
        "sourceSystem": "ACCURATE",
        "orgId": null,
        "ratingActionDesc": null,
        "ratingActionID": "3450109",
        "ratingActionName": "1_PRO_CFG - Canadian Retail & B&S_Whitney Leavens _Moody's announces completion of a periodic review of ratings of ATS Automation Tooling Systems Inc.",
        "ratingCommitteeDate": null,
        "ratingOffice": "71",
        "ratingReleaseDate": "2020-09-24 17:36:36.3",
        "releaseDate": "2020-09-24 17:36:36.31",
        "lobname": "CFG",
        "sublobname": "CFG Regional",
        "region": "U.S.A. & Canada",
        "leadAnalystID": "7273",
        "leadAnalystName": "Whitney Leavens",
        "leadAnalystUniqueId": "leavensw",
        "analystEmail": "Whitney.Leavens@moodys.com",
        "analystLocation": "Toronto - 70 York Street",
        "approverID": null,
        "approverName": " ",
        "officeName": "Moody's Canada Inc.",
        "documentExceptionListingInd": "Y",
        "announcementInd": "Y",
        "automaticRating": "Yes",
        "definitiveRatingPrevProvisional": "No",
        "indicativeRatingInd": "N",
        "definitiveRatingInd": null,
        "linkedAnotherActionInd": "No",
        "privateRatingActionInd": "",
        "provisionalRatingInd": "N",
        "secondaryactionind": "No",
        "subsequentRatingInd": "",
        "contactPersonId": null,
        "complianceType": "CAMS",
        "complianceID": "",
        "ratingShellId": null,
        "ratingShellDS": null,
        "workItemStatus": null,
        "workItemType": null,
        "workItemSubType": null,
        "workItemReleaseDtm": null,
        "pressReleaseId": null,
        "securityClassNm": null,
        "shadowCd": null,
        "pressReleaseType": null,
        "pyrRatingType": null,
        "pacrEmail": null,
        "pacr": null,
        "chairEmail": null,
        "chair": null,
        "addendum": null,
        "addendumEmail": null
    },
    {
        "sourceSystem": "ACCURATE",
        "orgId": null,
        "ratingActionDesc": null,
        "ratingActionID": "3450111",
        "ratingActionName": "1_PRO_CFG - Canadian Retail & B&S_Whitney Leavens _Moody's announces completion of a periodic review of ratings of Dentalcorp Health Services ULC",
        "ratingCommitteeDate": null,
        "ratingOffice": "71",
        "ratingReleaseDate": "2020-09-24 17:36:32.723",
        "releaseDate": "2020-09-24 17:36:32.73",
        "lobname": "CFG",
        "sublobname": "CFG Regional",
        "region": "U.S.A. & Canada",
        "leadAnalystID": "7273",
        "leadAnalystName": "Whitney Leavens",
        "leadAnalystUniqueId": "leavensw",
        "analystEmail": "Whitney.Leavens@moodys.com",
        "analystLocation": "Toronto - 70 York Street",
        "approverID": null,
        "approverName": " ",
        "officeName": "Moody's Canada Inc.",
        "documentExceptionListingInd": "Y",
        "announcementInd": "Y",
        "automaticRating": "Yes",
        "definitiveRatingPrevProvisional": "No",
        "indicativeRatingInd": "N",
        "definitiveRatingInd": null,
        "linkedAnotherActionInd": "No",
        "privateRatingActionInd": "",
        "provisionalRatingInd": "N",
        "secondaryactionind": "No",
        "subsequentRatingInd": "",
        "contactPersonId": null,
        "complianceType": "CAMS",
        "complianceID": "",
        "ratingShellId": null,
        "ratingShellDS": null,
        "workItemStatus": null,
        "workItemType": null,
        "workItemSubType": null,
        "workItemReleaseDtm": null,
        "pressReleaseId": null,
        "securityClassNm": null,
        "shadowCd": null,
        "pressReleaseType": null,
        "pyrRatingType": null,
        "pacrEmail": null,
        "pacr": null,
        "chairEmail": null,
        "chair": null,
        "addendum": null,
        "addendumEmail": null
    },
    {
        "sourceSystem": "ACCURATE",
        "orgId": null,
        "ratingActionDesc": null,
        "ratingActionID": "3450113",
        "ratingActionName": "1_PRO_CFG - Canadian Retail & B&S_Whitney Leavens _Moody's announces completion of a periodic review of ratings of Gateway Casinos & Entertainment Limited",
        "ratingCommitteeDate": null,
        "ratingOffice": "71",
        "ratingReleaseDate": "2020-09-24 17:36:29.443",
        "releaseDate": "2020-09-24 17:36:29.45",
        "lobname": "CFG",
        "sublobname": "CFG Regional",
        "region": "U.S.A. & Canada",
        "leadAnalystID": "7273",
        "leadAnalystName": "Whitney Leavens",
        "leadAnalystUniqueId": "leavensw",
        "analystEmail": "Whitney.Leavens@moodys.com",
        "analystLocation": "Toronto - 70 York Street",
        "approverID": null,
        "approverName": " ",
        "officeName": "Moody's Canada Inc.",
        "documentExceptionListingInd": "Y",
        "announcementInd": "Y",
        "automaticRating": "Yes",
        "definitiveRatingPrevProvisional": "No",
        "indicativeRatingInd": "N",
        "definitiveRatingInd": null,
        "linkedAnotherActionInd": "No",
        "privateRatingActionInd": "",
        "provisionalRatingInd": "N",
        "secondaryactionind": "No",
        "subsequentRatingInd": "",
        "contactPersonId": null,
        "complianceType": "CAMS",
        "complianceID": "",
        "ratingShellId": null,
        "ratingShellDS": null,
        "workItemStatus": null,
        "workItemType": null,
        "workItemSubType": null,
        "workItemReleaseDtm": null,
        "pressReleaseId": null,
        "securityClassNm": null,
        "shadowCd": null,
        "pressReleaseType": null,
        "pyrRatingType": null,
        "pacrEmail": null,
        "pacr": null,
        "chairEmail": null,
        "chair": null,
        "addendum": null,
        "addendumEmail": null
    },
    {
        "sourceSystem": "ACCURATE",
        "orgId": null,
        "ratingActionDesc": null,
        "ratingActionID": "3450115",
        "ratingActionName": "1_PRO_CFG - Canadian Retail & B&S_Whitney Leavens _Moody's announces completion of a periodic review of ratings of Intertape Polymer Group Inc.",
        "ratingCommitteeDate": null,
        "ratingOffice": "71",
        "ratingReleaseDate": "2020-09-24 17:36:25.393",
        "releaseDate": "2020-09-24 17:36:25.4",
        "lobname": "CFG",
        "sublobname": "CFG Regional",
        "region": "U.S.A. & Canada",
        "leadAnalystID": "7273",
        "leadAnalystName": "Whitney Leavens",
        "leadAnalystUniqueId": "leavensw",
        "analystEmail": "Whitney.Leavens@moodys.com",
        "analystLocation": "Toronto - 70 York Street",
        "approverID": null,
        "approverName": " ",
        "officeName": "Moody's Canada Inc.",
        "documentExceptionListingInd": "Y",
        "announcementInd": "Y",
        "automaticRating": "Yes",
        "definitiveRatingPrevProvisional": "No",
        "indicativeRatingInd": "N",
        "definitiveRatingInd": null,
        "linkedAnotherActionInd": "No",
        "privateRatingActionInd": "",
        "provisionalRatingInd": "N",
        "secondaryactionind": "No",
        "subsequentRatingInd": "",
        "contactPersonId": null,
        "complianceType": "CAMS",
        "complianceID": "",
        "ratingShellId": null,
        "ratingShellDS": null,
        "workItemStatus": null,
        "workItemType": null,
        "workItemSubType": null,
        "workItemReleaseDtm": null,
        "pressReleaseId": null,
        "securityClassNm": null,
        "shadowCd": null,
        "pressReleaseType": null,
        "pyrRatingType": null,
        "pacrEmail": null,
        "pacr": null,
        "chairEmail": null,
        "chair": null,
        "addendum": null,
        "addendumEmail": null
    },
    {
        "sourceSystem": "ACCURATE",
        "orgId": null,
        "ratingActionDesc": null,
        "ratingActionID": "3450119",
        "ratingActionName": "1_PRO_CFG - Canadian Retail & B&S_Whitney Leavens _Moody's announces completion of a periodic review of ratings of Postmedia Network Inc.",
        "ratingCommitteeDate": null,
        "ratingOffice": "71",
        "ratingReleaseDate": "2020-09-24 17:36:21.413",
        "releaseDate": "2020-09-24 17:36:21.416",
        "lobname": "CFG",
        "sublobname": "CFG Regional",
        "region": "U.S.A. & Canada",
        "leadAnalystID": "7273",
        "leadAnalystName": "Whitney Leavens",
        "leadAnalystUniqueId": "leavensw",
        "analystEmail": "Whitney.Leavens@moodys.com",
        "analystLocation": "Toronto - 70 York Street",
        "approverID": null,
        "approverName": " ",
        "officeName": "Moody's Canada Inc.",
        "documentExceptionListingInd": "Y",
        "announcementInd": "Y",
        "automaticRating": "Yes",
        "definitiveRatingPrevProvisional": "No",
        "indicativeRatingInd": "N",
        "definitiveRatingInd": null,
        "linkedAnotherActionInd": "No",
        "privateRatingActionInd": "",
        "provisionalRatingInd": "N",
        "secondaryactionind": "No",
        "subsequentRatingInd": "",
        "contactPersonId": null,
        "complianceType": "CAMS",
        "complianceID": "",
        "ratingShellId": null,
        "ratingShellDS": null,
        "workItemStatus": null,
        "workItemType": null,
        "workItemSubType": null,
        "workItemReleaseDtm": null,
        "pressReleaseId": null,
        "securityClassNm": null,
        "shadowCd": null,
        "pressReleaseType": null,
        "pyrRatingType": null,
        "pacrEmail": null,
        "pacr": null,
        "chairEmail": null,
        "chair": null,
        "addendum": null,
        "addendumEmail": null
    },
    {
        "sourceSystem": "ACCURATE",
        "orgId": null,
        "ratingActionDesc": "Global Partners LP",
        "ratingActionID": "3450185",
        "ratingActionName": "Global Partners LP",
        "ratingCommitteeDate": "2020-09-14 00:00:00.0",
        "ratingOffice": "51",
        "ratingReleaseDate": "2020-09-23 11:15:22.0",
        "releaseDate": "2020-09-23 11:15:40.173",
        "lobname": "CFG",
        "sublobname": "CFG_NY-2",
        "region": "U.S.A. & Canada",
        "leadAnalystID": "7808",
        "leadAnalystName": "Jonathan Teitel",
        "leadAnalystUniqueId": "teitelj",
        "analystEmail": "Jonathan.Teitel@moodys.com",
        "analystLocation": "New York - 7 World Trade Center",
        "approverID": "29018942",
        "approverName": "Sreedhar Kona",
        "officeName": "Moody's Investors Service, Inc.",
        "documentExceptionListingInd": "",
        "announcementInd": "",
        "automaticRating": "No",
        "definitiveRatingPrevProvisional": "No",
        "indicativeRatingInd": "N",
        "definitiveRatingInd": null,
        "linkedAnotherActionInd": "No",
        "privateRatingActionInd": "N",
        "provisionalRatingInd": "N",
        "secondaryactionind": "No",
        "subsequentRatingInd": "N",
        "contactPersonId": null,
        "complianceType": "CAMS",
        "complianceID": "104385",
        "ratingShellId": null,
        "ratingShellDS": null,
        "workItemStatus": null,
        "workItemType": null,
        "workItemSubType": null,
        "workItemReleaseDtm": null,
        "pressReleaseId": null,
        "securityClassNm": null,
        "shadowCd": null,
        "pressReleaseType": null,
        "pyrRatingType": null,
        "pacrEmail": "Steven.Wood@moodys.com",
        "pacr": "Steve Wood",
        "chairEmail": "Elena.Nadtotchi@moodys.com",
        "chair": "Elena Nadtotchi",
        "addendum": "Eric Bayer ",
        "addendumEmail": "BayerE@moodys.com"
    },
    {
        "sourceSystem": "ACCURATE",
        "orgId": null,
        "ratingActionDesc": "[non-NRSRO] Bora Chiara3",
        "ratingActionID": "3450305",
        "ratingActionName": "[non-NRSRO] Bora Chiara3",
        "ratingCommitteeDate": "2020-09-18 00:00:00.0",
        "ratingOffice": "118",
        "ratingReleaseDate": "2020-09-25 00:19:10.0",
        "releaseDate": "2020-09-25 00:19:15.993",
        "lobname": "SFG",
        "sublobname": "Regional Surv",
        "region": "Asia Pacific",
        "leadAnalystID": "31254",
        "leadAnalystName": "Yusuke Nakamura",
        "leadAnalystUniqueId": "nakamuyu",
        "analystEmail": "Yusuke.Nakamura@moodys.com",
        "analystLocation": "Tokyo - Atago Green Hills Mori Tower 20fl",
        "approverID": null,
        "approverName": " ",
        "officeName": "Moody's SF Japan K.K.",
        "documentExceptionListingInd": "",
        "announcementInd": "",
        "automaticRating": "No",
        "definitiveRatingPrevProvisional": "No",
        "indicativeRatingInd": "N",
        "definitiveRatingInd": null,
        "linkedAnotherActionInd": "No",
        "privateRatingActionInd": "N",
        "provisionalRatingInd": "N",
        "secondaryactionind": "No",
        "subsequentRatingInd": "N",
        "contactPersonId": null,
        "complianceType": "CAMS",
        "complianceID": "104345",
        "ratingShellId": null,
        "ratingShellDS": null,
        "workItemStatus": null,
        "workItemType": null,
        "workItemSubType": null,
        "workItemReleaseDtm": null,
        "pressReleaseId": null,
        "securityClassNm": null,
        "shadowCd": null,
        "pressReleaseType": null,
        "pyrRatingType": null,
        "pacrEmail": null,
        "pacr": null,
        "chairEmail": null,
        "chair": null,
        "addendum": null,
        "addendumEmail": null
    },
    {
        "sourceSystem": "ACCURATE",
        "orgId": null,
        "ratingActionDesc": "Auto ABS French Leases 2018",
        "ratingActionID": "3450523",
        "ratingActionName": "Auto ABS French Leases 2018",
        "ratingCommitteeDate": "2020-09-22 00:00:00.0",
        "ratingOffice": "41",
        "ratingReleaseDate": "2020-09-25 10:26:47.0",
        "releaseDate": "2020-09-25 10:26:52.49",
        "lobname": "SFG",
        "sublobname": "Surv-COS-ABS",
        "region": "Europe",
        "leadAnalystID": "6387",
        "leadAnalystName": "Johann Grieneisen",
        "leadAnalystUniqueId": "grieneij",
        "analystEmail": "Johann.Grieneisen@moodys.com",
        "analystLocation": "Frankfurt - An der Welle 5",
        "approverID": null,
        "approverName": " ",
        "officeName": "Moody's Deutschland GmbH",
        "documentExceptionListingInd": "",
        "announcementInd": "",
        "automaticRating": "No",
        "definitiveRatingPrevProvisional": "No",
        "indicativeRatingInd": "N",
        "definitiveRatingInd": null,
        "linkedAnotherActionInd": "No",
        "privateRatingActionInd": "N",
        "provisionalRatingInd": "N",
        "secondaryactionind": "No",
        "subsequentRatingInd": "N",
        "contactPersonId": null,
        "complianceType": "CAMS",
        "complianceID": "104354",
        "ratingShellId": null,
        "ratingShellDS": null,
        "workItemStatus": null,
        "workItemType": null,
        "workItemSubType": null,
        "workItemReleaseDtm": null,
        "pressReleaseId": null,
        "securityClassNm": null,
        "shadowCd": null,
        "pressReleaseType": null,
        "pyrRatingType": null,
        "pacrEmail": null,
        "pacr": null,
        "chairEmail": null,
        "chair": null,
        "addendum": null,
        "addendumEmail": null
    },
    {
        "sourceSystem": "ACCURATE",
        "orgId": null,
        "ratingActionDesc": "UniCredit Bank AG - Mortgage Covered Bonds",
        "ratingActionID": "3450538",
        "ratingActionName": "UniCredit Bank AG - Mortgage Covered Bonds",
        "ratingCommitteeDate": null,
        "ratingOffice": "41",
        "ratingReleaseDate": "2020-09-24 07:50:14.0",
        "releaseDate": "2020-09-24 07:50:32.243",
        "lobname": "SFG",
        "sublobname": "NR-Covered Bonds",
        "region": "Europe",
        "leadAnalystID": "7475",
        "leadAnalystName": "Francesca Falconi",
        "leadAnalystUniqueId": "falconif",
        "analystEmail": "Francesca.Falconi@moodys.com",
        "analystLocation": "Frankfurt - An der Welle 5",
        "approverID": null,
        "approverName": " ",
        "officeName": "Moody's Deutschland GmbH",
        "documentExceptionListingInd": "Y",
        "announcementInd": "",
        "automaticRating": "No",
        "definitiveRatingPrevProvisional": "No",
        "indicativeRatingInd": "N",
        "definitiveRatingInd": null,
        "linkedAnotherActionInd": "No",
        "privateRatingActionInd": "N",
        "provisionalRatingInd": "N",
        "secondaryactionind": "No",
        "subsequentRatingInd": "Y",
        "contactPersonId": null,
        "complianceType": "CAMS",
        "complianceID": "",
        "ratingShellId": null,
        "ratingShellDS": null,
        "workItemStatus": null,
        "workItemType": null,
        "workItemSubType": null,
        "workItemReleaseDtm": null,
        "pressReleaseId": null,
        "securityClassNm": null,
        "shadowCd": null,
        "pressReleaseType": null,
        "pyrRatingType": null,
        "pacrEmail": null,
        "pacr": null,
        "chairEmail": null,
        "chair": null,
        "addendum": null,
        "addendumEmail": null
    },
    {
        "sourceSystem": "ACCURATE",
        "orgId": null,
        "ratingActionDesc": "SYTRAL",
        "ratingActionID": "3450633",
        "ratingActionName": "SYTRAL",
        "ratingCommitteeDate": "2020-09-18 00:00:00.0",
        "ratingOffice": "50",
        "ratingReleaseDate": "2020-09-23 13:38:11.0",
        "releaseDate": "2020-09-23 13:38:19.166",
        "lobname": "SOV",
        "sublobname": "Sub-Sovereign",
        "region": "Europe",
        "leadAnalystID": "7841",
        "leadAnalystName": "Matthieu Collette",
        "leadAnalystUniqueId": "collem",
        "analystEmail": "Matthieu.Collette@moodys.com",
        "analystLocation": "Paris - 19 boulevard Malesherbes",
        "approverID": "29031711",
        "approverName": "Matthieu Collette",
        "officeName": "Moody's France SAS",
        "documentExceptionListingInd": "",
        "announcementInd": "",
        "automaticRating": "No",
        "definitiveRatingPrevProvisional": "No",
        "indicativeRatingInd": "N",
        "definitiveRatingInd": null,
        "linkedAnotherActionInd": "No",
        "privateRatingActionInd": "N",
        "provisionalRatingInd": "N",
        "secondaryactionind": "No",
        "subsequentRatingInd": "N",
        "contactPersonId": null,
        "complianceType": "CAMS",
        "complianceID": "104369",
        "ratingShellId": null,
        "ratingShellDS": null,
        "workItemStatus": null,
        "workItemType": null,
        "workItemSubType": null,
        "workItemReleaseDtm": null,
        "pressReleaseId": null,
        "securityClassNm": null,
        "shadowCd": null,
        "pressReleaseType": null,
        "pyrRatingType": null,
        "pacrEmail": "Marie.Diron@moodys.com",
        "pacr": "Marie Diron",
        "chairEmail": "Massimo.Visconti@moodys.com",
        "chair": "Massimo Visconti",
        "addendum": "Khalil Etienne Janbek ",
        "addendumEmail": "JanbekK@moodys.com"
    },
    {
        "sourceSystem": "ACCURATE",
        "orgId": null,
        "ratingActionDesc": null,
        "ratingActionID": "3450774",
        "ratingActionName": "1_PRO_CFG - Americas Tech_Dilara Sukhov_Moody's announces completion of a periodic review of ratings of Conterra Ultra Broadband Holdings, Inc.",
        "ratingCommitteeDate": null,
        "ratingOffice": "51",
        "ratingReleaseDate": "2020-09-24 17:25:34.48",
        "releaseDate": "2020-09-24 17:25:34.496",
        "lobname": "CFG",
        "sublobname": "CFG_NY-4",
        "region": "U.S.A. & Canada",
        "leadAnalystID": "6234",
        "leadAnalystName": "Dilara Sukhov",
        "leadAnalystUniqueId": "sukhovd",
        "analystEmail": "Dilara.Sukhov@moodys.com",
        "analystLocation": "New York - 7 World Trade Center",
        "approverID": null,
        "approverName": " ",
        "officeName": "Moody's Investors Service, Inc.",
        "documentExceptionListingInd": "Y",
        "announcementInd": "Y",
        "automaticRating": "Yes",
        "definitiveRatingPrevProvisional": "No",
        "indicativeRatingInd": "N",
        "definitiveRatingInd": null,
        "linkedAnotherActionInd": "No",
        "privateRatingActionInd": "",
        "provisionalRatingInd": "N",
        "secondaryactionind": "No",
        "subsequentRatingInd": "",
        "contactPersonId": null,
        "complianceType": "CAMS",
        "complianceID": "",
        "ratingShellId": null,
        "ratingShellDS": null,
        "workItemStatus": null,
        "workItemType": null,
        "workItemSubType": null,
        "workItemReleaseDtm": null,
        "pressReleaseId": null,
        "securityClassNm": null,
        "shadowCd": null,
        "pressReleaseType": null,
        "pyrRatingType": null,
        "pacrEmail": null,
        "pacr": null,
        "chairEmail": null,
        "chair": null,
        "addendum": null,
        "addendumEmail": null
    },
    {
        "sourceSystem": "ACCURATE",
        "orgId": null,
        "ratingActionDesc": null,
        "ratingActionID": "3450781",
        "ratingActionName": "1_PRO_CFG - Americas Tech_Dilara Sukhov_Moody's announces completion of a periodic review of ratings of Hargray Communications Group, Inc.",
        "ratingCommitteeDate": null,
        "ratingOffice": "51",
        "ratingReleaseDate": "2020-09-24 17:25:31.51",
        "releaseDate": "2020-09-24 17:25:31.516",
        "lobname": "CFG",
        "sublobname": "CFG_NY-4",
        "region": "U.S.A. & Canada",
        "leadAnalystID": "6234",
        "leadAnalystName": "Dilara Sukhov",
        "leadAnalystUniqueId": "sukhovd",
        "analystEmail": "Dilara.Sukhov@moodys.com",
        "analystLocation": "New York - 7 World Trade Center",
        "approverID": null,
        "approverName": " ",
        "officeName": "Moody's Investors Service, Inc.",
        "documentExceptionListingInd": "Y",
        "announcementInd": "Y",
        "automaticRating": "Yes",
        "definitiveRatingPrevProvisional": "No",
        "indicativeRatingInd": "N",
        "definitiveRatingInd": null,
        "linkedAnotherActionInd": "No",
        "privateRatingActionInd": "",
        "provisionalRatingInd": "N",
        "secondaryactionind": "No",
        "subsequentRatingInd": "",
        "contactPersonId": null,
        "complianceType": "CAMS",
        "complianceID": "",
        "ratingShellId": null,
        "ratingShellDS": null,
        "workItemStatus": null,
        "workItemType": null,
        "workItemSubType": null,
        "workItemReleaseDtm": null,
        "pressReleaseId": null,
        "securityClassNm": null,
        "shadowCd": null,
        "pressReleaseType": null,
        "pyrRatingType": null,
        "pacrEmail": null,
        "pacr": null,
        "chairEmail": null,
        "chair": null,
        "addendum": null,
        "addendumEmail": null
    },
    {
        "sourceSystem": "ACCURATE",
        "orgId": null,
        "ratingActionDesc": null,
        "ratingActionID": "3450788",
        "ratingActionName": "1_PRO_CFG - Americas Tech_Dilara Sukhov_Moody's announces completion of a periodic review of ratings of Intermedia Holdings, Inc.",
        "ratingCommitteeDate": null,
        "ratingOffice": "51",
        "ratingReleaseDate": "2020-09-24 17:25:28.316",
        "releaseDate": "2020-09-24 17:25:28.323",
        "lobname": "CFG",
        "sublobname": "CFG_NY-4",
        "region": "U.S.A. & Canada",
        "leadAnalystID": "6234",
        "leadAnalystName": "Dilara Sukhov",
        "leadAnalystUniqueId": "sukhovd",
        "analystEmail": "Dilara.Sukhov@moodys.com",
        "analystLocation": "New York - 7 World Trade Center",
        "approverID": null,
        "approverName": " ",
        "officeName": "Moody's Investors Service, Inc.",
        "documentExceptionListingInd": "Y",
        "announcementInd": "Y",
        "automaticRating": "Yes",
        "definitiveRatingPrevProvisional": "No",
        "indicativeRatingInd": "N",
        "definitiveRatingInd": null,
        "linkedAnotherActionInd": "No",
        "privateRatingActionInd": "",
        "provisionalRatingInd": "N",
        "secondaryactionind": "No",
        "subsequentRatingInd": "",
        "contactPersonId": null,
        "complianceType": "CAMS",
        "complianceID": "",
        "ratingShellId": null,
        "ratingShellDS": null,
        "workItemStatus": null,
        "workItemType": null,
        "workItemSubType": null,
        "workItemReleaseDtm": null,
        "pressReleaseId": null,
        "securityClassNm": null,
        "shadowCd": null,
        "pressReleaseType": null,
        "pyrRatingType": null,
        "pacrEmail": null,
        "pacr": null,
        "chairEmail": null,
        "chair": null,
        "addendum": null,
        "addendumEmail": null
    },
    {
        "sourceSystem": "ACCURATE",
        "orgId": null,
        "ratingActionDesc": null,
        "ratingActionID": "3450798",
        "ratingActionName": "1_PRO_CFG - Americas Tech_Dilara Sukhov_Moody's announces completion of a periodic review of ratings of MTN Infrastructure TopCo",
        "ratingCommitteeDate": null,
        "ratingOffice": "51",
        "ratingReleaseDate": "2020-09-24 17:25:25.133",
        "releaseDate": "2020-09-24 17:25:25.136",
        "lobname": "CFG",
        "sublobname": "CFG_NY-4",
        "region": "U.S.A. & Canada",
        "leadAnalystID": "6234",
        "leadAnalystName": "Dilara Sukhov",
        "leadAnalystUniqueId": "sukhovd",
        "analystEmail": "Dilara.Sukhov@moodys.com",
        "analystLocation": "New York - 7 World Trade Center",
        "approverID": null,
        "approverName": " ",
        "officeName": "Moody's Investors Service, Inc.",
        "documentExceptionListingInd": "Y",
        "announcementInd": "Y",
        "automaticRating": "Yes",
        "definitiveRatingPrevProvisional": "No",
        "indicativeRatingInd": "N",
        "definitiveRatingInd": null,
        "linkedAnotherActionInd": "No",
        "privateRatingActionInd": "",
        "provisionalRatingInd": "N",
        "secondaryactionind": "No",
        "subsequentRatingInd": "",
        "contactPersonId": null,
        "complianceType": "CAMS",
        "complianceID": "",
        "ratingShellId": null,
        "ratingShellDS": null,
        "workItemStatus": null,
        "workItemType": null,
        "workItemSubType": null,
        "workItemReleaseDtm": null,
        "pressReleaseId": null,
        "securityClassNm": null,
        "shadowCd": null,
        "pressReleaseType": null,
        "pyrRatingType": null,
        "pacrEmail": null,
        "pacr": null,
        "chairEmail": null,
        "chair": null,
        "addendum": null,
        "addendumEmail": null
    },
    {
        "sourceSystem": "ACCURATE",
        "orgId": null,
        "ratingActionDesc": null,
        "ratingActionID": "3450803",
        "ratingActionName": "1_PRO_CFG - Americas Tech_Dilara Sukhov_Moody's announces completion of a periodic review of ratings of Syniverse Holdings, Inc.",
        "ratingCommitteeDate": null,
        "ratingOffice": "51",
        "ratingReleaseDate": "2020-09-24 17:25:20.976",
        "releaseDate": "2020-09-24 17:25:20.986",
        "lobname": "CFG",
        "sublobname": "CFG_NY-4",
        "region": "U.S.A. & Canada",
        "leadAnalystID": "6234",
        "leadAnalystName": "Dilara Sukhov",
        "leadAnalystUniqueId": "sukhovd",
        "analystEmail": "Dilara.Sukhov@moodys.com",
        "analystLocation": "New York - 7 World Trade Center",
        "approverID": null,
        "approverName": " ",
        "officeName": "Moody's Investors Service, Inc.",
        "documentExceptionListingInd": "Y",
        "announcementInd": "Y",
        "automaticRating": "Yes",
        "definitiveRatingPrevProvisional": "No",
        "indicativeRatingInd": "N",
        "definitiveRatingInd": null,
        "linkedAnotherActionInd": "No",
        "privateRatingActionInd": "",
        "provisionalRatingInd": "N",
        "secondaryactionind": "No",
        "subsequentRatingInd": "",
        "contactPersonId": null,
        "complianceType": "CAMS",
        "complianceID": "",
        "ratingShellId": null,
        "ratingShellDS": null,
        "workItemStatus": null,
        "workItemType": null,
        "workItemSubType": null,
        "workItemReleaseDtm": null,
        "pressReleaseId": null,
        "securityClassNm": null,
        "shadowCd": null,
        "pressReleaseType": null,
        "pyrRatingType": null,
        "pacrEmail": null,
        "pacr": null,
        "chairEmail": null,
        "chair": null,
        "addendum": null,
        "addendumEmail": null
    },
    {
        "sourceSystem": "ACCURATE",
        "orgId": null,
        "ratingActionDesc": null,
        "ratingActionID": "3450814",
        "ratingActionName": "1_PRO_CFG - Americas Tech_Jason Cuomo_Moody's announces completion of a periodic review of ratings of GCI, LLC",
        "ratingCommitteeDate": null,
        "ratingOffice": "51",
        "ratingReleaseDate": "2020-09-25 16:04:39.6",
        "releaseDate": "2020-09-25 16:04:39.606",
        "lobname": "CFG",
        "sublobname": "CFG_NY-4",
        "region": "U.S.A. & Canada",
        "leadAnalystID": "2600",
        "leadAnalystName": "Jason Cuomo",
        "leadAnalystUniqueId": "cuomoj",
        "analystEmail": "Jason.Cuomo@moodys.com",
        "analystLocation": "New York - 7 World Trade Center",
        "approverID": null,
        "approverName": " ",
        "officeName": "Moody's Investors Service, Inc.",
        "documentExceptionListingInd": "Y",
        "announcementInd": "Y",
        "automaticRating": "Yes",
        "definitiveRatingPrevProvisional": "No",
        "indicativeRatingInd": "N",
        "definitiveRatingInd": null,
        "linkedAnotherActionInd": "No",
        "privateRatingActionInd": "",
        "provisionalRatingInd": "N",
        "secondaryactionind": "No",
        "subsequentRatingInd": "",
        "contactPersonId": null,
        "complianceType": "CAMS",
        "complianceID": "",
        "ratingShellId": null,
        "ratingShellDS": null,
        "workItemStatus": null,
        "workItemType": null,
        "workItemSubType": null,
        "workItemReleaseDtm": null,
        "pressReleaseId": null,
        "securityClassNm": null,
        "shadowCd": null,
        "pressReleaseType": null,
        "pyrRatingType": null,
        "pacrEmail": null,
        "pacr": null,
        "chairEmail": null,
        "chair": null,
        "addendum": null,
        "addendumEmail": null
    },
    {
        "sourceSystem": "ACCURATE",
        "orgId": null,
        "ratingActionDesc": null,
        "ratingActionID": "3450826",
        "ratingActionName": "1_PRO_CFG - Americas Tech_Mariya Moore_Moody's announces completion of a periodic review of ratings of Elo Touch Solutions, Inc.",
        "ratingCommitteeDate": null,
        "ratingOffice": "51",
        "ratingReleaseDate": "2020-09-25 12:10:11.026",
        "releaseDate": "2020-09-25 12:10:11.046",
        "lobname": "CFG",
        "sublobname": "CFG_NY-4",
        "region": "U.S.A. & Canada",
        "leadAnalystID": "7275",
        "leadAnalystName": "Mariya Moore",
        "leadAnalystUniqueId": "bisimbma",
        "analystEmail": "Mariya.Moore@moodys.com",
        "analystLocation": "New York - 7 World Trade Center",
        "approverID": null,
        "approverName": " ",
        "officeName": "Moody's Investors Service, Inc.",
        "documentExceptionListingInd": "Y",
        "announcementInd": "Y",
        "automaticRating": "Yes",
        "definitiveRatingPrevProvisional": "No",
        "indicativeRatingInd": "N",
        "definitiveRatingInd": null,
        "linkedAnotherActionInd": "No",
        "privateRatingActionInd": "",
        "provisionalRatingInd": "N",
        "secondaryactionind": "No",
        "subsequentRatingInd": "",
        "contactPersonId": null,
        "complianceType": "CAMS",
        "complianceID": "",
        "ratingShellId": null,
        "ratingShellDS": null,
        "workItemStatus": null,
        "workItemType": null,
        "workItemSubType": null,
        "workItemReleaseDtm": null,
        "pressReleaseId": null,
        "securityClassNm": null,
        "shadowCd": null,
        "pressReleaseType": null,
        "pyrRatingType": null,
        "pacrEmail": null,
        "pacr": null,
        "chairEmail": null,
        "chair": null,
        "addendum": null,
        "addendumEmail": null
    },
    {
        "sourceSystem": "ACCURATE",
        "orgId": null,
        "ratingActionDesc": null,
        "ratingActionID": "3450842",
        "ratingActionName": "1_PRO_CFG - Americas Tech_Mariya Moore_Moody's announces completion of a periodic review of ratings of Stratus Technologies Bermuda Ltd.",
        "ratingCommitteeDate": null,
        "ratingOffice": "51",
        "ratingReleaseDate": "2020-09-24 12:10:48.996",
        "releaseDate": "2020-09-24 12:10:49.0",
        "lobname": "CFG",
        "sublobname": "CFG_NY-4",
        "region": "U.S.A. & Canada",
        "leadAnalystID": "7275",
        "leadAnalystName": "Mariya Moore",
        "leadAnalystUniqueId": "bisimbma",
        "analystEmail": "Mariya.Moore@moodys.com",
        "analystLocation": "New York - 7 World Trade Center",
        "approverID": null,
        "approverName": " ",
        "officeName": "Moody's Investors Service, Inc.",
        "documentExceptionListingInd": "Y",
        "announcementInd": "Y",
        "automaticRating": "Yes",
        "definitiveRatingPrevProvisional": "No",
        "indicativeRatingInd": "N",
        "definitiveRatingInd": null,
        "linkedAnotherActionInd": "No",
        "privateRatingActionInd": "",
        "provisionalRatingInd": "N",
        "secondaryactionind": "No",
        "subsequentRatingInd": "",
        "contactPersonId": null,
        "complianceType": "CAMS",
        "complianceID": "",
        "ratingShellId": null,
        "ratingShellDS": null,
        "workItemStatus": null,
        "workItemType": null,
        "workItemSubType": null,
        "workItemReleaseDtm": null,
        "pressReleaseId": null,
        "securityClassNm": null,
        "shadowCd": null,
        "pressReleaseType": null,
        "pyrRatingType": null,
        "pacrEmail": null,
        "pacr": null,
        "chairEmail": null,
        "chair": null,
        "addendum": null,
        "addendumEmail": null
    },
    {
        "sourceSystem": "ACCURATE",
        "orgId": null,
        "ratingActionDesc": null,
        "ratingActionID": "3450851",
        "ratingActionName": "1_PRO_CFG - Americas Tech_Peter Krukovsky_Moody's announces completion of a periodic review of ratings of TTM Technologies, Inc.",
        "ratingCommitteeDate": null,
        "ratingOffice": "51",
        "ratingReleaseDate": "2020-09-23 16:51:40.616",
        "releaseDate": "2020-09-23 16:51:40.623",
        "lobname": "CFG",
        "sublobname": "CFG_NY-4",
        "region": "U.S.A. & Canada",
        "leadAnalystID": "30944",
        "leadAnalystName": "Peter Krukovsky",
        "leadAnalystUniqueId": "krukovs",
        "analystEmail": "Peter.Krukovsky@moodys.com",
        "analystLocation": "New York - 7 World Trade Center",
        "approverID": null,
        "approverName": " ",
        "officeName": "Moody's Investors Service, Inc.",
        "documentExceptionListingInd": "Y",
        "announcementInd": "Y",
        "automaticRating": "Yes",
        "definitiveRatingPrevProvisional": "No",
        "indicativeRatingInd": "N",
        "definitiveRatingInd": null,
        "linkedAnotherActionInd": "No",
        "privateRatingActionInd": "",
        "provisionalRatingInd": "N",
        "secondaryactionind": "No",
        "subsequentRatingInd": "",
        "contactPersonId": null,
        "complianceType": "CAMS",
        "complianceID": "",
        "ratingShellId": null,
        "ratingShellDS": null,
        "workItemStatus": null,
        "workItemType": null,
        "workItemSubType": null,
        "workItemReleaseDtm": null,
        "pressReleaseId": null,
        "securityClassNm": null,
        "shadowCd": null,
        "pressReleaseType": null,
        "pyrRatingType": null,
        "pacrEmail": null,
        "pacr": null,
        "chairEmail": null,
        "chair": null,
        "addendum": null,
        "addendumEmail": null
    },
    {
        "sourceSystem": "ACCURATE",
        "orgId": null,
        "ratingActionDesc": "Mizuho Floater / Residual Trust Var States, Floater Certificates, Series 2020-MIZ9038, Series 2020-MIZ9040, Series 2020-MIZ9041",
        "ratingActionID": "3450866",
        "ratingActionName": "Mizuho Floater / Residual Trust Var States, Floater Certificates, Series 2020-MIZ9038, Series 2020-MIZ9040, Series 2020-MIZ9041",
        "ratingCommitteeDate": "2020-09-23 00:00:00.0",
        "ratingOffice": "51",
        "ratingReleaseDate": "2020-09-23 13:47:39.646",
        "releaseDate": "2020-09-23 13:47:39.76",
        "lobname": "PPIF",
        "sublobname": "Municipal Supported Products",
        "region": "U.S.A. & Canada",
        "leadAnalystID": "927",
        "leadAnalystName": "Joann Hempel",
        "leadAnalystUniqueId": "hempelj",
        "analystEmail": "Joann.Hempel@moodys.com",
        "analystLocation": "Remote WorkerB-USA35",
        "approverID": null,
        "approverName": " ",
        "officeName": "Moody's Investors Service, Inc.",
        "documentExceptionListingInd": "",
        "announcementInd": "",
        "automaticRating": "No",
        "definitiveRatingPrevProvisional": "No",
        "indicativeRatingInd": "N",
        "definitiveRatingInd": null,
        "linkedAnotherActionInd": "No",
        "privateRatingActionInd": "N",
        "provisionalRatingInd": "N",
        "secondaryactionind": "No",
        "subsequentRatingInd": "N",
        "contactPersonId": null,
        "complianceType": "CAMS",
        "complianceID": "104828",
        "ratingShellId": null,
        "ratingShellDS": null,
        "workItemStatus": null,
        "workItemType": null,
        "workItemSubType": null,
        "workItemReleaseDtm": null,
        "pressReleaseId": null,
        "securityClassNm": null,
        "shadowCd": null,
        "pressReleaseType": null,
        "pyrRatingType": null,
        "pacrEmail": "Michael.Loughlin@moodys.com",
        "pacr": "Michael Loughlin",
        "chairEmail": "Michael.Loughlin@moodys.com",
        "chair": "Michael Loughlin",
        "addendum": "Joann Hempel ",
        "addendumEmail": "HempelJ@moodys.com"
    },
    {
        "sourceSystem": "ACCURATE",
        "orgId": null,
        "ratingActionDesc": "Hoa Phat Group Joint Stock Company",
        "ratingActionID": "3451241",
        "ratingActionName": "Hoa Phat Group Joint Stock Company",
        "ratingCommitteeDate": null,
        "ratingOffice": "81",
        "ratingReleaseDate": "2020-09-25 09:31:42.0",
        "releaseDate": "2020-09-25 09:31:46.376",
        "lobname": "CFG",
        "sublobname": "CFG Regional",
        "region": "Asia Pacific",
        "leadAnalystID": "7176",
        "leadAnalystName": "Maisam Hasnain",
        "leadAnalystUniqueId": "hasnainm",
        "analystEmail": "Maisam.Hasnain@moodys.com",
        "analystLocation": "Singapore - 50 Raffles Place #23-06",
        "approverID": "29011550",
        "approverName": "Maisam Hasnain",
        "officeName": "Moody's Investors Service Singapore Pte. Ltd.",
        "documentExceptionListingInd": "",
        "announcementInd": "",
        "automaticRating": "Yes",
        "definitiveRatingPrevProvisional": "No",
        "indicativeRatingInd": "N",
        "definitiveRatingInd": null,
        "linkedAnotherActionInd": "No",
        "privateRatingActionInd": "Y",
        "provisionalRatingInd": "N",
        "secondaryactionind": "No",
        "subsequentRatingInd": "",
        "contactPersonId": null,
        "complianceType": "CAMS",
        "complianceID": "92998",
        "ratingShellId": null,
        "ratingShellDS": null,
        "workItemStatus": null,
        "workItemType": null,
        "workItemSubType": null,
        "workItemReleaseDtm": null,
        "pressReleaseId": null,
        "securityClassNm": null,
        "shadowCd": null,
        "pressReleaseType": null,
        "pyrRatingType": null,
        "pacrEmail": "Ian.Lewis@moodys.com",
        "pacr": "Ian Lewis",
        "chairEmail": "Annalisa.DiChiara@moodys.com",
        "chair": "Annalisa Di Chiara",
        "addendum": "Cathy Lu ",
        "addendumEmail": "LuC1@moodys.com"
    },
    {
        "sourceSystem": "ACCURATE",
        "orgId": null,
        "ratingActionDesc": "Credit Suisse AG (London) Branch - 47",
        "ratingActionID": "3451349",
        "ratingActionName": "Credit Suisse AG (London) Branch - 47",
        "ratingCommitteeDate": null,
        "ratingOffice": "41",
        "ratingReleaseDate": "2020-09-23 03:48:05.0",
        "releaseDate": "2020-09-23 03:48:18.103",
        "lobname": "FIG",
        "sublobname": "Banking",
        "region": "Europe",
        "leadAnalystID": "6878",
        "leadAnalystName": "Michael Rohr",
        "leadAnalystUniqueId": "rohrm",
        "analystEmail": "Michael.Rohr@moodys.com",
        "analystLocation": "Frankfurt - An der Welle 5",
        "approverID": null,
        "approverName": " ",
        "officeName": "Moody's Deutschland GmbH",
        "documentExceptionListingInd": "",
        "announcementInd": "",
        "automaticRating": "Yes",
        "definitiveRatingPrevProvisional": "No",
        "indicativeRatingInd": "N",
        "definitiveRatingInd": null,
        "linkedAnotherActionInd": "No",
        "privateRatingActionInd": "N",
        "provisionalRatingInd": "N",
        "secondaryactionind": "No",
        "subsequentRatingInd": "",
        "contactPersonId": null,
        "complianceType": "CAMS",
        "complianceID": "",
        "ratingShellId": null,
        "ratingShellDS": null,
        "workItemStatus": null,
        "workItemType": null,
        "workItemSubType": null,
        "workItemReleaseDtm": null,
        "pressReleaseId": null,
        "securityClassNm": null,
        "shadowCd": null,
        "pressReleaseType": null,
        "pyrRatingType": null,
        "pacrEmail": null,
        "pacr": null,
        "chairEmail": null,
        "chair": null,
        "addendum": null,
        "addendumEmail": null
    },
    {
        "sourceSystem": "ACCURATE",
        "orgId": null,
        "ratingActionDesc": "Credit Suisse AG (London) Branch - 47",
        "ratingActionID": "3451382",
        "ratingActionName": "Credit Suisse AG (London) Branch - 47",
        "ratingCommitteeDate": null,
        "ratingOffice": "41",
        "ratingReleaseDate": "2020-09-23 03:53:10.0",
        "releaseDate": "2020-09-23 03:53:18.87",
        "lobname": "FIG",
        "sublobname": "Banking",
        "region": "Europe",
        "leadAnalystID": "6878",
        "leadAnalystName": "Michael Rohr",
        "leadAnalystUniqueId": "rohrm",
        "analystEmail": "Michael.Rohr@moodys.com",
        "analystLocation": "Frankfurt - An der Welle 5",
        "approverID": null,
        "approverName": " ",
        "officeName": "Moody's Deutschland GmbH",
        "documentExceptionListingInd": "",
        "announcementInd": "",
        "automaticRating": "Yes",
        "definitiveRatingPrevProvisional": "No",
        "indicativeRatingInd": "N",
        "definitiveRatingInd": null,
        "linkedAnotherActionInd": "No",
        "privateRatingActionInd": "N",
        "provisionalRatingInd": "N",
        "secondaryactionind": "No",
        "subsequentRatingInd": "",
        "contactPersonId": null,
        "complianceType": "CAMS",
        "complianceID": "",
        "ratingShellId": null,
        "ratingShellDS": null,
        "workItemStatus": null,
        "workItemType": null,
        "workItemSubType": null,
        "workItemReleaseDtm": null,
        "pressReleaseId": null,
        "securityClassNm": null,
        "shadowCd": null,
        "pressReleaseType": null,
        "pyrRatingType": null,
        "pacrEmail": null,
        "pacr": null,
        "chairEmail": null,
        "chair": null,
        "addendum": null,
        "addendumEmail": null
    },
    {
        "sourceSystem": "ACCURATE",
        "orgId": null,
        "ratingActionDesc": "Barclays Bank PLC - 47",
        "ratingActionID": "3451390",
        "ratingActionName": "Barclays Bank PLC - 47",
        "ratingCommitteeDate": null,
        "ratingOffice": "52",
        "ratingReleaseDate": "2020-09-23 06:38:57.0",
        "releaseDate": "2020-09-23 06:39:02.446",
        "lobname": "FIG",
        "sublobname": "Banking",
        "region": "Europe",
        "leadAnalystID": "6897",
        "leadAnalystName": "Alessandro Roccati",
        "leadAnalystUniqueId": "roccatia",
        "analystEmail": "Alessandro.Roccati@moodys.com",
        "analystLocation": "London - One Canada Square",
        "approverID": null,
        "approverName": " ",
        "officeName": "Moody's Investors Service Ltd.",
        "documentExceptionListingInd": "",
        "announcementInd": "",
        "automaticRating": "Yes",
        "definitiveRatingPrevProvisional": "No",
        "indicativeRatingInd": "N",
        "definitiveRatingInd": null,
        "linkedAnotherActionInd": "No",
        "privateRatingActionInd": "N",
        "provisionalRatingInd": "N",
        "secondaryactionind": "No",
        "subsequentRatingInd": "",
        "contactPersonId": null,
        "complianceType": "CAMS",
        "complianceID": "",
        "ratingShellId": null,
        "ratingShellDS": null,
        "workItemStatus": null,
        "workItemType": null,
        "workItemSubType": null,
        "workItemReleaseDtm": null,
        "pressReleaseId": null,
        "securityClassNm": null,
        "shadowCd": null,
        "pressReleaseType": null,
        "pyrRatingType": null,
        "pacrEmail": null,
        "pacr": null,
        "chairEmail": null,
        "chair": null,
        "addendum": null,
        "addendumEmail": null
    },
    {
        "sourceSystem": "ACCURATE",
        "orgId": null,
        "ratingActionDesc": "Hungary, Government of HPA",
        "ratingActionID": "3451398",
        "ratingActionName": "Hungary, Government of HPA",
        "ratingCommitteeDate": "2020-09-22 00:00:00.0",
        "ratingOffice": "41",
        "ratingReleaseDate": "2020-09-25 16:31:47.0",
        "releaseDate": "2020-09-25 16:32:05.29",
        "lobname": "SOV",
        "sublobname": "Sovereign",
        "region": "Europe",
        "leadAnalystID": "6931",
        "leadAnalystName": "Steffen Dyck",
        "leadAnalystUniqueId": "dycks",
        "analystEmail": "Steffen.Dyck@moodys.com",
        "analystLocation": "Frankfurt - An der Welle 5",
        "approverID": "29015882",
        "approverName": "Steffen Dyck",
        "officeName": "Moody's Deutschland GmbH",
        "documentExceptionListingInd": "",
        "announcementInd": "",
        "automaticRating": "No",
        "definitiveRatingPrevProvisional": "No",
        "indicativeRatingInd": "N",
        "definitiveRatingInd": null,
        "linkedAnotherActionInd": "No",
        "privateRatingActionInd": "N",
        "provisionalRatingInd": "Y",
        "secondaryactionind": "No",
        "subsequentRatingInd": "N",
        "contactPersonId": null,
        "complianceType": "CAMS",
        "complianceID": "100730",
        "ratingShellId": null,
        "ratingShellDS": null,
        "workItemStatus": null,
        "workItemType": null,
        "workItemSubType": null,
        "workItemReleaseDtm": null,
        "pressReleaseId": null,
        "securityClassNm": null,
        "shadowCd": null,
        "pressReleaseType": null,
        "pyrRatingType": null,
        "pacrEmail": "Yves.Lemay@moodys.com",
        "pacr": "Yves Lemay",
        "chairEmail": "Dietmar.Hornung@moodys.com",
        "chair": "Dietmar Hornung",
        "addendum": "Ellen Kockum ",
        "addendumEmail": "KockumE@moodys.com"
    },
    {
        "sourceSystem": "ACCURATE",
        "orgId": null,
        "ratingActionDesc": "UBS AG, London Branch - 46",
        "ratingActionID": "3451401",
        "ratingActionName": "UBS AG, London Branch - 46",
        "ratingCommitteeDate": null,
        "ratingOffice": "41",
        "ratingReleaseDate": "2020-09-25 08:34:05.0",
        "releaseDate": "2020-09-25 08:34:22.03",
        "lobname": "FIG",
        "sublobname": "Banking",
        "region": "Europe",
        "leadAnalystID": "6878",
        "leadAnalystName": "Michael Rohr",
        "leadAnalystUniqueId": "rohrm",
        "analystEmail": "Michael.Rohr@moodys.com",
        "analystLocation": "Frankfurt - An der Welle 5",
        "approverID": null,
        "approverName": " ",
        "officeName": "Moody's Deutschland GmbH",
        "documentExceptionListingInd": "",
        "announcementInd": "",
        "automaticRating": "Yes",
        "definitiveRatingPrevProvisional": "No",
        "indicativeRatingInd": "N",
        "definitiveRatingInd": null,
        "linkedAnotherActionInd": "No",
        "privateRatingActionInd": "N",
        "provisionalRatingInd": "N",
        "secondaryactionind": "No",
        "subsequentRatingInd": "",
        "contactPersonId": null,
        "complianceType": "CAMS",
        "complianceID": "",
        "ratingShellId": null,
        "ratingShellDS": null,
        "workItemStatus": null,
        "workItemType": null,
        "workItemSubType": null,
        "workItemReleaseDtm": null,
        "pressReleaseId": null,
        "securityClassNm": null,
        "shadowCd": null,
        "pressReleaseType": null,
        "pyrRatingType": null,
        "pacrEmail": null,
        "pacr": null,
        "chairEmail": null,
        "chair": null,
        "addendum": null,
        "addendumEmail": null
    },
    {
        "sourceSystem": "ACCURATE",
        "orgId": null,
        "ratingActionDesc": "UBS AG, London Branch - 46",
        "ratingActionID": "3451403",
        "ratingActionName": "UBS AG, London Branch - 46",
        "ratingCommitteeDate": null,
        "ratingOffice": "41",
        "ratingReleaseDate": "2020-09-25 07:37:10.0",
        "releaseDate": "2020-09-25 07:37:19.423",
        "lobname": "FIG",
        "sublobname": "Banking",
        "region": "Europe",
        "leadAnalystID": "6878",
        "leadAnalystName": "Michael Rohr",
        "leadAnalystUniqueId": "rohrm",
        "analystEmail": "Michael.Rohr@moodys.com",
        "analystLocation": "Frankfurt - An der Welle 5",
        "approverID": null,
        "approverName": " ",
        "officeName": "Moody's Deutschland GmbH",
        "documentExceptionListingInd": "",
        "announcementInd": "",
        "automaticRating": "Yes",
        "definitiveRatingPrevProvisional": "No",
        "indicativeRatingInd": "N",
        "definitiveRatingInd": null,
        "linkedAnotherActionInd": "No",
        "privateRatingActionInd": "N",
        "provisionalRatingInd": "N",
        "secondaryactionind": "No",
        "subsequentRatingInd": "",
        "contactPersonId": null,
        "complianceType": "CAMS",
        "complianceID": "",
        "ratingShellId": null,
        "ratingShellDS": null,
        "workItemStatus": null,
        "workItemType": null,
        "workItemSubType": null,
        "workItemReleaseDtm": null,
        "pressReleaseId": null,
        "securityClassNm": null,
        "shadowCd": null,
        "pressReleaseType": null,
        "pyrRatingType": null,
        "pacrEmail": null,
        "pacr": null,
        "chairEmail": null,
        "chair": null,
        "addendum": null,
        "addendumEmail": null
    },
    {
        "sourceSystem": "ACCURATE",
        "orgId": null,
        "ratingActionDesc": "Azure Finance No. 1 plc",
        "ratingActionID": "3451440",
        "ratingActionName": "Azure Finance No. 1 plc",
        "ratingCommitteeDate": "2020-09-21 00:00:00.0",
        "ratingOffice": "52",
        "ratingReleaseDate": "2020-09-24 10:51:57.0",
        "releaseDate": "2020-09-24 10:52:03.293",
        "lobname": "SFG",
        "sublobname": "Surv-COS-RMBS",
        "region": "Europe",
        "leadAnalystID": "1388",
        "leadAnalystName": "Lisa Augustin",
        "leadAnalystUniqueId": "macedol",
        "analystEmail": "Lisa.Macedo@moodys.com",
        "analystLocation": "London - One Canada Square",
        "approverID": null,
        "approverName": " ",
        "officeName": "Moody's Investors Service Ltd.",
        "documentExceptionListingInd": "",
        "announcementInd": "",
        "automaticRating": "No",
        "definitiveRatingPrevProvisional": "No",
        "indicativeRatingInd": "N",
        "definitiveRatingInd": null,
        "linkedAnotherActionInd": "No",
        "privateRatingActionInd": "N",
        "provisionalRatingInd": "N",
        "secondaryactionind": "No",
        "subsequentRatingInd": "N",
        "contactPersonId": null,
        "complianceType": "CAMS",
        "complianceID": "104418",
        "ratingShellId": null,
        "ratingShellDS": null,
        "workItemStatus": null,
        "workItemType": null,
        "workItemSubType": null,
        "workItemReleaseDtm": null,
        "pressReleaseId": null,
        "securityClassNm": null,
        "shadowCd": null,
        "pressReleaseType": null,
        "pyrRatingType": null,
        "pacrEmail": null,
        "pacr": null,
        "chairEmail": null,
        "chair": null,
        "addendum": "Antonio Tena ",
        "addendumEmail": "TenaA@moodys.com"
    },
    {
        "sourceSystem": "ACCURATE",
        "orgId": null,
        "ratingActionDesc": "Citigroup Global Markets Holdings Inc. - 47",
        "ratingActionID": "3451454",
        "ratingActionName": "Citigroup Global Markets Holdings Inc. - 47",
        "ratingCommitteeDate": null,
        "ratingOffice": "51",
        "ratingReleaseDate": "2020-09-23 07:18:27.0",
        "releaseDate": "2020-09-23 07:18:32.153",
        "lobname": "FIG",
        "sublobname": "Banking",
        "region": "U.S.A. & Canada",
        "leadAnalystID": "1217",
        "leadAnalystName": "Peter Nerby",
        "leadAnalystUniqueId": "nerbyp",
        "analystEmail": "Peter.Nerby@moodys.com",
        "analystLocation": "New York - 7 World Trade Center",
        "approverID": null,
        "approverName": " ",
        "officeName": "Moody's Investors Service, Inc.",
        "documentExceptionListingInd": "",
        "announcementInd": "",
        "automaticRating": "Yes",
        "definitiveRatingPrevProvisional": "No",
        "indicativeRatingInd": "N",
        "definitiveRatingInd": null,
        "linkedAnotherActionInd": "No",
        "privateRatingActionInd": "N",
        "provisionalRatingInd": "N",
        "secondaryactionind": "No",
        "subsequentRatingInd": "",
        "contactPersonId": null,
        "complianceType": "CAMS",
        "complianceID": "",
        "ratingShellId": null,
        "ratingShellDS": null,
        "workItemStatus": null,
        "workItemType": null,
        "workItemSubType": null,
        "workItemReleaseDtm": null,
        "pressReleaseId": null,
        "securityClassNm": null,
        "shadowCd": null,
        "pressReleaseType": null,
        "pyrRatingType": null,
        "pacrEmail": null,
        "pacr": null,
        "chairEmail": null,
        "chair": null,
        "addendum": null,
        "addendumEmail": null
    },
    {
        "sourceSystem": "ACCURATE",
        "orgId": null,
        "ratingActionDesc": "Michigan State Building Authority, Commercial Paper Notes, Series 8, $225MM",
        "ratingActionID": "3451558",
        "ratingActionName": "Michigan State Building Authority, Commercial Paper Notes, Series 8, $225MM",
        "ratingCommitteeDate": "2020-09-24 00:00:00.0",
        "ratingOffice": "51",
        "ratingReleaseDate": "2020-09-24 18:18:16.176",
        "releaseDate": "2020-09-24 18:18:16.193",
        "lobname": "PPIF",
        "sublobname": "Municipal Supported Products",
        "region": "U.S.A. & Canada",
        "leadAnalystID": "927",
        "leadAnalystName": "Joann Hempel",
        "leadAnalystUniqueId": "hempelj",
        "analystEmail": "Joann.Hempel@moodys.com",
        "analystLocation": "Remote WorkerB-USA35",
        "approverID": null,
        "approverName": " ",
        "officeName": "Moody's Investors Service, Inc.",
        "documentExceptionListingInd": "",
        "announcementInd": "",
        "automaticRating": "No",
        "definitiveRatingPrevProvisional": "No",
        "indicativeRatingInd": "N",
        "definitiveRatingInd": null,
        "linkedAnotherActionInd": "No",
        "privateRatingActionInd": "N",
        "provisionalRatingInd": "N",
        "secondaryactionind": "No",
        "subsequentRatingInd": "N",
        "contactPersonId": null,
        "complianceType": "CAMS",
        "complianceID": "104495",
        "ratingShellId": null,
        "ratingShellDS": null,
        "workItemStatus": null,
        "workItemType": null,
        "workItemSubType": null,
        "workItemReleaseDtm": null,
        "pressReleaseId": null,
        "securityClassNm": null,
        "shadowCd": null,
        "pressReleaseType": null,
        "pyrRatingType": null,
        "pacrEmail": "Jacek.Stolarz@moodys.com",
        "pacr": "Jacek Stolarz",
        "chairEmail": "Jacek.Stolarz@moodys.com",
        "chair": "Jacek Stolarz",
        "addendum": "Joann Hempel ",
        "addendumEmail": "HempelJ@moodys.com"
    },
    {
        "sourceSystem": "ACCURATE",
        "orgId": null,
        "ratingActionDesc": "KKR Financial CLO 2013-1, Ltd.",
        "ratingActionID": "3451595",
        "ratingActionName": "KKR Financial CLO 2013-1, Ltd.",
        "ratingCommitteeDate": "2020-09-23 00:00:00.0",
        "ratingOffice": "51",
        "ratingReleaseDate": "2020-09-25 13:00:55.0",
        "releaseDate": "2020-09-25 13:01:01.47",
        "lobname": "SFG",
        "sublobname": "NR-COR-SC",
        "region": "U.S.A. & Canada",
        "leadAnalystID": "7091",
        "leadAnalystName": "Xixian Feng",
        "leadAnalystUniqueId": "fengx",
        "analystEmail": "Xixian.Feng@moodys.com",
        "analystLocation": "New York - 7 World Trade Center",
        "approverID": null,
        "approverName": " ",
        "officeName": "Moody's Investors Service, Inc.",
        "documentExceptionListingInd": "",
        "announcementInd": "",
        "automaticRating": "No",
        "definitiveRatingPrevProvisional": "No",
        "indicativeRatingInd": "N",
        "definitiveRatingInd": null,
        "linkedAnotherActionInd": "No",
        "privateRatingActionInd": "N",
        "provisionalRatingInd": "N",
        "secondaryactionind": "No",
        "subsequentRatingInd": "N",
        "contactPersonId": null,
        "complianceType": "CAMS",
        "complianceID": "104458",
        "ratingShellId": null,
        "ratingShellDS": null,
        "workItemStatus": null,
        "workItemType": null,
        "workItemSubType": null,
        "workItemReleaseDtm": null,
        "pressReleaseId": null,
        "securityClassNm": null,
        "shadowCd": null,
        "pressReleaseType": null,
        "pyrRatingType": null,
        "pacrEmail": null,
        "pacr": null,
        "chairEmail": null,
        "chair": null,
        "addendum": "Shirley Feng ",
        "addendumEmail": "FengX@moodys.com"
    },
    {
        "sourceSystem": "ACCURATE",
        "orgId": null,
        "ratingActionDesc": "Rockford Tower CLO 2017-3, Ltd.",
        "ratingActionID": "3451607",
        "ratingActionName": "Rockford Tower CLO 2017-3, Ltd.",
        "ratingCommitteeDate": "2020-09-18 00:00:00.0",
        "ratingOffice": "51",
        "ratingReleaseDate": "2020-09-23 15:27:32.0",
        "releaseDate": "2020-09-23 15:27:36.696",
        "lobname": "SFG",
        "sublobname": "Surv-COR-SC",
        "region": "U.S.A. & Canada",
        "leadAnalystID": "7845",
        "leadAnalystName": "John McDonald",
        "leadAnalystUniqueId": "mcdonalj",
        "analystEmail": "John.McDonald@moodys.com",
        "analystLocation": "New York - 7 World Trade Center",
        "approverID": null,
        "approverName": " ",
        "officeName": "Moody's Investors Service, Inc.",
        "documentExceptionListingInd": "",
        "announcementInd": "",
        "automaticRating": "No",
        "definitiveRatingPrevProvisional": "No",
        "indicativeRatingInd": "N",
        "definitiveRatingInd": null,
        "linkedAnotherActionInd": "No",
        "privateRatingActionInd": "N",
        "provisionalRatingInd": "N",
        "secondaryactionind": "No",
        "subsequentRatingInd": "N",
        "contactPersonId": null,
        "complianceType": "CAMS",
        "complianceID": "104437",
        "ratingShellId": null,
        "ratingShellDS": null,
        "workItemStatus": null,
        "workItemType": null,
        "workItemSubType": null,
        "workItemReleaseDtm": null,
        "pressReleaseId": null,
        "securityClassNm": null,
        "shadowCd": null,
        "pressReleaseType": null,
        "pyrRatingType": null,
        "pacrEmail": null,
        "pacr": null,
        "chairEmail": null,
        "chair": null,
        "addendum": null,
        "addendumEmail": null
    },
    {
        "sourceSystem": "ACCURATE",
        "orgId": null,
        "ratingActionDesc": "UBS AG, London Branch - 46",
        "ratingActionID": "3451705",
        "ratingActionName": "UBS AG, London Branch - 46",
        "ratingCommitteeDate": null,
        "ratingOffice": "41",
        "ratingReleaseDate": "2020-09-25 07:21:48.0",
        "releaseDate": "2020-09-25 07:22:07.97",
        "lobname": "FIG",
        "sublobname": "Banking",
        "region": "Europe",
        "leadAnalystID": "6878",
        "leadAnalystName": "Michael Rohr",
        "leadAnalystUniqueId": "rohrm",
        "analystEmail": "Michael.Rohr@moodys.com",
        "analystLocation": "Frankfurt - An der Welle 5",
        "approverID": null,
        "approverName": " ",
        "officeName": "Moody's Deutschland GmbH",
        "documentExceptionListingInd": "",
        "announcementInd": "",
        "automaticRating": "Yes",
        "definitiveRatingPrevProvisional": "No",
        "indicativeRatingInd": "N",
        "definitiveRatingInd": null,
        "linkedAnotherActionInd": "No",
        "privateRatingActionInd": "N",
        "provisionalRatingInd": "N",
        "secondaryactionind": "No",
        "subsequentRatingInd": "",
        "contactPersonId": null,
        "complianceType": "CAMS",
        "complianceID": "",
        "ratingShellId": null,
        "ratingShellDS": null,
        "workItemStatus": null,
        "workItemType": null,
        "workItemSubType": null,
        "workItemReleaseDtm": null,
        "pressReleaseId": null,
        "securityClassNm": null,
        "shadowCd": null,
        "pressReleaseType": null,
        "pyrRatingType": null,
        "pacrEmail": null,
        "pacr": null,
        "chairEmail": null,
        "chair": null,
        "addendum": null,
        "addendumEmail": null
    },
    {
        "sourceSystem": "ACCURATE",
        "orgId": null,
        "ratingActionDesc": "Custodial Receipts (Barclays), Custodial Receipts, Series 2020-XF2904",
        "ratingActionID": "3451732",
        "ratingActionName": "Custodial Receipts (Barclays), Custodial Receipts, Series 2020-XF2904",
        "ratingCommitteeDate": "2020-09-22 00:00:00.0",
        "ratingOffice": "51",
        "ratingReleaseDate": "2020-09-23 11:10:09.943",
        "releaseDate": "2020-09-23 11:10:09.963",
        "lobname": "PPIF",
        "sublobname": "Municipal Supported Products",
        "region": "U.S.A. & Canada",
        "leadAnalystID": "2312",
        "leadAnalystName": "Randy Matlosz",
        "leadAnalystUniqueId": "matloszr",
        "analystEmail": "Randy.Matlosz@moodys.com",
        "analystLocation": "New York - 7 World Trade Center",
        "approverID": null,
        "approverName": " ",
        "officeName": "Moody's Investors Service, Inc.",
        "documentExceptionListingInd": "",
        "announcementInd": "",
        "automaticRating": "No",
        "definitiveRatingPrevProvisional": "No",
        "indicativeRatingInd": "N",
        "definitiveRatingInd": null,
        "linkedAnotherActionInd": "No",
        "privateRatingActionInd": "N",
        "provisionalRatingInd": "N",
        "secondaryactionind": "No",
        "subsequentRatingInd": "N",
        "contactPersonId": null,
        "complianceType": "CAMS",
        "complianceID": "104749",
        "ratingShellId": null,
        "ratingShellDS": null,
        "workItemStatus": null,
        "workItemType": null,
        "workItemSubType": null,
        "workItemReleaseDtm": null,
        "pressReleaseId": null,
        "securityClassNm": null,
        "shadowCd": null,
        "pressReleaseType": null,
        "pyrRatingType": null,
        "pacrEmail": "Joann.Hempel@moodys.com",
        "pacr": "Joann Hempel",
        "chairEmail": "Joann.Hempel@moodys.com",
        "chair": "Joann Hempel",
        "addendum": "Randy Matlosz ",
        "addendumEmail": "MatloszR@moodys.com"
    },
    {
        "sourceSystem": "ACCURATE",
        "orgId": null,
        "ratingActionDesc": "Tender Option Bond Trust (Barclays Liquidity), Floater Certificates, Series 2020-XF2904",
        "ratingActionID": "3451744",
        "ratingActionName": "Tender Option Bond Trust (Barclays Liquidity), Floater Certificates, Series 2020-XF2904",
        "ratingCommitteeDate": "2020-09-22 00:00:00.0",
        "ratingOffice": "51",
        "ratingReleaseDate": "2020-09-23 12:26:06.903",
        "releaseDate": "2020-09-23 12:26:06.91",
        "lobname": "PPIF",
        "sublobname": "Municipal Supported Products",
        "region": "U.S.A. & Canada",
        "leadAnalystID": "2312",
        "leadAnalystName": "Randy Matlosz",
        "leadAnalystUniqueId": "matloszr",
        "analystEmail": "Randy.Matlosz@moodys.com",
        "analystLocation": "New York - 7 World Trade Center",
        "approverID": null,
        "approverName": " ",
        "officeName": "Moody's Investors Service, Inc.",
        "documentExceptionListingInd": "",
        "announcementInd": "",
        "automaticRating": "No",
        "definitiveRatingPrevProvisional": "No",
        "indicativeRatingInd": "N",
        "definitiveRatingInd": null,
        "linkedAnotherActionInd": "No",
        "privateRatingActionInd": "N",
        "provisionalRatingInd": "N",
        "secondaryactionind": "No",
        "subsequentRatingInd": "N",
        "contactPersonId": null,
        "complianceType": "CAMS",
        "complianceID": "104750",
        "ratingShellId": null,
        "ratingShellDS": null,
        "workItemStatus": null,
        "workItemType": null,
        "workItemSubType": null,
        "workItemReleaseDtm": null,
        "pressReleaseId": null,
        "securityClassNm": null,
        "shadowCd": null,
        "pressReleaseType": null,
        "pyrRatingType": null,
        "pacrEmail": "Joann.Hempel@moodys.com",
        "pacr": "Joann Hempel",
        "chairEmail": "Joann.Hempel@moodys.com",
        "chair": "Joann Hempel",
        "addendum": "Randy Matlosz ",
        "addendumEmail": "MatloszR@moodys.com"
    },
    {
        "sourceSystem": "ACCURATE",
        "orgId": null,
        "ratingActionDesc": "Northwoods Capital XII-B, Limited",
        "ratingActionID": "3451758",
        "ratingActionName": "Northwoods Capital XII-B, Limited",
        "ratingCommitteeDate": "2020-09-21 00:00:00.0",
        "ratingOffice": "51",
        "ratingReleaseDate": "2020-09-24 13:40:31.0",
        "releaseDate": "2020-09-24 13:40:37.61",
        "lobname": "SFG",
        "sublobname": "Surv-COS-ABS",
        "region": "U.S.A. & Canada",
        "leadAnalystID": "7639",
        "leadAnalystName": "Peter Li",
        "leadAnalystUniqueId": "lipe",
        "analystEmail": "Peter.Li@moodys.com",
        "analystLocation": "New York - 7 World Trade Center",
        "approverID": null,
        "approverName": " ",
        "officeName": "Moody's Investors Service, Inc.",
        "documentExceptionListingInd": "",
        "announcementInd": "",
        "automaticRating": "No",
        "definitiveRatingPrevProvisional": "No",
        "indicativeRatingInd": "N",
        "definitiveRatingInd": null,
        "linkedAnotherActionInd": "No",
        "privateRatingActionInd": "N",
        "provisionalRatingInd": "N",
        "secondaryactionind": "No",
        "subsequentRatingInd": "N",
        "contactPersonId": null,
        "complianceType": "CAMS",
        "complianceID": "104472",
        "ratingShellId": null,
        "ratingShellDS": null,
        "workItemStatus": null,
        "workItemType": null,
        "workItemSubType": null,
        "workItemReleaseDtm": null,
        "pressReleaseId": null,
        "securityClassNm": null,
        "shadowCd": null,
        "pressReleaseType": null,
        "pyrRatingType": null,
        "pacrEmail": null,
        "pacr": null,
        "chairEmail": null,
        "chair": null,
        "addendum": null,
        "addendumEmail": null
    },
    {
        "sourceSystem": "ACCURATE",
        "orgId": null,
        "ratingActionDesc": "Northwoods Capital XVI, Limited",
        "ratingActionID": "3451761",
        "ratingActionName": "Northwoods Capital XVI, Limited",
        "ratingCommitteeDate": "2020-09-21 00:00:00.0",
        "ratingOffice": "51",
        "ratingReleaseDate": "2020-09-24 13:54:56.0",
        "releaseDate": "2020-09-24 13:55:01.486",
        "lobname": "SFG",
        "sublobname": "Surv-COS-ABS",
        "region": "U.S.A. & Canada",
        "leadAnalystID": "7639",
        "leadAnalystName": "Peter Li",
        "leadAnalystUniqueId": "lipe",
        "analystEmail": "Peter.Li@moodys.com",
        "analystLocation": "New York - 7 World Trade Center",
        "approverID": null,
        "approverName": " ",
        "officeName": "Moody's Investors Service, Inc.",
        "documentExceptionListingInd": "",
        "announcementInd": "",
        "automaticRating": "No",
        "definitiveRatingPrevProvisional": "No",
        "indicativeRatingInd": "N",
        "definitiveRatingInd": null,
        "linkedAnotherActionInd": "No",
        "privateRatingActionInd": "N",
        "provisionalRatingInd": "N",
        "secondaryactionind": "No",
        "subsequentRatingInd": "N",
        "contactPersonId": null,
        "complianceType": "CAMS",
        "complianceID": "104565",
        "ratingShellId": null,
        "ratingShellDS": null,
        "workItemStatus": null,
        "workItemType": null,
        "workItemSubType": null,
        "workItemReleaseDtm": null,
        "pressReleaseId": null,
        "securityClassNm": null,
        "shadowCd": null,
        "pressReleaseType": null,
        "pyrRatingType": null,
        "pacrEmail": null,
        "pacr": null,
        "chairEmail": null,
        "chair": null,
        "addendum": null,
        "addendumEmail": null
    },
    {
        "sourceSystem": "ACCURATE",
        "orgId": null,
        "ratingActionDesc": "Northwoods Capital XVIII, Limited",
        "ratingActionID": "3451767",
        "ratingActionName": "Northwoods Capital XVIII, Limited",
        "ratingCommitteeDate": "2020-09-21 00:00:00.0",
        "ratingOffice": "51",
        "ratingReleaseDate": "2020-09-24 15:06:41.0",
        "releaseDate": "2020-09-24 15:06:47.12",
        "lobname": "SFG",
        "sublobname": "Surv-COS-ABS",
        "region": "U.S.A. & Canada",
        "leadAnalystID": "7639",
        "leadAnalystName": "Peter Li",
        "leadAnalystUniqueId": "lipe",
        "analystEmail": "Peter.Li@moodys.com",
        "analystLocation": "New York - 7 World Trade Center",
        "approverID": null,
        "approverName": " ",
        "officeName": "Moody's Investors Service, Inc.",
        "documentExceptionListingInd": "",
        "announcementInd": "",
        "automaticRating": "No",
        "definitiveRatingPrevProvisional": "No",
        "indicativeRatingInd": "N",
        "definitiveRatingInd": null,
        "linkedAnotherActionInd": "No",
        "privateRatingActionInd": "N",
        "provisionalRatingInd": "N",
        "secondaryactionind": "No",
        "subsequentRatingInd": "N",
        "contactPersonId": null,
        "complianceType": "CAMS",
        "complianceID": "104599",
        "ratingShellId": null,
        "ratingShellDS": null,
        "workItemStatus": null,
        "workItemType": null,
        "workItemSubType": null,
        "workItemReleaseDtm": null,
        "pressReleaseId": null,
        "securityClassNm": null,
        "shadowCd": null,
        "pressReleaseType": null,
        "pyrRatingType": null,
        "pacrEmail": null,
        "pacr": null,
        "chairEmail": null,
        "chair": null,
        "addendum": null,
        "addendumEmail": null
    },
    {
        "sourceSystem": "ACCURATE",
        "orgId": null,
        "ratingActionDesc": "UBS AG, London Branch - 46",
        "ratingActionID": "3451991",
        "ratingActionName": "UBS AG, London Branch - 46",
        "ratingCommitteeDate": null,
        "ratingOffice": "41",
        "ratingReleaseDate": "2020-09-25 03:30:49.0",
        "releaseDate": "2020-09-25 03:31:10.093",
        "lobname": "FIG",
        "sublobname": "Banking",
        "region": "Europe",
        "leadAnalystID": "6878",
        "leadAnalystName": "Michael Rohr",
        "leadAnalystUniqueId": "rohrm",
        "analystEmail": "Michael.Rohr@moodys.com",
        "analystLocation": "Frankfurt - An der Welle 5",
        "approverID": null,
        "approverName": " ",
        "officeName": "Moody's Deutschland GmbH",
        "documentExceptionListingInd": "",
        "announcementInd": "",
        "automaticRating": "Yes",
        "definitiveRatingPrevProvisional": "No",
        "indicativeRatingInd": "N",
        "definitiveRatingInd": null,
        "linkedAnotherActionInd": "No",
        "privateRatingActionInd": "N",
        "provisionalRatingInd": "N",
        "secondaryactionind": "No",
        "subsequentRatingInd": "",
        "contactPersonId": null,
        "complianceType": "CAMS",
        "complianceID": "",
        "ratingShellId": null,
        "ratingShellDS": null,
        "workItemStatus": null,
        "workItemType": null,
        "workItemSubType": null,
        "workItemReleaseDtm": null,
        "pressReleaseId": null,
        "securityClassNm": null,
        "shadowCd": null,
        "pressReleaseType": null,
        "pyrRatingType": null,
        "pacrEmail": null,
        "pacr": null,
        "chairEmail": null,
        "chair": null,
        "addendum": null,
        "addendumEmail": null
    },
    {
        "sourceSystem": "ACCURATE",
        "orgId": null,
        "ratingActionDesc": "UBS AG, London Branch - 46",
        "ratingActionID": "3452012",
        "ratingActionName": "UBS AG, London Branch - 46",
        "ratingCommitteeDate": null,
        "ratingOffice": "41",
        "ratingReleaseDate": "2020-09-25 05:49:22.0",
        "releaseDate": "2020-09-25 05:49:42.326",
        "lobname": "FIG",
        "sublobname": "Banking",
        "region": "Europe",
        "leadAnalystID": "6878",
        "leadAnalystName": "Michael Rohr",
        "leadAnalystUniqueId": "rohrm",
        "analystEmail": "Michael.Rohr@moodys.com",
        "analystLocation": "Frankfurt - An der Welle 5",
        "approverID": null,
        "approverName": " ",
        "officeName": "Moody's Deutschland GmbH",
        "documentExceptionListingInd": "",
        "announcementInd": "",
        "automaticRating": "Yes",
        "definitiveRatingPrevProvisional": "No",
        "indicativeRatingInd": "N",
        "definitiveRatingInd": null,
        "linkedAnotherActionInd": "No",
        "privateRatingActionInd": "N",
        "provisionalRatingInd": "N",
        "secondaryactionind": "No",
        "subsequentRatingInd": "",
        "contactPersonId": null,
        "complianceType": "CAMS",
        "complianceID": "",
        "ratingShellId": null,
        "ratingShellDS": null,
        "workItemStatus": null,
        "workItemType": null,
        "workItemSubType": null,
        "workItemReleaseDtm": null,
        "pressReleaseId": null,
        "securityClassNm": null,
        "shadowCd": null,
        "pressReleaseType": null,
        "pyrRatingType": null,
        "pacrEmail": null,
        "pacr": null,
        "chairEmail": null,
        "chair": null,
        "addendum": null,
        "addendumEmail": null
    },
    {
        "sourceSystem": "ACCURATE",
        "orgId": null,
        "ratingActionDesc": "GS Finance Corp. - 46",
        "ratingActionID": "3452073",
        "ratingActionName": "GS Finance Corp. - 46",
        "ratingCommitteeDate": null,
        "ratingOffice": "51",
        "ratingReleaseDate": "2020-09-24 05:48:45.0",
        "releaseDate": "2020-09-24 05:48:59.97",
        "lobname": "FIG",
        "sublobname": "Banking",
        "region": "U.S.A. & Canada",
        "leadAnalystID": "467",
        "leadAnalystName": "David Fanger",
        "leadAnalystUniqueId": "fangerd",
        "analystEmail": "David.Fanger@moodys.com",
        "analystLocation": "New York - 7 World Trade Center",
        "approverID": null,
        "approverName": " ",
        "officeName": "Moody's Investors Service, Inc.",
        "documentExceptionListingInd": "",
        "announcementInd": "",
        "automaticRating": "Yes",
        "definitiveRatingPrevProvisional": "No",
        "indicativeRatingInd": "N",
        "definitiveRatingInd": null,
        "linkedAnotherActionInd": "No",
        "privateRatingActionInd": "N",
        "provisionalRatingInd": "N",
        "secondaryactionind": "No",
        "subsequentRatingInd": "",
        "contactPersonId": null,
        "complianceType": "CAMS",
        "complianceID": "",
        "ratingShellId": null,
        "ratingShellDS": null,
        "workItemStatus": null,
        "workItemType": null,
        "workItemSubType": null,
        "workItemReleaseDtm": null,
        "pressReleaseId": null,
        "securityClassNm": null,
        "shadowCd": null,
        "pressReleaseType": null,
        "pyrRatingType": null,
        "pacrEmail": null,
        "pacr": null,
        "chairEmail": null,
        "chair": null,
        "addendum": null,
        "addendumEmail": null
    },
    {
        "sourceSystem": "ACCURATE",
        "orgId": null,
        "ratingActionDesc": "Royal Bank of Canada",
        "ratingActionID": "3452090",
        "ratingActionName": "Royal Bank of Canada",
        "ratingCommitteeDate": null,
        "ratingOffice": "71",
        "ratingReleaseDate": "2020-09-25 16:43:22.0",
        "releaseDate": "2020-09-25 16:43:56.416",
        "lobname": "FIG",
        "sublobname": "Banking",
        "region": "U.S.A. & Canada",
        "leadAnalystID": "6721",
        "leadAnalystName": "John Beattie",
        "leadAnalystUniqueId": "beattied",
        "analystEmail": "David.Beattie@moodys.com",
        "analystLocation": "Toronto - 70 York Street",
        "approverID": null,
        "approverName": " ",
        "officeName": "Moody's Canada Inc.",
        "documentExceptionListingInd": "",
        "announcementInd": "",
        "automaticRating": "Yes",
        "definitiveRatingPrevProvisional": "No",
        "indicativeRatingInd": "N",
        "definitiveRatingInd": null,
        "linkedAnotherActionInd": "No",
        "privateRatingActionInd": "N",
        "provisionalRatingInd": "N",
        "secondaryactionind": "No",
        "subsequentRatingInd": "",
        "contactPersonId": null,
        "complianceType": "CAMS",
        "complianceID": "",
        "ratingShellId": null,
        "ratingShellDS": null,
        "workItemStatus": null,
        "workItemType": null,
        "workItemSubType": null,
        "workItemReleaseDtm": null,
        "pressReleaseId": null,
        "securityClassNm": null,
        "shadowCd": null,
        "pressReleaseType": null,
        "pyrRatingType": null,
        "pacrEmail": null,
        "pacr": null,
        "chairEmail": null,
        "chair": null,
        "addendum": null,
        "addendumEmail": null
    },
    {
        "sourceSystem": "ACCURATE",
        "orgId": null,
        "ratingActionDesc": "Muenchener Hypothekenbank eG",
        "ratingActionID": "3452208",
        "ratingActionName": "Muenchener Hypothekenbank eG",
        "ratingCommitteeDate": null,
        "ratingOffice": "41",
        "ratingReleaseDate": "2020-09-23 14:34:25.0",
        "releaseDate": "2020-09-23 14:34:52.15",
        "lobname": "FIG",
        "sublobname": "Banking",
        "region": "Europe",
        "leadAnalystID": "6021",
        "leadAnalystName": "Andrea Muller Wehmeier",
        "leadAnalystUniqueId": "wehmeiea",
        "analystEmail": "Andrea.Wehmeier@moodys.com",
        "analystLocation": "Frankfurt - An der Welle 5",
        "approverID": null,
        "approverName": " ",
        "officeName": "Moody's Deutschland GmbH",
        "documentExceptionListingInd": "",
        "announcementInd": "",
        "automaticRating": "No",
        "definitiveRatingPrevProvisional": "No",
        "indicativeRatingInd": "N",
        "definitiveRatingInd": null,
        "linkedAnotherActionInd": "No",
        "privateRatingActionInd": "N",
        "provisionalRatingInd": "N",
        "secondaryactionind": "No",
        "subsequentRatingInd": "Y",
        "contactPersonId": null,
        "complianceType": "CAMS",
        "complianceID": "",
        "ratingShellId": null,
        "ratingShellDS": null,
        "workItemStatus": null,
        "workItemType": null,
        "workItemSubType": null,
        "workItemReleaseDtm": null,
        "pressReleaseId": null,
        "securityClassNm": null,
        "shadowCd": null,
        "pressReleaseType": null,
        "pyrRatingType": null,
        "pacrEmail": null,
        "pacr": null,
        "chairEmail": null,
        "chair": null,
        "addendum": null,
        "addendumEmail": null
    },
    {
        "sourceSystem": "ACCURATE",
        "orgId": null,
        "ratingActionDesc": "GS Finance Corp. - 46",
        "ratingActionID": "3452210",
        "ratingActionName": "GS Finance Corp. - 46",
        "ratingCommitteeDate": null,
        "ratingOffice": "51",
        "ratingReleaseDate": "2020-09-24 06:51:34.0",
        "releaseDate": "2020-09-24 06:51:51.463",
        "lobname": "FIG",
        "sublobname": "Banking",
        "region": "U.S.A. & Canada",
        "leadAnalystID": "467",
        "leadAnalystName": "David Fanger",
        "leadAnalystUniqueId": "fangerd",
        "analystEmail": "David.Fanger@moodys.com",
        "analystLocation": "New York - 7 World Trade Center",
        "approverID": null,
        "approverName": " ",
        "officeName": "Moody's Investors Service, Inc.",
        "documentExceptionListingInd": "",
        "announcementInd": "",
        "automaticRating": "Yes",
        "definitiveRatingPrevProvisional": "No",
        "indicativeRatingInd": "N",
        "definitiveRatingInd": null,
        "linkedAnotherActionInd": "No",
        "privateRatingActionInd": "N",
        "provisionalRatingInd": "N",
        "secondaryactionind": "No",
        "subsequentRatingInd": "",
        "contactPersonId": null,
        "complianceType": "CAMS",
        "complianceID": "",
        "ratingShellId": null,
        "ratingShellDS": null,
        "workItemStatus": null,
        "workItemType": null,
        "workItemSubType": null,
        "workItemReleaseDtm": null,
        "pressReleaseId": null,
        "securityClassNm": null,
        "shadowCd": null,
        "pressReleaseType": null,
        "pyrRatingType": null,
        "pacrEmail": null,
        "pacr": null,
        "chairEmail": null,
        "chair": null,
        "addendum": null,
        "addendumEmail": null
    },
    {
        "sourceSystem": "ACCURATE",
        "orgId": null,
        "ratingActionDesc": "Credit Agricole CIB Financial Solutions - 47",
        "ratingActionID": "3452224",
        "ratingActionName": "Credit Agricole CIB Financial Solutions - 47",
        "ratingCommitteeDate": null,
        "ratingOffice": "50",
        "ratingReleaseDate": "2020-09-23 07:59:12.0",
        "releaseDate": "2020-09-23 07:59:19.633",
        "lobname": "FIG",
        "sublobname": "Banking",
        "region": "Europe",
        "leadAnalystID": "2595",
        "leadAnalystName": "Olivier Panis",
        "leadAnalystUniqueId": "paniso",
        "analystEmail": "Olivier.Panis@moodys.com",
        "analystLocation": "Paris - 96, boulevard Haussmann",
        "approverID": null,
        "approverName": " ",
        "officeName": "Moody's France SAS",
        "documentExceptionListingInd": "",
        "announcementInd": "",
        "automaticRating": "Yes",
        "definitiveRatingPrevProvisional": "No",
        "indicativeRatingInd": "N",
        "definitiveRatingInd": null,
        "linkedAnotherActionInd": "No",
        "privateRatingActionInd": "N",
        "provisionalRatingInd": "N",
        "secondaryactionind": "No",
        "subsequentRatingInd": "",
        "contactPersonId": null,
        "complianceType": "CAMS",
        "complianceID": "",
        "ratingShellId": null,
        "ratingShellDS": null,
        "workItemStatus": null,
        "workItemType": null,
        "workItemSubType": null,
        "workItemReleaseDtm": null,
        "pressReleaseId": null,
        "securityClassNm": null,
        "shadowCd": null,
        "pressReleaseType": null,
        "pyrRatingType": null,
        "pacrEmail": null,
        "pacr": null,
        "chairEmail": null,
        "chair": null,
        "addendum": null,
        "addendumEmail": null
    },
    {
        "sourceSystem": "ACCURATE",
        "orgId": null,
        "ratingActionDesc": "HSBC USA Inc. - 46",
        "ratingActionID": "3452234",
        "ratingActionName": "HSBC USA Inc. - 46",
        "ratingCommitteeDate": null,
        "ratingOffice": "51",
        "ratingReleaseDate": "2020-09-24 09:13:47.0",
        "releaseDate": "2020-09-24 09:13:55.096",
        "lobname": "FIG",
        "sublobname": "Banking",
        "region": "U.S.A. & Canada",
        "leadAnalystID": "467",
        "leadAnalystName": "David Fanger",
        "leadAnalystUniqueId": "fangerd",
        "analystEmail": "David.Fanger@moodys.com",
        "analystLocation": "New York - 7 World Trade Center",
        "approverID": null,
        "approverName": " ",
        "officeName": "Moody's Investors Service, Inc.",
        "documentExceptionListingInd": "",
        "announcementInd": "",
        "automaticRating": "Yes",
        "definitiveRatingPrevProvisional": "No",
        "indicativeRatingInd": "N",
        "definitiveRatingInd": null,
        "linkedAnotherActionInd": "No",
        "privateRatingActionInd": "N",
        "provisionalRatingInd": "N",
        "secondaryactionind": "No",
        "subsequentRatingInd": "",
        "contactPersonId": null,
        "complianceType": "CAMS",
        "complianceID": "",
        "ratingShellId": null,
        "ratingShellDS": null,
        "workItemStatus": null,
        "workItemType": null,
        "workItemSubType": null,
        "workItemReleaseDtm": null,
        "pressReleaseId": null,
        "securityClassNm": null,
        "shadowCd": null,
        "pressReleaseType": null,
        "pyrRatingType": null,
        "pacrEmail": null,
        "pacr": null,
        "chairEmail": null,
        "chair": null,
        "addendum": null,
        "addendumEmail": null
    },
    {
        "sourceSystem": "ACCURATE",
        "orgId": null,
        "ratingActionDesc": "HSBC USA Inc. - 46",
        "ratingActionID": "3452314",
        "ratingActionName": "HSBC USA Inc. - 46",
        "ratingCommitteeDate": null,
        "ratingOffice": "51",
        "ratingReleaseDate": "2020-09-24 07:28:23.0",
        "releaseDate": "2020-09-24 07:28:39.676",
        "lobname": "FIG",
        "sublobname": "Banking",
        "region": "U.S.A. & Canada",
        "leadAnalystID": "467",
        "leadAnalystName": "David Fanger",
        "leadAnalystUniqueId": "fangerd",
        "analystEmail": "David.Fanger@moodys.com",
        "analystLocation": "New York - 7 World Trade Center",
        "approverID": null,
        "approverName": " ",
        "officeName": "Moody's Investors Service, Inc.",
        "documentExceptionListingInd": "",
        "announcementInd": "",
        "automaticRating": "Yes",
        "definitiveRatingPrevProvisional": "No",
        "indicativeRatingInd": "N",
        "definitiveRatingInd": null,
        "linkedAnotherActionInd": "No",
        "privateRatingActionInd": "N",
        "provisionalRatingInd": "N",
        "secondaryactionind": "No",
        "subsequentRatingInd": "",
        "contactPersonId": null,
        "complianceType": "CAMS",
        "complianceID": "",
        "ratingShellId": null,
        "ratingShellDS": null,
        "workItemStatus": null,
        "workItemType": null,
        "workItemSubType": null,
        "workItemReleaseDtm": null,
        "pressReleaseId": null,
        "securityClassNm": null,
        "shadowCd": null,
        "pressReleaseType": null,
        "pyrRatingType": null,
        "pacrEmail": null,
        "pacr": null,
        "chairEmail": null,
        "chair": null,
        "addendum": null,
        "addendumEmail": null
    },
    {
        "sourceSystem": "ACCURATE",
        "orgId": null,
        "ratingActionDesc": "BBVA Global Markets B.V. - 47",
        "ratingActionID": "3452322",
        "ratingActionName": "BBVA Global Markets B.V. - 47",
        "ratingCommitteeDate": null,
        "ratingOffice": "69",
        "ratingReleaseDate": "2020-09-23 06:48:07.0",
        "releaseDate": "2020-09-23 06:48:14.653",
        "lobname": "FIG",
        "sublobname": "Banking",
        "region": "Europe",
        "leadAnalystID": "290",
        "leadAnalystName": "Maria Cabanyes",
        "leadAnalystUniqueId": "cabanyem",
        "analystEmail": "Maria.Cabanyes@moodys.com",
        "analystLocation": "Madrid - Calle Principe de Vergara, 131",
        "approverID": null,
        "approverName": " ",
        "officeName": "Moody's Investors Service Espana, S.A.",
        "documentExceptionListingInd": "",
        "announcementInd": "",
        "automaticRating": "Yes",
        "definitiveRatingPrevProvisional": "No",
        "indicativeRatingInd": "N",
        "definitiveRatingInd": null,
        "linkedAnotherActionInd": "No",
        "privateRatingActionInd": "N",
        "provisionalRatingInd": "N",
        "secondaryactionind": "No",
        "subsequentRatingInd": "",
        "contactPersonId": null,
        "complianceType": "CAMS",
        "complianceID": "",
        "ratingShellId": null,
        "ratingShellDS": null,
        "workItemStatus": null,
        "workItemType": null,
        "workItemSubType": null,
        "workItemReleaseDtm": null,
        "pressReleaseId": null,
        "securityClassNm": null,
        "shadowCd": null,
        "pressReleaseType": null,
        "pyrRatingType": null,
        "pacrEmail": null,
        "pacr": null,
        "chairEmail": null,
        "chair": null,
        "addendum": null,
        "addendumEmail": null
    },
    {
        "sourceSystem": "ACCURATE",
        "orgId": null,
        "ratingActionDesc": "GS Finance Corp.",
        "ratingActionID": "3452428",
        "ratingActionName": "GS Finance Corp.",
        "ratingCommitteeDate": null,
        "ratingOffice": "51",
        "ratingReleaseDate": "2020-09-23 11:22:05.0",
        "releaseDate": "2020-09-23 11:22:40.21",
        "lobname": "FIG",
        "sublobname": "Banking",
        "region": "U.S.A. & Canada",
        "leadAnalystID": "467",
        "leadAnalystName": "David Fanger",
        "leadAnalystUniqueId": "fangerd",
        "analystEmail": "David.Fanger@moodys.com",
        "analystLocation": "New York - 7 World Trade Center",
        "approverID": null,
        "approverName": " ",
        "officeName": "Moody's Investors Service, Inc.",
        "documentExceptionListingInd": "",
        "announcementInd": "",
        "automaticRating": "Yes",
        "definitiveRatingPrevProvisional": "No",
        "indicativeRatingInd": "N",
        "definitiveRatingInd": null,
        "linkedAnotherActionInd": "No",
        "privateRatingActionInd": "N",
        "provisionalRatingInd": "N",
        "secondaryactionind": "No",
        "subsequentRatingInd": "",
        "contactPersonId": null,
        "complianceType": "CAMS",
        "complianceID": "",
        "ratingShellId": null,
        "ratingShellDS": null,
        "workItemStatus": null,
        "workItemType": null,
        "workItemSubType": null,
        "workItemReleaseDtm": null,
        "pressReleaseId": null,
        "securityClassNm": null,
        "shadowCd": null,
        "pressReleaseType": null,
        "pyrRatingType": null,
        "pacrEmail": null,
        "pacr": null,
        "chairEmail": null,
        "chair": null,
        "addendum": null,
        "addendumEmail": null
    },
    {
        "sourceSystem": "ACCURATE",
        "orgId": null,
        "ratingActionDesc": "OZLM XV, Ltd.",
        "ratingActionID": "3452545",
        "ratingActionName": "OZLM XV, Ltd.",
        "ratingCommitteeDate": "2020-09-23 00:00:00.0",
        "ratingOffice": "51",
        "ratingReleaseDate": "2020-09-25 16:54:38.0",
        "releaseDate": "2020-09-25 16:54:43.166",
        "lobname": "SFG",
        "sublobname": "Surv-COR-SC",
        "region": "U.S.A. & Canada",
        "leadAnalystID": "30823",
        "leadAnalystName": "Louis Geneste",
        "leadAnalystUniqueId": "genestel",
        "analystEmail": "Louis.Geneste@moodys.com",
        "analystLocation": "New York - 7 World Trade Center",
        "approverID": null,
        "approverName": " ",
        "officeName": "Moody's Investors Service, Inc.",
        "documentExceptionListingInd": "",
        "announcementInd": "",
        "automaticRating": "No",
        "definitiveRatingPrevProvisional": "No",
        "indicativeRatingInd": "N",
        "definitiveRatingInd": null,
        "linkedAnotherActionInd": "No",
        "privateRatingActionInd": "N",
        "provisionalRatingInd": "N",
        "secondaryactionind": "No",
        "subsequentRatingInd": "N",
        "contactPersonId": null,
        "complianceType": "CAMS",
        "complianceID": "104582",
        "ratingShellId": null,
        "ratingShellDS": null,
        "workItemStatus": null,
        "workItemType": null,
        "workItemSubType": null,
        "workItemReleaseDtm": null,
        "pressReleaseId": null,
        "securityClassNm": null,
        "shadowCd": null,
        "pressReleaseType": null,
        "pyrRatingType": null,
        "pacrEmail": null,
        "pacr": null,
        "chairEmail": null,
        "chair": null,
        "addendum": "Viara Radoulova ",
        "addendumEmail": "RadouloV@moodys.com"
    },
    {
        "sourceSystem": "ACCURATE",
        "orgId": null,
        "ratingActionDesc": "GS Finance Corp.",
        "ratingActionID": "3452583",
        "ratingActionName": "GS Finance Corp.",
        "ratingCommitteeDate": null,
        "ratingOffice": "51",
        "ratingReleaseDate": "2020-09-23 11:11:26.0",
        "releaseDate": "2020-09-23 11:12:07.963",
        "lobname": "FIG",
        "sublobname": "Banking",
        "region": "U.S.A. & Canada",
        "leadAnalystID": "467",
        "leadAnalystName": "David Fanger",
        "leadAnalystUniqueId": "fangerd",
        "analystEmail": "David.Fanger@moodys.com",
        "analystLocation": "New York - 7 World Trade Center",
        "approverID": null,
        "approverName": " ",
        "officeName": "Moody's Investors Service, Inc.",
        "documentExceptionListingInd": "",
        "announcementInd": "",
        "automaticRating": "Yes",
        "definitiveRatingPrevProvisional": "No",
        "indicativeRatingInd": "N",
        "definitiveRatingInd": null,
        "linkedAnotherActionInd": "No",
        "privateRatingActionInd": "N",
        "provisionalRatingInd": "N",
        "secondaryactionind": "No",
        "subsequentRatingInd": "",
        "contactPersonId": null,
        "complianceType": "CAMS",
        "complianceID": "",
        "ratingShellId": null,
        "ratingShellDS": null,
        "workItemStatus": null,
        "workItemType": null,
        "workItemSubType": null,
        "workItemReleaseDtm": null,
        "pressReleaseId": null,
        "securityClassNm": null,
        "shadowCd": null,
        "pressReleaseType": null,
        "pyrRatingType": null,
        "pacrEmail": null,
        "pacr": null,
        "chairEmail": null,
        "chair": null,
        "addendum": null,
        "addendumEmail": null
    },
    {
        "sourceSystem": "ACCURATE",
        "orgId": null,
        "ratingActionDesc": "HSBC USA Inc. - 46",
        "ratingActionID": "3453288",
        "ratingActionName": "HSBC USA Inc. - 46",
        "ratingCommitteeDate": null,
        "ratingOffice": "51",
        "ratingReleaseDate": "2020-09-24 07:48:49.0",
        "releaseDate": "2020-09-24 07:49:05.94",
        "lobname": "FIG",
        "sublobname": "Banking",
        "region": "U.S.A. & Canada",
        "leadAnalystID": "467",
        "leadAnalystName": "David Fanger",
        "leadAnalystUniqueId": "fangerd",
        "analystEmail": "David.Fanger@moodys.com",
        "analystLocation": "New York - 7 World Trade Center",
        "approverID": null,
        "approverName": " ",
        "officeName": "Moody's Investors Service, Inc.",
        "documentExceptionListingInd": "",
        "announcementInd": "",
        "automaticRating": "Yes",
        "definitiveRatingPrevProvisional": "No",
        "indicativeRatingInd": "N",
        "definitiveRatingInd": null,
        "linkedAnotherActionInd": "No",
        "privateRatingActionInd": "N",
        "provisionalRatingInd": "N",
        "secondaryactionind": "No",
        "subsequentRatingInd": "",
        "contactPersonId": null,
        "complianceType": "CAMS",
        "complianceID": "",
        "ratingShellId": null,
        "ratingShellDS": null,
        "workItemStatus": null,
        "workItemType": null,
        "workItemSubType": null,
        "workItemReleaseDtm": null,
        "pressReleaseId": null,
        "securityClassNm": null,
        "shadowCd": null,
        "pressReleaseType": null,
        "pyrRatingType": null,
        "pacrEmail": null,
        "pacr": null,
        "chairEmail": null,
        "chair": null,
        "addendum": null,
        "addendumEmail": null
    },
    {
        "sourceSystem": "ACCURATE",
        "orgId": null,
        "ratingActionDesc": "Credit Industriel et Commercial - 47",
        "ratingActionID": "3453345",
        "ratingActionName": "Credit Industriel et Commercial - 47",
        "ratingCommitteeDate": null,
        "ratingOffice": "50",
        "ratingReleaseDate": "2020-09-23 07:14:41.0",
        "releaseDate": "2020-09-23 07:14:53.476",
        "lobname": "FIG",
        "sublobname": "Banking",
        "region": "Europe",
        "leadAnalystID": "6130",
        "leadAnalystName": "Guillaume Lucien-Baugas",
        "leadAnalystUniqueId": "lucieng",
        "analystEmail": "Guillaume.Lucien-Baugas@moodys.com",
        "analystLocation": "Paris - 96, boulevard Haussmann",
        "approverID": null,
        "approverName": " ",
        "officeName": "Moody's France SAS",
        "documentExceptionListingInd": "",
        "announcementInd": "",
        "automaticRating": "Yes",
        "definitiveRatingPrevProvisional": "No",
        "indicativeRatingInd": "N",
        "definitiveRatingInd": null,
        "linkedAnotherActionInd": "No",
        "privateRatingActionInd": "N",
        "provisionalRatingInd": "N",
        "secondaryactionind": "No",
        "subsequentRatingInd": "",
        "contactPersonId": null,
        "complianceType": "CAMS",
        "complianceID": "",
        "ratingShellId": null,
        "ratingShellDS": null,
        "workItemStatus": null,
        "workItemType": null,
        "workItemSubType": null,
        "workItemReleaseDtm": null,
        "pressReleaseId": null,
        "securityClassNm": null,
        "shadowCd": null,
        "pressReleaseType": null,
        "pyrRatingType": null,
        "pacrEmail": null,
        "pacr": null,
        "chairEmail": null,
        "chair": null,
        "addendum": null,
        "addendumEmail": null
    },
    {
        "sourceSystem": "ACCURATE",
        "orgId": null,
        "ratingActionDesc": "UBS AG, London Branch - 46",
        "ratingActionID": "3453355",
        "ratingActionName": "UBS AG, London Branch - 46",
        "ratingCommitteeDate": null,
        "ratingOffice": "41",
        "ratingReleaseDate": "2020-09-24 09:48:25.0",
        "releaseDate": "2020-09-24 09:48:41.96",
        "lobname": "FIG",
        "sublobname": "Banking",
        "region": "Europe",
        "leadAnalystID": "6878",
        "leadAnalystName": "Michael Rohr",
        "leadAnalystUniqueId": "rohrm",
        "analystEmail": "Michael.Rohr@moodys.com",
        "analystLocation": "Frankfurt - An der Welle 5",
        "approverID": null,
        "approverName": " ",
        "officeName": "Moody's Deutschland GmbH",
        "documentExceptionListingInd": "",
        "announcementInd": "",
        "automaticRating": "Yes",
        "definitiveRatingPrevProvisional": "No",
        "indicativeRatingInd": "N",
        "definitiveRatingInd": null,
        "linkedAnotherActionInd": "No",
        "privateRatingActionInd": "N",
        "provisionalRatingInd": "N",
        "secondaryactionind": "No",
        "subsequentRatingInd": "",
        "contactPersonId": null,
        "complianceType": "CAMS",
        "complianceID": "",
        "ratingShellId": null,
        "ratingShellDS": null,
        "workItemStatus": null,
        "workItemType": null,
        "workItemSubType": null,
        "workItemReleaseDtm": null,
        "pressReleaseId": null,
        "securityClassNm": null,
        "shadowCd": null,
        "pressReleaseType": null,
        "pyrRatingType": null,
        "pacrEmail": null,
        "pacr": null,
        "chairEmail": null,
        "chair": null,
        "addendum": null,
        "addendumEmail": null
    },
    {
        "sourceSystem": "ACCURATE",
        "orgId": null,
        "ratingActionDesc": "UBS AG, London Branch - 46",
        "ratingActionID": "3453538",
        "ratingActionName": "UBS AG, London Branch - 46",
        "ratingCommitteeDate": null,
        "ratingOffice": "41",
        "ratingReleaseDate": "2020-09-24 09:50:20.0",
        "releaseDate": "2020-09-24 09:50:37.806",
        "lobname": "FIG",
        "sublobname": "Banking",
        "region": "Europe",
        "leadAnalystID": "6878",
        "leadAnalystName": "Michael Rohr",
        "leadAnalystUniqueId": "rohrm",
        "analystEmail": "Michael.Rohr@moodys.com",
        "analystLocation": "Frankfurt - An der Welle 5",
        "approverID": null,
        "approverName": " ",
        "officeName": "Moody's Deutschland GmbH",
        "documentExceptionListingInd": "",
        "announcementInd": "",
        "automaticRating": "Yes",
        "definitiveRatingPrevProvisional": "No",
        "indicativeRatingInd": "N",
        "definitiveRatingInd": null,
        "linkedAnotherActionInd": "No",
        "privateRatingActionInd": "N",
        "provisionalRatingInd": "N",
        "secondaryactionind": "No",
        "subsequentRatingInd": "",
        "contactPersonId": null,
        "complianceType": "CAMS",
        "complianceID": "",
        "ratingShellId": null,
        "ratingShellDS": null,
        "workItemStatus": null,
        "workItemType": null,
        "workItemSubType": null,
        "workItemReleaseDtm": null,
        "pressReleaseId": null,
        "securityClassNm": null,
        "shadowCd": null,
        "pressReleaseType": null,
        "pyrRatingType": null,
        "pacrEmail": null,
        "pacr": null,
        "chairEmail": null,
        "chair": null,
        "addendum": null,
        "addendumEmail": null
    },
    {
        "sourceSystem": "ACCURATE",
        "orgId": null,
        "ratingActionDesc": "UBS AG, London Branch - 46",
        "ratingActionID": "3453544",
        "ratingActionName": "UBS AG, London Branch - 46",
        "ratingCommitteeDate": null,
        "ratingOffice": "41",
        "ratingReleaseDate": "2020-09-24 10:19:04.0",
        "releaseDate": "2020-09-24 10:19:20.06",
        "lobname": "FIG",
        "sublobname": "Banking",
        "region": "Europe",
        "leadAnalystID": "6878",
        "leadAnalystName": "Michael Rohr",
        "leadAnalystUniqueId": "rohrm",
        "analystEmail": "Michael.Rohr@moodys.com",
        "analystLocation": "Frankfurt - An der Welle 5",
        "approverID": null,
        "approverName": " ",
        "officeName": "Moody's Deutschland GmbH",
        "documentExceptionListingInd": "",
        "announcementInd": "",
        "automaticRating": "Yes",
        "definitiveRatingPrevProvisional": "No",
        "indicativeRatingInd": "N",
        "definitiveRatingInd": null,
        "linkedAnotherActionInd": "No",
        "privateRatingActionInd": "N",
        "provisionalRatingInd": "N",
        "secondaryactionind": "No",
        "subsequentRatingInd": "",
        "contactPersonId": null,
        "complianceType": "CAMS",
        "complianceID": "",
        "ratingShellId": null,
        "ratingShellDS": null,
        "workItemStatus": null,
        "workItemType": null,
        "workItemSubType": null,
        "workItemReleaseDtm": null,
        "pressReleaseId": null,
        "securityClassNm": null,
        "shadowCd": null,
        "pressReleaseType": null,
        "pyrRatingType": null,
        "pacrEmail": null,
        "pacr": null,
        "chairEmail": null,
        "chair": null,
        "addendum": null,
        "addendumEmail": null
    },
    {
        "sourceSystem": "ACCURATE",
        "orgId": null,
        "ratingActionDesc": "BEIP S.a.r.l.- PRI",
        "ratingActionID": "3453627",
        "ratingActionName": "BEIP S.a.r.l.- PRI",
        "ratingCommitteeDate": null,
        "ratingOffice": "52",
        "ratingReleaseDate": "2020-09-25 08:46:47.0",
        "releaseDate": "2020-09-25 08:46:51.38",
        "lobname": "PPIF",
        "sublobname": "Project Finance",
        "region": "Europe",
        "leadAnalystID": "7829",
        "leadAnalystName": "Alastair Sullivan",
        "leadAnalystUniqueId": "sullia",
        "analystEmail": "Alastair.Sullivan@moodys.com",
        "analystLocation": "London - One Canada Square",
        "approverID": "29031276",
        "approverName": "Alastair Sullivan",
        "officeName": "Moody's Investors Service Ltd.",
        "documentExceptionListingInd": "",
        "announcementInd": "",
        "automaticRating": "Yes",
        "definitiveRatingPrevProvisional": "No",
        "indicativeRatingInd": "N",
        "definitiveRatingInd": null,
        "linkedAnotherActionInd": "No",
        "privateRatingActionInd": "Y",
        "provisionalRatingInd": "N",
        "secondaryactionind": "No",
        "subsequentRatingInd": "",
        "contactPersonId": null,
        "complianceType": "CAMS",
        "complianceID": "104301",
        "ratingShellId": null,
        "ratingShellDS": null,
        "workItemStatus": null,
        "workItemType": null,
        "workItemSubType": null,
        "workItemReleaseDtm": null,
        "pressReleaseId": null,
        "securityClassNm": null,
        "shadowCd": null,
        "pressReleaseType": null,
        "pyrRatingType": null,
        "pacrEmail": "Kevin.Maddick@moodys.com",
        "pacr": "Kevin Maddick",
        "chairEmail": "Kevin.Maddick@moodys.com",
        "chair": "Kevin Maddick",
        "addendum": "Alastair Sullivan ",
        "addendumEmail": "SulliA@moodys.com"
    },
    {
        "sourceSystem": "ACCURATE",
        "orgId": null,
        "ratingActionDesc": "BofA Finance LLC - 46",
        "ratingActionID": "3453658",
        "ratingActionName": "BofA Finance LLC - 46",
        "ratingCommitteeDate": null,
        "ratingOffice": "51",
        "ratingReleaseDate": "2020-09-23 10:45:05.0",
        "releaseDate": "2020-09-23 10:45:09.89",
        "lobname": "FIG",
        "sublobname": "Banking",
        "region": "U.S.A. & Canada",
        "leadAnalystID": "467",
        "leadAnalystName": "David Fanger",
        "leadAnalystUniqueId": "fangerd",
        "analystEmail": "David.Fanger@moodys.com",
        "analystLocation": "New York - 7 World Trade Center",
        "approverID": null,
        "approverName": " ",
        "officeName": "Moody's Investors Service, Inc.",
        "documentExceptionListingInd": "",
        "announcementInd": "",
        "automaticRating": "Yes",
        "definitiveRatingPrevProvisional": "No",
        "indicativeRatingInd": "N",
        "definitiveRatingInd": null,
        "linkedAnotherActionInd": "No",
        "privateRatingActionInd": "N",
        "provisionalRatingInd": "N",
        "secondaryactionind": "No",
        "subsequentRatingInd": "",
        "contactPersonId": null,
        "complianceType": "CAMS",
        "complianceID": "",
        "ratingShellId": null,
        "ratingShellDS": null,
        "workItemStatus": null,
        "workItemType": null,
        "workItemSubType": null,
        "workItemReleaseDtm": null,
        "pressReleaseId": null,
        "securityClassNm": null,
        "shadowCd": null,
        "pressReleaseType": null,
        "pyrRatingType": null,
        "pacrEmail": null,
        "pacr": null,
        "chairEmail": null,
        "chair": null,
        "addendum": null,
        "addendumEmail": null
    },
    {
        "sourceSystem": "ACCURATE",
        "orgId": null,
        "ratingActionDesc": "UBS AG, London Branch - 46",
        "ratingActionID": "3453674",
        "ratingActionName": "UBS AG, London Branch - 46",
        "ratingCommitteeDate": null,
        "ratingOffice": "41",
        "ratingReleaseDate": "2020-09-25 01:34:29.0",
        "releaseDate": "2020-09-25 01:34:46.836",
        "lobname": "FIG",
        "sublobname": "Banking",
        "region": "Europe",
        "leadAnalystID": "6878",
        "leadAnalystName": "Michael Rohr",
        "leadAnalystUniqueId": "rohrm",
        "analystEmail": "Michael.Rohr@moodys.com",
        "analystLocation": "Frankfurt - An der Welle 5",
        "approverID": null,
        "approverName": " ",
        "officeName": "Moody's Deutschland GmbH",
        "documentExceptionListingInd": "",
        "announcementInd": "",
        "automaticRating": "Yes",
        "definitiveRatingPrevProvisional": "No",
        "indicativeRatingInd": "N",
        "definitiveRatingInd": null,
        "linkedAnotherActionInd": "No",
        "privateRatingActionInd": "N",
        "provisionalRatingInd": "N",
        "secondaryactionind": "No",
        "subsequentRatingInd": "",
        "contactPersonId": null,
        "complianceType": "CAMS",
        "complianceID": "",
        "ratingShellId": null,
        "ratingShellDS": null,
        "workItemStatus": null,
        "workItemType": null,
        "workItemSubType": null,
        "workItemReleaseDtm": null,
        "pressReleaseId": null,
        "securityClassNm": null,
        "shadowCd": null,
        "pressReleaseType": null,
        "pyrRatingType": null,
        "pacrEmail": null,
        "pacr": null,
        "chairEmail": null,
        "chair": null,
        "addendum": null,
        "addendumEmail": null
    },
    {
        "sourceSystem": "ACCURATE",
        "orgId": null,
        "ratingActionDesc": "UBS AG, London Branch - 46",
        "ratingActionID": "3453708",
        "ratingActionName": "UBS AG, London Branch - 46",
        "ratingCommitteeDate": null,
        "ratingOffice": "41",
        "ratingReleaseDate": "2020-09-25 02:07:03.0",
        "releaseDate": "2020-09-25 02:07:21.303",
        "lobname": "FIG",
        "sublobname": "Banking",
        "region": "Europe",
        "leadAnalystID": "6878",
        "leadAnalystName": "Michael Rohr",
        "leadAnalystUniqueId": "rohrm",
        "analystEmail": "Michael.Rohr@moodys.com",
        "analystLocation": "Frankfurt - An der Welle 5",
        "approverID": null,
        "approverName": " ",
        "officeName": "Moody's Deutschland GmbH",
        "documentExceptionListingInd": "",
        "announcementInd": "",
        "automaticRating": "Yes",
        "definitiveRatingPrevProvisional": "No",
        "indicativeRatingInd": "N",
        "definitiveRatingInd": null,
        "linkedAnotherActionInd": "No",
        "privateRatingActionInd": "N",
        "provisionalRatingInd": "N",
        "secondaryactionind": "No",
        "subsequentRatingInd": "",
        "contactPersonId": null,
        "complianceType": "CAMS",
        "complianceID": "",
        "ratingShellId": null,
        "ratingShellDS": null,
        "workItemStatus": null,
        "workItemType": null,
        "workItemSubType": null,
        "workItemReleaseDtm": null,
        "pressReleaseId": null,
        "securityClassNm": null,
        "shadowCd": null,
        "pressReleaseType": null,
        "pyrRatingType": null,
        "pacrEmail": null,
        "pacr": null,
        "chairEmail": null,
        "chair": null,
        "addendum": null,
        "addendumEmail": null
    },
    {
        "sourceSystem": "ACCURATE",
        "orgId": null,
        "ratingActionDesc": "Morgan Stanley Finance LLC - 46",
        "ratingActionID": "3453776",
        "ratingActionName": "Morgan Stanley Finance LLC - 46",
        "ratingCommitteeDate": null,
        "ratingOffice": "51",
        "ratingReleaseDate": "2020-09-24 09:44:44.0",
        "releaseDate": "2020-09-24 09:44:59.88",
        "lobname": "FIG",
        "sublobname": "Banking",
        "region": "U.S.A. & Canada",
        "leadAnalystID": "7106",
        "leadAnalystName": "Donald Robertson",
        "leadAnalystUniqueId": "robertsd",
        "analystEmail": "Donald.Robertson@moodys.com",
        "analystLocation": "New York - 7 World Trade Center",
        "approverID": null,
        "approverName": " ",
        "officeName": "Moody's Investors Service, Inc.",
        "documentExceptionListingInd": "",
        "announcementInd": "",
        "automaticRating": "Yes",
        "definitiveRatingPrevProvisional": "No",
        "indicativeRatingInd": "N",
        "definitiveRatingInd": null,
        "linkedAnotherActionInd": "No",
        "privateRatingActionInd": "N",
        "provisionalRatingInd": "N",
        "secondaryactionind": "No",
        "subsequentRatingInd": "",
        "contactPersonId": null,
        "complianceType": "CAMS",
        "complianceID": "",
        "ratingShellId": null,
        "ratingShellDS": null,
        "workItemStatus": null,
        "workItemType": null,
        "workItemSubType": null,
        "workItemReleaseDtm": null,
        "pressReleaseId": null,
        "securityClassNm": null,
        "shadowCd": null,
        "pressReleaseType": null,
        "pyrRatingType": null,
        "pacrEmail": null,
        "pacr": null,
        "chairEmail": null,
        "chair": null,
        "addendum": null,
        "addendumEmail": null
    },
    {
        "sourceSystem": "ACCURATE",
        "orgId": null,
        "ratingActionDesc": "Officine Maccaferri S.p.A.",
        "ratingActionID": "3453788",
        "ratingActionName": "Officine Maccaferri S.p.A.",
        "ratingCommitteeDate": "2020-09-23 00:00:00.0",
        "ratingOffice": "69",
        "ratingReleaseDate": "2020-09-24 12:00:24.71",
        "releaseDate": "2020-09-24 12:00:24.743",
        "lobname": "CFG",
        "sublobname": "CFG Regional",
        "region": "Europe",
        "leadAnalystID": "7650",
        "leadAnalystName": "Igor Kartavov",
        "leadAnalystUniqueId": "kartavoi",
        "analystEmail": "Igor.Kartavov@moodys.com",
        "analystLocation": "Madrid - Calle Principe de Vergara, 131",
        "approverID": "29025657",
        "approverName": "Igor Kartavov",
        "officeName": "Moody's Investors Service Espana, S.A.",
        "documentExceptionListingInd": "",
        "announcementInd": "",
        "automaticRating": "No",
        "definitiveRatingPrevProvisional": "No",
        "indicativeRatingInd": "N",
        "definitiveRatingInd": null,
        "linkedAnotherActionInd": "No",
        "privateRatingActionInd": "N",
        "provisionalRatingInd": "N",
        "secondaryactionind": "No",
        "subsequentRatingInd": "N",
        "contactPersonId": null,
        "complianceType": "CAMS",
        "complianceID": "104446",
        "ratingShellId": null,
        "ratingShellDS": null,
        "workItemStatus": null,
        "workItemType": null,
        "workItemSubType": null,
        "workItemReleaseDtm": null,
        "pressReleaseId": null,
        "securityClassNm": null,
        "shadowCd": null,
        "pressReleaseType": null,
        "pyrRatingType": null,
        "pacrEmail": "Ivan.Palacios@moodys.com",
        "pacr": "Ivan Palacios",
        "chairEmail": "Ivan.Palacios@moodys.com",
        "chair": "Ivan Palacios",
        "addendum": "Gleb Sharunin ",
        "addendumEmail": "SharuniG@moodys.com"
    },
    {
        "sourceSystem": "ACCURATE",
        "orgId": null,
        "ratingActionDesc": "Smurfit Kappa Group plc",
        "ratingActionID": "3453837",
        "ratingActionName": "Smurfit Kappa Group plc",
        "ratingCommitteeDate": "2020-09-23 00:00:00.0",
        "ratingOffice": "41",
        "ratingReleaseDate": "2020-09-25 13:21:06.0",
        "releaseDate": "2020-09-25 13:21:13.85",
        "lobname": "CFG",
        "sublobname": "CFG Regional",
        "region": "Europe",
        "leadAnalystID": "31287",
        "leadAnalystName": "Vitali Morgovski",
        "leadAnalystUniqueId": "morgov",
        "analystEmail": "Vitali.Morgovski@moodys.com",
        "analystLocation": "Frankfurt - An der Welle 5",
        "approverID": "29033032",
        "approverName": "Vitali Morgovski",
        "officeName": "Moody's Deutschland GmbH",
        "documentExceptionListingInd": "",
        "announcementInd": "",
        "automaticRating": "No",
        "definitiveRatingPrevProvisional": "No",
        "indicativeRatingInd": "N",
        "definitiveRatingInd": null,
        "linkedAnotherActionInd": "No",
        "privateRatingActionInd": "N",
        "provisionalRatingInd": "N",
        "secondaryactionind": "No",
        "subsequentRatingInd": "N",
        "contactPersonId": null,
        "complianceType": "CAMS",
        "complianceID": "104095",
        "ratingShellId": null,
        "ratingShellDS": null,
        "workItemStatus": null,
        "workItemType": null,
        "workItemSubType": null,
        "workItemReleaseDtm": null,
        "pressReleaseId": null,
        "securityClassNm": null,
        "shadowCd": null,
        "pressReleaseType": null,
        "pyrRatingType": null,
        "pacrEmail": "Anke.Rindermann@moodys.com",
        "pacr": "Anke Rindermann",
        "chairEmail": "Anke.Rindermann@moodys.com",
        "chair": "Anke Rindermann",
        "addendum": "Leon Thimm ",
        "addendumEmail": "ThimmL@moodys.com"
    },
    {
        "sourceSystem": "ACCURATE",
        "orgId": null,
        "ratingActionDesc": "Wells Fargo Stage Trust (Muni. Deriv.), Floating Rate Trust Receipts, Series 2020-002",
        "ratingActionID": "3453844",
        "ratingActionName": "Wells Fargo Stage Trust (Muni. Deriv.), Floating Rate Trust Receipts, Series 2020-002",
        "ratingCommitteeDate": null,
        "ratingOffice": "51",
        "ratingReleaseDate": "2020-09-23 14:32:13.0",
        "releaseDate": "2020-09-23 14:32:29.106",
        "lobname": "PPIF",
        "sublobname": "Municipal Supported Products",
        "region": "U.S.A. & Canada",
        "leadAnalystID": "2312",
        "leadAnalystName": "Randy Matlosz",
        "leadAnalystUniqueId": "matloszr",
        "analystEmail": "Randy.Matlosz@moodys.com",
        "analystLocation": "New York - 7 World Trade Center",
        "approverID": null,
        "approverName": " ",
        "officeName": "Moody's Investors Service, Inc.",
        "documentExceptionListingInd": "Y",
        "announcementInd": "",
        "automaticRating": "Yes",
        "definitiveRatingPrevProvisional": "No",
        "indicativeRatingInd": "N",
        "definitiveRatingInd": null,
        "linkedAnotherActionInd": "No",
        "privateRatingActionInd": "N",
        "provisionalRatingInd": "N",
        "secondaryactionind": "No",
        "subsequentRatingInd": "Y",
        "contactPersonId": null,
        "complianceType": "CAMS",
        "complianceID": "",
        "ratingShellId": null,
        "ratingShellDS": null,
        "workItemStatus": null,
        "workItemType": null,
        "workItemSubType": null,
        "workItemReleaseDtm": null,
        "pressReleaseId": null,
        "securityClassNm": null,
        "shadowCd": null,
        "pressReleaseType": null,
        "pyrRatingType": null,
        "pacrEmail": null,
        "pacr": null,
        "chairEmail": null,
        "chair": null,
        "addendum": null,
        "addendumEmail": null
    },
    {
        "sourceSystem": "ACCURATE",
        "orgId": null,
        "ratingActionDesc": "Dryden 38 Senior Loan Fund",
        "ratingActionID": "3453966",
        "ratingActionName": "Dryden 38 Senior Loan Fund",
        "ratingCommitteeDate": "2020-09-23 00:00:00.0",
        "ratingOffice": "51",
        "ratingReleaseDate": "2020-09-24 18:16:23.0",
        "releaseDate": "2020-09-24 18:16:28.703",
        "lobname": "SFG",
        "sublobname": "Surv-COR-ABCP",
        "region": "U.S.A. & Canada",
        "leadAnalystID": "6331",
        "leadAnalystName": "Katrina Wong",
        "leadAnalystUniqueId": "wongka",
        "analystEmail": "Katrina.Wong@moodys.com",
        "analystLocation": "New York - 7 World Trade Center",
        "approverID": null,
        "approverName": " ",
        "officeName": "Moody's Investors Service, Inc.",
        "documentExceptionListingInd": "",
        "announcementInd": "",
        "automaticRating": "No",
        "definitiveRatingPrevProvisional": "No",
        "indicativeRatingInd": "N",
        "definitiveRatingInd": null,
        "linkedAnotherActionInd": "No",
        "privateRatingActionInd": "N",
        "provisionalRatingInd": "N",
        "secondaryactionind": "No",
        "subsequentRatingInd": "N",
        "contactPersonId": null,
        "complianceType": "CAMS",
        "complianceID": "104592",
        "ratingShellId": null,
        "ratingShellDS": null,
        "workItemStatus": null,
        "workItemType": null,
        "workItemSubType": null,
        "workItemReleaseDtm": null,
        "pressReleaseId": null,
        "securityClassNm": null,
        "shadowCd": null,
        "pressReleaseType": null,
        "pyrRatingType": null,
        "pacrEmail": null,
        "pacr": null,
        "chairEmail": null,
        "chair": null,
        "addendum": "Katrina Wong ",
        "addendumEmail": "Wongka@moodys.com"
    },
    {
        "sourceSystem": "ACCURATE",
        "orgId": null,
        "ratingActionDesc": "UBS AG, London Branch - 46",
        "ratingActionID": "3454082",
        "ratingActionName": "UBS AG, London Branch - 46",
        "ratingCommitteeDate": null,
        "ratingOffice": "41",
        "ratingReleaseDate": "2020-09-25 07:18:26.0",
        "releaseDate": "2020-09-25 07:18:44.893",
        "lobname": "FIG",
        "sublobname": "Banking",
        "region": "Europe",
        "leadAnalystID": "6878",
        "leadAnalystName": "Michael Rohr",
        "leadAnalystUniqueId": "rohrm",
        "analystEmail": "Michael.Rohr@moodys.com",
        "analystLocation": "Frankfurt - An der Welle 5",
        "approverID": null,
        "approverName": " ",
        "officeName": "Moody's Deutschland GmbH",
        "documentExceptionListingInd": "",
        "announcementInd": "",
        "automaticRating": "Yes",
        "definitiveRatingPrevProvisional": "No",
        "indicativeRatingInd": "N",
        "definitiveRatingInd": null,
        "linkedAnotherActionInd": "No",
        "privateRatingActionInd": "N",
        "provisionalRatingInd": "N",
        "secondaryactionind": "No",
        "subsequentRatingInd": "",
        "contactPersonId": null,
        "complianceType": "CAMS",
        "complianceID": "",
        "ratingShellId": null,
        "ratingShellDS": null,
        "workItemStatus": null,
        "workItemType": null,
        "workItemSubType": null,
        "workItemReleaseDtm": null,
        "pressReleaseId": null,
        "securityClassNm": null,
        "shadowCd": null,
        "pressReleaseType": null,
        "pyrRatingType": null,
        "pacrEmail": null,
        "pacr": null,
        "chairEmail": null,
        "chair": null,
        "addendum": null,
        "addendumEmail": null
    },
    {
        "sourceSystem": "ACCURATE",
        "orgId": null,
        "ratingActionDesc": "UBS AG, London Branch - 46",
        "ratingActionID": "3454140",
        "ratingActionName": "UBS AG, London Branch - 46",
        "ratingCommitteeDate": null,
        "ratingOffice": "41",
        "ratingReleaseDate": "2020-09-25 06:02:40.0",
        "releaseDate": "2020-09-25 06:02:57.533",
        "lobname": "FIG",
        "sublobname": "Banking",
        "region": "Europe",
        "leadAnalystID": "6878",
        "leadAnalystName": "Michael Rohr",
        "leadAnalystUniqueId": "rohrm",
        "analystEmail": "Michael.Rohr@moodys.com",
        "analystLocation": "Frankfurt - An der Welle 5",
        "approverID": null,
        "approverName": " ",
        "officeName": "Moody's Deutschland GmbH",
        "documentExceptionListingInd": "",
        "announcementInd": "",
        "automaticRating": "Yes",
        "definitiveRatingPrevProvisional": "No",
        "indicativeRatingInd": "N",
        "definitiveRatingInd": null,
        "linkedAnotherActionInd": "No",
        "privateRatingActionInd": "N",
        "provisionalRatingInd": "N",
        "secondaryactionind": "No",
        "subsequentRatingInd": "",
        "contactPersonId": null,
        "complianceType": "CAMS",
        "complianceID": "",
        "ratingShellId": null,
        "ratingShellDS": null,
        "workItemStatus": null,
        "workItemType": null,
        "workItemSubType": null,
        "workItemReleaseDtm": null,
        "pressReleaseId": null,
        "securityClassNm": null,
        "shadowCd": null,
        "pressReleaseType": null,
        "pyrRatingType": null,
        "pacrEmail": null,
        "pacr": null,
        "chairEmail": null,
        "chair": null,
        "addendum": null,
        "addendumEmail": null
    },
    {
        "sourceSystem": "ACCURATE",
        "orgId": null,
        "ratingActionDesc": "Boardriders, Inc.",
        "ratingActionID": "3454176",
        "ratingActionName": "Boardriders, Inc.",
        "ratingCommitteeDate": "2020-09-22 00:00:00.0",
        "ratingOffice": "51",
        "ratingReleaseDate": "2020-09-24 18:02:03.0",
        "releaseDate": "2020-09-24 18:02:10.573",
        "lobname": "CFG",
        "sublobname": "CFG_NY-3",
        "region": "U.S.A. & Canada",
        "leadAnalystID": "1379",
        "leadAnalystName": "Michael Zuccaro",
        "leadAnalystUniqueId": "zuccarom",
        "analystEmail": "Michael.Zuccaro@moodys.com",
        "analystLocation": "New York - 7 World Trade Center",
        "approverID": "21000697",
        "approverName": "Michael Zuccaro",
        "officeName": "Moody's Investors Service, Inc.",
        "documentExceptionListingInd": "",
        "announcementInd": "",
        "automaticRating": "No",
        "definitiveRatingPrevProvisional": "No",
        "indicativeRatingInd": "N",
        "definitiveRatingInd": null,
        "linkedAnotherActionInd": "No",
        "privateRatingActionInd": "N",
        "provisionalRatingInd": "N",
        "secondaryactionind": "No",
        "subsequentRatingInd": "N",
        "contactPersonId": null,
        "complianceType": "CAMS",
        "complianceID": "104522",
        "ratingShellId": null,
        "ratingShellDS": null,
        "workItemStatus": null,
        "workItemType": null,
        "workItemSubType": null,
        "workItemReleaseDtm": null,
        "pressReleaseId": null,
        "securityClassNm": null,
        "shadowCd": null,
        "pressReleaseType": null,
        "pyrRatingType": null,
        "pacrEmail": "Margaret.Taylor@moodys.com",
        "pacr": "Margaret Taylor",
        "chairEmail": "Scott.Tuhy@moodys.com",
        "chair": "Scott Tuhy",
        "addendum": "Windsor Lindsay ",
        "addendumEmail": "LindsayW@moodys.com"
    },
    {
        "sourceSystem": "ACCURATE",
        "orgId": null,
        "ratingActionDesc": "UBS AG, London Branch - 46",
        "ratingActionID": "3454336",
        "ratingActionName": "UBS AG, London Branch - 46",
        "ratingCommitteeDate": null,
        "ratingOffice": "41",
        "ratingReleaseDate": "2020-09-25 03:29:11.0",
        "releaseDate": "2020-09-25 03:29:29.23",
        "lobname": "FIG",
        "sublobname": "Banking",
        "region": "Europe",
        "leadAnalystID": "6878",
        "leadAnalystName": "Michael Rohr",
        "leadAnalystUniqueId": "rohrm",
        "analystEmail": "Michael.Rohr@moodys.com",
        "analystLocation": "Frankfurt - An der Welle 5",
        "approverID": null,
        "approverName": " ",
        "officeName": "Moody's Deutschland GmbH",
        "documentExceptionListingInd": "",
        "announcementInd": "",
        "automaticRating": "Yes",
        "definitiveRatingPrevProvisional": "No",
        "indicativeRatingInd": "N",
        "definitiveRatingInd": null,
        "linkedAnotherActionInd": "No",
        "privateRatingActionInd": "N",
        "provisionalRatingInd": "N",
        "secondaryactionind": "No",
        "subsequentRatingInd": "",
        "contactPersonId": null,
        "complianceType": "CAMS",
        "complianceID": "",
        "ratingShellId": null,
        "ratingShellDS": null,
        "workItemStatus": null,
        "workItemType": null,
        "workItemSubType": null,
        "workItemReleaseDtm": null,
        "pressReleaseId": null,
        "securityClassNm": null,
        "shadowCd": null,
        "pressReleaseType": null,
        "pyrRatingType": null,
        "pacrEmail": null,
        "pacr": null,
        "chairEmail": null,
        "chair": null,
        "addendum": null,
        "addendumEmail": null
    },
    {
        "sourceSystem": "ACCURATE",
        "orgId": null,
        "ratingActionDesc": "UBS AG, London Branch - 46",
        "ratingActionID": "3454338",
        "ratingActionName": "UBS AG, London Branch - 46",
        "ratingCommitteeDate": null,
        "ratingOffice": "41",
        "ratingReleaseDate": "2020-09-25 04:52:27.0",
        "releaseDate": "2020-09-25 04:52:50.786",
        "lobname": "FIG",
        "sublobname": "Banking",
        "region": "Europe",
        "leadAnalystID": "6878",
        "leadAnalystName": "Michael Rohr",
        "leadAnalystUniqueId": "rohrm",
        "analystEmail": "Michael.Rohr@moodys.com",
        "analystLocation": "Frankfurt - An der Welle 5",
        "approverID": null,
        "approverName": " ",
        "officeName": "Moody's Deutschland GmbH",
        "documentExceptionListingInd": "",
        "announcementInd": "",
        "automaticRating": "Yes",
        "definitiveRatingPrevProvisional": "No",
        "indicativeRatingInd": "N",
        "definitiveRatingInd": null,
        "linkedAnotherActionInd": "No",
        "privateRatingActionInd": "N",
        "provisionalRatingInd": "N",
        "secondaryactionind": "No",
        "subsequentRatingInd": "",
        "contactPersonId": null,
        "complianceType": "CAMS",
        "complianceID": "",
        "ratingShellId": null,
        "ratingShellDS": null,
        "workItemStatus": null,
        "workItemType": null,
        "workItemSubType": null,
        "workItemReleaseDtm": null,
        "pressReleaseId": null,
        "securityClassNm": null,
        "shadowCd": null,
        "pressReleaseType": null,
        "pyrRatingType": null,
        "pacrEmail": null,
        "pacr": null,
        "chairEmail": null,
        "chair": null,
        "addendum": null,
        "addendumEmail": null
    },
    {
        "sourceSystem": "ACCURATE",
        "orgId": null,
        "ratingActionDesc": "UBS AG, London Branch - 46",
        "ratingActionID": "3454551",
        "ratingActionName": "UBS AG, London Branch - 46",
        "ratingCommitteeDate": null,
        "ratingOffice": "41",
        "ratingReleaseDate": "2020-09-25 03:32:05.0",
        "releaseDate": "2020-09-25 03:32:24.156",
        "lobname": "FIG",
        "sublobname": "Banking",
        "region": "Europe",
        "leadAnalystID": "6878",
        "leadAnalystName": "Michael Rohr",
        "leadAnalystUniqueId": "rohrm",
        "analystEmail": "Michael.Rohr@moodys.com",
        "analystLocation": "Frankfurt - An der Welle 5",
        "approverID": null,
        "approverName": " ",
        "officeName": "Moody's Deutschland GmbH",
        "documentExceptionListingInd": "",
        "announcementInd": "",
        "automaticRating": "Yes",
        "definitiveRatingPrevProvisional": "No",
        "indicativeRatingInd": "N",
        "definitiveRatingInd": null,
        "linkedAnotherActionInd": "No",
        "privateRatingActionInd": "N",
        "provisionalRatingInd": "N",
        "secondaryactionind": "No",
        "subsequentRatingInd": "",
        "contactPersonId": null,
        "complianceType": "CAMS",
        "complianceID": "",
        "ratingShellId": null,
        "ratingShellDS": null,
        "workItemStatus": null,
        "workItemType": null,
        "workItemSubType": null,
        "workItemReleaseDtm": null,
        "pressReleaseId": null,
        "securityClassNm": null,
        "shadowCd": null,
        "pressReleaseType": null,
        "pyrRatingType": null,
        "pacrEmail": null,
        "pacr": null,
        "chairEmail": null,
        "chair": null,
        "addendum": null,
        "addendumEmail": null
    },
    {
        "sourceSystem": "ACCURATE",
        "orgId": null,
        "ratingActionDesc": "International Finance Corporation",
        "ratingActionID": "3454560",
        "ratingActionName": "International Finance Corporation",
        "ratingCommitteeDate": null,
        "ratingOffice": "51",
        "ratingReleaseDate": "2020-09-24 14:44:07.0",
        "releaseDate": "2020-09-24 14:44:14.68",
        "lobname": "SOV",
        "sublobname": "Sovereign",
        "region": "U.S.A. & Canada",
        "leadAnalystID": "7229",
        "leadAnalystName": "Ariane Ortiz-Bollin",
        "leadAnalystUniqueId": "bollina",
        "analystEmail": "Ariane.Ortiz-Bollin@moodys.com",
        "analystLocation": "New York - 7 World Trade Center",
        "approverID": null,
        "approverName": " ",
        "officeName": "Moody's Investors Service, Inc.",
        "documentExceptionListingInd": "",
        "announcementInd": "",
        "automaticRating": "No",
        "definitiveRatingPrevProvisional": "No",
        "indicativeRatingInd": "N",
        "definitiveRatingInd": null,
        "linkedAnotherActionInd": "No",
        "privateRatingActionInd": "N",
        "provisionalRatingInd": "N",
        "secondaryactionind": "No",
        "subsequentRatingInd": "Y",
        "contactPersonId": null,
        "complianceType": "CAMS",
        "complianceID": "",
        "ratingShellId": null,
        "ratingShellDS": null,
        "workItemStatus": null,
        "workItemType": null,
        "workItemSubType": null,
        "workItemReleaseDtm": null,
        "pressReleaseId": null,
        "securityClassNm": null,
        "shadowCd": null,
        "pressReleaseType": null,
        "pyrRatingType": null,
        "pacrEmail": null,
        "pacr": null,
        "chairEmail": null,
        "chair": null,
        "addendum": null,
        "addendumEmail": null
    },
    {
        "sourceSystem": "ACCURATE",
        "orgId": null,
        "ratingActionDesc": "HPA_Qatar, Government of",
        "ratingActionID": "3454595",
        "ratingActionName": "HPA_Qatar, Government of",
        "ratingCommitteeDate": "2020-09-21 00:00:00.0",
        "ratingOffice": "51",
        "ratingReleaseDate": "2020-09-24 10:49:18.0",
        "releaseDate": "2020-09-24 10:49:33.606",
        "lobname": "SOV",
        "sublobname": "Sovereign",
        "region": "U.S.A. & Canada",
        "leadAnalystID": "7827",
        "leadAnalystName": "David Rogovic",
        "leadAnalystUniqueId": "rogod",
        "analystEmail": "David.Rogovic@moodys.com",
        "analystLocation": "New York - 7 World Trade Center",
        "approverID": "29032821",
        "approverName": "Alexander Perjessy",
        "officeName": "Moody's Investors Service, Inc.",
        "documentExceptionListingInd": "",
        "announcementInd": "",
        "automaticRating": "No",
        "definitiveRatingPrevProvisional": "No",
        "indicativeRatingInd": "N",
        "definitiveRatingInd": null,
        "linkedAnotherActionInd": "No",
        "privateRatingActionInd": "N",
        "provisionalRatingInd": "N",
        "secondaryactionind": "No",
        "subsequentRatingInd": "N",
        "contactPersonId": null,
        "complianceType": "CAMS",
        "complianceID": "104662",
        "ratingShellId": null,
        "ratingShellDS": null,
        "workItemStatus": null,
        "workItemType": null,
        "workItemSubType": null,
        "workItemReleaseDtm": null,
        "pressReleaseId": null,
        "securityClassNm": null,
        "shadowCd": null,
        "pressReleaseType": null,
        "pyrRatingType": null,
        "pacrEmail": "Marie.Diron@moodys.com",
        "pacr": "Marie Diron",
        "chairEmail": "Matt.Robinson@moodys.com",
        "chair": "Matt Robinson",
        "addendum": "Tancrede Feuillade ",
        "addendumEmail": "FeuillaT@moodys.com"
    },
    {
        "sourceSystem": "ACCURATE",
        "orgId": null,
        "ratingActionDesc": "UBS AG, London Branch - 46",
        "ratingActionID": "3454640",
        "ratingActionName": "UBS AG, London Branch - 46",
        "ratingCommitteeDate": null,
        "ratingOffice": "41",
        "ratingReleaseDate": "2020-09-25 03:25:42.0",
        "releaseDate": "2020-09-25 03:26:06.246",
        "lobname": "FIG",
        "sublobname": "Banking",
        "region": "Europe",
        "leadAnalystID": "6878",
        "leadAnalystName": "Michael Rohr",
        "leadAnalystUniqueId": "rohrm",
        "analystEmail": "Michael.Rohr@moodys.com",
        "analystLocation": "Frankfurt - An der Welle 5",
        "approverID": null,
        "approverName": " ",
        "officeName": "Moody's Deutschland GmbH",
        "documentExceptionListingInd": "",
        "announcementInd": "",
        "automaticRating": "Yes",
        "definitiveRatingPrevProvisional": "No",
        "indicativeRatingInd": "N",
        "definitiveRatingInd": null,
        "linkedAnotherActionInd": "No",
        "privateRatingActionInd": "N",
        "provisionalRatingInd": "N",
        "secondaryactionind": "No",
        "subsequentRatingInd": "",
        "contactPersonId": null,
        "complianceType": "CAMS",
        "complianceID": "",
        "ratingShellId": null,
        "ratingShellDS": null,
        "workItemStatus": null,
        "workItemType": null,
        "workItemSubType": null,
        "workItemReleaseDtm": null,
        "pressReleaseId": null,
        "securityClassNm": null,
        "shadowCd": null,
        "pressReleaseType": null,
        "pyrRatingType": null,
        "pacrEmail": null,
        "pacr": null,
        "chairEmail": null,
        "chair": null,
        "addendum": null,
        "addendumEmail": null
    },
    {
        "sourceSystem": "ACCURATE",
        "orgId": null,
        "ratingActionDesc": "CVC Cordatus Loan Fund XV Designated Activity Company",
        "ratingActionID": "3454723",
        "ratingActionName": "CVC Cordatus Loan Fund XV Designated Activity Company",
        "ratingCommitteeDate": "2020-09-24 00:00:00.0",
        "ratingOffice": "52",
        "ratingReleaseDate": "2020-09-25 12:23:39.0",
        "releaseDate": "2020-09-25 12:23:47.476",
        "lobname": "SFG",
        "sublobname": "Surv-COR-ABS",
        "region": "Europe",
        "leadAnalystID": "7694",
        "leadAnalystName": "James Morton",
        "leadAnalystUniqueId": "mortonj",
        "analystEmail": "James.Morton@moodys.com",
        "analystLocation": "London - One Canada Square",
        "approverID": null,
        "approverName": " ",
        "officeName": "Moody's Investors Service Ltd.",
        "documentExceptionListingInd": "",
        "announcementInd": "",
        "automaticRating": "No",
        "definitiveRatingPrevProvisional": "No",
        "indicativeRatingInd": "N",
        "definitiveRatingInd": null,
        "linkedAnotherActionInd": "No",
        "privateRatingActionInd": "N",
        "provisionalRatingInd": "N",
        "secondaryactionind": "No",
        "subsequentRatingInd": "N",
        "contactPersonId": null,
        "complianceType": "CAMS",
        "complianceID": "104668",
        "ratingShellId": null,
        "ratingShellDS": null,
        "workItemStatus": null,
        "workItemType": null,
        "workItemSubType": null,
        "workItemReleaseDtm": null,
        "pressReleaseId": null,
        "securityClassNm": null,
        "shadowCd": null,
        "pressReleaseType": null,
        "pyrRatingType": null,
        "pacrEmail": null,
        "pacr": null,
        "chairEmail": null,
        "chair": null,
        "addendum": "James Morton ",
        "addendumEmail": "MortonJ@moodys.com"
    },
    {
        "sourceSystem": "ACCURATE",
        "orgId": null,
        "ratingActionDesc": "Vulcan Materials Company",
        "ratingActionID": "3454919",
        "ratingActionName": "Vulcan Materials Company",
        "ratingCommitteeDate": null,
        "ratingOffice": "51",
        "ratingReleaseDate": "2020-09-23 15:57:40.0",
        "releaseDate": "2020-09-23 15:57:48.703",
        "lobname": "CFG",
        "sublobname": "CFG_NY-2",
        "region": "U.S.A. & Canada",
        "leadAnalystID": "30817",
        "leadAnalystName": "Emile El Nems",
        "leadAnalystUniqueId": "elnemse",
        "analystEmail": "Emile.ElNems@moodys.com",
        "analystLocation": "New York - 7 World Trade Center",
        "approverID": null,
        "approverName": " ",
        "officeName": "Moody's Investors Service, Inc.",
        "documentExceptionListingInd": "Y",
        "announcementInd": "",
        "automaticRating": "Yes",
        "definitiveRatingPrevProvisional": "No",
        "indicativeRatingInd": "N",
        "definitiveRatingInd": null,
        "linkedAnotherActionInd": "No",
        "privateRatingActionInd": "N",
        "provisionalRatingInd": "N",
        "secondaryactionind": "No",
        "subsequentRatingInd": "Y",
        "contactPersonId": null,
        "complianceType": "CAMS",
        "complianceID": "",
        "ratingShellId": null,
        "ratingShellDS": null,
        "workItemStatus": null,
        "workItemType": null,
        "workItemSubType": null,
        "workItemReleaseDtm": null,
        "pressReleaseId": null,
        "securityClassNm": null,
        "shadowCd": null,
        "pressReleaseType": null,
        "pyrRatingType": null,
        "pacrEmail": null,
        "pacr": null,
        "chairEmail": null,
        "chair": null,
        "addendum": null,
        "addendumEmail": null
    },
    {
        "sourceSystem": "ACCURATE",
        "orgId": null,
        "ratingActionDesc": "Sound Point CLO XVII, Ltd.",
        "ratingActionID": "3454941",
        "ratingActionName": "Sound Point CLO XVII, Ltd.",
        "ratingCommitteeDate": "2020-09-24 00:00:00.0",
        "ratingOffice": "51",
        "ratingReleaseDate": "2020-09-25 19:02:43.0",
        "releaseDate": "2020-09-25 19:02:49.056",
        "lobname": "SFG",
        "sublobname": "Surv-COR-SC",
        "region": "U.S.A. & Canada",
        "leadAnalystID": "31000",
        "leadAnalystName": "Mario Jadotte",
        "leadAnalystUniqueId": "jadottem",
        "analystEmail": "Mario.Jadotte@moodys.com",
        "analystLocation": "New York - 7 World Trade Center",
        "approverID": null,
        "approverName": " ",
        "officeName": "Moody's Investors Service, Inc.",
        "documentExceptionListingInd": "",
        "announcementInd": "",
        "automaticRating": "No",
        "definitiveRatingPrevProvisional": "No",
        "indicativeRatingInd": "N",
        "definitiveRatingInd": null,
        "linkedAnotherActionInd": "No",
        "privateRatingActionInd": "N",
        "provisionalRatingInd": "N",
        "secondaryactionind": "No",
        "subsequentRatingInd": "N",
        "contactPersonId": null,
        "complianceType": "CAMS",
        "complianceID": "104696",
        "ratingShellId": null,
        "ratingShellDS": null,
        "workItemStatus": null,
        "workItemType": null,
        "workItemSubType": null,
        "workItemReleaseDtm": null,
        "pressReleaseId": null,
        "securityClassNm": null,
        "shadowCd": null,
        "pressReleaseType": null,
        "pyrRatingType": null,
        "pacrEmail": null,
        "pacr": null,
        "chairEmail": null,
        "chair": null,
        "addendum": "Mario Jadotte ",
        "addendumEmail": "JadotteM@moodys.com"
    },
    {
        "sourceSystem": "ACCURATE",
        "orgId": null,
        "ratingActionDesc": "Project Ruby Ultimate Parent Corp.",
        "ratingActionID": "3455062",
        "ratingActionName": "Project Ruby Ultimate Parent Corp.",
        "ratingCommitteeDate": "2020-09-18 00:00:00.0",
        "ratingOffice": "51",
        "ratingReleaseDate": "2020-09-23 15:21:28.423",
        "releaseDate": "2020-09-23 15:21:28.463",
        "lobname": "CFG",
        "sublobname": "CFG_NY-4",
        "region": "U.S.A. & Canada",
        "leadAnalystID": "7275",
        "leadAnalystName": "Mariya Moore",
        "leadAnalystUniqueId": "bisimbma",
        "analystEmail": "Mariya.Moore@moodys.com",
        "analystLocation": "New York - 7 World Trade Center",
        "approverID": "29013707",
        "approverName": "Mariya Moore",
        "officeName": "Moody's Investors Service, Inc.",
        "documentExceptionListingInd": "",
        "announcementInd": "",
        "automaticRating": "No",
        "definitiveRatingPrevProvisional": "No",
        "indicativeRatingInd": "N",
        "definitiveRatingInd": null,
        "linkedAnotherActionInd": "No",
        "privateRatingActionInd": "N",
        "provisionalRatingInd": "N",
        "secondaryactionind": "No",
        "subsequentRatingInd": "N",
        "contactPersonId": null,
        "complianceType": "CAMS",
        "complianceID": "104605",
        "ratingShellId": null,
        "ratingShellDS": null,
        "workItemStatus": null,
        "workItemType": null,
        "workItemSubType": null,
        "workItemReleaseDtm": null,
        "pressReleaseId": null,
        "securityClassNm": null,
        "shadowCd": null,
        "pressReleaseType": null,
        "pyrRatingType": null,
        "pacrEmail": "Stephen.Sohn@moodys.com",
        "pacr": "Stephen Sohn",
        "chairEmail": "Stephen.Sohn@moodys.com",
        "chair": "Stephen Sohn",
        "addendum": "Tommy Stodolski ",
        "addendumEmail": "StodT@moodys.com"
    },
    {
        "sourceSystem": "ACCURATE",
        "orgId": null,
        "ratingActionDesc": null,
        "ratingActionID": "3455070",
        "ratingActionName": "1_PRO_CFG - Canadian Retail & B&S_Whitney Leavens_Moody's announces completion of a periodic review of ratings of National Intergovt Purchasing Alliance Co",
        "ratingCommitteeDate": null,
        "ratingOffice": "71",
        "ratingReleaseDate": "2020-09-24 17:46:35.373",
        "releaseDate": "2020-09-24 17:46:35.386",
        "lobname": "CFG",
        "sublobname": "CFG Regional",
        "region": "U.S.A. & Canada",
        "leadAnalystID": "7273",
        "leadAnalystName": "Whitney Leavens",
        "leadAnalystUniqueId": "leavensw",
        "analystEmail": "Whitney.Leavens@moodys.com",
        "analystLocation": "Toronto - 70 York Street",
        "approverID": null,
        "approverName": " ",
        "officeName": "Moody's Canada Inc.",
        "documentExceptionListingInd": "Y",
        "announcementInd": "Y",
        "automaticRating": "Yes",
        "definitiveRatingPrevProvisional": "No",
        "indicativeRatingInd": "N",
        "definitiveRatingInd": null,
        "linkedAnotherActionInd": "No",
        "privateRatingActionInd": "",
        "provisionalRatingInd": "N",
        "secondaryactionind": "No",
        "subsequentRatingInd": "",
        "contactPersonId": null,
        "complianceType": "CAMS",
        "complianceID": "",
        "ratingShellId": null,
        "ratingShellDS": null,
        "workItemStatus": null,
        "workItemType": null,
        "workItemSubType": null,
        "workItemReleaseDtm": null,
        "pressReleaseId": null,
        "securityClassNm": null,
        "shadowCd": null,
        "pressReleaseType": null,
        "pyrRatingType": null,
        "pacrEmail": null,
        "pacr": null,
        "chairEmail": null,
        "chair": null,
        "addendum": null,
        "addendumEmail": null
    },
    {
        "sourceSystem": "ACCURATE",
        "orgId": null,
        "ratingActionDesc": null,
        "ratingActionID": "3455072",
        "ratingActionName": "1_PRO_CFG - Canadian Retail & B&S_Whitney Leavens_Moody's announces completion of a periodic review of ratings of TKC Holdings, Inc.",
        "ratingCommitteeDate": null,
        "ratingOffice": "71",
        "ratingReleaseDate": "2020-09-24 17:46:32.133",
        "releaseDate": "2020-09-24 17:46:32.14",
        "lobname": "CFG",
        "sublobname": "CFG Regional",
        "region": "U.S.A. & Canada",
        "leadAnalystID": "7273",
        "leadAnalystName": "Whitney Leavens",
        "leadAnalystUniqueId": "leavensw",
        "analystEmail": "Whitney.Leavens@moodys.com",
        "analystLocation": "Toronto - 70 York Street",
        "approverID": null,
        "approverName": " ",
        "officeName": "Moody's Canada Inc.",
        "documentExceptionListingInd": "Y",
        "announcementInd": "Y",
        "automaticRating": "Yes",
        "definitiveRatingPrevProvisional": "No",
        "indicativeRatingInd": "N",
        "definitiveRatingInd": null,
        "linkedAnotherActionInd": "No",
        "privateRatingActionInd": "",
        "provisionalRatingInd": "N",
        "secondaryactionind": "No",
        "subsequentRatingInd": "",
        "contactPersonId": null,
        "complianceType": "CAMS",
        "complianceID": "",
        "ratingShellId": null,
        "ratingShellDS": null,
        "workItemStatus": null,
        "workItemType": null,
        "workItemSubType": null,
        "workItemReleaseDtm": null,
        "pressReleaseId": null,
        "securityClassNm": null,
        "shadowCd": null,
        "pressReleaseType": null,
        "pyrRatingType": null,
        "pacrEmail": null,
        "pacr": null,
        "chairEmail": null,
        "chair": null,
        "addendum": null,
        "addendumEmail": null
    },
    {
        "sourceSystem": "ACCURATE",
        "orgId": null,
        "ratingActionDesc": "Director of the State of Nevada Department of Business and Industry, Revenue Bonds (Brightline West Passenger Rail Project) Series 2020A (Green Bonds), $150MM",
        "ratingActionID": "3455082",
        "ratingActionName": "Director of the State of Nevada Department of Business and Industry, Revenue Bonds (Brightline West Passenger Rail Project) Series 2020A (Green Bonds), $150MM",
        "ratingCommitteeDate": "2020-09-22 00:00:00.0",
        "ratingOffice": "51",
        "ratingReleaseDate": "2020-09-23 10:40:30.316",
        "releaseDate": "2020-09-23 10:40:30.323",
        "lobname": "PPIF",
        "sublobname": "Housing",
        "region": "U.S.A. & Canada",
        "leadAnalystID": "1462",
        "leadAnalystName": "David Parsons",
        "leadAnalystUniqueId": "parsonsd",
        "analystEmail": "David.Parsons@moodys.com",
        "analystLocation": "New York - 7 World Trade Center",
        "approverID": null,
        "approverName": " ",
        "officeName": "Moody's Investors Service, Inc.",
        "documentExceptionListingInd": "",
        "announcementInd": "",
        "automaticRating": "No",
        "definitiveRatingPrevProvisional": "No",
        "indicativeRatingInd": "N",
        "definitiveRatingInd": null,
        "linkedAnotherActionInd": "No",
        "privateRatingActionInd": "N",
        "provisionalRatingInd": "N",
        "secondaryactionind": "No",
        "subsequentRatingInd": "N",
        "contactPersonId": null,
        "complianceType": "CAMS",
        "complianceID": "104774",
        "ratingShellId": null,
        "ratingShellDS": null,
        "workItemStatus": null,
        "workItemType": null,
        "workItemSubType": null,
        "workItemReleaseDtm": null,
        "pressReleaseId": null,
        "securityClassNm": null,
        "shadowCd": null,
        "pressReleaseType": null,
        "pyrRatingType": null,
        "pacrEmail": "Ferdinand.Perrault@moodys.com",
        "pacr": "Ferdinand Perrault",
        "chairEmail": "Ferdinand.Perrault@moodys.com",
        "chair": "Ferdinand Perrault",
        "addendum": "David Parsons ",
        "addendumEmail": "ParsonsD@moodys.com"
    },
    {
        "sourceSystem": "ACCURATE",
        "orgId": null,
        "ratingActionDesc": "California Infrastructure & Economic Development Bank, Revenue Bonds (Brightline West Passenger Rail Project), Series 2020A (Green Bonds), $850MM",
        "ratingActionID": "3455098",
        "ratingActionName": "California Infrastructure & Economic Development Bank, Revenue Bonds (Brightline West Passenger Rail Project), Series 2020A (Green Bonds), $850MM",
        "ratingCommitteeDate": "2020-09-22 00:00:00.0",
        "ratingOffice": "51",
        "ratingReleaseDate": "2020-09-23 10:33:08.456",
        "releaseDate": "2020-09-23 10:33:08.473",
        "lobname": "PPIF",
        "sublobname": "Housing",
        "region": "U.S.A. & Canada",
        "leadAnalystID": "1462",
        "leadAnalystName": "David Parsons",
        "leadAnalystUniqueId": "parsonsd",
        "analystEmail": "David.Parsons@moodys.com",
        "analystLocation": "New York - 7 World Trade Center",
        "approverID": null,
        "approverName": " ",
        "officeName": "Moody's Investors Service, Inc.",
        "documentExceptionListingInd": "",
        "announcementInd": "",
        "automaticRating": "No",
        "definitiveRatingPrevProvisional": "No",
        "indicativeRatingInd": "N",
        "definitiveRatingInd": null,
        "linkedAnotherActionInd": "No",
        "privateRatingActionInd": "N",
        "provisionalRatingInd": "N",
        "secondaryactionind": "No",
        "subsequentRatingInd": "N",
        "contactPersonId": null,
        "complianceType": "CAMS",
        "complianceID": "",
        "ratingShellId": null,
        "ratingShellDS": null,
        "workItemStatus": null,
        "workItemType": null,
        "workItemSubType": null,
        "workItemReleaseDtm": null,
        "pressReleaseId": null,
        "securityClassNm": null,
        "shadowCd": null,
        "pressReleaseType": null,
        "pyrRatingType": null,
        "pacrEmail": null,
        "pacr": null,
        "chairEmail": null,
        "chair": null,
        "addendum": null,
        "addendumEmail": null
    },
    {
        "sourceSystem": "ACCURATE",
        "orgId": null,
        "ratingActionDesc": null,
        "ratingActionID": "3455121",
        "ratingActionName": "1_PRO_CFG_Whitney Leavens_Moody's announces completion of a periodic review of ratings of COREL CORPORATION",
        "ratingCommitteeDate": null,
        "ratingOffice": "71",
        "ratingReleaseDate": "2020-09-24 17:46:28.65",
        "releaseDate": "2020-09-24 17:46:28.656",
        "lobname": "CFG",
        "sublobname": "CFG Regional",
        "region": "U.S.A. & Canada",
        "leadAnalystID": "7273",
        "leadAnalystName": "Whitney Leavens",
        "leadAnalystUniqueId": "leavensw",
        "analystEmail": "Whitney.Leavens@moodys.com",
        "analystLocation": "Toronto - 70 York Street",
        "approverID": null,
        "approverName": " ",
        "officeName": "Moody's Canada Inc.",
        "documentExceptionListingInd": "Y",
        "announcementInd": "Y",
        "automaticRating": "Yes",
        "definitiveRatingPrevProvisional": "No",
        "indicativeRatingInd": "N",
        "definitiveRatingInd": null,
        "linkedAnotherActionInd": "No",
        "privateRatingActionInd": "",
        "provisionalRatingInd": "N",
        "secondaryactionind": "No",
        "subsequentRatingInd": "",
        "contactPersonId": null,
        "complianceType": "CAMS",
        "complianceID": "",
        "ratingShellId": null,
        "ratingShellDS": null,
        "workItemStatus": null,
        "workItemType": null,
        "workItemSubType": null,
        "workItemReleaseDtm": null,
        "pressReleaseId": null,
        "securityClassNm": null,
        "shadowCd": null,
        "pressReleaseType": null,
        "pyrRatingType": null,
        "pacrEmail": null,
        "pacr": null,
        "chairEmail": null,
        "chair": null,
        "addendum": null,
        "addendumEmail": null
    },
    {
        "sourceSystem": "ACCURATE",
        "orgId": null,
        "ratingActionDesc": null,
        "ratingActionID": "3455128",
        "ratingActionName": "1_PRO_CFG_Whitney Leavens_Moody's announces completion of a periodic review of ratings of GHX Ultimate Parent Corporation",
        "ratingCommitteeDate": null,
        "ratingOffice": "71",
        "ratingReleaseDate": "2020-09-24 17:46:24.473",
        "releaseDate": "2020-09-24 17:46:24.506",
        "lobname": "CFG",
        "sublobname": "CFG Regional",
        "region": "U.S.A. & Canada",
        "leadAnalystID": "7273",
        "leadAnalystName": "Whitney Leavens",
        "leadAnalystUniqueId": "leavensw",
        "analystEmail": "Whitney.Leavens@moodys.com",
        "analystLocation": "Toronto - 70 York Street",
        "approverID": null,
        "approverName": " ",
        "officeName": "Moody's Canada Inc.",
        "documentExceptionListingInd": "Y",
        "announcementInd": "Y",
        "automaticRating": "Yes",
        "definitiveRatingPrevProvisional": "No",
        "indicativeRatingInd": "N",
        "definitiveRatingInd": null,
        "linkedAnotherActionInd": "No",
        "privateRatingActionInd": "",
        "provisionalRatingInd": "N",
        "secondaryactionind": "No",
        "subsequentRatingInd": "",
        "contactPersonId": null,
        "complianceType": "CAMS",
        "complianceID": "",
        "ratingShellId": null,
        "ratingShellDS": null,
        "workItemStatus": null,
        "workItemType": null,
        "workItemSubType": null,
        "workItemReleaseDtm": null,
        "pressReleaseId": null,
        "securityClassNm": null,
        "shadowCd": null,
        "pressReleaseType": null,
        "pyrRatingType": null,
        "pacrEmail": null,
        "pacr": null,
        "chairEmail": null,
        "chair": null,
        "addendum": null,
        "addendumEmail": null
    },
    {
        "sourceSystem": "ACCURATE",
        "orgId": null,
        "ratingActionDesc": "Tender Option Bond Trust (Barclays Liquidity), Floater Certificates, Series 2020-XG0290",
        "ratingActionID": "3455139",
        "ratingActionName": "Tender Option Bond Trust (Barclays Liquidity), Floater Certificates, Series 2020-XG0290",
        "ratingCommitteeDate": null,
        "ratingOffice": "51",
        "ratingReleaseDate": "2020-09-23 15:17:33.0",
        "releaseDate": "2020-09-23 15:17:49.0",
        "lobname": "PPIF",
        "sublobname": "Municipal Supported Products",
        "region": "U.S.A. & Canada",
        "leadAnalystID": "2312",
        "leadAnalystName": "Randy Matlosz",
        "leadAnalystUniqueId": "matloszr",
        "analystEmail": "Randy.Matlosz@moodys.com",
        "analystLocation": "New York - 7 World Trade Center",
        "approverID": null,
        "approverName": " ",
        "officeName": "Moody's Investors Service, Inc.",
        "documentExceptionListingInd": "Y",
        "announcementInd": "",
        "automaticRating": "Yes",
        "definitiveRatingPrevProvisional": "No",
        "indicativeRatingInd": "N",
        "definitiveRatingInd": null,
        "linkedAnotherActionInd": "No",
        "privateRatingActionInd": "N",
        "provisionalRatingInd": "N",
        "secondaryactionind": "No",
        "subsequentRatingInd": "",
        "contactPersonId": null,
        "complianceType": "CAMS",
        "complianceID": "",
        "ratingShellId": null,
        "ratingShellDS": null,
        "workItemStatus": null,
        "workItemType": null,
        "workItemSubType": null,
        "workItemReleaseDtm": null,
        "pressReleaseId": null,
        "securityClassNm": null,
        "shadowCd": null,
        "pressReleaseType": null,
        "pyrRatingType": null,
        "pacrEmail": null,
        "pacr": null,
        "chairEmail": null,
        "chair": null,
        "addendum": null,
        "addendumEmail": null
    },
    {
        "sourceSystem": "ACCURATE",
        "orgId": null,
        "ratingActionDesc": "Custodial Receipts (Barclays), Custodial Receipts, Series 2020-XG0290",
        "ratingActionID": "3455152",
        "ratingActionName": "Custodial Receipts (Barclays), Custodial Receipts, Series 2020-XG0290",
        "ratingCommitteeDate": null,
        "ratingOffice": "51",
        "ratingReleaseDate": "2020-09-23 12:51:27.0",
        "releaseDate": "2020-09-23 12:51:50.18",
        "lobname": "PPIF",
        "sublobname": "Municipal Supported Products",
        "region": "U.S.A. & Canada",
        "leadAnalystID": "2312",
        "leadAnalystName": "Randy Matlosz",
        "leadAnalystUniqueId": "matloszr",
        "analystEmail": "Randy.Matlosz@moodys.com",
        "analystLocation": "New York - 7 World Trade Center",
        "approverID": null,
        "approverName": " ",
        "officeName": "Moody's Investors Service, Inc.",
        "documentExceptionListingInd": "Y",
        "announcementInd": "",
        "automaticRating": "Yes",
        "definitiveRatingPrevProvisional": "No",
        "indicativeRatingInd": "N",
        "definitiveRatingInd": null,
        "linkedAnotherActionInd": "No",
        "privateRatingActionInd": "N",
        "provisionalRatingInd": "N",
        "secondaryactionind": "No",
        "subsequentRatingInd": "Y",
        "contactPersonId": null,
        "complianceType": "CAMS",
        "complianceID": "",
        "ratingShellId": null,
        "ratingShellDS": null,
        "workItemStatus": null,
        "workItemType": null,
        "workItemSubType": null,
        "workItemReleaseDtm": null,
        "pressReleaseId": null,
        "securityClassNm": null,
        "shadowCd": null,
        "pressReleaseType": null,
        "pyrRatingType": null,
        "pacrEmail": null,
        "pacr": null,
        "chairEmail": null,
        "chair": null,
        "addendum": null,
        "addendumEmail": null
    },
    {
        "sourceSystem": "ACCURATE",
        "orgId": null,
        "ratingActionDesc": "Medtronic Global Holdings S.C.A.",
        "ratingActionID": "3455154",
        "ratingActionName": "Medtronic Global Holdings S.C.A.",
        "ratingCommitteeDate": null,
        "ratingOffice": "51",
        "ratingReleaseDate": "2020-09-24 06:03:08.993",
        "releaseDate": "2020-09-24 06:03:09.003",
        "lobname": "CFG",
        "sublobname": "CFG_NY-1",
        "region": "U.S.A. & Canada",
        "leadAnalystID": "2451",
        "leadAnalystName": "Scott Tuhy",
        "leadAnalystUniqueId": "tuhys",
        "analystEmail": "Scott.Tuhy@moodys.com",
        "analystLocation": "New York - 7 World Trade Center",
        "approverID": null,
        "approverName": " ",
        "officeName": "Moody's Investors Service, Inc.",
        "documentExceptionListingInd": "Y",
        "announcementInd": "",
        "automaticRating": "Yes",
        "definitiveRatingPrevProvisional": "No",
        "indicativeRatingInd": "N",
        "definitiveRatingInd": null,
        "linkedAnotherActionInd": "No",
        "privateRatingActionInd": "N",
        "provisionalRatingInd": "N",
        "secondaryactionind": "No",
        "subsequentRatingInd": "Y",
        "contactPersonId": null,
        "complianceType": "CAMS",
        "complianceID": "",
        "ratingShellId": null,
        "ratingShellDS": null,
        "workItemStatus": null,
        "workItemType": null,
        "workItemSubType": null,
        "workItemReleaseDtm": null,
        "pressReleaseId": null,
        "securityClassNm": null,
        "shadowCd": null,
        "pressReleaseType": null,
        "pyrRatingType": null,
        "pacrEmail": null,
        "pacr": null,
        "chairEmail": null,
        "chair": null,
        "addendum": null,
        "addendumEmail": null
    },
    {
        "sourceSystem": "ACCURATE",
        "orgId": null,
        "ratingActionDesc": "Asian Infrastructure Investment Bank (AIIB)",
        "ratingActionID": "3455359",
        "ratingActionName": "Asian Infrastructure Investment Bank (AIIB)",
        "ratingCommitteeDate": null,
        "ratingOffice": "81",
        "ratingReleaseDate": "2020-09-24 01:57:17.0",
        "releaseDate": "2020-09-24 01:57:26.28",
        "lobname": "SOV",
        "sublobname": "Sovereign",
        "region": "Asia Pacific",
        "leadAnalystID": "7896",
        "leadAnalystName": "Martin Petch",
        "leadAnalystUniqueId": "petm",
        "analystEmail": "Martin.Petch@moodys.com",
        "analystLocation": "Singapore - 50 Raffles Place #23-06",
        "approverID": null,
        "approverName": " ",
        "officeName": "Moody's Investors Service Singapore Pte. Ltd.",
        "documentExceptionListingInd": "Y",
        "announcementInd": "",
        "automaticRating": "Yes",
        "definitiveRatingPrevProvisional": "No",
        "indicativeRatingInd": "N",
        "definitiveRatingInd": null,
        "linkedAnotherActionInd": "No",
        "privateRatingActionInd": "N",
        "provisionalRatingInd": "N",
        "secondaryactionind": "No",
        "subsequentRatingInd": "Y",
        "contactPersonId": null,
        "complianceType": "CAMS",
        "complianceID": "",
        "ratingShellId": null,
        "ratingShellDS": null,
        "workItemStatus": null,
        "workItemType": null,
        "workItemSubType": null,
        "workItemReleaseDtm": null,
        "pressReleaseId": null,
        "securityClassNm": null,
        "shadowCd": null,
        "pressReleaseType": null,
        "pyrRatingType": null,
        "pacrEmail": null,
        "pacr": null,
        "chairEmail": null,
        "chair": null,
        "addendum": null,
        "addendumEmail": null
    },
    {
        "sourceSystem": "ACCURATE",
        "orgId": null,
        "ratingActionDesc": "Penelope SPV S.r.l.",
        "ratingActionID": "3455363",
        "ratingActionName": "Penelope SPV S.r.l.",
        "ratingCommitteeDate": null,
        "ratingOffice": "51",
        "ratingReleaseDate": "2020-09-25 08:53:23.0",
        "releaseDate": "2020-09-25 08:53:27.0",
        "lobname": null,
        "sublobname": null,
        "region": "U.S.A. & Canada",
        "leadAnalystID": "30000",
        "leadAnalystName": "Structured Finance Group Middle Office - US",
        "leadAnalystUniqueId": null,
        "analystEmail": null,
        "analystLocation": null,
        "approverID": null,
        "approverName": " ",
        "officeName": "Moody's Investors Service, Inc.",
        "documentExceptionListingInd": "Y",
        "announcementInd": "",
        "automaticRating": "Yes",
        "definitiveRatingPrevProvisional": "No",
        "indicativeRatingInd": "N",
        "definitiveRatingInd": null,
        "linkedAnotherActionInd": "No",
        "privateRatingActionInd": "Y",
        "provisionalRatingInd": "N",
        "secondaryactionind": "No",
        "subsequentRatingInd": "",
        "contactPersonId": null,
        "complianceType": "CAMS",
        "complianceID": "",
        "ratingShellId": null,
        "ratingShellDS": null,
        "workItemStatus": null,
        "workItemType": null,
        "workItemSubType": null,
        "workItemReleaseDtm": null,
        "pressReleaseId": null,
        "securityClassNm": null,
        "shadowCd": null,
        "pressReleaseType": null,
        "pyrRatingType": null,
        "pacrEmail": null,
        "pacr": null,
        "chairEmail": null,
        "chair": null,
        "addendum": null,
        "addendumEmail": null
    },
    {
        "sourceSystem": "ACCURATE",
        "orgId": null,
        "ratingActionDesc": "NRW.BANK",
        "ratingActionID": "3455386",
        "ratingActionName": "NRW.BANK",
        "ratingCommitteeDate": null,
        "ratingOffice": "41",
        "ratingReleaseDate": "2020-09-23 11:33:22.0",
        "releaseDate": "2020-09-23 11:33:32.693",
        "lobname": "FIG",
        "sublobname": "Banking",
        "region": "Europe",
        "leadAnalystID": "7341",
        "leadAnalystName": "Christina Holthaus",
        "leadAnalystUniqueId": "gernerc",
        "analystEmail": "Christina.holthaus@moodys.com",
        "analystLocation": "Frankfurt - An der Welle 5",
        "approverID": null,
        "approverName": " ",
        "officeName": "Moody's Deutschland GmbH",
        "documentExceptionListingInd": "",
        "announcementInd": "",
        "automaticRating": "No",
        "definitiveRatingPrevProvisional": "No",
        "indicativeRatingInd": "N",
        "definitiveRatingInd": null,
        "linkedAnotherActionInd": "No",
        "privateRatingActionInd": "N",
        "provisionalRatingInd": "N",
        "secondaryactionind": "No",
        "subsequentRatingInd": "Y",
        "contactPersonId": null,
        "complianceType": "CAMS",
        "complianceID": "",
        "ratingShellId": null,
        "ratingShellDS": null,
        "workItemStatus": null,
        "workItemType": null,
        "workItemSubType": null,
        "workItemReleaseDtm": null,
        "pressReleaseId": null,
        "securityClassNm": null,
        "shadowCd": null,
        "pressReleaseType": null,
        "pyrRatingType": null,
        "pacrEmail": null,
        "pacr": null,
        "chairEmail": null,
        "chair": null,
        "addendum": null,
        "addendumEmail": null
    },
    {
        "sourceSystem": "ACCURATE",
        "orgId": null,
        "ratingActionDesc": "Landesbank Baden-Wuerttemberg - 16",
        "ratingActionID": "3455396",
        "ratingActionName": "Landesbank Baden-Wuerttemberg - 16",
        "ratingCommitteeDate": null,
        "ratingOffice": "41",
        "ratingReleaseDate": "2020-09-24 02:00:51.0",
        "releaseDate": "2020-09-24 02:01:11.363",
        "lobname": "FIG",
        "sublobname": "Banking",
        "region": "Europe",
        "leadAnalystID": "7665",
        "leadAnalystName": "Goetz Thurm",
        "leadAnalystUniqueId": "thurmg",
        "analystEmail": "Goetz.Thurm@moodys.com",
        "analystLocation": "Frankfurt - An der Welle 5",
        "approverID": null,
        "approverName": " ",
        "officeName": "Moody's Deutschland GmbH",
        "documentExceptionListingInd": "",
        "announcementInd": "",
        "automaticRating": "Yes",
        "definitiveRatingPrevProvisional": "No",
        "indicativeRatingInd": "N",
        "definitiveRatingInd": null,
        "linkedAnotherActionInd": "No",
        "privateRatingActionInd": "N",
        "provisionalRatingInd": "N",
        "secondaryactionind": "No",
        "subsequentRatingInd": "",
        "contactPersonId": null,
        "complianceType": "CAMS",
        "complianceID": "",
        "ratingShellId": null,
        "ratingShellDS": null,
        "workItemStatus": null,
        "workItemType": null,
        "workItemSubType": null,
        "workItemReleaseDtm": null,
        "pressReleaseId": null,
        "securityClassNm": null,
        "shadowCd": null,
        "pressReleaseType": null,
        "pyrRatingType": null,
        "pacrEmail": null,
        "pacr": null,
        "chairEmail": null,
        "chair": null,
        "addendum": null,
        "addendumEmail": null
    },
    {
        "sourceSystem": "ACCURATE",
        "orgId": null,
        "ratingActionDesc": "Landesbank Hessen-Thueringen GZ - 16",
        "ratingActionID": "3455469",
        "ratingActionName": "Landesbank Hessen-Thueringen GZ - 16",
        "ratingCommitteeDate": null,
        "ratingOffice": "41",
        "ratingReleaseDate": "2020-09-23 09:07:14.0",
        "releaseDate": "2020-09-23 09:07:18.266",
        "lobname": "FIG",
        "sublobname": "Banking",
        "region": "Europe",
        "leadAnalystID": "7665",
        "leadAnalystName": "Goetz Thurm",
        "leadAnalystUniqueId": "thurmg",
        "analystEmail": "Goetz.Thurm@moodys.com",
        "analystLocation": "Frankfurt - An der Welle 5",
        "approverID": null,
        "approverName": " ",
        "officeName": "Moody's Deutschland GmbH",
        "documentExceptionListingInd": "",
        "announcementInd": "",
        "automaticRating": "Yes",
        "definitiveRatingPrevProvisional": "No",
        "indicativeRatingInd": "N",
        "definitiveRatingInd": null,
        "linkedAnotherActionInd": "No",
        "privateRatingActionInd": "N",
        "provisionalRatingInd": "N",
        "secondaryactionind": "No",
        "subsequentRatingInd": "",
        "contactPersonId": null,
        "complianceType": "CAMS",
        "complianceID": "",
        "ratingShellId": null,
        "ratingShellDS": null,
        "workItemStatus": null,
        "workItemType": null,
        "workItemSubType": null,
        "workItemReleaseDtm": null,
        "pressReleaseId": null,
        "securityClassNm": null,
        "shadowCd": null,
        "pressReleaseType": null,
        "pyrRatingType": null,
        "pacrEmail": null,
        "pacr": null,
        "chairEmail": null,
        "chair": null,
        "addendum": null,
        "addendumEmail": null
    },
    {
        "sourceSystem": "ACCURATE",
        "orgId": null,
        "ratingActionDesc": "Landesbank Hessen-Thueringen GZ - 16",
        "ratingActionID": "3455493",
        "ratingActionName": "Landesbank Hessen-Thueringen GZ - 16",
        "ratingCommitteeDate": null,
        "ratingOffice": "41",
        "ratingReleaseDate": "2020-09-23 09:55:19.0",
        "releaseDate": "2020-09-23 09:55:30.153",
        "lobname": "FIG",
        "sublobname": "Banking",
        "region": "Europe",
        "leadAnalystID": "7665",
        "leadAnalystName": "Goetz Thurm",
        "leadAnalystUniqueId": "thurmg",
        "analystEmail": "Goetz.Thurm@moodys.com",
        "analystLocation": "Frankfurt - An der Welle 5",
        "approverID": null,
        "approverName": " ",
        "officeName": "Moody's Deutschland GmbH",
        "documentExceptionListingInd": "",
        "announcementInd": "",
        "automaticRating": "Yes",
        "definitiveRatingPrevProvisional": "No",
        "indicativeRatingInd": "N",
        "definitiveRatingInd": null,
        "linkedAnotherActionInd": "No",
        "privateRatingActionInd": "N",
        "provisionalRatingInd": "N",
        "secondaryactionind": "No",
        "subsequentRatingInd": "",
        "contactPersonId": null,
        "complianceType": "CAMS",
        "complianceID": "",
        "ratingShellId": null,
        "ratingShellDS": null,
        "workItemStatus": null,
        "workItemType": null,
        "workItemSubType": null,
        "workItemReleaseDtm": null,
        "pressReleaseId": null,
        "securityClassNm": null,
        "shadowCd": null,
        "pressReleaseType": null,
        "pyrRatingType": null,
        "pacrEmail": null,
        "pacr": null,
        "chairEmail": null,
        "chair": null,
        "addendum": null,
        "addendumEmail": null
    },
    {
        "sourceSystem": "ACCURATE",
        "orgId": null,
        "ratingActionDesc": "Royal Bank of Canada",
        "ratingActionID": "3455495",
        "ratingActionName": "Royal Bank of Canada",
        "ratingCommitteeDate": null,
        "ratingOffice": "71",
        "ratingReleaseDate": "2020-09-24 10:25:32.0",
        "releaseDate": "2020-09-24 10:25:39.396",
        "lobname": "FIG",
        "sublobname": "Banking",
        "region": "U.S.A. & Canada",
        "leadAnalystID": "6721",
        "leadAnalystName": "John Beattie",
        "leadAnalystUniqueId": "beattied",
        "analystEmail": "David.Beattie@moodys.com",
        "analystLocation": "Toronto - 70 York Street",
        "approverID": null,
        "approverName": " ",
        "officeName": "Moody's Canada Inc.",
        "documentExceptionListingInd": "",
        "announcementInd": "",
        "automaticRating": "No",
        "definitiveRatingPrevProvisional": "No",
        "indicativeRatingInd": "N",
        "definitiveRatingInd": null,
        "linkedAnotherActionInd": "No",
        "privateRatingActionInd": "N",
        "provisionalRatingInd": "N",
        "secondaryactionind": "No",
        "subsequentRatingInd": "Y",
        "contactPersonId": null,
        "complianceType": "CAMS",
        "complianceID": "",
        "ratingShellId": null,
        "ratingShellDS": null,
        "workItemStatus": null,
        "workItemType": null,
        "workItemSubType": null,
        "workItemReleaseDtm": null,
        "pressReleaseId": null,
        "securityClassNm": null,
        "shadowCd": null,
        "pressReleaseType": null,
        "pyrRatingType": null,
        "pacrEmail": null,
        "pacr": null,
        "chairEmail": null,
        "chair": null,
        "addendum": null,
        "addendumEmail": null
    },
    {
        "sourceSystem": "ACCURATE",
        "orgId": null,
        "ratingActionDesc": "GS Finance Corp.",
        "ratingActionID": "3455513",
        "ratingActionName": "GS Finance Corp.",
        "ratingCommitteeDate": null,
        "ratingOffice": "51",
        "ratingReleaseDate": "2020-09-25 10:25:41.0",
        "releaseDate": "2020-09-25 10:26:09.61",
        "lobname": "FIG",
        "sublobname": "Banking",
        "region": "U.S.A. & Canada",
        "leadAnalystID": "467",
        "leadAnalystName": "David Fanger",
        "leadAnalystUniqueId": "fangerd",
        "analystEmail": "David.Fanger@moodys.com",
        "analystLocation": "New York - 7 World Trade Center",
        "approverID": null,
        "approverName": " ",
        "officeName": "Moody's Investors Service, Inc.",
        "documentExceptionListingInd": "",
        "announcementInd": "",
        "automaticRating": "Yes",
        "definitiveRatingPrevProvisional": "No",
        "indicativeRatingInd": "N",
        "definitiveRatingInd": null,
        "linkedAnotherActionInd": "No",
        "privateRatingActionInd": "N",
        "provisionalRatingInd": "N",
        "secondaryactionind": "No",
        "subsequentRatingInd": "",
        "contactPersonId": null,
        "complianceType": "CAMS",
        "complianceID": "",
        "ratingShellId": null,
        "ratingShellDS": null,
        "workItemStatus": null,
        "workItemType": null,
        "workItemSubType": null,
        "workItemReleaseDtm": null,
        "pressReleaseId": null,
        "securityClassNm": null,
        "shadowCd": null,
        "pressReleaseType": null,
        "pyrRatingType": null,
        "pacrEmail": null,
        "pacr": null,
        "chairEmail": null,
        "chair": null,
        "addendum": null,
        "addendumEmail": null
    },
    {
        "sourceSystem": "ACCURATE",
        "orgId": null,
        "ratingActionDesc": "BNP Paribas Fortis Funding - 47",
        "ratingActionID": "3455581",
        "ratingActionName": "BNP Paribas Fortis Funding - 47",
        "ratingCommitteeDate": null,
        "ratingOffice": "50",
        "ratingReleaseDate": "2020-09-23 06:50:39.0",
        "releaseDate": "2020-09-23 06:50:42.9",
        "lobname": "FIG",
        "sublobname": "Banking",
        "region": "Europe",
        "leadAnalystID": "2595",
        "leadAnalystName": "Olivier Panis",
        "leadAnalystUniqueId": "paniso",
        "analystEmail": "Olivier.Panis@moodys.com",
        "analystLocation": "Paris - 96, boulevard Haussmann",
        "approverID": null,
        "approverName": " ",
        "officeName": "Moody's France SAS",
        "documentExceptionListingInd": "",
        "announcementInd": "",
        "automaticRating": "Yes",
        "definitiveRatingPrevProvisional": "No",
        "indicativeRatingInd": "N",
        "definitiveRatingInd": null,
        "linkedAnotherActionInd": "No",
        "privateRatingActionInd": "N",
        "provisionalRatingInd": "N",
        "secondaryactionind": "No",
        "subsequentRatingInd": "",
        "contactPersonId": null,
        "complianceType": "CAMS",
        "complianceID": "",
        "ratingShellId": null,
        "ratingShellDS": null,
        "workItemStatus": null,
        "workItemType": null,
        "workItemSubType": null,
        "workItemReleaseDtm": null,
        "pressReleaseId": null,
        "securityClassNm": null,
        "shadowCd": null,
        "pressReleaseType": null,
        "pyrRatingType": null,
        "pacrEmail": null,
        "pacr": null,
        "chairEmail": null,
        "chair": null,
        "addendum": null,
        "addendumEmail": null
    },
    {
        "sourceSystem": "ACCURATE",
        "orgId": null,
        "ratingActionDesc": "Telenet International Finance S.ar.l.",
        "ratingActionID": "3455585",
        "ratingActionName": "Telenet International Finance S.ar.l.",
        "ratingCommitteeDate": null,
        "ratingOffice": "52",
        "ratingReleaseDate": "2020-09-23 10:51:49.0",
        "releaseDate": "2020-09-23 10:51:55.993",
        "lobname": "CFG",
        "sublobname": "CFG Regional",
        "region": "Europe",
        "leadAnalystID": "6476",
        "leadAnalystName": "Sebastien Cieniewski",
        "leadAnalystUniqueId": "cieniews",
        "analystEmail": "Sebastien.Cieniewski@moodys.com",
        "analystLocation": "London - One Canada Square",
        "approverID": null,
        "approverName": " ",
        "officeName": "Moody's Investors Service Ltd.",
        "documentExceptionListingInd": "Y",
        "announcementInd": "",
        "automaticRating": "Yes",
        "definitiveRatingPrevProvisional": "No",
        "indicativeRatingInd": "N",
        "definitiveRatingInd": null,
        "linkedAnotherActionInd": "No",
        "privateRatingActionInd": "N",
        "provisionalRatingInd": "N",
        "secondaryactionind": "No",
        "subsequentRatingInd": "Y",
        "contactPersonId": null,
        "complianceType": "CAMS",
        "complianceID": "",
        "ratingShellId": null,
        "ratingShellDS": null,
        "workItemStatus": null,
        "workItemType": null,
        "workItemSubType": null,
        "workItemReleaseDtm": null,
        "pressReleaseId": null,
        "securityClassNm": null,
        "shadowCd": null,
        "pressReleaseType": null,
        "pyrRatingType": null,
        "pacrEmail": null,
        "pacr": null,
        "chairEmail": null,
        "chair": null,
        "addendum": null,
        "addendumEmail": null
    },
    {
        "sourceSystem": "ACCURATE",
        "orgId": null,
        "ratingActionDesc": "Canada Goose Inc.",
        "ratingActionID": "3455591",
        "ratingActionName": "Canada Goose Inc.",
        "ratingCommitteeDate": "2020-09-18 00:00:00.0",
        "ratingOffice": "71",
        "ratingReleaseDate": "2020-09-23 14:15:48.0",
        "releaseDate": "2020-09-23 14:16:04.083",
        "lobname": "CFG",
        "sublobname": "CFG Regional",
        "region": "U.S.A. & Canada",
        "leadAnalystID": "6955",
        "leadAnalystName": "Peter Adu",
        "leadAnalystUniqueId": "adup",
        "analystEmail": "Peter.Adu@moodys.com",
        "analystLocation": "Toronto - 70 York Street",
        "approverID": "29000376",
        "approverName": "Peter Adu",
        "officeName": "Moody's Canada Inc.",
        "documentExceptionListingInd": "",
        "announcementInd": "",
        "automaticRating": "No",
        "definitiveRatingPrevProvisional": "No",
        "indicativeRatingInd": "N",
        "definitiveRatingInd": null,
        "linkedAnotherActionInd": "No",
        "privateRatingActionInd": "N",
        "provisionalRatingInd": "N",
        "secondaryactionind": "No",
        "subsequentRatingInd": "N",
        "contactPersonId": null,
        "complianceType": "CAMS",
        "complianceID": "103453",
        "ratingShellId": null,
        "ratingShellDS": null,
        "workItemStatus": null,
        "workItemType": null,
        "workItemSubType": null,
        "workItemReleaseDtm": null,
        "pressReleaseId": null,
        "securityClassNm": null,
        "shadowCd": null,
        "pressReleaseType": null,
        "pyrRatingType": null,
        "pacrEmail": "Donald.Carter@moodys.com",
        "pacr": "Don Carter",
        "chairEmail": "Donald.Carter@moodys.com",
        "chair": "Don Carter",
        "addendum": "Rohan Bhargava ",
        "addendumEmail": "BhargavR@moodys.com"
    },
    {
        "sourceSystem": "ACCURATE",
        "orgId": null,
        "ratingActionDesc": "Gilead Sciences, Inc.",
        "ratingActionID": "3455620",
        "ratingActionName": "Gilead Sciences, Inc.",
        "ratingCommitteeDate": null,
        "ratingOffice": "51",
        "ratingReleaseDate": "2020-09-23 12:57:15.0",
        "releaseDate": "2020-09-23 12:57:21.31",
        "lobname": "CFG",
        "sublobname": "CFG_NY-1",
        "region": "U.S.A. & Canada",
        "leadAnalystID": "1096",
        "leadAnalystName": "Michael Levesque",
        "leadAnalystUniqueId": "levesqum",
        "analystEmail": "Michael.Levesque@moodys.com",
        "analystLocation": "New York - 7 World Trade Center",
        "approverID": null,
        "approverName": " ",
        "officeName": "Moody's Investors Service, Inc.",
        "documentExceptionListingInd": "Y",
        "announcementInd": "",
        "automaticRating": "Yes",
        "definitiveRatingPrevProvisional": "No",
        "indicativeRatingInd": "N",
        "definitiveRatingInd": null,
        "linkedAnotherActionInd": "No",
        "privateRatingActionInd": "N",
        "provisionalRatingInd": "Y",
        "secondaryactionind": "No",
        "subsequentRatingInd": "Y",
        "contactPersonId": null,
        "complianceType": "CAMS",
        "complianceID": "",
        "ratingShellId": null,
        "ratingShellDS": null,
        "workItemStatus": null,
        "workItemType": null,
        "workItemSubType": null,
        "workItemReleaseDtm": null,
        "pressReleaseId": null,
        "securityClassNm": null,
        "shadowCd": null,
        "pressReleaseType": null,
        "pyrRatingType": null,
        "pacrEmail": null,
        "pacr": null,
        "chairEmail": null,
        "chair": null,
        "addendum": null,
        "addendumEmail": null
    },
    {
        "sourceSystem": "ACCURATE",
        "orgId": null,
        "ratingActionDesc": "AHEAD DB Holdings, LLC",
        "ratingActionID": "3456086",
        "ratingActionName": "AHEAD DB Holdings, LLC",
        "ratingCommitteeDate": "2020-09-22 00:00:00.0",
        "ratingOffice": "51",
        "ratingReleaseDate": "2020-09-25 10:23:55.0",
        "releaseDate": "2020-09-25 10:24:20.496",
        "lobname": "CFG",
        "sublobname": "CFG_NY-4",
        "region": "U.S.A. & Canada",
        "leadAnalystID": "6493",
        "leadAnalystName": "Carl Salas",
        "leadAnalystUniqueId": "salasc",
        "analystEmail": "Carl.Salas@moodys.com",
        "analystLocation": "New York - 7 World Trade Center",
        "approverID": "29010370",
        "approverName": "Carl Salas",
        "officeName": "Moody's Investors Service, Inc.",
        "documentExceptionListingInd": "",
        "announcementInd": "",
        "automaticRating": "No",
        "definitiveRatingPrevProvisional": "No",
        "indicativeRatingInd": "N",
        "definitiveRatingInd": null,
        "linkedAnotherActionInd": "No",
        "privateRatingActionInd": "N",
        "provisionalRatingInd": "N",
        "secondaryactionind": "No",
        "subsequentRatingInd": "N",
        "contactPersonId": null,
        "complianceType": "CAMS",
        "complianceID": "104755",
        "ratingShellId": null,
        "ratingShellDS": null,
        "workItemStatus": null,
        "workItemType": null,
        "workItemSubType": null,
        "workItemReleaseDtm": null,
        "pressReleaseId": null,
        "securityClassNm": null,
        "shadowCd": null,
        "pressReleaseType": null,
        "pyrRatingType": null,
        "pacrEmail": "Stephen.Sohn@moodys.com",
        "pacr": "Stephen Sohn",
        "chairEmail": "Gerald.Granovsky@moodys.com",
        "chair": "Gerry Granovsky",
        "addendum": "Nick Piscatelli ",
        "addendumEmail": "PiscateN@moodys.com"
    },
    {
        "sourceSystem": "ACCURATE",
        "orgId": null,
        "ratingActionDesc": "Heart of Texas Housing Finance Corporation Single Family Mortgage Revenue Refunding Bonds, Series 1998",
        "ratingActionID": "3456178",
        "ratingActionName": "Heart of Texas Housing Finance Corporation Single Family Mortgage Revenue Refunding Bonds, Series 1998",
        "ratingCommitteeDate": null,
        "ratingOffice": "51",
        "ratingReleaseDate": "2020-09-23 14:18:35.0",
        "releaseDate": "2020-09-23 14:18:39.073",
        "lobname": "PPIF",
        "sublobname": "Housing",
        "region": "U.S.A. & Canada",
        "leadAnalystID": "6472",
        "leadAnalystName": "Timothy Mone",
        "leadAnalystUniqueId": "monet",
        "analystEmail": "timothy.mone@moodys.com",
        "analystLocation": "New York - 7 World Trade Center",
        "approverID": null,
        "approverName": " ",
        "officeName": "Moody's Investors Service, Inc.",
        "documentExceptionListingInd": "Y",
        "announcementInd": "",
        "automaticRating": "Yes",
        "definitiveRatingPrevProvisional": "No",
        "indicativeRatingInd": "N",
        "definitiveRatingInd": null,
        "linkedAnotherActionInd": "No",
        "privateRatingActionInd": "N",
        "provisionalRatingInd": "N",
        "secondaryactionind": "No",
        "subsequentRatingInd": "N",
        "contactPersonId": null,
        "complianceType": "CAMS",
        "complianceID": "",
        "ratingShellId": null,
        "ratingShellDS": null,
        "workItemStatus": null,
        "workItemType": null,
        "workItemSubType": null,
        "workItemReleaseDtm": null,
        "pressReleaseId": null,
        "securityClassNm": null,
        "shadowCd": null,
        "pressReleaseType": null,
        "pyrRatingType": null,
        "pacrEmail": null,
        "pacr": null,
        "chairEmail": null,
        "chair": null,
        "addendum": null,
        "addendumEmail": null
    },
    {
        "sourceSystem": "ACCURATE",
        "orgId": null,
        "ratingActionDesc": "Array Technologies, Inc.",
        "ratingActionID": "3456198",
        "ratingActionName": "Array Technologies, Inc.",
        "ratingCommitteeDate": "2020-09-24 00:00:00.0",
        "ratingOffice": "51",
        "ratingReleaseDate": "2020-09-25 15:08:00.0",
        "releaseDate": "2020-09-25 15:08:18.693",
        "lobname": "CFG",
        "sublobname": "CFG_NY-1",
        "region": "U.S.A. & Canada",
        "leadAnalystID": "6621",
        "leadAnalystName": "Jadijhe Adamo",
        "leadAnalystUniqueId": "adamoj",
        "analystEmail": "Jadijhe.Adamo@moodys.com",
        "analystLocation": "New York - 7 World Trade Center",
        "approverID": "29000693",
        "approverName": "Jadijhe Adamo",
        "officeName": "Moody's Investors Service, Inc.",
        "documentExceptionListingInd": "",
        "announcementInd": "",
        "automaticRating": "No",
        "definitiveRatingPrevProvisional": "No",
        "indicativeRatingInd": "N",
        "definitiveRatingInd": null,
        "linkedAnotherActionInd": "No",
        "privateRatingActionInd": "N",
        "provisionalRatingInd": "N",
        "secondaryactionind": "No",
        "subsequentRatingInd": "N",
        "contactPersonId": null,
        "complianceType": "CAMS",
        "complianceID": "104329",
        "ratingShellId": null,
        "ratingShellDS": null,
        "workItemStatus": null,
        "workItemType": null,
        "workItemSubType": null,
        "workItemReleaseDtm": null,
        "pressReleaseId": null,
        "securityClassNm": null,
        "shadowCd": null,
        "pressReleaseType": null,
        "pyrRatingType": null,
        "pacrEmail": "Russell.Solomon@moodys.com",
        "pacr": "Russell Solomon",
        "chairEmail": "Russell.Solomon@moodys.com",
        "chair": "Russell Solomon",
        "addendum": "Mikaela Giordano ",
        "addendumEmail": "GiordanM@moodys.com"
    },
    {
        "sourceSystem": "ACCURATE",
        "orgId": null,
        "ratingActionDesc": "Phoenix Guarantor Inc.",
        "ratingActionID": "3456222",
        "ratingActionName": "Phoenix Guarantor Inc.",
        "ratingCommitteeDate": null,
        "ratingOffice": "51",
        "ratingReleaseDate": "2020-09-23 16:40:01.0",
        "releaseDate": "2020-09-23 16:40:14.22",
        "lobname": "CFG",
        "sublobname": "CFG_NY-1",
        "region": "U.S.A. & Canada",
        "leadAnalystID": "22068",
        "leadAnalystName": "Jaime Johnson",
        "leadAnalystUniqueId": "johnsjai",
        "analystEmail": "Jaime.Johnson@moodys.com",
        "analystLocation": "New York - 7 World Trade Center",
        "approverID": null,
        "approverName": " ",
        "officeName": "Moody's Investors Service, Inc.",
        "documentExceptionListingInd": "Y",
        "announcementInd": "",
        "automaticRating": "Yes",
        "definitiveRatingPrevProvisional": "No",
        "indicativeRatingInd": "N",
        "definitiveRatingInd": null,
        "linkedAnotherActionInd": "No",
        "privateRatingActionInd": "N",
        "provisionalRatingInd": "N",
        "secondaryactionind": "No",
        "subsequentRatingInd": "Y",
        "contactPersonId": null,
        "complianceType": "CAMS",
        "complianceID": "",
        "ratingShellId": null,
        "ratingShellDS": null,
        "workItemStatus": null,
        "workItemType": null,
        "workItemSubType": null,
        "workItemReleaseDtm": null,
        "pressReleaseId": null,
        "securityClassNm": null,
        "shadowCd": null,
        "pressReleaseType": null,
        "pyrRatingType": null,
        "pacrEmail": null,
        "pacr": null,
        "chairEmail": null,
        "chair": null,
        "addendum": null,
        "addendumEmail": null
    },
    {
        "sourceSystem": "ACCURATE",
        "orgId": null,
        "ratingActionDesc": "Consultoria Internacional Banco, S.A.",
        "ratingActionID": "3456232",
        "ratingActionName": "Consultoria Internacional Banco, S.A.",
        "ratingCommitteeDate": "2020-09-18 00:00:00.0",
        "ratingOffice": "99",
        "ratingReleaseDate": "2020-09-25 11:07:46.0",
        "releaseDate": "2020-09-25 11:07:49.68",
        "lobname": "FIG",
        "sublobname": "Funds and Asset Mgmt",
        "region": "Americas",
        "leadAnalystID": "6031",
        "leadAnalystName": "Jose Angel Montano",
        "leadAnalystUniqueId": "montanoj",
        "analystEmail": "JoseAngel.Montano@moodys.com",
        "analystLocation": "Mexico City - Moody's de Mexico, SA de CV",
        "approverID": "29005210",
        "approverName": "Jose Angel Montano",
        "officeName": "Moody's de Mexico S.A. de C.V",
        "documentExceptionListingInd": "",
        "announcementInd": "",
        "automaticRating": "No",
        "definitiveRatingPrevProvisional": "No",
        "indicativeRatingInd": "N",
        "definitiveRatingInd": null,
        "linkedAnotherActionInd": "No",
        "privateRatingActionInd": "Y",
        "provisionalRatingInd": "N",
        "secondaryactionind": "No",
        "subsequentRatingInd": "",
        "contactPersonId": null,
        "complianceType": "CAMS",
        "complianceID": "103621",
        "ratingShellId": null,
        "ratingShellDS": null,
        "workItemStatus": null,
        "workItemType": null,
        "workItemSubType": null,
        "workItemReleaseDtm": null,
        "pressReleaseId": null,
        "securityClassNm": null,
        "shadowCd": null,
        "pressReleaseType": null,
        "pyrRatingType": null,
        "pacrEmail": null,
        "pacr": null,
        "chairEmail": null,
        "chair": null,
        "addendum": null,
        "addendumEmail": null
    },
    {
        "sourceSystem": "ACCURATE",
        "orgId": null,
        "ratingActionDesc": "Ascena Retail Group, Inc. (DIP)",
        "ratingActionID": "3456367",
        "ratingActionName": "Ascena Retail Group, Inc. (DIP)",
        "ratingCommitteeDate": "2020-09-21 00:00:00.0",
        "ratingOffice": "51",
        "ratingReleaseDate": "2020-09-24 16:05:45.0",
        "releaseDate": "2020-09-24 16:05:51.836",
        "lobname": "CFG",
        "sublobname": "CFG_NY-3",
        "region": "U.S.A. & Canada",
        "leadAnalystID": "6827",
        "leadAnalystName": "Raya Sokolyanska",
        "leadAnalystUniqueId": "sokolyar",
        "analystEmail": "Raya.Sokolyanska@moodys.com",
        "analystLocation": "New York - 7 World Trade Center",
        "approverID": "29008285",
        "approverName": "Raya Sokolyanska",
        "officeName": "Moody's Investors Service, Inc.",
        "documentExceptionListingInd": "",
        "announcementInd": "",
        "automaticRating": "No",
        "definitiveRatingPrevProvisional": "No",
        "indicativeRatingInd": "N",
        "definitiveRatingInd": null,
        "linkedAnotherActionInd": "No",
        "privateRatingActionInd": "N",
        "provisionalRatingInd": "N",
        "secondaryactionind": "No",
        "subsequentRatingInd": "N",
        "contactPersonId": null,
        "complianceType": "CAMS",
        "complianceID": "",
        "ratingShellId": null,
        "ratingShellDS": null,
        "workItemStatus": null,
        "workItemType": null,
        "workItemSubType": null,
        "workItemReleaseDtm": null,
        "pressReleaseId": null,
        "securityClassNm": null,
        "shadowCd": null,
        "pressReleaseType": null,
        "pyrRatingType": null,
        "pacrEmail": null,
        "pacr": null,
        "chairEmail": null,
        "chair": null,
        "addendum": null,
        "addendumEmail": null
    },
    {
        "sourceSystem": "ACCURATE",
        "orgId": null,
        "ratingActionDesc": "China Gezhouba Group Company Limited",
        "ratingActionID": "3456476",
        "ratingActionName": "China Gezhouba Group Company Limited",
        "ratingCommitteeDate": null,
        "ratingOffice": "72",
        "ratingReleaseDate": "2020-09-23 23:51:35.0",
        "releaseDate": "2020-09-23 23:51:38.43",
        "lobname": "CFG",
        "sublobname": "CFG Regional",
        "region": null,
        "leadAnalystID": "7035",
        "leadAnalystName": "Chenyi Lu",
        "leadAnalystUniqueId": "luchen",
        "analystEmail": "Chenyi.Lu@moodys.com",
        "analystLocation": "Hong Kong - One Pacific Place",
        "approverID": "29039314",
        "approverName": "Yunlong Zhu",
        "officeName": "Moody's Investors Service Hong Kong Ltd.",
        "documentExceptionListingInd": "",
        "announcementInd": "",
        "automaticRating": "Yes",
        "definitiveRatingPrevProvisional": "No",
        "indicativeRatingInd": "N",
        "definitiveRatingInd": null,
        "linkedAnotherActionInd": "No",
        "privateRatingActionInd": "Y",
        "provisionalRatingInd": "N",
        "secondaryactionind": "No",
        "subsequentRatingInd": "",
        "contactPersonId": null,
        "complianceType": "CAMS",
        "complianceID": "102366",
        "ratingShellId": null,
        "ratingShellDS": null,
        "workItemStatus": null,
        "workItemType": null,
        "workItemSubType": null,
        "workItemReleaseDtm": null,
        "pressReleaseId": null,
        "securityClassNm": null,
        "shadowCd": null,
        "pressReleaseType": null,
        "pyrRatingType": null,
        "pacrEmail": null,
        "pacr": null,
        "chairEmail": null,
        "chair": null,
        "addendum": null,
        "addendumEmail": null
    },
    {
        "sourceSystem": "ACCURATE",
        "orgId": null,
        "ratingActionDesc": "Kaisa Group Holdings Ltd",
        "ratingActionID": "3456502",
        "ratingActionName": "Kaisa Group Holdings Ltd",
        "ratingCommitteeDate": "2020-09-23 00:00:00.0",
        "ratingOffice": "72",
        "ratingReleaseDate": "2020-09-23 04:09:29.0",
        "releaseDate": "2020-09-23 04:09:37.5",
        "lobname": "CFG",
        "sublobname": "CFG Regional",
        "region": null,
        "leadAnalystID": "7670",
        "leadAnalystName": "Ching Leong Chan",
        "leadAnalystUniqueId": "chandan",
        "analystEmail": "Danny.Chan@moodys.com",
        "analystLocation": "Hong Kong - One Pacific Place",
        "approverID": null,
        "approverName": " ",
        "officeName": "Moody's Investors Service Hong Kong Ltd.",
        "documentExceptionListingInd": "",
        "announcementInd": "",
        "automaticRating": "No",
        "definitiveRatingPrevProvisional": "No",
        "indicativeRatingInd": "N",
        "definitiveRatingInd": null,
        "linkedAnotherActionInd": "No",
        "privateRatingActionInd": "N",
        "provisionalRatingInd": "N",
        "secondaryactionind": "No",
        "subsequentRatingInd": "N",
        "contactPersonId": null,
        "complianceType": "CAMS",
        "complianceID": "104784",
        "ratingShellId": null,
        "ratingShellDS": null,
        "workItemStatus": null,
        "workItemType": null,
        "workItemSubType": null,
        "workItemReleaseDtm": null,
        "pressReleaseId": null,
        "securityClassNm": null,
        "shadowCd": null,
        "pressReleaseType": null,
        "pyrRatingType": null,
        "pacrEmail": "Franco.Leung@moodys.com",
        "pacr": "Franco Leung",
        "chairEmail": "Franco.Leung@moodys.com",
        "chair": "Franco Leung",
        "addendum": "Frederick Chan ",
        "addendumEmail": "ChanF@moodys.com"
    },
    {
        "sourceSystem": "ACCURATE",
        "orgId": null,
        "ratingActionDesc": "Golden Bar (Securitisation) S.r.l., Series 2020-1",
        "ratingActionID": "3456506",
        "ratingActionName": "Golden Bar (Securitisation) S.r.l., Series 2020-1",
        "ratingCommitteeDate": null,
        "ratingOffice": "51",
        "ratingReleaseDate": "2020-09-25 08:50:39.0",
        "releaseDate": "2020-09-25 08:50:48.92",
        "lobname": null,
        "sublobname": null,
        "region": "U.S.A. & Canada",
        "leadAnalystID": "30000",
        "leadAnalystName": "Structured Finance Group Middle Office - US",
        "leadAnalystUniqueId": null,
        "analystEmail": null,
        "analystLocation": null,
        "approverID": null,
        "approverName": " ",
        "officeName": "Moody's Investors Service, Inc.",
        "documentExceptionListingInd": "Y",
        "announcementInd": "",
        "automaticRating": "Yes",
        "definitiveRatingPrevProvisional": "No",
        "indicativeRatingInd": "N",
        "definitiveRatingInd": null,
        "linkedAnotherActionInd": "No",
        "privateRatingActionInd": "Y",
        "provisionalRatingInd": "N",
        "secondaryactionind": "No",
        "subsequentRatingInd": "",
        "contactPersonId": null,
        "complianceType": "CAMS",
        "complianceID": "",
        "ratingShellId": null,
        "ratingShellDS": null,
        "workItemStatus": null,
        "workItemType": null,
        "workItemSubType": null,
        "workItemReleaseDtm": null,
        "pressReleaseId": null,
        "securityClassNm": null,
        "shadowCd": null,
        "pressReleaseType": null,
        "pyrRatingType": null,
        "pacrEmail": null,
        "pacr": null,
        "chairEmail": null,
        "chair": null,
        "addendum": null,
        "addendumEmail": null
    },
    {
        "sourceSystem": "ACCURATE",
        "orgId": null,
        "ratingActionDesc": "Banks of Kuwait",
        "ratingActionID": "3456538",
        "ratingActionName": "Banks of Kuwait",
        "ratingCommitteeDate": "2020-09-22 00:00:00.0",
        "ratingOffice": "82",
        "ratingReleaseDate": "2020-09-24 11:27:26.0",
        "releaseDate": "2020-09-24 11:27:42.216",
        "lobname": "FIG",
        "sublobname": "Banking",
        "region": "Europe",
        "leadAnalystID": "6213",
        "leadAnalystName": "Alexios Philippides",
        "leadAnalystUniqueId": "philippa",
        "analystEmail": "Alexios.Philippides@moodys.com",
        "analystLocation": "Limassol - MIS Cyprus Limited",
        "approverID": "29005132",
        "approverName": "Alexios Philippides",
        "officeName": "Moody's Investors Service Cyprus Ltd.",
        "documentExceptionListingInd": "",
        "announcementInd": "",
        "automaticRating": "No",
        "definitiveRatingPrevProvisional": "No",
        "indicativeRatingInd": "N",
        "definitiveRatingInd": null,
        "linkedAnotherActionInd": "No",
        "privateRatingActionInd": "N",
        "provisionalRatingInd": "Y",
        "secondaryactionind": "No",
        "subsequentRatingInd": "N",
        "contactPersonId": null,
        "complianceType": "CAMS",
        "complianceID": "102455",
        "ratingShellId": null,
        "ratingShellDS": null,
        "workItemStatus": null,
        "workItemType": null,
        "workItemSubType": null,
        "workItemReleaseDtm": null,
        "pressReleaseId": null,
        "securityClassNm": null,
        "shadowCd": null,
        "pressReleaseType": null,
        "pyrRatingType": null,
        "pacrEmail": "Sean.Marion@moodys.com",
        "pacr": "Sean Marion",
        "chairEmail": "Sean.Marion@moodys.com",
        "chair": "Sean Marion",
        "addendum": "Agatha Charalambous ",
        "addendumEmail": "CharalaA@moodys.com"
    },
    {
        "sourceSystem": "ACCURATE",
        "orgId": null,
        "ratingActionDesc": "Commerzbank AG",
        "ratingActionID": "3456551",
        "ratingActionName": "Commerzbank AG",
        "ratingCommitteeDate": "2020-09-23 00:00:00.0",
        "ratingOffice": "41",
        "ratingReleaseDate": "2020-09-25 06:56:00.0",
        "releaseDate": "2020-09-25 06:56:30.3",
        "lobname": "FIG",
        "sublobname": "Banking",
        "region": "Europe",
        "leadAnalystID": "6534",
        "leadAnalystName": "Swen Metzler",
        "leadAnalystUniqueId": "metzlers",
        "analystEmail": "Swen.Metzler@moodys.com",
        "analystLocation": "Frankfurt - An der Welle 5",
        "approverID": "29010868",
        "approverName": "Swen Metzler",
        "officeName": "Moody's Deutschland GmbH",
        "documentExceptionListingInd": "",
        "announcementInd": "",
        "automaticRating": "No",
        "definitiveRatingPrevProvisional": "No",
        "indicativeRatingInd": "N",
        "definitiveRatingInd": null,
        "linkedAnotherActionInd": "No",
        "privateRatingActionInd": "N",
        "provisionalRatingInd": "Y",
        "secondaryactionind": "No",
        "subsequentRatingInd": "N",
        "contactPersonId": null,
        "complianceType": "CAMS",
        "complianceID": "104484",
        "ratingShellId": null,
        "ratingShellDS": null,
        "workItemStatus": null,
        "workItemType": null,
        "workItemSubType": null,
        "workItemReleaseDtm": null,
        "pressReleaseId": null,
        "securityClassNm": null,
        "shadowCd": null,
        "pressReleaseType": null,
        "pyrRatingType": null,
        "pacrEmail": "Alexander.Hendricks@moodys.com",
        "pacr": "Alexander Hendricks",
        "chairEmail": "Alexander.Hendricks@moodys.com",
        "chair": "Alexander Hendricks",
        "addendum": "Simon Boemer ",
        "addendumEmail": "BoemerS@moodys.com"
    },
    {
        "sourceSystem": "ACCURATE",
        "orgId": null,
        "ratingActionDesc": "Royal Bank of Canada",
        "ratingActionID": "3456590",
        "ratingActionName": "Royal Bank of Canada",
        "ratingCommitteeDate": null,
        "ratingOffice": "71",
        "ratingReleaseDate": "2020-09-25 16:55:00.0",
        "releaseDate": "2020-09-25 16:55:32.946",
        "lobname": "FIG",
        "sublobname": "Banking",
        "region": "U.S.A. & Canada",
        "leadAnalystID": "6721",
        "leadAnalystName": "John Beattie",
        "leadAnalystUniqueId": "beattied",
        "analystEmail": "David.Beattie@moodys.com",
        "analystLocation": "Toronto - 70 York Street",
        "approverID": null,
        "approverName": " ",
        "officeName": "Moody's Canada Inc.",
        "documentExceptionListingInd": "",
        "announcementInd": "",
        "automaticRating": "Yes",
        "definitiveRatingPrevProvisional": "No",
        "indicativeRatingInd": "N",
        "definitiveRatingInd": null,
        "linkedAnotherActionInd": "No",
        "privateRatingActionInd": "N",
        "provisionalRatingInd": "N",
        "secondaryactionind": "No",
        "subsequentRatingInd": "",
        "contactPersonId": null,
        "complianceType": "CAMS",
        "complianceID": "",
        "ratingShellId": null,
        "ratingShellDS": null,
        "workItemStatus": null,
        "workItemType": null,
        "workItemSubType": null,
        "workItemReleaseDtm": null,
        "pressReleaseId": null,
        "securityClassNm": null,
        "shadowCd": null,
        "pressReleaseType": null,
        "pyrRatingType": null,
        "pacrEmail": null,
        "pacr": null,
        "chairEmail": null,
        "chair": null,
        "addendum": null,
        "addendumEmail": null
    },
    {
        "sourceSystem": "ACCURATE",
        "orgId": null,
        "ratingActionDesc": "Residential Mortgage Securities 32 plc",
        "ratingActionID": "3456763",
        "ratingActionName": "Residential Mortgage Securities 32 plc",
        "ratingCommitteeDate": null,
        "ratingOffice": "51",
        "ratingReleaseDate": "2020-09-25 08:58:11.0",
        "releaseDate": "2020-09-25 08:58:27.346",
        "lobname": null,
        "sublobname": null,
        "region": "U.S.A. & Canada",
        "leadAnalystID": "30000",
        "leadAnalystName": "Structured Finance Group Middle Office - US",
        "leadAnalystUniqueId": null,
        "analystEmail": null,
        "analystLocation": null,
        "approverID": null,
        "approverName": " ",
        "officeName": "Moody's Investors Service, Inc.",
        "documentExceptionListingInd": "Y",
        "announcementInd": "",
        "automaticRating": "Yes",
        "definitiveRatingPrevProvisional": "No",
        "indicativeRatingInd": "N",
        "definitiveRatingInd": null,
        "linkedAnotherActionInd": "No",
        "privateRatingActionInd": "Y",
        "provisionalRatingInd": "N",
        "secondaryactionind": "No",
        "subsequentRatingInd": "",
        "contactPersonId": null,
        "complianceType": "CAMS",
        "complianceID": "",
        "ratingShellId": null,
        "ratingShellDS": null,
        "workItemStatus": null,
        "workItemType": null,
        "workItemSubType": null,
        "workItemReleaseDtm": null,
        "pressReleaseId": null,
        "securityClassNm": null,
        "shadowCd": null,
        "pressReleaseType": null,
        "pyrRatingType": null,
        "pacrEmail": null,
        "pacr": null,
        "chairEmail": null,
        "chair": null,
        "addendum": null,
        "addendumEmail": null
    },
    {
        "sourceSystem": "ACCURATE",
        "orgId": null,
        "ratingActionDesc": "Dryden 44 Euro CLO 2015 B.V.",
        "ratingActionID": "3456772",
        "ratingActionName": "Dryden 44 Euro CLO 2015 B.V.",
        "ratingCommitteeDate": "2020-09-24 00:00:00.0",
        "ratingOffice": "69",
        "ratingReleaseDate": "2020-09-25 10:50:27.813",
        "releaseDate": "2020-09-25 10:50:27.826",
        "lobname": "SFG",
        "sublobname": "Surv-COR-ABS",
        "region": "Europe",
        "leadAnalystID": "7440",
        "leadAnalystName": "Angel Francisco Jimenez",
        "leadAnalystUniqueId": "jimenean",
        "analystEmail": "Angel.Jimenez@moodys.com",
        "analystLocation": "Madrid - Calle Principe de Vergara, 131",
        "approverID": null,
        "approverName": " ",
        "officeName": "Moody's Investors Service Espana, S.A.",
        "documentExceptionListingInd": "",
        "announcementInd": "",
        "automaticRating": "No",
        "definitiveRatingPrevProvisional": "No",
        "indicativeRatingInd": "N",
        "definitiveRatingInd": null,
        "linkedAnotherActionInd": "No",
        "privateRatingActionInd": "N",
        "provisionalRatingInd": "N",
        "secondaryactionind": "No",
        "subsequentRatingInd": "N",
        "contactPersonId": null,
        "complianceType": "CAMS",
        "complianceID": "104788",
        "ratingShellId": null,
        "ratingShellDS": null,
        "workItemStatus": null,
        "workItemType": null,
        "workItemSubType": null,
        "workItemReleaseDtm": null,
        "pressReleaseId": null,
        "securityClassNm": null,
        "shadowCd": null,
        "pressReleaseType": null,
        "pyrRatingType": null,
        "pacrEmail": null,
        "pacr": null,
        "chairEmail": null,
        "chair": null,
        "addendum": "Angel Jimenez ",
        "addendumEmail": "JimeneAn@moodys.com"
    },
    {
        "sourceSystem": "ACCURATE",
        "orgId": null,
        "ratingActionDesc": "Alba 11 WH S.r.l.",
        "ratingActionID": "3456779",
        "ratingActionName": "Alba 11 WH S.r.l.",
        "ratingCommitteeDate": null,
        "ratingOffice": "51",
        "ratingReleaseDate": "2020-09-25 08:46:28.0",
        "releaseDate": "2020-09-25 08:46:42.356",
        "lobname": null,
        "sublobname": null,
        "region": "U.S.A. & Canada",
        "leadAnalystID": "30000",
        "leadAnalystName": "Structured Finance Group Middle Office - US",
        "leadAnalystUniqueId": null,
        "analystEmail": null,
        "analystLocation": null,
        "approverID": null,
        "approverName": " ",
        "officeName": "Moody's Investors Service, Inc.",
        "documentExceptionListingInd": "Y",
        "announcementInd": "",
        "automaticRating": "Yes",
        "definitiveRatingPrevProvisional": "No",
        "indicativeRatingInd": "N",
        "definitiveRatingInd": null,
        "linkedAnotherActionInd": "No",
        "privateRatingActionInd": "Y",
        "provisionalRatingInd": "N",
        "secondaryactionind": "No",
        "subsequentRatingInd": "",
        "contactPersonId": null,
        "complianceType": "CAMS",
        "complianceID": "",
        "ratingShellId": null,
        "ratingShellDS": null,
        "workItemStatus": null,
        "workItemType": null,
        "workItemSubType": null,
        "workItemReleaseDtm": null,
        "pressReleaseId": null,
        "securityClassNm": null,
        "shadowCd": null,
        "pressReleaseType": null,
        "pyrRatingType": null,
        "pacrEmail": null,
        "pacr": null,
        "chairEmail": null,
        "chair": null,
        "addendum": null,
        "addendumEmail": null
    },
    {
        "sourceSystem": "ACCURATE",
        "orgId": null,
        "ratingActionDesc": "KazMunayGas NC JSC",
        "ratingActionID": "3456798",
        "ratingActionName": "KazMunayGas NC JSC",
        "ratingCommitteeDate": null,
        "ratingOffice": "52",
        "ratingReleaseDate": "2020-09-24 09:01:16.0",
        "releaseDate": "2020-09-24 09:01:24.52",
        "lobname": "CFG",
        "sublobname": "CFG Regional",
        "region": "Europe",
        "leadAnalystID": "6641",
        "leadAnalystName": "Artem Frolov",
        "leadAnalystUniqueId": "frolova",
        "analystEmail": "Artem.Frolov@moodys.com",
        "analystLocation": "Moscow - Four Winds Plaza",
        "approverID": null,
        "approverName": " ",
        "officeName": "Moody's Investors Service Ltd.",
        "documentExceptionListingInd": "Y",
        "announcementInd": "",
        "automaticRating": "Yes",
        "definitiveRatingPrevProvisional": "No",
        "indicativeRatingInd": "N",
        "definitiveRatingInd": null,
        "linkedAnotherActionInd": "No",
        "privateRatingActionInd": "N",
        "provisionalRatingInd": "N",
        "secondaryactionind": "No",
        "subsequentRatingInd": "Y",
        "contactPersonId": null,
        "complianceType": "CAMS",
        "complianceID": "",
        "ratingShellId": null,
        "ratingShellDS": null,
        "workItemStatus": null,
        "workItemType": null,
        "workItemSubType": null,
        "workItemReleaseDtm": null,
        "pressReleaseId": null,
        "securityClassNm": null,
        "shadowCd": null,
        "pressReleaseType": null,
        "pyrRatingType": null,
        "pacrEmail": null,
        "pacr": null,
        "chairEmail": null,
        "chair": null,
        "addendum": null,
        "addendumEmail": null
    },
    {
        "sourceSystem": "ACCURATE",
        "orgId": null,
        "ratingActionDesc": "Tengri Bank",
        "ratingActionID": "3456851",
        "ratingActionName": "Tengri Bank",
        "ratingCommitteeDate": "2020-09-21 00:00:00.0",
        "ratingOffice": "52",
        "ratingReleaseDate": "2020-09-23 04:39:14.0",
        "releaseDate": "2020-09-23 04:39:22.503",
        "lobname": "FIG",
        "sublobname": "Banking",
        "region": "Europe",
        "leadAnalystID": "7100",
        "leadAnalystName": "Svetlana Pavlova",
        "leadAnalystUniqueId": "pavlovas",
        "analystEmail": "Svetlana.Pavlova@moodys.com",
        "analystLocation": "Moscow - Four Winds Plaza",
        "approverID": "29017630",
        "approverName": "Svetlana Pavlova",
        "officeName": "Moody's Investors Service Ltd.",
        "documentExceptionListingInd": "",
        "announcementInd": "",
        "automaticRating": "No",
        "definitiveRatingPrevProvisional": "No",
        "indicativeRatingInd": "N",
        "definitiveRatingInd": null,
        "linkedAnotherActionInd": "No",
        "privateRatingActionInd": "N",
        "provisionalRatingInd": "N",
        "secondaryactionind": "No",
        "subsequentRatingInd": "N",
        "contactPersonId": null,
        "complianceType": "CAMS",
        "complianceID": "104721",
        "ratingShellId": null,
        "ratingShellDS": null,
        "workItemStatus": null,
        "workItemType": null,
        "workItemSubType": null,
        "workItemReleaseDtm": null,
        "pressReleaseId": null,
        "securityClassNm": null,
        "shadowCd": null,
        "pressReleaseType": null,
        "pyrRatingType": null,
        "pacrEmail": null,
        "pacr": null,
        "chairEmail": null,
        "chair": null,
        "addendum": null,
        "addendumEmail": null
    },
    {
        "sourceSystem": "ACCURATE",
        "orgId": null,
        "ratingActionDesc": "Alba 9 WH S.r.l.",
        "ratingActionID": "3456859",
        "ratingActionName": "Alba 9 WH S.r.l.",
        "ratingCommitteeDate": null,
        "ratingOffice": "51",
        "ratingReleaseDate": "2020-09-25 08:40:08.0",
        "releaseDate": "2020-09-25 08:40:24.053",
        "lobname": null,
        "sublobname": null,
        "region": "U.S.A. & Canada",
        "leadAnalystID": "30000",
        "leadAnalystName": "Structured Finance Group Middle Office - US",
        "leadAnalystUniqueId": null,
        "analystEmail": null,
        "analystLocation": null,
        "approverID": null,
        "approverName": " ",
        "officeName": "Moody's Investors Service, Inc.",
        "documentExceptionListingInd": "Y",
        "announcementInd": "",
        "automaticRating": "Yes",
        "definitiveRatingPrevProvisional": "No",
        "indicativeRatingInd": "N",
        "definitiveRatingInd": null,
        "linkedAnotherActionInd": "No",
        "privateRatingActionInd": "Y",
        "provisionalRatingInd": "N",
        "secondaryactionind": "No",
        "subsequentRatingInd": "",
        "contactPersonId": null,
        "complianceType": "CAMS",
        "complianceID": "",
        "ratingShellId": null,
        "ratingShellDS": null,
        "workItemStatus": null,
        "workItemType": null,
        "workItemSubType": null,
        "workItemReleaseDtm": null,
        "pressReleaseId": null,
        "securityClassNm": null,
        "shadowCd": null,
        "pressReleaseType": null,
        "pyrRatingType": null,
        "pacrEmail": null,
        "pacr": null,
        "chairEmail": null,
        "chair": null,
        "addendum": null,
        "addendumEmail": null
    },
    {
        "sourceSystem": "ACCURATE",
        "orgId": null,
        "ratingActionDesc": "Oncor Electric Delivery Company LLC",
        "ratingActionID": "3456884",
        "ratingActionName": "Oncor Electric Delivery Company LLC",
        "ratingCommitteeDate": null,
        "ratingOffice": "51",
        "ratingReleaseDate": "2020-09-24 15:52:37.0",
        "releaseDate": "2020-09-24 15:52:43.56",
        "lobname": "PPIF",
        "sublobname": "Infrastructure Finance",
        "region": "U.S.A. & Canada",
        "leadAnalystID": "2725",
        "leadAnalystName": "Natividad Martel",
        "leadAnalystUniqueId": "marteln",
        "analystEmail": "Natividad.Martel@moodys.com",
        "analystLocation": "New York - 7 World Trade Center",
        "approverID": null,
        "approverName": " ",
        "officeName": "Moody's Investors Service, Inc.",
        "documentExceptionListingInd": "Y",
        "announcementInd": "",
        "automaticRating": "Yes",
        "definitiveRatingPrevProvisional": "No",
        "indicativeRatingInd": "N",
        "definitiveRatingInd": null,
        "linkedAnotherActionInd": "No",
        "privateRatingActionInd": "N",
        "provisionalRatingInd": "N",
        "secondaryactionind": "No",
        "subsequentRatingInd": "Y",
        "contactPersonId": null,
        "complianceType": "CAMS",
        "complianceID": "",
        "ratingShellId": null,
        "ratingShellDS": null,
        "workItemStatus": null,
        "workItemType": null,
        "workItemSubType": null,
        "workItemReleaseDtm": null,
        "pressReleaseId": null,
        "securityClassNm": null,
        "shadowCd": null,
        "pressReleaseType": null,
        "pyrRatingType": null,
        "pacrEmail": null,
        "pacr": null,
        "chairEmail": null,
        "chair": null,
        "addendum": null,
        "addendumEmail": null
    },
    {
        "sourceSystem": "ACCURATE",
        "orgId": null,
        "ratingActionDesc": "Stoneridge, Inc.",
        "ratingActionID": "3456912",
        "ratingActionName": "Stoneridge, Inc.",
        "ratingCommitteeDate": "2020-09-21 00:00:00.0",
        "ratingOffice": "51",
        "ratingReleaseDate": "2020-09-23 15:14:36.0",
        "releaseDate": "2020-09-23 15:14:38.413",
        "lobname": "CFG",
        "sublobname": "CFG_NY-1",
        "region": "U.S.A. & Canada",
        "leadAnalystID": "7587",
        "leadAnalystName": "Michael Cavanagh",
        "leadAnalystUniqueId": "cavanagm",
        "analystEmail": "Mike.Cavanagh@moodys.com",
        "analystLocation": "New York - 7 World Trade Center",
        "approverID": "29026223",
        "approverName": "Michael Cavanagh",
        "officeName": "Moody's Investors Service, Inc.",
        "documentExceptionListingInd": "",
        "announcementInd": "",
        "automaticRating": "No",
        "definitiveRatingPrevProvisional": "No",
        "indicativeRatingInd": "N",
        "definitiveRatingInd": null,
        "linkedAnotherActionInd": "No",
        "privateRatingActionInd": "Y",
        "provisionalRatingInd": "N",
        "secondaryactionind": "No",
        "subsequentRatingInd": "",
        "contactPersonId": null,
        "complianceType": "CAMS",
        "complianceID": "104461",
        "ratingShellId": null,
        "ratingShellDS": null,
        "workItemStatus": null,
        "workItemType": null,
        "workItemSubType": null,
        "workItemReleaseDtm": null,
        "pressReleaseId": null,
        "securityClassNm": null,
        "shadowCd": null,
        "pressReleaseType": null,
        "pyrRatingType": null,
        "pacrEmail": "Robert.Jankowitz@moodys.com",
        "pacr": "Robert Jankowitz",
        "chairEmail": "Robert.Jankowitz@moodys.com",
        "chair": "Robert Jankowitz",
        "addendum": "Venkat Bogavelli ",
        "addendumEmail": "BogavelV@moodys.com"
    },
    {
        "sourceSystem": "ACCURATE",
        "orgId": null,
        "ratingActionDesc": "Mobile TeleSystems PJSC",
        "ratingActionID": "3456915",
        "ratingActionName": "Mobile TeleSystems PJSC",
        "ratingCommitteeDate": "2020-09-22 00:00:00.0",
        "ratingOffice": "52",
        "ratingReleaseDate": "2020-09-23 09:44:49.0",
        "releaseDate": "2020-09-23 09:45:01.923",
        "lobname": "CFG",
        "sublobname": "CFG Regional",
        "region": "Europe",
        "leadAnalystID": "31355",
        "leadAnalystName": "Mikhail Shipilov",
        "leadAnalystUniqueId": "shipilom",
        "analystEmail": "Mikhail.Shipilov@moodys.com",
        "analystLocation": "Moscow - Four Winds Plaza",
        "approverID": "29032758",
        "approverName": "Mikhail Shipilov",
        "officeName": "Moody's Investors Service Ltd.",
        "documentExceptionListingInd": "",
        "announcementInd": "",
        "automaticRating": "No",
        "definitiveRatingPrevProvisional": "No",
        "indicativeRatingInd": "N",
        "definitiveRatingInd": null,
        "linkedAnotherActionInd": "No",
        "privateRatingActionInd": "N",
        "provisionalRatingInd": "N",
        "secondaryactionind": "No",
        "subsequentRatingInd": "N",
        "contactPersonId": null,
        "complianceType": "CAMS",
        "complianceID": "104288",
        "ratingShellId": null,
        "ratingShellDS": null,
        "workItemStatus": null,
        "workItemType": null,
        "workItemSubType": null,
        "workItemReleaseDtm": null,
        "pressReleaseId": null,
        "securityClassNm": null,
        "shadowCd": null,
        "pressReleaseType": null,
        "pyrRatingType": null,
        "pacrEmail": "David.Staples@moodys.com",
        "pacr": "David Staples",
        "chairEmail": "David.Staples@moodys.com",
        "chair": "David Staples",
        "addendum": "Olga Moshkina ",
        "addendumEmail": "MoshkiOl@moodys.com"
    },
    {
        "sourceSystem": "ACCURATE",
        "orgId": null,
        "ratingActionDesc": "EFS Cogen Holdings I LLC",
        "ratingActionID": "3456933",
        "ratingActionName": "EFS Cogen Holdings I LLC",
        "ratingCommitteeDate": "2020-09-22 00:00:00.0",
        "ratingOffice": "51",
        "ratingReleaseDate": "2020-09-23 12:52:23.0",
        "releaseDate": "2020-09-23 12:52:29.17",
        "lobname": "PPIF",
        "sublobname": "Project Finance",
        "region": "U.S.A. & Canada",
        "leadAnalystID": "1177",
        "leadAnalystName": "Scott Solomon",
        "leadAnalystUniqueId": "solomons",
        "analystEmail": "Scott.Solomon@moodys.com",
        "analystLocation": "New York - 7 World Trade Center",
        "approverID": "22000938",
        "approverName": "Rick Donner",
        "officeName": "Moody's Investors Service, Inc.",
        "documentExceptionListingInd": "",
        "announcementInd": "",
        "automaticRating": "No",
        "definitiveRatingPrevProvisional": "No",
        "indicativeRatingInd": "N",
        "definitiveRatingInd": null,
        "linkedAnotherActionInd": "No",
        "privateRatingActionInd": "N",
        "provisionalRatingInd": "N",
        "secondaryactionind": "No",
        "subsequentRatingInd": "N",
        "contactPersonId": null,
        "complianceType": "CAMS",
        "complianceID": "104621",
        "ratingShellId": null,
        "ratingShellDS": null,
        "workItemStatus": null,
        "workItemType": null,
        "workItemSubType": null,
        "workItemReleaseDtm": null,
        "pressReleaseId": null,
        "securityClassNm": null,
        "shadowCd": null,
        "pressReleaseType": null,
        "pyrRatingType": null,
        "pacrEmail": "Angelo.Sabatelle@moodys.com",
        "pacr": "Angelo Sabatelle",
        "chairEmail": "Angelo.Sabatelle@moodys.com",
        "chair": "Angelo Sabatelle",
        "addendum": "Philip Zielke ",
        "addendumEmail": "ZielkeP@moodys.com"
    },
    {
        "sourceSystem": "ACCURATE",
        "orgId": null,
        "ratingActionDesc": "VEON Ltd.",
        "ratingActionID": "3456941",
        "ratingActionName": "VEON Ltd.",
        "ratingCommitteeDate": "2020-09-22 00:00:00.0",
        "ratingOffice": "52",
        "ratingReleaseDate": "2020-09-24 05:16:13.0",
        "releaseDate": "2020-09-24 05:16:29.73",
        "lobname": "CFG",
        "sublobname": "CFG Regional",
        "region": "Europe",
        "leadAnalystID": "31355",
        "leadAnalystName": "Mikhail Shipilov",
        "leadAnalystUniqueId": "shipilom",
        "analystEmail": "Mikhail.Shipilov@moodys.com",
        "analystLocation": "Moscow - Four Winds Plaza",
        "approverID": null,
        "approverName": " ",
        "officeName": "Moody's Investors Service Ltd.",
        "documentExceptionListingInd": "",
        "announcementInd": "",
        "automaticRating": "No",
        "definitiveRatingPrevProvisional": "No",
        "indicativeRatingInd": "N",
        "definitiveRatingInd": null,
        "linkedAnotherActionInd": "No",
        "privateRatingActionInd": "N",
        "provisionalRatingInd": "N",
        "secondaryactionind": "No",
        "subsequentRatingInd": "N",
        "contactPersonId": null,
        "complianceType": "CAMS",
        "complianceID": "104289",
        "ratingShellId": null,
        "ratingShellDS": null,
        "workItemStatus": null,
        "workItemType": null,
        "workItemSubType": null,
        "workItemReleaseDtm": null,
        "pressReleaseId": null,
        "securityClassNm": null,
        "shadowCd": null,
        "pressReleaseType": null,
        "pyrRatingType": null,
        "pacrEmail": "David.Staples@moodys.com",
        "pacr": "David Staples",
        "chairEmail": "David.Staples@moodys.com",
        "chair": "David Staples",
        "addendum": "Olga Moshkina ",
        "addendumEmail": "MoshkiOl@moodys.com"
    },
    {
        "sourceSystem": "ACCURATE",
        "orgId": null,
        "ratingActionDesc": "VEON Ltd.",
        "ratingActionID": "3456941",
        "ratingActionName": "VEON Ltd.",
        "ratingCommitteeDate": "2020-09-22 00:00:00.0",
        "ratingOffice": "52",
        "ratingReleaseDate": "2020-09-24 05:16:13.0",
        "releaseDate": "2020-09-24 05:16:29.73",
        "lobname": "CFG",
        "sublobname": "CFG Regional",
        "region": "Europe",
        "leadAnalystID": "31355",
        "leadAnalystName": "Mikhail Shipilov",
        "leadAnalystUniqueId": "shipilom",
        "analystEmail": "Mikhail.Shipilov@moodys.com",
        "analystLocation": "Moscow - Four Winds Plaza",
        "approverID": "29032758",
        "approverName": "Mikhail Shipilov",
        "officeName": "Moody's Investors Service Ltd.",
        "documentExceptionListingInd": "",
        "announcementInd": "",
        "automaticRating": "No",
        "definitiveRatingPrevProvisional": "No",
        "indicativeRatingInd": "N",
        "definitiveRatingInd": null,
        "linkedAnotherActionInd": "No",
        "privateRatingActionInd": "N",
        "provisionalRatingInd": "N",
        "secondaryactionind": "No",
        "subsequentRatingInd": "N",
        "contactPersonId": null,
        "complianceType": "CAMS",
        "complianceID": "104289",
        "ratingShellId": null,
        "ratingShellDS": null,
        "workItemStatus": null,
        "workItemType": null,
        "workItemSubType": null,
        "workItemReleaseDtm": null,
        "pressReleaseId": null,
        "securityClassNm": null,
        "shadowCd": null,
        "pressReleaseType": null,
        "pyrRatingType": null,
        "pacrEmail": "David.Staples@moodys.com",
        "pacr": "David Staples",
        "chairEmail": "David.Staples@moodys.com",
        "chair": "David Staples",
        "addendum": "Olga Moshkina ",
        "addendumEmail": "MoshkiOl@moodys.com"
    },
    {
        "sourceSystem": "ACCURATE",
        "orgId": null,
        "ratingActionDesc": "Alternative Building Concepts Group, GNMA Collateralized Taxable Revenue Bonds (Towne Center Apartments Project) Series 2013B $5.947MM",
        "ratingActionID": "3456949",
        "ratingActionName": "Alternative Building Concepts Group, GNMA Collateralized Taxable Revenue Bonds (Towne Center Apartments Project) Series 2013B $5.947MM",
        "ratingCommitteeDate": "2020-09-23 00:00:00.0",
        "ratingOffice": "51",
        "ratingReleaseDate": "2020-09-23 14:56:02.6",
        "releaseDate": "2020-09-23 14:56:02.61",
        "lobname": "PPIF",
        "sublobname": "Housing",
        "region": "U.S.A. & Canada",
        "leadAnalystID": "6472",
        "leadAnalystName": "Timothy Mone",
        "leadAnalystUniqueId": "monet",
        "analystEmail": "timothy.mone@moodys.com",
        "analystLocation": "New York - 7 World Trade Center",
        "approverID": null,
        "approverName": " ",
        "officeName": "Moody's Investors Service, Inc.",
        "documentExceptionListingInd": "",
        "announcementInd": "",
        "automaticRating": "No",
        "definitiveRatingPrevProvisional": "No",
        "indicativeRatingInd": "N",
        "definitiveRatingInd": null,
        "linkedAnotherActionInd": "No",
        "privateRatingActionInd": "N",
        "provisionalRatingInd": "N",
        "secondaryactionind": "No",
        "subsequentRatingInd": "N",
        "contactPersonId": null,
        "complianceType": "CAMS",
        "complianceID": "104863",
        "ratingShellId": null,
        "ratingShellDS": null,
        "workItemStatus": null,
        "workItemType": null,
        "workItemSubType": null,
        "workItemReleaseDtm": null,
        "pressReleaseId": null,
        "securityClassNm": null,
        "shadowCd": null,
        "pressReleaseType": null,
        "pyrRatingType": null,
        "pacrEmail": "Florence.Zeman@moodys.com",
        "pacr": "Florence Zeman",
        "chairEmail": "Florence.Zeman@moodys.com",
        "chair": "Florence Zeman",
        "addendum": "Timothy Mone ",
        "addendumEmail": "MoneT@moodys.com"
    },
    {
        "sourceSystem": "ACCURATE",
        "orgId": null,
        "ratingActionDesc": "MMAF Equipment Finance LLC 2020-B",
        "ratingActionID": "3456963",
        "ratingActionName": "MMAF Equipment Finance LLC 2020-B",
        "ratingCommitteeDate": null,
        "ratingOffice": "51",
        "ratingReleaseDate": "2020-09-23 17:29:19.0",
        "releaseDate": "2020-09-23 17:29:36.876",
        "lobname": "SFG",
        "sublobname": "NR-COR-ABS",
        "region": "U.S.A. & Canada",
        "leadAnalystID": "7685",
        "leadAnalystName": "Qin Zhang",
        "leadAnalystUniqueId": "zhangque",
        "analystEmail": "Chloe.Zhang@moodys.com",
        "analystLocation": "New York - 7 World Trade Center",
        "approverID": null,
        "approverName": " ",
        "officeName": "Moody's Investors Service, Inc.",
        "documentExceptionListingInd": "",
        "announcementInd": "",
        "automaticRating": "Yes",
        "definitiveRatingPrevProvisional": "No",
        "indicativeRatingInd": "N",
        "definitiveRatingInd": null,
        "linkedAnotherActionInd": "No",
        "privateRatingActionInd": "N",
        "provisionalRatingInd": "N",
        "secondaryactionind": "No",
        "subsequentRatingInd": "N",
        "contactPersonId": null,
        "complianceType": "CAMS",
        "complianceID": "103179",
        "ratingShellId": null,
        "ratingShellDS": null,
        "workItemStatus": null,
        "workItemType": null,
        "workItemSubType": null,
        "workItemReleaseDtm": null,
        "pressReleaseId": null,
        "securityClassNm": null,
        "shadowCd": null,
        "pressReleaseType": null,
        "pyrRatingType": null,
        "pacrEmail": null,
        "pacr": null,
        "chairEmail": null,
        "chair": null,
        "addendum": null,
        "addendumEmail": null
    },
    {
        "sourceSystem": "ACCURATE",
        "orgId": null,
        "ratingActionDesc": "Kreditanstalt fuer Wiederaufbau",
        "ratingActionID": "3456967",
        "ratingActionName": "Kreditanstalt fuer Wiederaufbau",
        "ratingCommitteeDate": null,
        "ratingOffice": "41",
        "ratingReleaseDate": "2020-09-25 07:59:01.0",
        "releaseDate": "2020-09-25 07:59:33.19",
        "lobname": "FIG",
        "sublobname": "Banking",
        "region": "Europe",
        "leadAnalystID": "7665",
        "leadAnalystName": "Goetz Thurm",
        "leadAnalystUniqueId": "thurmg",
        "analystEmail": "Goetz.Thurm@moodys.com",
        "analystLocation": "Frankfurt - An der Welle 5",
        "approverID": null,
        "approverName": " ",
        "officeName": "Moody's Deutschland GmbH",
        "documentExceptionListingInd": "",
        "announcementInd": "",
        "automaticRating": "No",
        "definitiveRatingPrevProvisional": "No",
        "indicativeRatingInd": "N",
        "definitiveRatingInd": null,
        "linkedAnotherActionInd": "No",
        "privateRatingActionInd": "N",
        "provisionalRatingInd": "N",
        "secondaryactionind": "No",
        "subsequentRatingInd": "Y",
        "contactPersonId": null,
        "complianceType": "CAMS",
        "complianceID": "",
        "ratingShellId": null,
        "ratingShellDS": null,
        "workItemStatus": null,
        "workItemType": null,
        "workItemSubType": null,
        "workItemReleaseDtm": null,
        "pressReleaseId": null,
        "securityClassNm": null,
        "shadowCd": null,
        "pressReleaseType": null,
        "pyrRatingType": null,
        "pacrEmail": null,
        "pacr": null,
        "chairEmail": null,
        "chair": null,
        "addendum": null,
        "addendumEmail": null
    },
    {
        "sourceSystem": "ACCURATE",
        "orgId": null,
        "ratingActionDesc": "Banco Nacional de Bolivia S.A.",
        "ratingActionID": "3456980",
        "ratingActionName": "Banco Nacional de Bolivia S.A.",
        "ratingCommitteeDate": "2020-09-21 00:00:00.0",
        "ratingOffice": "51",
        "ratingReleaseDate": "2020-09-23 17:07:46.0",
        "releaseDate": "2020-09-23 17:07:53.05",
        "lobname": "FIG",
        "sublobname": "Banking",
        "region": "U.S.A. & Canada",
        "leadAnalystID": "7747",
        "leadAnalystName": "Marcelo De Gruttola",
        "leadAnalystUniqueId": "gruttolm",
        "analystEmail": "Marcelo.DeGruttola@moodys.com",
        "analystLocation": "Buenos Aires - Ing. Butty 240",
        "approverID": "29029503",
        "approverName": "Marcelo De Gruttola",
        "officeName": "Moody's Investors Service, Inc.",
        "documentExceptionListingInd": "",
        "announcementInd": "",
        "automaticRating": "No",
        "definitiveRatingPrevProvisional": "No",
        "indicativeRatingInd": "N",
        "definitiveRatingInd": null,
        "linkedAnotherActionInd": "No",
        "privateRatingActionInd": "N",
        "provisionalRatingInd": "N",
        "secondaryactionind": "No",
        "subsequentRatingInd": "N",
        "contactPersonId": null,
        "complianceType": "CAMS",
        "complianceID": "104275",
        "ratingShellId": null,
        "ratingShellDS": null,
        "workItemStatus": null,
        "workItemType": null,
        "workItemSubType": null,
        "workItemReleaseDtm": null,
        "pressReleaseId": null,
        "securityClassNm": null,
        "shadowCd": null,
        "pressReleaseType": null,
        "pyrRatingType": null,
        "pacrEmail": "Celina.Vansetti-Hutchins@moodys.com",
        "pacr": "Celina Vansetti-Hutchins",
        "chairEmail": "Celina.Vansetti-Hutchins@moodys.com",
        "chair": "Celina Vansetti-Hutchins",
        "addendum": "Soledad Stefani ",
        "addendumEmail": "StefaniS@moodys.com"
    },
    {
        "sourceSystem": "ACCURATE",
        "orgId": null,
        "ratingActionDesc": null,
        "ratingActionID": "3456984",
        "ratingActionName": "1_PRO_FIG - Nordic & Baltic Banks_Effie Tsotsani_Moody's announces completion of a periodic review of ratings of SpareBank 1 BV",
        "ratingCommitteeDate": null,
        "ratingOffice": "52",
        "ratingReleaseDate": "2020-09-24 11:57:09.996",
        "releaseDate": "2020-09-24 11:57:10.003",
        "lobname": "FIG",
        "sublobname": "Banking",
        "region": "Europe",
        "leadAnalystID": "7384",
        "leadAnalystName": "Efthymia Tsotsani",
        "leadAnalystUniqueId": "tsotsane",
        "analystEmail": "Effie.Tsotsani@moodys.com",
        "analystLocation": "London - One Canada Square",
        "approverID": null,
        "approverName": " ",
        "officeName": "Moody's Investors Service Ltd.",
        "documentExceptionListingInd": "Y",
        "announcementInd": "Y",
        "automaticRating": "Yes",
        "definitiveRatingPrevProvisional": "No",
        "indicativeRatingInd": "N",
        "definitiveRatingInd": null,
        "linkedAnotherActionInd": "No",
        "privateRatingActionInd": "",
        "provisionalRatingInd": "N",
        "secondaryactionind": "No",
        "subsequentRatingInd": "",
        "contactPersonId": null,
        "complianceType": "CAMS",
        "complianceID": "",
        "ratingShellId": null,
        "ratingShellDS": null,
        "workItemStatus": null,
        "workItemType": null,
        "workItemSubType": null,
        "workItemReleaseDtm": null,
        "pressReleaseId": null,
        "securityClassNm": null,
        "shadowCd": null,
        "pressReleaseType": null,
        "pyrRatingType": null,
        "pacrEmail": null,
        "pacr": null,
        "chairEmail": null,
        "chair": null,
        "addendum": null,
        "addendumEmail": null
    },
    {
        "sourceSystem": "ACCURATE",
        "orgId": null,
        "ratingActionDesc": "Hyundai Auto Lease Securitization Trust 2020-B",
        "ratingActionID": "3457009",
        "ratingActionName": "Hyundai Auto Lease Securitization Trust 2020-B",
        "ratingCommitteeDate": null,
        "ratingOffice": "51",
        "ratingReleaseDate": "2020-09-23 13:52:17.0",
        "releaseDate": "2020-09-23 13:53:05.9",
        "lobname": "SFG",
        "sublobname": "NR-COS-ABS",
        "region": "U.S.A. & Canada",
        "leadAnalystID": "31065",
        "leadAnalystName": "Wendy Rosenfeld",
        "leadAnalystUniqueId": "rosenfew",
        "analystEmail": "Wendy.Rosenfeld@moodys.com",
        "analystLocation": "New York - 7 World Trade Center",
        "approverID": null,
        "approverName": " ",
        "officeName": "Moody's Investors Service, Inc.",
        "documentExceptionListingInd": "",
        "announcementInd": "",
        "automaticRating": "Yes",
        "definitiveRatingPrevProvisional": "No",
        "indicativeRatingInd": "N",
        "definitiveRatingInd": null,
        "linkedAnotherActionInd": "No",
        "privateRatingActionInd": "N",
        "provisionalRatingInd": "N",
        "secondaryactionind": "No",
        "subsequentRatingInd": "N",
        "contactPersonId": null,
        "complianceType": "CAMS",
        "complianceID": "103388",
        "ratingShellId": null,
        "ratingShellDS": null,
        "workItemStatus": null,
        "workItemType": null,
        "workItemSubType": null,
        "workItemReleaseDtm": null,
        "pressReleaseId": null,
        "securityClassNm": null,
        "shadowCd": null,
        "pressReleaseType": null,
        "pyrRatingType": null,
        "pacrEmail": null,
        "pacr": null,
        "chairEmail": null,
        "chair": null,
        "addendum": null,
        "addendumEmail": null
    },
    {
        "sourceSystem": "ACCURATE",
        "orgId": null,
        "ratingActionDesc": "Compagnie de Financement Foncier, Obligations Foncieres",
        "ratingActionID": "3457019",
        "ratingActionName": "Compagnie de Financement Foncier, Obligations Foncieres",
        "ratingCommitteeDate": null,
        "ratingOffice": "50",
        "ratingReleaseDate": "2020-09-23 06:53:48.0",
        "releaseDate": "2020-09-23 06:54:14.203",
        "lobname": "SFG",
        "sublobname": "NR-Covered Bonds",
        "region": "Europe",
        "leadAnalystID": "2014",
        "leadAnalystName": "Anne-Sophie Spirito",
        "leadAnalystUniqueId": "spiritoa",
        "analystEmail": "Anne-Sophie.Spirito@Moodys.com",
        "analystLocation": "Paris - 96, boulevard Haussmann",
        "approverID": null,
        "approverName": " ",
        "officeName": "Moody's France SAS",
        "documentExceptionListingInd": "Y",
        "announcementInd": "",
        "automaticRating": "No",
        "definitiveRatingPrevProvisional": "No",
        "indicativeRatingInd": "N",
        "definitiveRatingInd": null,
        "linkedAnotherActionInd": "No",
        "privateRatingActionInd": "N",
        "provisionalRatingInd": "N",
        "secondaryactionind": "No",
        "subsequentRatingInd": "Y",
        "contactPersonId": null,
        "complianceType": "CAMS",
        "complianceID": "",
        "ratingShellId": null,
        "ratingShellDS": null,
        "workItemStatus": null,
        "workItemType": null,
        "workItemSubType": null,
        "workItemReleaseDtm": null,
        "pressReleaseId": null,
        "securityClassNm": null,
        "shadowCd": null,
        "pressReleaseType": null,
        "pyrRatingType": null,
        "pacrEmail": null,
        "pacr": null,
        "chairEmail": null,
        "chair": null,
        "addendum": null,
        "addendumEmail": null
    },
    {
        "sourceSystem": "ACCURATE",
        "orgId": null,
        "ratingActionDesc": "Garrett Motion Sarl",
        "ratingActionID": "3457064",
        "ratingActionName": "Garrett Motion Sarl",
        "ratingCommitteeDate": "2020-09-21 00:00:00.0",
        "ratingOffice": "41",
        "ratingReleaseDate": "2020-09-23 05:14:32.0",
        "releaseDate": "2020-09-23 05:14:44.303",
        "lobname": "CFG",
        "sublobname": "CFG Regional",
        "region": "Europe",
        "leadAnalystID": "7053",
        "leadAnalystName": "Matthias Heck",
        "leadAnalystUniqueId": "heckm",
        "analystEmail": "Matthias.Heck@moodys.com",
        "analystLocation": "Frankfurt - An der Welle 5",
        "approverID": "29017302",
        "approverName": "Matthias Heck",
        "officeName": "Moody's Deutschland GmbH",
        "documentExceptionListingInd": "",
        "announcementInd": "",
        "automaticRating": "No",
        "definitiveRatingPrevProvisional": "No",
        "indicativeRatingInd": "N",
        "definitiveRatingInd": null,
        "linkedAnotherActionInd": "No",
        "privateRatingActionInd": "N",
        "provisionalRatingInd": "N",
        "secondaryactionind": "No",
        "subsequentRatingInd": "N",
        "contactPersonId": null,
        "complianceType": "CAMS",
        "complianceID": "104783",
        "ratingShellId": null,
        "ratingShellDS": null,
        "workItemStatus": null,
        "workItemType": null,
        "workItemSubType": null,
        "workItemReleaseDtm": null,
        "pressReleaseId": null,
        "securityClassNm": null,
        "shadowCd": null,
        "pressReleaseType": null,
        "pyrRatingType": null,
        "pacrEmail": null,
        "pacr": null,
        "chairEmail": null,
        "chair": null,
        "addendum": null,
        "addendumEmail": null
    },
    {
        "sourceSystem": "ACCURATE",
        "orgId": null,
        "ratingActionDesc": "Kennametal Inc.",
        "ratingActionID": "3457109",
        "ratingActionName": "Kennametal Inc.",
        "ratingCommitteeDate": "2020-09-24 00:00:00.0",
        "ratingOffice": "51",
        "ratingReleaseDate": "2020-09-25 13:36:16.0",
        "releaseDate": "2020-09-25 13:36:20.923",
        "lobname": "CFG",
        "sublobname": "CFG_NY-2",
        "region": "U.S.A. & Canada",
        "leadAnalystID": "30817",
        "leadAnalystName": "Emile El Nems",
        "leadAnalystUniqueId": "elnemse",
        "analystEmail": "Emile.ElNems@moodys.com",
        "analystLocation": "New York - 7 World Trade Center",
        "approverID": "29039174",
        "approverName": "Emile El Nems",
        "officeName": "Moody's Investors Service, Inc.",
        "documentExceptionListingInd": "",
        "announcementInd": "",
        "automaticRating": "No",
        "definitiveRatingPrevProvisional": "No",
        "indicativeRatingInd": "N",
        "definitiveRatingInd": null,
        "linkedAnotherActionInd": "No",
        "privateRatingActionInd": "N",
        "provisionalRatingInd": "N",
        "secondaryactionind": "No",
        "subsequentRatingInd": "N",
        "contactPersonId": null,
        "complianceType": "CAMS",
        "complianceID": "104564",
        "ratingShellId": null,
        "ratingShellDS": null,
        "workItemStatus": null,
        "workItemType": null,
        "workItemSubType": null,
        "workItemReleaseDtm": null,
        "pressReleaseId": null,
        "securityClassNm": null,
        "shadowCd": null,
        "pressReleaseType": null,
        "pyrRatingType": null,
        "pacrEmail": "Dean.Diaz@moodys.com",
        "pacr": "Dean Diaz",
        "chairEmail": "Dean.Diaz@moodys.com",
        "chair": "Dean Diaz",
        "addendum": "Julia Wilson ",
        "addendumEmail": "WilsonJ2@moodys.com"
    },
    {
        "sourceSystem": "ACCURATE",
        "orgId": null,
        "ratingActionDesc": "Brookfield Finance Inc.",
        "ratingActionID": "3457189",
        "ratingActionName": "Brookfield Finance Inc.",
        "ratingCommitteeDate": null,
        "ratingOffice": "51",
        "ratingReleaseDate": "2020-09-23 17:29:51.0",
        "releaseDate": "2020-09-23 17:29:58.926",
        "lobname": "FIG",
        "sublobname": "Funds and Asset Mgmt",
        "region": "U.S.A. & Canada",
        "leadAnalystID": "6699",
        "leadAnalystName": "Neal Epstein",
        "leadAnalystUniqueId": "epsteinn",
        "analystEmail": "Neal.Epstein@moodys.com",
        "analystLocation": "New York - 7 World Trade Center",
        "approverID": null,
        "approverName": " ",
        "officeName": "Moody's Investors Service, Inc.",
        "documentExceptionListingInd": "Y",
        "announcementInd": "",
        "automaticRating": "Yes",
        "definitiveRatingPrevProvisional": "No",
        "indicativeRatingInd": "N",
        "definitiveRatingInd": null,
        "linkedAnotherActionInd": "No",
        "privateRatingActionInd": "N",
        "provisionalRatingInd": "N",
        "secondaryactionind": "No",
        "subsequentRatingInd": "Y",
        "contactPersonId": null,
        "complianceType": "CAMS",
        "complianceID": "",
        "ratingShellId": null,
        "ratingShellDS": null,
        "workItemStatus": null,
        "workItemType": null,
        "workItemSubType": null,
        "workItemReleaseDtm": null,
        "pressReleaseId": null,
        "securityClassNm": null,
        "shadowCd": null,
        "pressReleaseType": null,
        "pyrRatingType": null,
        "pacrEmail": null,
        "pacr": null,
        "chairEmail": null,
        "chair": null,
        "addendum": null,
        "addendumEmail": null
    },
    {
        "sourceSystem": "ACCURATE",
        "orgId": null,
        "ratingActionDesc": "Lojas Americanas S.A.",
        "ratingActionID": "3457257",
        "ratingActionName": "Lojas Americanas S.A.",
        "ratingCommitteeDate": "2020-09-21 00:00:00.0",
        "ratingOffice": "51",
        "ratingReleaseDate": "2020-09-23 11:49:24.0",
        "releaseDate": "2020-09-23 11:49:36.706",
        "lobname": "CFG",
        "sublobname": "CFG Regional",
        "region": "U.S.A. & Canada",
        "leadAnalystID": "7115",
        "leadAnalystName": "Erick Rodrigues",
        "leadAnalystUniqueId": "rodriger",
        "analystEmail": "Erick.Rodrigues@moodys.com",
        "analystLocation": "Sao Paulo - Avenida das Nacoes Unidas",
        "approverID": null,
        "approverName": " ",
        "officeName": "Moody's Investors Service, Inc.",
        "documentExceptionListingInd": "",
        "announcementInd": "",
        "automaticRating": "No",
        "definitiveRatingPrevProvisional": "No",
        "indicativeRatingInd": "N",
        "definitiveRatingInd": null,
        "linkedAnotherActionInd": "No",
        "privateRatingActionInd": "N",
        "provisionalRatingInd": "N",
        "secondaryactionind": "No",
        "subsequentRatingInd": "N",
        "contactPersonId": null,
        "complianceType": "CAMS",
        "complianceID": "104769",
        "ratingShellId": null,
        "ratingShellDS": null,
        "workItemStatus": null,
        "workItemType": null,
        "workItemSubType": null,
        "workItemReleaseDtm": null,
        "pressReleaseId": null,
        "securityClassNm": null,
        "shadowCd": null,
        "pressReleaseType": null,
        "pyrRatingType": null,
        "pacrEmail": "Marianna.Waltz@moodys.com",
        "pacr": "Marianna Waltz",
        "chairEmail": "Marianna.Waltz@moodys.com",
        "chair": "Marianna Waltz",
        "addendum": "Patricia Maniero ",
        "addendumEmail": "ManieroP@moodys.com"
    },
    {
        "sourceSystem": "ACCURATE",
        "orgId": null,
        "ratingActionDesc": "Tractor Supply Company",
        "ratingActionID": "3457265",
        "ratingActionName": "Tractor Supply Company",
        "ratingCommitteeDate": null,
        "ratingOffice": "51",
        "ratingReleaseDate": "2020-09-25 10:12:36.0",
        "releaseDate": "2020-09-25 10:12:39.783",
        "lobname": "CFG",
        "sublobname": "CFG_NY-3",
        "region": "U.S.A. & Canada",
        "leadAnalystID": "7655",
        "leadAnalystName": "Christina Boni",
        "leadAnalystUniqueId": "bonic",
        "analystEmail": "Christina.Boni@moodys.com",
        "analystLocation": "New York - 7 World Trade Center",
        "approverID": "29026679",
        "approverName": "Christina Boni",
        "officeName": "Moody's Investors Service, Inc.",
        "documentExceptionListingInd": "",
        "announcementInd": "",
        "automaticRating": "Yes",
        "definitiveRatingPrevProvisional": "No",
        "indicativeRatingInd": "Y",
        "definitiveRatingInd": null,
        "linkedAnotherActionInd": "No",
        "privateRatingActionInd": "Y",
        "provisionalRatingInd": "N",
        "secondaryactionind": "No",
        "subsequentRatingInd": "",
        "contactPersonId": null,
        "complianceType": "CAMS",
        "complianceID": "104528",
        "ratingShellId": null,
        "ratingShellDS": null,
        "workItemStatus": null,
        "workItemType": null,
        "workItemSubType": null,
        "workItemReleaseDtm": null,
        "pressReleaseId": null,
        "securityClassNm": null,
        "shadowCd": null,
        "pressReleaseType": null,
        "pyrRatingType": null,
        "pacrEmail": "Margaret.Taylor@moodys.com",
        "pacr": "Margaret Taylor",
        "chairEmail": "Margaret.Taylor@moodys.com",
        "chair": "Margaret Taylor",
        "addendum": "Austin Langer ",
        "addendumEmail": "LangerA@moodys.com"
    },
    {
        "sourceSystem": "ACCURATE",
        "orgId": null,
        "ratingActionDesc": "Santander Drive Auto Receivables Trust 2020-3",
        "ratingActionID": "3457334",
        "ratingActionName": "Santander Drive Auto Receivables Trust 2020-3",
        "ratingCommitteeDate": "2020-09-18 00:00:00.0",
        "ratingOffice": "71",
        "ratingReleaseDate": "2020-09-23 13:04:11.0",
        "releaseDate": "2020-09-23 13:04:19.543",
        "lobname": "SFG",
        "sublobname": "NR-COS-ABS",
        "region": "U.S.A. & Canada",
        "leadAnalystID": "7584",
        "leadAnalystName": "Simba Murahwi",
        "leadAnalystUniqueId": "murahwis",
        "analystEmail": "Simba.Murahwi@moodys.com",
        "analystLocation": "Toronto - 70 York Street",
        "approverID": null,
        "approverName": " ",
        "officeName": "Moody's Canada Inc.",
        "documentExceptionListingInd": "",
        "announcementInd": "",
        "automaticRating": "No",
        "definitiveRatingPrevProvisional": "No",
        "indicativeRatingInd": "N",
        "definitiveRatingInd": null,
        "linkedAnotherActionInd": "No",
        "privateRatingActionInd": "N",
        "provisionalRatingInd": "N",
        "secondaryactionind": "No",
        "subsequentRatingInd": "N",
        "contactPersonId": null,
        "complianceType": "CAMS",
        "complianceID": "103310",
        "ratingShellId": null,
        "ratingShellDS": null,
        "workItemStatus": null,
        "workItemType": null,
        "workItemSubType": null,
        "workItemReleaseDtm": null,
        "pressReleaseId": null,
        "securityClassNm": null,
        "shadowCd": null,
        "pressReleaseType": null,
        "pyrRatingType": null,
        "pacrEmail": null,
        "pacr": null,
        "chairEmail": null,
        "chair": null,
        "addendum": null,
        "addendumEmail": null
    },
    {
        "sourceSystem": "ACCURATE",
        "orgId": null,
        "ratingActionDesc": "American Residential Services L.L.C. (New)",
        "ratingActionID": "3457337",
        "ratingActionName": "American Residential Services L.L.C. (New)",
        "ratingCommitteeDate": "2020-09-22 00:00:00.0",
        "ratingOffice": "51",
        "ratingReleaseDate": "2020-09-23 18:21:17.0",
        "releaseDate": "2020-09-23 18:21:33.613",
        "lobname": "CFG",
        "sublobname": "CFG_NY-2",
        "region": "U.S.A. & Canada",
        "leadAnalystID": "30682",
        "leadAnalystName": "Scott Manduca",
        "leadAnalystUniqueId": "manducas",
        "analystEmail": "Scott.Manduca@moodys.com",
        "analystLocation": "New York - 7 World Trade Center",
        "approverID": "29046845",
        "approverName": "Scott Manduca",
        "officeName": "Moody's Investors Service, Inc.",
        "documentExceptionListingInd": "",
        "announcementInd": "",
        "automaticRating": "No",
        "definitiveRatingPrevProvisional": "No",
        "indicativeRatingInd": "N",
        "definitiveRatingInd": null,
        "linkedAnotherActionInd": "No",
        "privateRatingActionInd": "N",
        "provisionalRatingInd": "N",
        "secondaryactionind": "No",
        "subsequentRatingInd": "N",
        "contactPersonId": null,
        "complianceType": "CAMS",
        "complianceID": "104835",
        "ratingShellId": null,
        "ratingShellDS": null,
        "workItemStatus": null,
        "workItemType": null,
        "workItemSubType": null,
        "workItemReleaseDtm": null,
        "pressReleaseId": null,
        "securityClassNm": null,
        "shadowCd": null,
        "pressReleaseType": null,
        "pyrRatingType": null,
        "pacrEmail": "Dean.Diaz@moodys.com",
        "pacr": "Dean Diaz",
        "chairEmail": "Dean.Diaz@moodys.com",
        "chair": "Dean Diaz",
        "addendum": "Van Borges ",
        "addendumEmail": "BorgesV@moodys.com"
    },
    {
        "sourceSystem": "ACCURATE",
        "orgId": null,
        "ratingActionDesc": "Exeter Automobile Receivables Trust 2020-3",
        "ratingActionID": "3457380",
        "ratingActionName": "Exeter Automobile Receivables Trust 2020-3",
        "ratingCommitteeDate": "2020-09-21 00:00:00.0",
        "ratingOffice": "51",
        "ratingReleaseDate": "2020-09-23 12:59:21.0",
        "releaseDate": "2020-09-23 12:59:31.9",
        "lobname": "SFG",
        "sublobname": "NR-COS-ABS",
        "region": "U.S.A. & Canada",
        "leadAnalystID": "31172",
        "leadAnalystName": "Puloma Mukherjee",
        "leadAnalystUniqueId": "mukherpu",
        "analystEmail": "Puloma.Mukherjee@moodys.com",
        "analystLocation": "New York - 7 World Trade Center",
        "approverID": null,
        "approverName": " ",
        "officeName": "Moody's Investors Service, Inc.",
        "documentExceptionListingInd": "",
        "announcementInd": "",
        "automaticRating": "No",
        "definitiveRatingPrevProvisional": "No",
        "indicativeRatingInd": "N",
        "definitiveRatingInd": null,
        "linkedAnotherActionInd": "No",
        "privateRatingActionInd": "N",
        "provisionalRatingInd": "N",
        "secondaryactionind": "No",
        "subsequentRatingInd": "N",
        "contactPersonId": null,
        "complianceType": "CAMS",
        "complianceID": "102587",
        "ratingShellId": null,
        "ratingShellDS": null,
        "workItemStatus": null,
        "workItemType": null,
        "workItemSubType": null,
        "workItemReleaseDtm": null,
        "pressReleaseId": null,
        "securityClassNm": null,
        "shadowCd": null,
        "pressReleaseType": null,
        "pyrRatingType": null,
        "pacrEmail": null,
        "pacr": null,
        "chairEmail": null,
        "chair": null,
        "addendum": null,
        "addendumEmail": null
    },
    {
        "sourceSystem": "ACCURATE",
        "orgId": null,
        "ratingActionDesc": "Silver Arrow S.A., Compartment 11",
        "ratingActionID": "3457470",
        "ratingActionName": "Silver Arrow S.A., Compartment 11",
        "ratingCommitteeDate": null,
        "ratingOffice": "51",
        "ratingReleaseDate": "2020-09-25 08:34:03.0",
        "releaseDate": "2020-09-25 08:34:17.883",
        "lobname": null,
        "sublobname": null,
        "region": "U.S.A. & Canada",
        "leadAnalystID": "30000",
        "leadAnalystName": "Structured Finance Group Middle Office - US",
        "leadAnalystUniqueId": null,
        "analystEmail": null,
        "analystLocation": null,
        "approverID": null,
        "approverName": " ",
        "officeName": "Moody's Investors Service, Inc.",
        "documentExceptionListingInd": "Y",
        "announcementInd": "",
        "automaticRating": "Yes",
        "definitiveRatingPrevProvisional": "No",
        "indicativeRatingInd": "N",
        "definitiveRatingInd": null,
        "linkedAnotherActionInd": "No",
        "privateRatingActionInd": "Y",
        "provisionalRatingInd": "N",
        "secondaryactionind": "No",
        "subsequentRatingInd": "",
        "contactPersonId": null,
        "complianceType": "CAMS",
        "complianceID": "",
        "ratingShellId": null,
        "ratingShellDS": null,
        "workItemStatus": null,
        "workItemType": null,
        "workItemSubType": null,
        "workItemReleaseDtm": null,
        "pressReleaseId": null,
        "securityClassNm": null,
        "shadowCd": null,
        "pressReleaseType": null,
        "pyrRatingType": null,
        "pacrEmail": null,
        "pacr": null,
        "chairEmail": null,
        "chair": null,
        "addendum": null,
        "addendumEmail": null
    },
    {
        "sourceSystem": "ACCURATE",
        "orgId": null,
        "ratingActionDesc": "Svensk Hypotekspension Fond 4 AB",
        "ratingActionID": "3457508",
        "ratingActionName": "Svensk Hypotekspension Fond 4 AB",
        "ratingCommitteeDate": null,
        "ratingOffice": "51",
        "ratingReleaseDate": "2020-09-25 08:36:51.0",
        "releaseDate": "2020-09-25 08:37:05.196",
        "lobname": null,
        "sublobname": null,
        "region": "U.S.A. & Canada",
        "leadAnalystID": "30000",
        "leadAnalystName": "Structured Finance Group Middle Office - US",
        "leadAnalystUniqueId": null,
        "analystEmail": null,
        "analystLocation": null,
        "approverID": null,
        "approverName": " ",
        "officeName": "Moody's Investors Service, Inc.",
        "documentExceptionListingInd": "Y",
        "announcementInd": "",
        "automaticRating": "Yes",
        "definitiveRatingPrevProvisional": "No",
        "indicativeRatingInd": "N",
        "definitiveRatingInd": null,
        "linkedAnotherActionInd": "No",
        "privateRatingActionInd": "Y",
        "provisionalRatingInd": "N",
        "secondaryactionind": "No",
        "subsequentRatingInd": "",
        "contactPersonId": null,
        "complianceType": "CAMS",
        "complianceID": "",
        "ratingShellId": null,
        "ratingShellDS": null,
        "workItemStatus": null,
        "workItemType": null,
        "workItemSubType": null,
        "workItemReleaseDtm": null,
        "pressReleaseId": null,
        "securityClassNm": null,
        "shadowCd": null,
        "pressReleaseType": null,
        "pyrRatingType": null,
        "pacrEmail": null,
        "pacr": null,
        "chairEmail": null,
        "chair": null,
        "addendum": null,
        "addendumEmail": null
    },
    {
        "sourceSystem": "ACCURATE",
        "orgId": null,
        "ratingActionDesc": "Play Communications S.A.",
        "ratingActionID": "3457516",
        "ratingActionName": "Play Communications S.A.",
        "ratingCommitteeDate": "2020-09-21 00:00:00.0",
        "ratingOffice": "69",
        "ratingReleaseDate": "2020-09-23 10:56:13.503",
        "releaseDate": "2020-09-23 10:56:13.546",
        "lobname": "CFG",
        "sublobname": "CFG Regional",
        "region": "Europe",
        "leadAnalystID": "7210",
        "leadAnalystName": "Victor Garcia Capdevila",
        "leadAnalystUniqueId": "garciav",
        "analystEmail": "Victor.GarciaCapdevila@moodys.com",
        "analystLocation": "Madrid - Calle Principe de Vergara, 131",
        "approverID": "29010214",
        "approverName": "Victor Garcia Capdevila",
        "officeName": "Moody's Investors Service Espana, S.A.",
        "documentExceptionListingInd": "",
        "announcementInd": "",
        "automaticRating": "No",
        "definitiveRatingPrevProvisional": "No",
        "indicativeRatingInd": "N",
        "definitiveRatingInd": null,
        "linkedAnotherActionInd": "No",
        "privateRatingActionInd": "N",
        "provisionalRatingInd": "N",
        "secondaryactionind": "No",
        "subsequentRatingInd": "N",
        "contactPersonId": null,
        "complianceType": "CAMS",
        "complianceID": "104787",
        "ratingShellId": null,
        "ratingShellDS": null,
        "workItemStatus": null,
        "workItemType": null,
        "workItemSubType": null,
        "workItemReleaseDtm": null,
        "pressReleaseId": null,
        "securityClassNm": null,
        "shadowCd": null,
        "pressReleaseType": null,
        "pyrRatingType": null,
        "pacrEmail": "Ivan.Palacios@moodys.com",
        "pacr": "Ivan Palacios",
        "chairEmail": "Ivan.Palacios@moodys.com",
        "chair": "Ivan Palacios",
        "addendum": "Pilar Anduiza ",
        "addendumEmail": "HeraM@moodys.com"
    },
    {
        "sourceSystem": "ACCURATE",
        "orgId": null,
        "ratingActionDesc": "Qantas Airways Ltd.",
        "ratingActionID": "3457670",
        "ratingActionName": "Qantas Airways Ltd.",
        "ratingCommitteeDate": null,
        "ratingOffice": "53",
        "ratingReleaseDate": "2020-09-23 03:58:23.0",
        "releaseDate": "2020-09-23 03:58:31.136",
        "lobname": "CFG",
        "sublobname": "CFG Regional",
        "region": "Asia Pacific",
        "leadAnalystID": "7377",
        "leadAnalystName": "Ian Chitterer",
        "leadAnalystUniqueId": "chitteri",
        "analystEmail": "Ian.Chitterer@moodys.com",
        "analystLocation": "Sydney - 1 O'Connell Street",
        "approverID": null,
        "approverName": " ",
        "officeName": "Moody's Investors Service Pty. Ltd.",
        "documentExceptionListingInd": "Y",
        "announcementInd": "",
        "automaticRating": "Yes",
        "definitiveRatingPrevProvisional": "No",
        "indicativeRatingInd": "N",
        "definitiveRatingInd": null,
        "linkedAnotherActionInd": "No",
        "privateRatingActionInd": "N",
        "provisionalRatingInd": "N",
        "secondaryactionind": "No",
        "subsequentRatingInd": "Y",
        "contactPersonId": null,
        "complianceType": "CAMS",
        "complianceID": "",
        "ratingShellId": null,
        "ratingShellDS": null,
        "workItemStatus": null,
        "workItemType": null,
        "workItemSubType": null,
        "workItemReleaseDtm": null,
        "pressReleaseId": null,
        "securityClassNm": null,
        "shadowCd": null,
        "pressReleaseType": null,
        "pyrRatingType": null,
        "pacrEmail": null,
        "pacr": null,
        "chairEmail": null,
        "chair": null,
        "addendum": null,
        "addendumEmail": null
    },
    {
        "sourceSystem": "ACCURATE",
        "orgId": null,
        "ratingActionDesc": "Intesa Sanpaolo S.p.A.",
        "ratingActionID": "3457681",
        "ratingActionName": "Intesa Sanpaolo S.p.A.",
        "ratingCommitteeDate": null,
        "ratingOffice": "69",
        "ratingReleaseDate": "2020-09-23 10:54:31.0",
        "releaseDate": "2020-09-23 10:54:37.946",
        "lobname": "FIG",
        "sublobname": "Banking",
        "region": "Europe",
        "leadAnalystID": "6224",
        "leadAnalystName": "Maria Jose Mori",
        "leadAnalystUniqueId": "morimj",
        "analystEmail": "mariajose.mori@moodys.com",
        "analystLocation": "Madrid - Calle Principe de Vergara, 131",
        "approverID": null,
        "approverName": " ",
        "officeName": "Moody's Investors Service Espana, S.A.",
        "documentExceptionListingInd": "",
        "announcementInd": "",
        "automaticRating": "No",
        "definitiveRatingPrevProvisional": "No",
        "indicativeRatingInd": "N",
        "definitiveRatingInd": null,
        "linkedAnotherActionInd": "No",
        "privateRatingActionInd": "N",
        "provisionalRatingInd": "N",
        "secondaryactionind": "No",
        "subsequentRatingInd": "Y",
        "contactPersonId": null,
        "complianceType": "CAMS",
        "complianceID": "",
        "ratingShellId": null,
        "ratingShellDS": null,
        "workItemStatus": null,
        "workItemType": null,
        "workItemSubType": null,
        "workItemReleaseDtm": null,
        "pressReleaseId": null,
        "securityClassNm": null,
        "shadowCd": null,
        "pressReleaseType": null,
        "pyrRatingType": null,
        "pacrEmail": null,
        "pacr": null,
        "chairEmail": null,
        "chair": null,
        "addendum": null,
        "addendumEmail": null
    },
    {
        "sourceSystem": "ACCURATE",
        "orgId": null,
        "ratingActionDesc": "GS Finance Corp.",
        "ratingActionID": "3457730",
        "ratingActionName": "GS Finance Corp.",
        "ratingCommitteeDate": null,
        "ratingOffice": "51",
        "ratingReleaseDate": "2020-09-25 12:44:25.0",
        "releaseDate": "2020-09-25 12:44:56.006",
        "lobname": "FIG",
        "sublobname": "Banking",
        "region": "U.S.A. & Canada",
        "leadAnalystID": "467",
        "leadAnalystName": "David Fanger",
        "leadAnalystUniqueId": "fangerd",
        "analystEmail": "David.Fanger@moodys.com",
        "analystLocation": "New York - 7 World Trade Center",
        "approverID": null,
        "approverName": " ",
        "officeName": "Moody's Investors Service, Inc.",
        "documentExceptionListingInd": "",
        "announcementInd": "",
        "automaticRating": "Yes",
        "definitiveRatingPrevProvisional": "No",
        "indicativeRatingInd": "N",
        "definitiveRatingInd": null,
        "linkedAnotherActionInd": "No",
        "privateRatingActionInd": "N",
        "provisionalRatingInd": "N",
        "secondaryactionind": "No",
        "subsequentRatingInd": "",
        "contactPersonId": null,
        "complianceType": "CAMS",
        "complianceID": "",
        "ratingShellId": null,
        "ratingShellDS": null,
        "workItemStatus": null,
        "workItemType": null,
        "workItemSubType": null,
        "workItemReleaseDtm": null,
        "pressReleaseId": null,
        "securityClassNm": null,
        "shadowCd": null,
        "pressReleaseType": null,
        "pyrRatingType": null,
        "pacrEmail": null,
        "pacr": null,
        "chairEmail": null,
        "chair": null,
        "addendum": null,
        "addendumEmail": null
    },
    {
        "sourceSystem": "ACCURATE",
        "orgId": null,
        "ratingActionDesc": "Municipality Finance Plc - includes FTL",
        "ratingActionID": "3457736",
        "ratingActionName": "Municipality Finance Plc - includes FTL",
        "ratingCommitteeDate": "2020-09-21 00:00:00.0",
        "ratingOffice": "128",
        "ratingReleaseDate": "2020-09-23 17:51:38.0",
        "releaseDate": "2020-09-23 17:53:11.61",
        "lobname": "FIG",
        "sublobname": "Banking",
        "region": "Europe",
        "leadAnalystID": "7742",
        "leadAnalystName": "Erik Niclas Boheman",
        "leadAnalystUniqueId": "bohemane",
        "analystEmail": "Niclas.Boheman@moodys.com",
        "analystLocation": "Stockholm- Norrlandsgatan 20",
        "approverID": "29027982",
        "approverName": "Erik Niclas Boheman",
        "officeName": "Moody's Investors Service (Nordics) AB",
        "documentExceptionListingInd": "",
        "announcementInd": "",
        "automaticRating": "No",
        "definitiveRatingPrevProvisional": "No",
        "indicativeRatingInd": "N",
        "definitiveRatingInd": null,
        "linkedAnotherActionInd": "No",
        "privateRatingActionInd": "N",
        "provisionalRatingInd": "Y",
        "secondaryactionind": "No",
        "subsequentRatingInd": "N",
        "contactPersonId": null,
        "complianceType": "CAMS",
        "complianceID": "101145",
        "ratingShellId": null,
        "ratingShellDS": null,
        "workItemStatus": null,
        "workItemType": null,
        "workItemSubType": null,
        "workItemReleaseDtm": null,
        "pressReleaseId": null,
        "securityClassNm": null,
        "shadowCd": null,
        "pressReleaseType": null,
        "pyrRatingType": null,
        "pacrEmail": "Sean.Marion@moodys.com",
        "pacr": "Sean Marion",
        "chairEmail": "Simon.Ainsworth@moodys.com",
        "chair": "Simon Ainsworth",
        "addendum": "Malika Takhtayeva ",
        "addendumEmail": "TakhtayM@moodys.com"
    },
    {
        "sourceSystem": "ACCURATE",
        "orgId": null,
        "ratingActionDesc": "Terna - Rete Elettrica Nazionale S.p.A.",
        "ratingActionID": "3457759",
        "ratingActionName": "Terna - Rete Elettrica Nazionale S.p.A.",
        "ratingCommitteeDate": null,
        "ratingOffice": "50",
        "ratingReleaseDate": "2020-09-23 05:05:43.0",
        "releaseDate": "2020-09-23 05:05:54.956",
        "lobname": "PPIF",
        "sublobname": "Infrastructure Finance",
        "region": "Europe",
        "leadAnalystID": "30830",
        "leadAnalystName": "Benjamin Leyre",
        "leadAnalystUniqueId": "leyrep",
        "analystEmail": "Benjamin.Leyre@moodys.com",
        "analystLocation": "Paris - 96, boulevard Haussmann",
        "approverID": null,
        "approverName": " ",
        "officeName": "Moody's France SAS",
        "documentExceptionListingInd": "",
        "announcementInd": "",
        "automaticRating": "No",
        "definitiveRatingPrevProvisional": "No",
        "indicativeRatingInd": "N",
        "definitiveRatingInd": null,
        "linkedAnotherActionInd": "No",
        "privateRatingActionInd": "N",
        "provisionalRatingInd": "N",
        "secondaryactionind": "No",
        "subsequentRatingInd": "Y",
        "contactPersonId": null,
        "complianceType": "CAMS",
        "complianceID": "",
        "ratingShellId": null,
        "ratingShellDS": null,
        "workItemStatus": null,
        "workItemType": null,
        "workItemSubType": null,
        "workItemReleaseDtm": null,
        "pressReleaseId": null,
        "securityClassNm": null,
        "shadowCd": null,
        "pressReleaseType": null,
        "pyrRatingType": null,
        "pacrEmail": null,
        "pacr": null,
        "chairEmail": null,
        "chair": null,
        "addendum": null,
        "addendumEmail": null
    },
    {
        "sourceSystem": "ACCURATE",
        "orgId": null,
        "ratingActionDesc": "Babar Bidco SAS",
        "ratingActionID": "3457816",
        "ratingActionName": "Babar Bidco SAS",
        "ratingCommitteeDate": "2020-09-22 00:00:00.0",
        "ratingOffice": "69",
        "ratingReleaseDate": "2020-09-23 05:40:07.906",
        "releaseDate": "2020-09-23 05:40:07.973",
        "lobname": "CFG",
        "sublobname": "CFG Regional",
        "region": "Europe",
        "leadAnalystID": "7210",
        "leadAnalystName": "Victor Garcia Capdevila",
        "leadAnalystUniqueId": "garciav",
        "analystEmail": "Victor.GarciaCapdevila@moodys.com",
        "analystLocation": "Madrid - Calle Principe de Vergara, 131",
        "approverID": "29010214",
        "approverName": "Victor Garcia Capdevila",
        "officeName": "Moody's Investors Service Espana, S.A.",
        "documentExceptionListingInd": "",
        "announcementInd": "",
        "automaticRating": "No",
        "definitiveRatingPrevProvisional": "No",
        "indicativeRatingInd": "N",
        "definitiveRatingInd": null,
        "linkedAnotherActionInd": "No",
        "privateRatingActionInd": "N",
        "provisionalRatingInd": "N",
        "secondaryactionind": "No",
        "subsequentRatingInd": "N",
        "contactPersonId": null,
        "complianceType": "CAMS",
        "complianceID": "104487",
        "ratingShellId": null,
        "ratingShellDS": null,
        "workItemStatus": null,
        "workItemType": null,
        "workItemSubType": null,
        "workItemReleaseDtm": null,
        "pressReleaseId": null,
        "securityClassNm": null,
        "shadowCd": null,
        "pressReleaseType": null,
        "pyrRatingType": null,
        "pacrEmail": "Ivan.Palacios@moodys.com",
        "pacr": "Ivan Palacios",
        "chairEmail": "Ivan.Palacios@moodys.com",
        "chair": "Ivan Palacios",
        "addendum": "Fernando Galeote Arribas ",
        "addendumEmail": "ArribasF@moodys.com"
    },
    {
        "sourceSystem": "ACCURATE",
        "orgId": null,
        "ratingActionDesc": "Quebecor Media, Inc.",
        "ratingActionID": "3457841",
        "ratingActionName": "Quebecor Media, Inc.",
        "ratingCommitteeDate": "2020-09-24 00:00:00.0",
        "ratingOffice": "71",
        "ratingReleaseDate": "2020-09-24 16:58:42.0",
        "releaseDate": "2020-09-24 16:58:50.186",
        "lobname": "CFG",
        "sublobname": "CFG Regional",
        "region": "U.S.A. & Canada",
        "leadAnalystID": "6955",
        "leadAnalystName": "Peter Adu",
        "leadAnalystUniqueId": "adup",
        "analystEmail": "Peter.Adu@moodys.com",
        "analystLocation": "Toronto - 70 York Street",
        "approverID": "29000376",
        "approverName": "Peter Adu",
        "officeName": "Moody's Canada Inc.",
        "documentExceptionListingInd": "",
        "announcementInd": "",
        "automaticRating": "No",
        "definitiveRatingPrevProvisional": "No",
        "indicativeRatingInd": "N",
        "definitiveRatingInd": null,
        "linkedAnotherActionInd": "No",
        "privateRatingActionInd": "N",
        "provisionalRatingInd": "N",
        "secondaryactionind": "No",
        "subsequentRatingInd": "N",
        "contactPersonId": null,
        "complianceType": "CAMS",
        "complianceID": "104299",
        "ratingShellId": null,
        "ratingShellDS": null,
        "workItemStatus": null,
        "workItemType": null,
        "workItemSubType": null,
        "workItemReleaseDtm": null,
        "pressReleaseId": null,
        "securityClassNm": null,
        "shadowCd": null,
        "pressReleaseType": null,
        "pyrRatingType": null,
        "pacrEmail": "Donald.Carter@moodys.com",
        "pacr": "Don Carter",
        "chairEmail": "Donald.Carter@moodys.com",
        "chair": "Don Carter",
        "addendum": "Rohan Bhargava ",
        "addendumEmail": "BhargavR@moodys.com"
    },
    {
        "sourceSystem": "ACCURATE",
        "orgId": null,
        "ratingActionDesc": "QualityTech, L.P.",
        "ratingActionID": "3457921",
        "ratingActionName": "QualityTech, L.P.",
        "ratingCommitteeDate": null,
        "ratingOffice": "51",
        "ratingReleaseDate": "2020-09-23 11:32:30.0",
        "releaseDate": "2020-09-23 11:32:37.47",
        "lobname": "CFG",
        "sublobname": "CFG_NY-3",
        "region": "U.S.A. & Canada",
        "leadAnalystID": "2074",
        "leadAnalystName": "Thuy Nguyen",
        "leadAnalystUniqueId": "nguyent",
        "analystEmail": "Thuy.Nguyen@moodys.com",
        "analystLocation": "New York - 7 World Trade Center",
        "approverID": null,
        "approverName": " ",
        "officeName": "Moody's Investors Service, Inc.",
        "documentExceptionListingInd": "Y",
        "announcementInd": "",
        "automaticRating": "Yes",
        "definitiveRatingPrevProvisional": "No",
        "indicativeRatingInd": "N",
        "definitiveRatingInd": null,
        "linkedAnotherActionInd": "No",
        "privateRatingActionInd": "N",
        "provisionalRatingInd": "N",
        "secondaryactionind": "No",
        "subsequentRatingInd": "Y",
        "contactPersonId": null,
        "complianceType": "CAMS",
        "complianceID": "",
        "ratingShellId": null,
        "ratingShellDS": null,
        "workItemStatus": null,
        "workItemType": null,
        "workItemSubType": null,
        "workItemReleaseDtm": null,
        "pressReleaseId": null,
        "securityClassNm": null,
        "shadowCd": null,
        "pressReleaseType": null,
        "pyrRatingType": null,
        "pacrEmail": null,
        "pacr": null,
        "chairEmail": null,
        "chair": null,
        "addendum": null,
        "addendumEmail": null
    },
    {
        "sourceSystem": "ACCURATE",
        "orgId": null,
        "ratingActionDesc": "Automotores Gildemeister S.A.",
        "ratingActionID": "3458014",
        "ratingActionName": "Automotores Gildemeister S.A.",
        "ratingCommitteeDate": "2020-09-23 00:00:00.0",
        "ratingOffice": "51",
        "ratingReleaseDate": "2020-09-24 13:06:12.0",
        "releaseDate": "2020-09-24 13:06:17.8",
        "lobname": "CFG",
        "sublobname": "CFG Regional",
        "region": "U.S.A. & Canada",
        "leadAnalystID": "7181",
        "leadAnalystName": "Maria Gallardo Barreyro",
        "leadAnalystUniqueId": "barreyrm",
        "analystEmail": "Martina.GallardoBarreyro@moodys.com",
        "analystLocation": "Buenos Aires - Ing. Butty 240",
        "approverID": "29019413",
        "approverName": "Maria Gallardo Barreyro",
        "officeName": "Moody's Investors Service, Inc.",
        "documentExceptionListingInd": "",
        "announcementInd": "",
        "automaticRating": "No",
        "definitiveRatingPrevProvisional": "No",
        "indicativeRatingInd": "N",
        "definitiveRatingInd": null,
        "linkedAnotherActionInd": "No",
        "privateRatingActionInd": "N",
        "provisionalRatingInd": "N",
        "secondaryactionind": "No",
        "subsequentRatingInd": "N",
        "contactPersonId": null,
        "complianceType": "CAMS",
        "complianceID": "104215",
        "ratingShellId": null,
        "ratingShellDS": null,
        "workItemStatus": null,
        "workItemType": null,
        "workItemSubType": null,
        "workItemReleaseDtm": null,
        "pressReleaseId": null,
        "securityClassNm": null,
        "shadowCd": null,
        "pressReleaseType": null,
        "pyrRatingType": null,
        "pacrEmail": "Marianna.Waltz@moodys.com",
        "pacr": "Marianna Waltz",
        "chairEmail": "Marianna.Waltz@moodys.com",
        "chair": "Marianna Waltz",
        "addendum": "Jose Molino ",
        "addendumEmail": "MolinoJ@moodys.com"
    },
    {
        "sourceSystem": "ACCURATE",
        "orgId": null,
        "ratingActionDesc": "Eika Boligkreditt AS - Mortgage Covered Bonds",
        "ratingActionID": "3458018",
        "ratingActionName": "Eika Boligkreditt AS - Mortgage Covered Bonds",
        "ratingCommitteeDate": null,
        "ratingOffice": "52",
        "ratingReleaseDate": "2020-09-23 08:32:04.0",
        "releaseDate": "2020-09-23 08:32:28.63",
        "lobname": "SFG",
        "sublobname": "NR-Covered Bonds",
        "region": "Europe",
        "leadAnalystID": "2341",
        "leadAnalystName": "Martin Rast",
        "leadAnalystUniqueId": "rastm",
        "analystEmail": "Martin.Rast@moodys.com",
        "analystLocation": "London - One Canada Square",
        "approverID": null,
        "approverName": " ",
        "officeName": "Moody's Investors Service Ltd.",
        "documentExceptionListingInd": "Y",
        "announcementInd": "",
        "automaticRating": "No",
        "definitiveRatingPrevProvisional": "No",
        "indicativeRatingInd": "N",
        "definitiveRatingInd": null,
        "linkedAnotherActionInd": "No",
        "privateRatingActionInd": "N",
        "provisionalRatingInd": "N",
        "secondaryactionind": "No",
        "subsequentRatingInd": "Y",
        "contactPersonId": null,
        "complianceType": "CAMS",
        "complianceID": "",
        "ratingShellId": null,
        "ratingShellDS": null,
        "workItemStatus": null,
        "workItemType": null,
        "workItemSubType": null,
        "workItemReleaseDtm": null,
        "pressReleaseId": null,
        "securityClassNm": null,
        "shadowCd": null,
        "pressReleaseType": null,
        "pyrRatingType": null,
        "pacrEmail": null,
        "pacr": null,
        "chairEmail": null,
        "chair": null,
        "addendum": null,
        "addendumEmail": null
    },
    {
        "sourceSystem": "ACCURATE",
        "orgId": null,
        "ratingActionDesc": "Gibson Energy Inc.",
        "ratingActionID": "3458021",
        "ratingActionName": "Gibson Energy Inc.",
        "ratingCommitteeDate": "2020-09-23 00:00:00.0",
        "ratingOffice": "71",
        "ratingReleaseDate": "2020-09-24 17:23:15.0",
        "releaseDate": "2020-09-24 17:23:24.396",
        "lobname": "CFG",
        "sublobname": "CFG Regional",
        "region": "U.S.A. & Canada",
        "leadAnalystID": "7167",
        "leadAnalystName": "Paresh Chari",
        "leadAnalystUniqueId": "charip",
        "analystEmail": "Paresh.Chari@moodys.com",
        "analystLocation": "Toronto - 70 York Street",
        "approverID": "29011922",
        "approverName": "Paresh Chari",
        "officeName": "Moody's Canada Inc.",
        "documentExceptionListingInd": "",
        "announcementInd": "",
        "automaticRating": "No",
        "definitiveRatingPrevProvisional": "No",
        "indicativeRatingInd": "N",
        "definitiveRatingInd": null,
        "linkedAnotherActionInd": "No",
        "privateRatingActionInd": "N",
        "provisionalRatingInd": "N",
        "secondaryactionind": "No",
        "subsequentRatingInd": "N",
        "contactPersonId": null,
        "complianceType": "CAMS",
        "complianceID": "104519",
        "ratingShellId": null,
        "ratingShellDS": null,
        "workItemStatus": null,
        "workItemType": null,
        "workItemSubType": null,
        "workItemReleaseDtm": null,
        "pressReleaseId": null,
        "securityClassNm": null,
        "shadowCd": null,
        "pressReleaseType": null,
        "pyrRatingType": null,
        "pacrEmail": "Donald.Carter@moodys.com",
        "pacr": "Don Carter",
        "chairEmail": "Donald.Carter@moodys.com",
        "chair": "Don Carter",
        "addendum": "Sumaiya Ahsin ",
        "addendumEmail": "AhsinS@moodys.com"
    },
    {
        "sourceSystem": "ACCURATE",
        "orgId": null,
        "ratingActionDesc": "Exantas Capital Corp 2020-RSO9, Ltd",
        "ratingActionID": "3458031",
        "ratingActionName": "Exantas Capital Corp 2020-RSO9, Ltd",
        "ratingCommitteeDate": null,
        "ratingOffice": "51",
        "ratingReleaseDate": "2020-09-23 14:58:00.0",
        "releaseDate": "2020-09-23 14:58:17.916",
        "lobname": "SFG",
        "sublobname": "Surv-CRE-CMBS",
        "region": "U.S.A. & Canada",
        "leadAnalystID": "30863",
        "leadAnalystName": "David Kim",
        "leadAnalystUniqueId": "kimd1",
        "analystEmail": "David.Kim@moodys.com",
        "analystLocation": "New York - 7 World Trade Center",
        "approverID": null,
        "approverName": " ",
        "officeName": "Moody's Investors Service, Inc.",
        "documentExceptionListingInd": "",
        "announcementInd": "",
        "automaticRating": "Yes",
        "definitiveRatingPrevProvisional": "No",
        "indicativeRatingInd": "N",
        "definitiveRatingInd": null,
        "linkedAnotherActionInd": "No",
        "privateRatingActionInd": "N",
        "provisionalRatingInd": "N",
        "secondaryactionind": "No",
        "subsequentRatingInd": "N",
        "contactPersonId": null,
        "complianceType": "CAMS",
        "complianceID": "",
        "ratingShellId": null,
        "ratingShellDS": null,
        "workItemStatus": null,
        "workItemType": null,
        "workItemSubType": null,
        "workItemReleaseDtm": null,
        "pressReleaseId": null,
        "securityClassNm": null,
        "shadowCd": null,
        "pressReleaseType": null,
        "pyrRatingType": null,
        "pacrEmail": null,
        "pacr": null,
        "chairEmail": null,
        "chair": null,
        "addendum": null,
        "addendumEmail": null
    },
    {
        "sourceSystem": "ACCURATE",
        "orgId": null,
        "ratingActionDesc": "Moda Ingleside Energy Center, LLC",
        "ratingActionID": "3458099",
        "ratingActionName": "Moda Ingleside Energy Center, LLC",
        "ratingCommitteeDate": "2020-09-24 00:00:00.0",
        "ratingOffice": "51",
        "ratingReleaseDate": "2020-09-24 17:31:06.0",
        "releaseDate": "2020-09-24 17:31:12.903",
        "lobname": "CFG",
        "sublobname": "CFG_NY-2",
        "region": "U.S.A. & Canada",
        "leadAnalystID": "6533",
        "leadAnalystName": "Arvinder Saluja",
        "leadAnalystUniqueId": "salujaa",
        "analystEmail": "Arvinder.Saluja@moodys.com",
        "analystLocation": "New York - 7 World Trade Center",
        "approverID": "29001610",
        "approverName": "Arvinder Saluja",
        "officeName": "Moody's Investors Service, Inc.",
        "documentExceptionListingInd": "",
        "announcementInd": "",
        "automaticRating": "No",
        "definitiveRatingPrevProvisional": "No",
        "indicativeRatingInd": "N",
        "definitiveRatingInd": null,
        "linkedAnotherActionInd": "No",
        "privateRatingActionInd": "N",
        "provisionalRatingInd": "N",
        "secondaryactionind": "No",
        "subsequentRatingInd": "N",
        "contactPersonId": null,
        "complianceType": "CAMS",
        "complianceID": "104623",
        "ratingShellId": null,
        "ratingShellDS": null,
        "workItemStatus": null,
        "workItemType": null,
        "workItemSubType": null,
        "workItemReleaseDtm": null,
        "pressReleaseId": null,
        "securityClassNm": null,
        "shadowCd": null,
        "pressReleaseType": null,
        "pyrRatingType": null,
        "pacrEmail": "Steven.Wood@moodys.com",
        "pacr": "Steve Wood",
        "chairEmail": "Elena.Nadtotchi@moodys.com",
        "chair": "Elena Nadtotchi",
        "addendum": "Winnie Chu ",
        "addendumEmail": "ChuW@moodys.com"
    },
    {
        "sourceSystem": "ACCURATE",
        "orgId": null,
        "ratingActionDesc": "Lakeland Tours, LLC",
        "ratingActionID": "3458185",
        "ratingActionName": "Lakeland Tours, LLC",
        "ratingCommitteeDate": "2020-09-23 00:00:00.0",
        "ratingOffice": "51",
        "ratingReleaseDate": "2020-09-24 18:49:29.0",
        "releaseDate": "2020-09-24 18:49:55.56",
        "lobname": "CFG",
        "sublobname": "CFG_NY-4",
        "region": "U.S.A. & Canada",
        "leadAnalystID": "31381",
        "leadAnalystName": "Farah Zakir",
        "leadAnalystUniqueId": "zakirf",
        "analystEmail": "Farah.Zakir@moodys.com",
        "analystLocation": "New York - 7 World Trade Center",
        "approverID": "29046693",
        "approverName": "Farah Zakir",
        "officeName": "Moody's Investors Service, Inc.",
        "documentExceptionListingInd": "",
        "announcementInd": "",
        "automaticRating": "No",
        "definitiveRatingPrevProvisional": "No",
        "indicativeRatingInd": "N",
        "definitiveRatingInd": null,
        "linkedAnotherActionInd": "No",
        "privateRatingActionInd": "N",
        "provisionalRatingInd": "N",
        "secondaryactionind": "No",
        "subsequentRatingInd": "N",
        "contactPersonId": null,
        "complianceType": "CAMS",
        "complianceID": "104741",
        "ratingShellId": null,
        "ratingShellDS": null,
        "workItemStatus": null,
        "workItemType": null,
        "workItemSubType": null,
        "workItemReleaseDtm": null,
        "pressReleaseId": null,
        "securityClassNm": null,
        "shadowCd": null,
        "pressReleaseType": null,
        "pyrRatingType": null,
        "pacrEmail": "Karen.Nickerson@moodys.com",
        "pacr": "Karen Nickerson",
        "chairEmail": "Karen.Nickerson@moodys.com",
        "chair": "Karen Nickerson",
        "addendum": "Michael Cherry ",
        "addendumEmail": "CherryM@moodys.com"
    },
    {
        "sourceSystem": "ACCURATE",
        "orgId": null,
        "ratingActionDesc": "Spirit Aerosystems, Inc.",
        "ratingActionID": "3458198",
        "ratingActionName": "Spirit Aerosystems, Inc.",
        "ratingCommitteeDate": "2020-09-24 00:00:00.0",
        "ratingOffice": "51",
        "ratingReleaseDate": "2020-09-24 15:37:17.0",
        "releaseDate": "2020-09-24 15:37:28.003",
        "lobname": "CFG",
        "sublobname": "CFG_NY-1",
        "region": "U.S.A. & Canada",
        "leadAnalystID": "7169",
        "leadAnalystName": "Eoin Roche",
        "leadAnalystUniqueId": "rochee",
        "analystEmail": "Eoin.Roche@moodys.com",
        "analystLocation": "New York - 7 World Trade Center",
        "approverID": "29019288",
        "approverName": "Eoin Roche",
        "officeName": "Moody's Investors Service, Inc.",
        "documentExceptionListingInd": "",
        "announcementInd": "",
        "automaticRating": "No",
        "definitiveRatingPrevProvisional": "No",
        "indicativeRatingInd": "N",
        "definitiveRatingInd": null,
        "linkedAnotherActionInd": "No",
        "privateRatingActionInd": "N",
        "provisionalRatingInd": "N",
        "secondaryactionind": "No",
        "subsequentRatingInd": "N",
        "contactPersonId": null,
        "complianceType": "CAMS",
        "complianceID": "104618",
        "ratingShellId": null,
        "ratingShellDS": null,
        "workItemStatus": null,
        "workItemType": null,
        "workItemSubType": null,
        "workItemReleaseDtm": null,
        "pressReleaseId": null,
        "securityClassNm": null,
        "shadowCd": null,
        "pressReleaseType": null,
        "pyrRatingType": null,
        "pacrEmail": "Russell.Solomon@moodys.com",
        "pacr": "Russell Solomon",
        "chairEmail": "Russell.Solomon@moodys.com",
        "chair": "Russell Solomon",
        "addendum": "Sabrina Liebert ",
        "addendumEmail": "LiebertS@moodys.com"
    },
    {
        "sourceSystem": "ACCURATE",
        "orgId": null,
        "ratingActionDesc": "Dell Equipment Finance Trust 2020-2",
        "ratingActionID": "3458245",
        "ratingActionName": "Dell Equipment Finance Trust 2020-2",
        "ratingCommitteeDate": null,
        "ratingOffice": "51",
        "ratingReleaseDate": "2020-09-23 18:49:54.0",
        "releaseDate": "2020-09-23 18:50:13.06",
        "lobname": "SFG",
        "sublobname": "NR-COR-ABS",
        "region": "U.S.A. & Canada",
        "leadAnalystID": "7722",
        "leadAnalystName": "Gideon Lubin",
        "leadAnalystUniqueId": "lubing",
        "analystEmail": "Gideon.Lubin@moodys.com",
        "analystLocation": "New York - 7 World Trade Center",
        "approverID": null,
        "approverName": " ",
        "officeName": "Moody's Investors Service, Inc.",
        "documentExceptionListingInd": "",
        "announcementInd": "",
        "automaticRating": "Yes",
        "definitiveRatingPrevProvisional": "No",
        "indicativeRatingInd": "N",
        "definitiveRatingInd": null,
        "linkedAnotherActionInd": "No",
        "privateRatingActionInd": "N",
        "provisionalRatingInd": "N",
        "secondaryactionind": "No",
        "subsequentRatingInd": "Y",
        "contactPersonId": null,
        "complianceType": "CAMS",
        "complianceID": "",
        "ratingShellId": null,
        "ratingShellDS": null,
        "workItemStatus": null,
        "workItemType": null,
        "workItemSubType": null,
        "workItemReleaseDtm": null,
        "pressReleaseId": null,
        "securityClassNm": null,
        "shadowCd": null,
        "pressReleaseType": null,
        "pyrRatingType": null,
        "pacrEmail": null,
        "pacr": null,
        "chairEmail": null,
        "chair": null,
        "addendum": null,
        "addendumEmail": null
    },
    {
        "sourceSystem": "ACCURATE",
        "orgId": null,
        "ratingActionDesc": "CBAM 2017-4 (Secured Note) LLC",
        "ratingActionID": "3458260",
        "ratingActionName": "CBAM 2017-4 (Secured Note) LLC",
        "ratingCommitteeDate": "2020-09-18 00:00:00.0",
        "ratingOffice": "51",
        "ratingReleaseDate": "2020-09-23 19:13:56.0",
        "releaseDate": "2020-09-23 19:14:03.75",
        "lobname": "SFG",
        "sublobname": "Surv-COR-SC",
        "region": "U.S.A. & Canada",
        "leadAnalystID": "7724",
        "leadAnalystName": "Sam Spackman",
        "leadAnalystUniqueId": "spackmas",
        "analystEmail": "Sam.Spackman@moodys.com",
        "analystLocation": "New York - 7 World Trade Center",
        "approverID": null,
        "approverName": " ",
        "officeName": "Moody's Investors Service, Inc.",
        "documentExceptionListingInd": "",
        "announcementInd": "",
        "automaticRating": "No",
        "definitiveRatingPrevProvisional": "No",
        "indicativeRatingInd": "N",
        "definitiveRatingInd": null,
        "linkedAnotherActionInd": "No",
        "privateRatingActionInd": "N",
        "provisionalRatingInd": "N",
        "secondaryactionind": "No",
        "subsequentRatingInd": "N",
        "contactPersonId": null,
        "complianceType": "CAMS",
        "complianceID": "104630",
        "ratingShellId": null,
        "ratingShellDS": null,
        "workItemStatus": null,
        "workItemType": null,
        "workItemSubType": null,
        "workItemReleaseDtm": null,
        "pressReleaseId": null,
        "securityClassNm": null,
        "shadowCd": null,
        "pressReleaseType": null,
        "pyrRatingType": null,
        "pacrEmail": null,
        "pacr": null,
        "chairEmail": null,
        "chair": null,
        "addendum": "Sam Spackman ",
        "addendumEmail": "SpackmaS@moodys.com"
    },
    {
        "sourceSystem": "ACCURATE",
        "orgId": null,
        "ratingActionDesc": "BX Commercial Mortgage Trust 2020-VIV3",
        "ratingActionID": "3458284",
        "ratingActionName": "BX Commercial Mortgage Trust 2020-VIV3",
        "ratingCommitteeDate": null,
        "ratingOffice": "51",
        "ratingReleaseDate": "2020-09-24 15:49:31.0",
        "releaseDate": "2020-09-24 15:49:47.503",
        "lobname": "SFG",
        "sublobname": "NR-COR-CMBS",
        "region": "U.S.A. & Canada",
        "leadAnalystID": "7574",
        "leadAnalystName": "Joseph Podvarney",
        "leadAnalystUniqueId": "podvarnj",
        "analystEmail": "Joseph.Podvarney@moodys.com",
        "analystLocation": "New York - 7 World Trade Center",
        "approverID": null,
        "approverName": " ",
        "officeName": "Moody's Investors Service, Inc.",
        "documentExceptionListingInd": "",
        "announcementInd": "",
        "automaticRating": "Yes",
        "definitiveRatingPrevProvisional": "No",
        "indicativeRatingInd": "N",
        "definitiveRatingInd": null,
        "linkedAnotherActionInd": "No",
        "privateRatingActionInd": "N",
        "provisionalRatingInd": "N",
        "secondaryactionind": "No",
        "subsequentRatingInd": "Y",
        "contactPersonId": null,
        "complianceType": "CAMS",
        "complianceID": "",
        "ratingShellId": null,
        "ratingShellDS": null,
        "workItemStatus": null,
        "workItemType": null,
        "workItemSubType": null,
        "workItemReleaseDtm": null,
        "pressReleaseId": null,
        "securityClassNm": null,
        "shadowCd": null,
        "pressReleaseType": null,
        "pyrRatingType": null,
        "pacrEmail": null,
        "pacr": null,
        "chairEmail": null,
        "chair": null,
        "addendum": null,
        "addendumEmail": null
    },
    {
        "sourceSystem": "ACCURATE",
        "orgId": null,
        "ratingActionDesc": "Dycom Industries, Inc.",
        "ratingActionID": "3458286",
        "ratingActionName": "Dycom Industries, Inc.",
        "ratingCommitteeDate": "2020-09-24 00:00:00.0",
        "ratingOffice": "51",
        "ratingReleaseDate": "2020-09-25 11:47:21.0",
        "releaseDate": "2020-09-25 11:47:27.05",
        "lobname": "CFG",
        "sublobname": "CFG_NY-2",
        "region": "U.S.A. & Canada",
        "leadAnalystID": "6905",
        "leadAnalystName": "Michael Corelli",
        "leadAnalystUniqueId": "corellim",
        "analystEmail": "Michael.Corelli@moodys.com",
        "analystLocation": "New York - 7 World Trade Center",
        "approverID": "29015393",
        "approverName": "Michael Corelli",
        "officeName": "Moody's Investors Service, Inc.",
        "documentExceptionListingInd": "",
        "announcementInd": "",
        "automaticRating": "No",
        "definitiveRatingPrevProvisional": "No",
        "indicativeRatingInd": "N",
        "definitiveRatingInd": null,
        "linkedAnotherActionInd": "No",
        "privateRatingActionInd": "N",
        "provisionalRatingInd": "N",
        "secondaryactionind": "No",
        "subsequentRatingInd": "N",
        "contactPersonId": null,
        "complianceType": "CAMS",
        "complianceID": "104824",
        "ratingShellId": null,
        "ratingShellDS": null,
        "workItemStatus": null,
        "workItemType": null,
        "workItemSubType": null,
        "workItemReleaseDtm": null,
        "pressReleaseId": null,
        "securityClassNm": null,
        "shadowCd": null,
        "pressReleaseType": null,
        "pyrRatingType": null,
        "pacrEmail": "Glenn.Eckert@moodys.com",
        "pacr": "Glenn Eckert",
        "chairEmail": "Glenn.Eckert@moodys.com",
        "chair": "Glenn Eckert",
        "addendum": "Joe Tringali ",
        "addendumEmail": "TringaJ@moodys.com"
    },
    {
        "sourceSystem": "ACCURATE",
        "orgId": null,
        "ratingActionDesc": "Allen Media, LLC",
        "ratingActionID": "3458319",
        "ratingActionName": "Allen Media, LLC",
        "ratingCommitteeDate": "2020-09-23 00:00:00.0",
        "ratingOffice": "51",
        "ratingReleaseDate": "2020-09-23 22:52:33.0",
        "releaseDate": "2020-09-23 22:52:41.36",
        "lobname": "CFG",
        "sublobname": "CFG_NY-4",
        "region": "U.S.A. & Canada",
        "leadAnalystID": "2600",
        "leadAnalystName": "Jason Cuomo",
        "leadAnalystUniqueId": "cuomoj",
        "analystEmail": "Jason.Cuomo@moodys.com",
        "analystLocation": "New York - 7 World Trade Center",
        "approverID": "29004064",
        "approverName": "Jason Cuomo",
        "officeName": "Moody's Investors Service, Inc.",
        "documentExceptionListingInd": "",
        "announcementInd": "",
        "automaticRating": "No",
        "definitiveRatingPrevProvisional": "No",
        "indicativeRatingInd": "N",
        "definitiveRatingInd": null,
        "linkedAnotherActionInd": "No",
        "privateRatingActionInd": "N",
        "provisionalRatingInd": "N",
        "secondaryactionind": "No",
        "subsequentRatingInd": "N",
        "contactPersonId": null,
        "complianceType": "CAMS",
        "complianceID": "104023",
        "ratingShellId": null,
        "ratingShellDS": null,
        "workItemStatus": null,
        "workItemType": null,
        "workItemSubType": null,
        "workItemReleaseDtm": null,
        "pressReleaseId": null,
        "securityClassNm": null,
        "shadowCd": null,
        "pressReleaseType": null,
        "pyrRatingType": null,
        "pacrEmail": "Lenny.Ajzenman@moodys.com",
        "pacr": "Lenny Ajzenman",
        "chairEmail": "Lenny.Ajzenman@moodys.com",
        "chair": "Lenny Ajzenman",
        "addendum": "Lidia Motorozesku ",
        "addendumEmail": "MotorozL@moodys.com"
    },
    {
        "sourceSystem": "ACCURATE",
        "orgId": null,
        "ratingActionDesc": "CEC Entertainment, Inc. (DIP)",
        "ratingActionID": "3458327",
        "ratingActionName": "CEC Entertainment, Inc. (DIP)",
        "ratingCommitteeDate": null,
        "ratingOffice": "51",
        "ratingReleaseDate": "2020-09-24 15:27:11.0",
        "releaseDate": "2020-09-24 15:27:18.533",
        "lobname": "CFG",
        "sublobname": "CFG_NY-3",
        "region": "U.S.A. & Canada",
        "leadAnalystID": "1234",
        "leadAnalystName": "William Fahy",
        "leadAnalystUniqueId": "fahyw",
        "analystEmail": "William.Fahy@moodys.com",
        "analystLocation": "New York - 7 World Trade Center",
        "approverID": "26000211",
        "approverName": "William Fahy",
        "officeName": "Moody's Investors Service, Inc.",
        "documentExceptionListingInd": "",
        "announcementInd": "",
        "automaticRating": "Yes",
        "definitiveRatingPrevProvisional": "No",
        "indicativeRatingInd": "Y",
        "definitiveRatingInd": null,
        "linkedAnotherActionInd": "No",
        "privateRatingActionInd": "Y",
        "provisionalRatingInd": "N",
        "secondaryactionind": "No",
        "subsequentRatingInd": "",
        "contactPersonId": null,
        "complianceType": "CAMS",
        "complianceID": "104746",
        "ratingShellId": null,
        "ratingShellDS": null,
        "workItemStatus": null,
        "workItemType": null,
        "workItemSubType": null,
        "workItemReleaseDtm": null,
        "pressReleaseId": null,
        "securityClassNm": null,
        "shadowCd": null,
        "pressReleaseType": null,
        "pyrRatingType": null,
        "pacrEmail": "Margaret.Taylor@moodys.com",
        "pacr": "Margaret Taylor",
        "chairEmail": "Margaret.Taylor@moodys.com",
        "chair": "Margaret Taylor",
        "addendum": "Jad Boulos ",
        "addendumEmail": "BoulosJ@moodys.com"
    },
    {
        "sourceSystem": "ACCURATE",
        "orgId": null,
        "ratingActionDesc": "Volvo Financial Equipment LLC, Series 2020-1",
        "ratingActionID": "3458331",
        "ratingActionName": "Volvo Financial Equipment LLC, Series 2020-1",
        "ratingCommitteeDate": null,
        "ratingOffice": "51",
        "ratingReleaseDate": "2020-09-23 13:52:55.0",
        "releaseDate": "2020-09-23 13:53:03.333",
        "lobname": "SFG",
        "sublobname": "NR-COR-ABS",
        "region": "U.S.A. & Canada",
        "leadAnalystID": "6238",
        "leadAnalystName": "Arti Mattu",
        "leadAnalystUniqueId": "mattua",
        "analystEmail": "Arti.Mattu@moodys.com",
        "analystLocation": "New York - 7 World Trade Center",
        "approverID": null,
        "approverName": " ",
        "officeName": "Moody's Investors Service, Inc.",
        "documentExceptionListingInd": "",
        "announcementInd": "",
        "automaticRating": "Yes",
        "definitiveRatingPrevProvisional": "No",
        "indicativeRatingInd": "N",
        "definitiveRatingInd": null,
        "linkedAnotherActionInd": "No",
        "privateRatingActionInd": "N",
        "provisionalRatingInd": "N",
        "secondaryactionind": "No",
        "subsequentRatingInd": "Y",
        "contactPersonId": null,
        "complianceType": "CAMS",
        "complianceID": "93215",
        "ratingShellId": null,
        "ratingShellDS": null,
        "workItemStatus": null,
        "workItemType": null,
        "workItemSubType": null,
        "workItemReleaseDtm": null,
        "pressReleaseId": null,
        "securityClassNm": null,
        "shadowCd": null,
        "pressReleaseType": null,
        "pyrRatingType": null,
        "pacrEmail": null,
        "pacr": null,
        "chairEmail": null,
        "chair": null,
        "addendum": null,
        "addendumEmail": null
    },
    {
        "sourceSystem": "ACCURATE",
        "orgId": null,
        "ratingActionDesc": "Panama, Government of",
        "ratingActionID": "3458333",
        "ratingActionName": "Panama, Government of",
        "ratingCommitteeDate": null,
        "ratingOffice": "51",
        "ratingReleaseDate": "2020-09-24 16:02:04.0",
        "releaseDate": "2020-09-24 16:02:11.66",
        "lobname": "SOV",
        "sublobname": "Sovereign",
        "region": "U.S.A. & Canada",
        "leadAnalystID": "7250",
        "leadAnalystName": "Renzo Merino Lozano",
        "leadAnalystUniqueId": "merinor",
        "analystEmail": "Renzo.Merino@moodys.com",
        "analystLocation": "New York - 7 World Trade Center",
        "approverID": null,
        "approverName": " ",
        "officeName": "Moody's Investors Service, Inc.",
        "documentExceptionListingInd": "Y",
        "announcementInd": "",
        "automaticRating": "Yes",
        "definitiveRatingPrevProvisional": "No",
        "indicativeRatingInd": "N",
        "definitiveRatingInd": null,
        "linkedAnotherActionInd": "No",
        "privateRatingActionInd": "N",
        "provisionalRatingInd": "N",
        "secondaryactionind": "No",
        "subsequentRatingInd": "Y",
        "contactPersonId": null,
        "complianceType": "CAMS",
        "complianceID": "",
        "ratingShellId": null,
        "ratingShellDS": null,
        "workItemStatus": null,
        "workItemType": null,
        "workItemSubType": null,
        "workItemReleaseDtm": null,
        "pressReleaseId": null,
        "securityClassNm": null,
        "shadowCd": null,
        "pressReleaseType": null,
        "pyrRatingType": null,
        "pacrEmail": null,
        "pacr": null,
        "chairEmail": null,
        "chair": null,
        "addendum": null,
        "addendumEmail": null
    },
    {
        "sourceSystem": "ACCURATE",
        "orgId": null,
        "ratingActionDesc": "CIG Auto Receivables Trust 2020-1",
        "ratingActionID": "3458339",
        "ratingActionName": "CIG Auto Receivables Trust 2020-1",
        "ratingCommitteeDate": "2020-09-22 00:00:00.0",
        "ratingOffice": "51",
        "ratingReleaseDate": "2020-09-24 14:38:09.0",
        "releaseDate": "2020-09-24 14:38:28.306",
        "lobname": "SFG",
        "sublobname": "NR-COS-ABS",
        "region": "U.S.A. & Canada",
        "leadAnalystID": "31172",
        "leadAnalystName": "Puloma Mukherjee",
        "leadAnalystUniqueId": "mukherpu",
        "analystEmail": "Puloma.Mukherjee@moodys.com",
        "analystLocation": "New York - 7 World Trade Center",
        "approverID": null,
        "approverName": " ",
        "officeName": "Moody's Investors Service, Inc.",
        "documentExceptionListingInd": "",
        "announcementInd": "",
        "automaticRating": "No",
        "definitiveRatingPrevProvisional": "No",
        "indicativeRatingInd": "N",
        "definitiveRatingInd": null,
        "linkedAnotherActionInd": "No",
        "privateRatingActionInd": "N",
        "provisionalRatingInd": "N",
        "secondaryactionind": "No",
        "subsequentRatingInd": "N",
        "contactPersonId": null,
        "complianceType": "CAMS",
        "complianceID": "103280",
        "ratingShellId": null,
        "ratingShellDS": null,
        "workItemStatus": null,
        "workItemType": null,
        "workItemSubType": null,
        "workItemReleaseDtm": null,
        "pressReleaseId": null,
        "securityClassNm": null,
        "shadowCd": null,
        "pressReleaseType": null,
        "pyrRatingType": null,
        "pacrEmail": null,
        "pacr": null,
        "chairEmail": null,
        "chair": null,
        "addendum": "Michael Williams ",
        "addendumEmail": "WilliaM1@moodys.com"
    },
    {
        "sourceSystem": "ACCURATE",
        "orgId": null,
        "ratingActionDesc": "BMO Financial Corp.",
        "ratingActionID": "3458377",
        "ratingActionName": "BMO Financial Corp.",
        "ratingCommitteeDate": "2020-09-23 00:00:00.0",
        "ratingOffice": "71",
        "ratingReleaseDate": "2020-09-24 15:50:35.0",
        "releaseDate": "2020-09-24 15:50:48.636",
        "lobname": "FIG",
        "sublobname": "Banking",
        "region": "U.S.A. & Canada",
        "leadAnalystID": "6721",
        "leadAnalystName": "John Beattie",
        "leadAnalystUniqueId": "beattied",
        "analystEmail": "David.Beattie@moodys.com",
        "analystLocation": "Toronto - 70 York Street",
        "approverID": "29013215",
        "approverName": "John Beattie",
        "officeName": "Moody's Canada Inc.",
        "documentExceptionListingInd": "",
        "announcementInd": "",
        "automaticRating": "No",
        "definitiveRatingPrevProvisional": "No",
        "indicativeRatingInd": "N",
        "definitiveRatingInd": null,
        "linkedAnotherActionInd": "No",
        "privateRatingActionInd": "N",
        "provisionalRatingInd": "N",
        "secondaryactionind": "No",
        "subsequentRatingInd": "N",
        "contactPersonId": null,
        "complianceType": "CAMS",
        "complianceID": "104739",
        "ratingShellId": null,
        "ratingShellDS": null,
        "workItemStatus": null,
        "workItemType": null,
        "workItemSubType": null,
        "workItemReleaseDtm": null,
        "pressReleaseId": null,
        "securityClassNm": null,
        "shadowCd": null,
        "pressReleaseType": null,
        "pyrRatingType": null,
        "pacrEmail": "Celina.Vansetti-Hutchins@moodys.com",
        "pacr": "Celina Vansetti-Hutchins",
        "chairEmail": "Andrea.Usai@moodys.com",
        "chair": "Andrea Usai",
        "addendum": "Rabia Yusufzai ",
        "addendumEmail": "YusufzaR@moodys.com"
    },
    {
        "sourceSystem": "ACCURATE",
        "orgId": null,
        "ratingActionDesc": "Federal Farm Credit Banks",
        "ratingActionID": "3458384",
        "ratingActionName": "Federal Farm Credit Banks",
        "ratingCommitteeDate": null,
        "ratingOffice": "51",
        "ratingReleaseDate": "2020-09-23 10:33:23.0",
        "releaseDate": "2020-09-23 10:34:04.27",
        "lobname": "FIG",
        "sublobname": "Banking",
        "region": "U.S.A. & Canada",
        "leadAnalystID": "1241",
        "leadAnalystName": "Allen Tischler",
        "leadAnalystUniqueId": "tischlea",
        "analystEmail": "Allen.Tischler@moodys.com",
        "analystLocation": "New York - 7 World Trade Center",
        "approverID": null,
        "approverName": " ",
        "officeName": "Moody's Investors Service, Inc.",
        "documentExceptionListingInd": "",
        "announcementInd": "",
        "automaticRating": "No",
        "definitiveRatingPrevProvisional": "No",
        "indicativeRatingInd": "N",
        "definitiveRatingInd": null,
        "linkedAnotherActionInd": "No",
        "privateRatingActionInd": "N",
        "provisionalRatingInd": "N",
        "secondaryactionind": "No",
        "subsequentRatingInd": "Y",
        "contactPersonId": null,
        "complianceType": "CAMS",
        "complianceID": "",
        "ratingShellId": null,
        "ratingShellDS": null,
        "workItemStatus": null,
        "workItemType": null,
        "workItemSubType": null,
        "workItemReleaseDtm": null,
        "pressReleaseId": null,
        "securityClassNm": null,
        "shadowCd": null,
        "pressReleaseType": null,
        "pyrRatingType": null,
        "pacrEmail": null,
        "pacr": null,
        "chairEmail": null,
        "chair": null,
        "addendum": null,
        "addendumEmail": null
    },
    {
        "sourceSystem": "ACCURATE",
        "orgId": null,
        "ratingActionDesc": "Cambium Learning Group, Inc.",
        "ratingActionID": "3458402",
        "ratingActionName": "Cambium Learning Group, Inc.",
        "ratingCommitteeDate": "2020-09-25 00:00:00.0",
        "ratingOffice": "51",
        "ratingReleaseDate": "2020-09-25 16:18:42.0",
        "releaseDate": "2020-09-25 16:18:53.103",
        "lobname": "CFG",
        "sublobname": "CFG_NY-3",
        "region": "U.S.A. & Canada",
        "leadAnalystID": "7907",
        "leadAnalystName": "Joanna O'Brien",
        "leadAnalystUniqueId": "obrienjo",
        "analystEmail": "Joanna.O'Brien@moodys.com",
        "analystLocation": "New York - 7 World Trade Center",
        "approverID": "29031098",
        "approverName": "Joanna O'Brien",
        "officeName": "Moody's Investors Service, Inc.",
        "documentExceptionListingInd": "",
        "announcementInd": "",
        "automaticRating": "No",
        "definitiveRatingPrevProvisional": "No",
        "indicativeRatingInd": "N",
        "definitiveRatingInd": null,
        "linkedAnotherActionInd": "No",
        "privateRatingActionInd": "N",
        "provisionalRatingInd": "N",
        "secondaryactionind": "No",
        "subsequentRatingInd": "N",
        "contactPersonId": null,
        "complianceType": "CAMS",
        "complianceID": "104532",
        "ratingShellId": null,
        "ratingShellDS": null,
        "workItemStatus": null,
        "workItemType": null,
        "workItemSubType": null,
        "workItemReleaseDtm": null,
        "pressReleaseId": null,
        "securityClassNm": null,
        "shadowCd": null,
        "pressReleaseType": null,
        "pyrRatingType": null,
        "pacrEmail": "John.Puchalla@moodys.com",
        "pacr": "John Puchalla",
        "chairEmail": "John.Puchalla@moodys.com",
        "chair": "John Puchalla",
        "addendum": "Stephane Tu ",
        "addendumEmail": "TuS@moodys.com"
    },
    {
        "sourceSystem": "ACCURATE",
        "orgId": null,
        "ratingActionDesc": "Federal Home Loan Banks",
        "ratingActionID": "3458407",
        "ratingActionName": "Federal Home Loan Banks",
        "ratingCommitteeDate": null,
        "ratingOffice": "51",
        "ratingReleaseDate": "2020-09-23 10:55:00.0",
        "releaseDate": "2020-09-23 10:55:34.043",
        "lobname": "FIG",
        "sublobname": "Banking",
        "region": "U.S.A. & Canada",
        "leadAnalystID": "1241",
        "leadAnalystName": "Allen Tischler",
        "leadAnalystUniqueId": "tischlea",
        "analystEmail": "Allen.Tischler@moodys.com",
        "analystLocation": "New York - 7 World Trade Center",
        "approverID": null,
        "approverName": " ",
        "officeName": "Moody's Investors Service, Inc.",
        "documentExceptionListingInd": "",
        "announcementInd": "",
        "automaticRating": "No",
        "definitiveRatingPrevProvisional": "No",
        "indicativeRatingInd": "N",
        "definitiveRatingInd": null,
        "linkedAnotherActionInd": "No",
        "privateRatingActionInd": "N",
        "provisionalRatingInd": "N",
        "secondaryactionind": "No",
        "subsequentRatingInd": "Y",
        "contactPersonId": null,
        "complianceType": "CAMS",
        "complianceID": "",
        "ratingShellId": null,
        "ratingShellDS": null,
        "workItemStatus": null,
        "workItemType": null,
        "workItemSubType": null,
        "workItemReleaseDtm": null,
        "pressReleaseId": null,
        "securityClassNm": null,
        "shadowCd": null,
        "pressReleaseType": null,
        "pyrRatingType": null,
        "pacrEmail": null,
        "pacr": null,
        "chairEmail": null,
        "chair": null,
        "addendum": null,
        "addendumEmail": null
    },
    {
        "sourceSystem": "ACCURATE",
        "orgId": null,
        "ratingActionDesc": "Federal Home Loan Mortgage Corp.",
        "ratingActionID": "3458427",
        "ratingActionName": "Federal Home Loan Mortgage Corp.",
        "ratingCommitteeDate": null,
        "ratingOffice": "51",
        "ratingReleaseDate": "2020-09-23 15:52:18.0",
        "releaseDate": "2020-09-23 15:53:19.29",
        "lobname": "FIG",
        "sublobname": "Banking",
        "region": "U.S.A. & Canada",
        "leadAnalystID": "1600",
        "leadAnalystName": "Warren Kornfeld",
        "leadAnalystUniqueId": "kornfelw",
        "analystEmail": "Warren.Kornfeld@moodys.com",
        "analystLocation": "New York - 7 World Trade Center",
        "approverID": null,
        "approverName": " ",
        "officeName": "Moody's Investors Service, Inc.",
        "documentExceptionListingInd": "",
        "announcementInd": "",
        "automaticRating": "No",
        "definitiveRatingPrevProvisional": "No",
        "indicativeRatingInd": "N",
        "definitiveRatingInd": null,
        "linkedAnotherActionInd": "No",
        "privateRatingActionInd": "N",
        "provisionalRatingInd": "N",
        "secondaryactionind": "No",
        "subsequentRatingInd": "Y",
        "contactPersonId": null,
        "complianceType": "CAMS",
        "complianceID": "",
        "ratingShellId": null,
        "ratingShellDS": null,
        "workItemStatus": null,
        "workItemType": null,
        "workItemSubType": null,
        "workItemReleaseDtm": null,
        "pressReleaseId": null,
        "securityClassNm": null,
        "shadowCd": null,
        "pressReleaseType": null,
        "pyrRatingType": null,
        "pacrEmail": null,
        "pacr": null,
        "chairEmail": null,
        "chair": null,
        "addendum": null,
        "addendumEmail": null
    },
    {
        "sourceSystem": "ACCURATE",
        "orgId": null,
        "ratingActionDesc": "Malayan Banking Berhad",
        "ratingActionID": "3458464",
        "ratingActionName": "Malayan Banking Berhad",
        "ratingCommitteeDate": null,
        "ratingOffice": "81",
        "ratingReleaseDate": "2020-09-25 00:56:51.0",
        "releaseDate": "2020-09-25 00:57:05.766",
        "lobname": "FIG",
        "sublobname": "Banking",
        "region": "Asia Pacific",
        "leadAnalystID": "7148",
        "leadAnalystName": "Alka Anbarasu",
        "leadAnalystUniqueId": "anbarasa",
        "analystEmail": "Alka.Anbarasu@moodys.com",
        "analystLocation": "Singapore - 50 Raffles Place #23-06",
        "approverID": null,
        "approverName": " ",
        "officeName": "Moody's Investors Service Singapore Pte. Ltd.",
        "documentExceptionListingInd": "",
        "announcementInd": "",
        "automaticRating": "No",
        "definitiveRatingPrevProvisional": "No",
        "indicativeRatingInd": "N",
        "definitiveRatingInd": null,
        "linkedAnotherActionInd": "No",
        "privateRatingActionInd": "N",
        "provisionalRatingInd": "N",
        "secondaryactionind": "No",
        "subsequentRatingInd": "Y",
        "contactPersonId": null,
        "complianceType": "CAMS",
        "complianceID": "",
        "ratingShellId": null,
        "ratingShellDS": null,
        "workItemStatus": null,
        "workItemType": null,
        "workItemSubType": null,
        "workItemReleaseDtm": null,
        "pressReleaseId": null,
        "securityClassNm": null,
        "shadowCd": null,
        "pressReleaseType": null,
        "pyrRatingType": null,
        "pacrEmail": null,
        "pacr": null,
        "chairEmail": null,
        "chair": null,
        "addendum": null,
        "addendumEmail": null
    },
    {
        "sourceSystem": "ACCURATE",
        "orgId": null,
        "ratingActionDesc": "Moody's downgrades China Communications Construction Co to Baa1; revises outlook to stable",
        "ratingActionID": "3458468",
        "ratingActionName": "Moody's downgrades China Communications Construction Co to Baa1; revises outlook to stable",
        "ratingCommitteeDate": null,
        "ratingOffice": "72",
        "ratingReleaseDate": "2020-09-23 02:48:01.873",
        "releaseDate": "2020-09-23 02:48:01.93",
        "lobname": "CFG",
        "sublobname": "CFG Regional",
        "region": null,
        "leadAnalystID": "7035",
        "leadAnalystName": "Chenyi Lu",
        "leadAnalystUniqueId": "luchen",
        "analystEmail": "Chenyi.Lu@moodys.com",
        "analystLocation": "Hong Kong - One Pacific Place",
        "approverID": null,
        "approverName": " ",
        "officeName": "Moody's Investors Service Hong Kong Ltd.",
        "documentExceptionListingInd": "Y",
        "announcementInd": "Y",
        "automaticRating": "Yes",
        "definitiveRatingPrevProvisional": "No",
        "indicativeRatingInd": "N",
        "definitiveRatingInd": null,
        "linkedAnotherActionInd": "No",
        "privateRatingActionInd": "",
        "provisionalRatingInd": "N",
        "secondaryactionind": "No",
        "subsequentRatingInd": "",
        "contactPersonId": null,
        "complianceType": "CAMS",
        "complianceID": "",
        "ratingShellId": null,
        "ratingShellDS": null,
        "workItemStatus": null,
        "workItemType": null,
        "workItemSubType": null,
        "workItemReleaseDtm": null,
        "pressReleaseId": null,
        "securityClassNm": null,
        "shadowCd": null,
        "pressReleaseType": null,
        "pyrRatingType": null,
        "pacrEmail": null,
        "pacr": null,
        "chairEmail": null,
        "chair": null,
        "addendum": null,
        "addendumEmail": null
    },
    {
        "sourceSystem": "ACCURATE",
        "orgId": null,
        "ratingActionDesc": "CFLD (Cayman) Investment Ltd.",
        "ratingActionID": "3458477",
        "ratingActionName": "CFLD (Cayman) Investment Ltd.",
        "ratingCommitteeDate": null,
        "ratingOffice": "72",
        "ratingReleaseDate": "2020-09-23 03:37:19.0",
        "releaseDate": "2020-09-23 03:37:35.256",
        "lobname": "CFG",
        "sublobname": "CFG Regional",
        "region": null,
        "leadAnalystID": "7670",
        "leadAnalystName": "Ching Leong Chan",
        "leadAnalystUniqueId": "chandan",
        "analystEmail": "Danny.Chan@moodys.com",
        "analystLocation": "Hong Kong - One Pacific Place",
        "approverID": null,
        "approverName": " ",
        "officeName": "Moody's Investors Service Hong Kong Ltd.",
        "documentExceptionListingInd": "Y",
        "announcementInd": "",
        "automaticRating": "Yes",
        "definitiveRatingPrevProvisional": "No",
        "indicativeRatingInd": "N",
        "definitiveRatingInd": null,
        "linkedAnotherActionInd": "No",
        "privateRatingActionInd": "N",
        "provisionalRatingInd": "N",
        "secondaryactionind": "No",
        "subsequentRatingInd": "Y",
        "contactPersonId": null,
        "complianceType": "CAMS",
        "complianceID": "",
        "ratingShellId": null,
        "ratingShellDS": null,
        "workItemStatus": null,
        "workItemType": null,
        "workItemSubType": null,
        "workItemReleaseDtm": null,
        "pressReleaseId": null,
        "securityClassNm": null,
        "shadowCd": null,
        "pressReleaseType": null,
        "pyrRatingType": null,
        "pacrEmail": null,
        "pacr": null,
        "chairEmail": null,
        "chair": null,
        "addendum": null,
        "addendumEmail": null
    },
    {
        "sourceSystem": "ACCURATE",
        "orgId": null,
        "ratingActionDesc": "Mizuho Securities USA LLC (Sep 24 PR)",
        "ratingActionID": "3458485",
        "ratingActionName": "Mizuho Securities USA LLC (Sep 24 PR)",
        "ratingCommitteeDate": null,
        "ratingOffice": "73",
        "ratingReleaseDate": "2020-09-24 03:11:02.88",
        "releaseDate": "2020-09-24 03:11:02.916",
        "lobname": "FIG",
        "sublobname": "Banking",
        "region": "Asia Pacific",
        "leadAnalystID": "6275",
        "leadAnalystName": "Tetsuya Yamamoto",
        "leadAnalystUniqueId": "yamamott",
        "analystEmail": "Tetsuya.Yamamoto@moodys.com",
        "analystLocation": "Tokyo - Atago Green Hills Mori Tower 20fl",
        "approverID": null,
        "approverName": " ",
        "officeName": "Moody's Japan K.K.",
        "documentExceptionListingInd": "Y",
        "announcementInd": "",
        "automaticRating": "Yes",
        "definitiveRatingPrevProvisional": "No",
        "indicativeRatingInd": "N",
        "definitiveRatingInd": null,
        "linkedAnotherActionInd": "No",
        "privateRatingActionInd": "N",
        "provisionalRatingInd": "N",
        "secondaryactionind": "No",
        "subsequentRatingInd": "Y",
        "contactPersonId": null,
        "complianceType": "CAMS",
        "complianceID": "",
        "ratingShellId": null,
        "ratingShellDS": null,
        "workItemStatus": null,
        "workItemType": null,
        "workItemSubType": null,
        "workItemReleaseDtm": null,
        "pressReleaseId": null,
        "securityClassNm": null,
        "shadowCd": null,
        "pressReleaseType": null,
        "pyrRatingType": null,
        "pacrEmail": null,
        "pacr": null,
        "chairEmail": null,
        "chair": null,
        "addendum": null,
        "addendumEmail": null
    },
    {
        "sourceSystem": "ACCURATE",
        "orgId": null,
        "ratingActionDesc": "Mitsubishi UFJ Lease & Finance Co., Ltd.",
        "ratingActionID": "3458665",
        "ratingActionName": "Mitsubishi UFJ Lease & Finance Co., Ltd.",
        "ratingCommitteeDate": "2020-09-23 00:00:00.0",
        "ratingOffice": "73",
        "ratingReleaseDate": "2020-09-24 05:42:48.0",
        "releaseDate": "2020-09-24 05:43:02.27",
        "lobname": "FIG",
        "sublobname": "Banking",
        "region": "Asia Pacific",
        "leadAnalystID": "7304",
        "leadAnalystName": "Shunsaku Sato",
        "leadAnalystUniqueId": "satos",
        "analystEmail": "Shunsaku.Sato@moodys.com",
        "analystLocation": "Tokyo - Atago Green Hills Mori Tower 20fl",
        "approverID": "29007616",
        "approverName": "Tetsuya Yamamoto",
        "officeName": "Moody's Japan K.K.",
        "documentExceptionListingInd": "",
        "announcementInd": "",
        "automaticRating": "No",
        "definitiveRatingPrevProvisional": "No",
        "indicativeRatingInd": "N",
        "definitiveRatingInd": null,
        "linkedAnotherActionInd": "No",
        "privateRatingActionInd": "N",
        "provisionalRatingInd": "Y",
        "secondaryactionind": "No",
        "subsequentRatingInd": "N",
        "contactPersonId": null,
        "complianceType": "CAMS",
        "complianceID": "104706",
        "ratingShellId": null,
        "ratingShellDS": null,
        "workItemStatus": null,
        "workItemType": null,
        "workItemSubType": null,
        "workItemReleaseDtm": null,
        "pressReleaseId": null,
        "securityClassNm": null,
        "shadowCd": null,
        "pressReleaseType": null,
        "pyrRatingType": null,
        "pacrEmail": "Graeme.Knowd@moodys.com",
        "pacr": "Graeme Knowd",
        "chairEmail": "Graeme.Knowd@moodys.com",
        "chair": "Graeme Knowd",
        "addendum": "Koji Maejima ",
        "addendumEmail": "MaejimaK@moodys.com"
    },
    {
        "sourceSystem": "ACCURATE",
        "orgId": null,
        "ratingActionDesc": "Louvre BidCo SAS",
        "ratingActionID": "3458668",
        "ratingActionName": "Louvre BidCo SAS",
        "ratingCommitteeDate": null,
        "ratingOffice": "50",
        "ratingReleaseDate": "2020-09-23 08:32:25.0",
        "releaseDate": "2020-09-23 08:32:33.013",
        "lobname": "FIG",
        "sublobname": "Banking",
        "region": "Europe",
        "leadAnalystID": "6301",
        "leadAnalystName": "Roland Auquier",
        "leadAnalystUniqueId": "auquierr",
        "analystEmail": "Roland.Auquier@moodys.com",
        "analystLocation": "Paris - 96, boulevard Haussmann",
        "approverID": null,
        "approverName": " ",
        "officeName": "Moody's France SAS",
        "documentExceptionListingInd": "Y",
        "announcementInd": "",
        "automaticRating": "Yes",
        "definitiveRatingPrevProvisional": "No",
        "indicativeRatingInd": "N",
        "definitiveRatingInd": null,
        "linkedAnotherActionInd": "No",
        "privateRatingActionInd": "N",
        "provisionalRatingInd": "N",
        "secondaryactionind": "No",
        "subsequentRatingInd": "Y",
        "contactPersonId": null,
        "complianceType": "CAMS",
        "complianceID": "",
        "ratingShellId": null,
        "ratingShellDS": null,
        "workItemStatus": null,
        "workItemType": null,
        "workItemSubType": null,
        "workItemReleaseDtm": null,
        "pressReleaseId": null,
        "securityClassNm": null,
        "shadowCd": null,
        "pressReleaseType": null,
        "pyrRatingType": null,
        "pacrEmail": null,
        "pacr": null,
        "chairEmail": null,
        "chair": null,
        "addendum": null,
        "addendumEmail": null
    },
    {
        "sourceSystem": "ACCURATE",
        "orgId": null,
        "ratingActionDesc": "Hitachi Capital Corporation",
        "ratingActionID": "3458676",
        "ratingActionName": "Hitachi Capital Corporation",
        "ratingCommitteeDate": "2020-09-23 00:00:00.0",
        "ratingOffice": "73",
        "ratingReleaseDate": "2020-09-24 05:37:13.0",
        "releaseDate": "2020-09-24 05:37:20.96",
        "lobname": "FIG",
        "sublobname": "Banking",
        "region": "Asia Pacific",
        "leadAnalystID": "6275",
        "leadAnalystName": "Tetsuya Yamamoto",
        "leadAnalystUniqueId": "yamamott",
        "analystEmail": "Tetsuya.Yamamoto@moodys.com",
        "analystLocation": "Tokyo - Atago Green Hills Mori Tower 20fl",
        "approverID": null,
        "approverName": " ",
        "officeName": "Moody's Japan K.K.",
        "documentExceptionListingInd": "",
        "announcementInd": "",
        "automaticRating": "No",
        "definitiveRatingPrevProvisional": "No",
        "indicativeRatingInd": "N",
        "definitiveRatingInd": null,
        "linkedAnotherActionInd": "No",
        "privateRatingActionInd": "N",
        "provisionalRatingInd": "N",
        "secondaryactionind": "No",
        "subsequentRatingInd": "N",
        "contactPersonId": null,
        "complianceType": "CAMS",
        "complianceID": "104706",
        "ratingShellId": null,
        "ratingShellDS": null,
        "workItemStatus": null,
        "workItemType": null,
        "workItemSubType": null,
        "workItemReleaseDtm": null,
        "pressReleaseId": null,
        "securityClassNm": null,
        "shadowCd": null,
        "pressReleaseType": null,
        "pyrRatingType": null,
        "pacrEmail": null,
        "pacr": null,
        "chairEmail": null,
        "chair": null,
        "addendum": null,
        "addendumEmail": null
    },
    {
        "sourceSystem": "ACCURATE",
        "orgId": null,
        "ratingActionDesc": "B.A.T Capital Corporation",
        "ratingActionID": "3458683",
        "ratingActionName": "B.A.T Capital Corporation",
        "ratingCommitteeDate": null,
        "ratingOffice": "52",
        "ratingReleaseDate": "2020-09-23 09:13:24.0",
        "releaseDate": "2020-09-23 09:13:44.48",
        "lobname": "CFG",
        "sublobname": "CFG Regional",
        "region": "Europe",
        "leadAnalystID": "6928",
        "leadAnalystName": "Roberto Pozzi",
        "leadAnalystUniqueId": "pozzir",
        "analystEmail": "Roberto.Pozzi@moodys.com",
        "analystLocation": "London - One Canada Square",
        "approverID": null,
        "approverName": " ",
        "officeName": "Moody's Investors Service Ltd.",
        "documentExceptionListingInd": "Y",
        "announcementInd": "",
        "automaticRating": "No",
        "definitiveRatingPrevProvisional": "No",
        "indicativeRatingInd": "N",
        "definitiveRatingInd": null,
        "linkedAnotherActionInd": "No",
        "privateRatingActionInd": "N",
        "provisionalRatingInd": "N",
        "secondaryactionind": "No",
        "subsequentRatingInd": "Y",
        "contactPersonId": null,
        "complianceType": "CAMS",
        "complianceID": "",
        "ratingShellId": null,
        "ratingShellDS": null,
        "workItemStatus": null,
        "workItemType": null,
        "workItemSubType": null,
        "workItemReleaseDtm": null,
        "pressReleaseId": null,
        "securityClassNm": null,
        "shadowCd": null,
        "pressReleaseType": null,
        "pyrRatingType": null,
        "pacrEmail": null,
        "pacr": null,
        "chairEmail": null,
        "chair": null,
        "addendum": null,
        "addendumEmail": null
    },
    {
        "sourceSystem": "ACCURATE",
        "orgId": null,
        "ratingActionDesc": "GS Finance Corp.",
        "ratingActionID": "3458718",
        "ratingActionName": "GS Finance Corp.",
        "ratingCommitteeDate": null,
        "ratingOffice": "51",
        "ratingReleaseDate": "2020-09-25 12:17:33.0",
        "releaseDate": "2020-09-25 12:18:01.773",
        "lobname": "FIG",
        "sublobname": "Banking",
        "region": "U.S.A. & Canada",
        "leadAnalystID": "467",
        "leadAnalystName": "David Fanger",
        "leadAnalystUniqueId": "fangerd",
        "analystEmail": "David.Fanger@moodys.com",
        "analystLocation": "New York - 7 World Trade Center",
        "approverID": null,
        "approverName": " ",
        "officeName": "Moody's Investors Service, Inc.",
        "documentExceptionListingInd": "",
        "announcementInd": "",
        "automaticRating": "Yes",
        "definitiveRatingPrevProvisional": "No",
        "indicativeRatingInd": "N",
        "definitiveRatingInd": null,
        "linkedAnotherActionInd": "No",
        "privateRatingActionInd": "N",
        "provisionalRatingInd": "N",
        "secondaryactionind": "No",
        "subsequentRatingInd": "",
        "contactPersonId": null,
        "complianceType": "CAMS",
        "complianceID": "",
        "ratingShellId": null,
        "ratingShellDS": null,
        "workItemStatus": null,
        "workItemType": null,
        "workItemSubType": null,
        "workItemReleaseDtm": null,
        "pressReleaseId": null,
        "securityClassNm": null,
        "shadowCd": null,
        "pressReleaseType": null,
        "pyrRatingType": null,
        "pacrEmail": null,
        "pacr": null,
        "chairEmail": null,
        "chair": null,
        "addendum": null,
        "addendumEmail": null
    },
    {
        "sourceSystem": "ACCURATE",
        "orgId": null,
        "ratingActionDesc": "Lansforsakringar Bank AB (publ)",
        "ratingActionID": "3458726",
        "ratingActionName": "Lansforsakringar Bank AB (publ)",
        "ratingCommitteeDate": null,
        "ratingOffice": "128",
        "ratingReleaseDate": "2020-09-24 05:51:36.0",
        "releaseDate": "2020-09-24 05:51:44.22",
        "lobname": "FIG",
        "sublobname": "Banking",
        "region": "Europe",
        "leadAnalystID": "7742",
        "leadAnalystName": "Erik Niclas Boheman",
        "leadAnalystUniqueId": "bohemane",
        "analystEmail": "Niclas.Boheman@moodys.com",
        "analystLocation": "Stockholm- Norrlandsgatan 20",
        "approverID": null,
        "approverName": " ",
        "officeName": "Moody's Investors Service (Nordics) AB",
        "documentExceptionListingInd": "",
        "announcementInd": "",
        "automaticRating": "No",
        "definitiveRatingPrevProvisional": "No",
        "indicativeRatingInd": "N",
        "definitiveRatingInd": null,
        "linkedAnotherActionInd": "No",
        "privateRatingActionInd": "N",
        "provisionalRatingInd": "N",
        "secondaryactionind": "No",
        "subsequentRatingInd": "Y",
        "contactPersonId": null,
        "complianceType": "CAMS",
        "complianceID": "",
        "ratingShellId": null,
        "ratingShellDS": null,
        "workItemStatus": null,
        "workItemType": null,
        "workItemSubType": null,
        "workItemReleaseDtm": null,
        "pressReleaseId": null,
        "securityClassNm": null,
        "shadowCd": null,
        "pressReleaseType": null,
        "pyrRatingType": null,
        "pacrEmail": null,
        "pacr": null,
        "chairEmail": null,
        "chair": null,
        "addendum": null,
        "addendumEmail": null
    },
    {
        "sourceSystem": "ACCURATE",
        "orgId": null,
        "ratingActionDesc": "B.A.T. International Finance p.l.c.",
        "ratingActionID": "3458734",
        "ratingActionName": "B.A.T. International Finance p.l.c.",
        "ratingCommitteeDate": null,
        "ratingOffice": "52",
        "ratingReleaseDate": "2020-09-23 09:10:40.0",
        "releaseDate": "2020-09-23 09:10:47.95",
        "lobname": "CFG",
        "sublobname": "CFG Regional",
        "region": "Europe",
        "leadAnalystID": "6928",
        "leadAnalystName": "Roberto Pozzi",
        "leadAnalystUniqueId": "pozzir",
        "analystEmail": "Roberto.Pozzi@moodys.com",
        "analystLocation": "London - One Canada Square",
        "approverID": null,
        "approverName": " ",
        "officeName": "Moody's Investors Service Ltd.",
        "documentExceptionListingInd": "Y",
        "announcementInd": "",
        "automaticRating": "No",
        "definitiveRatingPrevProvisional": "No",
        "indicativeRatingInd": "N",
        "definitiveRatingInd": null,
        "linkedAnotherActionInd": "No",
        "privateRatingActionInd": "N",
        "provisionalRatingInd": "N",
        "secondaryactionind": "No",
        "subsequentRatingInd": "Y",
        "contactPersonId": null,
        "complianceType": "CAMS",
        "complianceID": "",
        "ratingShellId": null,
        "ratingShellDS": null,
        "workItemStatus": null,
        "workItemType": null,
        "workItemSubType": null,
        "workItemReleaseDtm": null,
        "pressReleaseId": null,
        "securityClassNm": null,
        "shadowCd": null,
        "pressReleaseType": null,
        "pyrRatingType": null,
        "pacrEmail": null,
        "pacr": null,
        "chairEmail": null,
        "chair": null,
        "addendum": null,
        "addendumEmail": null
    },
    {
        "sourceSystem": "ACCURATE",
        "orgId": null,
        "ratingActionDesc": "European Stability Mechanism (ESM)",
        "ratingActionID": "3458755",
        "ratingActionName": "European Stability Mechanism (ESM)",
        "ratingCommitteeDate": null,
        "ratingOffice": "41",
        "ratingReleaseDate": "2020-09-23 10:10:14.0",
        "releaseDate": "2020-09-23 10:10:21.04",
        "lobname": "SOV",
        "sublobname": "Sovereign",
        "region": "Europe",
        "leadAnalystID": "7801",
        "leadAnalystName": "Heiko Peters",
        "leadAnalystUniqueId": "petershe",
        "analystEmail": "Heiko.Peters@moodys.com",
        "analystLocation": "Frankfurt - An der Welle 5",
        "approverID": null,
        "approverName": " ",
        "officeName": "Moody's Deutschland GmbH",
        "documentExceptionListingInd": "",
        "announcementInd": "",
        "automaticRating": "No",
        "definitiveRatingPrevProvisional": "No",
        "indicativeRatingInd": "N",
        "definitiveRatingInd": null,
        "linkedAnotherActionInd": "No",
        "privateRatingActionInd": "N",
        "provisionalRatingInd": "N",
        "secondaryactionind": "No",
        "subsequentRatingInd": "Y",
        "contactPersonId": null,
        "complianceType": "CAMS",
        "complianceID": "",
        "ratingShellId": null,
        "ratingShellDS": null,
        "workItemStatus": null,
        "workItemType": null,
        "workItemSubType": null,
        "workItemReleaseDtm": null,
        "pressReleaseId": null,
        "securityClassNm": null,
        "shadowCd": null,
        "pressReleaseType": null,
        "pyrRatingType": null,
        "pacrEmail": null,
        "pacr": null,
        "chairEmail": null,
        "chair": null,
        "addendum": null,
        "addendumEmail": null
    },
    {
        "sourceSystem": "ACCURATE",
        "orgId": null,
        "ratingActionDesc": "Custodial Receipts (Deutsche Bank), Custodial Receipts, Series 2015-XF1008 & Series 2015-XF1031A-D",
        "ratingActionID": "3458797",
        "ratingActionName": "Custodial Receipts (Deutsche Bank), Custodial Receipts, Series 2015-XF1008 & Series 2015-XF1031A-D",
        "ratingCommitteeDate": "2020-09-23 00:00:00.0",
        "ratingOffice": "51",
        "ratingReleaseDate": "2020-09-24 11:48:06.293",
        "releaseDate": "2020-09-24 11:48:06.336",
        "lobname": "PPIF",
        "sublobname": "Municipal Supported Products",
        "region": "U.S.A. & Canada",
        "leadAnalystID": "2312",
        "leadAnalystName": "Randy Matlosz",
        "leadAnalystUniqueId": "matloszr",
        "analystEmail": "Randy.Matlosz@moodys.com",
        "analystLocation": "New York - 7 World Trade Center",
        "approverID": null,
        "approverName": " ",
        "officeName": "Moody's Investors Service, Inc.",
        "documentExceptionListingInd": "",
        "announcementInd": "",
        "automaticRating": "No",
        "definitiveRatingPrevProvisional": "No",
        "indicativeRatingInd": "N",
        "definitiveRatingInd": null,
        "linkedAnotherActionInd": "No",
        "privateRatingActionInd": "N",
        "provisionalRatingInd": "N",
        "secondaryactionind": "No",
        "subsequentRatingInd": "N",
        "contactPersonId": null,
        "complianceType": "CAMS",
        "complianceID": "104874",
        "ratingShellId": null,
        "ratingShellDS": null,
        "workItemStatus": null,
        "workItemType": null,
        "workItemSubType": null,
        "workItemReleaseDtm": null,
        "pressReleaseId": null,
        "securityClassNm": null,
        "shadowCd": null,
        "pressReleaseType": null,
        "pyrRatingType": null,
        "pacrEmail": null,
        "pacr": null,
        "chairEmail": null,
        "chair": null,
        "addendum": null,
        "addendumEmail": null
    },
    {
        "sourceSystem": "ACCURATE",
        "orgId": null,
        "ratingActionDesc": "Municipality Finance Plc",
        "ratingActionID": "3458799",
        "ratingActionName": "Municipality Finance Plc",
        "ratingCommitteeDate": null,
        "ratingOffice": "128",
        "ratingReleaseDate": "2020-09-23 11:03:33.0",
        "releaseDate": "2020-09-23 11:03:43.843",
        "lobname": "FIG",
        "sublobname": "Banking",
        "region": "Europe",
        "leadAnalystID": "7742",
        "leadAnalystName": "Erik Niclas Boheman",
        "leadAnalystUniqueId": "bohemane",
        "analystEmail": "Niclas.Boheman@moodys.com",
        "analystLocation": "Stockholm- Norrlandsgatan 20",
        "approverID": null,
        "approverName": " ",
        "officeName": "Moody's Investors Service (Nordics) AB",
        "documentExceptionListingInd": "",
        "announcementInd": "",
        "automaticRating": "No",
        "definitiveRatingPrevProvisional": "No",
        "indicativeRatingInd": "N",
        "definitiveRatingInd": null,
        "linkedAnotherActionInd": "No",
        "privateRatingActionInd": "N",
        "provisionalRatingInd": "N",
        "secondaryactionind": "No",
        "subsequentRatingInd": "Y",
        "contactPersonId": null,
        "complianceType": "CAMS",
        "complianceID": "",
        "ratingShellId": null,
        "ratingShellDS": null,
        "workItemStatus": null,
        "workItemType": null,
        "workItemSubType": null,
        "workItemReleaseDtm": null,
        "pressReleaseId": null,
        "securityClassNm": null,
        "shadowCd": null,
        "pressReleaseType": null,
        "pyrRatingType": null,
        "pacrEmail": null,
        "pacr": null,
        "chairEmail": null,
        "chair": null,
        "addendum": null,
        "addendumEmail": null
    },
    {
        "sourceSystem": "ACCURATE",
        "orgId": null,
        "ratingActionDesc": null,
        "ratingActionID": "3458808",
        "ratingActionName": "PGS ASA - /LD indicator",
        "ratingCommitteeDate": null,
        "ratingOffice": "52",
        "ratingReleaseDate": "2020-09-23 11:04:27.893",
        "releaseDate": "2020-09-23 11:04:27.9",
        "lobname": "CFG",
        "sublobname": "CFG Regional",
        "region": "Europe",
        "leadAnalystID": "7719",
        "leadAnalystName": "Danilo Ruocco",
        "leadAnalystUniqueId": "ruoccod",
        "analystEmail": "Danilo.Ruocco@moodys.com",
        "analystLocation": "London - One Canada Square",
        "approverID": null,
        "approverName": " ",
        "officeName": "Moody's Investors Service Ltd.",
        "documentExceptionListingInd": "Y",
        "announcementInd": "Y",
        "automaticRating": "Yes",
        "definitiveRatingPrevProvisional": "No",
        "indicativeRatingInd": "N",
        "definitiveRatingInd": null,
        "linkedAnotherActionInd": "No",
        "privateRatingActionInd": "",
        "provisionalRatingInd": "N",
        "secondaryactionind": "No",
        "subsequentRatingInd": "",
        "contactPersonId": null,
        "complianceType": "CAMS",
        "complianceID": "",
        "ratingShellId": null,
        "ratingShellDS": null,
        "workItemStatus": null,
        "workItemType": null,
        "workItemSubType": null,
        "workItemReleaseDtm": null,
        "pressReleaseId": null,
        "securityClassNm": null,
        "shadowCd": null,
        "pressReleaseType": null,
        "pyrRatingType": null,
        "pacrEmail": null,
        "pacr": null,
        "chairEmail": null,
        "chair": null,
        "addendum": null,
        "addendumEmail": null
    },
    {
        "sourceSystem": "ACCURATE",
        "orgId": null,
        "ratingActionDesc": null,
        "ratingActionID": "3458857",
        "ratingActionName": "Sovereign Calendar Wrap Up - September 25, 2020",
        "ratingCommitteeDate": null,
        "ratingOffice": "52",
        "ratingReleaseDate": "2020-09-25 16:39:09.53",
        "releaseDate": "2020-09-25 16:39:09.68",
        "lobname": "SOV",
        "sublobname": "Sovereign",
        "region": "Europe",
        "leadAnalystID": "6709",
        "leadAnalystName": "Alastair Wilson",
        "leadAnalystUniqueId": "wilsoala",
        "analystEmail": "Alastair.Wilson@moodys.com",
        "analystLocation": "London - One Canada Square",
        "approverID": null,
        "approverName": " ",
        "officeName": "Moody's Investors Service Ltd.",
        "documentExceptionListingInd": "Y",
        "announcementInd": "Y",
        "automaticRating": "Yes",
        "definitiveRatingPrevProvisional": "No",
        "indicativeRatingInd": "N",
        "definitiveRatingInd": null,
        "linkedAnotherActionInd": "No",
        "privateRatingActionInd": "",
        "provisionalRatingInd": "N",
        "secondaryactionind": "No",
        "subsequentRatingInd": "",
        "contactPersonId": null,
        "complianceType": "CAMS",
        "complianceID": "",
        "ratingShellId": null,
        "ratingShellDS": null,
        "workItemStatus": null,
        "workItemType": null,
        "workItemSubType": null,
        "workItemReleaseDtm": null,
        "pressReleaseId": null,
        "securityClassNm": null,
        "shadowCd": null,
        "pressReleaseType": null,
        "pyrRatingType": null,
        "pacrEmail": null,
        "pacr": null,
        "chairEmail": null,
        "chair": null,
        "addendum": null,
        "addendumEmail": null
    },
    {
        "sourceSystem": "ACCURATE",
        "orgId": null,
        "ratingActionDesc": "LI Group Holdings, Inc.",
        "ratingActionID": "3458881",
        "ratingActionName": "LI Group Holdings, Inc.",
        "ratingCommitteeDate": "2020-09-22 00:00:00.0",
        "ratingOffice": "51",
        "ratingReleaseDate": "2020-09-23 13:14:38.0",
        "releaseDate": "2020-09-23 13:14:44.886",
        "lobname": "CFG",
        "sublobname": "CFG_NY-4",
        "region": "U.S.A. & Canada",
        "leadAnalystID": "7037",
        "leadAnalystName": "Kevin Stuebe",
        "leadAnalystUniqueId": "stuebek",
        "analystEmail": "Kevin.Stuebe@moodys.com",
        "analystLocation": "New York - 7 World Trade Center",
        "approverID": "29017515",
        "approverName": "Kevin Stuebe",
        "officeName": "Moody's Investors Service, Inc.",
        "documentExceptionListingInd": "",
        "announcementInd": "",
        "automaticRating": "No",
        "definitiveRatingPrevProvisional": "No",
        "indicativeRatingInd": "N",
        "definitiveRatingInd": null,
        "linkedAnotherActionInd": "No",
        "privateRatingActionInd": "N",
        "provisionalRatingInd": "N",
        "secondaryactionind": "No",
        "subsequentRatingInd": "N",
        "contactPersonId": null,
        "complianceType": "CAMS",
        "complianceID": "",
        "ratingShellId": null,
        "ratingShellDS": null,
        "workItemStatus": null,
        "workItemType": null,
        "workItemSubType": null,
        "workItemReleaseDtm": null,
        "pressReleaseId": null,
        "securityClassNm": null,
        "shadowCd": null,
        "pressReleaseType": null,
        "pyrRatingType": null,
        "pacrEmail": null,
        "pacr": null,
        "chairEmail": null,
        "chair": null,
        "addendum": null,
        "addendumEmail": null
    },
    {
        "sourceSystem": "ACCURATE",
        "orgId": null,
        "ratingActionDesc": "salesforce.com, inc.",
        "ratingActionID": "3458885",
        "ratingActionName": "salesforce.com, inc.",
        "ratingCommitteeDate": "2020-09-22 00:00:00.0",
        "ratingOffice": "51",
        "ratingReleaseDate": "2020-09-24 14:17:44.0",
        "releaseDate": "2020-09-24 14:17:49.9",
        "lobname": "CFG",
        "sublobname": "CFG_NY-4",
        "region": "U.S.A. & Canada",
        "leadAnalystID": "2378",
        "leadAnalystName": "Raj Joshi",
        "leadAnalystUniqueId": "joshir",
        "analystEmail": "Raj.Joshi@moodys.com",
        "analystLocation": "New York - 7 World Trade Center",
        "approverID": "29002678",
        "approverName": "Raj Joshi",
        "officeName": "Moody's Investors Service, Inc.",
        "documentExceptionListingInd": "",
        "announcementInd": "",
        "automaticRating": "No",
        "definitiveRatingPrevProvisional": "No",
        "indicativeRatingInd": "N",
        "definitiveRatingInd": null,
        "linkedAnotherActionInd": "No",
        "privateRatingActionInd": "N",
        "provisionalRatingInd": "N",
        "secondaryactionind": "No",
        "subsequentRatingInd": "N",
        "contactPersonId": null,
        "complianceType": "CAMS",
        "complianceID": "104502",
        "ratingShellId": null,
        "ratingShellDS": null,
        "workItemStatus": null,
        "workItemType": null,
        "workItemSubType": null,
        "workItemReleaseDtm": null,
        "pressReleaseId": null,
        "securityClassNm": null,
        "shadowCd": null,
        "pressReleaseType": null,
        "pyrRatingType": null,
        "pacrEmail": "Lenny.Ajzenman@moodys.com",
        "pacr": "Lenny Ajzenman",
        "chairEmail": "Lenny.Ajzenman@moodys.com",
        "chair": "Lenny Ajzenman",
        "addendum": "Steven Capelli ",
        "addendumEmail": "CapelliS@moodys.com"
    },
    {
        "sourceSystem": "ACCURATE",
        "orgId": null,
        "ratingActionDesc": "Deutsche Hypothekenbank (Actien-Gesellschaft)",
        "ratingActionID": "3458892",
        "ratingActionName": "Deutsche Hypothekenbank (Actien-Gesellschaft)",
        "ratingCommitteeDate": null,
        "ratingOffice": "41",
        "ratingReleaseDate": "2020-09-24 06:20:44.0",
        "releaseDate": "2020-09-24 06:20:51.23",
        "lobname": "FIG",
        "sublobname": "Banking",
        "region": "Europe",
        "leadAnalystID": "22299",
        "leadAnalystName": "Anna Stark",
        "leadAnalystUniqueId": "starka",
        "analystEmail": "Anna.Stark@moodys.com",
        "analystLocation": "Frankfurt - An der Welle 5",
        "approverID": null,
        "approverName": " ",
        "officeName": "Moody's Deutschland GmbH",
        "documentExceptionListingInd": "",
        "announcementInd": "",
        "automaticRating": "No",
        "definitiveRatingPrevProvisional": "No",
        "indicativeRatingInd": "N",
        "definitiveRatingInd": null,
        "linkedAnotherActionInd": "No",
        "privateRatingActionInd": "N",
        "provisionalRatingInd": "N",
        "secondaryactionind": "No",
        "subsequentRatingInd": "Y",
        "contactPersonId": null,
        "complianceType": "CAMS",
        "complianceID": "",
        "ratingShellId": null,
        "ratingShellDS": null,
        "workItemStatus": null,
        "workItemType": null,
        "workItemSubType": null,
        "workItemReleaseDtm": null,
        "pressReleaseId": null,
        "securityClassNm": null,
        "shadowCd": null,
        "pressReleaseType": null,
        "pyrRatingType": null,
        "pacrEmail": null,
        "pacr": null,
        "chairEmail": null,
        "chair": null,
        "addendum": null,
        "addendumEmail": null
    },
    {
        "sourceSystem": "ACCURATE",
        "orgId": null,
        "ratingActionDesc": "GCI, LLC",
        "ratingActionID": "3458896",
        "ratingActionName": "GCI, LLC",
        "ratingCommitteeDate": "2020-09-11 00:00:00.0",
        "ratingOffice": "51",
        "ratingReleaseDate": "2020-09-23 17:36:39.0",
        "releaseDate": "2020-09-23 17:36:44.56",
        "lobname": "CFG",
        "sublobname": "CFG_NY-4",
        "region": "U.S.A. & Canada",
        "leadAnalystID": "2600",
        "leadAnalystName": "Jason Cuomo",
        "leadAnalystUniqueId": "cuomoj",
        "analystEmail": "Jason.Cuomo@moodys.com",
        "analystLocation": "New York - 7 World Trade Center",
        "approverID": null,
        "approverName": " ",
        "officeName": "Moody's Investors Service, Inc.",
        "documentExceptionListingInd": "",
        "announcementInd": "",
        "automaticRating": "No",
        "definitiveRatingPrevProvisional": "No",
        "indicativeRatingInd": "N",
        "definitiveRatingInd": null,
        "linkedAnotherActionInd": "No",
        "privateRatingActionInd": "N",
        "provisionalRatingInd": "N",
        "secondaryactionind": "No",
        "subsequentRatingInd": "N",
        "contactPersonId": null,
        "complianceType": "CAMS",
        "complianceID": "104166",
        "ratingShellId": null,
        "ratingShellDS": null,
        "workItemStatus": null,
        "workItemType": null,
        "workItemSubType": null,
        "workItemReleaseDtm": null,
        "pressReleaseId": null,
        "securityClassNm": null,
        "shadowCd": null,
        "pressReleaseType": null,
        "pyrRatingType": null,
        "pacrEmail": null,
        "pacr": null,
        "chairEmail": null,
        "chair": null,
        "addendum": null,
        "addendumEmail": null
    },
    {
        "sourceSystem": "ACCURATE",
        "orgId": null,
        "ratingActionDesc": "Bank of America Corporation",
        "ratingActionID": "3458898",
        "ratingActionName": "Bank of America Corporation",
        "ratingCommitteeDate": null,
        "ratingOffice": "51",
        "ratingReleaseDate": "2020-09-23 11:21:08.0",
        "releaseDate": "2020-09-23 11:21:14.73",
        "lobname": "FIG",
        "sublobname": "Banking",
        "region": "U.S.A. & Canada",
        "leadAnalystID": "467",
        "leadAnalystName": "David Fanger",
        "leadAnalystUniqueId": "fangerd",
        "analystEmail": "David.Fanger@moodys.com",
        "analystLocation": "New York - 7 World Trade Center",
        "approverID": null,
        "approverName": " ",
        "officeName": "Moody's Investors Service, Inc.",
        "documentExceptionListingInd": "",
        "announcementInd": "",
        "automaticRating": "No",
        "definitiveRatingPrevProvisional": "No",
        "indicativeRatingInd": "N",
        "definitiveRatingInd": null,
        "linkedAnotherActionInd": "No",
        "privateRatingActionInd": "N",
        "provisionalRatingInd": "N",
        "secondaryactionind": "No",
        "subsequentRatingInd": "Y",
        "contactPersonId": null,
        "complianceType": "CAMS",
        "complianceID": "",
        "ratingShellId": null,
        "ratingShellDS": null,
        "workItemStatus": null,
        "workItemType": null,
        "workItemSubType": null,
        "workItemReleaseDtm": null,
        "pressReleaseId": null,
        "securityClassNm": null,
        "shadowCd": null,
        "pressReleaseType": null,
        "pyrRatingType": null,
        "pacrEmail": null,
        "pacr": null,
        "chairEmail": null,
        "chair": null,
        "addendum": null,
        "addendumEmail": null
    },
    {
        "sourceSystem": "ACCURATE",
        "orgId": null,
        "ratingActionDesc": null,
        "ratingActionID": "3458932",
        "ratingActionName": "New Announcement-Closure Systems International Group Inc.",
        "ratingCommitteeDate": null,
        "ratingOffice": "51",
        "ratingReleaseDate": "2020-09-24 08:37:35.423",
        "releaseDate": "2020-09-24 08:37:35.48",
        "lobname": "CFG",
        "sublobname": "CFG_NY-2",
        "region": "U.S.A. & Canada",
        "leadAnalystID": "6249",
        "leadAnalystName": "Anastasija Johnson",
        "leadAnalystUniqueId": "johnsoan",
        "analystEmail": "Anastasija.Johnson@moodys.com",
        "analystLocation": "New York - 7 World Trade Center",
        "approverID": null,
        "approverName": " ",
        "officeName": "Moody's Investors Service, Inc.",
        "documentExceptionListingInd": "Y",
        "announcementInd": "Y",
        "automaticRating": "Yes",
        "definitiveRatingPrevProvisional": "No",
        "indicativeRatingInd": "N",
        "definitiveRatingInd": null,
        "linkedAnotherActionInd": "No",
        "privateRatingActionInd": "",
        "provisionalRatingInd": "N",
        "secondaryactionind": "No",
        "subsequentRatingInd": "",
        "contactPersonId": null,
        "complianceType": "CAMS",
        "complianceID": "",
        "ratingShellId": null,
        "ratingShellDS": null,
        "workItemStatus": null,
        "workItemType": null,
        "workItemSubType": null,
        "workItemReleaseDtm": null,
        "pressReleaseId": null,
        "securityClassNm": null,
        "shadowCd": null,
        "pressReleaseType": null,
        "pyrRatingType": null,
        "pacrEmail": null,
        "pacr": null,
        "chairEmail": null,
        "chair": null,
        "addendum": null,
        "addendumEmail": null
    },
    {
        "sourceSystem": "ACCURATE",
        "orgId": null,
        "ratingActionDesc": "Raiffeisen Bank International AG",
        "ratingActionID": "3458937",
        "ratingActionName": "Raiffeisen Bank International AG",
        "ratingCommitteeDate": null,
        "ratingOffice": "41",
        "ratingReleaseDate": "2020-09-23 16:40:51.0",
        "releaseDate": "2020-09-23 16:40:54.626",
        "lobname": "FIG",
        "sublobname": "Banking",
        "region": "Europe",
        "leadAnalystID": "6021",
        "leadAnalystName": "Andrea Muller Wehmeier",
        "leadAnalystUniqueId": "wehmeiea",
        "analystEmail": "Andrea.Wehmeier@moodys.com",
        "analystLocation": "Frankfurt - An der Welle 5",
        "approverID": null,
        "approverName": " ",
        "officeName": "Moody's Deutschland GmbH",
        "documentExceptionListingInd": "",
        "announcementInd": "",
        "automaticRating": "Yes",
        "definitiveRatingPrevProvisional": "No",
        "indicativeRatingInd": "N",
        "definitiveRatingInd": null,
        "linkedAnotherActionInd": "No",
        "privateRatingActionInd": "N",
        "provisionalRatingInd": "N",
        "secondaryactionind": "No",
        "subsequentRatingInd": "",
        "contactPersonId": null,
        "complianceType": "CAMS",
        "complianceID": "",
        "ratingShellId": null,
        "ratingShellDS": null,
        "workItemStatus": null,
        "workItemType": null,
        "workItemSubType": null,
        "workItemReleaseDtm": null,
        "pressReleaseId": null,
        "securityClassNm": null,
        "shadowCd": null,
        "pressReleaseType": null,
        "pyrRatingType": null,
        "pacrEmail": null,
        "pacr": null,
        "chairEmail": null,
        "chair": null,
        "addendum": null,
        "addendumEmail": null
    },
    {
        "sourceSystem": "ACCURATE",
        "orgId": null,
        "ratingActionDesc": "Arches Buyer Inc.",
        "ratingActionID": "3458967",
        "ratingActionName": "Arches Buyer Inc.",
        "ratingCommitteeDate": "2020-09-21 00:00:00.0",
        "ratingOffice": "51",
        "ratingReleaseDate": "2020-09-23 14:25:47.0",
        "releaseDate": "2020-09-23 14:26:40.386",
        "lobname": "CFG",
        "sublobname": "CFG_NY-4",
        "region": "U.S.A. & Canada",
        "leadAnalystID": "6234",
        "leadAnalystName": "Dilara Sukhov",
        "leadAnalystUniqueId": "sukhovd",
        "analystEmail": "Dilara.Sukhov@moodys.com",
        "analystLocation": "New York - 7 World Trade Center",
        "approverID": "29005022",
        "approverName": "Dilara Sukhov",
        "officeName": "Moody's Investors Service, Inc.",
        "documentExceptionListingInd": "",
        "announcementInd": "",
        "automaticRating": "No",
        "definitiveRatingPrevProvisional": "No",
        "indicativeRatingInd": "Y",
        "definitiveRatingInd": null,
        "linkedAnotherActionInd": "No",
        "privateRatingActionInd": "Y",
        "provisionalRatingInd": "N",
        "secondaryactionind": "No",
        "subsequentRatingInd": "",
        "contactPersonId": null,
        "complianceType": "CAMS",
        "complianceID": "103905",
        "ratingShellId": null,
        "ratingShellDS": null,
        "workItemStatus": null,
        "workItemType": null,
        "workItemSubType": null,
        "workItemReleaseDtm": null,
        "pressReleaseId": null,
        "securityClassNm": null,
        "shadowCd": null,
        "pressReleaseType": null,
        "pyrRatingType": null,
        "pacrEmail": "Lenny.Ajzenman@moodys.com",
        "pacr": "Lenny Ajzenman",
        "chairEmail": "Lenny.Ajzenman@moodys.com",
        "chair": "Lenny Ajzenman",
        "addendum": "Pierce Pearson, CFA ",
        "addendumEmail": "PearsonE@moodys.com"
    },
    {
        "sourceSystem": "ACCURATE",
        "orgId": null,
        "ratingActionDesc": "New Announcement",
        "ratingActionID": "3458971",
        "ratingActionName": "New Announcement",
        "ratingCommitteeDate": null,
        "ratingOffice": "51",
        "ratingReleaseDate": "2020-09-23 12:24:44.246",
        "releaseDate": "2020-09-23 12:24:44.28",
        "lobname": "PPIF",
        "sublobname": "Municipal Supported Products",
        "region": "U.S.A. & Canada",
        "leadAnalystID": "2312",
        "leadAnalystName": "Randy Matlosz",
        "leadAnalystUniqueId": "matloszr",
        "analystEmail": "Randy.Matlosz@moodys.com",
        "analystLocation": "New York - 7 World Trade Center",
        "approverID": null,
        "approverName": " ",
        "officeName": "Moody's Investors Service, Inc.",
        "documentExceptionListingInd": "Y",
        "announcementInd": "Y",
        "automaticRating": "Yes",
        "definitiveRatingPrevProvisional": "No",
        "indicativeRatingInd": "N",
        "definitiveRatingInd": null,
        "linkedAnotherActionInd": "No",
        "privateRatingActionInd": "",
        "provisionalRatingInd": "N",
        "secondaryactionind": "No",
        "subsequentRatingInd": "",
        "contactPersonId": null,
        "complianceType": "CAMS",
        "complianceID": "",
        "ratingShellId": null,
        "ratingShellDS": null,
        "workItemStatus": null,
        "workItemType": null,
        "workItemSubType": null,
        "workItemReleaseDtm": null,
        "pressReleaseId": null,
        "securityClassNm": null,
        "shadowCd": null,
        "pressReleaseType": null,
        "pyrRatingType": null,
        "pacrEmail": null,
        "pacr": null,
        "chairEmail": null,
        "chair": null,
        "addendum": null,
        "addendumEmail": null
    },
    {
        "sourceSystem": "ACCURATE",
        "orgId": null,
        "ratingActionDesc": "Xcel Energy Inc.",
        "ratingActionID": "3458974",
        "ratingActionName": "Xcel Energy Inc.",
        "ratingCommitteeDate": null,
        "ratingOffice": "51",
        "ratingReleaseDate": "2020-09-25 08:23:24.0",
        "releaseDate": "2020-09-25 08:23:30.916",
        "lobname": "PPIF",
        "sublobname": "Infrastructure Finance",
        "region": "U.S.A. & Canada",
        "leadAnalystID": "2725",
        "leadAnalystName": "Natividad Martel",
        "leadAnalystUniqueId": "marteln",
        "analystEmail": "Natividad.Martel@moodys.com",
        "analystLocation": "New York - 7 World Trade Center",
        "approverID": null,
        "approverName": " ",
        "officeName": "Moody's Investors Service, Inc.",
        "documentExceptionListingInd": "Y",
        "announcementInd": "",
        "automaticRating": "No",
        "definitiveRatingPrevProvisional": "No",
        "indicativeRatingInd": "N",
        "definitiveRatingInd": null,
        "linkedAnotherActionInd": "No",
        "privateRatingActionInd": "N",
        "provisionalRatingInd": "N",
        "secondaryactionind": "No",
        "subsequentRatingInd": "Y",
        "contactPersonId": null,
        "complianceType": "CAMS",
        "complianceID": "",
        "ratingShellId": null,
        "ratingShellDS": null,
        "workItemStatus": null,
        "workItemType": null,
        "workItemSubType": null,
        "workItemReleaseDtm": null,
        "pressReleaseId": null,
        "securityClassNm": null,
        "shadowCd": null,
        "pressReleaseType": null,
        "pyrRatingType": null,
        "pacrEmail": null,
        "pacr": null,
        "chairEmail": null,
        "chair": null,
        "addendum": null,
        "addendumEmail": null
    },
    {
        "sourceSystem": "ACCURATE",
        "orgId": null,
        "ratingActionDesc": "GS Finance Corp.",
        "ratingActionID": "3458993",
        "ratingActionName": "GS Finance Corp.",
        "ratingCommitteeDate": null,
        "ratingOffice": "51",
        "ratingReleaseDate": "2020-09-25 11:39:26.0",
        "releaseDate": "2020-09-25 11:39:57.636",
        "lobname": "FIG",
        "sublobname": "Banking",
        "region": "U.S.A. & Canada",
        "leadAnalystID": "467",
        "leadAnalystName": "David Fanger",
        "leadAnalystUniqueId": "fangerd",
        "analystEmail": "David.Fanger@moodys.com",
        "analystLocation": "New York - 7 World Trade Center",
        "approverID": null,
        "approverName": " ",
        "officeName": "Moody's Investors Service, Inc.",
        "documentExceptionListingInd": "",
        "announcementInd": "",
        "automaticRating": "Yes",
        "definitiveRatingPrevProvisional": "No",
        "indicativeRatingInd": "N",
        "definitiveRatingInd": null,
        "linkedAnotherActionInd": "No",
        "privateRatingActionInd": "N",
        "provisionalRatingInd": "N",
        "secondaryactionind": "No",
        "subsequentRatingInd": "",
        "contactPersonId": null,
        "complianceType": "CAMS",
        "complianceID": "",
        "ratingShellId": null,
        "ratingShellDS": null,
        "workItemStatus": null,
        "workItemType": null,
        "workItemSubType": null,
        "workItemReleaseDtm": null,
        "pressReleaseId": null,
        "securityClassNm": null,
        "shadowCd": null,
        "pressReleaseType": null,
        "pyrRatingType": null,
        "pacrEmail": null,
        "pacr": null,
        "chairEmail": null,
        "chair": null,
        "addendum": null,
        "addendumEmail": null
    },
    {
        "sourceSystem": "ACCURATE",
        "orgId": null,
        "ratingActionDesc": "Fly Leasing Limited",
        "ratingActionID": "3458999",
        "ratingActionName": "Fly Leasing Limited",
        "ratingCommitteeDate": "2020-09-24 00:00:00.0",
        "ratingOffice": "51",
        "ratingReleaseDate": "2020-09-25 12:54:44.0",
        "releaseDate": "2020-09-25 12:54:52.193",
        "lobname": "FIG",
        "sublobname": "Banking",
        "region": "U.S.A. & Canada",
        "leadAnalystID": "7586",
        "leadAnalystName": "Inna Bodeck",
        "leadAnalystUniqueId": "bodecki",
        "analystEmail": "Inna.Bodeck@moodys.com",
        "analystLocation": "New York - 7 World Trade Center",
        "approverID": null,
        "approverName": " ",
        "officeName": "Moody's Investors Service, Inc.",
        "documentExceptionListingInd": "",
        "announcementInd": "",
        "automaticRating": "No",
        "definitiveRatingPrevProvisional": "No",
        "indicativeRatingInd": "N",
        "definitiveRatingInd": null,
        "linkedAnotherActionInd": "No",
        "privateRatingActionInd": "N",
        "provisionalRatingInd": "N",
        "secondaryactionind": "No",
        "subsequentRatingInd": "N",
        "contactPersonId": null,
        "complianceType": "CAMS",
        "complianceID": "103447",
        "ratingShellId": null,
        "ratingShellDS": null,
        "workItemStatus": null,
        "workItemType": null,
        "workItemSubType": null,
        "workItemReleaseDtm": null,
        "pressReleaseId": null,
        "securityClassNm": null,
        "shadowCd": null,
        "pressReleaseType": null,
        "pyrRatingType": null,
        "pacrEmail": "Ana.Arsov@moodys.com",
        "pacr": "Ana Arsov",
        "chairEmail": "Andrea.Usai@moodys.com",
        "chair": "Andrea Usai",
        "addendum": "Aditya Patel ",
        "addendumEmail": "PatelA2@moodys.com"
    },
    {
        "sourceSystem": "ACCURATE",
        "orgId": null,
        "ratingActionDesc": "Fly Leasing Limited",
        "ratingActionID": "3458999",
        "ratingActionName": "Fly Leasing Limited",
        "ratingCommitteeDate": "2020-09-24 00:00:00.0",
        "ratingOffice": "51",
        "ratingReleaseDate": "2020-09-25 12:54:44.0",
        "releaseDate": "2020-09-25 12:54:52.193",
        "lobname": "FIG",
        "sublobname": "Banking",
        "region": "U.S.A. & Canada",
        "leadAnalystID": "7586",
        "leadAnalystName": "Inna Bodeck",
        "leadAnalystUniqueId": "bodecki",
        "analystEmail": "Inna.Bodeck@moodys.com",
        "analystLocation": "New York - 7 World Trade Center",
        "approverID": "29018482",
        "approverName": "Inna Bodeck",
        "officeName": "Moody's Investors Service, Inc.",
        "documentExceptionListingInd": "",
        "announcementInd": "",
        "automaticRating": "No",
        "definitiveRatingPrevProvisional": "No",
        "indicativeRatingInd": "N",
        "definitiveRatingInd": null,
        "linkedAnotherActionInd": "No",
        "privateRatingActionInd": "N",
        "provisionalRatingInd": "N",
        "secondaryactionind": "No",
        "subsequentRatingInd": "N",
        "contactPersonId": null,
        "complianceType": "CAMS",
        "complianceID": "103447",
        "ratingShellId": null,
        "ratingShellDS": null,
        "workItemStatus": null,
        "workItemType": null,
        "workItemSubType": null,
        "workItemReleaseDtm": null,
        "pressReleaseId": null,
        "securityClassNm": null,
        "shadowCd": null,
        "pressReleaseType": null,
        "pyrRatingType": null,
        "pacrEmail": "Ana.Arsov@moodys.com",
        "pacr": "Ana Arsov",
        "chairEmail": "Andrea.Usai@moodys.com",
        "chair": "Andrea Usai",
        "addendum": "Aditya Patel ",
        "addendumEmail": "PatelA2@moodys.com"
    },
    {
        "sourceSystem": "ACCURATE",
        "orgId": null,
        "ratingActionDesc": "Garrett Motion Inc.",
        "ratingActionID": "3459003",
        "ratingActionName": "Garrett Motion Inc.",
        "ratingCommitteeDate": "2020-09-21 00:00:00.0",
        "ratingOffice": "41",
        "ratingReleaseDate": "2020-09-24 13:59:54.0",
        "releaseDate": "2020-09-24 14:00:01.01",
        "lobname": "CFG",
        "sublobname": "CFG Regional",
        "region": "Europe",
        "leadAnalystID": "7053",
        "leadAnalystName": "Matthias Heck",
        "leadAnalystUniqueId": "heckm",
        "analystEmail": "Matthias.Heck@moodys.com",
        "analystLocation": "Frankfurt - An der Welle 5",
        "approverID": "29017302",
        "approverName": "Matthias Heck",
        "officeName": "Moody's Deutschland GmbH",
        "documentExceptionListingInd": "Y",
        "announcementInd": "",
        "automaticRating": "No",
        "definitiveRatingPrevProvisional": "No",
        "indicativeRatingInd": "N",
        "definitiveRatingInd": null,
        "linkedAnotherActionInd": "No",
        "privateRatingActionInd": "N",
        "provisionalRatingInd": "N",
        "secondaryactionind": "No",
        "subsequentRatingInd": "N",
        "contactPersonId": null,
        "complianceType": "CAMS",
        "complianceID": "104783",
        "ratingShellId": null,
        "ratingShellDS": null,
        "workItemStatus": null,
        "workItemType": null,
        "workItemSubType": null,
        "workItemReleaseDtm": null,
        "pressReleaseId": null,
        "securityClassNm": null,
        "shadowCd": null,
        "pressReleaseType": null,
        "pyrRatingType": null,
        "pacrEmail": null,
        "pacr": null,
        "chairEmail": null,
        "chair": null,
        "addendum": null,
        "addendumEmail": null
    },
    {
        "sourceSystem": "ACCURATE",
        "orgId": null,
        "ratingActionDesc": "Colorado Housing and Finance Auth.",
        "ratingActionID": "3459035",
        "ratingActionName": "Colorado Housing and Finance Auth.",
        "ratingCommitteeDate": null,
        "ratingOffice": "51",
        "ratingReleaseDate": "2020-09-25 17:02:36.0",
        "releaseDate": "2020-09-25 17:02:43.206",
        "lobname": "PPIF",
        "sublobname": "Housing",
        "region": "U.S.A. & Canada",
        "leadAnalystID": "1462",
        "leadAnalystName": "David Parsons",
        "leadAnalystUniqueId": "parsonsd",
        "analystEmail": "David.Parsons@moodys.com",
        "analystLocation": "New York - 7 World Trade Center",
        "approverID": null,
        "approverName": " ",
        "officeName": "Moody's Investors Service, Inc.",
        "documentExceptionListingInd": "Y",
        "announcementInd": "",
        "automaticRating": "Yes",
        "definitiveRatingPrevProvisional": "No",
        "indicativeRatingInd": "N",
        "definitiveRatingInd": null,
        "linkedAnotherActionInd": "No",
        "privateRatingActionInd": "N",
        "provisionalRatingInd": "N",
        "secondaryactionind": "No",
        "subsequentRatingInd": "N",
        "contactPersonId": null,
        "complianceType": "CAMS",
        "complianceID": "",
        "ratingShellId": null,
        "ratingShellDS": null,
        "workItemStatus": null,
        "workItemType": null,
        "workItemSubType": null,
        "workItemReleaseDtm": null,
        "pressReleaseId": null,
        "securityClassNm": null,
        "shadowCd": null,
        "pressReleaseType": null,
        "pyrRatingType": null,
        "pacrEmail": null,
        "pacr": null,
        "chairEmail": null,
        "chair": null,
        "addendum": null,
        "addendumEmail": null
    },
    {
        "sourceSystem": "ACCURATE",
        "orgId": null,
        "ratingActionDesc": "PPF Telecom Group B.V.",
        "ratingActionID": "3459038",
        "ratingActionName": "PPF Telecom Group B.V.",
        "ratingCommitteeDate": null,
        "ratingOffice": "69",
        "ratingReleaseDate": "2020-09-24 14:29:27.0",
        "releaseDate": "2020-09-24 14:29:33.886",
        "lobname": "CFG",
        "sublobname": "CFG Regional",
        "region": "Europe",
        "leadAnalystID": "289",
        "leadAnalystName": "Carlos Winzer",
        "leadAnalystUniqueId": "winzerc",
        "analystEmail": "Carlos.Winzer@moodys.com",
        "analystLocation": "Madrid - Calle Principe de Vergara, 131",
        "approverID": null,
        "approverName": " ",
        "officeName": "Moody's Investors Service Espana, S.A.",
        "documentExceptionListingInd": "Y",
        "announcementInd": "",
        "automaticRating": "Yes",
        "definitiveRatingPrevProvisional": "No",
        "indicativeRatingInd": "N",
        "definitiveRatingInd": null,
        "linkedAnotherActionInd": "No",
        "privateRatingActionInd": "N",
        "provisionalRatingInd": "N",
        "secondaryactionind": "No",
        "subsequentRatingInd": "Y",
        "contactPersonId": null,
        "complianceType": "CAMS",
        "complianceID": "",
        "ratingShellId": null,
        "ratingShellDS": null,
        "workItemStatus": null,
        "workItemType": null,
        "workItemSubType": null,
        "workItemReleaseDtm": null,
        "pressReleaseId": null,
        "securityClassNm": null,
        "shadowCd": null,
        "pressReleaseType": null,
        "pyrRatingType": null,
        "pacrEmail": null,
        "pacr": null,
        "chairEmail": null,
        "chair": null,
        "addendum": null,
        "addendumEmail": null
    },
    {
        "sourceSystem": "ACCURATE",
        "orgId": null,
        "ratingActionDesc": "Red Ventures, LLC",
        "ratingActionID": "3459040",
        "ratingActionName": "Red Ventures, LLC",
        "ratingCommitteeDate": null,
        "ratingOffice": "51",
        "ratingReleaseDate": "2020-09-23 14:43:20.323",
        "releaseDate": "2020-09-23 14:43:20.343",
        "lobname": "CFG",
        "sublobname": "CFG_NY-4",
        "region": "U.S.A. & Canada",
        "leadAnalystID": "2311",
        "leadAnalystName": "Gregory Fraser",
        "leadAnalystUniqueId": "fraserg",
        "analystEmail": "Gregory.Fraser@moodys.com",
        "analystLocation": "New York - 7 World Trade Center",
        "approverID": null,
        "approverName": " ",
        "officeName": "Moody's Investors Service, Inc.",
        "documentExceptionListingInd": "Y",
        "announcementInd": "",
        "automaticRating": "Yes",
        "definitiveRatingPrevProvisional": "No",
        "indicativeRatingInd": "N",
        "definitiveRatingInd": null,
        "linkedAnotherActionInd": "No",
        "privateRatingActionInd": "N",
        "provisionalRatingInd": "N",
        "secondaryactionind": "No",
        "subsequentRatingInd": "Y",
        "contactPersonId": null,
        "complianceType": "CAMS",
        "complianceID": "",
        "ratingShellId": null,
        "ratingShellDS": null,
        "workItemStatus": null,
        "workItemType": null,
        "workItemSubType": null,
        "workItemReleaseDtm": null,
        "pressReleaseId": null,
        "securityClassNm": null,
        "shadowCd": null,
        "pressReleaseType": null,
        "pyrRatingType": null,
        "pacrEmail": null,
        "pacr": null,
        "chairEmail": null,
        "chair": null,
        "addendum": null,
        "addendumEmail": null
    },
    {
        "sourceSystem": "ACCURATE",
        "orgId": null,
        "ratingActionDesc": "International Finance Corporation",
        "ratingActionID": "3459045",
        "ratingActionName": "International Finance Corporation",
        "ratingCommitteeDate": null,
        "ratingOffice": "51",
        "ratingReleaseDate": "2020-09-24 09:53:16.0",
        "releaseDate": "2020-09-24 09:53:22.416",
        "lobname": "SOV",
        "sublobname": "Sovereign",
        "region": "U.S.A. & Canada",
        "leadAnalystID": "7229",
        "leadAnalystName": "Ariane Ortiz-Bollin",
        "leadAnalystUniqueId": "bollina",
        "analystEmail": "Ariane.Ortiz-Bollin@moodys.com",
        "analystLocation": "New York - 7 World Trade Center",
        "approverID": null,
        "approverName": " ",
        "officeName": "Moody's Investors Service, Inc.",
        "documentExceptionListingInd": "",
        "announcementInd": "",
        "automaticRating": "No",
        "definitiveRatingPrevProvisional": "No",
        "indicativeRatingInd": "N",
        "definitiveRatingInd": null,
        "linkedAnotherActionInd": "No",
        "privateRatingActionInd": "N",
        "provisionalRatingInd": "N",
        "secondaryactionind": "No",
        "subsequentRatingInd": "Y",
        "contactPersonId": null,
        "complianceType": "CAMS",
        "complianceID": "",
        "ratingShellId": null,
        "ratingShellDS": null,
        "workItemStatus": null,
        "workItemType": null,
        "workItemSubType": null,
        "workItemReleaseDtm": null,
        "pressReleaseId": null,
        "securityClassNm": null,
        "shadowCd": null,
        "pressReleaseType": null,
        "pyrRatingType": null,
        "pacrEmail": null,
        "pacr": null,
        "chairEmail": null,
        "chair": null,
        "addendum": null,
        "addendumEmail": null
    },
    {
        "sourceSystem": "ACCURATE",
        "orgId": null,
        "ratingActionDesc": "Colorado Housing and Finance Authority, Multifamily Taxable Mortgage-backed Securities (M-TMBS) (Sunlight Crossing) Series 2020 (FN), $22.583MM",
        "ratingActionID": "3459048",
        "ratingActionName": "Colorado Housing and Finance Authority, Multifamily Taxable Mortgage-backed Securities (M-TMBS) (Sunlight Crossing) Series 2020 (FN), $22.583MM",
        "ratingCommitteeDate": "2020-09-25 00:00:00.0",
        "ratingOffice": "51",
        "ratingReleaseDate": "2020-09-25 17:41:42.773",
        "releaseDate": "2020-09-25 17:41:42.78",
        "lobname": "PPIF",
        "sublobname": "Housing",
        "region": "U.S.A. & Canada",
        "leadAnalystID": "1462",
        "leadAnalystName": "David Parsons",
        "leadAnalystUniqueId": "parsonsd",
        "analystEmail": "David.Parsons@moodys.com",
        "analystLocation": "New York - 7 World Trade Center",
        "approverID": null,
        "approverName": " ",
        "officeName": "Moody's Investors Service, Inc.",
        "documentExceptionListingInd": "",
        "announcementInd": "",
        "automaticRating": "No",
        "definitiveRatingPrevProvisional": "No",
        "indicativeRatingInd": "N",
        "definitiveRatingInd": null,
        "linkedAnotherActionInd": "No",
        "privateRatingActionInd": "N",
        "provisionalRatingInd": "N",
        "secondaryactionind": "No",
        "subsequentRatingInd": "N",
        "contactPersonId": null,
        "complianceType": "CAMS",
        "complianceID": "104943",
        "ratingShellId": null,
        "ratingShellDS": null,
        "workItemStatus": null,
        "workItemType": null,
        "workItemSubType": null,
        "workItemReleaseDtm": null,
        "pressReleaseId": null,
        "securityClassNm": null,
        "shadowCd": null,
        "pressReleaseType": null,
        "pyrRatingType": null,
        "pacrEmail": null,
        "pacr": null,
        "chairEmail": null,
        "chair": null,
        "addendum": null,
        "addendumEmail": null
    },
    {
        "sourceSystem": "ACCURATE",
        "orgId": null,
        "ratingActionDesc": "Realty Income Corporation",
        "ratingActionID": "3459072",
        "ratingActionName": "Realty Income Corporation",
        "ratingCommitteeDate": null,
        "ratingOffice": "51",
        "ratingReleaseDate": "2020-09-23 17:47:29.0",
        "releaseDate": "2020-09-23 17:47:36.733",
        "lobname": "CFG",
        "sublobname": "CFG_NY-3",
        "region": "U.S.A. & Canada",
        "leadAnalystID": "6093",
        "leadAnalystName": "Alice Chung",
        "leadAnalystUniqueId": "chungal",
        "analystEmail": "Alice.Chung@moodys.com",
        "analystLocation": "New York - 7 World Trade Center",
        "approverID": null,
        "approverName": " ",
        "officeName": "Moody's Investors Service, Inc.",
        "documentExceptionListingInd": "Y",
        "announcementInd": "",
        "automaticRating": "No",
        "definitiveRatingPrevProvisional": "No",
        "indicativeRatingInd": "N",
        "definitiveRatingInd": null,
        "linkedAnotherActionInd": "No",
        "privateRatingActionInd": "N",
        "provisionalRatingInd": "N",
        "secondaryactionind": "No",
        "subsequentRatingInd": "Y",
        "contactPersonId": null,
        "complianceType": "CAMS",
        "complianceID": "",
        "ratingShellId": null,
        "ratingShellDS": null,
        "workItemStatus": null,
        "workItemType": null,
        "workItemSubType": null,
        "workItemReleaseDtm": null,
        "pressReleaseId": null,
        "securityClassNm": null,
        "shadowCd": null,
        "pressReleaseType": null,
        "pyrRatingType": null,
        "pacrEmail": null,
        "pacr": null,
        "chairEmail": null,
        "chair": null,
        "addendum": null,
        "addendumEmail": null
    },
    {
        "sourceSystem": "ACCURATE",
        "orgId": null,
        "ratingActionDesc": "San Diego Gas & Electric Company",
        "ratingActionID": "3459079",
        "ratingActionName": "San Diego Gas & Electric Company",
        "ratingCommitteeDate": null,
        "ratingOffice": "51",
        "ratingReleaseDate": "2020-09-23 15:55:46.0",
        "releaseDate": "2020-09-23 15:55:57.396",
        "lobname": "PPIF",
        "sublobname": "Infrastructure Finance",
        "region": "U.S.A. & Canada",
        "leadAnalystID": "2725",
        "leadAnalystName": "Natividad Martel",
        "leadAnalystUniqueId": "marteln",
        "analystEmail": "Natividad.Martel@moodys.com",
        "analystLocation": "New York - 7 World Trade Center",
        "approverID": null,
        "approverName": " ",
        "officeName": "Moody's Investors Service, Inc.",
        "documentExceptionListingInd": "Y",
        "announcementInd": "",
        "automaticRating": "No",
        "definitiveRatingPrevProvisional": "No",
        "indicativeRatingInd": "N",
        "definitiveRatingInd": null,
        "linkedAnotherActionInd": "No",
        "privateRatingActionInd": "N",
        "provisionalRatingInd": "Y",
        "secondaryactionind": "No",
        "subsequentRatingInd": "Y",
        "contactPersonId": null,
        "complianceType": "CAMS",
        "complianceID": "",
        "ratingShellId": null,
        "ratingShellDS": null,
        "workItemStatus": null,
        "workItemType": null,
        "workItemSubType": null,
        "workItemReleaseDtm": null,
        "pressReleaseId": null,
        "securityClassNm": null,
        "shadowCd": null,
        "pressReleaseType": null,
        "pyrRatingType": null,
        "pacrEmail": null,
        "pacr": null,
        "chairEmail": null,
        "chair": null,
        "addendum": null,
        "addendumEmail": null
    },
    {
        "sourceSystem": "ACCURATE",
        "orgId": null,
        "ratingActionDesc": "First Advantage Holdings, LLC",
        "ratingActionID": "3459103",
        "ratingActionName": "First Advantage Holdings, LLC",
        "ratingCommitteeDate": "2020-09-23 00:00:00.0",
        "ratingOffice": "51",
        "ratingReleaseDate": "2020-09-24 16:39:35.0",
        "releaseDate": "2020-09-24 16:39:43.266",
        "lobname": "CFG",
        "sublobname": "CFG_NY-4",
        "region": "U.S.A. & Canada",
        "leadAnalystID": "7400",
        "leadAnalystName": "Oleg Markin",
        "leadAnalystUniqueId": "markino",
        "analystEmail": "Oleg.Markin@moodys.com",
        "analystLocation": "New York - 7 World Trade Center",
        "approverID": "29002102",
        "approverName": "Gerald Granovsky",
        "officeName": "Moody's Investors Service, Inc.",
        "documentExceptionListingInd": "",
        "announcementInd": "",
        "automaticRating": "No",
        "definitiveRatingPrevProvisional": "No",
        "indicativeRatingInd": "N",
        "definitiveRatingInd": null,
        "linkedAnotherActionInd": "No",
        "privateRatingActionInd": "N",
        "provisionalRatingInd": "N",
        "secondaryactionind": "No",
        "subsequentRatingInd": "N",
        "contactPersonId": null,
        "complianceType": "CAMS",
        "complianceID": "103576",
        "ratingShellId": null,
        "ratingShellDS": null,
        "workItemStatus": null,
        "workItemType": null,
        "workItemSubType": null,
        "workItemReleaseDtm": null,
        "pressReleaseId": null,
        "securityClassNm": null,
        "shadowCd": null,
        "pressReleaseType": null,
        "pyrRatingType": null,
        "pacrEmail": "Karen.Nickerson@moodys.com",
        "pacr": "Karen Nickerson",
        "chairEmail": "Karen.Nickerson@moodys.com",
        "chair": "Karen Nickerson",
        "addendum": "Rebekah Liang ",
        "addendumEmail": "LiangR@moodys.com"
    },
    {
        "sourceSystem": "ACCURATE",
        "orgId": null,
        "ratingActionDesc": "Genuine Financial Holdings, LLC",
        "ratingActionID": "3459115",
        "ratingActionName": "Genuine Financial Holdings, LLC",
        "ratingCommitteeDate": "2020-09-23 00:00:00.0",
        "ratingOffice": "51",
        "ratingReleaseDate": "2020-09-24 16:37:28.0",
        "releaseDate": "2020-09-24 16:37:35.443",
        "lobname": "CFG",
        "sublobname": "CFG_NY-4",
        "region": "U.S.A. & Canada",
        "leadAnalystID": "7400",
        "leadAnalystName": "Oleg Markin",
        "leadAnalystUniqueId": "markino",
        "analystEmail": "Oleg.Markin@moodys.com",
        "analystLocation": "New York - 7 World Trade Center",
        "approverID": "29002102",
        "approverName": "Gerald Granovsky",
        "officeName": "Moody's Investors Service, Inc.",
        "documentExceptionListingInd": "",
        "announcementInd": "",
        "automaticRating": "No",
        "definitiveRatingPrevProvisional": "No",
        "indicativeRatingInd": "N",
        "definitiveRatingInd": null,
        "linkedAnotherActionInd": "No",
        "privateRatingActionInd": "N",
        "provisionalRatingInd": "N",
        "secondaryactionind": "No",
        "subsequentRatingInd": "N",
        "contactPersonId": null,
        "complianceType": "CAMS",
        "complianceID": "104257",
        "ratingShellId": null,
        "ratingShellDS": null,
        "workItemStatus": null,
        "workItemType": null,
        "workItemSubType": null,
        "workItemReleaseDtm": null,
        "pressReleaseId": null,
        "securityClassNm": null,
        "shadowCd": null,
        "pressReleaseType": null,
        "pyrRatingType": null,
        "pacrEmail": "Karen.Nickerson@moodys.com",
        "pacr": "Karen Nickerson",
        "chairEmail": "Karen.Nickerson@moodys.com",
        "chair": "Karen Nickerson",
        "addendum": "Rebekah Liang ",
        "addendumEmail": "LiangR@moodys.com"
    },
    {
        "sourceSystem": "ACCURATE",
        "orgId": null,
        "ratingActionDesc": "Sterling Midco Holdings, Inc.",
        "ratingActionID": "3459130",
        "ratingActionName": "Sterling Midco Holdings, Inc.",
        "ratingCommitteeDate": "2020-09-23 00:00:00.0",
        "ratingOffice": "51",
        "ratingReleaseDate": "2020-09-24 16:44:46.0",
        "releaseDate": "2020-09-24 16:44:52.2",
        "lobname": "CFG",
        "sublobname": "CFG_NY-4",
        "region": "U.S.A. & Canada",
        "leadAnalystID": "7400",
        "leadAnalystName": "Oleg Markin",
        "leadAnalystUniqueId": "markino",
        "analystEmail": "Oleg.Markin@moodys.com",
        "analystLocation": "New York - 7 World Trade Center",
        "approverID": "29002102",
        "approverName": "Gerald Granovsky",
        "officeName": "Moody's Investors Service, Inc.",
        "documentExceptionListingInd": "",
        "announcementInd": "",
        "automaticRating": "No",
        "definitiveRatingPrevProvisional": "No",
        "indicativeRatingInd": "N",
        "definitiveRatingInd": null,
        "linkedAnotherActionInd": "No",
        "privateRatingActionInd": "N",
        "provisionalRatingInd": "N",
        "secondaryactionind": "No",
        "subsequentRatingInd": "N",
        "contactPersonId": null,
        "complianceType": "CAMS",
        "complianceID": "104552",
        "ratingShellId": null,
        "ratingShellDS": null,
        "workItemStatus": null,
        "workItemType": null,
        "workItemSubType": null,
        "workItemReleaseDtm": null,
        "pressReleaseId": null,
        "securityClassNm": null,
        "shadowCd": null,
        "pressReleaseType": null,
        "pyrRatingType": null,
        "pacrEmail": "Karen.Nickerson@moodys.com",
        "pacr": "Karen Nickerson",
        "chairEmail": "Karen.Nickerson@moodys.com",
        "chair": "Karen Nickerson",
        "addendum": "Rebekah Liang ",
        "addendumEmail": "LiangR@moodys.com"
    },
    {
        "sourceSystem": "ACCURATE",
        "orgId": null,
        "ratingActionDesc": "Toyota Motor Credit Corporation",
        "ratingActionID": "3459137",
        "ratingActionName": "Toyota Motor Credit Corporation",
        "ratingCommitteeDate": null,
        "ratingOffice": "51",
        "ratingReleaseDate": "2020-09-23 15:53:16.0",
        "releaseDate": "2020-09-23 15:53:22.04",
        "lobname": "FIG",
        "sublobname": "Banking",
        "region": "U.S.A. & Canada",
        "leadAnalystID": "7586",
        "leadAnalystName": "Inna Bodeck",
        "leadAnalystUniqueId": "bodecki",
        "analystEmail": "Inna.Bodeck@moodys.com",
        "analystLocation": "New York - 7 World Trade Center",
        "approverID": null,
        "approverName": " ",
        "officeName": "Moody's Investors Service, Inc.",
        "documentExceptionListingInd": "",
        "announcementInd": "",
        "automaticRating": "No",
        "definitiveRatingPrevProvisional": "No",
        "indicativeRatingInd": "N",
        "definitiveRatingInd": null,
        "linkedAnotherActionInd": "No",
        "privateRatingActionInd": "N",
        "provisionalRatingInd": "N",
        "secondaryactionind": "No",
        "subsequentRatingInd": "Y",
        "contactPersonId": null,
        "complianceType": "CAMS",
        "complianceID": "",
        "ratingShellId": null,
        "ratingShellDS": null,
        "workItemStatus": null,
        "workItemType": null,
        "workItemSubType": null,
        "workItemReleaseDtm": null,
        "pressReleaseId": null,
        "securityClassNm": null,
        "shadowCd": null,
        "pressReleaseType": null,
        "pyrRatingType": null,
        "pacrEmail": null,
        "pacr": null,
        "chairEmail": null,
        "chair": null,
        "addendum": null,
        "addendumEmail": null
    },
    {
        "sourceSystem": "ACCURATE",
        "orgId": null,
        "ratingActionDesc": "Global Medical Response, Inc.",
        "ratingActionID": "3459139",
        "ratingActionName": "Global Medical Response, Inc.",
        "ratingCommitteeDate": "2020-09-23 00:00:00.0",
        "ratingOffice": "51",
        "ratingReleaseDate": "2020-09-23 19:24:07.0",
        "releaseDate": "2020-09-23 19:24:15.53",
        "lobname": "CFG",
        "sublobname": "CFG_NY-1",
        "region": "U.S.A. & Canada",
        "leadAnalystID": "8001",
        "leadAnalystName": "Kailash Chhaya",
        "leadAnalystUniqueId": "chhayak",
        "analystEmail": "Kailash.Chhaya@moodys.com",
        "analystLocation": "New York - 7 World Trade Center",
        "approverID": "29018541",
        "approverName": "Kailash Chhaya",
        "officeName": "Moody's Investors Service, Inc.",
        "documentExceptionListingInd": "",
        "announcementInd": "",
        "automaticRating": "No",
        "definitiveRatingPrevProvisional": "No",
        "indicativeRatingInd": "N",
        "definitiveRatingInd": null,
        "linkedAnotherActionInd": "No",
        "privateRatingActionInd": "N",
        "provisionalRatingInd": "N",
        "secondaryactionind": "No",
        "subsequentRatingInd": "N",
        "contactPersonId": null,
        "complianceType": "CAMS",
        "complianceID": "104940",
        "ratingShellId": null,
        "ratingShellDS": null,
        "workItemStatus": null,
        "workItemType": null,
        "workItemSubType": null,
        "workItemReleaseDtm": null,
        "pressReleaseId": null,
        "securityClassNm": null,
        "shadowCd": null,
        "pressReleaseType": null,
        "pyrRatingType": null,
        "pacrEmail": "Jessica.Gladstone@moodys.com",
        "pacr": "Jessica Gladstone",
        "chairEmail": "Scott.Tuhy@moodys.com",
        "chair": "Scott Tuhy",
        "addendum": "Samin Iram ",
        "addendumEmail": "IramSam@moodys.com"
    },
    {
        "sourceSystem": "ACCURATE",
        "orgId": null,
        "ratingActionDesc": "Fédération des caisses Desjardins du Québec Legislative Covered Bond Programme",
        "ratingActionID": "3459146",
        "ratingActionName": "Fédération des caisses Desjardins du Québec Legislative Covered Bond Programme",
        "ratingCommitteeDate": null,
        "ratingOffice": "71",
        "ratingReleaseDate": "2020-09-24 09:40:33.0",
        "releaseDate": "2020-09-24 09:40:52.336",
        "lobname": "SFG",
        "sublobname": "NR-COS-ABS",
        "region": "U.S.A. & Canada",
        "leadAnalystID": "7584",
        "leadAnalystName": "Simba Murahwi",
        "leadAnalystUniqueId": "murahwis",
        "analystEmail": "Simba.Murahwi@moodys.com",
        "analystLocation": "Toronto - 70 York Street",
        "approverID": null,
        "approverName": " ",
        "officeName": "Moody's Canada Inc.",
        "documentExceptionListingInd": "Y",
        "announcementInd": "",
        "automaticRating": "No",
        "definitiveRatingPrevProvisional": "No",
        "indicativeRatingInd": "N",
        "definitiveRatingInd": null,
        "linkedAnotherActionInd": "No",
        "privateRatingActionInd": "N",
        "provisionalRatingInd": "N",
        "secondaryactionind": "No",
        "subsequentRatingInd": "Y",
        "contactPersonId": null,
        "complianceType": "CAMS",
        "complianceID": "",
        "ratingShellId": null,
        "ratingShellDS": null,
        "workItemStatus": null,
        "workItemType": null,
        "workItemSubType": null,
        "workItemReleaseDtm": null,
        "pressReleaseId": null,
        "securityClassNm": null,
        "shadowCd": null,
        "pressReleaseType": null,
        "pyrRatingType": null,
        "pacrEmail": null,
        "pacr": null,
        "chairEmail": null,
        "chair": null,
        "addendum": null,
        "addendumEmail": null
    },
    {
        "sourceSystem": "ACCURATE",
        "orgId": null,
        "ratingActionDesc": "New Announcement",
        "ratingActionID": "3459148",
        "ratingActionName": "New Announcement",
        "ratingCommitteeDate": null,
        "ratingOffice": "51",
        "ratingReleaseDate": "2020-09-23 14:49:05.843",
        "releaseDate": "2020-09-23 14:49:05.853",
        "lobname": "PPIF",
        "sublobname": "Municipal Supported Products",
        "region": "U.S.A. & Canada",
        "leadAnalystID": "2312",
        "leadAnalystName": "Randy Matlosz",
        "leadAnalystUniqueId": "matloszr",
        "analystEmail": "Randy.Matlosz@moodys.com",
        "analystLocation": "New York - 7 World Trade Center",
        "approverID": null,
        "approverName": " ",
        "officeName": "Moody's Investors Service, Inc.",
        "documentExceptionListingInd": "Y",
        "announcementInd": "Y",
        "automaticRating": "Yes",
        "definitiveRatingPrevProvisional": "No",
        "indicativeRatingInd": "N",
        "definitiveRatingInd": null,
        "linkedAnotherActionInd": "No",
        "privateRatingActionInd": "",
        "provisionalRatingInd": "N",
        "secondaryactionind": "No",
        "subsequentRatingInd": "",
        "contactPersonId": null,
        "complianceType": "CAMS",
        "complianceID": "",
        "ratingShellId": null,
        "ratingShellDS": null,
        "workItemStatus": null,
        "workItemType": null,
        "workItemSubType": null,
        "workItemReleaseDtm": null,
        "pressReleaseId": null,
        "securityClassNm": null,
        "shadowCd": null,
        "pressReleaseType": null,
        "pyrRatingType": null,
        "pacrEmail": null,
        "pacr": null,
        "chairEmail": null,
        "chair": null,
        "addendum": null,
        "addendumEmail": null
    },
    {
        "sourceSystem": "ACCURATE",
        "orgId": null,
        "ratingActionDesc": "Bank of Montreal",
        "ratingActionID": "3459180",
        "ratingActionName": "Bank of Montreal",
        "ratingCommitteeDate": null,
        "ratingOffice": "71",
        "ratingReleaseDate": "2020-09-24 11:30:39.0",
        "releaseDate": "2020-09-24 11:30:44.98",
        "lobname": "FIG",
        "sublobname": "Banking",
        "region": "U.S.A. & Canada",
        "leadAnalystID": "6721",
        "leadAnalystName": "John Beattie",
        "leadAnalystUniqueId": "beattied",
        "analystEmail": "David.Beattie@moodys.com",
        "analystLocation": "Toronto - 70 York Street",
        "approverID": null,
        "approverName": " ",
        "officeName": "Moody's Canada Inc.",
        "documentExceptionListingInd": "",
        "announcementInd": "",
        "automaticRating": "No",
        "definitiveRatingPrevProvisional": "No",
        "indicativeRatingInd": "N",
        "definitiveRatingInd": null,
        "linkedAnotherActionInd": "No",
        "privateRatingActionInd": "N",
        "provisionalRatingInd": "N",
        "secondaryactionind": "No",
        "subsequentRatingInd": "Y",
        "contactPersonId": null,
        "complianceType": "CAMS",
        "complianceID": "",
        "ratingShellId": null,
        "ratingShellDS": null,
        "workItemStatus": null,
        "workItemType": null,
        "workItemSubType": null,
        "workItemReleaseDtm": null,
        "pressReleaseId": null,
        "securityClassNm": null,
        "shadowCd": null,
        "pressReleaseType": null,
        "pyrRatingType": null,
        "pacrEmail": null,
        "pacr": null,
        "chairEmail": null,
        "chair": null,
        "addendum": null,
        "addendumEmail": null
    },
    {
        "sourceSystem": "ACCURATE",
        "orgId": null,
        "ratingActionDesc": "Jane Street Group, LLC",
        "ratingActionID": "3459184",
        "ratingActionName": "Jane Street Group, LLC",
        "ratingCommitteeDate": "2020-09-23 00:00:00.0",
        "ratingOffice": "51",
        "ratingReleaseDate": "2020-09-24 16:54:53.0",
        "releaseDate": "2020-09-24 16:54:59.553",
        "lobname": "FIG",
        "sublobname": "Banking",
        "region": "U.S.A. & Canada",
        "leadAnalystID": "7191",
        "leadAnalystName": "Fadi Abdel Massih",
        "leadAnalystUniqueId": "massihf",
        "analystEmail": "Fadi.Massih@moodys.com",
        "analystLocation": "New York - 7 World Trade Center",
        "approverID": "29018213",
        "approverName": "Fadi Abdel Massih",
        "officeName": "Moody's Investors Service, Inc.",
        "documentExceptionListingInd": "",
        "announcementInd": "",
        "automaticRating": "No",
        "definitiveRatingPrevProvisional": "No",
        "indicativeRatingInd": "N",
        "definitiveRatingInd": null,
        "linkedAnotherActionInd": "No",
        "privateRatingActionInd": "N",
        "provisionalRatingInd": "N",
        "secondaryactionind": "No",
        "subsequentRatingInd": "N",
        "contactPersonId": null,
        "complianceType": "CAMS",
        "complianceID": "104689",
        "ratingShellId": null,
        "ratingShellDS": null,
        "workItemStatus": null,
        "workItemType": null,
        "workItemSubType": null,
        "workItemReleaseDtm": null,
        "pressReleaseId": null,
        "securityClassNm": null,
        "shadowCd": null,
        "pressReleaseType": null,
        "pyrRatingType": null,
        "pacrEmail": "Ana.Arsov@moodys.com",
        "pacr": "Ana Arsov",
        "chairEmail": "Ana.Arsov@moodys.com",
        "chair": "Ana Arsov",
        "addendum": "Gabriel Hack ",
        "addendumEmail": "HackGabr@moodys.com"
    },
    {
        "sourceSystem": "ACCURATE",
        "orgId": null,
        "ratingActionDesc": "Chinos Intermediate 2 LLC",
        "ratingActionID": "3459219",
        "ratingActionName": "Chinos Intermediate 2 LLC",
        "ratingCommitteeDate": "2020-09-24 00:00:00.0",
        "ratingOffice": "51",
        "ratingReleaseDate": "2020-09-25 14:23:13.0",
        "releaseDate": "2020-09-25 14:23:29.306",
        "lobname": "CFG",
        "sublobname": "CFG_NY-3",
        "region": "U.S.A. & Canada",
        "leadAnalystID": "6827",
        "leadAnalystName": "Raya Sokolyanska",
        "leadAnalystUniqueId": "sokolyar",
        "analystEmail": "Raya.Sokolyanska@moodys.com",
        "analystLocation": "New York - 7 World Trade Center",
        "approverID": "29008285",
        "approverName": "Raya Sokolyanska",
        "officeName": "Moody's Investors Service, Inc.",
        "documentExceptionListingInd": "",
        "announcementInd": "",
        "automaticRating": "No",
        "definitiveRatingPrevProvisional": "No",
        "indicativeRatingInd": "N",
        "definitiveRatingInd": null,
        "linkedAnotherActionInd": "No",
        "privateRatingActionInd": "N",
        "provisionalRatingInd": "N",
        "secondaryactionind": "No",
        "subsequentRatingInd": "N",
        "contactPersonId": null,
        "complianceType": "CAMS",
        "complianceID": "104892",
        "ratingShellId": null,
        "ratingShellDS": null,
        "workItemStatus": null,
        "workItemType": null,
        "workItemSubType": null,
        "workItemReleaseDtm": null,
        "pressReleaseId": null,
        "securityClassNm": null,
        "shadowCd": null,
        "pressReleaseType": null,
        "pyrRatingType": null,
        "pacrEmail": null,
        "pacr": null,
        "chairEmail": null,
        "chair": null,
        "addendum": null,
        "addendumEmail": null
    },
    {
        "sourceSystem": "ACCURATE",
        "orgId": null,
        "ratingActionDesc": "Voyager Aviation Holdings, LLC",
        "ratingActionID": "3459301",
        "ratingActionName": "Voyager Aviation Holdings, LLC",
        "ratingCommitteeDate": "2020-09-24 00:00:00.0",
        "ratingOffice": "51",
        "ratingReleaseDate": "2020-09-24 18:42:45.0",
        "releaseDate": "2020-09-24 18:42:51.4",
        "lobname": "FIG",
        "sublobname": "Banking",
        "region": "U.S.A. & Canada",
        "leadAnalystID": "2059",
        "leadAnalystName": "Mark Wasden",
        "leadAnalystUniqueId": "wasdenm",
        "analystEmail": "Mark.Wasden@moodys.com",
        "analystLocation": "New York - 7 World Trade Center",
        "approverID": "29000732",
        "approverName": "Mark Wasden",
        "officeName": "Moody's Investors Service, Inc.",
        "documentExceptionListingInd": "",
        "announcementInd": "",
        "automaticRating": "No",
        "definitiveRatingPrevProvisional": "No",
        "indicativeRatingInd": "N",
        "definitiveRatingInd": null,
        "linkedAnotherActionInd": "No",
        "privateRatingActionInd": "N",
        "provisionalRatingInd": "N",
        "secondaryactionind": "No",
        "subsequentRatingInd": "N",
        "contactPersonId": null,
        "complianceType": "CAMS",
        "complianceID": "104036",
        "ratingShellId": null,
        "ratingShellDS": null,
        "workItemStatus": null,
        "workItemType": null,
        "workItemSubType": null,
        "workItemReleaseDtm": null,
        "pressReleaseId": null,
        "securityClassNm": null,
        "shadowCd": null,
        "pressReleaseType": null,
        "pyrRatingType": null,
        "pacrEmail": "Ana.Arsov@moodys.com",
        "pacr": "Ana Arsov",
        "chairEmail": "Ana.Arsov@moodys.com",
        "chair": "Ana Arsov",
        "addendum": "Jennifer Fortaney Vazquez ",
        "addendumEmail": "FortaneJ@moodys.com"
    },
    {
        "sourceSystem": "ACCURATE",
        "orgId": null,
        "ratingActionDesc": "StepStone Group LP",
        "ratingActionID": "3459369",
        "ratingActionName": "StepStone Group LP",
        "ratingCommitteeDate": null,
        "ratingOffice": "51",
        "ratingReleaseDate": "2020-09-24 11:31:02.0",
        "releaseDate": "2020-09-24 11:31:07.166",
        "lobname": "FIG",
        "sublobname": "Funds and Asset Mgmt",
        "region": "U.S.A. & Canada",
        "leadAnalystID": "6735",
        "leadAnalystName": "Stefan Kahandaliyanage",
        "leadAnalystUniqueId": "kahandst",
        "analystEmail": "Stefan.Kahandaliyanage@moodys.com",
        "analystLocation": "New York - 7 World Trade Center",
        "approverID": "29013117",
        "approverName": "Stefan Kahandaliyanage",
        "officeName": "Moody's Investors Service, Inc.",
        "documentExceptionListingInd": "Y",
        "announcementInd": "",
        "automaticRating": "Yes",
        "definitiveRatingPrevProvisional": "No",
        "indicativeRatingInd": "N",
        "definitiveRatingInd": null,
        "linkedAnotherActionInd": "No",
        "privateRatingActionInd": "N",
        "provisionalRatingInd": "N",
        "secondaryactionind": "No",
        "subsequentRatingInd": "N",
        "contactPersonId": null,
        "complianceType": "CAMS",
        "complianceID": "",
        "ratingShellId": null,
        "ratingShellDS": null,
        "workItemStatus": null,
        "workItemType": null,
        "workItemSubType": null,
        "workItemReleaseDtm": null,
        "pressReleaseId": null,
        "securityClassNm": null,
        "shadowCd": null,
        "pressReleaseType": null,
        "pyrRatingType": null,
        "pacrEmail": null,
        "pacr": null,
        "chairEmail": null,
        "chair": null,
        "addendum": null,
        "addendumEmail": null
    },
    {
        "sourceSystem": "ACCURATE",
        "orgId": null,
        "ratingActionDesc": "Collateralized Commercial Paper Co., LLC & Collateralized Commercial Paper II Co, LLC",
        "ratingActionID": "3459383",
        "ratingActionName": "Collateralized Commercial Paper Co., LLC & Collateralized Commercial Paper II Co, LLC",
        "ratingCommitteeDate": null,
        "ratingOffice": "51",
        "ratingReleaseDate": "2020-09-24 15:56:41.0",
        "releaseDate": "2020-09-24 15:56:48.31",
        "lobname": "SFG",
        "sublobname": "Surv-COR-ABCP",
        "region": "U.S.A. & Canada",
        "leadAnalystID": "6331",
        "leadAnalystName": "Katrina Wong",
        "leadAnalystUniqueId": "wongka",
        "analystEmail": "Katrina.Wong@moodys.com",
        "analystLocation": "New York - 7 World Trade Center",
        "approverID": null,
        "approverName": " ",
        "officeName": "Moody's Investors Service, Inc.",
        "documentExceptionListingInd": "Y",
        "announcementInd": "",
        "automaticRating": "Yes",
        "definitiveRatingPrevProvisional": "No",
        "indicativeRatingInd": "N",
        "definitiveRatingInd": null,
        "linkedAnotherActionInd": "No",
        "privateRatingActionInd": "N",
        "provisionalRatingInd": "N",
        "secondaryactionind": "No",
        "subsequentRatingInd": "N",
        "contactPersonId": null,
        "complianceType": "CAMS",
        "complianceID": "",
        "ratingShellId": null,
        "ratingShellDS": null,
        "workItemStatus": null,
        "workItemType": null,
        "workItemSubType": null,
        "workItemReleaseDtm": null,
        "pressReleaseId": null,
        "securityClassNm": null,
        "shadowCd": null,
        "pressReleaseType": null,
        "pyrRatingType": null,
        "pacrEmail": null,
        "pacr": null,
        "chairEmail": null,
        "chair": null,
        "addendum": null,
        "addendumEmail": null
    },
    {
        "sourceSystem": "ACCURATE",
        "orgId": null,
        "ratingActionDesc": "84 Lumber Company",
        "ratingActionID": "3459405",
        "ratingActionName": "84 Lumber Company",
        "ratingCommitteeDate": null,
        "ratingOffice": "51",
        "ratingReleaseDate": "2020-09-24 13:07:10.0",
        "releaseDate": "2020-09-24 13:07:12.86",
        "lobname": "CFG",
        "sublobname": "CFG_NY-2",
        "region": "U.S.A. & Canada",
        "leadAnalystID": "2087",
        "leadAnalystName": "Peter Doyle",
        "leadAnalystUniqueId": "doylep",
        "analystEmail": "Peter.Doyle@moodys.com",
        "analystLocation": "New York - 7 World Trade Center",
        "approverID": null,
        "approverName": " ",
        "officeName": "Moody's Investors Service, Inc.",
        "documentExceptionListingInd": "Y",
        "announcementInd": "",
        "automaticRating": "Yes",
        "definitiveRatingPrevProvisional": "No",
        "indicativeRatingInd": "N",
        "definitiveRatingInd": null,
        "linkedAnotherActionInd": "No",
        "privateRatingActionInd": "N",
        "provisionalRatingInd": "N",
        "secondaryactionind": "No",
        "subsequentRatingInd": "",
        "contactPersonId": null,
        "complianceType": "CAMS",
        "complianceID": "",
        "ratingShellId": null,
        "ratingShellDS": null,
        "workItemStatus": null,
        "workItemType": null,
        "workItemSubType": null,
        "workItemReleaseDtm": null,
        "pressReleaseId": null,
        "securityClassNm": null,
        "shadowCd": null,
        "pressReleaseType": null,
        "pyrRatingType": null,
        "pacrEmail": null,
        "pacr": null,
        "chairEmail": null,
        "chair": null,
        "addendum": null,
        "addendumEmail": null
    },
    {
        "sourceSystem": "ACCURATE",
        "orgId": null,
        "ratingActionDesc": "Specialty Building Products Holdings, LLC",
        "ratingActionID": "3459409",
        "ratingActionName": "Specialty Building Products Holdings, LLC",
        "ratingCommitteeDate": null,
        "ratingOffice": "51",
        "ratingReleaseDate": "2020-09-24 13:05:13.0",
        "releaseDate": "2020-09-24 13:05:15.616",
        "lobname": "CFG",
        "sublobname": "CFG_NY-2",
        "region": "U.S.A. & Canada",
        "leadAnalystID": "2087",
        "leadAnalystName": "Peter Doyle",
        "leadAnalystUniqueId": "doylep",
        "analystEmail": "Peter.Doyle@moodys.com",
        "analystLocation": "New York - 7 World Trade Center",
        "approverID": null,
        "approverName": " ",
        "officeName": "Moody's Investors Service, Inc.",
        "documentExceptionListingInd": "Y",
        "announcementInd": "",
        "automaticRating": "Yes",
        "definitiveRatingPrevProvisional": "No",
        "indicativeRatingInd": "N",
        "definitiveRatingInd": null,
        "linkedAnotherActionInd": "No",
        "privateRatingActionInd": "N",
        "provisionalRatingInd": "N",
        "secondaryactionind": "No",
        "subsequentRatingInd": "",
        "contactPersonId": null,
        "complianceType": "CAMS",
        "complianceID": "",
        "ratingShellId": null,
        "ratingShellDS": null,
        "workItemStatus": null,
        "workItemType": null,
        "workItemSubType": null,
        "workItemReleaseDtm": null,
        "pressReleaseId": null,
        "securityClassNm": null,
        "shadowCd": null,
        "pressReleaseType": null,
        "pyrRatingType": null,
        "pacrEmail": null,
        "pacr": null,
        "chairEmail": null,
        "chair": null,
        "addendum": null,
        "addendumEmail": null
    },
    {
        "sourceSystem": "ACCURATE",
        "orgId": null,
        "ratingActionDesc": "Federal Home Loan Banks",
        "ratingActionID": "3459411",
        "ratingActionName": "Federal Home Loan Banks",
        "ratingCommitteeDate": null,
        "ratingOffice": "51",
        "ratingReleaseDate": "2020-09-24 10:36:15.0",
        "releaseDate": "2020-09-24 10:36:34.52",
        "lobname": "FIG",
        "sublobname": "Banking",
        "region": "U.S.A. & Canada",
        "leadAnalystID": "1241",
        "leadAnalystName": "Allen Tischler",
        "leadAnalystUniqueId": "tischlea",
        "analystEmail": "Allen.Tischler@moodys.com",
        "analystLocation": "New York - 7 World Trade Center",
        "approverID": null,
        "approverName": " ",
        "officeName": "Moody's Investors Service, Inc.",
        "documentExceptionListingInd": "",
        "announcementInd": "",
        "automaticRating": "No",
        "definitiveRatingPrevProvisional": "No",
        "indicativeRatingInd": "N",
        "definitiveRatingInd": null,
        "linkedAnotherActionInd": "No",
        "privateRatingActionInd": "N",
        "provisionalRatingInd": "N",
        "secondaryactionind": "No",
        "subsequentRatingInd": "Y",
        "contactPersonId": null,
        "complianceType": "CAMS",
        "complianceID": "",
        "ratingShellId": null,
        "ratingShellDS": null,
        "workItemStatus": null,
        "workItemType": null,
        "workItemSubType": null,
        "workItemReleaseDtm": null,
        "pressReleaseId": null,
        "securityClassNm": null,
        "shadowCd": null,
        "pressReleaseType": null,
        "pyrRatingType": null,
        "pacrEmail": null,
        "pacr": null,
        "chairEmail": null,
        "chair": null,
        "addendum": null,
        "addendumEmail": null
    },
    {
        "sourceSystem": "ACCURATE",
        "orgId": null,
        "ratingActionDesc": "ENN Ecological Holdings Co., Ltd and ENN Clean Energy International Investment Limited",
        "ratingActionID": "3459425",
        "ratingActionName": "ENN Ecological Holdings Co., Ltd and ENN Clean Energy International Investment Limited",
        "ratingCommitteeDate": "2020-09-23 00:00:00.0",
        "ratingOffice": "72",
        "ratingReleaseDate": "2020-09-25 06:38:30.0",
        "releaseDate": "2020-09-25 06:38:37.886",
        "lobname": "PPIF",
        "sublobname": "Infrastructure Finance",
        "region": null,
        "leadAnalystID": "7926",
        "leadAnalystName": "Chun Wah Kan",
        "leadAnalystUniqueId": "kanb",
        "analystEmail": "Boris.Kan@moodys.com",
        "analystLocation": "Hong Kong - One Pacific Place",
        "approverID": "29032780",
        "approverName": "Chun Wah Kan",
        "officeName": "Moody's Investors Service Hong Kong Ltd.",
        "documentExceptionListingInd": "",
        "announcementInd": "",
        "automaticRating": "No",
        "definitiveRatingPrevProvisional": "No",
        "indicativeRatingInd": "N",
        "definitiveRatingInd": null,
        "linkedAnotherActionInd": "No",
        "privateRatingActionInd": "N",
        "provisionalRatingInd": "N",
        "secondaryactionind": "No",
        "subsequentRatingInd": "N",
        "contactPersonId": null,
        "complianceType": "CAMS",
        "complianceID": "104570",
        "ratingShellId": null,
        "ratingShellDS": null,
        "workItemStatus": null,
        "workItemType": null,
        "workItemSubType": null,
        "workItemReleaseDtm": null,
        "pressReleaseId": null,
        "securityClassNm": null,
        "shadowCd": null,
        "pressReleaseType": null,
        "pyrRatingType": null,
        "pacrEmail": "Terry.Fanous@moodys.com",
        "pacr": "Terry Fanous",
        "chairEmail": "Ning.Loh@moodys.com",
        "chair": "Ning Loh",
        "addendum": "Nicole Gu ",
        "addendumEmail": "GuN@moodys.com"
    },
    {
        "sourceSystem": "ACCURATE",
        "orgId": null,
        "ratingActionDesc": "ENN Energy Holdings Limited",
        "ratingActionID": "3459428",
        "ratingActionName": "ENN Energy Holdings Limited",
        "ratingCommitteeDate": "2020-09-23 00:00:00.0",
        "ratingOffice": "72",
        "ratingReleaseDate": "2020-09-25 06:06:29.0",
        "releaseDate": "2020-09-25 06:06:37.933",
        "lobname": "PPIF",
        "sublobname": "Infrastructure Finance",
        "region": null,
        "leadAnalystID": "7926",
        "leadAnalystName": "Chun Wah Kan",
        "leadAnalystUniqueId": "kanb",
        "analystEmail": "Boris.Kan@moodys.com",
        "analystLocation": "Hong Kong - One Pacific Place",
        "approverID": "29032780",
        "approverName": "Chun Wah Kan",
        "officeName": "Moody's Investors Service Hong Kong Ltd.",
        "documentExceptionListingInd": "",
        "announcementInd": "",
        "automaticRating": "No",
        "definitiveRatingPrevProvisional": "No",
        "indicativeRatingInd": "N",
        "definitiveRatingInd": null,
        "linkedAnotherActionInd": "No",
        "privateRatingActionInd": "N",
        "provisionalRatingInd": "N",
        "secondaryactionind": "No",
        "subsequentRatingInd": "N",
        "contactPersonId": null,
        "complianceType": "CAMS",
        "complianceID": "104569",
        "ratingShellId": null,
        "ratingShellDS": null,
        "workItemStatus": null,
        "workItemType": null,
        "workItemSubType": null,
        "workItemReleaseDtm": null,
        "pressReleaseId": null,
        "securityClassNm": null,
        "shadowCd": null,
        "pressReleaseType": null,
        "pyrRatingType": null,
        "pacrEmail": "Terry.Fanous@moodys.com",
        "pacr": "Terry Fanous",
        "chairEmail": "Ning.Loh@moodys.com",
        "chair": "Ning Loh",
        "addendum": "Nicole Gu ",
        "addendumEmail": "GuN@moodys.com"
    },
    {
        "sourceSystem": "ACCURATE",
        "orgId": null,
        "ratingActionDesc": "Korea National Oil Corporation",
        "ratingActionID": "3459453",
        "ratingActionName": "Korea National Oil Corporation",
        "ratingCommitteeDate": null,
        "ratingOffice": "72",
        "ratingReleaseDate": "2020-09-24 01:58:09.0",
        "releaseDate": "2020-09-24 01:58:13.46",
        "lobname": "CFG",
        "sublobname": "CFG Regional",
        "region": null,
        "leadAnalystID": "7289",
        "leadAnalystName": "Wan Hee Yoo",
        "leadAnalystUniqueId": "yoow",
        "analystEmail": "WanHee.Yoo@moodys.com",
        "analystLocation": "Hong Kong - One Pacific Place",
        "approverID": null,
        "approverName": " ",
        "officeName": "Moody's Investors Service Hong Kong Ltd.",
        "documentExceptionListingInd": "Y",
        "announcementInd": "",
        "automaticRating": "Yes",
        "definitiveRatingPrevProvisional": "No",
        "indicativeRatingInd": "N",
        "definitiveRatingInd": null,
        "linkedAnotherActionInd": "No",
        "privateRatingActionInd": "N",
        "provisionalRatingInd": "N",
        "secondaryactionind": "No",
        "subsequentRatingInd": "Y",
        "contactPersonId": null,
        "complianceType": "CAMS",
        "complianceID": "",
        "ratingShellId": null,
        "ratingShellDS": null,
        "workItemStatus": null,
        "workItemType": null,
        "workItemSubType": null,
        "workItemReleaseDtm": null,
        "pressReleaseId": null,
        "securityClassNm": null,
        "shadowCd": null,
        "pressReleaseType": null,
        "pyrRatingType": null,
        "pacrEmail": null,
        "pacr": null,
        "chairEmail": null,
        "chair": null,
        "addendum": null,
        "addendumEmail": null
    },
    {
        "sourceSystem": "ACCURATE",
        "orgId": null,
        "ratingActionDesc": "Asian Infrastructure Investment Bank (AIIB)",
        "ratingActionID": "3459455",
        "ratingActionName": "Asian Infrastructure Investment Bank (AIIB)",
        "ratingCommitteeDate": null,
        "ratingOffice": "81",
        "ratingReleaseDate": "2020-09-24 06:02:40.0",
        "releaseDate": "2020-09-24 06:02:46.963",
        "lobname": "SOV",
        "sublobname": "Sovereign",
        "region": "Asia Pacific",
        "leadAnalystID": "7896",
        "leadAnalystName": "Martin Petch",
        "leadAnalystUniqueId": "petm",
        "analystEmail": "Martin.Petch@moodys.com",
        "analystLocation": "Singapore - 50 Raffles Place #23-06",
        "approverID": null,
        "approverName": " ",
        "officeName": "Moody's Investors Service Singapore Pte. Ltd.",
        "documentExceptionListingInd": "Y",
        "announcementInd": "",
        "automaticRating": "Yes",
        "definitiveRatingPrevProvisional": "No",
        "indicativeRatingInd": "N",
        "definitiveRatingInd": null,
        "linkedAnotherActionInd": "No",
        "privateRatingActionInd": "N",
        "provisionalRatingInd": "N",
        "secondaryactionind": "No",
        "subsequentRatingInd": "Y",
        "contactPersonId": null,
        "complianceType": "CAMS",
        "complianceID": "",
        "ratingShellId": null,
        "ratingShellDS": null,
        "workItemStatus": null,
        "workItemType": null,
        "workItemSubType": null,
        "workItemReleaseDtm": null,
        "pressReleaseId": null,
        "securityClassNm": null,
        "shadowCd": null,
        "pressReleaseType": null,
        "pyrRatingType": null,
        "pacrEmail": null,
        "pacr": null,
        "chairEmail": null,
        "chair": null,
        "addendum": null,
        "addendumEmail": null
    },
    {
        "sourceSystem": "ACCURATE",
        "orgId": null,
        "ratingActionDesc": "Federal Farm Credit Banks",
        "ratingActionID": "3459473",
        "ratingActionName": "Federal Farm Credit Banks",
        "ratingCommitteeDate": null,
        "ratingOffice": "51",
        "ratingReleaseDate": "2020-09-24 10:31:56.0",
        "releaseDate": "2020-09-24 10:32:25.226",
        "lobname": "FIG",
        "sublobname": "Banking",
        "region": "U.S.A. & Canada",
        "leadAnalystID": "1241",
        "leadAnalystName": "Allen Tischler",
        "leadAnalystUniqueId": "tischlea",
        "analystEmail": "Allen.Tischler@moodys.com",
        "analystLocation": "New York - 7 World Trade Center",
        "approverID": null,
        "approverName": " ",
        "officeName": "Moody's Investors Service, Inc.",
        "documentExceptionListingInd": "",
        "announcementInd": "",
        "automaticRating": "No",
        "definitiveRatingPrevProvisional": "No",
        "indicativeRatingInd": "N",
        "definitiveRatingInd": null,
        "linkedAnotherActionInd": "No",
        "privateRatingActionInd": "N",
        "provisionalRatingInd": "N",
        "secondaryactionind": "No",
        "subsequentRatingInd": "Y",
        "contactPersonId": null,
        "complianceType": "CAMS",
        "complianceID": "",
        "ratingShellId": null,
        "ratingShellDS": null,
        "workItemStatus": null,
        "workItemType": null,
        "workItemSubType": null,
        "workItemReleaseDtm": null,
        "pressReleaseId": null,
        "securityClassNm": null,
        "shadowCd": null,
        "pressReleaseType": null,
        "pyrRatingType": null,
        "pacrEmail": null,
        "pacr": null,
        "chairEmail": null,
        "chair": null,
        "addendum": null,
        "addendumEmail": null
    },
    {
        "sourceSystem": "ACCURATE",
        "orgId": null,
        "ratingActionDesc": "Federal Home Loan Mortgage Corp.",
        "ratingActionID": "3459489",
        "ratingActionName": "Federal Home Loan Mortgage Corp.",
        "ratingCommitteeDate": null,
        "ratingOffice": "51",
        "ratingReleaseDate": "2020-09-24 15:17:57.0",
        "releaseDate": "2020-09-24 15:18:49.343",
        "lobname": "FIG",
        "sublobname": "Banking",
        "region": "U.S.A. & Canada",
        "leadAnalystID": "1600",
        "leadAnalystName": "Warren Kornfeld",
        "leadAnalystUniqueId": "kornfelw",
        "analystEmail": "Warren.Kornfeld@moodys.com",
        "analystLocation": "New York - 7 World Trade Center",
        "approverID": null,
        "approverName": " ",
        "officeName": "Moody's Investors Service, Inc.",
        "documentExceptionListingInd": "",
        "announcementInd": "",
        "automaticRating": "No",
        "definitiveRatingPrevProvisional": "No",
        "indicativeRatingInd": "N",
        "definitiveRatingInd": null,
        "linkedAnotherActionInd": "No",
        "privateRatingActionInd": "N",
        "provisionalRatingInd": "N",
        "secondaryactionind": "No",
        "subsequentRatingInd": "Y",
        "contactPersonId": null,
        "complianceType": "CAMS",
        "complianceID": "",
        "ratingShellId": null,
        "ratingShellDS": null,
        "workItemStatus": null,
        "workItemType": null,
        "workItemSubType": null,
        "workItemReleaseDtm": null,
        "pressReleaseId": null,
        "securityClassNm": null,
        "shadowCd": null,
        "pressReleaseType": null,
        "pyrRatingType": null,
        "pacrEmail": null,
        "pacr": null,
        "chairEmail": null,
        "chair": null,
        "addendum": null,
        "addendumEmail": null
    },
    {
        "sourceSystem": "ACCURATE",
        "orgId": null,
        "ratingActionDesc": "Flagship Credit Auto Trust 2019-1",
        "ratingActionID": "3459495",
        "ratingActionName": "Flagship Credit Auto Trust 2019-1",
        "ratingCommitteeDate": null,
        "ratingOffice": "51",
        "ratingReleaseDate": "2020-09-25 08:28:06.0",
        "releaseDate": "2020-09-25 08:28:19.71",
        "lobname": null,
        "sublobname": null,
        "region": "U.S.A. & Canada",
        "leadAnalystID": "30000",
        "leadAnalystName": "Structured Finance Group Middle Office - US",
        "leadAnalystUniqueId": null,
        "analystEmail": null,
        "analystLocation": null,
        "approverID": null,
        "approverName": " ",
        "officeName": "Moody's Investors Service, Inc.",
        "documentExceptionListingInd": "Y",
        "announcementInd": "",
        "automaticRating": "Yes",
        "definitiveRatingPrevProvisional": "No",
        "indicativeRatingInd": "N",
        "definitiveRatingInd": null,
        "linkedAnotherActionInd": "No",
        "privateRatingActionInd": "Y",
        "provisionalRatingInd": "N",
        "secondaryactionind": "No",
        "subsequentRatingInd": "",
        "contactPersonId": null,
        "complianceType": "CAMS",
        "complianceID": "",
        "ratingShellId": null,
        "ratingShellDS": null,
        "workItemStatus": null,
        "workItemType": null,
        "workItemSubType": null,
        "workItemReleaseDtm": null,
        "pressReleaseId": null,
        "securityClassNm": null,
        "shadowCd": null,
        "pressReleaseType": null,
        "pyrRatingType": null,
        "pacrEmail": null,
        "pacr": null,
        "chairEmail": null,
        "chair": null,
        "addendum": null,
        "addendumEmail": null
    },
    {
        "sourceSystem": "ACCURATE",
        "orgId": null,
        "ratingActionDesc": "Federal Home Loan Mortgage Corp.",
        "ratingActionID": "3459525",
        "ratingActionName": "Federal Home Loan Mortgage Corp.",
        "ratingCommitteeDate": null,
        "ratingOffice": "51",
        "ratingReleaseDate": "2020-09-24 16:39:31.0",
        "releaseDate": "2020-09-24 16:40:27.49",
        "lobname": "FIG",
        "sublobname": "Banking",
        "region": "U.S.A. & Canada",
        "leadAnalystID": "1600",
        "leadAnalystName": "Warren Kornfeld",
        "leadAnalystUniqueId": "kornfelw",
        "analystEmail": "Warren.Kornfeld@moodys.com",
        "analystLocation": "New York - 7 World Trade Center",
        "approverID": null,
        "approverName": " ",
        "officeName": "Moody's Investors Service, Inc.",
        "documentExceptionListingInd": "",
        "announcementInd": "",
        "automaticRating": "No",
        "definitiveRatingPrevProvisional": "No",
        "indicativeRatingInd": "N",
        "definitiveRatingInd": null,
        "linkedAnotherActionInd": "No",
        "privateRatingActionInd": "N",
        "provisionalRatingInd": "N",
        "secondaryactionind": "No",
        "subsequentRatingInd": "Y",
        "contactPersonId": null,
        "complianceType": "CAMS",
        "complianceID": "",
        "ratingShellId": null,
        "ratingShellDS": null,
        "workItemStatus": null,
        "workItemType": null,
        "workItemSubType": null,
        "workItemReleaseDtm": null,
        "pressReleaseId": null,
        "securityClassNm": null,
        "shadowCd": null,
        "pressReleaseType": null,
        "pyrRatingType": null,
        "pacrEmail": null,
        "pacr": null,
        "chairEmail": null,
        "chair": null,
        "addendum": null,
        "addendumEmail": null
    },
    {
        "sourceSystem": "ACCURATE",
        "orgId": null,
        "ratingActionDesc": "Flagship Credit Auto Trust 2020-1",
        "ratingActionID": "3459549",
        "ratingActionName": "Flagship Credit Auto Trust 2020-1",
        "ratingCommitteeDate": null,
        "ratingOffice": "51",
        "ratingReleaseDate": "2020-09-25 08:25:18.0",
        "releaseDate": "2020-09-25 08:25:32.823",
        "lobname": null,
        "sublobname": null,
        "region": "U.S.A. & Canada",
        "leadAnalystID": "30000",
        "leadAnalystName": "Structured Finance Group Middle Office - US",
        "leadAnalystUniqueId": null,
        "analystEmail": null,
        "analystLocation": null,
        "approverID": null,
        "approverName": " ",
        "officeName": "Moody's Investors Service, Inc.",
        "documentExceptionListingInd": "Y",
        "announcementInd": "",
        "automaticRating": "Yes",
        "definitiveRatingPrevProvisional": "No",
        "indicativeRatingInd": "N",
        "definitiveRatingInd": null,
        "linkedAnotherActionInd": "No",
        "privateRatingActionInd": "Y",
        "provisionalRatingInd": "N",
        "secondaryactionind": "No",
        "subsequentRatingInd": "",
        "contactPersonId": null,
        "complianceType": "CAMS",
        "complianceID": "",
        "ratingShellId": null,
        "ratingShellDS": null,
        "workItemStatus": null,
        "workItemType": null,
        "workItemSubType": null,
        "workItemReleaseDtm": null,
        "pressReleaseId": null,
        "securityClassNm": null,
        "shadowCd": null,
        "pressReleaseType": null,
        "pyrRatingType": null,
        "pacrEmail": null,
        "pacr": null,
        "chairEmail": null,
        "chair": null,
        "addendum": null,
        "addendumEmail": null
    },
    {
        "sourceSystem": "ACCURATE",
        "orgId": null,
        "ratingActionDesc": "Indigo Lease S.r.l.",
        "ratingActionID": "3459785",
        "ratingActionName": "Indigo Lease S.r.l.",
        "ratingCommitteeDate": "2020-09-23 00:00:00.0",
        "ratingOffice": "41",
        "ratingReleaseDate": "2020-09-25 12:54:45.0",
        "releaseDate": "2020-09-25 12:54:49.786",
        "lobname": "SFG",
        "sublobname": "Surv-COS-RMBS",
        "region": "Europe",
        "leadAnalystID": "31756",
        "leadAnalystName": "Michal Kuehnel",
        "leadAnalystUniqueId": "kuehnelm",
        "analystEmail": "Michal.Kuehnel@moodys.com",
        "analystLocation": "Frankfurt - An der Welle 5",
        "approverID": null,
        "approverName": " ",
        "officeName": "Moody's Deutschland GmbH",
        "documentExceptionListingInd": "",
        "announcementInd": "",
        "automaticRating": "No",
        "definitiveRatingPrevProvisional": "No",
        "indicativeRatingInd": "N",
        "definitiveRatingInd": null,
        "linkedAnotherActionInd": "No",
        "privateRatingActionInd": "N",
        "provisionalRatingInd": "N",
        "secondaryactionind": "No",
        "subsequentRatingInd": "N",
        "contactPersonId": null,
        "complianceType": "CAMS",
        "complianceID": "102626",
        "ratingShellId": null,
        "ratingShellDS": null,
        "workItemStatus": null,
        "workItemType": null,
        "workItemSubType": null,
        "workItemReleaseDtm": null,
        "pressReleaseId": null,
        "securityClassNm": null,
        "shadowCd": null,
        "pressReleaseType": null,
        "pyrRatingType": null,
        "pacrEmail": null,
        "pacr": null,
        "chairEmail": null,
        "chair": null,
        "addendum": "Alberto Barbachano ",
        "addendumEmail": "BarbachA@moodys.com"
    },
    {
        "sourceSystem": "ACCURATE",
        "orgId": null,
        "ratingActionDesc": "Diageo Capital B.V.",
        "ratingActionID": "3459800",
        "ratingActionName": "Diageo Capital B.V.",
        "ratingCommitteeDate": null,
        "ratingOffice": "52",
        "ratingReleaseDate": "2020-09-25 05:13:41.0",
        "releaseDate": "2020-09-25 05:13:48.926",
        "lobname": "CFG",
        "sublobname": "CFG Regional",
        "region": "Europe",
        "leadAnalystID": "6928",
        "leadAnalystName": "Roberto Pozzi",
        "leadAnalystUniqueId": "pozzir",
        "analystEmail": "Roberto.Pozzi@moodys.com",
        "analystLocation": "London - One Canada Square",
        "approverID": null,
        "approverName": " ",
        "officeName": "Moody's Investors Service Ltd.",
        "documentExceptionListingInd": "",
        "announcementInd": "",
        "automaticRating": "No",
        "definitiveRatingPrevProvisional": "No",
        "indicativeRatingInd": "N",
        "definitiveRatingInd": null,
        "linkedAnotherActionInd": "No",
        "privateRatingActionInd": "N",
        "provisionalRatingInd": "N",
        "secondaryactionind": "No",
        "subsequentRatingInd": "Y",
        "contactPersonId": null,
        "complianceType": "CAMS",
        "complianceID": "",
        "ratingShellId": null,
        "ratingShellDS": null,
        "workItemStatus": null,
        "workItemType": null,
        "workItemSubType": null,
        "workItemReleaseDtm": null,
        "pressReleaseId": null,
        "securityClassNm": null,
        "shadowCd": null,
        "pressReleaseType": null,
        "pyrRatingType": null,
        "pacrEmail": null,
        "pacr": null,
        "chairEmail": null,
        "chair": null,
        "addendum": null,
        "addendumEmail": null
    },
    {
        "sourceSystem": "ACCURATE",
        "orgId": null,
        "ratingActionDesc": "Diageo Finance plc",
        "ratingActionID": "3459803",
        "ratingActionName": "Diageo Finance plc",
        "ratingCommitteeDate": null,
        "ratingOffice": "52",
        "ratingReleaseDate": "2020-09-25 05:03:31.0",
        "releaseDate": "2020-09-25 05:03:39.453",
        "lobname": "CFG",
        "sublobname": "CFG Regional",
        "region": "Europe",
        "leadAnalystID": "6928",
        "leadAnalystName": "Roberto Pozzi",
        "leadAnalystUniqueId": "pozzir",
        "analystEmail": "Roberto.Pozzi@moodys.com",
        "analystLocation": "London - One Canada Square",
        "approverID": null,
        "approverName": " ",
        "officeName": "Moody's Investors Service Ltd.",
        "documentExceptionListingInd": "",
        "announcementInd": "",
        "automaticRating": "No",
        "definitiveRatingPrevProvisional": "No",
        "indicativeRatingInd": "N",
        "definitiveRatingInd": null,
        "linkedAnotherActionInd": "No",
        "privateRatingActionInd": "N",
        "provisionalRatingInd": "N",
        "secondaryactionind": "No",
        "subsequentRatingInd": "Y",
        "contactPersonId": null,
        "complianceType": "CAMS",
        "complianceID": "",
        "ratingShellId": null,
        "ratingShellDS": null,
        "workItemStatus": null,
        "workItemType": null,
        "workItemSubType": null,
        "workItemReleaseDtm": null,
        "pressReleaseId": null,
        "securityClassNm": null,
        "shadowCd": null,
        "pressReleaseType": null,
        "pyrRatingType": null,
        "pacrEmail": null,
        "pacr": null,
        "chairEmail": null,
        "chair": null,
        "addendum": null,
        "addendumEmail": null
    },
    {
        "sourceSystem": "ACCURATE",
        "orgId": null,
        "ratingActionDesc": "Fresenius SE & Co. KGaA",
        "ratingActionID": "3459812",
        "ratingActionName": "Fresenius SE & Co. KGaA",
        "ratingCommitteeDate": null,
        "ratingOffice": "41",
        "ratingReleaseDate": "2020-09-24 08:01:02.0",
        "releaseDate": "2020-09-24 08:01:14.06",
        "lobname": "CFG",
        "sublobname": "CFG Regional",
        "region": "Europe",
        "leadAnalystID": "31287",
        "leadAnalystName": "Vitali Morgovski",
        "leadAnalystUniqueId": "morgov",
        "analystEmail": "Vitali.Morgovski@moodys.com",
        "analystLocation": "Frankfurt - An der Welle 5",
        "approverID": null,
        "approverName": " ",
        "officeName": "Moody's Deutschland GmbH",
        "documentExceptionListingInd": "",
        "announcementInd": "",
        "automaticRating": "No",
        "definitiveRatingPrevProvisional": "No",
        "indicativeRatingInd": "N",
        "definitiveRatingInd": null,
        "linkedAnotherActionInd": "No",
        "privateRatingActionInd": "N",
        "provisionalRatingInd": "N",
        "secondaryactionind": "No",
        "subsequentRatingInd": "Y",
        "contactPersonId": null,
        "complianceType": "CAMS",
        "complianceID": "",
        "ratingShellId": null,
        "ratingShellDS": null,
        "workItemStatus": null,
        "workItemType": null,
        "workItemSubType": null,
        "workItemReleaseDtm": null,
        "pressReleaseId": null,
        "securityClassNm": null,
        "shadowCd": null,
        "pressReleaseType": null,
        "pyrRatingType": null,
        "pacrEmail": null,
        "pacr": null,
        "chairEmail": null,
        "chair": null,
        "addendum": null,
        "addendumEmail": null
    },
    {
        "sourceSystem": "ACCURATE",
        "orgId": null,
        "ratingActionDesc": "Rolls-Royce plc",
        "ratingActionID": "3459818",
        "ratingActionName": "Rolls-Royce plc",
        "ratingCommitteeDate": "2020-09-24 00:00:00.0",
        "ratingOffice": "52",
        "ratingReleaseDate": "2020-09-25 13:14:21.0",
        "releaseDate": "2020-09-25 13:14:28.35",
        "lobname": "CFG",
        "sublobname": "CFG Regional",
        "region": "Europe",
        "leadAnalystID": "7282",
        "leadAnalystName": "Martin Hallmark",
        "leadAnalystUniqueId": "hallmarm",
        "analystEmail": "Martin.Hallmark@moodys.com",
        "analystLocation": "London - One Canada Square",
        "approverID": "29020739",
        "approverName": "Martin Hallmark",
        "officeName": "Moody's Investors Service Ltd.",
        "documentExceptionListingInd": "",
        "announcementInd": "",
        "automaticRating": "No",
        "definitiveRatingPrevProvisional": "No",
        "indicativeRatingInd": "N",
        "definitiveRatingInd": null,
        "linkedAnotherActionInd": "No",
        "privateRatingActionInd": "N",
        "provisionalRatingInd": "Y",
        "secondaryactionind": "No",
        "subsequentRatingInd": "N",
        "contactPersonId": null,
        "complianceType": "CAMS",
        "complianceID": "104529",
        "ratingShellId": null,
        "ratingShellDS": null,
        "workItemStatus": null,
        "workItemType": null,
        "workItemSubType": null,
        "workItemReleaseDtm": null,
        "pressReleaseId": null,
        "securityClassNm": null,
        "shadowCd": null,
        "pressReleaseType": null,
        "pyrRatingType": null,
        "pacrEmail": "Richard.Etheridge@moodys.com",
        "pacr": "Richard Etheridge",
        "chairEmail": "Richard.Etheridge@moodys.com",
        "chair": "Richard Etheridge",
        "addendum": "Iker Ballestero Barrutia ",
        "addendumEmail": "BarrutiI@moodys.com"
    },
    {
        "sourceSystem": "ACCURATE",
        "orgId": null,
        "ratingActionDesc": "Aker BP ASA - Subsequent rating w/no PR",
        "ratingActionID": "3459825",
        "ratingActionName": "Aker BP ASA - Subsequent rating w/no PR",
        "ratingCommitteeDate": null,
        "ratingOffice": "52",
        "ratingReleaseDate": "2020-09-24 10:28:52.0",
        "releaseDate": "2020-09-24 10:28:56.063",
        "lobname": "CFG",
        "sublobname": "CFG Regional",
        "region": "Europe",
        "leadAnalystID": "7719",
        "leadAnalystName": "Danilo Ruocco",
        "leadAnalystUniqueId": "ruoccod",
        "analystEmail": "Danilo.Ruocco@moodys.com",
        "analystLocation": "London - One Canada Square",
        "approverID": null,
        "approverName": " ",
        "officeName": "Moody's Investors Service Ltd.",
        "documentExceptionListingInd": "Y",
        "announcementInd": "",
        "automaticRating": "Yes",
        "definitiveRatingPrevProvisional": "No",
        "indicativeRatingInd": "N",
        "definitiveRatingInd": null,
        "linkedAnotherActionInd": "No",
        "privateRatingActionInd": "N",
        "provisionalRatingInd": "N",
        "secondaryactionind": "No",
        "subsequentRatingInd": "Y",
        "contactPersonId": null,
        "complianceType": "CAMS",
        "complianceID": "",
        "ratingShellId": null,
        "ratingShellDS": null,
        "workItemStatus": null,
        "workItemType": null,
        "workItemSubType": null,
        "workItemReleaseDtm": null,
        "pressReleaseId": null,
        "securityClassNm": null,
        "shadowCd": null,
        "pressReleaseType": null,
        "pyrRatingType": null,
        "pacrEmail": null,
        "pacr": null,
        "chairEmail": null,
        "chair": null,
        "addendum": null,
        "addendumEmail": null
    },
    {
        "sourceSystem": "ACCURATE",
        "orgId": null,
        "ratingActionDesc": "Sparebanken Vest Boligkreditt AS - Mortgage Covered Bonds",
        "ratingActionID": "3459833",
        "ratingActionName": "Sparebanken Vest Boligkreditt AS - Mortgage Covered Bonds",
        "ratingCommitteeDate": null,
        "ratingOffice": "52",
        "ratingReleaseDate": "2020-09-24 07:07:59.0",
        "releaseDate": "2020-09-24 07:08:27.34",
        "lobname": "SFG",
        "sublobname": "NR-Covered Bonds",
        "region": "Europe",
        "leadAnalystID": "2392",
        "leadAnalystName": "Alexander Zeidler",
        "leadAnalystUniqueId": "zeidlera",
        "analystEmail": "Alexander.Zeidler@moodys.com",
        "analystLocation": "London - One Canada Square",
        "approverID": null,
        "approverName": " ",
        "officeName": "Moody's Investors Service Ltd.",
        "documentExceptionListingInd": "Y",
        "announcementInd": "",
        "automaticRating": "No",
        "definitiveRatingPrevProvisional": "No",
        "indicativeRatingInd": "N",
        "definitiveRatingInd": null,
        "linkedAnotherActionInd": "No",
        "privateRatingActionInd": "N",
        "provisionalRatingInd": "N",
        "secondaryactionind": "No",
        "subsequentRatingInd": "Y",
        "contactPersonId": null,
        "complianceType": "CAMS",
        "complianceID": "",
        "ratingShellId": null,
        "ratingShellDS": null,
        "workItemStatus": null,
        "workItemType": null,
        "workItemSubType": null,
        "workItemReleaseDtm": null,
        "pressReleaseId": null,
        "securityClassNm": null,
        "shadowCd": null,
        "pressReleaseType": null,
        "pyrRatingType": null,
        "pacrEmail": null,
        "pacr": null,
        "chairEmail": null,
        "chair": null,
        "addendum": null,
        "addendumEmail": null
    },
    {
        "sourceSystem": "ACCURATE",
        "orgId": null,
        "ratingActionDesc": "AIB Group plc",
        "ratingActionID": "3459855",
        "ratingActionName": "AIB Group plc",
        "ratingCommitteeDate": null,
        "ratingOffice": "52",
        "ratingReleaseDate": "2020-09-24 11:36:34.0",
        "releaseDate": "2020-09-24 11:36:41.14",
        "lobname": "FIG",
        "sublobname": "Banking",
        "region": "Europe",
        "leadAnalystID": "2297",
        "leadAnalystName": "Arif Bekiroglu",
        "leadAnalystUniqueId": "bekiroga",
        "analystEmail": "Arif.Bekiroglu@moodys.com",
        "analystLocation": "London - One Canada Square",
        "approverID": null,
        "approverName": " ",
        "officeName": "Moody's Investors Service Ltd.",
        "documentExceptionListingInd": "",
        "announcementInd": "",
        "automaticRating": "No",
        "definitiveRatingPrevProvisional": "No",
        "indicativeRatingInd": "N",
        "definitiveRatingInd": null,
        "linkedAnotherActionInd": "No",
        "privateRatingActionInd": "N",
        "provisionalRatingInd": "N",
        "secondaryactionind": "No",
        "subsequentRatingInd": "Y",
        "contactPersonId": null,
        "complianceType": "CAMS",
        "complianceID": "",
        "ratingShellId": null,
        "ratingShellDS": null,
        "workItemStatus": null,
        "workItemType": null,
        "workItemSubType": null,
        "workItemReleaseDtm": null,
        "pressReleaseId": null,
        "securityClassNm": null,
        "shadowCd": null,
        "pressReleaseType": null,
        "pyrRatingType": null,
        "pacrEmail": null,
        "pacr": null,
        "chairEmail": null,
        "chair": null,
        "addendum": null,
        "addendumEmail": null
    },
    {
        "sourceSystem": "ACCURATE",
        "orgId": null,
        "ratingActionDesc": "Rabobank",
        "ratingActionID": "3459896",
        "ratingActionName": "Rabobank",
        "ratingCommitteeDate": null,
        "ratingOffice": "50",
        "ratingReleaseDate": "2020-09-24 09:29:27.0",
        "releaseDate": "2020-09-24 09:29:34.496",
        "lobname": "FIG",
        "sublobname": "Banking",
        "region": "Europe",
        "leadAnalystID": "6301",
        "leadAnalystName": "Roland Auquier",
        "leadAnalystUniqueId": "auquierr",
        "analystEmail": "Roland.Auquier@moodys.com",
        "analystLocation": "Paris - 96, boulevard Haussmann",
        "approverID": null,
        "approverName": " ",
        "officeName": "Moody's France SAS",
        "documentExceptionListingInd": "",
        "announcementInd": "",
        "automaticRating": "No",
        "definitiveRatingPrevProvisional": "No",
        "indicativeRatingInd": "N",
        "definitiveRatingInd": null,
        "linkedAnotherActionInd": "No",
        "privateRatingActionInd": "N",
        "provisionalRatingInd": "N",
        "secondaryactionind": "No",
        "subsequentRatingInd": "Y",
        "contactPersonId": null,
        "complianceType": "CAMS",
        "complianceID": "",
        "ratingShellId": null,
        "ratingShellDS": null,
        "workItemStatus": null,
        "workItemType": null,
        "workItemSubType": null,
        "workItemReleaseDtm": null,
        "pressReleaseId": null,
        "securityClassNm": null,
        "shadowCd": null,
        "pressReleaseType": null,
        "pyrRatingType": null,
        "pacrEmail": null,
        "pacr": null,
        "chairEmail": null,
        "chair": null,
        "addendum": null,
        "addendumEmail": null
    },
    {
        "sourceSystem": "ACCURATE",
        "orgId": null,
        "ratingActionDesc": "Recorded Books, Inc",
        "ratingActionID": "3459909",
        "ratingActionName": "Recorded Books, Inc",
        "ratingCommitteeDate": "2020-09-24 00:00:00.0",
        "ratingOffice": "51",
        "ratingReleaseDate": "2020-09-24 17:29:58.0",
        "releaseDate": "2020-09-24 17:30:04.456",
        "lobname": "CFG",
        "sublobname": "CFG_NY-4",
        "region": "U.S.A. & Canada",
        "leadAnalystID": "6234",
        "leadAnalystName": "Dilara Sukhov",
        "leadAnalystUniqueId": "sukhovd",
        "analystEmail": "Dilara.Sukhov@moodys.com",
        "analystLocation": "New York - 7 World Trade Center",
        "approverID": "29005022",
        "approverName": "Dilara Sukhov",
        "officeName": "Moody's Investors Service, Inc.",
        "documentExceptionListingInd": "",
        "announcementInd": "",
        "automaticRating": "No",
        "definitiveRatingPrevProvisional": "No",
        "indicativeRatingInd": "N",
        "definitiveRatingInd": null,
        "linkedAnotherActionInd": "No",
        "privateRatingActionInd": "N",
        "provisionalRatingInd": "N",
        "secondaryactionind": "No",
        "subsequentRatingInd": "N",
        "contactPersonId": null,
        "complianceType": "CAMS",
        "complianceID": "104886",
        "ratingShellId": null,
        "ratingShellDS": null,
        "workItemStatus": null,
        "workItemType": null,
        "workItemSubType": null,
        "workItemReleaseDtm": null,
        "pressReleaseId": null,
        "securityClassNm": null,
        "shadowCd": null,
        "pressReleaseType": null,
        "pyrRatingType": null,
        "pacrEmail": "Lenny.Ajzenman@moodys.com",
        "pacr": "Lenny Ajzenman",
        "chairEmail": "Lenny.Ajzenman@moodys.com",
        "chair": "Lenny Ajzenman",
        "addendum": "Jeremy Sanchez ",
        "addendumEmail": "SancheJe@moodys.com"
    },
    {
        "sourceSystem": "ACCURATE",
        "orgId": null,
        "ratingActionDesc": "Fulton Financial Corporation",
        "ratingActionID": "3459934",
        "ratingActionName": "Fulton Financial Corporation",
        "ratingCommitteeDate": "2020-09-25 00:00:00.0",
        "ratingOffice": "51",
        "ratingReleaseDate": "2020-09-25 16:36:18.0",
        "releaseDate": "2020-09-25 16:36:32.036",
        "lobname": "FIG",
        "sublobname": "Banking",
        "region": "U.S.A. & Canada",
        "leadAnalystID": "1966",
        "leadAnalystName": "Rita Sahu",
        "leadAnalystUniqueId": "sahur",
        "analystEmail": "Rita.Sahu@moodys.com",
        "analystLocation": "New York - 7 World Trade Center",
        "approverID": "22001385",
        "approverName": "Rita Sahu",
        "officeName": "Moody's Investors Service, Inc.",
        "documentExceptionListingInd": "",
        "announcementInd": "",
        "automaticRating": "No",
        "definitiveRatingPrevProvisional": "No",
        "indicativeRatingInd": "N",
        "definitiveRatingInd": null,
        "linkedAnotherActionInd": "No",
        "privateRatingActionInd": "N",
        "provisionalRatingInd": "Y",
        "secondaryactionind": "No",
        "subsequentRatingInd": "N",
        "contactPersonId": null,
        "complianceType": "CAMS",
        "complianceID": "104229",
        "ratingShellId": null,
        "ratingShellDS": null,
        "workItemStatus": null,
        "workItemType": null,
        "workItemSubType": null,
        "workItemReleaseDtm": null,
        "pressReleaseId": null,
        "securityClassNm": null,
        "shadowCd": null,
        "pressReleaseType": null,
        "pyrRatingType": null,
        "pacrEmail": "Celina.Vansetti-Hutchins@moodys.com",
        "pacr": "Celina Vansetti-Hutchins",
        "chairEmail": "Andrea.Usai@moodys.com",
        "chair": "Andrea Usai",
        "addendum": "Siri Ginjupalli ",
        "addendumEmail": "GinjupaS@moodys.com"
    },
    {
        "sourceSystem": "ACCURATE",
        "orgId": null,
        "ratingActionDesc": "United States of America, Government of",
        "ratingActionID": "3459950",
        "ratingActionName": "United States of America, Government of",
        "ratingCommitteeDate": null,
        "ratingOffice": "51",
        "ratingReleaseDate": "2020-09-24 13:15:00.0",
        "releaseDate": "2020-09-24 13:15:10.06",
        "lobname": "SOV",
        "sublobname": "Sovereign",
        "region": "U.S.A. & Canada",
        "leadAnalystID": "7741",
        "leadAnalystName": "William Foster",
        "leadAnalystUniqueId": "fosterw",
        "analystEmail": "William.Foster@moodys.com",
        "analystLocation": "New York - 7 World Trade Center",
        "approverID": null,
        "approverName": " ",
        "officeName": "Moody's Investors Service, Inc.",
        "documentExceptionListingInd": "",
        "announcementInd": "",
        "automaticRating": "No",
        "definitiveRatingPrevProvisional": "No",
        "indicativeRatingInd": "N",
        "definitiveRatingInd": null,
        "linkedAnotherActionInd": "No",
        "privateRatingActionInd": "N",
        "provisionalRatingInd": "N",
        "secondaryactionind": "No",
        "subsequentRatingInd": "Y",
        "contactPersonId": null,
        "complianceType": "CAMS",
        "complianceID": "",
        "ratingShellId": null,
        "ratingShellDS": null,
        "workItemStatus": null,
        "workItemType": null,
        "workItemSubType": null,
        "workItemReleaseDtm": null,
        "pressReleaseId": null,
        "securityClassNm": null,
        "shadowCd": null,
        "pressReleaseType": null,
        "pyrRatingType": null,
        "pacrEmail": null,
        "pacr": null,
        "chairEmail": null,
        "chair": null,
        "addendum": null,
        "addendumEmail": null
    },
    {
        "sourceSystem": "ACCURATE",
        "orgId": null,
        "ratingActionDesc": "NatWest Markets N.V.",
        "ratingActionID": "3459968",
        "ratingActionName": "NatWest Markets N.V.",
        "ratingCommitteeDate": null,
        "ratingOffice": "52",
        "ratingReleaseDate": "2020-09-24 12:09:55.0",
        "releaseDate": "2020-09-24 12:10:01.826",
        "lobname": "FIG",
        "sublobname": "Banking",
        "region": "Europe",
        "leadAnalystID": "6322",
        "leadAnalystName": "Edoardo Calandro",
        "leadAnalystUniqueId": "calandre",
        "analystEmail": "Edoardo.Calandro@moodys.com",
        "analystLocation": "London - One Canada Square",
        "approverID": null,
        "approverName": " ",
        "officeName": "Moody's Investors Service Ltd.",
        "documentExceptionListingInd": "Y",
        "announcementInd": "",
        "automaticRating": "Yes",
        "definitiveRatingPrevProvisional": "No",
        "indicativeRatingInd": "N",
        "definitiveRatingInd": null,
        "linkedAnotherActionInd": "No",
        "privateRatingActionInd": "N",
        "provisionalRatingInd": "Y",
        "secondaryactionind": "No",
        "subsequentRatingInd": "Y",
        "contactPersonId": null,
        "complianceType": "CAMS",
        "complianceID": "",
        "ratingShellId": null,
        "ratingShellDS": null,
        "workItemStatus": null,
        "workItemType": null,
        "workItemSubType": null,
        "workItemReleaseDtm": null,
        "pressReleaseId": null,
        "securityClassNm": null,
        "shadowCd": null,
        "pressReleaseType": null,
        "pyrRatingType": null,
        "pacrEmail": null,
        "pacr": null,
        "chairEmail": null,
        "chair": null,
        "addendum": null,
        "addendumEmail": null
    },
    {
        "sourceSystem": "ACCURATE",
        "orgId": null,
        "ratingActionDesc": "American Tower Corporation",
        "ratingActionID": "3459985",
        "ratingActionName": "American Tower Corporation",
        "ratingCommitteeDate": null,
        "ratingOffice": "51",
        "ratingReleaseDate": "2020-09-24 12:43:58.0",
        "releaseDate": "2020-09-24 12:44:03.963",
        "lobname": "CFG",
        "sublobname": "CFG_NY-3",
        "region": "U.S.A. & Canada",
        "leadAnalystID": "1942",
        "leadAnalystName": "Lori Marks",
        "leadAnalystUniqueId": "marksl",
        "analystEmail": "Lori.Marks@moodys.com",
        "analystLocation": "New York - 7 World Trade Center",
        "approverID": null,
        "approverName": " ",
        "officeName": "Moody's Investors Service, Inc.",
        "documentExceptionListingInd": "Y",
        "announcementInd": "",
        "automaticRating": "No",
        "definitiveRatingPrevProvisional": "No",
        "indicativeRatingInd": "N",
        "definitiveRatingInd": null,
        "linkedAnotherActionInd": "No",
        "privateRatingActionInd": "N",
        "provisionalRatingInd": "N",
        "secondaryactionind": "No",
        "subsequentRatingInd": "Y",
        "contactPersonId": null,
        "complianceType": "CAMS",
        "complianceID": "",
        "ratingShellId": null,
        "ratingShellDS": null,
        "workItemStatus": null,
        "workItemType": null,
        "workItemSubType": null,
        "workItemReleaseDtm": null,
        "pressReleaseId": null,
        "securityClassNm": null,
        "shadowCd": null,
        "pressReleaseType": null,
        "pyrRatingType": null,
        "pacrEmail": null,
        "pacr": null,
        "chairEmail": null,
        "chair": null,
        "addendum": null,
        "addendumEmail": null
    },
    {
        "sourceSystem": "ACCURATE",
        "orgId": null,
        "ratingActionDesc": "Mercedes-Benz Finance Co., Ltd.",
        "ratingActionID": "3459987",
        "ratingActionName": "Mercedes-Benz Finance Co., Ltd.",
        "ratingCommitteeDate": null,
        "ratingOffice": "41",
        "ratingReleaseDate": "2020-09-25 10:29:00.0",
        "releaseDate": "2020-09-25 10:29:07.166",
        "lobname": "CFG",
        "sublobname": "CFG Regional",
        "region": "Europe",
        "leadAnalystID": "7053",
        "leadAnalystName": "Matthias Heck",
        "leadAnalystUniqueId": "heckm",
        "analystEmail": "Matthias.Heck@moodys.com",
        "analystLocation": "Frankfurt - An der Welle 5",
        "approverID": null,
        "approverName": " ",
        "officeName": "Moody's Deutschland GmbH",
        "documentExceptionListingInd": "",
        "announcementInd": "",
        "automaticRating": "No",
        "definitiveRatingPrevProvisional": "No",
        "indicativeRatingInd": "N",
        "definitiveRatingInd": null,
        "linkedAnotherActionInd": "No",
        "privateRatingActionInd": "N",
        "provisionalRatingInd": "N",
        "secondaryactionind": "No",
        "subsequentRatingInd": "Y",
        "contactPersonId": null,
        "complianceType": "CAMS",
        "complianceID": "",
        "ratingShellId": null,
        "ratingShellDS": null,
        "workItemStatus": null,
        "workItemType": null,
        "workItemSubType": null,
        "workItemReleaseDtm": null,
        "pressReleaseId": null,
        "securityClassNm": null,
        "shadowCd": null,
        "pressReleaseType": null,
        "pyrRatingType": null,
        "pacrEmail": null,
        "pacr": null,
        "chairEmail": null,
        "chair": null,
        "addendum": null,
        "addendumEmail": null
    },
    {
        "sourceSystem": "ACCURATE",
        "orgId": null,
        "ratingActionDesc": "AerCap Ireland Capital D.A.C",
        "ratingActionID": "3460005",
        "ratingActionName": "AerCap Ireland Capital D.A.C",
        "ratingCommitteeDate": null,
        "ratingOffice": "51",
        "ratingReleaseDate": "2020-09-24 12:40:53.0",
        "releaseDate": "2020-09-24 12:41:03.363",
        "lobname": "FIG",
        "sublobname": "Banking",
        "region": "U.S.A. & Canada",
        "leadAnalystID": "2059",
        "leadAnalystName": "Mark Wasden",
        "leadAnalystUniqueId": "wasdenm",
        "analystEmail": "Mark.Wasden@moodys.com",
        "analystLocation": "New York - 7 World Trade Center",
        "approverID": null,
        "approverName": " ",
        "officeName": "Moody's Investors Service, Inc.",
        "documentExceptionListingInd": "Y",
        "announcementInd": "",
        "automaticRating": "No",
        "definitiveRatingPrevProvisional": "No",
        "indicativeRatingInd": "N",
        "definitiveRatingInd": null,
        "linkedAnotherActionInd": "No",
        "privateRatingActionInd": "N",
        "provisionalRatingInd": "N",
        "secondaryactionind": "No",
        "subsequentRatingInd": "Y",
        "contactPersonId": null,
        "complianceType": "CAMS",
        "complianceID": "",
        "ratingShellId": null,
        "ratingShellDS": null,
        "workItemStatus": null,
        "workItemType": null,
        "workItemSubType": null,
        "workItemReleaseDtm": null,
        "pressReleaseId": null,
        "securityClassNm": null,
        "shadowCd": null,
        "pressReleaseType": null,
        "pyrRatingType": null,
        "pacrEmail": null,
        "pacr": null,
        "chairEmail": null,
        "chair": null,
        "addendum": null,
        "addendumEmail": null
    },
    {
        "sourceSystem": "ACCURATE",
        "orgId": null,
        "ratingActionDesc": "Global Switch Finance B.V.",
        "ratingActionID": "3460015",
        "ratingActionName": "Global Switch Finance B.V.",
        "ratingCommitteeDate": null,
        "ratingOffice": "52",
        "ratingReleaseDate": "2020-09-25 13:17:35.0",
        "releaseDate": "2020-09-25 13:17:42.44",
        "lobname": "CFG",
        "sublobname": "CFG Regional",
        "region": "Europe",
        "leadAnalystID": "7718",
        "leadAnalystName": "Luigi Bucci",
        "leadAnalystUniqueId": "buccil",
        "analystEmail": "Luigi.Bucci@moodys.com",
        "analystLocation": "London - One Canada Square",
        "approverID": "29020857",
        "approverName": "Luigi Bucci",
        "officeName": "Moody's Investors Service Ltd.",
        "documentExceptionListingInd": "Y",
        "announcementInd": "",
        "automaticRating": "Yes",
        "definitiveRatingPrevProvisional": "No",
        "indicativeRatingInd": "N",
        "definitiveRatingInd": null,
        "linkedAnotherActionInd": "No",
        "privateRatingActionInd": "N",
        "provisionalRatingInd": "Y",
        "secondaryactionind": "No",
        "subsequentRatingInd": "Y",
        "contactPersonId": null,
        "complianceType": "CAMS",
        "complianceID": "",
        "ratingShellId": null,
        "ratingShellDS": null,
        "workItemStatus": null,
        "workItemType": null,
        "workItemSubType": null,
        "workItemReleaseDtm": null,
        "pressReleaseId": null,
        "securityClassNm": null,
        "shadowCd": null,
        "pressReleaseType": null,
        "pyrRatingType": null,
        "pacrEmail": null,
        "pacr": null,
        "chairEmail": null,
        "chair": null,
        "addendum": null,
        "addendumEmail": null
    },
    {
        "sourceSystem": "ACCURATE",
        "orgId": null,
        "ratingActionDesc": "Toronto-Dominion Bank (The)",
        "ratingActionID": "3460030",
        "ratingActionName": "Toronto-Dominion Bank (The)",
        "ratingCommitteeDate": null,
        "ratingOffice": "71",
        "ratingReleaseDate": "2020-09-24 12:53:21.0",
        "releaseDate": "2020-09-24 12:53:26.06",
        "lobname": "FIG",
        "sublobname": "Banking",
        "region": "U.S.A. & Canada",
        "leadAnalystID": "6721",
        "leadAnalystName": "John Beattie",
        "leadAnalystUniqueId": "beattied",
        "analystEmail": "David.Beattie@moodys.com",
        "analystLocation": "Toronto - 70 York Street",
        "approverID": null,
        "approverName": " ",
        "officeName": "Moody's Canada Inc.",
        "documentExceptionListingInd": "",
        "announcementInd": "",
        "automaticRating": "No",
        "definitiveRatingPrevProvisional": "No",
        "indicativeRatingInd": "N",
        "definitiveRatingInd": null,
        "linkedAnotherActionInd": "No",
        "privateRatingActionInd": "N",
        "provisionalRatingInd": "N",
        "secondaryactionind": "No",
        "subsequentRatingInd": "Y",
        "contactPersonId": null,
        "complianceType": "CAMS",
        "complianceID": "",
        "ratingShellId": null,
        "ratingShellDS": null,
        "workItemStatus": null,
        "workItemType": null,
        "workItemSubType": null,
        "workItemReleaseDtm": null,
        "pressReleaseId": null,
        "securityClassNm": null,
        "shadowCd": null,
        "pressReleaseType": null,
        "pyrRatingType": null,
        "pacrEmail": null,
        "pacr": null,
        "chairEmail": null,
        "chair": null,
        "addendum": null,
        "addendumEmail": null
    },
    {
        "sourceSystem": "ACCURATE",
        "orgId": null,
        "ratingActionDesc": "New York State Electric and Gas Corporation",
        "ratingActionID": "3460036",
        "ratingActionName": "New York State Electric and Gas Corporation",
        "ratingCommitteeDate": null,
        "ratingOffice": "51",
        "ratingReleaseDate": "2020-09-25 08:06:56.0",
        "releaseDate": "2020-09-25 08:07:03.956",
        "lobname": "PPIF",
        "sublobname": "Infrastructure Finance",
        "region": "U.S.A. & Canada",
        "leadAnalystID": "6684",
        "leadAnalystName": "Ryan Wobbrock",
        "leadAnalystUniqueId": "wobbrocr",
        "analystEmail": "Ryan.Wobbrock@moodys.com",
        "analystLocation": "New York - 7 World Trade Center",
        "approverID": null,
        "approverName": " ",
        "officeName": "Moody's Investors Service, Inc.",
        "documentExceptionListingInd": "Y",
        "announcementInd": "",
        "automaticRating": "Yes",
        "definitiveRatingPrevProvisional": "No",
        "indicativeRatingInd": "N",
        "definitiveRatingInd": null,
        "linkedAnotherActionInd": "No",
        "privateRatingActionInd": "N",
        "provisionalRatingInd": "N",
        "secondaryactionind": "No",
        "subsequentRatingInd": "Y",
        "contactPersonId": null,
        "complianceType": "CAMS",
        "complianceID": "",
        "ratingShellId": null,
        "ratingShellDS": null,
        "workItemStatus": null,
        "workItemType": null,
        "workItemSubType": null,
        "workItemReleaseDtm": null,
        "pressReleaseId": null,
        "securityClassNm": null,
        "shadowCd": null,
        "pressReleaseType": null,
        "pyrRatingType": null,
        "pacrEmail": null,
        "pacr": null,
        "chairEmail": null,
        "chair": null,
        "addendum": null,
        "addendumEmail": null
    },
    {
        "sourceSystem": "ACCURATE",
        "orgId": null,
        "ratingActionDesc": "CPPIB Capital Inc.",
        "ratingActionID": "3460039",
        "ratingActionName": "CPPIB Capital Inc.",
        "ratingCommitteeDate": null,
        "ratingOffice": "71",
        "ratingReleaseDate": "2020-09-25 12:25:37.0",
        "releaseDate": "2020-09-25 12:25:43.856",
        "lobname": "FIG",
        "sublobname": "Banking",
        "region": "U.S.A. & Canada",
        "leadAnalystID": "7270",
        "leadAnalystName": "Jason Mercer",
        "leadAnalystUniqueId": "mercerj",
        "analystEmail": "Jason.Mercer@moodys.com",
        "analystLocation": "Toronto - 70 York Street",
        "approverID": null,
        "approverName": " ",
        "officeName": "Moody's Canada Inc.",
        "documentExceptionListingInd": "",
        "announcementInd": "",
        "automaticRating": "No",
        "definitiveRatingPrevProvisional": "No",
        "indicativeRatingInd": "N",
        "definitiveRatingInd": null,
        "linkedAnotherActionInd": "No",
        "privateRatingActionInd": "N",
        "provisionalRatingInd": "N",
        "secondaryactionind": "No",
        "subsequentRatingInd": "Y",
        "contactPersonId": null,
        "complianceType": "CAMS",
        "complianceID": "",
        "ratingShellId": null,
        "ratingShellDS": null,
        "workItemStatus": null,
        "workItemType": null,
        "workItemSubType": null,
        "workItemReleaseDtm": null,
        "pressReleaseId": null,
        "securityClassNm": null,
        "shadowCd": null,
        "pressReleaseType": null,
        "pyrRatingType": null,
        "pacrEmail": null,
        "pacr": null,
        "chairEmail": null,
        "chair": null,
        "addendum": null,
        "addendumEmail": null
    },
    {
        "sourceSystem": "ACCURATE",
        "orgId": null,
        "ratingActionDesc": "Citigroup Inc.",
        "ratingActionID": "3460050",
        "ratingActionName": "Citigroup Inc.",
        "ratingCommitteeDate": null,
        "ratingOffice": "51",
        "ratingReleaseDate": "2020-09-24 14:32:10.0",
        "releaseDate": "2020-09-24 14:32:16.763",
        "lobname": "FIG",
        "sublobname": "Banking",
        "region": "U.S.A. & Canada",
        "leadAnalystID": "1217",
        "leadAnalystName": "Peter Nerby",
        "leadAnalystUniqueId": "nerbyp",
        "analystEmail": "Peter.Nerby@moodys.com",
        "analystLocation": "New York - 7 World Trade Center",
        "approverID": null,
        "approverName": " ",
        "officeName": "Moody's Investors Service, Inc.",
        "documentExceptionListingInd": "",
        "announcementInd": "",
        "automaticRating": "No",
        "definitiveRatingPrevProvisional": "No",
        "indicativeRatingInd": "N",
        "definitiveRatingInd": null,
        "linkedAnotherActionInd": "No",
        "privateRatingActionInd": "N",
        "provisionalRatingInd": "N",
        "secondaryactionind": "No",
        "subsequentRatingInd": "Y",
        "contactPersonId": null,
        "complianceType": "CAMS",
        "complianceID": "",
        "ratingShellId": null,
        "ratingShellDS": null,
        "workItemStatus": null,
        "workItemType": null,
        "workItemSubType": null,
        "workItemReleaseDtm": null,
        "pressReleaseId": null,
        "securityClassNm": null,
        "shadowCd": null,
        "pressReleaseType": null,
        "pyrRatingType": null,
        "pacrEmail": null,
        "pacr": null,
        "chairEmail": null,
        "chair": null,
        "addendum": null,
        "addendumEmail": null
    },
    {
        "sourceSystem": "ACCURATE",
        "orgId": null,
        "ratingActionDesc": "ASP Navigate Acquisition Corp.",
        "ratingActionID": "3460053",
        "ratingActionName": "ASP Navigate Acquisition Corp.",
        "ratingCommitteeDate": "2020-09-24 00:00:00.0",
        "ratingOffice": "51",
        "ratingReleaseDate": "2020-09-24 15:06:37.0",
        "releaseDate": "2020-09-24 15:06:45.1",
        "lobname": "CFG",
        "sublobname": "CFG_NY-1",
        "region": "U.S.A. & Canada",
        "leadAnalystID": "8001",
        "leadAnalystName": "Kailash Chhaya",
        "leadAnalystUniqueId": "chhayak",
        "analystEmail": "Kailash.Chhaya@moodys.com",
        "analystLocation": "New York - 7 World Trade Center",
        "approverID": "29018541",
        "approverName": "Kailash Chhaya",
        "officeName": "Moody's Investors Service, Inc.",
        "documentExceptionListingInd": "",
        "announcementInd": "",
        "automaticRating": "No",
        "definitiveRatingPrevProvisional": "No",
        "indicativeRatingInd": "N",
        "definitiveRatingInd": null,
        "linkedAnotherActionInd": "No",
        "privateRatingActionInd": "N",
        "provisionalRatingInd": "N",
        "secondaryactionind": "No",
        "subsequentRatingInd": "N",
        "contactPersonId": null,
        "complianceType": "CAMS",
        "complianceID": "104977",
        "ratingShellId": null,
        "ratingShellDS": null,
        "workItemStatus": null,
        "workItemType": null,
        "workItemSubType": null,
        "workItemReleaseDtm": null,
        "pressReleaseId": null,
        "securityClassNm": null,
        "shadowCd": null,
        "pressReleaseType": null,
        "pyrRatingType": null,
        "pacrEmail": "Jessica.Gladstone@moodys.com",
        "pacr": "Jessica Gladstone",
        "chairEmail": "Jessica.Gladstone@moodys.com",
        "chair": "Jessica Gladstone",
        "addendum": "Gregory Mo ",
        "addendumEmail": "MoG@moodys.com"
    },
    {
        "sourceSystem": "ACCURATE",
        "orgId": null,
        "ratingActionDesc": "Arista Metropolitan District, CO",
        "ratingActionID": "3460056",
        "ratingActionName": "Arista Metropolitan District, CO",
        "ratingCommitteeDate": null,
        "ratingOffice": "51",
        "ratingReleaseDate": "2020-09-24 16:43:28.0",
        "releaseDate": "2020-09-24 16:43:34.71",
        "lobname": "PPIF",
        "sublobname": "Municipal Supported Products",
        "region": "U.S.A. & Canada",
        "leadAnalystID": "2312",
        "leadAnalystName": "Randy Matlosz",
        "leadAnalystUniqueId": "matloszr",
        "analystEmail": "Randy.Matlosz@moodys.com",
        "analystLocation": "New York - 7 World Trade Center",
        "approverID": null,
        "approverName": " ",
        "officeName": "Moody's Investors Service, Inc.",
        "documentExceptionListingInd": "Y",
        "announcementInd": "",
        "automaticRating": "Yes",
        "definitiveRatingPrevProvisional": "No",
        "indicativeRatingInd": "N",
        "definitiveRatingInd": null,
        "linkedAnotherActionInd": "No",
        "privateRatingActionInd": "N",
        "provisionalRatingInd": "N",
        "secondaryactionind": "No",
        "subsequentRatingInd": "N",
        "contactPersonId": null,
        "complianceType": "CAMS",
        "complianceID": "",
        "ratingShellId": null,
        "ratingShellDS": null,
        "workItemStatus": null,
        "workItemType": null,
        "workItemSubType": null,
        "workItemReleaseDtm": null,
        "pressReleaseId": null,
        "securityClassNm": null,
        "shadowCd": null,
        "pressReleaseType": null,
        "pyrRatingType": null,
        "pacrEmail": null,
        "pacr": null,
        "chairEmail": null,
        "chair": null,
        "addendum": null,
        "addendumEmail": null
    },
    {
        "sourceSystem": "ACCURATE",
        "orgId": null,
        "ratingActionDesc": "Azalea TopCo, Inc.",
        "ratingActionID": "3460074",
        "ratingActionName": "Azalea TopCo, Inc.",
        "ratingCommitteeDate": null,
        "ratingOffice": "51",
        "ratingReleaseDate": "2020-09-24 17:13:40.0",
        "releaseDate": "2020-09-24 17:13:46.626",
        "lobname": "CFG",
        "sublobname": "CFG_NY-4",
        "region": "U.S.A. & Canada",
        "leadAnalystID": "31381",
        "leadAnalystName": "Farah Zakir",
        "leadAnalystUniqueId": "zakirf",
        "analystEmail": "Farah.Zakir@moodys.com",
        "analystLocation": "New York - 7 World Trade Center",
        "approverID": null,
        "approverName": " ",
        "officeName": "Moody's Investors Service, Inc.",
        "documentExceptionListingInd": "Y",
        "announcementInd": "",
        "automaticRating": "Yes",
        "definitiveRatingPrevProvisional": "No",
        "indicativeRatingInd": "N",
        "definitiveRatingInd": null,
        "linkedAnotherActionInd": "No",
        "privateRatingActionInd": "N",
        "provisionalRatingInd": "N",
        "secondaryactionind": "No",
        "subsequentRatingInd": "Y",
        "contactPersonId": null,
        "complianceType": "CAMS",
        "complianceID": "",
        "ratingShellId": null,
        "ratingShellDS": null,
        "workItemStatus": null,
        "workItemType": null,
        "workItemSubType": null,
        "workItemReleaseDtm": null,
        "pressReleaseId": null,
        "securityClassNm": null,
        "shadowCd": null,
        "pressReleaseType": null,
        "pyrRatingType": null,
        "pacrEmail": null,
        "pacr": null,
        "chairEmail": null,
        "chair": null,
        "addendum": null,
        "addendumEmail": null
    },
    {
        "sourceSystem": "ACCURATE",
        "orgId": null,
        "ratingActionDesc": "Arista Metropolitan District, CO",
        "ratingActionID": "3460082",
        "ratingActionName": "Arista Metropolitan District, CO",
        "ratingCommitteeDate": null,
        "ratingOffice": "51",
        "ratingReleaseDate": "2020-09-24 16:41:04.0",
        "releaseDate": "2020-09-24 16:41:11.76",
        "lobname": "PPIF",
        "sublobname": "Municipal Supported Products",
        "region": "U.S.A. & Canada",
        "leadAnalystID": "2312",
        "leadAnalystName": "Randy Matlosz",
        "leadAnalystUniqueId": "matloszr",
        "analystEmail": "Randy.Matlosz@moodys.com",
        "analystLocation": "New York - 7 World Trade Center",
        "approverID": null,
        "approverName": " ",
        "officeName": "Moody's Investors Service, Inc.",
        "documentExceptionListingInd": "Y",
        "announcementInd": "",
        "automaticRating": "Yes",
        "definitiveRatingPrevProvisional": "No",
        "indicativeRatingInd": "N",
        "definitiveRatingInd": null,
        "linkedAnotherActionInd": "No",
        "privateRatingActionInd": "N",
        "provisionalRatingInd": "N",
        "secondaryactionind": "No",
        "subsequentRatingInd": "N",
        "contactPersonId": null,
        "complianceType": "CAMS",
        "complianceID": "",
        "ratingShellId": null,
        "ratingShellDS": null,
        "workItemStatus": null,
        "workItemType": null,
        "workItemSubType": null,
        "workItemReleaseDtm": null,
        "pressReleaseId": null,
        "securityClassNm": null,
        "shadowCd": null,
        "pressReleaseType": null,
        "pyrRatingType": null,
        "pacrEmail": null,
        "pacr": null,
        "chairEmail": null,
        "chair": null,
        "addendum": null,
        "addendumEmail": null
    },
    {
        "sourceSystem": "ACCURATE",
        "orgId": null,
        "ratingActionDesc": "Eclipse Funding Trust (Muni. Deriv.), Solar Eclipse Certificates, Series 2016-0001 and Series 2019-0002",
        "ratingActionID": "3460086",
        "ratingActionName": "Eclipse Funding Trust (Muni. Deriv.), Solar Eclipse Certificates, Series 2016-0001 and Series 2019-0002",
        "ratingCommitteeDate": null,
        "ratingOffice": "51",
        "ratingReleaseDate": "2020-09-24 13:56:10.0",
        "releaseDate": "2020-09-24 13:56:15.32",
        "lobname": "PPIF",
        "sublobname": "Municipal Supported Products",
        "region": "U.S.A. & Canada",
        "leadAnalystID": "2312",
        "leadAnalystName": "Randy Matlosz",
        "leadAnalystUniqueId": "matloszr",
        "analystEmail": "Randy.Matlosz@moodys.com",
        "analystLocation": "New York - 7 World Trade Center",
        "approverID": null,
        "approverName": " ",
        "officeName": "Moody's Investors Service, Inc.",
        "documentExceptionListingInd": "Y",
        "announcementInd": "",
        "automaticRating": "Yes",
        "definitiveRatingPrevProvisional": "No",
        "indicativeRatingInd": "N",
        "definitiveRatingInd": null,
        "linkedAnotherActionInd": "No",
        "privateRatingActionInd": "N",
        "provisionalRatingInd": "N",
        "secondaryactionind": "No",
        "subsequentRatingInd": "N",
        "contactPersonId": null,
        "complianceType": "CAMS",
        "complianceID": "",
        "ratingShellId": null,
        "ratingShellDS": null,
        "workItemStatus": null,
        "workItemType": null,
        "workItemSubType": null,
        "workItemReleaseDtm": null,
        "pressReleaseId": null,
        "securityClassNm": null,
        "shadowCd": null,
        "pressReleaseType": null,
        "pyrRatingType": null,
        "pacrEmail": null,
        "pacr": null,
        "chairEmail": null,
        "chair": null,
        "addendum": null,
        "addendumEmail": null
    },
    {
        "sourceSystem": "ACCURATE",
        "orgId": null,
        "ratingActionDesc": "FTS International, Inc.",
        "ratingActionID": "3460090",
        "ratingActionName": "FTS International, Inc.",
        "ratingCommitteeDate": "2020-09-23 00:00:00.0",
        "ratingOffice": "51",
        "ratingReleaseDate": "2020-09-25 12:08:56.0",
        "releaseDate": "2020-09-25 12:09:01.653",
        "lobname": "CFG",
        "sublobname": "CFG_NY-2",
        "region": "U.S.A. & Canada",
        "leadAnalystID": "7808",
        "leadAnalystName": "Jonathan Teitel",
        "leadAnalystUniqueId": "teitelj",
        "analystEmail": "Jonathan.Teitel@moodys.com",
        "analystLocation": "New York - 7 World Trade Center",
        "approverID": "29001980",
        "approverName": "James Wilkins",
        "officeName": "Moody's Investors Service, Inc.",
        "documentExceptionListingInd": "Y",
        "announcementInd": "",
        "automaticRating": "No",
        "definitiveRatingPrevProvisional": "No",
        "indicativeRatingInd": "N",
        "definitiveRatingInd": null,
        "linkedAnotherActionInd": "No",
        "privateRatingActionInd": "N",
        "provisionalRatingInd": "N",
        "secondaryactionind": "No",
        "subsequentRatingInd": "N",
        "contactPersonId": null,
        "complianceType": "CAMS",
        "complianceID": "103597",
        "ratingShellId": null,
        "ratingShellDS": null,
        "workItemStatus": null,
        "workItemType": null,
        "workItemSubType": null,
        "workItemReleaseDtm": null,
        "pressReleaseId": null,
        "securityClassNm": null,
        "shadowCd": null,
        "pressReleaseType": null,
        "pyrRatingType": null,
        "pacrEmail": null,
        "pacr": null,
        "chairEmail": null,
        "chair": null,
        "addendum": null,
        "addendumEmail": null
    },
    {
        "sourceSystem": "ACCURATE",
        "orgId": null,
        "ratingActionDesc": "Scripps (E.W.) Company (The)",
        "ratingActionID": "3460093",
        "ratingActionName": "Scripps (E.W.) Company (The)",
        "ratingCommitteeDate": "2020-09-25 00:00:00.0",
        "ratingOffice": "51",
        "ratingReleaseDate": "2020-09-25 13:34:21.0",
        "releaseDate": "2020-09-25 13:34:29.12",
        "lobname": "CFG",
        "sublobname": "CFG_NY-4",
        "region": "U.S.A. & Canada",
        "leadAnalystID": "6524",
        "leadAnalystName": "Fouad Christian Azzi",
        "leadAnalystUniqueId": "azzic",
        "analystEmail": "Christian.Azzi@moodys.com",
        "analystLocation": "New York - 7 World Trade Center",
        "approverID": "29003542",
        "approverName": "Fouad Christian Azzi",
        "officeName": "Moody's Investors Service, Inc.",
        "documentExceptionListingInd": "",
        "announcementInd": "",
        "automaticRating": "No",
        "definitiveRatingPrevProvisional": "No",
        "indicativeRatingInd": "N",
        "definitiveRatingInd": null,
        "linkedAnotherActionInd": "No",
        "privateRatingActionInd": "N",
        "provisionalRatingInd": "N",
        "secondaryactionind": "No",
        "subsequentRatingInd": "N",
        "contactPersonId": null,
        "complianceType": "CAMS",
        "complianceID": "104991",
        "ratingShellId": null,
        "ratingShellDS": null,
        "workItemStatus": null,
        "workItemType": null,
        "workItemSubType": null,
        "workItemReleaseDtm": null,
        "pressReleaseId": null,
        "securityClassNm": null,
        "shadowCd": null,
        "pressReleaseType": null,
        "pyrRatingType": null,
        "pacrEmail": "Lenny.Ajzenman@moodys.com",
        "pacr": "Lenny Ajzenman",
        "chairEmail": "Lenny.Ajzenman@moodys.com",
        "chair": "Lenny Ajzenman",
        "addendum": "John Pangilinan ",
        "addendumEmail": "PangiliJ@moodys.com"
    },
    {
        "sourceSystem": "ACCURATE",
        "orgId": null,
        "ratingActionDesc": "Panama, Government of",
        "ratingActionID": "3460107",
        "ratingActionName": "Panama, Government of",
        "ratingCommitteeDate": null,
        "ratingOffice": "51",
        "ratingReleaseDate": "2020-09-24 15:58:59.0",
        "releaseDate": "2020-09-24 15:59:06.413",
        "lobname": "SOV",
        "sublobname": "Sovereign",
        "region": "U.S.A. & Canada",
        "leadAnalystID": "7250",
        "leadAnalystName": "Renzo Merino Lozano",
        "leadAnalystUniqueId": "merinor",
        "analystEmail": "Renzo.Merino@moodys.com",
        "analystLocation": "New York - 7 World Trade Center",
        "approverID": null,
        "approverName": " ",
        "officeName": "Moody's Investors Service, Inc.",
        "documentExceptionListingInd": "Y",
        "announcementInd": "",
        "automaticRating": "Yes",
        "definitiveRatingPrevProvisional": "No",
        "indicativeRatingInd": "N",
        "definitiveRatingInd": null,
        "linkedAnotherActionInd": "No",
        "privateRatingActionInd": "N",
        "provisionalRatingInd": "N",
        "secondaryactionind": "No",
        "subsequentRatingInd": "Y",
        "contactPersonId": null,
        "complianceType": "CAMS",
        "complianceID": "",
        "ratingShellId": null,
        "ratingShellDS": null,
        "workItemStatus": null,
        "workItemType": null,
        "workItemSubType": null,
        "workItemReleaseDtm": null,
        "pressReleaseId": null,
        "securityClassNm": null,
        "shadowCd": null,
        "pressReleaseType": null,
        "pyrRatingType": null,
        "pacrEmail": null,
        "pacr": null,
        "chairEmail": null,
        "chair": null,
        "addendum": null,
        "addendumEmail": null
    },
    {
        "sourceSystem": "ACCURATE",
        "orgId": null,
        "ratingActionDesc": "GS Finance Corp.",
        "ratingActionID": "3460158",
        "ratingActionName": "GS Finance Corp.",
        "ratingCommitteeDate": null,
        "ratingOffice": "51",
        "ratingReleaseDate": "2020-09-25 11:07:17.0",
        "releaseDate": "2020-09-25 11:07:47.77",
        "lobname": "FIG",
        "sublobname": "Banking",
        "region": "U.S.A. & Canada",
        "leadAnalystID": "467",
        "leadAnalystName": "David Fanger",
        "leadAnalystUniqueId": "fangerd",
        "analystEmail": "David.Fanger@moodys.com",
        "analystLocation": "New York - 7 World Trade Center",
        "approverID": null,
        "approverName": " ",
        "officeName": "Moody's Investors Service, Inc.",
        "documentExceptionListingInd": "",
        "announcementInd": "",
        "automaticRating": "Yes",
        "definitiveRatingPrevProvisional": "No",
        "indicativeRatingInd": "N",
        "definitiveRatingInd": null,
        "linkedAnotherActionInd": "No",
        "privateRatingActionInd": "N",
        "provisionalRatingInd": "N",
        "secondaryactionind": "No",
        "subsequentRatingInd": "",
        "contactPersonId": null,
        "complianceType": "CAMS",
        "complianceID": "",
        "ratingShellId": null,
        "ratingShellDS": null,
        "workItemStatus": null,
        "workItemType": null,
        "workItemSubType": null,
        "workItemReleaseDtm": null,
        "pressReleaseId": null,
        "securityClassNm": null,
        "shadowCd": null,
        "pressReleaseType": null,
        "pyrRatingType": null,
        "pacrEmail": null,
        "pacr": null,
        "chairEmail": null,
        "chair": null,
        "addendum": null,
        "addendumEmail": null
    },
    {
        "sourceSystem": "ACCURATE",
        "orgId": null,
        "ratingActionDesc": "United States of America, Government of",
        "ratingActionID": "3460184",
        "ratingActionName": "United States of America, Government of",
        "ratingCommitteeDate": null,
        "ratingOffice": "51",
        "ratingReleaseDate": "2020-09-25 10:24:42.0",
        "releaseDate": "2020-09-25 10:25:11.393",
        "lobname": "SOV",
        "sublobname": "Sovereign",
        "region": "U.S.A. & Canada",
        "leadAnalystID": "7741",
        "leadAnalystName": "William Foster",
        "leadAnalystUniqueId": "fosterw",
        "analystEmail": "William.Foster@moodys.com",
        "analystLocation": "New York - 7 World Trade Center",
        "approverID": null,
        "approverName": " ",
        "officeName": "Moody's Investors Service, Inc.",
        "documentExceptionListingInd": "",
        "announcementInd": "",
        "automaticRating": "No",
        "definitiveRatingPrevProvisional": "No",
        "indicativeRatingInd": "N",
        "definitiveRatingInd": null,
        "linkedAnotherActionInd": "No",
        "privateRatingActionInd": "N",
        "provisionalRatingInd": "N",
        "secondaryactionind": "No",
        "subsequentRatingInd": "Y",
        "contactPersonId": null,
        "complianceType": "CAMS",
        "complianceID": "",
        "ratingShellId": null,
        "ratingShellDS": null,
        "workItemStatus": null,
        "workItemType": null,
        "workItemSubType": null,
        "workItemReleaseDtm": null,
        "pressReleaseId": null,
        "securityClassNm": null,
        "shadowCd": null,
        "pressReleaseType": null,
        "pyrRatingType": null,
        "pacrEmail": null,
        "pacr": null,
        "chairEmail": null,
        "chair": null,
        "addendum": null,
        "addendumEmail": null
    },
    {
        "sourceSystem": "ACCURATE",
        "orgId": null,
        "ratingActionDesc": "Avolon Holdings Funding Limited",
        "ratingActionID": "3460227",
        "ratingActionName": "Avolon Holdings Funding Limited",
        "ratingCommitteeDate": null,
        "ratingOffice": "51",
        "ratingReleaseDate": "2020-09-24 17:51:10.0",
        "releaseDate": "2020-09-24 17:51:16.51",
        "lobname": "FIG",
        "sublobname": "Banking",
        "region": "U.S.A. & Canada",
        "leadAnalystID": "2059",
        "leadAnalystName": "Mark Wasden",
        "leadAnalystUniqueId": "wasdenm",
        "analystEmail": "Mark.Wasden@moodys.com",
        "analystLocation": "New York - 7 World Trade Center",
        "approverID": null,
        "approverName": " ",
        "officeName": "Moody's Investors Service, Inc.",
        "documentExceptionListingInd": "Y",
        "announcementInd": "",
        "automaticRating": "Yes",
        "definitiveRatingPrevProvisional": "No",
        "indicativeRatingInd": "N",
        "definitiveRatingInd": null,
        "linkedAnotherActionInd": "No",
        "privateRatingActionInd": "N",
        "provisionalRatingInd": "N",
        "secondaryactionind": "No",
        "subsequentRatingInd": "Y",
        "contactPersonId": null,
        "complianceType": "CAMS",
        "complianceID": "",
        "ratingShellId": null,
        "ratingShellDS": null,
        "workItemStatus": null,
        "workItemType": null,
        "workItemSubType": null,
        "workItemReleaseDtm": null,
        "pressReleaseId": null,
        "securityClassNm": null,
        "shadowCd": null,
        "pressReleaseType": null,
        "pyrRatingType": null,
        "pacrEmail": null,
        "pacr": null,
        "chairEmail": null,
        "chair": null,
        "addendum": null,
        "addendumEmail": null
    },
    {
        "sourceSystem": "ACCURATE",
        "orgId": null,
        "ratingActionDesc": "Ascena Retail Group, Inc. (DIP)",
        "ratingActionID": "3460264",
        "ratingActionName": "Ascena Retail Group, Inc. (DIP)",
        "ratingCommitteeDate": null,
        "ratingOffice": "51",
        "ratingReleaseDate": "2020-09-25 12:52:42.0",
        "releaseDate": "2020-09-25 12:52:48.166",
        "lobname": "CFG",
        "sublobname": "CFG_NY-3",
        "region": "U.S.A. & Canada",
        "leadAnalystID": "6827",
        "leadAnalystName": "Raya Sokolyanska",
        "leadAnalystUniqueId": "sokolyar",
        "analystEmail": "Raya.Sokolyanska@moodys.com",
        "analystLocation": "New York - 7 World Trade Center",
        "approverID": "29008285",
        "approverName": "Raya Sokolyanska",
        "officeName": "Moody's Investors Service, Inc.",
        "documentExceptionListingInd": "Y",
        "announcementInd": "",
        "automaticRating": "Yes",
        "definitiveRatingPrevProvisional": "No",
        "indicativeRatingInd": "N",
        "definitiveRatingInd": null,
        "linkedAnotherActionInd": "No",
        "privateRatingActionInd": "N",
        "provisionalRatingInd": "N",
        "secondaryactionind": "No",
        "subsequentRatingInd": "N",
        "contactPersonId": null,
        "complianceType": "CAMS",
        "complianceID": "",
        "ratingShellId": null,
        "ratingShellDS": null,
        "workItemStatus": null,
        "workItemType": null,
        "workItemSubType": null,
        "workItemReleaseDtm": null,
        "pressReleaseId": null,
        "securityClassNm": null,
        "shadowCd": null,
        "pressReleaseType": null,
        "pyrRatingType": null,
        "pacrEmail": null,
        "pacr": null,
        "chairEmail": null,
        "chair": null,
        "addendum": null,
        "addendumEmail": null
    },
    {
        "sourceSystem": "ACCURATE",
        "orgId": null,
        "ratingActionDesc": "Champion Iron Ltd.",
        "ratingActionID": "3460279",
        "ratingActionName": "Champion Iron Ltd.",
        "ratingCommitteeDate": "2020-09-24 00:00:00.0",
        "ratingOffice": "71",
        "ratingReleaseDate": "2020-09-25 17:30:25.0",
        "releaseDate": "2020-09-25 17:30:46.74",
        "lobname": "CFG",
        "sublobname": "CFG Regional",
        "region": "U.S.A. & Canada",
        "leadAnalystID": "7616",
        "leadAnalystName": "Demetra Koutsoukis",
        "leadAnalystUniqueId": "koutsoud",
        "analystEmail": "Jamie.Koutsoukis@moodys.com",
        "analystLocation": "Toronto - 70 York Street",
        "approverID": "29026422",
        "approverName": "Demetra Koutsoukis",
        "officeName": "Moody's Canada Inc.",
        "documentExceptionListingInd": "",
        "announcementInd": "",
        "automaticRating": "No",
        "definitiveRatingPrevProvisional": "No",
        "indicativeRatingInd": "Y",
        "definitiveRatingInd": null,
        "linkedAnotherActionInd": "No",
        "privateRatingActionInd": "Y",
        "provisionalRatingInd": "N",
        "secondaryactionind": "No",
        "subsequentRatingInd": "",
        "contactPersonId": null,
        "complianceType": "CAMS",
        "complianceID": "104523",
        "ratingShellId": null,
        "ratingShellDS": null,
        "workItemStatus": null,
        "workItemType": null,
        "workItemSubType": null,
        "workItemReleaseDtm": null,
        "pressReleaseId": null,
        "securityClassNm": null,
        "shadowCd": null,
        "pressReleaseType": null,
        "pyrRatingType": null,
        "pacrEmail": "Donald.Carter@moodys.com",
        "pacr": "Don Carter",
        "chairEmail": "Donald.Carter@moodys.com",
        "chair": "Don Carter",
        "addendum": "Vimal Selvaraju ",
        "addendumEmail": "SelvaraV@moodys.com"
    },
    {
        "sourceSystem": "ACCURATE",
        "orgId": null,
        "ratingActionDesc": "Tender Option Bond Trust (Deutsche Bank Liq.), SPEARs and LIFERs Certificates, Series 2015-XF1008 and Series 2015-XF1031",
        "ratingActionID": "3460339",
        "ratingActionName": "Tender Option Bond Trust (Deutsche Bank Liq.), SPEARs and LIFERs Certificates, Series 2015-XF1008 and Series 2015-XF1031",
        "ratingCommitteeDate": null,
        "ratingOffice": "51",
        "ratingReleaseDate": "2020-09-24 19:02:40.0",
        "releaseDate": "2020-09-24 19:02:47.886",
        "lobname": "PPIF",
        "sublobname": "Municipal Supported Products",
        "region": "U.S.A. & Canada",
        "leadAnalystID": "2312",
        "leadAnalystName": "Randy Matlosz",
        "leadAnalystUniqueId": "matloszr",
        "analystEmail": "Randy.Matlosz@moodys.com",
        "analystLocation": "New York - 7 World Trade Center",
        "approverID": null,
        "approverName": " ",
        "officeName": "Moody's Investors Service, Inc.",
        "documentExceptionListingInd": "Y",
        "announcementInd": "",
        "automaticRating": "Yes",
        "definitiveRatingPrevProvisional": "No",
        "indicativeRatingInd": "N",
        "definitiveRatingInd": null,
        "linkedAnotherActionInd": "No",
        "privateRatingActionInd": "N",
        "provisionalRatingInd": "N",
        "secondaryactionind": "No",
        "subsequentRatingInd": "N",
        "contactPersonId": null,
        "complianceType": "CAMS",
        "complianceID": "",
        "ratingShellId": null,
        "ratingShellDS": null,
        "workItemStatus": null,
        "workItemType": null,
        "workItemSubType": null,
        "workItemReleaseDtm": null,
        "pressReleaseId": null,
        "securityClassNm": null,
        "shadowCd": null,
        "pressReleaseType": null,
        "pyrRatingType": null,
        "pacrEmail": null,
        "pacr": null,
        "chairEmail": null,
        "chair": null,
        "addendum": null,
        "addendumEmail": null
    },
    {
        "sourceSystem": "ACCURATE",
        "orgId": null,
        "ratingActionDesc": "Federal Farm Credit Banks",
        "ratingActionID": "3460390",
        "ratingActionName": "Federal Farm Credit Banks",
        "ratingCommitteeDate": null,
        "ratingOffice": "51",
        "ratingReleaseDate": "2020-09-25 09:16:47.0",
        "releaseDate": "2020-09-25 09:17:05.88",
        "lobname": "FIG",
        "sublobname": "Banking",
        "region": "U.S.A. & Canada",
        "leadAnalystID": "1241",
        "leadAnalystName": "Allen Tischler",
        "leadAnalystUniqueId": "tischlea",
        "analystEmail": "Allen.Tischler@moodys.com",
        "analystLocation": "New York - 7 World Trade Center",
        "approverID": null,
        "approverName": " ",
        "officeName": "Moody's Investors Service, Inc.",
        "documentExceptionListingInd": "",
        "announcementInd": "",
        "automaticRating": "No",
        "definitiveRatingPrevProvisional": "No",
        "indicativeRatingInd": "N",
        "definitiveRatingInd": null,
        "linkedAnotherActionInd": "No",
        "privateRatingActionInd": "N",
        "provisionalRatingInd": "N",
        "secondaryactionind": "No",
        "subsequentRatingInd": "Y",
        "contactPersonId": null,
        "complianceType": "CAMS",
        "complianceID": "",
        "ratingShellId": null,
        "ratingShellDS": null,
        "workItemStatus": null,
        "workItemType": null,
        "workItemSubType": null,
        "workItemReleaseDtm": null,
        "pressReleaseId": null,
        "securityClassNm": null,
        "shadowCd": null,
        "pressReleaseType": null,
        "pyrRatingType": null,
        "pacrEmail": null,
        "pacr": null,
        "chairEmail": null,
        "chair": null,
        "addendum": null,
        "addendumEmail": null
    },
    {
        "sourceSystem": "ACCURATE",
        "orgId": null,
        "ratingActionDesc": "Federal Home Loan Banks",
        "ratingActionID": "3460401",
        "ratingActionName": "Federal Home Loan Banks",
        "ratingCommitteeDate": null,
        "ratingOffice": "51",
        "ratingReleaseDate": "2020-09-25 10:56:45.0",
        "releaseDate": "2020-09-25 10:57:03.19",
        "lobname": "FIG",
        "sublobname": "Banking",
        "region": "U.S.A. & Canada",
        "leadAnalystID": "1241",
        "leadAnalystName": "Allen Tischler",
        "leadAnalystUniqueId": "tischlea",
        "analystEmail": "Allen.Tischler@moodys.com",
        "analystLocation": "New York - 7 World Trade Center",
        "approverID": null,
        "approverName": " ",
        "officeName": "Moody's Investors Service, Inc.",
        "documentExceptionListingInd": "",
        "announcementInd": "",
        "automaticRating": "No",
        "definitiveRatingPrevProvisional": "No",
        "indicativeRatingInd": "N",
        "definitiveRatingInd": null,
        "linkedAnotherActionInd": "No",
        "privateRatingActionInd": "N",
        "provisionalRatingInd": "N",
        "secondaryactionind": "No",
        "subsequentRatingInd": "Y",
        "contactPersonId": null,
        "complianceType": "CAMS",
        "complianceID": "",
        "ratingShellId": null,
        "ratingShellDS": null,
        "workItemStatus": null,
        "workItemType": null,
        "workItemSubType": null,
        "workItemReleaseDtm": null,
        "pressReleaseId": null,
        "securityClassNm": null,
        "shadowCd": null,
        "pressReleaseType": null,
        "pyrRatingType": null,
        "pacrEmail": null,
        "pacr": null,
        "chairEmail": null,
        "chair": null,
        "addendum": null,
        "addendumEmail": null
    },
    {
        "sourceSystem": "ACCURATE",
        "orgId": null,
        "ratingActionDesc": "Moody's: No immediate impact on Tencent?s ratings from potential US WeChat measures",
        "ratingActionID": "3460405",
        "ratingActionName": "Moody's: No immediate impact on Tencent?s ratings from potential US WeChat measures",
        "ratingCommitteeDate": null,
        "ratingOffice": "72",
        "ratingReleaseDate": "2020-09-25 00:17:46.3",
        "releaseDate": "2020-09-25 00:17:46.333",
        "lobname": "CFG",
        "sublobname": "CFG Regional",
        "region": null,
        "leadAnalystID": "6959",
        "leadAnalystName": "Wai Choi",
        "leadAnalystUniqueId": "choiw",
        "analystEmail": "Wai.Choi@moodys.com",
        "analystLocation": "Hong Kong - One Pacific Place",
        "approverID": null,
        "approverName": " ",
        "officeName": "Moody's Investors Service Hong Kong Ltd.",
        "documentExceptionListingInd": "Y",
        "announcementInd": "Y",
        "automaticRating": "Yes",
        "definitiveRatingPrevProvisional": "No",
        "indicativeRatingInd": "N",
        "definitiveRatingInd": null,
        "linkedAnotherActionInd": "No",
        "privateRatingActionInd": "",
        "provisionalRatingInd": "N",
        "secondaryactionind": "No",
        "subsequentRatingInd": "",
        "contactPersonId": null,
        "complianceType": "CAMS",
        "complianceID": "",
        "ratingShellId": null,
        "ratingShellDS": null,
        "workItemStatus": null,
        "workItemType": null,
        "workItemSubType": null,
        "workItemReleaseDtm": null,
        "pressReleaseId": null,
        "securityClassNm": null,
        "shadowCd": null,
        "pressReleaseType": null,
        "pyrRatingType": null,
        "pacrEmail": null,
        "pacr": null,
        "chairEmail": null,
        "chair": null,
        "addendum": null,
        "addendumEmail": null
    },
    {
        "sourceSystem": "ACCURATE",
        "orgId": null,
        "ratingActionDesc": "Federal Home Loan Mortgage Corp.",
        "ratingActionID": "3460419",
        "ratingActionName": "Federal Home Loan Mortgage Corp.",
        "ratingCommitteeDate": null,
        "ratingOffice": "51",
        "ratingReleaseDate": "2020-09-25 12:06:17.0",
        "releaseDate": "2020-09-25 12:07:03.473",
        "lobname": "FIG",
        "sublobname": "Banking",
        "region": "U.S.A. & Canada",
        "leadAnalystID": "1600",
        "leadAnalystName": "Warren Kornfeld",
        "leadAnalystUniqueId": "kornfelw",
        "analystEmail": "Warren.Kornfeld@moodys.com",
        "analystLocation": "New York - 7 World Trade Center",
        "approverID": null,
        "approverName": " ",
        "officeName": "Moody's Investors Service, Inc.",
        "documentExceptionListingInd": "",
        "announcementInd": "",
        "automaticRating": "No",
        "definitiveRatingPrevProvisional": "No",
        "indicativeRatingInd": "N",
        "definitiveRatingInd": null,
        "linkedAnotherActionInd": "No",
        "privateRatingActionInd": "N",
        "provisionalRatingInd": "N",
        "secondaryactionind": "No",
        "subsequentRatingInd": "Y",
        "contactPersonId": null,
        "complianceType": "CAMS",
        "complianceID": "",
        "ratingShellId": null,
        "ratingShellDS": null,
        "workItemStatus": null,
        "workItemType": null,
        "workItemSubType": null,
        "workItemReleaseDtm": null,
        "pressReleaseId": null,
        "securityClassNm": null,
        "shadowCd": null,
        "pressReleaseType": null,
        "pyrRatingType": null,
        "pacrEmail": null,
        "pacr": null,
        "chairEmail": null,
        "chair": null,
        "addendum": null,
        "addendumEmail": null
    },
    {
        "sourceSystem": "ACCURATE",
        "orgId": null,
        "ratingActionDesc": "Asian Infrastructure Investment Bank (AIIB)",
        "ratingActionID": "3460470",
        "ratingActionName": "Asian Infrastructure Investment Bank (AIIB)",
        "ratingCommitteeDate": null,
        "ratingOffice": "81",
        "ratingReleaseDate": "2020-09-25 04:08:23.0",
        "releaseDate": "2020-09-25 04:08:32.513",
        "lobname": "SOV",
        "sublobname": "Sovereign",
        "region": "Asia Pacific",
        "leadAnalystID": "7896",
        "leadAnalystName": "Martin Petch",
        "leadAnalystUniqueId": "petm",
        "analystEmail": "Martin.Petch@moodys.com",
        "analystLocation": "Singapore - 50 Raffles Place #23-06",
        "approverID": null,
        "approverName": " ",
        "officeName": "Moody's Investors Service Singapore Pte. Ltd.",
        "documentExceptionListingInd": "",
        "announcementInd": "",
        "automaticRating": "No",
        "definitiveRatingPrevProvisional": "No",
        "indicativeRatingInd": "N",
        "definitiveRatingInd": null,
        "linkedAnotherActionInd": "No",
        "privateRatingActionInd": "N",
        "provisionalRatingInd": "N",
        "secondaryactionind": "No",
        "subsequentRatingInd": "Y",
        "contactPersonId": null,
        "complianceType": "CAMS",
        "complianceID": "",
        "ratingShellId": null,
        "ratingShellDS": null,
        "workItemStatus": null,
        "workItemType": null,
        "workItemSubType": null,
        "workItemReleaseDtm": null,
        "pressReleaseId": null,
        "securityClassNm": null,
        "shadowCd": null,
        "pressReleaseType": null,
        "pyrRatingType": null,
        "pacrEmail": null,
        "pacr": null,
        "chairEmail": null,
        "chair": null,
        "addendum": null,
        "addendumEmail": null
    },
    {
        "sourceSystem": "ACCURATE",
        "orgId": null,
        "ratingActionDesc": "Moody?s: Sinopec investment is credit positive for Binhai Investment",
        "ratingActionID": "3460485",
        "ratingActionName": "Moody?s: Sinopec investment is credit positive for Binhai Investment",
        "ratingCommitteeDate": null,
        "ratingOffice": "72",
        "ratingReleaseDate": "2020-09-25 08:29:10.106",
        "releaseDate": "2020-09-25 08:29:10.116",
        "lobname": "PPIF",
        "sublobname": "Infrastructure Finance",
        "region": null,
        "leadAnalystID": "7329",
        "leadAnalystName": "Wai Lok Li",
        "leadAnalystUniqueId": "liwa",
        "analystEmail": "Ada.Li@moodys.com",
        "analystLocation": "Hong Kong - One Pacific Place",
        "approverID": null,
        "approverName": " ",
        "officeName": "Moody's Investors Service Hong Kong Ltd.",
        "documentExceptionListingInd": "Y",
        "announcementInd": "Y",
        "automaticRating": "Yes",
        "definitiveRatingPrevProvisional": "No",
        "indicativeRatingInd": "N",
        "definitiveRatingInd": null,
        "linkedAnotherActionInd": "No",
        "privateRatingActionInd": "",
        "provisionalRatingInd": "N",
        "secondaryactionind": "No",
        "subsequentRatingInd": "",
        "contactPersonId": null,
        "complianceType": "CAMS",
        "complianceID": "",
        "ratingShellId": null,
        "ratingShellDS": null,
        "workItemStatus": null,
        "workItemType": null,
        "workItemSubType": null,
        "workItemReleaseDtm": null,
        "pressReleaseId": null,
        "securityClassNm": null,
        "shadowCd": null,
        "pressReleaseType": null,
        "pyrRatingType": null,
        "pacrEmail": null,
        "pacr": null,
        "chairEmail": null,
        "chair": null,
        "addendum": null,
        "addendumEmail": null
    },
    {
        "sourceSystem": "ACCURATE",
        "orgId": null,
        "ratingActionDesc": "Shinhan Bank",
        "ratingActionID": "3460489",
        "ratingActionName": "Shinhan Bank",
        "ratingCommitteeDate": null,
        "ratingOffice": "72",
        "ratingReleaseDate": "2020-09-25 03:40:13.0",
        "releaseDate": "2020-09-25 03:40:22.806",
        "lobname": "FIG",
        "sublobname": "Banking",
        "region": null,
        "leadAnalystID": "7889",
        "leadAnalystName": "Tae Jong Ok",
        "leadAnalystUniqueId": "okt",
        "analystEmail": "TaeJong.Ok@moodys.com",
        "analystLocation": "Hong Kong - One Pacific Place",
        "approverID": null,
        "approverName": " ",
        "officeName": "Moody's Investors Service Hong Kong Ltd.",
        "documentExceptionListingInd": "",
        "announcementInd": "",
        "automaticRating": "No",
        "definitiveRatingPrevProvisional": "No",
        "indicativeRatingInd": "N",
        "definitiveRatingInd": null,
        "linkedAnotherActionInd": "No",
        "privateRatingActionInd": "N",
        "provisionalRatingInd": "N",
        "secondaryactionind": "No",
        "subsequentRatingInd": "Y",
        "contactPersonId": null,
        "complianceType": "CAMS",
        "complianceID": "",
        "ratingShellId": null,
        "ratingShellDS": null,
        "workItemStatus": null,
        "workItemType": null,
        "workItemSubType": null,
        "workItemReleaseDtm": null,
        "pressReleaseId": null,
        "securityClassNm": null,
        "shadowCd": null,
        "pressReleaseType": null,
        "pyrRatingType": null,
        "pacrEmail": null,
        "pacr": null,
        "chairEmail": null,
        "chair": null,
        "addendum": null,
        "addendumEmail": null
    },
    {
        "sourceSystem": "ACCURATE",
        "orgId": null,
        "ratingActionDesc": "Oversea-Chinese Banking Corp Ltd",
        "ratingActionID": "3460508",
        "ratingActionName": "Oversea-Chinese Banking Corp Ltd",
        "ratingCommitteeDate": null,
        "ratingOffice": "81",
        "ratingReleaseDate": "2020-09-25 03:17:03.0",
        "releaseDate": "2020-09-25 03:17:13.21",
        "lobname": "FIG",
        "sublobname": "Banking",
        "region": "Asia Pacific",
        "leadAnalystID": "6362",
        "leadAnalystName": "Eugene Tarzimanov",
        "leadAnalystUniqueId": "tarzimae",
        "analystEmail": "Eugene.Tarzimanov@moodys.com",
        "analystLocation": "Singapore - 50 Raffles Place #23-06",
        "approverID": null,
        "approverName": " ",
        "officeName": "Moody's Investors Service Singapore Pte. Ltd.",
        "documentExceptionListingInd": "Y",
        "announcementInd": "",
        "automaticRating": "Yes",
        "definitiveRatingPrevProvisional": "No",
        "indicativeRatingInd": "N",
        "definitiveRatingInd": null,
        "linkedAnotherActionInd": "No",
        "privateRatingActionInd": "N",
        "provisionalRatingInd": "N",
        "secondaryactionind": "No",
        "subsequentRatingInd": "Y",
        "contactPersonId": null,
        "complianceType": "CAMS",
        "complianceID": "",
        "ratingShellId": null,
        "ratingShellDS": null,
        "workItemStatus": null,
        "workItemType": null,
        "workItemSubType": null,
        "workItemReleaseDtm": null,
        "pressReleaseId": null,
        "securityClassNm": null,
        "shadowCd": null,
        "pressReleaseType": null,
        "pyrRatingType": null,
        "pacrEmail": null,
        "pacr": null,
        "chairEmail": null,
        "chair": null,
        "addendum": null,
        "addendumEmail": null
    },
    {
        "sourceSystem": "ACCURATE",
        "orgId": null,
        "ratingActionDesc": "IBRD (World Bank)",
        "ratingActionID": "3460677",
        "ratingActionName": "IBRD (World Bank)",
        "ratingCommitteeDate": null,
        "ratingOffice": "51",
        "ratingReleaseDate": "2020-09-25 08:33:06.0",
        "releaseDate": "2020-09-25 08:33:12.37",
        "lobname": "SOV",
        "sublobname": "Sovereign",
        "region": "U.S.A. & Canada",
        "leadAnalystID": "7741",
        "leadAnalystName": "William Foster",
        "leadAnalystUniqueId": "fosterw",
        "analystEmail": "William.Foster@moodys.com",
        "analystLocation": "New York - 7 World Trade Center",
        "approverID": null,
        "approverName": " ",
        "officeName": "Moody's Investors Service, Inc.",
        "documentExceptionListingInd": "",
        "announcementInd": "",
        "automaticRating": "No",
        "definitiveRatingPrevProvisional": "No",
        "indicativeRatingInd": "N",
        "definitiveRatingInd": null,
        "linkedAnotherActionInd": "No",
        "privateRatingActionInd": "N",
        "provisionalRatingInd": "N",
        "secondaryactionind": "No",
        "subsequentRatingInd": "Y",
        "contactPersonId": null,
        "complianceType": "CAMS",
        "complianceID": "",
        "ratingShellId": null,
        "ratingShellDS": null,
        "workItemStatus": null,
        "workItemType": null,
        "workItemSubType": null,
        "workItemReleaseDtm": null,
        "pressReleaseId": null,
        "securityClassNm": null,
        "shadowCd": null,
        "pressReleaseType": null,
        "pyrRatingType": null,
        "pacrEmail": null,
        "pacr": null,
        "chairEmail": null,
        "chair": null,
        "addendum": null,
        "addendumEmail": null
    },
    {
        "sourceSystem": "ACCURATE",
        "orgId": null,
        "ratingActionDesc": "BMW Japan Finance Corp.",
        "ratingActionID": "3460705",
        "ratingActionName": "BMW Japan Finance Corp.",
        "ratingCommitteeDate": null,
        "ratingOffice": "41",
        "ratingReleaseDate": "2020-09-25 09:07:52.0",
        "releaseDate": "2020-09-25 09:08:01.42",
        "lobname": "CFG",
        "sublobname": "CFG Regional",
        "region": "Europe",
        "leadAnalystID": "7053",
        "leadAnalystName": "Matthias Heck",
        "leadAnalystUniqueId": "heckm",
        "analystEmail": "Matthias.Heck@moodys.com",
        "analystLocation": "Frankfurt - An der Welle 5",
        "approverID": null,
        "approverName": " ",
        "officeName": "Moody's Deutschland GmbH",
        "documentExceptionListingInd": "",
        "announcementInd": "",
        "automaticRating": "No",
        "definitiveRatingPrevProvisional": "No",
        "indicativeRatingInd": "N",
        "definitiveRatingInd": null,
        "linkedAnotherActionInd": "No",
        "privateRatingActionInd": "N",
        "provisionalRatingInd": "N",
        "secondaryactionind": "No",
        "subsequentRatingInd": "Y",
        "contactPersonId": null,
        "complianceType": "CAMS",
        "complianceID": "",
        "ratingShellId": null,
        "ratingShellDS": null,
        "workItemStatus": null,
        "workItemType": null,
        "workItemSubType": null,
        "workItemReleaseDtm": null,
        "pressReleaseId": null,
        "securityClassNm": null,
        "shadowCd": null,
        "pressReleaseType": null,
        "pyrRatingType": null,
        "pacrEmail": null,
        "pacr": null,
        "chairEmail": null,
        "chair": null,
        "addendum": null,
        "addendumEmail": null
    },
    {
        "sourceSystem": "ACCURATE",
        "orgId": null,
        "ratingActionDesc": "Caja Rural de Navarra - Mortgage Covered Bonds",
        "ratingActionID": "3460748",
        "ratingActionName": "Caja Rural de Navarra - Mortgage Covered Bonds",
        "ratingCommitteeDate": null,
        "ratingOffice": "69",
        "ratingReleaseDate": "2020-09-25 09:51:22.0",
        "releaseDate": "2020-09-25 09:51:39.796",
        "lobname": "SFG",
        "sublobname": "NR-Covered Bonds",
        "region": "Europe",
        "leadAnalystID": "30891",
        "leadAnalystName": "Luis Romaguera Torres",
        "leadAnalystUniqueId": "torresl",
        "analystEmail": "Luis.Romaguera@moodys.com",
        "analystLocation": "Madrid - Calle Principe de Vergara, 131",
        "approverID": null,
        "approverName": " ",
        "officeName": "Moody's Investors Service Espana, S.A.",
        "documentExceptionListingInd": "Y",
        "announcementInd": "",
        "automaticRating": "No",
        "definitiveRatingPrevProvisional": "No",
        "indicativeRatingInd": "N",
        "definitiveRatingInd": null,
        "linkedAnotherActionInd": "No",
        "privateRatingActionInd": "N",
        "provisionalRatingInd": "N",
        "secondaryactionind": "No",
        "subsequentRatingInd": "Y",
        "contactPersonId": null,
        "complianceType": "CAMS",
        "complianceID": "",
        "ratingShellId": null,
        "ratingShellDS": null,
        "workItemStatus": null,
        "workItemType": null,
        "workItemSubType": null,
        "workItemReleaseDtm": null,
        "pressReleaseId": null,
        "securityClassNm": null,
        "shadowCd": null,
        "pressReleaseType": null,
        "pyrRatingType": null,
        "pacrEmail": null,
        "pacr": null,
        "chairEmail": null,
        "chair": null,
        "addendum": null,
        "addendumEmail": null
    },
    {
        "sourceSystem": "ACCURATE",
        "orgId": null,
        "ratingActionDesc": null,
        "ratingActionID": "3460915",
        "ratingActionName": "New Announcement - Azalea",
        "ratingCommitteeDate": null,
        "ratingOffice": "51",
        "ratingReleaseDate": "2020-09-25 17:03:29.146",
        "releaseDate": "2020-09-25 17:03:29.153",
        "lobname": "CFG",
        "sublobname": "CFG_NY-4",
        "region": "U.S.A. & Canada",
        "leadAnalystID": "31381",
        "leadAnalystName": "Farah Zakir",
        "leadAnalystUniqueId": "zakirf",
        "analystEmail": "Farah.Zakir@moodys.com",
        "analystLocation": "New York - 7 World Trade Center",
        "approverID": null,
        "approverName": " ",
        "officeName": "Moody's Investors Service, Inc.",
        "documentExceptionListingInd": "Y",
        "announcementInd": "Y",
        "automaticRating": "Yes",
        "definitiveRatingPrevProvisional": "No",
        "indicativeRatingInd": "N",
        "definitiveRatingInd": null,
        "linkedAnotherActionInd": "No",
        "privateRatingActionInd": "",
        "provisionalRatingInd": "N",
        "secondaryactionind": "No",
        "subsequentRatingInd": "",
        "contactPersonId": null,
        "complianceType": "CAMS",
        "complianceID": "",
        "ratingShellId": null,
        "ratingShellDS": null,
        "workItemStatus": null,
        "workItemType": null,
        "workItemSubType": null,
        "workItemReleaseDtm": null,
        "pressReleaseId": null,
        "securityClassNm": null,
        "shadowCd": null,
        "pressReleaseType": null,
        "pyrRatingType": null,
        "pacrEmail": null,
        "pacr": null,
        "chairEmail": null,
        "chair": null,
        "addendum": null,
        "addendumEmail": null
    },
    {
        "sourceSystem": "ACCURATE",
        "orgId": null,
        "ratingActionDesc": "St. John's, City of",
        "ratingActionID": "3460955",
        "ratingActionName": "St. John's, City of",
        "ratingCommitteeDate": null,
        "ratingOffice": "71",
        "ratingReleaseDate": "2020-09-25 14:25:54.0",
        "releaseDate": "2020-09-25 14:26:00.1",
        "lobname": "SOV",
        "sublobname": "Sub-Sovereign",
        "region": "U.S.A. & Canada",
        "leadAnalystID": "6728",
        "leadAnalystName": "Michael Yake",
        "leadAnalystUniqueId": "yakem",
        "analystEmail": "Michael.Yake@moodys.com",
        "analystLocation": "Toronto - 70 York Street",
        "approverID": null,
        "approverName": " ",
        "officeName": "Moody's Canada Inc.",
        "documentExceptionListingInd": "Y",
        "announcementInd": "",
        "automaticRating": "Yes",
        "definitiveRatingPrevProvisional": "No",
        "indicativeRatingInd": "N",
        "definitiveRatingInd": null,
        "linkedAnotherActionInd": "No",
        "privateRatingActionInd": "N",
        "provisionalRatingInd": "N",
        "secondaryactionind": "No",
        "subsequentRatingInd": "Y",
        "contactPersonId": null,
        "complianceType": "CAMS",
        "complianceID": "",
        "ratingShellId": null,
        "ratingShellDS": null,
        "workItemStatus": null,
        "workItemType": null,
        "workItemSubType": null,
        "workItemReleaseDtm": null,
        "pressReleaseId": null,
        "securityClassNm": null,
        "shadowCd": null,
        "pressReleaseType": null,
        "pyrRatingType": null,
        "pacrEmail": null,
        "pacr": null,
        "chairEmail": null,
        "chair": null,
        "addendum": null,
        "addendumEmail": null
    },
    {
        "sourceSystem": "ACCURATE",
        "orgId": null,
        "ratingActionDesc": "Swedish Export Credit Corporation",
        "ratingActionID": "3460962",
        "ratingActionName": "Swedish Export Credit Corporation",
        "ratingCommitteeDate": null,
        "ratingOffice": "128",
        "ratingReleaseDate": "2020-09-25 13:47:15.0",
        "releaseDate": "2020-09-25 13:47:21.773",
        "lobname": "FIG",
        "sublobname": "Banking",
        "region": "Europe",
        "leadAnalystID": "7742",
        "leadAnalystName": "Erik Niclas Boheman",
        "leadAnalystUniqueId": "bohemane",
        "analystEmail": "Niclas.Boheman@moodys.com",
        "analystLocation": "Stockholm- Norrlandsgatan 20",
        "approverID": null,
        "approverName": " ",
        "officeName": "Moody's Investors Service (Nordics) AB",
        "documentExceptionListingInd": "",
        "announcementInd": "",
        "automaticRating": "No",
        "definitiveRatingPrevProvisional": "No",
        "indicativeRatingInd": "N",
        "definitiveRatingInd": null,
        "linkedAnotherActionInd": "No",
        "privateRatingActionInd": "N",
        "provisionalRatingInd": "N",
        "secondaryactionind": "No",
        "subsequentRatingInd": "Y",
        "contactPersonId": null,
        "complianceType": "CAMS",
        "complianceID": "",
        "ratingShellId": null,
        "ratingShellDS": null,
        "workItemStatus": null,
        "workItemType": null,
        "workItemSubType": null,
        "workItemReleaseDtm": null,
        "pressReleaseId": null,
        "securityClassNm": null,
        "shadowCd": null,
        "pressReleaseType": null,
        "pyrRatingType": null,
        "pacrEmail": null,
        "pacr": null,
        "chairEmail": null,
        "chair": null,
        "addendum": null,
        "addendumEmail": null
    },
    {
        "sourceSystem": "ACCURATE",
        "orgId": null,
        "ratingActionDesc": null,
        "ratingActionID": "3461097",
        "ratingActionName": "New Announcement",
        "ratingCommitteeDate": null,
        "ratingOffice": "51",
        "ratingReleaseDate": "2020-09-25 17:30:37.63",
        "releaseDate": "2020-09-25 17:30:37.693",
        "lobname": "CFG",
        "sublobname": "CFG_NY-4",
        "region": "U.S.A. & Canada",
        "leadAnalystID": "387",
        "leadAnalystName": "Neil Begley",
        "leadAnalystUniqueId": "begleyn",
        "analystEmail": "Neil.Begley@moodys.com",
        "analystLocation": "New York - 7 World Trade Center",
        "approverID": null,
        "approverName": " ",
        "officeName": "Moody's Investors Service, Inc.",
        "documentExceptionListingInd": "Y",
        "announcementInd": "Y",
        "automaticRating": "Yes",
        "definitiveRatingPrevProvisional": "No",
        "indicativeRatingInd": "N",
        "definitiveRatingInd": null,
        "linkedAnotherActionInd": "No",
        "privateRatingActionInd": "",
        "provisionalRatingInd": "N",
        "secondaryactionind": "No",
        "subsequentRatingInd": "",
        "contactPersonId": null,
        "complianceType": "CAMS",
        "complianceID": "",
        "ratingShellId": null,
        "ratingShellDS": null,
        "workItemStatus": null,
        "workItemType": null,
        "workItemSubType": null,
        "workItemReleaseDtm": null,
        "pressReleaseId": null,
        "securityClassNm": null,
        "shadowCd": null,
        "pressReleaseType": null,
        "pyrRatingType": null,
        "pacrEmail": null,
        "pacr": null,
        "chairEmail": null,
        "chair": null,
        "addendum": null,
        "addendumEmail": null
    }
]

  Scenario: User calls web service to get rating actions for Accurate                                      # src/main/java/Feature/ACCURATE_NEW.feature:2
    Given web service returns rating actions for RatingRelInfoAccurate between dates 20200923 and 20200925 # ACCURATE_NEW.web_service_returns_rating_actions_for_RatingRelInfoAccurate_between_dates_and(int,int)
    When a user requests for rating release data for Accurate by Dates                                     # ACCURATE_NEW.a_user_requests_for_rating_release_data_for_Accurate_by_Dates()
    Then the status code is 200                                                                            # ACCURATE_NEW.the_status_code_is(int)
    And response includes the following                                                                    # ACCURATE_NEW.response_includes_the_following(String,String>)
      java.lang.AssertionError: 1 expectation failed.
      JSON path ratingActionID doesn't match.
      Expected: 3371271
        Actual: [3318759, 3325243, 3329509, 3346017, 3371271, 3373783, 3374052, 3375156, 3375170, 3375201, 3376075, 3381022, 3383907, 3383986, 3383993, 3385652, 3393481, 3394715, 3396934, 3398123, 3400065, 3400077, 3400293, 3401494, 3401900, 3402839, 3418986, 3423753, 3424413, 3424413, 3425278, 3427740, 3427744, 3430533, 3433947, 3436316, 3437129, 3437632, 3438113, 3438118, 3438122, 3438419, 3439369, 3440084, 3440169, 3440475, 3440651, 3440779, 3440975, 3441068, 3441084, 3441164, 3442303, 3442401, 3442407, 3442411, 3442415, 3442422, 3442424, 3442426, 3442456, 3442462, 3442467, 3442475, 3443596, 3443606, 3443708, 3443711, 3443718, 3443723, 3443801, 3443898, 3443902, 3443907, 3443909, 3443911, 3443915, 3443916, 3443918, 3443934, 3443936, 3443938, 3443951, 3444518, 3444522, 3444524, 3444528, 3444534, 3444541, 3444543, 3444547, 3444549, 3444553, 3444571, 3444573, 3444577, 3444579, 3444585, 3444590, 3444598, 3444608, 3444794, 3445302, 3445307, 3445309, 3445315, 3445319, 3445331, 3445333, 3445337, 3445341, 3445343, 3445347, 3445349, 3445352, 3445354, 3445368, 3445566, 3445581, 3445603, 3445682, 3446178, 3446283, 3446298, 3446334, 3446340, 3446621, 3446876, 3446909, 3446933, 3446941, 3446957, 3446964, 3446998, 3447107, 3447109, 3447135, 3447288, 3447292, 3447295, 3447310, 3447325, 3447330, 3447349, 3447382, 3447384, 3447491, 3447622, 3447655, 3447788, 3447833, 3448146, 3448634, 3448710, 3448840, 3448851, 3448869, 3448950, 3449634, 3449927, 3449945, 3449952, 3449957, 3449967, 3449971, 3449980, 3449984, 3450002, 3450029, 3450031, 3450040, 3450045, 3450050, 3450052, 3450060, 3450062, 3450066, 3450068, 3450070, 3450072, 3450075, 3450078, 3450080, 3450086, 3450088, 3450090, 3450092, 3450109, 3450111, 3450113, 3450115, 3450119, 3450185, 3450305, 3450523, 3450538, 3450633, 3450774, 3450781, 3450788, 3450798, 3450803, 3450814, 3450826, 3450842, 3450851, 3450866, 3451241, 3451349, 3451382, 3451390, 3451398, 3451401, 3451403, 3451440, 3451454, 3451558, 3451595, 3451607, 3451705, 3451732, 3451744, 3451758, 3451761, 3451767, 3451991, 3452012, 3452073, 3452090, 3452208, 3452210, 3452224, 3452234, 3452314, 3452322, 3452428, 3452545, 3452583, 3453288, 3453345, 3453355, 3453538, 3453544, 3453627, 3453658, 3453674, 3453708, 3453776, 3453788, 3453837, 3453844, 3453966, 3454082, 3454140, 3454176, 3454336, 3454338, 3454551, 3454560, 3454595, 3454640, 3454723, 3454919, 3454941, 3455062, 3455070, 3455072, 3455082, 3455098, 3455121, 3455128, 3455139, 3455152, 3455154, 3455359, 3455363, 3455386, 3455396, 3455469, 3455493, 3455495, 3455513, 3455581, 3455585, 3455591, 3455620, 3456086, 3456178, 3456198, 3456222, 3456232, 3456367, 3456476, 3456502, 3456506, 3456538, 3456551, 3456590, 3456763, 3456772, 3456779, 3456798, 3456851, 3456859, 3456884, 3456912, 3456915, 3456933, 3456941, 3456941, 3456949, 3456963, 3456967, 3456980, 3456984, 3457009, 3457019, 3457064, 3457109, 3457189, 3457257, 3457265, 3457334, 3457337, 3457380, 3457470, 3457508, 3457516, 3457670, 3457681, 3457730, 3457736, 3457759, 3457816, 3457841, 3457921, 3458014, 3458018, 3458021, 3458031, 3458099, 3458185, 3458198, 3458245, 3458260, 3458284, 3458286, 3458319, 3458327, 3458331, 3458333, 3458339, 3458377, 3458384, 3458402, 3458407, 3458427, 3458464, 3458468, 3458477, 3458485, 3458665, 3458668, 3458676, 3458683, 3458718, 3458726, 3458734, 3458755, 3458797, 3458799, 3458808, 3458857, 3458881, 3458885, 3458892, 3458896, 3458898, 3458932, 3458937, 3458967, 3458971, 3458974, 3458993, 3458999, 3458999, 3459003, 3459035, 3459038, 3459040, 3459045, 3459048, 3459072, 3459079, 3459103, 3459115, 3459130, 3459137, 3459139, 3459146, 3459148, 3459180, 3459184, 3459219, 3459301, 3459369, 3459383, 3459405, 3459409, 3459411, 3459425, 3459428, 3459453, 3459455, 3459473, 3459489, 3459495, 3459525, 3459549, 3459785, 3459800, 3459803, 3459812, 3459818, 3459825, 3459833, 3459855, 3459896, 3459909, 3459934, 3459950, 3459968, 3459985, 3459987, 3460005, 3460015, 3460030, 3460036, 3460039, 3460050, 3460053, 3460056, 3460074, 3460082, 3460086, 3460090, 3460093, 3460107, 3460158, 3460184, 3460227, 3460264, 3460279, 3460339, 3460390, 3460401, 3460405, 3460419, 3460470, 3460485, 3460489, 3460508, 3460677, 3460705, 3460748, 3460915, 3460955, 3460962, 3461097]
      
      	at sun.reflect.NativeConstructorAccessorImpl.newInstance0(Native Method)
      	at sun.reflect.NativeConstructorAccessorImpl.newInstance(NativeConstructorAccessorImpl.java:62)
      	at sun.reflect.DelegatingConstructorAccessorImpl.newInstance(DelegatingConstructorAccessorImpl.java:45)
      	at java.lang.reflect.Constructor.newInstance(Constructor.java:423)
      	at org.codehaus.groovy.reflection.CachedConstructor.invoke(CachedConstructor.java:83)
      	at org.codehaus.groovy.reflection.CachedConstructor.doConstructorInvoke(CachedConstructor.java:77)
      	at org.codehaus.groovy.runtime.callsite.ConstructorSite$ConstructorSiteNoUnwrap.callConstructor(ConstructorSite.java:84)
      	at org.codehaus.groovy.runtime.callsite.CallSiteArray.defaultCallConstructor(CallSiteArray.java:59)
      	at org.codehaus.groovy.runtime.callsite.AbstractCallSite.callConstructor(AbstractCallSite.java:238)
      	at org.codehaus.groovy.runtime.callsite.AbstractCallSite.callConstructor(AbstractCallSite.java:250)
      	at io.restassured.internal.ResponseSpecificationImpl$HamcrestAssertionClosure.validate(ResponseSpecificationImpl.groovy:494)
      	at io.restassured.internal.ResponseSpecificationImpl$HamcrestAssertionClosure$validate$1.call(Unknown Source)
      	at io.restassured.internal.ResponseSpecificationImpl.validateResponseIfRequired(ResponseSpecificationImpl.groovy:656)
      	at sun.reflect.NativeMethodAccessorImpl.invoke0(Native Method)
      	at sun.reflect.NativeMethodAccessorImpl.invoke(NativeMethodAccessorImpl.java:62)
      	at sun.reflect.DelegatingMethodAccessorImpl.invoke(DelegatingMethodAccessorImpl.java:43)
      	at java.lang.reflect.Method.invoke(Method.java:498)
      	at org.codehaus.groovy.runtime.callsite.PogoMetaMethodSite$PogoCachedMethodSiteNoUnwrapNoCoerce.invoke(PogoMetaMethodSite.java:210)
      	at org.codehaus.groovy.runtime.callsite.PogoMetaMethodSite.callCurrent(PogoMetaMethodSite.java:59)
      	at org.codehaus.groovy.runtime.callsite.CallSiteArray.defaultCallCurrent(CallSiteArray.java:51)
      	at org.codehaus.groovy.runtime.callsite.AbstractCallSite.callCurrent(AbstractCallSite.java:157)
      	at org.codehaus.groovy.runtime.callsite.AbstractCallSite.callCurrent(AbstractCallSite.java:169)
      	at io.restassured.internal.ResponseSpecificationImpl.content(ResponseSpecificationImpl.groovy:277)
      	at io.restassured.specification.ResponseSpecification$content$1.callCurrent(Unknown Source)
      	at org.codehaus.groovy.runtime.callsite.CallSiteArray.defaultCallCurrent(CallSiteArray.java:51)
      	at org.codehaus.groovy.runtime.callsite.AbstractCallSite.callCurrent(AbstractCallSite.java:157)
      	at org.codehaus.groovy.runtime.callsite.AbstractCallSite.callCurrent(AbstractCallSite.java:193)
      	at io.restassured.internal.ResponseSpecificationImpl.body(ResponseSpecificationImpl.groovy:260)
      	at io.restassured.internal.ValidatableResponseOptionsImpl.body(ValidatableResponseOptionsImpl.java:274)
      	at com.moodys.meerqats.stepdefinitions.ACCURATE_NEW.response_includes_the_following(ACCURATE_NEW.java:48)
      	at ?.And response includes the following(src/main/java/Feature/ACCURATE_NEW.feature:6)

    And response includes the following in any order                                                       # ACCURATE_NEW.response_includes_the_following_in_any_order(String,String>)
]]></system-out>
  </testcase>
</testsuite>