<?xml version="1.0" encoding="UTF-8"?>
<!-- Generated by org.testng.reporters.JUnitReportReporter -->
<testsuite skipped="0" hostname="DESKTOP-MDBLIRD" name="com.moodys.meerqats.testrunner.Resttestrunner" tests="4" failures="0" timestamp="11 Sep 2020 11:51:45 GMT" time="171.614" errors="0">
  <testcase name="feature" time="0.026" classname="com.moodys.meerqats.testrunner.Resttestrunner"/>
  <testcase name="feature" time="3.277" classname="com.moodys.meerqats.testrunner.Resttestrunner"/>
  <testcase name="feature" time="114.822" classname="com.moodys.meerqats.testrunner.Resttestrunner"/>
  <testcase name="feature" time="53.489" classname="com.moodys.meerqats.testrunner.Resttestrunner"/>
</testsuite> <!-- com.moodys.meerqats.testrunner.Resttestrunner -->
