<?xml version="1.0" encoding="UTF-8"?>
<!-- Generated by org.testng.reporters.JUnitReportReporter -->
<testsuite skipped="0" hostname="DESKTOP-MDBLIRD" name="com.moodys.meerqats.testrunner.Resttestrunner" tests="3" failures="0" timestamp="06 Sep 2020 16:29:56 GMT" time="164.966" errors="0">
  <testcase name="feature" time="0.025" classname="com.moodys.meerqats.testrunner.Resttestrunner"/>
  <testcase name="feature" time="112.271" classname="com.moodys.meerqats.testrunner.Resttestrunner"/>
  <testcase name="feature" time="52.670" classname="com.moodys.meerqats.testrunner.Resttestrunner"/>
</testsuite> <!-- com.moodys.meerqats.testrunner.Resttestrunner -->
