<?xml version="1.0" encoding="UTF-8"?>
<!-- Generated by org.testng.reporters.JUnitReportReporter -->
<testsuite skipped="0" hostname="DESKTOP-MDBLIRD" name="com.moodys.meerqats.testrunner.Resttestrunner" tests="2" failures="0" timestamp="02 Sep 2020 18:31:23 GMT" time="307.682" errors="0">
  <testcase name="feature" time="251.413" classname="com.moodys.meerqats.testrunner.Resttestrunner"/>
  <testcase name="feature" time="56.269" classname="com.moodys.meerqats.testrunner.Resttestrunner"/>
</testsuite> <!-- com.moodys.meerqats.testrunner.Resttestrunner -->
