<?xml version="1.0" encoding="UTF-8"?>
<!-- Generated by org.testng.reporters.JUnitReportReporter -->
<testsuite skipped="0" hostname="DESKTOP-MDBLIRD" name="com.moodys.meerqats.testrunner.Resttestrunner" tests="4" failures="0" timestamp="22 Sep 2020 16:45:50 GMT" time="300.555" errors="0">
  <testcase name="feature" time="152.919" classname="com.moodys.meerqats.testrunner.Resttestrunner"/>
  <testcase name="feature" time="0.026" classname="com.moodys.meerqats.testrunner.Resttestrunner"/>
  <testcase name="feature" time="3.301" classname="com.moodys.meerqats.testrunner.Resttestrunner"/>
  <testcase name="feature" time="144.309" classname="com.moodys.meerqats.testrunner.Resttestrunner"/>
</testsuite> <!-- com.moodys.meerqats.testrunner.Resttestrunner -->
