<?xml version="1.0" encoding="UTF-8"?>
<!-- Generated by org.testng.reporters.JUnitReportReporter -->
<testsuite skipped="0" hostname="DESKTOP-MDBLIRD" name="com.moodys.meerqats.testrunner.Resttestrunner" tests="4" failures="0" timestamp="10 Sep 2020 13:32:58 GMT" time="202.506" errors="0">
  <testcase name="feature" time="139.555" classname="com.moodys.meerqats.testrunner.Resttestrunner"/>
  <testcase name="feature" time="0.032" classname="com.moodys.meerqats.testrunner.Resttestrunner"/>
  <testcase name="feature" time="5.664" classname="com.moodys.meerqats.testrunner.Resttestrunner"/>
  <testcase name="feature" time="57.255" classname="com.moodys.meerqats.testrunner.Resttestrunner"/>
</testsuite> <!-- com.moodys.meerqats.testrunner.Resttestrunner -->
