<?xml version="1.0" encoding="UTF-8"?>
<!-- Generated by org.testng.reporters.JUnitReportReporter -->
<testsuite skipped="0" hostname="DESKTOP-MDBLIRD" name="com.moodys.meerqats.testrunner.Resttestrunner" tests="2" failures="0" timestamp="21 Sep 2020 07:01:27 GMT" time="157.749" errors="0">
  <testcase name="feature" time="3.907" classname="com.moodys.meerqats.testrunner.Resttestrunner"/>
  <testcase name="feature" time="153.842" classname="com.moodys.meerqats.testrunner.Resttestrunner"/>
</testsuite> <!-- com.moodys.meerqats.testrunner.Resttestrunner -->
