<?xml version="1.0" encoding="UTF-8"?>
<!-- Generated by org.testng.reporters.JUnitReportReporter -->
<testsuite skipped="0" hostname="DESKTOP-MDBLIRD" name="com.moodys.meerqats.testrunner.Resttestrunner" tests="4" failures="0" timestamp="09 Sep 2020 12:30:12 GMT" time="178.844" errors="0">
  <testcase name="feature" time="120.005" classname="com.moodys.meerqats.testrunner.Resttestrunner"/>
  <testcase name="feature" time="0.040" classname="com.moodys.meerqats.testrunner.Resttestrunner"/>
  <testcase name="feature" time="5.156" classname="com.moodys.meerqats.testrunner.Resttestrunner"/>
  <testcase name="feature" time="53.643" classname="com.moodys.meerqats.testrunner.Resttestrunner"/>
</testsuite> <!-- com.moodys.meerqats.testrunner.Resttestrunner -->
