<?xml version="1.0" encoding="UTF-8"?>
<!-- Generated by org.testng.reporters.JUnitReportReporter -->
<testsuite skipped="0" hostname="DESKTOP-MDBLIRD" name="com.moodys.meerqats.testrunner.Resttestrunner" tests="1" failures="0" timestamp="28 Sep 2020 12:31:13 GMT" time="167.066" errors="0">
  <testcase name="feature" time="167.066" classname="com.moodys.meerqats.testrunner.Resttestrunner"/>
</testsuite> <!-- com.moodys.meerqats.testrunner.Resttestrunner -->
